[2025-02-27T09:33:18.723+0000] {taskinstance.py:1956} INFO - Dependencies all met for dep_context=non-requeueable deps ti=<TaskInstance: 3_4_2_homework_assignment.transform_data_task scheduled__2024-01-06T00:00:00+00:00 [queued]>
[2025-02-27T09:33:18.727+0000] {taskinstance.py:1956} INFO - Dependencies all met for dep_context=requeueable deps ti=<TaskInstance: 3_4_2_homework_assignment.transform_data_task scheduled__2024-01-06T00:00:00+00:00 [queued]>
[2025-02-27T09:33:18.728+0000] {taskinstance.py:2170} INFO - Starting attempt 1 of 1
[2025-02-27T09:33:18.737+0000] {taskinstance.py:2191} INFO - Executing <Task(PythonOperator): transform_data_task> on 2024-01-06 00:00:00+00:00
[2025-02-27T09:33:18.741+0000] {standard_task_runner.py:60} INFO - Started process 354 to run task
[2025-02-27T09:33:18.743+0000] {standard_task_runner.py:87} INFO - Running: ['airflow', 'tasks', 'run', '3_4_2_homework_assignment', 'transform_data_task', 'scheduled__2024-01-06T00:00:00+00:00', '--job-id', '13', '--raw', '--subdir', 'DAGS_FOLDER/3_4_2_homework_assignment.py', '--cfg-path', '/tmp/tmp9kmi26y5']
[2025-02-27T09:33:18.744+0000] {standard_task_runner.py:88} INFO - Job 13: Subtask transform_data_task
[2025-02-27T09:33:18.768+0000] {task_command.py:423} INFO - Running <TaskInstance: 3_4_2_homework_assignment.transform_data_task scheduled__2024-01-06T00:00:00+00:00 [running]> on host ea5964584459
[2025-02-27T09:33:18.805+0000] {taskinstance.py:2480} INFO - Exporting env vars: AIRFLOW_CTX_DAG_OWNER='airflow' AIRFLOW_CTX_DAG_ID='3_4_2_homework_assignment' AIRFLOW_CTX_TASK_ID='transform_data_task' AIRFLOW_CTX_EXECUTION_DATE='2024-01-06T00:00:00+00:00' AIRFLOW_CTX_TRY_NUMBER='1' AIRFLOW_CTX_DAG_RUN_ID='scheduled__2024-01-06T00:00:00+00:00'
[2025-02-27T09:33:18.806+0000] {taskinstance.py:2698} ERROR - Task failed with exception
Traceback (most recent call last):
  File "/home/airflow/.local/lib/python3.9/site-packages/airflow/models/taskinstance.py", line 433, in _execute_task
    result = execute_callable(context=context, **execute_callable_kwargs)
  File "/home/airflow/.local/lib/python3.9/site-packages/airflow/operators/python.py", line 199, in execute
    return_value = self.execute_callable()
  File "/home/airflow/.local/lib/python3.9/site-packages/airflow/operators/python.py", line 216, in execute_callable
    return self.python_callable(*self.op_args, **self.op_kwargs)
  File "/opt/airflow/dags/3_4_2_homework_assignment.py", line 56, in transform_data
    current = request_json["source"]
KeyError: 'source'
[2025-02-27T09:33:18.810+0000] {taskinstance.py:1138} INFO - Marking task as FAILED. dag_id=3_4_2_homework_assignment, task_id=transform_data_task, execution_date=20240106T000000, start_date=20250227T093318, end_date=20250227T093318
[2025-02-27T09:33:18.818+0000] {standard_task_runner.py:107} ERROR - Failed to execute job 13 for task transform_data_task ('source'; 354)
[2025-02-27T09:33:18.836+0000] {local_task_job_runner.py:234} INFO - Task exited with return code 1
[2025-02-27T09:35:30.823+0000] {taskinstance.py:1956} INFO - Dependencies all met for dep_context=non-requeueable deps ti=<TaskInstance: 3_4_2_homework_assignment.transform_data_task scheduled__2024-01-06T00:00:00+00:00 [queued]>
[2025-02-27T09:35:30.827+0000] {taskinstance.py:1956} INFO - Dependencies all met for dep_context=requeueable deps ti=<TaskInstance: 3_4_2_homework_assignment.transform_data_task scheduled__2024-01-06T00:00:00+00:00 [queued]>
[2025-02-27T09:35:30.828+0000] {taskinstance.py:2170} INFO - Starting attempt 1 of 1
[2025-02-27T09:35:30.838+0000] {taskinstance.py:2191} INFO - Executing <Task(PythonOperator): transform_data_task> on 2024-01-06 00:00:00+00:00
[2025-02-27T09:35:30.842+0000] {standard_task_runner.py:60} INFO - Started process 713 to run task
[2025-02-27T09:35:30.844+0000] {standard_task_runner.py:87} INFO - Running: ['airflow', 'tasks', 'run', '3_4_2_homework_assignment', 'transform_data_task', 'scheduled__2024-01-06T00:00:00+00:00', '--job-id', '13', '--raw', '--subdir', 'DAGS_FOLDER/3_4_2_homework_assignment.py', '--cfg-path', '/tmp/tmpzy4q142u']
[2025-02-27T09:35:30.845+0000] {standard_task_runner.py:88} INFO - Job 13: Subtask transform_data_task
[2025-02-27T09:35:30.869+0000] {task_command.py:423} INFO - Running <TaskInstance: 3_4_2_homework_assignment.transform_data_task scheduled__2024-01-06T00:00:00+00:00 [running]> on host ea5964584459
[2025-02-27T09:35:30.905+0000] {taskinstance.py:2480} INFO - Exporting env vars: AIRFLOW_CTX_DAG_OWNER='airflow' AIRFLOW_CTX_DAG_ID='3_4_2_homework_assignment' AIRFLOW_CTX_TASK_ID='transform_data_task' AIRFLOW_CTX_EXECUTION_DATE='2024-01-06T00:00:00+00:00' AIRFLOW_CTX_TRY_NUMBER='1' AIRFLOW_CTX_DAG_RUN_ID='scheduled__2024-01-06T00:00:00+00:00'
[2025-02-27T09:35:30.906+0000] {taskinstance.py:2698} ERROR - Task failed with exception
Traceback (most recent call last):
  File "/home/airflow/.local/lib/python3.9/site-packages/airflow/models/taskinstance.py", line 433, in _execute_task
    result = execute_callable(context=context, **execute_callable_kwargs)
  File "/home/airflow/.local/lib/python3.9/site-packages/airflow/operators/python.py", line 199, in execute
    return_value = self.execute_callable()
  File "/home/airflow/.local/lib/python3.9/site-packages/airflow/operators/python.py", line 216, in execute_callable
    return self.python_callable(*self.op_args, **self.op_kwargs)
  File "/opt/airflow/dags/3_4_2_homework_assignment.py", line 56, in transform_data
    current = request_json["source"]
KeyError: 'source'
[2025-02-27T09:35:30.910+0000] {taskinstance.py:1138} INFO - Marking task as FAILED. dag_id=3_4_2_homework_assignment, task_id=transform_data_task, execution_date=20240106T000000, start_date=20250227T093530, end_date=20250227T093530
[2025-02-27T09:35:30.917+0000] {standard_task_runner.py:107} ERROR - Failed to execute job 13 for task transform_data_task ('source'; 713)
[2025-02-27T09:35:30.936+0000] {local_task_job_runner.py:234} INFO - Task exited with return code 1
[2025-02-27T09:40:26.802+0000] {taskinstance.py:1956} INFO - Dependencies all met for dep_context=non-requeueable deps ti=<TaskInstance: 3_4_2_homework_assignment.transform_data_task scheduled__2024-01-06T00:00:00+00:00 [queued]>
[2025-02-27T09:40:26.807+0000] {taskinstance.py:1956} INFO - Dependencies all met for dep_context=requeueable deps ti=<TaskInstance: 3_4_2_homework_assignment.transform_data_task scheduled__2024-01-06T00:00:00+00:00 [queued]>
[2025-02-27T09:40:26.807+0000] {taskinstance.py:2170} INFO - Starting attempt 1 of 1
[2025-02-27T09:40:26.817+0000] {taskinstance.py:2191} INFO - Executing <Task(PythonOperator): transform_data_task> on 2024-01-06 00:00:00+00:00
[2025-02-27T09:40:26.822+0000] {standard_task_runner.py:60} INFO - Started process 1116 to run task
[2025-02-27T09:40:26.824+0000] {standard_task_runner.py:87} INFO - Running: ['airflow', 'tasks', 'run', '3_4_2_homework_assignment', 'transform_data_task', 'scheduled__2024-01-06T00:00:00+00:00', '--job-id', '13', '--raw', '--subdir', 'DAGS_FOLDER/3_4_2_homework_assignment.py', '--cfg-path', '/tmp/tmp719bgtja']
[2025-02-27T09:40:26.825+0000] {standard_task_runner.py:88} INFO - Job 13: Subtask transform_data_task
[2025-02-27T09:40:26.850+0000] {task_command.py:423} INFO - Running <TaskInstance: 3_4_2_homework_assignment.transform_data_task scheduled__2024-01-06T00:00:00+00:00 [running]> on host ea5964584459
[2025-02-27T09:40:26.890+0000] {taskinstance.py:2480} INFO - Exporting env vars: AIRFLOW_CTX_DAG_OWNER='airflow' AIRFLOW_CTX_DAG_ID='3_4_2_homework_assignment' AIRFLOW_CTX_TASK_ID='transform_data_task' AIRFLOW_CTX_EXECUTION_DATE='2024-01-06T00:00:00+00:00' AIRFLOW_CTX_TRY_NUMBER='1' AIRFLOW_CTX_DAG_RUN_ID='scheduled__2024-01-06T00:00:00+00:00'
[2025-02-27T09:40:26.892+0000] {taskinstance.py:2698} ERROR - Task failed with exception
Traceback (most recent call last):
  File "/home/airflow/.local/lib/python3.9/site-packages/airflow/models/taskinstance.py", line 433, in _execute_task
    result = execute_callable(context=context, **execute_callable_kwargs)
  File "/home/airflow/.local/lib/python3.9/site-packages/airflow/operators/python.py", line 199, in execute
    return_value = self.execute_callable()
  File "/home/airflow/.local/lib/python3.9/site-packages/airflow/operators/python.py", line 216, in execute_callable
    return self.python_callable(*self.op_args, **self.op_kwargs)
  File "/opt/airflow/dags/3_4_2_homework_assignment.py", line 56, in transform_data
    current = request_json["source"]
KeyError: 'source'
[2025-02-27T09:40:26.896+0000] {taskinstance.py:1138} INFO - Marking task as FAILED. dag_id=3_4_2_homework_assignment, task_id=transform_data_task, execution_date=20240106T000000, start_date=20250227T094026, end_date=20250227T094026
[2025-02-27T09:40:26.903+0000] {standard_task_runner.py:107} ERROR - Failed to execute job 13 for task transform_data_task ('source'; 1116)
[2025-02-27T09:40:26.918+0000] {local_task_job_runner.py:234} INFO - Task exited with return code 1
[2025-02-27T09:50:42.500+0000] {taskinstance.py:1956} INFO - Dependencies all met for dep_context=non-requeueable deps ti=<TaskInstance: 3_4_2_homework_assignment.transform_data_task scheduled__2024-01-06T00:00:00+00:00 [queued]>
[2025-02-27T09:50:42.504+0000] {taskinstance.py:1956} INFO - Dependencies all met for dep_context=requeueable deps ti=<TaskInstance: 3_4_2_homework_assignment.transform_data_task scheduled__2024-01-06T00:00:00+00:00 [queued]>
[2025-02-27T09:50:42.504+0000] {taskinstance.py:2170} INFO - Starting attempt 1 of 1
[2025-02-27T09:50:42.514+0000] {taskinstance.py:2191} INFO - Executing <Task(PythonOperator): transform_data_task> on 2024-01-06 00:00:00+00:00
[2025-02-27T09:50:42.518+0000] {standard_task_runner.py:60} INFO - Started process 2357 to run task
[2025-02-27T09:50:42.520+0000] {standard_task_runner.py:87} INFO - Running: ['airflow', 'tasks', 'run', '3_4_2_homework_assignment', 'transform_data_task', 'scheduled__2024-01-06T00:00:00+00:00', '--job-id', '18', '--raw', '--subdir', 'DAGS_FOLDER/3_4_2_homework_assignment.py', '--cfg-path', '/tmp/tmp62opsjbu']
[2025-02-27T09:50:42.522+0000] {standard_task_runner.py:88} INFO - Job 18: Subtask transform_data_task
[2025-02-27T09:50:42.548+0000] {task_command.py:423} INFO - Running <TaskInstance: 3_4_2_homework_assignment.transform_data_task scheduled__2024-01-06T00:00:00+00:00 [running]> on host ea5964584459
[2025-02-27T09:50:42.587+0000] {taskinstance.py:2480} INFO - Exporting env vars: AIRFLOW_CTX_DAG_OWNER='airflow' AIRFLOW_CTX_DAG_ID='3_4_2_homework_assignment' AIRFLOW_CTX_TASK_ID='transform_data_task' AIRFLOW_CTX_EXECUTION_DATE='2024-01-06T00:00:00+00:00' AIRFLOW_CTX_TRY_NUMBER='1' AIRFLOW_CTX_DAG_RUN_ID='scheduled__2024-01-06T00:00:00+00:00'
[2025-02-27T09:50:42.588+0000] {taskinstance.py:2698} ERROR - Task failed with exception
Traceback (most recent call last):
  File "/home/airflow/.local/lib/python3.9/site-packages/airflow/models/taskinstance.py", line 433, in _execute_task
    result = execute_callable(context=context, **execute_callable_kwargs)
  File "/home/airflow/.local/lib/python3.9/site-packages/airflow/operators/python.py", line 199, in execute
    return_value = self.execute_callable()
  File "/home/airflow/.local/lib/python3.9/site-packages/airflow/operators/python.py", line 216, in execute_callable
    return self.python_callable(*self.op_args, **self.op_kwargs)
  File "/opt/airflow/dags/3_4_2_homework_assignment.py", line 66, in transform_data
    raise KeyError(f"Ключ '{key}' отсутствует в JSON-файле: {s_file}")
KeyError: "Ключ 'source' отсутствует в JSON-файле: extracted_data.json"
[2025-02-27T09:50:42.592+0000] {taskinstance.py:1138} INFO - Marking task as FAILED. dag_id=3_4_2_homework_assignment, task_id=transform_data_task, execution_date=20240106T000000, start_date=20250227T095042, end_date=20250227T095042
[2025-02-27T09:50:42.599+0000] {standard_task_runner.py:107} ERROR - Failed to execute job 18 for task transform_data_task ("Ключ 'source' отсутствует в JSON-файле: extracted_data.json"; 2357)
[2025-02-27T09:50:42.613+0000] {local_task_job_runner.py:234} INFO - Task exited with return code 1
[2025-02-27T09:50:42.622+0000] {taskinstance.py:3280} INFO - 0 downstream tasks scheduled from follow-on schedule check
[2025-02-27T09:55:01.086+0000] {taskinstance.py:1956} INFO - Dependencies all met for dep_context=non-requeueable deps ti=<TaskInstance: 3_4_2_homework_assignment.transform_data_task scheduled__2024-01-06T00:00:00+00:00 [queued]>
[2025-02-27T09:55:01.091+0000] {taskinstance.py:1956} INFO - Dependencies all met for dep_context=requeueable deps ti=<TaskInstance: 3_4_2_homework_assignment.transform_data_task scheduled__2024-01-06T00:00:00+00:00 [queued]>
[2025-02-27T09:55:01.092+0000] {taskinstance.py:2170} INFO - Starting attempt 1 of 1
[2025-02-27T09:55:01.102+0000] {taskinstance.py:2191} INFO - Executing <Task(PythonOperator): transform_data_task> on 2024-01-06 00:00:00+00:00
[2025-02-27T09:55:01.107+0000] {standard_task_runner.py:60} INFO - Started process 2935 to run task
[2025-02-27T09:55:01.110+0000] {standard_task_runner.py:87} INFO - Running: ['airflow', 'tasks', 'run', '3_4_2_homework_assignment', 'transform_data_task', 'scheduled__2024-01-06T00:00:00+00:00', '--job-id', '18', '--raw', '--subdir', 'DAGS_FOLDER/3_4_2_homework_assignment.py', '--cfg-path', '/tmp/tmpbsshnk2g']
[2025-02-27T09:55:01.111+0000] {standard_task_runner.py:88} INFO - Job 18: Subtask transform_data_task
[2025-02-27T09:55:01.137+0000] {task_command.py:423} INFO - Running <TaskInstance: 3_4_2_homework_assignment.transform_data_task scheduled__2024-01-06T00:00:00+00:00 [running]> on host ea5964584459
[2025-02-27T09:55:01.178+0000] {taskinstance.py:2480} INFO - Exporting env vars: AIRFLOW_CTX_DAG_OWNER='airflow' AIRFLOW_CTX_DAG_ID='3_4_2_homework_assignment' AIRFLOW_CTX_TASK_ID='transform_data_task' AIRFLOW_CTX_EXECUTION_DATE='2024-01-06T00:00:00+00:00' AIRFLOW_CTX_TRY_NUMBER='1' AIRFLOW_CTX_DAG_RUN_ID='scheduled__2024-01-06T00:00:00+00:00'
[2025-02-27T09:55:01.180+0000] {taskinstance.py:2698} ERROR - Task failed with exception
Traceback (most recent call last):
  File "/home/airflow/.local/lib/python3.9/site-packages/airflow/models/taskinstance.py", line 433, in _execute_task
    result = execute_callable(context=context, **execute_callable_kwargs)
  File "/home/airflow/.local/lib/python3.9/site-packages/airflow/operators/python.py", line 199, in execute
    return_value = self.execute_callable()
  File "/home/airflow/.local/lib/python3.9/site-packages/airflow/operators/python.py", line 216, in execute_callable
    return self.python_callable(*self.op_args, **self.op_kwargs)
  File "/opt/airflow/dags/3_4_2_homework_assignment.py", line 67, in transform_data
    raise KeyError(f"Ключ '{key}' отсутствует в JSON-файле: {s_file}")
KeyError: "Ключ 'source' отсутствует в JSON-файле: extracted_data.json"
[2025-02-27T09:55:01.184+0000] {taskinstance.py:1138} INFO - Marking task as FAILED. dag_id=3_4_2_homework_assignment, task_id=transform_data_task, execution_date=20240106T000000, start_date=20250227T095501, end_date=20250227T095501
[2025-02-27T09:55:01.192+0000] {standard_task_runner.py:107} ERROR - Failed to execute job 18 for task transform_data_task ("Ключ 'source' отсутствует в JSON-файле: extracted_data.json"; 2935)
[2025-02-27T09:55:01.203+0000] {local_task_job_runner.py:234} INFO - Task exited with return code 1
[2025-02-27T09:55:01.213+0000] {taskinstance.py:3280} INFO - 0 downstream tasks scheduled from follow-on schedule check
[2025-02-27T10:06:54.194+0000] {taskinstance.py:1956} INFO - Dependencies all met for dep_context=non-requeueable deps ti=<TaskInstance: 3_4_2_homework_assignment.transform_data_task scheduled__2024-01-06T00:00:00+00:00 [queued]>
[2025-02-27T10:06:54.199+0000] {taskinstance.py:1956} INFO - Dependencies all met for dep_context=requeueable deps ti=<TaskInstance: 3_4_2_homework_assignment.transform_data_task scheduled__2024-01-06T00:00:00+00:00 [queued]>
[2025-02-27T10:06:54.199+0000] {taskinstance.py:2170} INFO - Starting attempt 1 of 1
[2025-02-27T10:06:54.210+0000] {taskinstance.py:2191} INFO - Executing <Task(PythonOperator): transform_data_task> on 2024-01-06 00:00:00+00:00
[2025-02-27T10:06:54.215+0000] {standard_task_runner.py:60} INFO - Started process 3579 to run task
[2025-02-27T10:06:54.217+0000] {standard_task_runner.py:87} INFO - Running: ['airflow', 'tasks', 'run', '3_4_2_homework_assignment', 'transform_data_task', 'scheduled__2024-01-06T00:00:00+00:00', '--job-id', '18', '--raw', '--subdir', 'DAGS_FOLDER/3_4_2_homework_assignment.py', '--cfg-path', '/tmp/tmpldb0_64s']
[2025-02-27T10:06:54.218+0000] {standard_task_runner.py:88} INFO - Job 18: Subtask transform_data_task
[2025-02-27T10:06:54.245+0000] {task_command.py:423} INFO - Running <TaskInstance: 3_4_2_homework_assignment.transform_data_task scheduled__2024-01-06T00:00:00+00:00 [running]> on host ea5964584459
[2025-02-27T10:06:54.287+0000] {taskinstance.py:2480} INFO - Exporting env vars: AIRFLOW_CTX_DAG_OWNER='airflow' AIRFLOW_CTX_DAG_ID='3_4_2_homework_assignment' AIRFLOW_CTX_TASK_ID='transform_data_task' AIRFLOW_CTX_EXECUTION_DATE='2024-01-06T00:00:00+00:00' AIRFLOW_CTX_TRY_NUMBER='1' AIRFLOW_CTX_DAG_RUN_ID='scheduled__2024-01-06T00:00:00+00:00'
[2025-02-27T10:06:54.288+0000] {taskinstance.py:2698} ERROR - Task failed with exception
Traceback (most recent call last):
  File "/home/airflow/.local/lib/python3.9/site-packages/airflow/models/taskinstance.py", line 433, in _execute_task
    result = execute_callable(context=context, **execute_callable_kwargs)
  File "/home/airflow/.local/lib/python3.9/site-packages/airflow/operators/python.py", line 199, in execute
    return_value = self.execute_callable()
  File "/home/airflow/.local/lib/python3.9/site-packages/airflow/operators/python.py", line 216, in execute_callable
    return self.python_callable(*self.op_args, **self.op_kwargs)
  File "/opt/airflow/dags/3_4_2_homework_assignment.py", line 61, in transform_data
    raise KeyError(f"Ключ '{key}' отсутствует в JSON-файле: {s_file}")
KeyError: "Ключ 'source' отсутствует в JSON-файле: extracted_data.json"
[2025-02-27T10:06:54.292+0000] {taskinstance.py:1138} INFO - Marking task as FAILED. dag_id=3_4_2_homework_assignment, task_id=transform_data_task, execution_date=20240106T000000, start_date=20250227T100654, end_date=20250227T100654
[2025-02-27T10:06:54.300+0000] {standard_task_runner.py:107} ERROR - Failed to execute job 18 for task transform_data_task ("Ключ 'source' отсутствует в JSON-файле: extracted_data.json"; 3579)
[2025-02-27T10:06:54.311+0000] {local_task_job_runner.py:234} INFO - Task exited with return code 1
[2025-02-27T10:06:54.320+0000] {taskinstance.py:3280} INFO - 0 downstream tasks scheduled from follow-on schedule check
[2025-02-27T10:14:31.060+0000] {taskinstance.py:1956} INFO - Dependencies all met for dep_context=non-requeueable deps ti=<TaskInstance: 3_4_2_homework_assignment.transform_data_task scheduled__2024-01-06T00:00:00+00:00 [queued]>
[2025-02-27T10:14:31.065+0000] {taskinstance.py:1956} INFO - Dependencies all met for dep_context=requeueable deps ti=<TaskInstance: 3_4_2_homework_assignment.transform_data_task scheduled__2024-01-06T00:00:00+00:00 [queued]>
[2025-02-27T10:14:31.065+0000] {taskinstance.py:2170} INFO - Starting attempt 1 of 1
[2025-02-27T10:14:31.075+0000] {taskinstance.py:2191} INFO - Executing <Task(PythonOperator): transform_data_task> on 2024-01-06 00:00:00+00:00
[2025-02-27T10:14:31.079+0000] {standard_task_runner.py:60} INFO - Started process 4474 to run task
[2025-02-27T10:14:31.082+0000] {standard_task_runner.py:87} INFO - Running: ['airflow', 'tasks', 'run', '3_4_2_homework_assignment', 'transform_data_task', 'scheduled__2024-01-06T00:00:00+00:00', '--job-id', '18', '--raw', '--subdir', 'DAGS_FOLDER/3_4_2_homework_assignment.py', '--cfg-path', '/tmp/tmpmrbj9ljd']
[2025-02-27T10:14:31.083+0000] {standard_task_runner.py:88} INFO - Job 18: Subtask transform_data_task
[2025-02-27T10:14:31.108+0000] {task_command.py:423} INFO - Running <TaskInstance: 3_4_2_homework_assignment.transform_data_task scheduled__2024-01-06T00:00:00+00:00 [running]> on host ea5964584459
[2025-02-27T10:14:31.146+0000] {taskinstance.py:2480} INFO - Exporting env vars: AIRFLOW_CTX_DAG_OWNER='airflow' AIRFLOW_CTX_DAG_ID='3_4_2_homework_assignment' AIRFLOW_CTX_TASK_ID='transform_data_task' AIRFLOW_CTX_EXECUTION_DATE='2024-01-06T00:00:00+00:00' AIRFLOW_CTX_TRY_NUMBER='1' AIRFLOW_CTX_DAG_RUN_ID='scheduled__2024-01-06T00:00:00+00:00'
[2025-02-27T10:14:31.148+0000] {python.py:201} INFO - Done. Returned value was: None
[2025-02-27T10:14:31.151+0000] {taskinstance.py:1138} INFO - Marking task as SUCCESS. dag_id=3_4_2_homework_assignment, task_id=transform_data_task, execution_date=20240106T000000, start_date=20250227T101431, end_date=20250227T101431
[2025-02-27T10:14:31.176+0000] {local_task_job_runner.py:234} INFO - Task exited with return code 0
[2025-02-27T10:14:31.184+0000] {taskinstance.py:3280} INFO - 0 downstream tasks scheduled from follow-on schedule check
[2025-02-27T10:19:46.160+0000] {taskinstance.py:1956} INFO - Dependencies all met for dep_context=non-requeueable deps ti=<TaskInstance: 3_4_2_homework_assignment.transform_data_task scheduled__2024-01-06T00:00:00+00:00 [queued]>
[2025-02-27T10:19:46.164+0000] {taskinstance.py:1956} INFO - Dependencies all met for dep_context=requeueable deps ti=<TaskInstance: 3_4_2_homework_assignment.transform_data_task scheduled__2024-01-06T00:00:00+00:00 [queued]>
[2025-02-27T10:19:46.165+0000] {taskinstance.py:2170} INFO - Starting attempt 1 of 1
[2025-02-27T10:19:46.176+0000] {taskinstance.py:2191} INFO - Executing <Task(PythonOperator): transform_data_task> on 2024-01-06 00:00:00+00:00
[2025-02-27T10:19:46.181+0000] {standard_task_runner.py:60} INFO - Started process 5067 to run task
[2025-02-27T10:19:46.183+0000] {standard_task_runner.py:87} INFO - Running: ['airflow', 'tasks', 'run', '3_4_2_homework_assignment', 'transform_data_task', 'scheduled__2024-01-06T00:00:00+00:00', '--job-id', '18', '--raw', '--subdir', 'DAGS_FOLDER/3_4_2_homework_assignment.py', '--cfg-path', '/tmp/tmpi2d4jrv0']
[2025-02-27T10:19:46.184+0000] {standard_task_runner.py:88} INFO - Job 18: Subtask transform_data_task
[2025-02-27T10:19:46.210+0000] {task_command.py:423} INFO - Running <TaskInstance: 3_4_2_homework_assignment.transform_data_task scheduled__2024-01-06T00:00:00+00:00 [running]> on host ea5964584459
[2025-02-27T10:19:46.246+0000] {taskinstance.py:2480} INFO - Exporting env vars: AIRFLOW_CTX_DAG_OWNER='airflow' AIRFLOW_CTX_DAG_ID='3_4_2_homework_assignment' AIRFLOW_CTX_TASK_ID='transform_data_task' AIRFLOW_CTX_EXECUTION_DATE='2024-01-06T00:00:00+00:00' AIRFLOW_CTX_TRY_NUMBER='1' AIRFLOW_CTX_DAG_RUN_ID='scheduled__2024-01-06T00:00:00+00:00'
[2025-02-27T10:19:46.248+0000] {python.py:201} INFO - Done. Returned value was: None
[2025-02-27T10:19:46.251+0000] {taskinstance.py:1138} INFO - Marking task as SUCCESS. dag_id=3_4_2_homework_assignment, task_id=transform_data_task, execution_date=20240106T000000, start_date=20250227T101946, end_date=20250227T101946
[2025-02-27T10:19:46.276+0000] {local_task_job_runner.py:234} INFO - Task exited with return code 0
[2025-02-27T10:27:11.893+0000] {taskinstance.py:1956} INFO - Dependencies all met for dep_context=non-requeueable deps ti=<TaskInstance: 3_4_2_homework_assignment.transform_data_task scheduled__2024-01-06T00:00:00+00:00 [queued]>
[2025-02-27T10:27:11.897+0000] {taskinstance.py:1956} INFO - Dependencies all met for dep_context=requeueable deps ti=<TaskInstance: 3_4_2_homework_assignment.transform_data_task scheduled__2024-01-06T00:00:00+00:00 [queued]>
[2025-02-27T10:27:11.898+0000] {taskinstance.py:2170} INFO - Starting attempt 1 of 1
[2025-02-27T10:27:11.910+0000] {taskinstance.py:2191} INFO - Executing <Task(PythonOperator): transform_data_task> on 2024-01-06 00:00:00+00:00
[2025-02-27T10:27:11.916+0000] {standard_task_runner.py:60} INFO - Started process 5809 to run task
[2025-02-27T10:27:11.918+0000] {standard_task_runner.py:87} INFO - Running: ['airflow', 'tasks', 'run', '3_4_2_homework_assignment', 'transform_data_task', 'scheduled__2024-01-06T00:00:00+00:00', '--job-id', '18', '--raw', '--subdir', 'DAGS_FOLDER/3_4_2_homework_assignment.py', '--cfg-path', '/tmp/tmpw2pl54f5']
[2025-02-27T10:27:11.920+0000] {standard_task_runner.py:88} INFO - Job 18: Subtask transform_data_task
[2025-02-27T10:27:11.946+0000] {task_command.py:423} INFO - Running <TaskInstance: 3_4_2_homework_assignment.transform_data_task scheduled__2024-01-06T00:00:00+00:00 [running]> on host ea5964584459
[2025-02-27T10:27:11.990+0000] {taskinstance.py:2480} INFO - Exporting env vars: AIRFLOW_CTX_DAG_OWNER='airflow' AIRFLOW_CTX_DAG_ID='3_4_2_homework_assignment' AIRFLOW_CTX_TASK_ID='transform_data_task' AIRFLOW_CTX_EXECUTION_DATE='2024-01-06T00:00:00+00:00' AIRFLOW_CTX_TRY_NUMBER='1' AIRFLOW_CTX_DAG_RUN_ID='scheduled__2024-01-06T00:00:00+00:00'
[2025-02-27T10:27:11.992+0000] {python.py:201} INFO - Done. Returned value was: None
[2025-02-27T10:27:11.997+0000] {taskinstance.py:1138} INFO - Marking task as SUCCESS. dag_id=3_4_2_homework_assignment, task_id=transform_data_task, execution_date=20240106T000000, start_date=20250227T102711, end_date=20250227T102711
[2025-02-27T10:27:12.053+0000] {local_task_job_runner.py:234} INFO - Task exited with return code 0
[2025-02-27T10:35:32.947+0000] {taskinstance.py:1956} INFO - Dependencies all met for dep_context=non-requeueable deps ti=<TaskInstance: 3_4_2_homework_assignment.transform_data_task scheduled__2024-01-06T00:00:00+00:00 [queued]>
[2025-02-27T10:35:32.951+0000] {taskinstance.py:1956} INFO - Dependencies all met for dep_context=requeueable deps ti=<TaskInstance: 3_4_2_homework_assignment.transform_data_task scheduled__2024-01-06T00:00:00+00:00 [queued]>
[2025-02-27T10:35:32.952+0000] {taskinstance.py:2170} INFO - Starting attempt 1 of 1
[2025-02-27T10:35:32.965+0000] {taskinstance.py:2191} INFO - Executing <Task(PythonOperator): transform_data_task> on 2024-01-06 00:00:00+00:00
[2025-02-27T10:35:32.969+0000] {standard_task_runner.py:60} INFO - Started process 6469 to run task
[2025-02-27T10:35:32.971+0000] {standard_task_runner.py:87} INFO - Running: ['airflow', 'tasks', 'run', '3_4_2_homework_assignment', 'transform_data_task', 'scheduled__2024-01-06T00:00:00+00:00', '--job-id', '18', '--raw', '--subdir', 'DAGS_FOLDER/3_4_2_homework_assignment.py', '--cfg-path', '/tmp/tmpc4xgmue3']
[2025-02-27T10:35:32.972+0000] {standard_task_runner.py:88} INFO - Job 18: Subtask transform_data_task
[2025-02-27T10:35:32.999+0000] {task_command.py:423} INFO - Running <TaskInstance: 3_4_2_homework_assignment.transform_data_task scheduled__2024-01-06T00:00:00+00:00 [running]> on host ea5964584459
[2025-02-27T10:35:33.037+0000] {taskinstance.py:2480} INFO - Exporting env vars: AIRFLOW_CTX_DAG_OWNER='airflow' AIRFLOW_CTX_DAG_ID='3_4_2_homework_assignment' AIRFLOW_CTX_TASK_ID='transform_data_task' AIRFLOW_CTX_EXECUTION_DATE='2024-01-06T00:00:00+00:00' AIRFLOW_CTX_TRY_NUMBER='1' AIRFLOW_CTX_DAG_RUN_ID='scheduled__2024-01-06T00:00:00+00:00'
[2025-02-27T10:35:33.038+0000] {3_4_2_homework_assignment.py:84} INFO - USD,AED,3.672804,2024-01-06

[2025-02-27T10:35:33.038+0000] {3_4_2_homework_assignment.py:84} INFO - USD,AFN,70.119086,2024-01-06

[2025-02-27T10:35:33.039+0000] {3_4_2_homework_assignment.py:84} INFO - USD,ALL,95.268513,2024-01-06

[2025-02-27T10:35:33.039+0000] {3_4_2_homework_assignment.py:84} INFO - USD,AMD,402.883606,2024-01-06

[2025-02-27T10:35:33.039+0000] {3_4_2_homework_assignment.py:84} INFO - USD,ANG,1.794954,2024-01-06

[2025-02-27T10:35:33.039+0000] {3_4_2_homework_assignment.py:84} INFO - USD,AOA,830.503981,2024-01-06

[2025-02-27T10:35:33.039+0000] {3_4_2_homework_assignment.py:84} INFO - USD,ARS,811.197518,2024-01-06

[2025-02-27T10:35:33.040+0000] {3_4_2_homework_assignment.py:84} INFO - USD,AUD,1.49145,2024-01-06

[2025-02-27T10:35:33.040+0000] {3_4_2_homework_assignment.py:84} INFO - USD,AWG,1.8,2024-01-06

[2025-02-27T10:35:33.040+0000] {3_4_2_homework_assignment.py:84} INFO - USD,AZN,1.70397,2024-01-06

[2025-02-27T10:35:33.040+0000] {3_4_2_homework_assignment.py:84} INFO - USD,BAM,1.784733,2024-01-06

[2025-02-27T10:35:33.040+0000] {3_4_2_homework_assignment.py:84} INFO - USD,BBD,2.01095,2024-01-06

[2025-02-27T10:35:33.041+0000] {3_4_2_homework_assignment.py:84} INFO - USD,BDT,109.303281,2024-01-06

[2025-02-27T10:35:33.041+0000] {3_4_2_homework_assignment.py:84} INFO - USD,BGN,1.787115,2024-01-06

[2025-02-27T10:35:33.041+0000] {3_4_2_homework_assignment.py:84} INFO - USD,BHD,0.375416,2024-01-06

[2025-02-27T10:35:33.041+0000] {3_4_2_homework_assignment.py:84} INFO - USD,BIF,2837.888397,2024-01-06

[2025-02-27T10:35:33.041+0000] {3_4_2_homework_assignment.py:84} INFO - USD,BMD,1.0,2024-01-06

[2025-02-27T10:35:33.041+0000] {3_4_2_homework_assignment.py:84} INFO - USD,BND,1.326276,2024-01-06

[2025-02-27T10:35:33.042+0000] {3_4_2_homework_assignment.py:84} INFO - USD,BOB,6.882329,2024-01-06

[2025-02-27T10:35:33.042+0000] {3_4_2_homework_assignment.py:84} INFO - USD,BRL,4.874604,2024-01-06

[2025-02-27T10:35:33.042+0000] {3_4_2_homework_assignment.py:84} INFO - USD,BSD,0.995939,2024-01-06

[2025-02-27T10:35:33.042+0000] {3_4_2_homework_assignment.py:84} INFO - USD,BTC,2.2701794e-05,2024-01-06

[2025-02-27T10:35:33.042+0000] {3_4_2_homework_assignment.py:84} INFO - USD,BTN,82.81763,2024-01-06

[2025-02-27T10:35:33.043+0000] {3_4_2_homework_assignment.py:84} INFO - USD,BWP,13.522836,2024-01-06

[2025-02-27T10:35:33.043+0000] {3_4_2_homework_assignment.py:84} INFO - USD,BYN,3.289228,2024-01-06

[2025-02-27T10:35:33.043+0000] {3_4_2_homework_assignment.py:84} INFO - USD,BYR,19600.0,2024-01-06

[2025-02-27T10:35:33.043+0000] {3_4_2_homework_assignment.py:84} INFO - USD,BZD,2.007574,2024-01-06

[2025-02-27T10:35:33.043+0000] {3_4_2_homework_assignment.py:84} INFO - USD,CAD,1.33725,2024-01-06

[2025-02-27T10:35:33.043+0000] {3_4_2_homework_assignment.py:84} INFO - USD,CDF,2690.000362,2024-01-06

[2025-02-27T10:35:33.044+0000] {3_4_2_homework_assignment.py:84} INFO - USD,CHF,0.849745,2024-01-06

[2025-02-27T10:35:33.044+0000] {3_4_2_homework_assignment.py:84} INFO - USD,CLF,0.032253,2024-01-06

[2025-02-27T10:35:33.044+0000] {3_4_2_homework_assignment.py:84} INFO - USD,CLP,888.944655,2024-01-06

[2025-02-27T10:35:33.044+0000] {3_4_2_homework_assignment.py:84} INFO - USD,CNY,7.102504,2024-01-06

[2025-02-27T10:35:33.044+0000] {3_4_2_homework_assignment.py:84} INFO - USD,COP,3915.043117,2024-01-06

[2025-02-27T10:35:33.045+0000] {3_4_2_homework_assignment.py:84} INFO - USD,CRC,517.132819,2024-01-06

[2025-02-27T10:35:33.045+0000] {3_4_2_homework_assignment.py:84} INFO - USD,CUC,1.0,2024-01-06

[2025-02-27T10:35:33.045+0000] {3_4_2_homework_assignment.py:84} INFO - USD,CUP,26.5,2024-01-06

[2025-02-27T10:35:33.045+0000] {3_4_2_homework_assignment.py:84} INFO - USD,CVE,100.620523,2024-01-06

[2025-02-27T10:35:33.045+0000] {3_4_2_homework_assignment.py:84} INFO - USD,CZK,22.509504,2024-01-06

[2025-02-27T10:35:33.045+0000] {3_4_2_homework_assignment.py:84} INFO - USD,DJF,177.332664,2024-01-06

[2025-02-27T10:35:33.046+0000] {3_4_2_homework_assignment.py:84} INFO - USD,DKK,6.815904,2024-01-06

[2025-02-27T10:35:33.046+0000] {3_4_2_homework_assignment.py:84} INFO - USD,DOP,58.028015,2024-01-06

[2025-02-27T10:35:33.046+0000] {3_4_2_homework_assignment.py:84} INFO - USD,DZD,134.40404,2024-01-06

[2025-02-27T10:35:33.046+0000] {3_4_2_homework_assignment.py:84} INFO - USD,EGP,30.756947,2024-01-06

[2025-02-27T10:35:33.046+0000] {3_4_2_homework_assignment.py:84} INFO - USD,ERN,15.0,2024-01-06

[2025-02-27T10:35:33.047+0000] {3_4_2_homework_assignment.py:84} INFO - USD,ETB,55.822512,2024-01-06

[2025-02-27T10:35:33.047+0000] {3_4_2_homework_assignment.py:84} INFO - USD,EUR,0.91285,2024-01-06

[2025-02-27T10:35:33.047+0000] {3_4_2_homework_assignment.py:84} INFO - USD,FJD,2.21295,2024-01-06

[2025-02-27T10:35:33.047+0000] {3_4_2_homework_assignment.py:84} INFO - USD,FKP,0.785179,2024-01-06

[2025-02-27T10:35:33.047+0000] {3_4_2_homework_assignment.py:84} INFO - USD,GBP,0.785855,2024-01-06

[2025-02-27T10:35:33.048+0000] {3_4_2_homework_assignment.py:84} INFO - USD,GEL,2.690391,2024-01-06

[2025-02-27T10:35:33.048+0000] {3_4_2_homework_assignment.py:84} INFO - USD,GGP,0.785179,2024-01-06

[2025-02-27T10:35:33.048+0000] {3_4_2_homework_assignment.py:84} INFO - USD,GHS,11.902176,2024-01-06

[2025-02-27T10:35:33.048+0000] {3_4_2_homework_assignment.py:84} INFO - USD,GIP,0.785179,2024-01-06

[2025-02-27T10:35:33.048+0000] {3_4_2_homework_assignment.py:84} INFO - USD,GMD,67.203853,2024-01-06

[2025-02-27T10:35:33.049+0000] {3_4_2_homework_assignment.py:84} INFO - USD,GNF,8561.390701,2024-01-06

[2025-02-27T10:35:33.049+0000] {3_4_2_homework_assignment.py:84} INFO - USD,GTQ,7.791212,2024-01-06

[2025-02-27T10:35:33.049+0000] {3_4_2_homework_assignment.py:84} INFO - USD,GYD,208.367934,2024-01-06

[2025-02-27T10:35:33.049+0000] {3_4_2_homework_assignment.py:84} INFO - USD,HKD,7.81145,2024-01-06

[2025-02-27T10:35:33.049+0000] {3_4_2_homework_assignment.py:84} INFO - USD,HNL,24.569969,2024-01-06

[2025-02-27T10:35:33.050+0000] {3_4_2_homework_assignment.py:84} INFO - USD,HRK,6.98177,2024-01-06

[2025-02-27T10:35:33.050+0000] {3_4_2_homework_assignment.py:84} INFO - USD,HTG,131.167587,2024-01-06

[2025-02-27T10:35:33.050+0000] {3_4_2_homework_assignment.py:84} INFO - USD,HUF,345.460388,2024-01-06

[2025-02-27T10:35:33.050+0000] {3_4_2_homework_assignment.py:84} INFO - USD,IDR,15503.35,2024-01-06

[2025-02-27T10:35:33.050+0000] {3_4_2_homework_assignment.py:84} INFO - USD,ILS,3.676575,2024-01-06

[2025-02-27T10:35:33.051+0000] {3_4_2_homework_assignment.py:84} INFO - USD,IMP,0.785179,2024-01-06

[2025-02-27T10:35:33.051+0000] {3_4_2_homework_assignment.py:84} INFO - USD,INR,83.19135,2024-01-06

[2025-02-27T10:35:33.051+0000] {3_4_2_homework_assignment.py:84} INFO - USD,IQD,1304.740612,2024-01-06

[2025-02-27T10:35:33.051+0000] {3_4_2_homework_assignment.py:84} INFO - USD,IRR,42037.503818,2024-01-06

[2025-02-27T10:35:33.051+0000] {3_4_2_homework_assignment.py:84} INFO - USD,ISK,137.790386,2024-01-06

[2025-02-27T10:35:33.051+0000] {3_4_2_homework_assignment.py:84} INFO - USD,JEP,0.785179,2024-01-06

[2025-02-27T10:35:33.052+0000] {3_4_2_homework_assignment.py:84} INFO - USD,JMD,153.8988,2024-01-06

[2025-02-27T10:35:33.052+0000] {3_4_2_homework_assignment.py:84} INFO - USD,JOD,0.709404,2024-01-06

[2025-02-27T10:35:33.052+0000] {3_4_2_homework_assignment.py:84} INFO - USD,JPY,144.63504,2024-01-06

[2025-02-27T10:35:33.052+0000] {3_4_2_homework_assignment.py:84} INFO - USD,KES,155.121595,2024-01-06

[2025-02-27T10:35:33.052+0000] {3_4_2_homework_assignment.py:84} INFO - USD,KGS,89.085304,2024-01-06

[2025-02-27T10:35:33.052+0000] {3_4_2_homework_assignment.py:84} INFO - USD,KHR,4076.287813,2024-01-06

[2025-02-27T10:35:33.053+0000] {3_4_2_homework_assignment.py:84} INFO - USD,KMF,449.975039,2024-01-06

[2025-02-27T10:35:33.053+0000] {3_4_2_homework_assignment.py:84} INFO - USD,KPW,899.994366,2024-01-06

[2025-02-27T10:35:33.053+0000] {3_4_2_homework_assignment.py:84} INFO - USD,KRW,1314.745039,2024-01-06

[2025-02-27T10:35:33.053+0000] {3_4_2_homework_assignment.py:84} INFO - USD,KWD,0.30753,2024-01-06

[2025-02-27T10:35:33.053+0000] {3_4_2_homework_assignment.py:84} INFO - USD,KYD,0.829949,2024-01-06

[2025-02-27T10:35:33.054+0000] {3_4_2_homework_assignment.py:84} INFO - USD,KZT,451.768034,2024-01-06

[2025-02-27T10:35:33.054+0000] {3_4_2_homework_assignment.py:84} INFO - USD,LAK,20521.969248,2024-01-06

[2025-02-27T10:35:33.054+0000] {3_4_2_homework_assignment.py:84} INFO - USD,LBP,14969.293243,2024-01-06

[2025-02-27T10:35:33.054+0000] {3_4_2_homework_assignment.py:84} INFO - USD,LKR,322.608021,2024-01-06

[2025-02-27T10:35:33.054+0000] {3_4_2_homework_assignment.py:84} INFO - USD,LRD,188.650382,2024-01-06

[2025-02-27T10:35:33.055+0000] {3_4_2_homework_assignment.py:84} INFO - USD,LSL,18.690382,2024-01-06

[2025-02-27T10:35:33.055+0000] {3_4_2_homework_assignment.py:84} INFO - USD,LTL,2.95274,2024-01-06

[2025-02-27T10:35:33.055+0000] {3_4_2_homework_assignment.py:84} INFO - USD,LVL,0.60489,2024-01-06

[2025-02-27T10:35:33.055+0000] {3_4_2_homework_assignment.py:84} INFO - USD,LYD,4.781676,2024-01-06

[2025-02-27T10:35:33.055+0000] {3_4_2_homework_assignment.py:84} INFO - USD,MAD,9.907195,2024-01-06

[2025-02-27T10:35:33.056+0000] {3_4_2_homework_assignment.py:84} INFO - USD,MDL,17.628325,2024-01-06

[2025-02-27T10:35:33.056+0000] {3_4_2_homework_assignment.py:84} INFO - USD,MGA,4576.356253,2024-01-06

[2025-02-27T10:35:33.056+0000] {3_4_2_homework_assignment.py:84} INFO - USD,MKD,56.13907,2024-01-06

[2025-02-27T10:35:33.056+0000] {3_4_2_homework_assignment.py:84} INFO - USD,MMK,2091.527125,2024-01-06

[2025-02-27T10:35:33.056+0000] {3_4_2_homework_assignment.py:84} INFO - USD,MNT,3419.636334,2024-01-06

[2025-02-27T10:35:33.057+0000] {3_4_2_homework_assignment.py:84} INFO - USD,MOP,8.013414,2024-01-06

[2025-02-27T10:35:33.057+0000] {3_4_2_homework_assignment.py:84} INFO - USD,MRU,39.650379,2024-01-06

[2025-02-27T10:35:33.057+0000] {3_4_2_homework_assignment.py:84} INFO - USD,MUR,44.750379,2024-01-06

[2025-02-27T10:35:33.057+0000] {3_4_2_homework_assignment.py:84} INFO - USD,MVR,15.403741,2024-01-06

[2025-02-27T10:35:33.057+0000] {3_4_2_homework_assignment.py:84} INFO - USD,MWK,1676.598075,2024-01-06

[2025-02-27T10:35:33.058+0000] {3_4_2_homework_assignment.py:84} INFO - USD,MXN,16.880104,2024-01-06

[2025-02-27T10:35:33.058+0000] {3_4_2_homework_assignment.py:84} INFO - USD,MYR,4.654504,2024-01-06

[2025-02-27T10:35:33.058+0000] {3_4_2_homework_assignment.py:84} INFO - USD,MZN,63.24995,2024-01-06

[2025-02-27T10:35:33.058+0000] {3_4_2_homework_assignment.py:84} INFO - USD,NAD,18.690377,2024-01-06

[2025-02-27T10:35:33.058+0000] {3_4_2_homework_assignment.py:84} INFO - USD,NGN,914.470377,2024-01-06

[2025-02-27T10:35:33.059+0000] {3_4_2_homework_assignment.py:84} INFO - USD,NIO,36.47397,2024-01-06

[2025-02-27T10:35:33.059+0000] {3_4_2_homework_assignment.py:84} INFO - USD,NOK,10.30157,2024-01-06

[2025-02-27T10:35:33.059+0000] {3_4_2_homework_assignment.py:84} INFO - USD,NPR,132.508099,2024-01-06

[2025-02-27T10:35:33.059+0000] {3_4_2_homework_assignment.py:84} INFO - USD,NZD,1.602564,2024-01-06

[2025-02-27T10:35:33.059+0000] {3_4_2_homework_assignment.py:84} INFO - USD,OMR,0.383447,2024-01-06

[2025-02-27T10:35:33.059+0000] {3_4_2_homework_assignment.py:84} INFO - USD,PAB,0.99603,2024-01-06

[2025-02-27T10:35:33.060+0000] {3_4_2_homework_assignment.py:84} INFO - USD,PEN,3.690104,2024-01-06

[2025-02-27T10:35:33.060+0000] {3_4_2_homework_assignment.py:84} INFO - USD,PGK,3.719487,2024-01-06

[2025-02-27T10:35:33.060+0000] {3_4_2_homework_assignment.py:84} INFO - USD,PHP,55.508504,2024-01-06

[2025-02-27T10:35:33.060+0000] {3_4_2_homework_assignment.py:84} INFO - USD,PKR,276.907332,2024-01-06

[2025-02-27T10:35:33.060+0000] {3_4_2_homework_assignment.py:84} INFO - USD,PLN,3.977185,2024-01-06

[2025-02-27T10:35:33.061+0000] {3_4_2_homework_assignment.py:84} INFO - USD,PYG,7228.179039,2024-01-06

[2025-02-27T10:35:33.061+0000] {3_4_2_homework_assignment.py:84} INFO - USD,QAR,3.641038,2024-01-06

[2025-02-27T10:35:33.061+0000] {3_4_2_homework_assignment.py:84} INFO - USD,RON,4.544804,2024-01-06

[2025-02-27T10:35:33.061+0000] {3_4_2_homework_assignment.py:84} INFO - USD,RSD,106.982707,2024-01-06

[2025-02-27T10:35:33.061+0000] {3_4_2_homework_assignment.py:84} INFO - USD,RUB,90.930373,2024-01-06

[2025-02-27T10:35:33.062+0000] {3_4_2_homework_assignment.py:84} INFO - USD,RWF,1258.383903,2024-01-06

[2025-02-27T10:35:33.062+0000] {3_4_2_homework_assignment.py:84} INFO - USD,SAR,3.750046,2024-01-06

[2025-02-27T10:35:33.062+0000] {3_4_2_homework_assignment.py:84} INFO - USD,SBD,8.43942,2024-01-06

[2025-02-27T10:35:33.062+0000] {3_4_2_homework_assignment.py:84} INFO - USD,SCR,13.272437,2024-01-06

[2025-02-27T10:35:33.062+0000] {3_4_2_homework_assignment.py:84} INFO - USD,SDG,601.00034,2024-01-06

[2025-02-27T10:35:33.062+0000] {3_4_2_homework_assignment.py:84} INFO - USD,SEK,10.253404,2024-01-06

[2025-02-27T10:35:33.063+0000] {3_4_2_homework_assignment.py:84} INFO - USD,SGD,1.330704,2024-01-06

[2025-02-27T10:35:33.063+0000] {3_4_2_homework_assignment.py:84} INFO - USD,SHP,1.27175,2024-01-06

[2025-02-27T10:35:33.063+0000] {3_4_2_homework_assignment.py:84} INFO - USD,SLE,22.702917,2024-01-06

[2025-02-27T10:35:33.063+0000] {3_4_2_homework_assignment.py:84} INFO - USD,SLL,19750.000338,2024-01-06

[2025-02-27T10:35:33.063+0000] {3_4_2_homework_assignment.py:84} INFO - USD,SOS,571.000338,2024-01-06

[2025-02-27T10:35:33.063+0000] {3_4_2_homework_assignment.py:84} INFO - USD,SRD,36.667038,2024-01-06

[2025-02-27T10:35:33.064+0000] {3_4_2_homework_assignment.py:84} INFO - USD,STD,20697.981008,2024-01-06

[2025-02-27T10:35:33.064+0000] {3_4_2_homework_assignment.py:84} INFO - USD,SYP,13001.780419,2024-01-06

[2025-02-27T10:35:33.064+0000] {3_4_2_homework_assignment.py:84} INFO - USD,SZL,18.758954,2024-01-06

[2025-02-27T10:35:33.064+0000] {3_4_2_homework_assignment.py:84} INFO - USD,THB,34.67037,2024-01-06

[2025-02-27T10:35:33.064+0000] {3_4_2_homework_assignment.py:84} INFO - USD,TJS,10.920746,2024-01-06

[2025-02-27T10:35:33.065+0000] {3_4_2_homework_assignment.py:84} INFO - USD,TMT,3.5,2024-01-06

[2025-02-27T10:35:33.065+0000] {3_4_2_homework_assignment.py:84} INFO - USD,TND,3.097038,2024-01-06

[2025-02-27T10:35:33.065+0000] {3_4_2_homework_assignment.py:84} INFO - USD,TOP,2.34815,2024-01-06

[2025-02-27T10:35:33.065+0000] {3_4_2_homework_assignment.py:84} INFO - USD,TRY,29.812304,2024-01-06

[2025-02-27T10:35:33.065+0000] {3_4_2_homework_assignment.py:84} INFO - USD,TTD,6.739061,2024-01-06

[2025-02-27T10:35:33.066+0000] {3_4_2_homework_assignment.py:84} INFO - USD,TWD,30.967038,2024-01-06

[2025-02-27T10:35:33.066+0000] {3_4_2_homework_assignment.py:84} INFO - USD,TZS,2506.821189,2024-01-06

[2025-02-27T10:35:33.066+0000] {3_4_2_homework_assignment.py:84} INFO - USD,UAH,37.935301,2024-01-06

[2025-02-27T10:35:33.066+0000] {3_4_2_homework_assignment.py:84} INFO - USD,UGX,3776.064242,2024-01-06

[2025-02-27T10:35:33.066+0000] {3_4_2_homework_assignment.py:84} INFO - USD,UYU,39.019939,2024-01-06

[2025-02-27T10:35:33.066+0000] {3_4_2_homework_assignment.py:84} INFO - USD,UZS,12291.828261,2024-01-06

[2025-02-27T10:35:33.067+0000] {3_4_2_homework_assignment.py:84} INFO - USD,VEF,3598460.626055,2024-01-06

[2025-02-27T10:35:33.067+0000] {3_4_2_homework_assignment.py:84} INFO - USD,VES,35.96152,2024-01-06

[2025-02-27T10:35:33.067+0000] {3_4_2_homework_assignment.py:84} INFO - USD,VND,24380.0,2024-01-06

[2025-02-27T10:35:33.067+0000] {3_4_2_homework_assignment.py:84} INFO - USD,VUV,118.531612,2024-01-06

[2025-02-27T10:35:33.068+0000] {3_4_2_homework_assignment.py:84} INFO - USD,WST,2.71066,2024-01-06

[2025-02-27T10:35:33.068+0000] {3_4_2_homework_assignment.py:84} INFO - USD,XAF,598.582835,2024-01-06

[2025-02-27T10:35:33.068+0000] {3_4_2_homework_assignment.py:84} INFO - USD,XAG,0.043122,2024-01-06

[2025-02-27T10:35:33.068+0000] {3_4_2_homework_assignment.py:84} INFO - USD,XAU,0.000489,2024-01-06

[2025-02-27T10:35:33.068+0000] {3_4_2_homework_assignment.py:84} INFO - USD,XCD,2.70255,2024-01-06

[2025-02-27T10:35:33.068+0000] {3_4_2_homework_assignment.py:84} INFO - USD,XDR,0.742346,2024-01-06

[2025-02-27T10:35:33.069+0000] {3_4_2_homework_assignment.py:84} INFO - USD,XOF,598.582835,2024-01-06

[2025-02-27T10:35:33.069+0000] {3_4_2_homework_assignment.py:84} INFO - USD,XPF,109.490364,2024-01-06

[2025-02-27T10:35:33.069+0000] {3_4_2_homework_assignment.py:84} INFO - USD,YER,250.403595,2024-01-06

[2025-02-27T10:35:33.069+0000] {3_4_2_homework_assignment.py:84} INFO - USD,ZAR,18.69012,2024-01-06

[2025-02-27T10:35:33.069+0000] {3_4_2_homework_assignment.py:84} INFO - USD,ZMK,9001.203591,2024-01-06

[2025-02-27T10:35:33.070+0000] {3_4_2_homework_assignment.py:84} INFO - USD,ZMW,25.696035,2024-01-06

[2025-02-27T10:35:33.070+0000] {3_4_2_homework_assignment.py:84} INFO - USD,ZWL,321.999592,2024-01-06

[2025-02-27T10:35:33.070+0000] {python.py:201} INFO - Done. Returned value was: None
[2025-02-27T10:35:33.073+0000] {taskinstance.py:1138} INFO - Marking task as SUCCESS. dag_id=3_4_2_homework_assignment, task_id=transform_data_task, execution_date=20240106T000000, start_date=20250227T103532, end_date=20250227T103533
[2025-02-27T10:35:33.106+0000] {local_task_job_runner.py:234} INFO - Task exited with return code 0
[2025-02-27T10:45:25.545+0000] {taskinstance.py:1956} INFO - Dependencies all met for dep_context=non-requeueable deps ti=<TaskInstance: 3_4_2_homework_assignment.transform_data_task scheduled__2024-01-06T00:00:00+00:00 [queued]>
[2025-02-27T10:45:25.550+0000] {taskinstance.py:1956} INFO - Dependencies all met for dep_context=requeueable deps ti=<TaskInstance: 3_4_2_homework_assignment.transform_data_task scheduled__2024-01-06T00:00:00+00:00 [queued]>
[2025-02-27T10:45:25.550+0000] {taskinstance.py:2170} INFO - Starting attempt 1 of 1
[2025-02-27T10:45:25.563+0000] {taskinstance.py:2191} INFO - Executing <Task(PythonOperator): transform_data_task> on 2024-01-06 00:00:00+00:00
[2025-02-27T10:45:25.567+0000] {standard_task_runner.py:60} INFO - Started process 7152 to run task
[2025-02-27T10:45:25.569+0000] {standard_task_runner.py:87} INFO - Running: ['airflow', 'tasks', 'run', '3_4_2_homework_assignment', 'transform_data_task', 'scheduled__2024-01-06T00:00:00+00:00', '--job-id', '18', '--raw', '--subdir', 'DAGS_FOLDER/3_4_2_homework_assignment.py', '--cfg-path', '/tmp/tmpw12tvo4j']
[2025-02-27T10:45:25.571+0000] {standard_task_runner.py:88} INFO - Job 18: Subtask transform_data_task
[2025-02-27T10:45:25.596+0000] {task_command.py:423} INFO - Running <TaskInstance: 3_4_2_homework_assignment.transform_data_task scheduled__2024-01-06T00:00:00+00:00 [running]> on host ea5964584459
[2025-02-27T10:45:25.637+0000] {taskinstance.py:2480} INFO - Exporting env vars: AIRFLOW_CTX_DAG_OWNER='airflow' AIRFLOW_CTX_DAG_ID='3_4_2_homework_assignment' AIRFLOW_CTX_TASK_ID='transform_data_task' AIRFLOW_CTX_EXECUTION_DATE='2024-01-06T00:00:00+00:00' AIRFLOW_CTX_TRY_NUMBER='1' AIRFLOW_CTX_DAG_RUN_ID='scheduled__2024-01-06T00:00:00+00:00'
[2025-02-27T10:45:25.639+0000] {3_4_2_homework_assignment.py:84} INFO - USD,AED,3.672804,2024-01-06

[2025-02-27T10:45:25.639+0000] {3_4_2_homework_assignment.py:84} INFO - USD,AFN,70.119086,2024-01-06

[2025-02-27T10:45:25.639+0000] {3_4_2_homework_assignment.py:84} INFO - USD,ALL,95.268513,2024-01-06

[2025-02-27T10:45:25.640+0000] {3_4_2_homework_assignment.py:84} INFO - USD,AMD,402.883606,2024-01-06

[2025-02-27T10:45:25.640+0000] {3_4_2_homework_assignment.py:84} INFO - USD,ANG,1.794954,2024-01-06

[2025-02-27T10:45:25.640+0000] {3_4_2_homework_assignment.py:84} INFO - USD,AOA,830.503981,2024-01-06

[2025-02-27T10:45:25.640+0000] {3_4_2_homework_assignment.py:84} INFO - USD,ARS,811.197518,2024-01-06

[2025-02-27T10:45:25.640+0000] {3_4_2_homework_assignment.py:84} INFO - USD,AUD,1.49145,2024-01-06

[2025-02-27T10:45:25.641+0000] {3_4_2_homework_assignment.py:84} INFO - USD,AWG,1.8,2024-01-06

[2025-02-27T10:45:25.641+0000] {3_4_2_homework_assignment.py:84} INFO - USD,AZN,1.70397,2024-01-06

[2025-02-27T10:45:25.641+0000] {3_4_2_homework_assignment.py:84} INFO - USD,BAM,1.784733,2024-01-06

[2025-02-27T10:45:25.641+0000] {3_4_2_homework_assignment.py:84} INFO - USD,BBD,2.01095,2024-01-06

[2025-02-27T10:45:25.641+0000] {3_4_2_homework_assignment.py:84} INFO - USD,BDT,109.303281,2024-01-06

[2025-02-27T10:45:25.642+0000] {3_4_2_homework_assignment.py:84} INFO - USD,BGN,1.787115,2024-01-06

[2025-02-27T10:45:25.642+0000] {3_4_2_homework_assignment.py:84} INFO - USD,BHD,0.375416,2024-01-06

[2025-02-27T10:45:25.642+0000] {3_4_2_homework_assignment.py:84} INFO - USD,BIF,2837.888397,2024-01-06

[2025-02-27T10:45:25.642+0000] {3_4_2_homework_assignment.py:84} INFO - USD,BMD,1.0,2024-01-06

[2025-02-27T10:45:25.642+0000] {3_4_2_homework_assignment.py:84} INFO - USD,BND,1.326276,2024-01-06

[2025-02-27T10:45:25.643+0000] {3_4_2_homework_assignment.py:84} INFO - USD,BOB,6.882329,2024-01-06

[2025-02-27T10:45:25.643+0000] {3_4_2_homework_assignment.py:84} INFO - USD,BRL,4.874604,2024-01-06

[2025-02-27T10:45:25.643+0000] {3_4_2_homework_assignment.py:84} INFO - USD,BSD,0.995939,2024-01-06

[2025-02-27T10:45:25.643+0000] {3_4_2_homework_assignment.py:84} INFO - USD,BTC,2.2701794e-05,2024-01-06

[2025-02-27T10:45:25.644+0000] {3_4_2_homework_assignment.py:84} INFO - USD,BTN,82.81763,2024-01-06

[2025-02-27T10:45:25.644+0000] {3_4_2_homework_assignment.py:84} INFO - USD,BWP,13.522836,2024-01-06

[2025-02-27T10:45:25.644+0000] {3_4_2_homework_assignment.py:84} INFO - USD,BYN,3.289228,2024-01-06

[2025-02-27T10:45:25.644+0000] {3_4_2_homework_assignment.py:84} INFO - USD,BYR,19600.0,2024-01-06

[2025-02-27T10:45:25.644+0000] {3_4_2_homework_assignment.py:84} INFO - USD,BZD,2.007574,2024-01-06

[2025-02-27T10:45:25.645+0000] {3_4_2_homework_assignment.py:84} INFO - USD,CAD,1.33725,2024-01-06

[2025-02-27T10:45:25.645+0000] {3_4_2_homework_assignment.py:84} INFO - USD,CDF,2690.000362,2024-01-06

[2025-02-27T10:45:25.645+0000] {3_4_2_homework_assignment.py:84} INFO - USD,CHF,0.849745,2024-01-06

[2025-02-27T10:45:25.645+0000] {3_4_2_homework_assignment.py:84} INFO - USD,CLF,0.032253,2024-01-06

[2025-02-27T10:45:25.645+0000] {3_4_2_homework_assignment.py:84} INFO - USD,CLP,888.944655,2024-01-06

[2025-02-27T10:45:25.646+0000] {3_4_2_homework_assignment.py:84} INFO - USD,CNY,7.102504,2024-01-06

[2025-02-27T10:45:25.646+0000] {3_4_2_homework_assignment.py:84} INFO - USD,COP,3915.043117,2024-01-06

[2025-02-27T10:45:25.646+0000] {3_4_2_homework_assignment.py:84} INFO - USD,CRC,517.132819,2024-01-06

[2025-02-27T10:45:25.646+0000] {3_4_2_homework_assignment.py:84} INFO - USD,CUC,1.0,2024-01-06

[2025-02-27T10:45:25.646+0000] {3_4_2_homework_assignment.py:84} INFO - USD,CUP,26.5,2024-01-06

[2025-02-27T10:45:25.646+0000] {3_4_2_homework_assignment.py:84} INFO - USD,CVE,100.620523,2024-01-06

[2025-02-27T10:45:25.647+0000] {3_4_2_homework_assignment.py:84} INFO - USD,CZK,22.509504,2024-01-06

[2025-02-27T10:45:25.647+0000] {3_4_2_homework_assignment.py:84} INFO - USD,DJF,177.332664,2024-01-06

[2025-02-27T10:45:25.647+0000] {3_4_2_homework_assignment.py:84} INFO - USD,DKK,6.815904,2024-01-06

[2025-02-27T10:45:25.647+0000] {3_4_2_homework_assignment.py:84} INFO - USD,DOP,58.028015,2024-01-06

[2025-02-27T10:45:25.647+0000] {3_4_2_homework_assignment.py:84} INFO - USD,DZD,134.40404,2024-01-06

[2025-02-27T10:45:25.647+0000] {3_4_2_homework_assignment.py:84} INFO - USD,EGP,30.756947,2024-01-06

[2025-02-27T10:45:25.648+0000] {3_4_2_homework_assignment.py:84} INFO - USD,ERN,15.0,2024-01-06

[2025-02-27T10:45:25.648+0000] {3_4_2_homework_assignment.py:84} INFO - USD,ETB,55.822512,2024-01-06

[2025-02-27T10:45:25.648+0000] {3_4_2_homework_assignment.py:84} INFO - USD,EUR,0.91285,2024-01-06

[2025-02-27T10:45:25.648+0000] {3_4_2_homework_assignment.py:84} INFO - USD,FJD,2.21295,2024-01-06

[2025-02-27T10:45:25.648+0000] {3_4_2_homework_assignment.py:84} INFO - USD,FKP,0.785179,2024-01-06

[2025-02-27T10:45:25.649+0000] {3_4_2_homework_assignment.py:84} INFO - USD,GBP,0.785855,2024-01-06

[2025-02-27T10:45:25.649+0000] {3_4_2_homework_assignment.py:84} INFO - USD,GEL,2.690391,2024-01-06

[2025-02-27T10:45:25.649+0000] {3_4_2_homework_assignment.py:84} INFO - USD,GGP,0.785179,2024-01-06

[2025-02-27T10:45:25.649+0000] {3_4_2_homework_assignment.py:84} INFO - USD,GHS,11.902176,2024-01-06

[2025-02-27T10:45:25.649+0000] {3_4_2_homework_assignment.py:84} INFO - USD,GIP,0.785179,2024-01-06

[2025-02-27T10:45:25.649+0000] {3_4_2_homework_assignment.py:84} INFO - USD,GMD,67.203853,2024-01-06

[2025-02-27T10:45:25.650+0000] {3_4_2_homework_assignment.py:84} INFO - USD,GNF,8561.390701,2024-01-06

[2025-02-27T10:45:25.650+0000] {3_4_2_homework_assignment.py:84} INFO - USD,GTQ,7.791212,2024-01-06

[2025-02-27T10:45:25.650+0000] {3_4_2_homework_assignment.py:84} INFO - USD,GYD,208.367934,2024-01-06

[2025-02-27T10:45:25.650+0000] {3_4_2_homework_assignment.py:84} INFO - USD,HKD,7.81145,2024-01-06

[2025-02-27T10:45:25.650+0000] {3_4_2_homework_assignment.py:84} INFO - USD,HNL,24.569969,2024-01-06

[2025-02-27T10:45:25.651+0000] {3_4_2_homework_assignment.py:84} INFO - USD,HRK,6.98177,2024-01-06

[2025-02-27T10:45:25.651+0000] {3_4_2_homework_assignment.py:84} INFO - USD,HTG,131.167587,2024-01-06

[2025-02-27T10:45:25.651+0000] {3_4_2_homework_assignment.py:84} INFO - USD,HUF,345.460388,2024-01-06

[2025-02-27T10:45:25.651+0000] {3_4_2_homework_assignment.py:84} INFO - USD,IDR,15503.35,2024-01-06

[2025-02-27T10:45:25.651+0000] {3_4_2_homework_assignment.py:84} INFO - USD,ILS,3.676575,2024-01-06

[2025-02-27T10:45:25.652+0000] {3_4_2_homework_assignment.py:84} INFO - USD,IMP,0.785179,2024-01-06

[2025-02-27T10:45:25.652+0000] {3_4_2_homework_assignment.py:84} INFO - USD,INR,83.19135,2024-01-06

[2025-02-27T10:45:25.652+0000] {3_4_2_homework_assignment.py:84} INFO - USD,IQD,1304.740612,2024-01-06

[2025-02-27T10:45:25.652+0000] {3_4_2_homework_assignment.py:84} INFO - USD,IRR,42037.503818,2024-01-06

[2025-02-27T10:45:25.652+0000] {3_4_2_homework_assignment.py:84} INFO - USD,ISK,137.790386,2024-01-06

[2025-02-27T10:45:25.652+0000] {3_4_2_homework_assignment.py:84} INFO - USD,JEP,0.785179,2024-01-06

[2025-02-27T10:45:25.653+0000] {3_4_2_homework_assignment.py:84} INFO - USD,JMD,153.8988,2024-01-06

[2025-02-27T10:45:25.653+0000] {3_4_2_homework_assignment.py:84} INFO - USD,JOD,0.709404,2024-01-06

[2025-02-27T10:45:25.653+0000] {3_4_2_homework_assignment.py:84} INFO - USD,JPY,144.63504,2024-01-06

[2025-02-27T10:45:25.653+0000] {3_4_2_homework_assignment.py:84} INFO - USD,KES,155.121595,2024-01-06

[2025-02-27T10:45:25.653+0000] {3_4_2_homework_assignment.py:84} INFO - USD,KGS,89.085304,2024-01-06

[2025-02-27T10:45:25.654+0000] {3_4_2_homework_assignment.py:84} INFO - USD,KHR,4076.287813,2024-01-06

[2025-02-27T10:45:25.654+0000] {3_4_2_homework_assignment.py:84} INFO - USD,KMF,449.975039,2024-01-06

[2025-02-27T10:45:25.654+0000] {3_4_2_homework_assignment.py:84} INFO - USD,KPW,899.994366,2024-01-06

[2025-02-27T10:45:25.654+0000] {3_4_2_homework_assignment.py:84} INFO - USD,KRW,1314.745039,2024-01-06

[2025-02-27T10:45:25.654+0000] {3_4_2_homework_assignment.py:84} INFO - USD,KWD,0.30753,2024-01-06

[2025-02-27T10:45:25.654+0000] {3_4_2_homework_assignment.py:84} INFO - USD,KYD,0.829949,2024-01-06

[2025-02-27T10:45:25.655+0000] {3_4_2_homework_assignment.py:84} INFO - USD,KZT,451.768034,2024-01-06

[2025-02-27T10:45:25.655+0000] {3_4_2_homework_assignment.py:84} INFO - USD,LAK,20521.969248,2024-01-06

[2025-02-27T10:45:25.655+0000] {3_4_2_homework_assignment.py:84} INFO - USD,LBP,14969.293243,2024-01-06

[2025-02-27T10:45:25.655+0000] {3_4_2_homework_assignment.py:84} INFO - USD,LKR,322.608021,2024-01-06

[2025-02-27T10:45:25.655+0000] {3_4_2_homework_assignment.py:84} INFO - USD,LRD,188.650382,2024-01-06

[2025-02-27T10:45:25.656+0000] {3_4_2_homework_assignment.py:84} INFO - USD,LSL,18.690382,2024-01-06

[2025-02-27T10:45:25.656+0000] {3_4_2_homework_assignment.py:84} INFO - USD,LTL,2.95274,2024-01-06

[2025-02-27T10:45:25.656+0000] {3_4_2_homework_assignment.py:84} INFO - USD,LVL,0.60489,2024-01-06

[2025-02-27T10:45:25.656+0000] {3_4_2_homework_assignment.py:84} INFO - USD,LYD,4.781676,2024-01-06

[2025-02-27T10:45:25.656+0000] {3_4_2_homework_assignment.py:84} INFO - USD,MAD,9.907195,2024-01-06

[2025-02-27T10:45:25.657+0000] {3_4_2_homework_assignment.py:84} INFO - USD,MDL,17.628325,2024-01-06

[2025-02-27T10:45:25.657+0000] {3_4_2_homework_assignment.py:84} INFO - USD,MGA,4576.356253,2024-01-06

[2025-02-27T10:45:25.657+0000] {3_4_2_homework_assignment.py:84} INFO - USD,MKD,56.13907,2024-01-06

[2025-02-27T10:45:25.657+0000] {3_4_2_homework_assignment.py:84} INFO - USD,MMK,2091.527125,2024-01-06

[2025-02-27T10:45:25.657+0000] {3_4_2_homework_assignment.py:84} INFO - USD,MNT,3419.636334,2024-01-06

[2025-02-27T10:45:25.658+0000] {3_4_2_homework_assignment.py:84} INFO - USD,MOP,8.013414,2024-01-06

[2025-02-27T10:45:25.658+0000] {3_4_2_homework_assignment.py:84} INFO - USD,MRU,39.650379,2024-01-06

[2025-02-27T10:45:25.658+0000] {3_4_2_homework_assignment.py:84} INFO - USD,MUR,44.750379,2024-01-06

[2025-02-27T10:45:25.658+0000] {3_4_2_homework_assignment.py:84} INFO - USD,MVR,15.403741,2024-01-06

[2025-02-27T10:45:25.658+0000] {3_4_2_homework_assignment.py:84} INFO - USD,MWK,1676.598075,2024-01-06

[2025-02-27T10:45:25.659+0000] {3_4_2_homework_assignment.py:84} INFO - USD,MXN,16.880104,2024-01-06

[2025-02-27T10:45:25.659+0000] {3_4_2_homework_assignment.py:84} INFO - USD,MYR,4.654504,2024-01-06

[2025-02-27T10:45:25.659+0000] {3_4_2_homework_assignment.py:84} INFO - USD,MZN,63.24995,2024-01-06

[2025-02-27T10:45:25.659+0000] {3_4_2_homework_assignment.py:84} INFO - USD,NAD,18.690377,2024-01-06

[2025-02-27T10:45:25.660+0000] {3_4_2_homework_assignment.py:84} INFO - USD,NGN,914.470377,2024-01-06

[2025-02-27T10:45:25.660+0000] {3_4_2_homework_assignment.py:84} INFO - USD,NIO,36.47397,2024-01-06

[2025-02-27T10:45:25.660+0000] {3_4_2_homework_assignment.py:84} INFO - USD,NOK,10.30157,2024-01-06

[2025-02-27T10:45:25.660+0000] {3_4_2_homework_assignment.py:84} INFO - USD,NPR,132.508099,2024-01-06

[2025-02-27T10:45:25.660+0000] {3_4_2_homework_assignment.py:84} INFO - USD,NZD,1.602564,2024-01-06

[2025-02-27T10:45:25.661+0000] {3_4_2_homework_assignment.py:84} INFO - USD,OMR,0.383447,2024-01-06

[2025-02-27T10:45:25.661+0000] {3_4_2_homework_assignment.py:84} INFO - USD,PAB,0.99603,2024-01-06

[2025-02-27T10:45:25.661+0000] {3_4_2_homework_assignment.py:84} INFO - USD,PEN,3.690104,2024-01-06

[2025-02-27T10:45:25.661+0000] {3_4_2_homework_assignment.py:84} INFO - USD,PGK,3.719487,2024-01-06

[2025-02-27T10:45:25.661+0000] {3_4_2_homework_assignment.py:84} INFO - USD,PHP,55.508504,2024-01-06

[2025-02-27T10:45:25.661+0000] {3_4_2_homework_assignment.py:84} INFO - USD,PKR,276.907332,2024-01-06

[2025-02-27T10:45:25.662+0000] {3_4_2_homework_assignment.py:84} INFO - USD,PLN,3.977185,2024-01-06

[2025-02-27T10:45:25.662+0000] {3_4_2_homework_assignment.py:84} INFO - USD,PYG,7228.179039,2024-01-06

[2025-02-27T10:45:25.662+0000] {3_4_2_homework_assignment.py:84} INFO - USD,QAR,3.641038,2024-01-06

[2025-02-27T10:45:25.662+0000] {3_4_2_homework_assignment.py:84} INFO - USD,RON,4.544804,2024-01-06

[2025-02-27T10:45:25.663+0000] {3_4_2_homework_assignment.py:84} INFO - USD,RSD,106.982707,2024-01-06

[2025-02-27T10:45:25.663+0000] {3_4_2_homework_assignment.py:84} INFO - USD,RUB,90.930373,2024-01-06

[2025-02-27T10:45:25.663+0000] {3_4_2_homework_assignment.py:84} INFO - USD,RWF,1258.383903,2024-01-06

[2025-02-27T10:45:25.663+0000] {3_4_2_homework_assignment.py:84} INFO - USD,SAR,3.750046,2024-01-06

[2025-02-27T10:45:25.663+0000] {3_4_2_homework_assignment.py:84} INFO - USD,SBD,8.43942,2024-01-06

[2025-02-27T10:45:25.664+0000] {3_4_2_homework_assignment.py:84} INFO - USD,SCR,13.272437,2024-01-06

[2025-02-27T10:45:25.664+0000] {3_4_2_homework_assignment.py:84} INFO - USD,SDG,601.00034,2024-01-06

[2025-02-27T10:45:25.664+0000] {3_4_2_homework_assignment.py:84} INFO - USD,SEK,10.253404,2024-01-06

[2025-02-27T10:45:25.664+0000] {3_4_2_homework_assignment.py:84} INFO - USD,SGD,1.330704,2024-01-06

[2025-02-27T10:45:25.664+0000] {3_4_2_homework_assignment.py:84} INFO - USD,SHP,1.27175,2024-01-06

[2025-02-27T10:45:25.665+0000] {3_4_2_homework_assignment.py:84} INFO - USD,SLE,22.702917,2024-01-06

[2025-02-27T10:45:25.665+0000] {3_4_2_homework_assignment.py:84} INFO - USD,SLL,19750.000338,2024-01-06

[2025-02-27T10:45:25.665+0000] {3_4_2_homework_assignment.py:84} INFO - USD,SOS,571.000338,2024-01-06

[2025-02-27T10:45:25.665+0000] {3_4_2_homework_assignment.py:84} INFO - USD,SRD,36.667038,2024-01-06

[2025-02-27T10:45:25.665+0000] {3_4_2_homework_assignment.py:84} INFO - USD,STD,20697.981008,2024-01-06

[2025-02-27T10:45:25.666+0000] {3_4_2_homework_assignment.py:84} INFO - USD,SYP,13001.780419,2024-01-06

[2025-02-27T10:45:25.666+0000] {3_4_2_homework_assignment.py:84} INFO - USD,SZL,18.758954,2024-01-06

[2025-02-27T10:45:25.666+0000] {3_4_2_homework_assignment.py:84} INFO - USD,THB,34.67037,2024-01-06

[2025-02-27T10:45:25.666+0000] {3_4_2_homework_assignment.py:84} INFO - USD,TJS,10.920746,2024-01-06

[2025-02-27T10:45:25.667+0000] {3_4_2_homework_assignment.py:84} INFO - USD,TMT,3.5,2024-01-06

[2025-02-27T10:45:25.667+0000] {3_4_2_homework_assignment.py:84} INFO - USD,TND,3.097038,2024-01-06

[2025-02-27T10:45:25.667+0000] {3_4_2_homework_assignment.py:84} INFO - USD,TOP,2.34815,2024-01-06

[2025-02-27T10:45:25.667+0000] {3_4_2_homework_assignment.py:84} INFO - USD,TRY,29.812304,2024-01-06

[2025-02-27T10:45:25.667+0000] {3_4_2_homework_assignment.py:84} INFO - USD,TTD,6.739061,2024-01-06

[2025-02-27T10:45:25.668+0000] {3_4_2_homework_assignment.py:84} INFO - USD,TWD,30.967038,2024-01-06

[2025-02-27T10:45:25.668+0000] {3_4_2_homework_assignment.py:84} INFO - USD,TZS,2506.821189,2024-01-06

[2025-02-27T10:45:25.668+0000] {3_4_2_homework_assignment.py:84} INFO - USD,UAH,37.935301,2024-01-06

[2025-02-27T10:45:25.668+0000] {3_4_2_homework_assignment.py:84} INFO - USD,UGX,3776.064242,2024-01-06

[2025-02-27T10:45:25.668+0000] {3_4_2_homework_assignment.py:84} INFO - USD,UYU,39.019939,2024-01-06

[2025-02-27T10:45:25.669+0000] {3_4_2_homework_assignment.py:84} INFO - USD,UZS,12291.828261,2024-01-06

[2025-02-27T10:45:25.669+0000] {3_4_2_homework_assignment.py:84} INFO - USD,VEF,3598460.626055,2024-01-06

[2025-02-27T10:45:25.669+0000] {3_4_2_homework_assignment.py:84} INFO - USD,VES,35.96152,2024-01-06

[2025-02-27T10:45:25.669+0000] {3_4_2_homework_assignment.py:84} INFO - USD,VND,24380.0,2024-01-06

[2025-02-27T10:45:25.670+0000] {3_4_2_homework_assignment.py:84} INFO - USD,VUV,118.531612,2024-01-06

[2025-02-27T10:45:25.670+0000] {3_4_2_homework_assignment.py:84} INFO - USD,WST,2.71066,2024-01-06

[2025-02-27T10:45:25.670+0000] {3_4_2_homework_assignment.py:84} INFO - USD,XAF,598.582835,2024-01-06

[2025-02-27T10:45:25.670+0000] {3_4_2_homework_assignment.py:84} INFO - USD,XAG,0.043122,2024-01-06

[2025-02-27T10:45:25.670+0000] {3_4_2_homework_assignment.py:84} INFO - USD,XAU,0.000489,2024-01-06

[2025-02-27T10:45:25.671+0000] {3_4_2_homework_assignment.py:84} INFO - USD,XCD,2.70255,2024-01-06

[2025-02-27T10:45:25.671+0000] {3_4_2_homework_assignment.py:84} INFO - USD,XDR,0.742346,2024-01-06

[2025-02-27T10:45:25.671+0000] {3_4_2_homework_assignment.py:84} INFO - USD,XOF,598.582835,2024-01-06

[2025-02-27T10:45:25.671+0000] {3_4_2_homework_assignment.py:84} INFO - USD,XPF,109.490364,2024-01-06

[2025-02-27T10:45:25.671+0000] {3_4_2_homework_assignment.py:84} INFO - USD,YER,250.403595,2024-01-06

[2025-02-27T10:45:25.672+0000] {3_4_2_homework_assignment.py:84} INFO - USD,ZAR,18.69012,2024-01-06

[2025-02-27T10:45:25.672+0000] {3_4_2_homework_assignment.py:84} INFO - USD,ZMK,9001.203591,2024-01-06

[2025-02-27T10:45:25.672+0000] {3_4_2_homework_assignment.py:84} INFO - USD,ZMW,25.696035,2024-01-06

[2025-02-27T10:45:25.672+0000] {3_4_2_homework_assignment.py:84} INFO - USD,ZWL,321.999592,2024-01-06

[2025-02-27T10:45:25.673+0000] {python.py:201} INFO - Done. Returned value was: None
[2025-02-27T10:45:25.676+0000] {taskinstance.py:1138} INFO - Marking task as SUCCESS. dag_id=3_4_2_homework_assignment, task_id=transform_data_task, execution_date=20240106T000000, start_date=20250227T104525, end_date=20250227T104525
[2025-02-27T10:45:25.703+0000] {local_task_job_runner.py:234} INFO - Task exited with return code 0
