[2025-02-27T09:33:22.632+0000] {taskinstance.py:1956} INFO - Dependencies all met for dep_context=non-requeueable deps ti=<TaskInstance: 3_4_2_homework_assignment.extract_task scheduled__2024-01-07T00:00:00+00:00 [queued]>
[2025-02-27T09:33:22.636+0000] {taskinstance.py:1956} INFO - Dependencies all met for dep_context=requeueable deps ti=<TaskInstance: 3_4_2_homework_assignment.extract_task scheduled__2024-01-07T00:00:00+00:00 [queued]>
[2025-02-27T09:33:22.637+0000] {taskinstance.py:2170} INFO - Starting attempt 1 of 1
[2025-02-27T09:33:22.648+0000] {taskinstance.py:2191} INFO - Executing <Task(PythonOperator): extract_task> on 2024-01-07 00:00:00+00:00
[2025-02-27T09:33:22.652+0000] {standard_task_runner.py:60} INFO - Started process 372 to run task
[2025-02-27T09:33:22.654+0000] {standard_task_runner.py:87} INFO - Running: ['airflow', 'tasks', 'run', '3_4_2_homework_assignment', 'extract_task', 'scheduled__2024-01-07T00:00:00+00:00', '--job-id', '14', '--raw', '--subdir', 'DAGS_FOLDER/3_4_2_homework_assignment.py', '--cfg-path', '/tmp/tmp1insodm_']
[2025-02-27T09:33:22.655+0000] {standard_task_runner.py:88} INFO - Job 14: Subtask extract_task
[2025-02-27T09:33:22.681+0000] {task_command.py:423} INFO - Running <TaskInstance: 3_4_2_homework_assignment.extract_task scheduled__2024-01-07T00:00:00+00:00 [running]> on host ea5964584459
[2025-02-27T09:33:22.718+0000] {taskinstance.py:2480} INFO - Exporting env vars: AIRFLOW_CTX_DAG_OWNER='airflow' AIRFLOW_CTX_DAG_ID='3_4_2_homework_assignment' AIRFLOW_CTX_TASK_ID='extract_task' AIRFLOW_CTX_EXECUTION_DATE='2024-01-07T00:00:00+00:00' AIRFLOW_CTX_TRY_NUMBER='1' AIRFLOW_CTX_DAG_RUN_ID='scheduled__2024-01-07T00:00:00+00:00'
[2025-02-27T09:33:23.314+0000] {python.py:201} INFO - Done. Returned value was: None
[2025-02-27T09:33:23.318+0000] {taskinstance.py:1138} INFO - Marking task as SUCCESS. dag_id=3_4_2_homework_assignment, task_id=extract_task, execution_date=20240107T000000, start_date=20250227T093322, end_date=20250227T093323
[2025-02-27T09:33:23.348+0000] {local_task_job_runner.py:234} INFO - Task exited with return code 0
[2025-02-27T09:35:35.357+0000] {taskinstance.py:1956} INFO - Dependencies all met for dep_context=non-requeueable deps ti=<TaskInstance: 3_4_2_homework_assignment.extract_task scheduled__2024-01-07T00:00:00+00:00 [queued]>
[2025-02-27T09:35:35.362+0000] {taskinstance.py:1956} INFO - Dependencies all met for dep_context=requeueable deps ti=<TaskInstance: 3_4_2_homework_assignment.extract_task scheduled__2024-01-07T00:00:00+00:00 [queued]>
[2025-02-27T09:35:35.363+0000] {taskinstance.py:2170} INFO - Starting attempt 1 of 1
[2025-02-27T09:35:35.373+0000] {taskinstance.py:2191} INFO - Executing <Task(PythonOperator): extract_task> on 2024-01-07 00:00:00+00:00
[2025-02-27T09:35:35.378+0000] {standard_task_runner.py:60} INFO - Started process 731 to run task
[2025-02-27T09:35:35.380+0000] {standard_task_runner.py:87} INFO - Running: ['airflow', 'tasks', 'run', '3_4_2_homework_assignment', 'extract_task', 'scheduled__2024-01-07T00:00:00+00:00', '--job-id', '14', '--raw', '--subdir', 'DAGS_FOLDER/3_4_2_homework_assignment.py', '--cfg-path', '/tmp/tmp9e2001vz']
[2025-02-27T09:35:35.381+0000] {standard_task_runner.py:88} INFO - Job 14: Subtask extract_task
[2025-02-27T09:35:35.407+0000] {task_command.py:423} INFO - Running <TaskInstance: 3_4_2_homework_assignment.extract_task scheduled__2024-01-07T00:00:00+00:00 [running]> on host ea5964584459
[2025-02-27T09:35:35.455+0000] {taskinstance.py:2480} INFO - Exporting env vars: AIRFLOW_CTX_DAG_OWNER='airflow' AIRFLOW_CTX_DAG_ID='3_4_2_homework_assignment' AIRFLOW_CTX_TASK_ID='extract_task' AIRFLOW_CTX_EXECUTION_DATE='2024-01-07T00:00:00+00:00' AIRFLOW_CTX_TRY_NUMBER='1' AIRFLOW_CTX_DAG_RUN_ID='scheduled__2024-01-07T00:00:00+00:00'
[2025-02-27T09:35:36.067+0000] {python.py:201} INFO - Done. Returned value was: None
[2025-02-27T09:35:36.071+0000] {taskinstance.py:1138} INFO - Marking task as SUCCESS. dag_id=3_4_2_homework_assignment, task_id=extract_task, execution_date=20240107T000000, start_date=20250227T093535, end_date=20250227T093536
[2025-02-27T09:35:36.123+0000] {local_task_job_runner.py:234} INFO - Task exited with return code 0
[2025-02-27T09:40:31.652+0000] {taskinstance.py:1956} INFO - Dependencies all met for dep_context=non-requeueable deps ti=<TaskInstance: 3_4_2_homework_assignment.extract_task scheduled__2024-01-07T00:00:00+00:00 [queued]>
[2025-02-27T09:40:31.657+0000] {taskinstance.py:1956} INFO - Dependencies all met for dep_context=requeueable deps ti=<TaskInstance: 3_4_2_homework_assignment.extract_task scheduled__2024-01-07T00:00:00+00:00 [queued]>
[2025-02-27T09:40:31.658+0000] {taskinstance.py:2170} INFO - Starting attempt 1 of 1
[2025-02-27T09:40:31.668+0000] {taskinstance.py:2191} INFO - Executing <Task(PythonOperator): extract_task> on 2024-01-07 00:00:00+00:00
[2025-02-27T09:40:31.672+0000] {standard_task_runner.py:60} INFO - Started process 1134 to run task
[2025-02-27T09:40:31.675+0000] {standard_task_runner.py:87} INFO - Running: ['airflow', 'tasks', 'run', '3_4_2_homework_assignment', 'extract_task', 'scheduled__2024-01-07T00:00:00+00:00', '--job-id', '14', '--raw', '--subdir', 'DAGS_FOLDER/3_4_2_homework_assignment.py', '--cfg-path', '/tmp/tmp1wt0bsip']
[2025-02-27T09:40:31.676+0000] {standard_task_runner.py:88} INFO - Job 14: Subtask extract_task
[2025-02-27T09:40:31.701+0000] {task_command.py:423} INFO - Running <TaskInstance: 3_4_2_homework_assignment.extract_task scheduled__2024-01-07T00:00:00+00:00 [running]> on host ea5964584459
[2025-02-27T09:40:31.743+0000] {taskinstance.py:2480} INFO - Exporting env vars: AIRFLOW_CTX_DAG_OWNER='airflow' AIRFLOW_CTX_DAG_ID='3_4_2_homework_assignment' AIRFLOW_CTX_TASK_ID='extract_task' AIRFLOW_CTX_EXECUTION_DATE='2024-01-07T00:00:00+00:00' AIRFLOW_CTX_TRY_NUMBER='1' AIRFLOW_CTX_DAG_RUN_ID='scheduled__2024-01-07T00:00:00+00:00'
[2025-02-27T09:40:32.379+0000] {python.py:201} INFO - Done. Returned value was: None
[2025-02-27T09:40:32.383+0000] {taskinstance.py:1138} INFO - Marking task as SUCCESS. dag_id=3_4_2_homework_assignment, task_id=extract_task, execution_date=20240107T000000, start_date=20250227T094031, end_date=20250227T094032
[2025-02-27T09:40:32.413+0000] {local_task_job_runner.py:234} INFO - Task exited with return code 0
[2025-02-27T09:50:49.211+0000] {taskinstance.py:1956} INFO - Dependencies all met for dep_context=non-requeueable deps ti=<TaskInstance: 3_4_2_homework_assignment.extract_task scheduled__2024-01-07T00:00:00+00:00 [queued]>
[2025-02-27T09:50:49.216+0000] {taskinstance.py:1956} INFO - Dependencies all met for dep_context=requeueable deps ti=<TaskInstance: 3_4_2_homework_assignment.extract_task scheduled__2024-01-07T00:00:00+00:00 [queued]>
[2025-02-27T09:50:49.216+0000] {taskinstance.py:2170} INFO - Starting attempt 1 of 1
[2025-02-27T09:50:49.226+0000] {taskinstance.py:2191} INFO - Executing <Task(PythonOperator): extract_task> on 2024-01-07 00:00:00+00:00
[2025-02-27T09:50:49.230+0000] {standard_task_runner.py:60} INFO - Started process 2393 to run task
[2025-02-27T09:50:49.232+0000] {standard_task_runner.py:87} INFO - Running: ['airflow', 'tasks', 'run', '3_4_2_homework_assignment', 'extract_task', 'scheduled__2024-01-07T00:00:00+00:00', '--job-id', '20', '--raw', '--subdir', 'DAGS_FOLDER/3_4_2_homework_assignment.py', '--cfg-path', '/tmp/tmpajtuoaeg']
[2025-02-27T09:50:49.233+0000] {standard_task_runner.py:88} INFO - Job 20: Subtask extract_task
[2025-02-27T09:50:49.258+0000] {task_command.py:423} INFO - Running <TaskInstance: 3_4_2_homework_assignment.extract_task scheduled__2024-01-07T00:00:00+00:00 [running]> on host ea5964584459
[2025-02-27T09:50:49.295+0000] {taskinstance.py:2480} INFO - Exporting env vars: AIRFLOW_CTX_DAG_OWNER='airflow' AIRFLOW_CTX_DAG_ID='3_4_2_homework_assignment' AIRFLOW_CTX_TASK_ID='extract_task' AIRFLOW_CTX_EXECUTION_DATE='2024-01-07T00:00:00+00:00' AIRFLOW_CTX_TRY_NUMBER='1' AIRFLOW_CTX_DAG_RUN_ID='scheduled__2024-01-07T00:00:00+00:00'
[2025-02-27T09:50:49.296+0000] {logging_mixin.py:188} INFO - https://api.exchangerate.host/timeframe?access_key=None&source=USD&start_date={{ds}}&end_date={{ds}}
[2025-02-27T09:50:49.996+0000] {logging_mixin.py:188} INFO - Ответ API: {
  "success": false,
  "error": {
    "code": 101,
    "type": "invalid_access_key",
    "info": "You have not supplied a valid API Access Key. [Technical Support: support@apilayer.com]"
  }
}
[2025-02-27T09:50:49.997+0000] {python.py:201} INFO - Done. Returned value was: None
[2025-02-27T09:50:50.001+0000] {taskinstance.py:1138} INFO - Marking task as SUCCESS. dag_id=3_4_2_homework_assignment, task_id=extract_task, execution_date=20240107T000000, start_date=20250227T095049, end_date=20250227T095050
[2025-02-27T09:50:50.024+0000] {local_task_job_runner.py:234} INFO - Task exited with return code 0
[2025-02-27T09:50:50.032+0000] {taskinstance.py:3280} INFO - 0 downstream tasks scheduled from follow-on schedule check
[2025-02-27T09:55:08.713+0000] {taskinstance.py:1956} INFO - Dependencies all met for dep_context=non-requeueable deps ti=<TaskInstance: 3_4_2_homework_assignment.extract_task scheduled__2024-01-07T00:00:00+00:00 [queued]>
[2025-02-27T09:55:08.717+0000] {taskinstance.py:1956} INFO - Dependencies all met for dep_context=requeueable deps ti=<TaskInstance: 3_4_2_homework_assignment.extract_task scheduled__2024-01-07T00:00:00+00:00 [queued]>
[2025-02-27T09:55:08.717+0000] {taskinstance.py:2170} INFO - Starting attempt 1 of 1
[2025-02-27T09:55:08.727+0000] {taskinstance.py:2191} INFO - Executing <Task(PythonOperator): extract_task> on 2024-01-07 00:00:00+00:00
[2025-02-27T09:55:08.732+0000] {standard_task_runner.py:60} INFO - Started process 2973 to run task
[2025-02-27T09:55:08.734+0000] {standard_task_runner.py:87} INFO - Running: ['airflow', 'tasks', 'run', '3_4_2_homework_assignment', 'extract_task', 'scheduled__2024-01-07T00:00:00+00:00', '--job-id', '20', '--raw', '--subdir', 'DAGS_FOLDER/3_4_2_homework_assignment.py', '--cfg-path', '/tmp/tmpykjxaa3n']
[2025-02-27T09:55:08.735+0000] {standard_task_runner.py:88} INFO - Job 20: Subtask extract_task
[2025-02-27T09:55:08.760+0000] {task_command.py:423} INFO - Running <TaskInstance: 3_4_2_homework_assignment.extract_task scheduled__2024-01-07T00:00:00+00:00 [running]> on host ea5964584459
[2025-02-27T09:55:08.800+0000] {taskinstance.py:2480} INFO - Exporting env vars: AIRFLOW_CTX_DAG_OWNER='airflow' AIRFLOW_CTX_DAG_ID='3_4_2_homework_assignment' AIRFLOW_CTX_TASK_ID='extract_task' AIRFLOW_CTX_EXECUTION_DATE='2024-01-07T00:00:00+00:00' AIRFLOW_CTX_TRY_NUMBER='1' AIRFLOW_CTX_DAG_RUN_ID='scheduled__2024-01-07T00:00:00+00:00'
[2025-02-27T09:55:08.801+0000] {3_4_2_homework_assignment.py:41} INFO - https://api.exchangerate.host/timeframe?access_key=None&source=USD&start_date={{ds}}&end_date={{ds}}
[2025-02-27T09:55:09.440+0000] {logging_mixin.py:188} INFO - Ответ API: {
  "success": false,
  "error": {
    "code": 101,
    "type": "invalid_access_key",
    "info": "You have not supplied a valid API Access Key. [Technical Support: support@apilayer.com]"
  }
}
[2025-02-27T09:55:09.441+0000] {python.py:201} INFO - Done. Returned value was: None
[2025-02-27T09:55:09.445+0000] {taskinstance.py:1138} INFO - Marking task as SUCCESS. dag_id=3_4_2_homework_assignment, task_id=extract_task, execution_date=20240107T000000, start_date=20250227T095508, end_date=20250227T095509
[2025-02-27T09:55:09.471+0000] {local_task_job_runner.py:234} INFO - Task exited with return code 0
[2025-02-27T09:55:09.480+0000] {taskinstance.py:3280} INFO - 0 downstream tasks scheduled from follow-on schedule check
[2025-02-27T10:07:01.128+0000] {taskinstance.py:1956} INFO - Dependencies all met for dep_context=non-requeueable deps ti=<TaskInstance: 3_4_2_homework_assignment.extract_task scheduled__2024-01-07T00:00:00+00:00 [queued]>
[2025-02-27T10:07:01.134+0000] {taskinstance.py:1956} INFO - Dependencies all met for dep_context=requeueable deps ti=<TaskInstance: 3_4_2_homework_assignment.extract_task scheduled__2024-01-07T00:00:00+00:00 [queued]>
[2025-02-27T10:07:01.134+0000] {taskinstance.py:2170} INFO - Starting attempt 1 of 1
[2025-02-27T10:07:01.146+0000] {taskinstance.py:2191} INFO - Executing <Task(PythonOperator): extract_task> on 2024-01-07 00:00:00+00:00
[2025-02-27T10:07:01.151+0000] {standard_task_runner.py:60} INFO - Started process 3615 to run task
[2025-02-27T10:07:01.153+0000] {standard_task_runner.py:87} INFO - Running: ['airflow', 'tasks', 'run', '3_4_2_homework_assignment', 'extract_task', 'scheduled__2024-01-07T00:00:00+00:00', '--job-id', '20', '--raw', '--subdir', 'DAGS_FOLDER/3_4_2_homework_assignment.py', '--cfg-path', '/tmp/tmpb07ewqh0']
[2025-02-27T10:07:01.155+0000] {standard_task_runner.py:88} INFO - Job 20: Subtask extract_task
[2025-02-27T10:07:01.185+0000] {task_command.py:423} INFO - Running <TaskInstance: 3_4_2_homework_assignment.extract_task scheduled__2024-01-07T00:00:00+00:00 [running]> on host ea5964584459
[2025-02-27T10:07:01.231+0000] {taskinstance.py:2480} INFO - Exporting env vars: AIRFLOW_CTX_DAG_OWNER='airflow' AIRFLOW_CTX_DAG_ID='3_4_2_homework_assignment' AIRFLOW_CTX_TASK_ID='extract_task' AIRFLOW_CTX_EXECUTION_DATE='2024-01-07T00:00:00+00:00' AIRFLOW_CTX_TRY_NUMBER='1' AIRFLOW_CTX_DAG_RUN_ID='scheduled__2024-01-07T00:00:00+00:00'
[2025-02-27T10:07:01.876+0000] {logging_mixin.py:188} INFO - Ответ API: {
  "success": false,
  "error": {
    "code": 101,
    "type": "invalid_access_key",
    "info": "You have not supplied a valid API Access Key. [Technical Support: support@apilayer.com]"
  }
}
[2025-02-27T10:07:01.878+0000] {python.py:201} INFO - Done. Returned value was: None
[2025-02-27T10:07:01.883+0000] {taskinstance.py:1138} INFO - Marking task as SUCCESS. dag_id=3_4_2_homework_assignment, task_id=extract_task, execution_date=20240107T000000, start_date=20250227T100701, end_date=20250227T100701
[2025-02-27T10:07:01.932+0000] {local_task_job_runner.py:234} INFO - Task exited with return code 0
[2025-02-27T10:07:01.941+0000] {taskinstance.py:3280} INFO - 0 downstream tasks scheduled from follow-on schedule check
[2025-02-27T10:14:38.114+0000] {taskinstance.py:1956} INFO - Dependencies all met for dep_context=non-requeueable deps ti=<TaskInstance: 3_4_2_homework_assignment.extract_task scheduled__2024-01-07T00:00:00+00:00 [queued]>
[2025-02-27T10:14:38.122+0000] {taskinstance.py:1956} INFO - Dependencies all met for dep_context=requeueable deps ti=<TaskInstance: 3_4_2_homework_assignment.extract_task scheduled__2024-01-07T00:00:00+00:00 [queued]>
[2025-02-27T10:14:38.122+0000] {taskinstance.py:2170} INFO - Starting attempt 1 of 1
[2025-02-27T10:14:38.141+0000] {taskinstance.py:2191} INFO - Executing <Task(PythonOperator): extract_task> on 2024-01-07 00:00:00+00:00
[2025-02-27T10:14:38.150+0000] {standard_task_runner.py:60} INFO - Started process 4510 to run task
[2025-02-27T10:14:38.153+0000] {standard_task_runner.py:87} INFO - Running: ['airflow', 'tasks', 'run', '3_4_2_homework_assignment', 'extract_task', 'scheduled__2024-01-07T00:00:00+00:00', '--job-id', '20', '--raw', '--subdir', 'DAGS_FOLDER/3_4_2_homework_assignment.py', '--cfg-path', '/tmp/tmpvfqxo1ez']
[2025-02-27T10:14:38.155+0000] {standard_task_runner.py:88} INFO - Job 20: Subtask extract_task
[2025-02-27T10:14:38.197+0000] {task_command.py:423} INFO - Running <TaskInstance: 3_4_2_homework_assignment.extract_task scheduled__2024-01-07T00:00:00+00:00 [running]> on host ea5964584459
[2025-02-27T10:14:38.259+0000] {taskinstance.py:2480} INFO - Exporting env vars: AIRFLOW_CTX_DAG_OWNER='airflow' AIRFLOW_CTX_DAG_ID='3_4_2_homework_assignment' AIRFLOW_CTX_TASK_ID='extract_task' AIRFLOW_CTX_EXECUTION_DATE='2024-01-07T00:00:00+00:00' AIRFLOW_CTX_TRY_NUMBER='1' AIRFLOW_CTX_DAG_RUN_ID='scheduled__2024-01-07T00:00:00+00:00'
[2025-02-27T10:14:38.261+0000] {3_4_2_homework_assignment.py:41} INFO - https://api.exchangerate.host/timeframe?access_key=422bab0c9e08a5476912061877017b8d&source=USD&start_date=2024-01-07&end_date=2024-01-07
[2025-02-27T10:14:38.929+0000] {logging_mixin.py:188} INFO - Ответ API: {"success":true,"terms":"https:\/\/currencylayer.com\/terms","privacy":"https:\/\/currencylayer.com\/privacy","timeframe":true,"start_date":"2024-01-07","end_date":"2024-01-07","source":"USD","quotes":{"2024-01-07":{"USDAED":3.672805,"USDAFN":70.205573,"USDALL":95.386021,"USDAMD":403.380539,"USDANG":1.797168,"USDAOA":830.503591,"USDARS":809.706081,"USDAUD":1.48892,"USDAWG":1.8,"USDAZN":1.704736,"USDBAM":1.786935,"USDBBD":2.013431,"USDBDT":109.4381,"USDBGN":1.786935,"USDBHD":0.375879,"USDBIF":2841.388762,"USDBMD":1,"USDBND":1.327912,"USDBOB":6.890818,"USDBRL":4.883508,"USDBSD":0.997168,"USDBTC":2.2730919e-5,"USDBTN":82.919781,"USDBWP":13.539516,"USDBYN":3.293285,"USDBYR":19600,"USDBZD":2.01005,"USDCAD":1.33603,"USDCDF":2689.999791,"USDCHF":0.85081,"USDCLF":0.032256,"USDCLP":890.041115,"USDCNY":7.102502,"USDCOP":3919.872088,"USDCRC":517.770672,"USDCUC":1,"USDCUP":26.5,"USDCVE":100.744632,"USDCZK":22.468033,"USDDJF":177.551393,"USDDKK":6.81593,"USDDOP":58.099589,"USDDZD":134.403959,"USDEGP":30.724846,"USDERN":15,"USDETB":55.891366,"USDEUR":0.913925,"USDFJD":2.21295,"USDFKP":0.785907,"USDGBP":0.78642,"USDGEL":2.690009,"USDGGP":0.785907,"USDGHS":11.916857,"USDGIP":0.785907,"USDGMD":67.199662,"USDGNF":8571.950662,"USDGTQ":7.800822,"USDGYD":208.624943,"USDHKD":7.812025,"USDHNL":24.600274,"USDHRK":6.98177,"USDHTG":131.329374,"USDHUF":345.46991,"USDIDR":15503.35,"USDILS":3.677902,"USDIMP":0.785907,"USDINR":83.19135,"USDIQD":1306.349931,"USDIRR":42037.502388,"USDISK":137.789655,"USDJEP":0.785907,"USDJMD":154.088625,"USDJOD":0.709402,"USDJPY":144.737497,"USDKES":155.312928,"USDKGS":89.085303,"USDKHR":4081.315669,"USDKMF":449.975028,"USDKPW":900.000005,"USDKRW":1314.744994,"USDKWD":0.30753,"USDKYD":0.830973,"USDKZT":452.325263,"USDLAK":20547.281864,"USDLBP":14987.756967,"USDLKR":323.005939,"USDLRD":188.649825,"USDLSL":18.690188,"USDLTL":2.95274,"USDLVL":0.60489,"USDLYD":4.787574,"USDMAD":9.919415,"USDMDL":17.650069,"USDMGA":4582.000914,"USDMKD":56.208314,"USDMMK":2094.106898,"USDMNT":3411.224741,"USDMOP":8.023298,"USDMRU":39.650086,"USDMUR":44.750026,"USDMVR":15.399296,"USDMWK":1678.666058,"USDMXN":16.885205,"USDMYR":4.654496,"USDMZN":63.24995,"USDNAD":18.689929,"USDNGN":914.469748,"USDNIO":36.518958,"USDNOK":10.306601,"USDNPR":132.67154,"USDNZD":1.600503,"USDOMR":0.38392,"USDPAB":0.997259,"USDPEN":3.694655,"USDPGK":3.724075,"USDPHP":55.508496,"USDPKR":277.248881,"USDPLN":3.973354,"USDPYG":7237.094564,"USDQAR":3.640986,"USDRON":4.530225,"USDRSD":107.114664,"USDRUB":90.929883,"USDRWF":1259.936044,"USDSAR":3.750405,"USDSBD":8.43942,"USDSCR":13.288808,"USDSDG":601.000308,"USDSEK":10.26371,"USDSGD":1.32974,"USDSHP":1.27175,"USDSLE":22.700603,"USDSLL":19750.000442,"USDSOS":570.999881,"USDSRD":36.666995,"USDSTD":20697.981008,"USDSYP":13002.107463,"USDSZL":18.782092,"USDTHB":34.668497,"USDTJS":10.934217,"USDTMT":3.5,"USDTND":3.097006,"USDTOP":2.34815,"USDTRY":29.872455,"USDTTD":6.747373,"USDTWD":30.967018,"USDTZS":2509.913202,"USDUAH":37.982092,"USDUGX":3780.721791,"USDUYU":39.068068,"USDUZS":12306.989493,"USDVEF":3595221.299037,"USDVES":35.96152,"USDVND":24380,"USDVUV":117.982044,"USDWST":2.682486,"USDXAF":599.321151,"USDXAG":0.043263,"USDXAU":0.000489,"USDXCD":2.70255,"USDXDR":0.743262,"USDXOF":599.321151,"USDXPF":109.489964,"USDYER":250.394655,"USDZAR":18.67755,"USDZMK":9001.204195,"USDZMW":25.72773,"USDZWL":321.999592}}}
[2025-02-27T10:14:38.931+0000] {python.py:201} INFO - Done. Returned value was: None
[2025-02-27T10:14:38.935+0000] {taskinstance.py:1138} INFO - Marking task as SUCCESS. dag_id=3_4_2_homework_assignment, task_id=extract_task, execution_date=20240107T000000, start_date=20250227T101438, end_date=20250227T101438
[2025-02-27T10:14:38.970+0000] {local_task_job_runner.py:234} INFO - Task exited with return code 0
[2025-02-27T10:14:38.978+0000] {taskinstance.py:3280} INFO - 0 downstream tasks scheduled from follow-on schedule check
[2025-02-27T10:19:53.562+0000] {taskinstance.py:1956} INFO - Dependencies all met for dep_context=non-requeueable deps ti=<TaskInstance: 3_4_2_homework_assignment.extract_task scheduled__2024-01-07T00:00:00+00:00 [queued]>
[2025-02-27T10:19:53.570+0000] {taskinstance.py:1956} INFO - Dependencies all met for dep_context=requeueable deps ti=<TaskInstance: 3_4_2_homework_assignment.extract_task scheduled__2024-01-07T00:00:00+00:00 [queued]>
[2025-02-27T10:19:53.571+0000] {taskinstance.py:2170} INFO - Starting attempt 1 of 1
[2025-02-27T10:19:53.599+0000] {taskinstance.py:2191} INFO - Executing <Task(PythonOperator): extract_task> on 2024-01-07 00:00:00+00:00
[2025-02-27T10:19:53.605+0000] {standard_task_runner.py:60} INFO - Started process 5103 to run task
[2025-02-27T10:19:53.608+0000] {standard_task_runner.py:87} INFO - Running: ['airflow', 'tasks', 'run', '3_4_2_homework_assignment', 'extract_task', 'scheduled__2024-01-07T00:00:00+00:00', '--job-id', '20', '--raw', '--subdir', 'DAGS_FOLDER/3_4_2_homework_assignment.py', '--cfg-path', '/tmp/tmpyovtscbm']
[2025-02-27T10:19:53.609+0000] {standard_task_runner.py:88} INFO - Job 20: Subtask extract_task
[2025-02-27T10:19:53.648+0000] {task_command.py:423} INFO - Running <TaskInstance: 3_4_2_homework_assignment.extract_task scheduled__2024-01-07T00:00:00+00:00 [running]> on host ea5964584459
[2025-02-27T10:19:53.707+0000] {taskinstance.py:2480} INFO - Exporting env vars: AIRFLOW_CTX_DAG_OWNER='airflow' AIRFLOW_CTX_DAG_ID='3_4_2_homework_assignment' AIRFLOW_CTX_TASK_ID='extract_task' AIRFLOW_CTX_EXECUTION_DATE='2024-01-07T00:00:00+00:00' AIRFLOW_CTX_TRY_NUMBER='1' AIRFLOW_CTX_DAG_RUN_ID='scheduled__2024-01-07T00:00:00+00:00'
[2025-02-27T10:19:53.708+0000] {3_4_2_homework_assignment.py:40} INFO - https://api.exchangerate.host/timeframe?access_key=422bab0c9e08a5476912061877017b8d&source=USD&start_date=2024-01-07&end_date=2024-01-07
[2025-02-27T10:19:54.345+0000] {logging_mixin.py:188} INFO - Ответ API: {"success":true,"terms":"https:\/\/currencylayer.com\/terms","privacy":"https:\/\/currencylayer.com\/privacy","timeframe":true,"start_date":"2024-01-07","end_date":"2024-01-07","source":"USD","quotes":{"2024-01-07":{"USDAED":3.672805,"USDAFN":70.205573,"USDALL":95.386021,"USDAMD":403.380539,"USDANG":1.797168,"USDAOA":830.503591,"USDARS":809.706081,"USDAUD":1.48892,"USDAWG":1.8,"USDAZN":1.704736,"USDBAM":1.786935,"USDBBD":2.013431,"USDBDT":109.4381,"USDBGN":1.786935,"USDBHD":0.375879,"USDBIF":2841.388762,"USDBMD":1,"USDBND":1.327912,"USDBOB":6.890818,"USDBRL":4.883508,"USDBSD":0.997168,"USDBTC":2.2730919e-5,"USDBTN":82.919781,"USDBWP":13.539516,"USDBYN":3.293285,"USDBYR":19600,"USDBZD":2.01005,"USDCAD":1.33603,"USDCDF":2689.999791,"USDCHF":0.85081,"USDCLF":0.032256,"USDCLP":890.041115,"USDCNY":7.102502,"USDCOP":3919.872088,"USDCRC":517.770672,"USDCUC":1,"USDCUP":26.5,"USDCVE":100.744632,"USDCZK":22.468033,"USDDJF":177.551393,"USDDKK":6.81593,"USDDOP":58.099589,"USDDZD":134.403959,"USDEGP":30.724846,"USDERN":15,"USDETB":55.891366,"USDEUR":0.913925,"USDFJD":2.21295,"USDFKP":0.785907,"USDGBP":0.78642,"USDGEL":2.690009,"USDGGP":0.785907,"USDGHS":11.916857,"USDGIP":0.785907,"USDGMD":67.199662,"USDGNF":8571.950662,"USDGTQ":7.800822,"USDGYD":208.624943,"USDHKD":7.812025,"USDHNL":24.600274,"USDHRK":6.98177,"USDHTG":131.329374,"USDHUF":345.46991,"USDIDR":15503.35,"USDILS":3.677902,"USDIMP":0.785907,"USDINR":83.19135,"USDIQD":1306.349931,"USDIRR":42037.502388,"USDISK":137.789655,"USDJEP":0.785907,"USDJMD":154.088625,"USDJOD":0.709402,"USDJPY":144.737497,"USDKES":155.312928,"USDKGS":89.085303,"USDKHR":4081.315669,"USDKMF":449.975028,"USDKPW":900.000005,"USDKRW":1314.744994,"USDKWD":0.30753,"USDKYD":0.830973,"USDKZT":452.325263,"USDLAK":20547.281864,"USDLBP":14987.756967,"USDLKR":323.005939,"USDLRD":188.649825,"USDLSL":18.690188,"USDLTL":2.95274,"USDLVL":0.60489,"USDLYD":4.787574,"USDMAD":9.919415,"USDMDL":17.650069,"USDMGA":4582.000914,"USDMKD":56.208314,"USDMMK":2094.106898,"USDMNT":3411.224741,"USDMOP":8.023298,"USDMRU":39.650086,"USDMUR":44.750026,"USDMVR":15.399296,"USDMWK":1678.666058,"USDMXN":16.885205,"USDMYR":4.654496,"USDMZN":63.24995,"USDNAD":18.689929,"USDNGN":914.469748,"USDNIO":36.518958,"USDNOK":10.306601,"USDNPR":132.67154,"USDNZD":1.600503,"USDOMR":0.38392,"USDPAB":0.997259,"USDPEN":3.694655,"USDPGK":3.724075,"USDPHP":55.508496,"USDPKR":277.248881,"USDPLN":3.973354,"USDPYG":7237.094564,"USDQAR":3.640986,"USDRON":4.530225,"USDRSD":107.114664,"USDRUB":90.929883,"USDRWF":1259.936044,"USDSAR":3.750405,"USDSBD":8.43942,"USDSCR":13.288808,"USDSDG":601.000308,"USDSEK":10.26371,"USDSGD":1.32974,"USDSHP":1.27175,"USDSLE":22.700603,"USDSLL":19750.000442,"USDSOS":570.999881,"USDSRD":36.666995,"USDSTD":20697.981008,"USDSYP":13002.107463,"USDSZL":18.782092,"USDTHB":34.668497,"USDTJS":10.934217,"USDTMT":3.5,"USDTND":3.097006,"USDTOP":2.34815,"USDTRY":29.872455,"USDTTD":6.747373,"USDTWD":30.967018,"USDTZS":2509.913202,"USDUAH":37.982092,"USDUGX":3780.721791,"USDUYU":39.068068,"USDUZS":12306.989493,"USDVEF":3595221.299037,"USDVES":35.96152,"USDVND":24380,"USDVUV":117.982044,"USDWST":2.682486,"USDXAF":599.321151,"USDXAG":0.043263,"USDXAU":0.000489,"USDXCD":2.70255,"USDXDR":0.743262,"USDXOF":599.321151,"USDXPF":109.489964,"USDYER":250.394655,"USDZAR":18.67755,"USDZMK":9001.204195,"USDZMW":25.72773,"USDZWL":321.999592}}}
[2025-02-27T10:19:54.346+0000] {python.py:201} INFO - Done. Returned value was: None
[2025-02-27T10:19:54.351+0000] {taskinstance.py:1138} INFO - Marking task as SUCCESS. dag_id=3_4_2_homework_assignment, task_id=extract_task, execution_date=20240107T000000, start_date=20250227T101953, end_date=20250227T101954
[2025-02-27T10:19:54.389+0000] {local_task_job_runner.py:234} INFO - Task exited with return code 0
[2025-02-27T10:27:18.634+0000] {taskinstance.py:1956} INFO - Dependencies all met for dep_context=non-requeueable deps ti=<TaskInstance: 3_4_2_homework_assignment.extract_task scheduled__2024-01-07T00:00:00+00:00 [queued]>
[2025-02-27T10:27:18.638+0000] {taskinstance.py:1956} INFO - Dependencies all met for dep_context=requeueable deps ti=<TaskInstance: 3_4_2_homework_assignment.extract_task scheduled__2024-01-07T00:00:00+00:00 [queued]>
[2025-02-27T10:27:18.638+0000] {taskinstance.py:2170} INFO - Starting attempt 1 of 1
[2025-02-27T10:27:18.649+0000] {taskinstance.py:2191} INFO - Executing <Task(PythonOperator): extract_task> on 2024-01-07 00:00:00+00:00
[2025-02-27T10:27:18.654+0000] {standard_task_runner.py:60} INFO - Started process 5845 to run task
[2025-02-27T10:27:18.656+0000] {standard_task_runner.py:87} INFO - Running: ['airflow', 'tasks', 'run', '3_4_2_homework_assignment', 'extract_task', 'scheduled__2024-01-07T00:00:00+00:00', '--job-id', '20', '--raw', '--subdir', 'DAGS_FOLDER/3_4_2_homework_assignment.py', '--cfg-path', '/tmp/tmp5y_a2686']
[2025-02-27T10:27:18.657+0000] {standard_task_runner.py:88} INFO - Job 20: Subtask extract_task
[2025-02-27T10:27:18.682+0000] {task_command.py:423} INFO - Running <TaskInstance: 3_4_2_homework_assignment.extract_task scheduled__2024-01-07T00:00:00+00:00 [running]> on host ea5964584459
[2025-02-27T10:27:18.720+0000] {taskinstance.py:2480} INFO - Exporting env vars: AIRFLOW_CTX_DAG_OWNER='airflow' AIRFLOW_CTX_DAG_ID='3_4_2_homework_assignment' AIRFLOW_CTX_TASK_ID='extract_task' AIRFLOW_CTX_EXECUTION_DATE='2024-01-07T00:00:00+00:00' AIRFLOW_CTX_TRY_NUMBER='1' AIRFLOW_CTX_DAG_RUN_ID='scheduled__2024-01-07T00:00:00+00:00'
[2025-02-27T10:27:18.721+0000] {3_4_2_homework_assignment.py:40} INFO - https://api.exchangerate.host/timeframe?access_key=422bab0c9e08a5476912061877017b8d&source=USD&start_date=2024-01-07&end_date=2024-01-07
[2025-02-27T10:27:19.377+0000] {logging_mixin.py:188} INFO - Ответ API: {"success":true,"terms":"https:\/\/currencylayer.com\/terms","privacy":"https:\/\/currencylayer.com\/privacy","timeframe":true,"start_date":"2024-01-07","end_date":"2024-01-07","source":"USD","quotes":{"2024-01-07":{"USDAED":3.672805,"USDAFN":70.205573,"USDALL":95.386021,"USDAMD":403.380539,"USDANG":1.797168,"USDAOA":830.503591,"USDARS":809.706081,"USDAUD":1.48892,"USDAWG":1.8,"USDAZN":1.704736,"USDBAM":1.786935,"USDBBD":2.013431,"USDBDT":109.4381,"USDBGN":1.786935,"USDBHD":0.375879,"USDBIF":2841.388762,"USDBMD":1,"USDBND":1.327912,"USDBOB":6.890818,"USDBRL":4.883508,"USDBSD":0.997168,"USDBTC":2.2730919e-5,"USDBTN":82.919781,"USDBWP":13.539516,"USDBYN":3.293285,"USDBYR":19600,"USDBZD":2.01005,"USDCAD":1.33603,"USDCDF":2689.999791,"USDCHF":0.85081,"USDCLF":0.032256,"USDCLP":890.041115,"USDCNY":7.102502,"USDCOP":3919.872088,"USDCRC":517.770672,"USDCUC":1,"USDCUP":26.5,"USDCVE":100.744632,"USDCZK":22.468033,"USDDJF":177.551393,"USDDKK":6.81593,"USDDOP":58.099589,"USDDZD":134.403959,"USDEGP":30.724846,"USDERN":15,"USDETB":55.891366,"USDEUR":0.913925,"USDFJD":2.21295,"USDFKP":0.785907,"USDGBP":0.78642,"USDGEL":2.690009,"USDGGP":0.785907,"USDGHS":11.916857,"USDGIP":0.785907,"USDGMD":67.199662,"USDGNF":8571.950662,"USDGTQ":7.800822,"USDGYD":208.624943,"USDHKD":7.812025,"USDHNL":24.600274,"USDHRK":6.98177,"USDHTG":131.329374,"USDHUF":345.46991,"USDIDR":15503.35,"USDILS":3.677902,"USDIMP":0.785907,"USDINR":83.19135,"USDIQD":1306.349931,"USDIRR":42037.502388,"USDISK":137.789655,"USDJEP":0.785907,"USDJMD":154.088625,"USDJOD":0.709402,"USDJPY":144.737497,"USDKES":155.312928,"USDKGS":89.085303,"USDKHR":4081.315669,"USDKMF":449.975028,"USDKPW":900.000005,"USDKRW":1314.744994,"USDKWD":0.30753,"USDKYD":0.830973,"USDKZT":452.325263,"USDLAK":20547.281864,"USDLBP":14987.756967,"USDLKR":323.005939,"USDLRD":188.649825,"USDLSL":18.690188,"USDLTL":2.95274,"USDLVL":0.60489,"USDLYD":4.787574,"USDMAD":9.919415,"USDMDL":17.650069,"USDMGA":4582.000914,"USDMKD":56.208314,"USDMMK":2094.106898,"USDMNT":3411.224741,"USDMOP":8.023298,"USDMRU":39.650086,"USDMUR":44.750026,"USDMVR":15.399296,"USDMWK":1678.666058,"USDMXN":16.885205,"USDMYR":4.654496,"USDMZN":63.24995,"USDNAD":18.689929,"USDNGN":914.469748,"USDNIO":36.518958,"USDNOK":10.306601,"USDNPR":132.67154,"USDNZD":1.600503,"USDOMR":0.38392,"USDPAB":0.997259,"USDPEN":3.694655,"USDPGK":3.724075,"USDPHP":55.508496,"USDPKR":277.248881,"USDPLN":3.973354,"USDPYG":7237.094564,"USDQAR":3.640986,"USDRON":4.530225,"USDRSD":107.114664,"USDRUB":90.929883,"USDRWF":1259.936044,"USDSAR":3.750405,"USDSBD":8.43942,"USDSCR":13.288808,"USDSDG":601.000308,"USDSEK":10.26371,"USDSGD":1.32974,"USDSHP":1.27175,"USDSLE":22.700603,"USDSLL":19750.000442,"USDSOS":570.999881,"USDSRD":36.666995,"USDSTD":20697.981008,"USDSYP":13002.107463,"USDSZL":18.782092,"USDTHB":34.668497,"USDTJS":10.934217,"USDTMT":3.5,"USDTND":3.097006,"USDTOP":2.34815,"USDTRY":29.872455,"USDTTD":6.747373,"USDTWD":30.967018,"USDTZS":2509.913202,"USDUAH":37.982092,"USDUGX":3780.721791,"USDUYU":39.068068,"USDUZS":12306.989493,"USDVEF":3595221.299037,"USDVES":35.96152,"USDVND":24380,"USDVUV":117.982044,"USDWST":2.682486,"USDXAF":599.321151,"USDXAG":0.043263,"USDXAU":0.000489,"USDXCD":2.70255,"USDXDR":0.743262,"USDXOF":599.321151,"USDXPF":109.489964,"USDYER":250.394655,"USDZAR":18.67755,"USDZMK":9001.204195,"USDZMW":25.72773,"USDZWL":321.999592}}}
[2025-02-27T10:27:19.379+0000] {python.py:201} INFO - Done. Returned value was: None
[2025-02-27T10:27:19.383+0000] {taskinstance.py:1138} INFO - Marking task as SUCCESS. dag_id=3_4_2_homework_assignment, task_id=extract_task, execution_date=20240107T000000, start_date=20250227T102718, end_date=20250227T102719
[2025-02-27T10:27:19.398+0000] {local_task_job_runner.py:234} INFO - Task exited with return code 0
[2025-02-27T10:35:40.043+0000] {taskinstance.py:1956} INFO - Dependencies all met for dep_context=non-requeueable deps ti=<TaskInstance: 3_4_2_homework_assignment.extract_task scheduled__2024-01-07T00:00:00+00:00 [queued]>
[2025-02-27T10:35:40.048+0000] {taskinstance.py:1956} INFO - Dependencies all met for dep_context=requeueable deps ti=<TaskInstance: 3_4_2_homework_assignment.extract_task scheduled__2024-01-07T00:00:00+00:00 [queued]>
[2025-02-27T10:35:40.049+0000] {taskinstance.py:2170} INFO - Starting attempt 1 of 1
[2025-02-27T10:35:40.066+0000] {taskinstance.py:2191} INFO - Executing <Task(PythonOperator): extract_task> on 2024-01-07 00:00:00+00:00
[2025-02-27T10:35:40.071+0000] {standard_task_runner.py:60} INFO - Started process 6505 to run task
[2025-02-27T10:35:40.074+0000] {standard_task_runner.py:87} INFO - Running: ['airflow', 'tasks', 'run', '3_4_2_homework_assignment', 'extract_task', 'scheduled__2024-01-07T00:00:00+00:00', '--job-id', '20', '--raw', '--subdir', 'DAGS_FOLDER/3_4_2_homework_assignment.py', '--cfg-path', '/tmp/tmpkrynme4k']
[2025-02-27T10:35:40.075+0000] {standard_task_runner.py:88} INFO - Job 20: Subtask extract_task
[2025-02-27T10:35:40.109+0000] {task_command.py:423} INFO - Running <TaskInstance: 3_4_2_homework_assignment.extract_task scheduled__2024-01-07T00:00:00+00:00 [running]> on host ea5964584459
[2025-02-27T10:35:40.159+0000] {taskinstance.py:2480} INFO - Exporting env vars: AIRFLOW_CTX_DAG_OWNER='airflow' AIRFLOW_CTX_DAG_ID='3_4_2_homework_assignment' AIRFLOW_CTX_TASK_ID='extract_task' AIRFLOW_CTX_EXECUTION_DATE='2024-01-07T00:00:00+00:00' AIRFLOW_CTX_TRY_NUMBER='1' AIRFLOW_CTX_DAG_RUN_ID='scheduled__2024-01-07T00:00:00+00:00'
[2025-02-27T10:35:40.161+0000] {3_4_2_homework_assignment.py:40} INFO - https://api.exchangerate.host/timeframe?access_key=422bab0c9e08a5476912061877017b8d&source=USD&start_date=2024-01-07&end_date=2024-01-07
[2025-02-27T10:35:40.842+0000] {logging_mixin.py:188} INFO - Ответ API: {"success":true,"terms":"https:\/\/currencylayer.com\/terms","privacy":"https:\/\/currencylayer.com\/privacy","timeframe":true,"start_date":"2024-01-07","end_date":"2024-01-07","source":"USD","quotes":{"2024-01-07":{"USDAED":3.672805,"USDAFN":70.205573,"USDALL":95.386021,"USDAMD":403.380539,"USDANG":1.797168,"USDAOA":830.503591,"USDARS":809.706081,"USDAUD":1.48892,"USDAWG":1.8,"USDAZN":1.704736,"USDBAM":1.786935,"USDBBD":2.013431,"USDBDT":109.4381,"USDBGN":1.786935,"USDBHD":0.375879,"USDBIF":2841.388762,"USDBMD":1,"USDBND":1.327912,"USDBOB":6.890818,"USDBRL":4.883508,"USDBSD":0.997168,"USDBTC":2.2730919e-5,"USDBTN":82.919781,"USDBWP":13.539516,"USDBYN":3.293285,"USDBYR":19600,"USDBZD":2.01005,"USDCAD":1.33603,"USDCDF":2689.999791,"USDCHF":0.85081,"USDCLF":0.032256,"USDCLP":890.041115,"USDCNY":7.102502,"USDCOP":3919.872088,"USDCRC":517.770672,"USDCUC":1,"USDCUP":26.5,"USDCVE":100.744632,"USDCZK":22.468033,"USDDJF":177.551393,"USDDKK":6.81593,"USDDOP":58.099589,"USDDZD":134.403959,"USDEGP":30.724846,"USDERN":15,"USDETB":55.891366,"USDEUR":0.913925,"USDFJD":2.21295,"USDFKP":0.785907,"USDGBP":0.78642,"USDGEL":2.690009,"USDGGP":0.785907,"USDGHS":11.916857,"USDGIP":0.785907,"USDGMD":67.199662,"USDGNF":8571.950662,"USDGTQ":7.800822,"USDGYD":208.624943,"USDHKD":7.812025,"USDHNL":24.600274,"USDHRK":6.98177,"USDHTG":131.329374,"USDHUF":345.46991,"USDIDR":15503.35,"USDILS":3.677902,"USDIMP":0.785907,"USDINR":83.19135,"USDIQD":1306.349931,"USDIRR":42037.502388,"USDISK":137.789655,"USDJEP":0.785907,"USDJMD":154.088625,"USDJOD":0.709402,"USDJPY":144.737497,"USDKES":155.312928,"USDKGS":89.085303,"USDKHR":4081.315669,"USDKMF":449.975028,"USDKPW":900.000005,"USDKRW":1314.744994,"USDKWD":0.30753,"USDKYD":0.830973,"USDKZT":452.325263,"USDLAK":20547.281864,"USDLBP":14987.756967,"USDLKR":323.005939,"USDLRD":188.649825,"USDLSL":18.690188,"USDLTL":2.95274,"USDLVL":0.60489,"USDLYD":4.787574,"USDMAD":9.919415,"USDMDL":17.650069,"USDMGA":4582.000914,"USDMKD":56.208314,"USDMMK":2094.106898,"USDMNT":3411.224741,"USDMOP":8.023298,"USDMRU":39.650086,"USDMUR":44.750026,"USDMVR":15.399296,"USDMWK":1678.666058,"USDMXN":16.885205,"USDMYR":4.654496,"USDMZN":63.24995,"USDNAD":18.689929,"USDNGN":914.469748,"USDNIO":36.518958,"USDNOK":10.306601,"USDNPR":132.67154,"USDNZD":1.600503,"USDOMR":0.38392,"USDPAB":0.997259,"USDPEN":3.694655,"USDPGK":3.724075,"USDPHP":55.508496,"USDPKR":277.248881,"USDPLN":3.973354,"USDPYG":7237.094564,"USDQAR":3.640986,"USDRON":4.530225,"USDRSD":107.114664,"USDRUB":90.929883,"USDRWF":1259.936044,"USDSAR":3.750405,"USDSBD":8.43942,"USDSCR":13.288808,"USDSDG":601.000308,"USDSEK":10.26371,"USDSGD":1.32974,"USDSHP":1.27175,"USDSLE":22.700603,"USDSLL":19750.000442,"USDSOS":570.999881,"USDSRD":36.666995,"USDSTD":20697.981008,"USDSYP":13002.107463,"USDSZL":18.782092,"USDTHB":34.668497,"USDTJS":10.934217,"USDTMT":3.5,"USDTND":3.097006,"USDTOP":2.34815,"USDTRY":29.872455,"USDTTD":6.747373,"USDTWD":30.967018,"USDTZS":2509.913202,"USDUAH":37.982092,"USDUGX":3780.721791,"USDUYU":39.068068,"USDUZS":12306.989493,"USDVEF":3595221.299037,"USDVES":35.96152,"USDVND":24380,"USDVUV":117.982044,"USDWST":2.682486,"USDXAF":599.321151,"USDXAG":0.043263,"USDXAU":0.000489,"USDXCD":2.70255,"USDXDR":0.743262,"USDXOF":599.321151,"USDXPF":109.489964,"USDYER":250.394655,"USDZAR":18.67755,"USDZMK":9001.204195,"USDZMW":25.72773,"USDZWL":321.999592}}}
[2025-02-27T10:35:40.844+0000] {python.py:201} INFO - Done. Returned value was: None
[2025-02-27T10:35:40.849+0000] {taskinstance.py:1138} INFO - Marking task as SUCCESS. dag_id=3_4_2_homework_assignment, task_id=extract_task, execution_date=20240107T000000, start_date=20250227T103540, end_date=20250227T103540
[2025-02-27T10:35:40.897+0000] {local_task_job_runner.py:234} INFO - Task exited with return code 0
[2025-02-27T10:45:33.159+0000] {taskinstance.py:1956} INFO - Dependencies all met for dep_context=non-requeueable deps ti=<TaskInstance: 3_4_2_homework_assignment.extract_task scheduled__2024-01-07T00:00:00+00:00 [queued]>
[2025-02-27T10:45:33.164+0000] {taskinstance.py:1956} INFO - Dependencies all met for dep_context=requeueable deps ti=<TaskInstance: 3_4_2_homework_assignment.extract_task scheduled__2024-01-07T00:00:00+00:00 [queued]>
[2025-02-27T10:45:33.165+0000] {taskinstance.py:2170} INFO - Starting attempt 1 of 1
[2025-02-27T10:45:33.175+0000] {taskinstance.py:2191} INFO - Executing <Task(PythonOperator): extract_task> on 2024-01-07 00:00:00+00:00
[2025-02-27T10:45:33.179+0000] {standard_task_runner.py:60} INFO - Started process 7190 to run task
[2025-02-27T10:45:33.181+0000] {standard_task_runner.py:87} INFO - Running: ['airflow', 'tasks', 'run', '3_4_2_homework_assignment', 'extract_task', 'scheduled__2024-01-07T00:00:00+00:00', '--job-id', '20', '--raw', '--subdir', 'DAGS_FOLDER/3_4_2_homework_assignment.py', '--cfg-path', '/tmp/tmpm9octehs']
[2025-02-27T10:45:33.182+0000] {standard_task_runner.py:88} INFO - Job 20: Subtask extract_task
[2025-02-27T10:45:33.205+0000] {task_command.py:423} INFO - Running <TaskInstance: 3_4_2_homework_assignment.extract_task scheduled__2024-01-07T00:00:00+00:00 [running]> on host ea5964584459
[2025-02-27T10:45:33.246+0000] {taskinstance.py:2480} INFO - Exporting env vars: AIRFLOW_CTX_DAG_OWNER='airflow' AIRFLOW_CTX_DAG_ID='3_4_2_homework_assignment' AIRFLOW_CTX_TASK_ID='extract_task' AIRFLOW_CTX_EXECUTION_DATE='2024-01-07T00:00:00+00:00' AIRFLOW_CTX_TRY_NUMBER='1' AIRFLOW_CTX_DAG_RUN_ID='scheduled__2024-01-07T00:00:00+00:00'
[2025-02-27T10:45:33.247+0000] {3_4_2_homework_assignment.py:40} INFO - https://api.exchangerate.host/timeframe?access_key=422bab0c9e08a5476912061877017b8d&source=USD&start_date=2024-01-07&end_date=2024-01-07
[2025-02-27T10:45:33.874+0000] {logging_mixin.py:188} INFO - Ответ API: {"success":true,"terms":"https:\/\/currencylayer.com\/terms","privacy":"https:\/\/currencylayer.com\/privacy","timeframe":true,"start_date":"2024-01-07","end_date":"2024-01-07","source":"USD","quotes":{"2024-01-07":{"USDAED":3.672805,"USDAFN":70.205573,"USDALL":95.386021,"USDAMD":403.380539,"USDANG":1.797168,"USDAOA":830.503591,"USDARS":809.706081,"USDAUD":1.48892,"USDAWG":1.8,"USDAZN":1.704736,"USDBAM":1.786935,"USDBBD":2.013431,"USDBDT":109.4381,"USDBGN":1.786935,"USDBHD":0.375879,"USDBIF":2841.388762,"USDBMD":1,"USDBND":1.327912,"USDBOB":6.890818,"USDBRL":4.883508,"USDBSD":0.997168,"USDBTC":2.2730919e-5,"USDBTN":82.919781,"USDBWP":13.539516,"USDBYN":3.293285,"USDBYR":19600,"USDBZD":2.01005,"USDCAD":1.33603,"USDCDF":2689.999791,"USDCHF":0.85081,"USDCLF":0.032256,"USDCLP":890.041115,"USDCNY":7.102502,"USDCOP":3919.872088,"USDCRC":517.770672,"USDCUC":1,"USDCUP":26.5,"USDCVE":100.744632,"USDCZK":22.468033,"USDDJF":177.551393,"USDDKK":6.81593,"USDDOP":58.099589,"USDDZD":134.403959,"USDEGP":30.724846,"USDERN":15,"USDETB":55.891366,"USDEUR":0.913925,"USDFJD":2.21295,"USDFKP":0.785907,"USDGBP":0.78642,"USDGEL":2.690009,"USDGGP":0.785907,"USDGHS":11.916857,"USDGIP":0.785907,"USDGMD":67.199662,"USDGNF":8571.950662,"USDGTQ":7.800822,"USDGYD":208.624943,"USDHKD":7.812025,"USDHNL":24.600274,"USDHRK":6.98177,"USDHTG":131.329374,"USDHUF":345.46991,"USDIDR":15503.35,"USDILS":3.677902,"USDIMP":0.785907,"USDINR":83.19135,"USDIQD":1306.349931,"USDIRR":42037.502388,"USDISK":137.789655,"USDJEP":0.785907,"USDJMD":154.088625,"USDJOD":0.709402,"USDJPY":144.737497,"USDKES":155.312928,"USDKGS":89.085303,"USDKHR":4081.315669,"USDKMF":449.975028,"USDKPW":900.000005,"USDKRW":1314.744994,"USDKWD":0.30753,"USDKYD":0.830973,"USDKZT":452.325263,"USDLAK":20547.281864,"USDLBP":14987.756967,"USDLKR":323.005939,"USDLRD":188.649825,"USDLSL":18.690188,"USDLTL":2.95274,"USDLVL":0.60489,"USDLYD":4.787574,"USDMAD":9.919415,"USDMDL":17.650069,"USDMGA":4582.000914,"USDMKD":56.208314,"USDMMK":2094.106898,"USDMNT":3411.224741,"USDMOP":8.023298,"USDMRU":39.650086,"USDMUR":44.750026,"USDMVR":15.399296,"USDMWK":1678.666058,"USDMXN":16.885205,"USDMYR":4.654496,"USDMZN":63.24995,"USDNAD":18.689929,"USDNGN":914.469748,"USDNIO":36.518958,"USDNOK":10.306601,"USDNPR":132.67154,"USDNZD":1.600503,"USDOMR":0.38392,"USDPAB":0.997259,"USDPEN":3.694655,"USDPGK":3.724075,"USDPHP":55.508496,"USDPKR":277.248881,"USDPLN":3.973354,"USDPYG":7237.094564,"USDQAR":3.640986,"USDRON":4.530225,"USDRSD":107.114664,"USDRUB":90.929883,"USDRWF":1259.936044,"USDSAR":3.750405,"USDSBD":8.43942,"USDSCR":13.288808,"USDSDG":601.000308,"USDSEK":10.26371,"USDSGD":1.32974,"USDSHP":1.27175,"USDSLE":22.700603,"USDSLL":19750.000442,"USDSOS":570.999881,"USDSRD":36.666995,"USDSTD":20697.981008,"USDSYP":13002.107463,"USDSZL":18.782092,"USDTHB":34.668497,"USDTJS":10.934217,"USDTMT":3.5,"USDTND":3.097006,"USDTOP":2.34815,"USDTRY":29.872455,"USDTTD":6.747373,"USDTWD":30.967018,"USDTZS":2509.913202,"USDUAH":37.982092,"USDUGX":3780.721791,"USDUYU":39.068068,"USDUZS":12306.989493,"USDVEF":3595221.299037,"USDVES":35.96152,"USDVND":24380,"USDVUV":117.982044,"USDWST":2.682486,"USDXAF":599.321151,"USDXAG":0.043263,"USDXAU":0.000489,"USDXCD":2.70255,"USDXDR":0.743262,"USDXOF":599.321151,"USDXPF":109.489964,"USDYER":250.394655,"USDZAR":18.67755,"USDZMK":9001.204195,"USDZMW":25.72773,"USDZWL":321.999592}}}
[2025-02-27T10:45:33.876+0000] {python.py:201} INFO - Done. Returned value was: None
[2025-02-27T10:45:33.879+0000] {taskinstance.py:1138} INFO - Marking task as SUCCESS. dag_id=3_4_2_homework_assignment, task_id=extract_task, execution_date=20240107T000000, start_date=20250227T104533, end_date=20250227T104533
[2025-02-27T10:45:33.934+0000] {local_task_job_runner.py:234} INFO - Task exited with return code 0
