[2025-02-27T09:32:48.746+0000] {taskinstance.py:1956} INFO - Dependencies all met for dep_context=non-requeueable deps ti=<TaskInstance: 3_4_2_homework_assignment.extract_task scheduled__2024-01-03T00:00:00+00:00 [queued]>
[2025-02-27T09:32:48.750+0000] {taskinstance.py:1956} INFO - Dependencies all met for dep_context=requeueable deps ti=<TaskInstance: 3_4_2_homework_assignment.extract_task scheduled__2024-01-03T00:00:00+00:00 [queued]>
[2025-02-27T09:32:48.750+0000] {taskinstance.py:2170} INFO - Starting attempt 1 of 1
[2025-02-27T09:32:48.760+0000] {taskinstance.py:2191} INFO - Executing <Task(PythonOperator): extract_task> on 2024-01-03 00:00:00+00:00
[2025-02-27T09:32:48.765+0000] {standard_task_runner.py:60} INFO - Started process 224 to run task
[2025-02-27T09:32:48.767+0000] {standard_task_runner.py:87} INFO - Running: ['airflow', 'tasks', 'run', '3_4_2_homework_assignment', 'extract_task', 'scheduled__2024-01-03T00:00:00+00:00', '--job-id', '6', '--raw', '--subdir', 'DAGS_FOLDER/3_4_2_homework_assignment.py', '--cfg-path', '/tmp/tmpivydxmzg']
[2025-02-27T09:32:48.768+0000] {standard_task_runner.py:88} INFO - Job 6: Subtask extract_task
[2025-02-27T09:32:48.792+0000] {task_command.py:423} INFO - Running <TaskInstance: 3_4_2_homework_assignment.extract_task scheduled__2024-01-03T00:00:00+00:00 [running]> on host ea5964584459
[2025-02-27T09:32:48.835+0000] {taskinstance.py:2480} INFO - Exporting env vars: AIRFLOW_CTX_DAG_OWNER='airflow' AIRFLOW_CTX_DAG_ID='3_4_2_homework_assignment' AIRFLOW_CTX_TASK_ID='extract_task' AIRFLOW_CTX_EXECUTION_DATE='2024-01-03T00:00:00+00:00' AIRFLOW_CTX_TRY_NUMBER='1' AIRFLOW_CTX_DAG_RUN_ID='scheduled__2024-01-03T00:00:00+00:00'
[2025-02-27T09:32:49.476+0000] {python.py:201} INFO - Done. Returned value was: None
[2025-02-27T09:32:49.479+0000] {taskinstance.py:1138} INFO - Marking task as SUCCESS. dag_id=3_4_2_homework_assignment, task_id=extract_task, execution_date=20240103T000000, start_date=20250227T093248, end_date=20250227T093249
[2025-02-27T09:32:49.503+0000] {local_task_job_runner.py:234} INFO - Task exited with return code 0
[2025-02-27T09:35:01.309+0000] {taskinstance.py:1956} INFO - Dependencies all met for dep_context=non-requeueable deps ti=<TaskInstance: 3_4_2_homework_assignment.extract_task scheduled__2024-01-03T00:00:00+00:00 [queued]>
[2025-02-27T09:35:01.314+0000] {taskinstance.py:1956} INFO - Dependencies all met for dep_context=requeueable deps ti=<TaskInstance: 3_4_2_homework_assignment.extract_task scheduled__2024-01-03T00:00:00+00:00 [queued]>
[2025-02-27T09:35:01.315+0000] {taskinstance.py:2170} INFO - Starting attempt 1 of 1
[2025-02-27T09:35:01.324+0000] {taskinstance.py:2191} INFO - Executing <Task(PythonOperator): extract_task> on 2024-01-03 00:00:00+00:00
[2025-02-27T09:35:01.329+0000] {standard_task_runner.py:60} INFO - Started process 583 to run task
[2025-02-27T09:35:01.331+0000] {standard_task_runner.py:87} INFO - Running: ['airflow', 'tasks', 'run', '3_4_2_homework_assignment', 'extract_task', 'scheduled__2024-01-03T00:00:00+00:00', '--job-id', '6', '--raw', '--subdir', 'DAGS_FOLDER/3_4_2_homework_assignment.py', '--cfg-path', '/tmp/tmpg0h7y8dw']
[2025-02-27T09:35:01.333+0000] {standard_task_runner.py:88} INFO - Job 6: Subtask extract_task
[2025-02-27T09:35:01.357+0000] {task_command.py:423} INFO - Running <TaskInstance: 3_4_2_homework_assignment.extract_task scheduled__2024-01-03T00:00:00+00:00 [running]> on host ea5964584459
[2025-02-27T09:35:01.396+0000] {taskinstance.py:2480} INFO - Exporting env vars: AIRFLOW_CTX_DAG_OWNER='airflow' AIRFLOW_CTX_DAG_ID='3_4_2_homework_assignment' AIRFLOW_CTX_TASK_ID='extract_task' AIRFLOW_CTX_EXECUTION_DATE='2024-01-03T00:00:00+00:00' AIRFLOW_CTX_TRY_NUMBER='1' AIRFLOW_CTX_DAG_RUN_ID='scheduled__2024-01-03T00:00:00+00:00'
[2025-02-27T09:35:02.007+0000] {python.py:201} INFO - Done. Returned value was: None
[2025-02-27T09:35:02.010+0000] {taskinstance.py:1138} INFO - Marking task as SUCCESS. dag_id=3_4_2_homework_assignment, task_id=extract_task, execution_date=20240103T000000, start_date=20250227T093501, end_date=20250227T093502
[2025-02-27T09:35:02.028+0000] {local_task_job_runner.py:234} INFO - Task exited with return code 0
[2025-02-27T09:39:57.578+0000] {taskinstance.py:1956} INFO - Dependencies all met for dep_context=non-requeueable deps ti=<TaskInstance: 3_4_2_homework_assignment.extract_task scheduled__2024-01-03T00:00:00+00:00 [queued]>
[2025-02-27T09:39:57.584+0000] {taskinstance.py:1956} INFO - Dependencies all met for dep_context=requeueable deps ti=<TaskInstance: 3_4_2_homework_assignment.extract_task scheduled__2024-01-03T00:00:00+00:00 [queued]>
[2025-02-27T09:39:57.584+0000] {taskinstance.py:2170} INFO - Starting attempt 1 of 1
[2025-02-27T09:39:57.595+0000] {taskinstance.py:2191} INFO - Executing <Task(PythonOperator): extract_task> on 2024-01-03 00:00:00+00:00
[2025-02-27T09:39:57.601+0000] {standard_task_runner.py:60} INFO - Started process 986 to run task
[2025-02-27T09:39:57.603+0000] {standard_task_runner.py:87} INFO - Running: ['airflow', 'tasks', 'run', '3_4_2_homework_assignment', 'extract_task', 'scheduled__2024-01-03T00:00:00+00:00', '--job-id', '6', '--raw', '--subdir', 'DAGS_FOLDER/3_4_2_homework_assignment.py', '--cfg-path', '/tmp/tmp7o6niyxi']
[2025-02-27T09:39:57.604+0000] {standard_task_runner.py:88} INFO - Job 6: Subtask extract_task
[2025-02-27T09:39:57.632+0000] {task_command.py:423} INFO - Running <TaskInstance: 3_4_2_homework_assignment.extract_task scheduled__2024-01-03T00:00:00+00:00 [running]> on host ea5964584459
[2025-02-27T09:39:57.677+0000] {taskinstance.py:2480} INFO - Exporting env vars: AIRFLOW_CTX_DAG_OWNER='airflow' AIRFLOW_CTX_DAG_ID='3_4_2_homework_assignment' AIRFLOW_CTX_TASK_ID='extract_task' AIRFLOW_CTX_EXECUTION_DATE='2024-01-03T00:00:00+00:00' AIRFLOW_CTX_TRY_NUMBER='1' AIRFLOW_CTX_DAG_RUN_ID='scheduled__2024-01-03T00:00:00+00:00'
[2025-02-27T09:39:58.337+0000] {python.py:201} INFO - Done. Returned value was: None
[2025-02-27T09:39:58.342+0000] {taskinstance.py:1138} INFO - Marking task as SUCCESS. dag_id=3_4_2_homework_assignment, task_id=extract_task, execution_date=20240103T000000, start_date=20250227T093957, end_date=20250227T093958
[2025-02-27T09:39:58.380+0000] {local_task_job_runner.py:234} INFO - Task exited with return code 0
[2025-02-27T09:43:54.288+0000] {taskinstance.py:1956} INFO - Dependencies all met for dep_context=non-requeueable deps ti=<TaskInstance: 3_4_2_homework_assignment.extract_task scheduled__2024-01-03T00:00:00+00:00 [queued]>
[2025-02-27T09:43:54.294+0000] {taskinstance.py:1956} INFO - Dependencies all met for dep_context=requeueable deps ti=<TaskInstance: 3_4_2_homework_assignment.extract_task scheduled__2024-01-03T00:00:00+00:00 [queued]>
[2025-02-27T09:43:54.294+0000] {taskinstance.py:2170} INFO - Starting attempt 1 of 1
[2025-02-27T09:43:54.305+0000] {taskinstance.py:2191} INFO - Executing <Task(PythonOperator): extract_task> on 2024-01-03 00:00:00+00:00
[2025-02-27T09:43:54.311+0000] {standard_task_runner.py:60} INFO - Started process 1378 to run task
[2025-02-27T09:43:54.313+0000] {standard_task_runner.py:87} INFO - Running: ['airflow', 'tasks', 'run', '3_4_2_homework_assignment', 'extract_task', 'scheduled__2024-01-03T00:00:00+00:00', '--job-id', '6', '--raw', '--subdir', 'DAGS_FOLDER/3_4_2_homework_assignment.py', '--cfg-path', '/tmp/tmphv3mavux']
[2025-02-27T09:43:54.315+0000] {standard_task_runner.py:88} INFO - Job 6: Subtask extract_task
[2025-02-27T09:43:54.347+0000] {task_command.py:423} INFO - Running <TaskInstance: 3_4_2_homework_assignment.extract_task scheduled__2024-01-03T00:00:00+00:00 [running]> on host ea5964584459
[2025-02-27T09:43:54.395+0000] {taskinstance.py:2480} INFO - Exporting env vars: AIRFLOW_CTX_DAG_OWNER='airflow' AIRFLOW_CTX_DAG_ID='3_4_2_homework_assignment' AIRFLOW_CTX_TASK_ID='extract_task' AIRFLOW_CTX_EXECUTION_DATE='2024-01-03T00:00:00+00:00' AIRFLOW_CTX_TRY_NUMBER='1' AIRFLOW_CTX_DAG_RUN_ID='scheduled__2024-01-03T00:00:00+00:00'
[2025-02-27T09:43:55.034+0000] {logging_mixin.py:188} INFO - Ответ API: {
  "success": false,
  "error": {
    "code": 101,
    "type": "invalid_access_key",
    "info": "You have not supplied a valid API Access Key. [Technical Support: support@apilayer.com]"
  }
}
[2025-02-27T09:43:55.036+0000] {python.py:201} INFO - Done. Returned value was: None
[2025-02-27T09:43:55.039+0000] {taskinstance.py:1138} INFO - Marking task as SUCCESS. dag_id=3_4_2_homework_assignment, task_id=extract_task, execution_date=20240103T000000, start_date=20250227T094354, end_date=20250227T094355
[2025-02-27T09:43:55.060+0000] {local_task_job_runner.py:234} INFO - Task exited with return code 0
[2025-02-27T09:45:31.446+0000] {taskinstance.py:1956} INFO - Dependencies all met for dep_context=non-requeueable deps ti=<TaskInstance: 3_4_2_homework_assignment.extract_task scheduled__2024-01-03T00:00:00+00:00 [queued]>
[2025-02-27T09:45:31.451+0000] {taskinstance.py:1956} INFO - Dependencies all met for dep_context=requeueable deps ti=<TaskInstance: 3_4_2_homework_assignment.extract_task scheduled__2024-01-03T00:00:00+00:00 [queued]>
[2025-02-27T09:45:31.452+0000] {taskinstance.py:2170} INFO - Starting attempt 1 of 1
[2025-02-27T09:45:31.462+0000] {taskinstance.py:2191} INFO - Executing <Task(PythonOperator): extract_task> on 2024-01-03 00:00:00+00:00
[2025-02-27T09:45:31.468+0000] {standard_task_runner.py:60} INFO - Started process 1589 to run task
[2025-02-27T09:45:31.471+0000] {standard_task_runner.py:87} INFO - Running: ['airflow', 'tasks', 'run', '3_4_2_homework_assignment', 'extract_task', 'scheduled__2024-01-03T00:00:00+00:00', '--job-id', '6', '--raw', '--subdir', 'DAGS_FOLDER/3_4_2_homework_assignment.py', '--cfg-path', '/tmp/tmpg5nwecov']
[2025-02-27T09:45:31.472+0000] {standard_task_runner.py:88} INFO - Job 6: Subtask extract_task
[2025-02-27T09:45:31.503+0000] {task_command.py:423} INFO - Running <TaskInstance: 3_4_2_homework_assignment.extract_task scheduled__2024-01-03T00:00:00+00:00 [running]> on host ea5964584459
[2025-02-27T09:45:31.549+0000] {taskinstance.py:2480} INFO - Exporting env vars: AIRFLOW_CTX_DAG_OWNER='airflow' AIRFLOW_CTX_DAG_ID='3_4_2_homework_assignment' AIRFLOW_CTX_TASK_ID='extract_task' AIRFLOW_CTX_EXECUTION_DATE='2024-01-03T00:00:00+00:00' AIRFLOW_CTX_TRY_NUMBER='1' AIRFLOW_CTX_DAG_RUN_ID='scheduled__2024-01-03T00:00:00+00:00'
[2025-02-27T09:45:32.157+0000] {logging_mixin.py:188} INFO - Ответ API: {
  "success": false,
  "error": {
    "code": 101,
    "type": "invalid_access_key",
    "info": "You have not supplied a valid API Access Key. [Technical Support: support@apilayer.com]"
  }
}
[2025-02-27T09:45:32.160+0000] {python.py:201} INFO - Done. Returned value was: None
[2025-02-27T09:45:32.170+0000] {taskinstance.py:1138} INFO - Marking task as SUCCESS. dag_id=3_4_2_homework_assignment, task_id=extract_task, execution_date=20240103T000000, start_date=20250227T094531, end_date=20250227T094532
[2025-02-27T09:45:32.207+0000] {local_task_job_runner.py:234} INFO - Task exited with return code 0
[2025-02-27T09:46:55.549+0000] {taskinstance.py:1956} INFO - Dependencies all met for dep_context=non-requeueable deps ti=<TaskInstance: 3_4_2_homework_assignment.extract_task scheduled__2024-01-03T00:00:00+00:00 [queued]>
[2025-02-27T09:46:55.556+0000] {taskinstance.py:1956} INFO - Dependencies all met for dep_context=requeueable deps ti=<TaskInstance: 3_4_2_homework_assignment.extract_task scheduled__2024-01-03T00:00:00+00:00 [queued]>
[2025-02-27T09:46:55.556+0000] {taskinstance.py:2170} INFO - Starting attempt 1 of 1
[2025-02-27T09:46:55.567+0000] {taskinstance.py:2191} INFO - Executing <Task(PythonOperator): extract_task> on 2024-01-03 00:00:00+00:00
[2025-02-27T09:46:55.573+0000] {standard_task_runner.py:60} INFO - Started process 1711 to run task
[2025-02-27T09:46:55.575+0000] {standard_task_runner.py:87} INFO - Running: ['airflow', 'tasks', 'run', '3_4_2_homework_assignment', 'extract_task', 'scheduled__2024-01-03T00:00:00+00:00', '--job-id', '4', '--raw', '--subdir', 'DAGS_FOLDER/3_4_2_homework_assignment.py', '--cfg-path', '/tmp/tmpsebt4m3q']
[2025-02-27T09:46:55.577+0000] {standard_task_runner.py:88} INFO - Job 4: Subtask extract_task
[2025-02-27T09:46:55.604+0000] {task_command.py:423} INFO - Running <TaskInstance: 3_4_2_homework_assignment.extract_task scheduled__2024-01-03T00:00:00+00:00 [running]> on host ea5964584459
[2025-02-27T09:46:55.656+0000] {taskinstance.py:2480} INFO - Exporting env vars: AIRFLOW_CTX_DAG_OWNER='airflow' AIRFLOW_CTX_DAG_ID='3_4_2_homework_assignment' AIRFLOW_CTX_TASK_ID='extract_task' AIRFLOW_CTX_EXECUTION_DATE='2024-01-03T00:00:00+00:00' AIRFLOW_CTX_TRY_NUMBER='1' AIRFLOW_CTX_DAG_RUN_ID='scheduled__2024-01-03T00:00:00+00:00'
[2025-02-27T09:46:56.267+0000] {logging_mixin.py:188} INFO - Ответ API: {
  "success": false,
  "error": {
    "code": 101,
    "type": "invalid_access_key",
    "info": "You have not supplied a valid API Access Key. [Technical Support: support@apilayer.com]"
  }
}
[2025-02-27T09:46:56.269+0000] {python.py:201} INFO - Done. Returned value was: None
[2025-02-27T09:46:56.273+0000] {taskinstance.py:1138} INFO - Marking task as SUCCESS. dag_id=3_4_2_homework_assignment, task_id=extract_task, execution_date=20240103T000000, start_date=20250227T094655, end_date=20250227T094656
[2025-02-27T09:46:56.318+0000] {local_task_job_runner.py:234} INFO - Task exited with return code 0
[2025-02-27T09:46:56.328+0000] {taskinstance.py:3280} INFO - 0 downstream tasks scheduled from follow-on schedule check
[2025-02-27T09:48:14.913+0000] {taskinstance.py:1956} INFO - Dependencies all met for dep_context=non-requeueable deps ti=<TaskInstance: 3_4_2_homework_assignment.extract_task scheduled__2024-01-03T00:00:00+00:00 [queued]>
[2025-02-27T09:48:14.921+0000] {taskinstance.py:1956} INFO - Dependencies all met for dep_context=requeueable deps ti=<TaskInstance: 3_4_2_homework_assignment.extract_task scheduled__2024-01-03T00:00:00+00:00 [queued]>
[2025-02-27T09:48:14.922+0000] {taskinstance.py:2170} INFO - Starting attempt 1 of 1
[2025-02-27T09:48:14.937+0000] {taskinstance.py:2191} INFO - Executing <Task(PythonOperator): extract_task> on 2024-01-03 00:00:00+00:00
[2025-02-27T09:48:14.945+0000] {standard_task_runner.py:60} INFO - Started process 1941 to run task
[2025-02-27T09:48:14.948+0000] {standard_task_runner.py:87} INFO - Running: ['airflow', 'tasks', 'run', '3_4_2_homework_assignment', 'extract_task', 'scheduled__2024-01-03T00:00:00+00:00', '--job-id', '6', '--raw', '--subdir', 'DAGS_FOLDER/3_4_2_homework_assignment.py', '--cfg-path', '/tmp/tmp8t3hulj2']
[2025-02-27T09:48:14.950+0000] {standard_task_runner.py:88} INFO - Job 6: Subtask extract_task
[2025-02-27T09:48:14.984+0000] {task_command.py:423} INFO - Running <TaskInstance: 3_4_2_homework_assignment.extract_task scheduled__2024-01-03T00:00:00+00:00 [running]> on host ea5964584459
[2025-02-27T09:48:15.040+0000] {taskinstance.py:2480} INFO - Exporting env vars: AIRFLOW_CTX_DAG_OWNER='airflow' AIRFLOW_CTX_DAG_ID='3_4_2_homework_assignment' AIRFLOW_CTX_TASK_ID='extract_task' AIRFLOW_CTX_EXECUTION_DATE='2024-01-03T00:00:00+00:00' AIRFLOW_CTX_TRY_NUMBER='1' AIRFLOW_CTX_DAG_RUN_ID='scheduled__2024-01-03T00:00:00+00:00'
[2025-02-27T09:48:15.720+0000] {logging_mixin.py:188} INFO - Ответ API: {
  "success": false,
  "error": {
    "code": 101,
    "type": "invalid_access_key",
    "info": "You have not supplied a valid API Access Key. [Technical Support: support@apilayer.com]"
  }
}
[2025-02-27T09:48:15.722+0000] {python.py:201} INFO - Done. Returned value was: None
[2025-02-27T09:48:15.727+0000] {taskinstance.py:1138} INFO - Marking task as SUCCESS. dag_id=3_4_2_homework_assignment, task_id=extract_task, execution_date=20240103T000000, start_date=20250227T094814, end_date=20250227T094815
[2025-02-27T09:48:15.770+0000] {local_task_job_runner.py:234} INFO - Task exited with return code 0
[2025-02-27T09:48:15.780+0000] {taskinstance.py:3280} INFO - 0 downstream tasks scheduled from follow-on schedule check
[2025-02-27T09:50:06.347+0000] {taskinstance.py:1956} INFO - Dependencies all met for dep_context=non-requeueable deps ti=<TaskInstance: 3_4_2_homework_assignment.extract_task scheduled__2024-01-03T00:00:00+00:00 [queued]>
[2025-02-27T09:50:06.359+0000] {taskinstance.py:1956} INFO - Dependencies all met for dep_context=requeueable deps ti=<TaskInstance: 3_4_2_homework_assignment.extract_task scheduled__2024-01-03T00:00:00+00:00 [queued]>
[2025-02-27T09:50:06.360+0000] {taskinstance.py:2170} INFO - Starting attempt 1 of 1
[2025-02-27T09:50:06.372+0000] {taskinstance.py:2191} INFO - Executing <Task(PythonOperator): extract_task> on 2024-01-03 00:00:00+00:00
[2025-02-27T09:50:06.378+0000] {standard_task_runner.py:60} INFO - Started process 2173 to run task
[2025-02-27T09:50:06.381+0000] {standard_task_runner.py:87} INFO - Running: ['airflow', 'tasks', 'run', '3_4_2_homework_assignment', 'extract_task', 'scheduled__2024-01-03T00:00:00+00:00', '--job-id', '8', '--raw', '--subdir', 'DAGS_FOLDER/3_4_2_homework_assignment.py', '--cfg-path', '/tmp/tmpi34tf5vq']
[2025-02-27T09:50:06.382+0000] {standard_task_runner.py:88} INFO - Job 8: Subtask extract_task
[2025-02-27T09:50:06.409+0000] {task_command.py:423} INFO - Running <TaskInstance: 3_4_2_homework_assignment.extract_task scheduled__2024-01-03T00:00:00+00:00 [running]> on host ea5964584459
[2025-02-27T09:50:06.460+0000] {taskinstance.py:2480} INFO - Exporting env vars: AIRFLOW_CTX_DAG_OWNER='airflow' AIRFLOW_CTX_DAG_ID='3_4_2_homework_assignment' AIRFLOW_CTX_TASK_ID='extract_task' AIRFLOW_CTX_EXECUTION_DATE='2024-01-03T00:00:00+00:00' AIRFLOW_CTX_TRY_NUMBER='1' AIRFLOW_CTX_DAG_RUN_ID='scheduled__2024-01-03T00:00:00+00:00'
[2025-02-27T09:50:06.461+0000] {logging_mixin.py:188} INFO - https://api.exchangerate.host/timeframe?access_key=None&source=USD&start_date={{ds}}&end_date={{ds}}
[2025-02-27T09:50:07.091+0000] {logging_mixin.py:188} INFO - Ответ API: {
  "success": false,
  "error": {
    "code": 101,
    "type": "invalid_access_key",
    "info": "You have not supplied a valid API Access Key. [Technical Support: support@apilayer.com]"
  }
}
[2025-02-27T09:50:07.093+0000] {python.py:201} INFO - Done. Returned value was: None
[2025-02-27T09:50:07.097+0000] {taskinstance.py:1138} INFO - Marking task as SUCCESS. dag_id=3_4_2_homework_assignment, task_id=extract_task, execution_date=20240103T000000, start_date=20250227T095006, end_date=20250227T095007
[2025-02-27T09:50:07.129+0000] {local_task_job_runner.py:234} INFO - Task exited with return code 0
[2025-02-27T09:50:07.137+0000] {taskinstance.py:3280} INFO - 0 downstream tasks scheduled from follow-on schedule check
[2025-02-27T09:54:22.467+0000] {taskinstance.py:1956} INFO - Dependencies all met for dep_context=non-requeueable deps ti=<TaskInstance: 3_4_2_homework_assignment.extract_task scheduled__2024-01-03T00:00:00+00:00 [queued]>
[2025-02-27T09:54:22.473+0000] {taskinstance.py:1956} INFO - Dependencies all met for dep_context=requeueable deps ti=<TaskInstance: 3_4_2_homework_assignment.extract_task scheduled__2024-01-03T00:00:00+00:00 [queued]>
[2025-02-27T09:54:22.473+0000] {taskinstance.py:2170} INFO - Starting attempt 1 of 1
[2025-02-27T09:54:22.485+0000] {taskinstance.py:2191} INFO - Executing <Task(PythonOperator): extract_task> on 2024-01-03 00:00:00+00:00
[2025-02-27T09:54:22.492+0000] {standard_task_runner.py:60} INFO - Started process 2751 to run task
[2025-02-27T09:54:22.495+0000] {standard_task_runner.py:87} INFO - Running: ['airflow', 'tasks', 'run', '3_4_2_homework_assignment', 'extract_task', 'scheduled__2024-01-03T00:00:00+00:00', '--job-id', '8', '--raw', '--subdir', 'DAGS_FOLDER/3_4_2_homework_assignment.py', '--cfg-path', '/tmp/tmp57btst8k']
[2025-02-27T09:54:22.496+0000] {standard_task_runner.py:88} INFO - Job 8: Subtask extract_task
[2025-02-27T09:54:22.533+0000] {task_command.py:423} INFO - Running <TaskInstance: 3_4_2_homework_assignment.extract_task scheduled__2024-01-03T00:00:00+00:00 [running]> on host ea5964584459
[2025-02-27T09:54:22.598+0000] {taskinstance.py:2480} INFO - Exporting env vars: AIRFLOW_CTX_DAG_OWNER='airflow' AIRFLOW_CTX_DAG_ID='3_4_2_homework_assignment' AIRFLOW_CTX_TASK_ID='extract_task' AIRFLOW_CTX_EXECUTION_DATE='2024-01-03T00:00:00+00:00' AIRFLOW_CTX_TRY_NUMBER='1' AIRFLOW_CTX_DAG_RUN_ID='scheduled__2024-01-03T00:00:00+00:00'
[2025-02-27T09:54:22.600+0000] {3_4_2_homework_assignment.py:41} INFO - https://api.exchangerate.host/timeframe?access_key=None&source=USD&start_date={{ds}}&end_date={{ds}}
[2025-02-27T09:54:23.281+0000] {logging_mixin.py:188} INFO - Ответ API: {
  "success": false,
  "error": {
    "code": 101,
    "type": "invalid_access_key",
    "info": "You have not supplied a valid API Access Key. [Technical Support: support@apilayer.com]"
  }
}
[2025-02-27T09:54:23.283+0000] {python.py:201} INFO - Done. Returned value was: None
[2025-02-27T09:54:23.286+0000] {taskinstance.py:1138} INFO - Marking task as SUCCESS. dag_id=3_4_2_homework_assignment, task_id=extract_task, execution_date=20240103T000000, start_date=20250227T095422, end_date=20250227T095423
[2025-02-27T09:54:23.315+0000] {local_task_job_runner.py:234} INFO - Task exited with return code 0
[2025-02-27T09:54:23.323+0000] {taskinstance.py:3280} INFO - 0 downstream tasks scheduled from follow-on schedule check
[2025-02-27T10:06:12.583+0000] {taskinstance.py:1956} INFO - Dependencies all met for dep_context=non-requeueable deps ti=<TaskInstance: 3_4_2_homework_assignment.extract_task scheduled__2024-01-03T00:00:00+00:00 [queued]>
[2025-02-27T10:06:12.590+0000] {taskinstance.py:1956} INFO - Dependencies all met for dep_context=requeueable deps ti=<TaskInstance: 3_4_2_homework_assignment.extract_task scheduled__2024-01-03T00:00:00+00:00 [queued]>
[2025-02-27T10:06:12.591+0000] {taskinstance.py:2170} INFO - Starting attempt 1 of 1
[2025-02-27T10:06:12.612+0000] {taskinstance.py:2191} INFO - Executing <Task(PythonOperator): extract_task> on 2024-01-03 00:00:00+00:00
[2025-02-27T10:06:12.619+0000] {standard_task_runner.py:60} INFO - Started process 3395 to run task
[2025-02-27T10:06:12.622+0000] {standard_task_runner.py:87} INFO - Running: ['airflow', 'tasks', 'run', '3_4_2_homework_assignment', 'extract_task', 'scheduled__2024-01-03T00:00:00+00:00', '--job-id', '8', '--raw', '--subdir', 'DAGS_FOLDER/3_4_2_homework_assignment.py', '--cfg-path', '/tmp/tmpupu56lh2']
[2025-02-27T10:06:12.623+0000] {standard_task_runner.py:88} INFO - Job 8: Subtask extract_task
[2025-02-27T10:06:12.656+0000] {task_command.py:423} INFO - Running <TaskInstance: 3_4_2_homework_assignment.extract_task scheduled__2024-01-03T00:00:00+00:00 [running]> on host ea5964584459
[2025-02-27T10:06:12.706+0000] {taskinstance.py:2480} INFO - Exporting env vars: AIRFLOW_CTX_DAG_OWNER='airflow' AIRFLOW_CTX_DAG_ID='3_4_2_homework_assignment' AIRFLOW_CTX_TASK_ID='extract_task' AIRFLOW_CTX_EXECUTION_DATE='2024-01-03T00:00:00+00:00' AIRFLOW_CTX_TRY_NUMBER='1' AIRFLOW_CTX_DAG_RUN_ID='scheduled__2024-01-03T00:00:00+00:00'
[2025-02-27T10:06:13.387+0000] {logging_mixin.py:188} INFO - Ответ API: {
  "success": false,
  "error": {
    "code": 101,
    "type": "invalid_access_key",
    "info": "You have not supplied a valid API Access Key. [Technical Support: support@apilayer.com]"
  }
}
[2025-02-27T10:06:13.391+0000] {python.py:201} INFO - Done. Returned value was: None
[2025-02-27T10:06:13.395+0000] {taskinstance.py:1138} INFO - Marking task as SUCCESS. dag_id=3_4_2_homework_assignment, task_id=extract_task, execution_date=20240103T000000, start_date=20250227T100612, end_date=20250227T100613
[2025-02-27T10:06:13.449+0000] {local_task_job_runner.py:234} INFO - Task exited with return code 0
[2025-02-27T10:06:13.462+0000] {taskinstance.py:3280} INFO - 0 downstream tasks scheduled from follow-on schedule check
[2025-02-27T10:12:08.391+0000] {taskinstance.py:1956} INFO - Dependencies all met for dep_context=non-requeueable deps ti=<TaskInstance: 3_4_2_homework_assignment.extract_task scheduled__2024-01-03T00:00:00+00:00 [queued]>
[2025-02-27T10:12:08.397+0000] {taskinstance.py:1956} INFO - Dependencies all met for dep_context=requeueable deps ti=<TaskInstance: 3_4_2_homework_assignment.extract_task scheduled__2024-01-03T00:00:00+00:00 [queued]>
[2025-02-27T10:12:08.397+0000] {taskinstance.py:2170} INFO - Starting attempt 1 of 1
[2025-02-27T10:12:08.410+0000] {taskinstance.py:2191} INFO - Executing <Task(PythonOperator): extract_task> on 2024-01-03 00:00:00+00:00
[2025-02-27T10:12:08.418+0000] {standard_task_runner.py:60} INFO - Started process 4006 to run task
[2025-02-27T10:12:08.423+0000] {standard_task_runner.py:87} INFO - Running: ['airflow', 'tasks', 'run', '3_4_2_homework_assignment', 'extract_task', 'scheduled__2024-01-03T00:00:00+00:00', '--job-id', '6', '--raw', '--subdir', 'DAGS_FOLDER/3_4_2_homework_assignment.py', '--cfg-path', '/tmp/tmp6ovleqcz']
[2025-02-27T10:12:08.426+0000] {standard_task_runner.py:88} INFO - Job 6: Subtask extract_task
[2025-02-27T10:12:08.480+0000] {task_command.py:423} INFO - Running <TaskInstance: 3_4_2_homework_assignment.extract_task scheduled__2024-01-03T00:00:00+00:00 [running]> on host ea5964584459
[2025-02-27T10:12:08.551+0000] {taskinstance.py:2480} INFO - Exporting env vars: AIRFLOW_CTX_DAG_OWNER='airflow' AIRFLOW_CTX_DAG_ID='3_4_2_homework_assignment' AIRFLOW_CTX_TASK_ID='extract_task' AIRFLOW_CTX_EXECUTION_DATE='2024-01-03T00:00:00+00:00' AIRFLOW_CTX_TRY_NUMBER='1' AIRFLOW_CTX_DAG_RUN_ID='scheduled__2024-01-03T00:00:00+00:00'
[2025-02-27T10:12:08.553+0000] {taskinstance.py:2698} ERROR - Task failed with exception
Traceback (most recent call last):
  File "/home/airflow/.local/lib/python3.9/site-packages/airflow/models/taskinstance.py", line 433, in _execute_task
    result = execute_callable(context=context, **execute_callable_kwargs)
  File "/home/airflow/.local/lib/python3.9/site-packages/airflow/operators/python.py", line 199, in execute
    return_value = self.execute_callable()
  File "/home/airflow/.local/lib/python3.9/site-packages/airflow/operators/python.py", line 216, in execute_callable
    return self.python_callable(*self.op_args, **self.op_kwargs)
  File "/opt/airflow/dags/3_4_2_homework_assignment.py", line 41, in extract_data
    logging.ERROR(url_get)
TypeError: 'int' object is not callable
[2025-02-27T10:12:08.578+0000] {taskinstance.py:1138} INFO - Marking task as FAILED. dag_id=3_4_2_homework_assignment, task_id=extract_task, execution_date=20240103T000000, start_date=20250227T101208, end_date=20250227T101208
[2025-02-27T10:12:08.596+0000] {standard_task_runner.py:107} ERROR - Failed to execute job 6 for task extract_task ('int' object is not callable; 4006)
[2025-02-27T10:12:08.637+0000] {local_task_job_runner.py:234} INFO - Task exited with return code 1
[2025-02-27T10:12:08.648+0000] {taskinstance.py:3280} INFO - 0 downstream tasks scheduled from follow-on schedule check
[2025-02-27T10:13:56.221+0000] {taskinstance.py:1956} INFO - Dependencies all met for dep_context=non-requeueable deps ti=<TaskInstance: 3_4_2_homework_assignment.extract_task scheduled__2024-01-03T00:00:00+00:00 [queued]>
[2025-02-27T10:13:56.226+0000] {taskinstance.py:1956} INFO - Dependencies all met for dep_context=requeueable deps ti=<TaskInstance: 3_4_2_homework_assignment.extract_task scheduled__2024-01-03T00:00:00+00:00 [queued]>
[2025-02-27T10:13:56.226+0000] {taskinstance.py:2170} INFO - Starting attempt 1 of 1
[2025-02-27T10:13:56.236+0000] {taskinstance.py:2191} INFO - Executing <Task(PythonOperator): extract_task> on 2024-01-03 00:00:00+00:00
[2025-02-27T10:13:56.241+0000] {standard_task_runner.py:60} INFO - Started process 4290 to run task
[2025-02-27T10:13:56.243+0000] {standard_task_runner.py:87} INFO - Running: ['airflow', 'tasks', 'run', '3_4_2_homework_assignment', 'extract_task', 'scheduled__2024-01-03T00:00:00+00:00', '--job-id', '8', '--raw', '--subdir', 'DAGS_FOLDER/3_4_2_homework_assignment.py', '--cfg-path', '/tmp/tmpd6xaj2ip']
[2025-02-27T10:13:56.244+0000] {standard_task_runner.py:88} INFO - Job 8: Subtask extract_task
[2025-02-27T10:13:56.269+0000] {task_command.py:423} INFO - Running <TaskInstance: 3_4_2_homework_assignment.extract_task scheduled__2024-01-03T00:00:00+00:00 [running]> on host ea5964584459
[2025-02-27T10:13:56.308+0000] {taskinstance.py:2480} INFO - Exporting env vars: AIRFLOW_CTX_DAG_OWNER='airflow' AIRFLOW_CTX_DAG_ID='3_4_2_homework_assignment' AIRFLOW_CTX_TASK_ID='extract_task' AIRFLOW_CTX_EXECUTION_DATE='2024-01-03T00:00:00+00:00' AIRFLOW_CTX_TRY_NUMBER='1' AIRFLOW_CTX_DAG_RUN_ID='scheduled__2024-01-03T00:00:00+00:00'
[2025-02-27T10:13:56.309+0000] {3_4_2_homework_assignment.py:41} INFO - https://api.exchangerate.host/timeframe?access_key=422bab0c9e08a5476912061877017b8d&source=USD&start_date=2024-01-03&end_date=2024-01-03
[2025-02-27T10:13:56.905+0000] {logging_mixin.py:188} INFO - Ответ API: {"success":true,"terms":"https:\/\/currencylayer.com\/terms","privacy":"https:\/\/currencylayer.com\/privacy","timeframe":true,"start_date":"2024-01-03","end_date":"2024-01-03","source":"USD","quotes":{"2024-01-03":{"USDAED":3.672801,"USDAFN":69.999846,"USDALL":94.190244,"USDAMD":405.280256,"USDANG":1.800681,"USDAOA":832.505328,"USDARS":810.626413,"USDAUD":1.48478,"USDAWG":1.8025,"USDAZN":1.692751,"USDBAM":1.789403,"USDBBD":2.017256,"USDBDT":109.646193,"USDBGN":1.789901,"USDBHD":0.376778,"USDBIF":2855,"USDBMD":1,"USDBND":1.327179,"USDBOB":6.903209,"USDBRL":4.920701,"USDBSD":0.999021,"USDBTC":2.3353345e-5,"USDBTN":83.500005,"USDBWP":13.555848,"USDBYN":3.298993,"USDBYR":19600,"USDBZD":2.013871,"USDCAD":1.334835,"USDCDF":2680.000096,"USDCHF":0.849104,"USDCLF":0.031973,"USDCLP":882.230165,"USDCNY":7.108903,"USDCOP":3898.5,"USDCRC":519.135932,"USDCUC":1,"USDCUP":26.5,"USDCVE":101.149944,"USDCZK":22.575697,"USDDJF":177.720103,"USDDKK":6.826765,"USDDOP":57.920401,"USDDZD":134.705001,"USDEGP":30.928602,"USDERN":15,"USDETB":56.217366,"USDEUR":0.9152,"USDFJD":2.234199,"USDFKP":0.791691,"USDGBP":0.78905,"USDGEL":2.680003,"USDGGP":0.791691,"USDGHS":11.950099,"USDGIP":0.791691,"USDGMD":67.224974,"USDGNF":8599.999588,"USDGTQ":7.81576,"USDGYD":209.18232,"USDHKD":7.80755,"USDHNL":24.749774,"USDHRK":6.98177,"USDHTG":131.745567,"USDHUF":348.284946,"USDIDR":15562,"USDILS":3.657315,"USDIMP":0.791691,"USDINR":83.31835,"USDIQD":1310,"USDIRR":42060.000212,"USDISK":137.929749,"USDJEP":0.791691,"USDJMD":154.168497,"USDJOD":0.709506,"USDJPY":143.000499,"USDKES":157.349979,"USDKGS":89.0853,"USDKHR":4089.999765,"USDKMF":450.499783,"USDKPW":900.03902,"USDKRW":1310.255027,"USDKWD":0.30752,"USDKYD":0.832601,"USDKZT":457.160634,"USDLAK":20562.495518,"USDLBP":15062.49719,"USDLKR":322.719953,"USDLRD":188.498362,"USDLSL":18.569619,"USDLTL":2.95274,"USDLVL":0.60489,"USDLYD":4.774981,"USDMAD":9.928971,"USDMDL":17.554165,"USDMGA":4590.000311,"USDMKD":56.408496,"USDMMK":2098.102366,"USDMNT":3435.553998,"USDMOP":8.036106,"USDMRU":39.650113,"USDMUR":44.112129,"USDMVR":15.395011,"USDMWK":1681.999874,"USDMXN":17.015395,"USDMYR":4.603501,"USDMZN":63.249949,"USDNAD":18.569663,"USDNGN":891.898326,"USDNIO":36.719738,"USDNOK":10.338445,"USDNPR":133.601413,"USDNZD":1.599825,"USDOMR":0.384857,"USDPAB":0.999158,"USDPEN":3.713499,"USDPGK":3.73125,"USDPHP":55.718001,"USDPKR":281.950487,"USDPLN":3.98415,"USDPYG":7266.505636,"USDQAR":3.6405,"USDRON":4.550095,"USDRSD":107.290274,"USDRUB":91.999994,"USDRWF":1263.5,"USDSAR":3.750395,"USDSBD":8.404697,"USDSCR":13.649267,"USDSDG":601.000262,"USDSEK":10.28372,"USDSGD":1.328465,"USDSHP":1.262297,"USDSLE":22.8463,"USDSLL":19750.000098,"USDSOS":571.000304,"USDSRD":36.403684,"USDSTD":20697.981008,"USDSYP":13002.14299,"USDSZL":18.569885,"USDTHB":34.450319,"USDTJS":10.915346,"USDTMT":3.51,"USDTND":3.093499,"USDTOP":2.34045,"USDTRY":29.791285,"USDTTD":6.780607,"USDTWD":30.99445,"USDTZS":2514.999597,"USDUAH":38.084947,"USDUGX":3808.939984,"USDUYU":38.993952,"USDUZS":12350.000054,"USDVEF":3590892.176951,"USDVES":35.822194,"USDVND":24385,"USDVUV":117.426564,"USDWST":2.697826,"USDXAF":600.187571,"USDXAG":0.043435,"USDXAU":0.000489,"USDXCD":2.70255,"USDXDR":0.744675,"USDXOF":594.498557,"USDXPF":109.375036,"USDYER":250.2502,"USDZAR":18.70125,"USDZMK":9001.19649,"USDZMW":25.750936,"USDZWL":321.999592}}}
[2025-02-27T10:13:56.906+0000] {python.py:201} INFO - Done. Returned value was: None
[2025-02-27T10:13:56.910+0000] {taskinstance.py:1138} INFO - Marking task as SUCCESS. dag_id=3_4_2_homework_assignment, task_id=extract_task, execution_date=20240103T000000, start_date=20250227T101356, end_date=20250227T101356
[2025-02-27T10:13:56.941+0000] {local_task_job_runner.py:234} INFO - Task exited with return code 0
[2025-02-27T10:13:56.955+0000] {taskinstance.py:3280} INFO - 0 downstream tasks scheduled from follow-on schedule check
[2025-02-27T10:19:08.501+0000] {taskinstance.py:1956} INFO - Dependencies all met for dep_context=non-requeueable deps ti=<TaskInstance: 3_4_2_homework_assignment.extract_task scheduled__2024-01-03T00:00:00+00:00 [queued]>
[2025-02-27T10:19:08.506+0000] {taskinstance.py:1956} INFO - Dependencies all met for dep_context=requeueable deps ti=<TaskInstance: 3_4_2_homework_assignment.extract_task scheduled__2024-01-03T00:00:00+00:00 [queued]>
[2025-02-27T10:19:08.506+0000] {taskinstance.py:2170} INFO - Starting attempt 1 of 1
[2025-02-27T10:19:08.516+0000] {taskinstance.py:2191} INFO - Executing <Task(PythonOperator): extract_task> on 2024-01-03 00:00:00+00:00
[2025-02-27T10:19:08.521+0000] {standard_task_runner.py:60} INFO - Started process 4881 to run task
[2025-02-27T10:19:08.523+0000] {standard_task_runner.py:87} INFO - Running: ['airflow', 'tasks', 'run', '3_4_2_homework_assignment', 'extract_task', 'scheduled__2024-01-03T00:00:00+00:00', '--job-id', '8', '--raw', '--subdir', 'DAGS_FOLDER/3_4_2_homework_assignment.py', '--cfg-path', '/tmp/tmpe7e74qdh']
[2025-02-27T10:19:08.524+0000] {standard_task_runner.py:88} INFO - Job 8: Subtask extract_task
[2025-02-27T10:19:08.549+0000] {task_command.py:423} INFO - Running <TaskInstance: 3_4_2_homework_assignment.extract_task scheduled__2024-01-03T00:00:00+00:00 [running]> on host ea5964584459
[2025-02-27T10:19:08.594+0000] {taskinstance.py:2480} INFO - Exporting env vars: AIRFLOW_CTX_DAG_OWNER='airflow' AIRFLOW_CTX_DAG_ID='3_4_2_homework_assignment' AIRFLOW_CTX_TASK_ID='extract_task' AIRFLOW_CTX_EXECUTION_DATE='2024-01-03T00:00:00+00:00' AIRFLOW_CTX_TRY_NUMBER='1' AIRFLOW_CTX_DAG_RUN_ID='scheduled__2024-01-03T00:00:00+00:00'
[2025-02-27T10:19:08.595+0000] {3_4_2_homework_assignment.py:40} INFO - https://api.exchangerate.host/timeframe?access_key=422bab0c9e08a5476912061877017b8d&source=USD&start_date=2024-01-03&end_date=2024-01-03
[2025-02-27T10:19:09.250+0000] {logging_mixin.py:188} INFO - Ответ API: {"success":true,"terms":"https:\/\/currencylayer.com\/terms","privacy":"https:\/\/currencylayer.com\/privacy","timeframe":true,"start_date":"2024-01-03","end_date":"2024-01-03","source":"USD","quotes":{"2024-01-03":{"USDAED":3.672801,"USDAFN":69.999846,"USDALL":94.190244,"USDAMD":405.280256,"USDANG":1.800681,"USDAOA":832.505328,"USDARS":810.626413,"USDAUD":1.48478,"USDAWG":1.8025,"USDAZN":1.692751,"USDBAM":1.789403,"USDBBD":2.017256,"USDBDT":109.646193,"USDBGN":1.789901,"USDBHD":0.376778,"USDBIF":2855,"USDBMD":1,"USDBND":1.327179,"USDBOB":6.903209,"USDBRL":4.920701,"USDBSD":0.999021,"USDBTC":2.3353345e-5,"USDBTN":83.500005,"USDBWP":13.555848,"USDBYN":3.298993,"USDBYR":19600,"USDBZD":2.013871,"USDCAD":1.334835,"USDCDF":2680.000096,"USDCHF":0.849104,"USDCLF":0.031973,"USDCLP":882.230165,"USDCNY":7.108903,"USDCOP":3898.5,"USDCRC":519.135932,"USDCUC":1,"USDCUP":26.5,"USDCVE":101.149944,"USDCZK":22.575697,"USDDJF":177.720103,"USDDKK":6.826765,"USDDOP":57.920401,"USDDZD":134.705001,"USDEGP":30.928602,"USDERN":15,"USDETB":56.217366,"USDEUR":0.9152,"USDFJD":2.234199,"USDFKP":0.791691,"USDGBP":0.78905,"USDGEL":2.680003,"USDGGP":0.791691,"USDGHS":11.950099,"USDGIP":0.791691,"USDGMD":67.224974,"USDGNF":8599.999588,"USDGTQ":7.81576,"USDGYD":209.18232,"USDHKD":7.80755,"USDHNL":24.749774,"USDHRK":6.98177,"USDHTG":131.745567,"USDHUF":348.284946,"USDIDR":15562,"USDILS":3.657315,"USDIMP":0.791691,"USDINR":83.31835,"USDIQD":1310,"USDIRR":42060.000212,"USDISK":137.929749,"USDJEP":0.791691,"USDJMD":154.168497,"USDJOD":0.709506,"USDJPY":143.000499,"USDKES":157.349979,"USDKGS":89.0853,"USDKHR":4089.999765,"USDKMF":450.499783,"USDKPW":900.03902,"USDKRW":1310.255027,"USDKWD":0.30752,"USDKYD":0.832601,"USDKZT":457.160634,"USDLAK":20562.495518,"USDLBP":15062.49719,"USDLKR":322.719953,"USDLRD":188.498362,"USDLSL":18.569619,"USDLTL":2.95274,"USDLVL":0.60489,"USDLYD":4.774981,"USDMAD":9.928971,"USDMDL":17.554165,"USDMGA":4590.000311,"USDMKD":56.408496,"USDMMK":2098.102366,"USDMNT":3435.553998,"USDMOP":8.036106,"USDMRU":39.650113,"USDMUR":44.112129,"USDMVR":15.395011,"USDMWK":1681.999874,"USDMXN":17.015395,"USDMYR":4.603501,"USDMZN":63.249949,"USDNAD":18.569663,"USDNGN":891.898326,"USDNIO":36.719738,"USDNOK":10.338445,"USDNPR":133.601413,"USDNZD":1.599825,"USDOMR":0.384857,"USDPAB":0.999158,"USDPEN":3.713499,"USDPGK":3.73125,"USDPHP":55.718001,"USDPKR":281.950487,"USDPLN":3.98415,"USDPYG":7266.505636,"USDQAR":3.6405,"USDRON":4.550095,"USDRSD":107.290274,"USDRUB":91.999994,"USDRWF":1263.5,"USDSAR":3.750395,"USDSBD":8.404697,"USDSCR":13.649267,"USDSDG":601.000262,"USDSEK":10.28372,"USDSGD":1.328465,"USDSHP":1.262297,"USDSLE":22.8463,"USDSLL":19750.000098,"USDSOS":571.000304,"USDSRD":36.403684,"USDSTD":20697.981008,"USDSYP":13002.14299,"USDSZL":18.569885,"USDTHB":34.450319,"USDTJS":10.915346,"USDTMT":3.51,"USDTND":3.093499,"USDTOP":2.34045,"USDTRY":29.791285,"USDTTD":6.780607,"USDTWD":30.99445,"USDTZS":2514.999597,"USDUAH":38.084947,"USDUGX":3808.939984,"USDUYU":38.993952,"USDUZS":12350.000054,"USDVEF":3590892.176951,"USDVES":35.822194,"USDVND":24385,"USDVUV":117.426564,"USDWST":2.697826,"USDXAF":600.187571,"USDXAG":0.043435,"USDXAU":0.000489,"USDXCD":2.70255,"USDXDR":0.744675,"USDXOF":594.498557,"USDXPF":109.375036,"USDYER":250.2502,"USDZAR":18.70125,"USDZMK":9001.19649,"USDZMW":25.750936,"USDZWL":321.999592}}}
[2025-02-27T10:19:09.252+0000] {python.py:201} INFO - Done. Returned value was: None
[2025-02-27T10:19:09.258+0000] {taskinstance.py:1138} INFO - Marking task as SUCCESS. dag_id=3_4_2_homework_assignment, task_id=extract_task, execution_date=20240103T000000, start_date=20250227T101908, end_date=20250227T101909
[2025-02-27T10:19:09.307+0000] {local_task_job_runner.py:234} INFO - Task exited with return code 0
[2025-02-27T10:23:45.980+0000] {taskinstance.py:1956} INFO - Dependencies all met for dep_context=non-requeueable deps ti=<TaskInstance: 3_4_2_homework_assignment.extract_task scheduled__2024-01-03T00:00:00+00:00 [queued]>
[2025-02-27T10:23:45.985+0000] {taskinstance.py:1956} INFO - Dependencies all met for dep_context=requeueable deps ti=<TaskInstance: 3_4_2_homework_assignment.extract_task scheduled__2024-01-03T00:00:00+00:00 [queued]>
[2025-02-27T10:23:45.985+0000] {taskinstance.py:2170} INFO - Starting attempt 1 of 1
[2025-02-27T10:23:45.997+0000] {taskinstance.py:2191} INFO - Executing <Task(PythonOperator): extract_task> on 2024-01-03 00:00:00+00:00
[2025-02-27T10:23:46.002+0000] {standard_task_runner.py:60} INFO - Started process 5332 to run task
[2025-02-27T10:23:46.005+0000] {standard_task_runner.py:87} INFO - Running: ['airflow', 'tasks', 'run', '3_4_2_homework_assignment', 'extract_task', 'scheduled__2024-01-03T00:00:00+00:00', '--job-id', '8', '--raw', '--subdir', 'DAGS_FOLDER/3_4_2_homework_assignment.py', '--cfg-path', '/tmp/tmpx_y0kfys']
[2025-02-27T10:23:46.006+0000] {standard_task_runner.py:88} INFO - Job 8: Subtask extract_task
[2025-02-27T10:23:46.034+0000] {task_command.py:423} INFO - Running <TaskInstance: 3_4_2_homework_assignment.extract_task scheduled__2024-01-03T00:00:00+00:00 [running]> on host ea5964584459
[2025-02-27T10:23:46.081+0000] {taskinstance.py:2480} INFO - Exporting env vars: AIRFLOW_CTX_DAG_OWNER='airflow' AIRFLOW_CTX_DAG_ID='3_4_2_homework_assignment' AIRFLOW_CTX_TASK_ID='extract_task' AIRFLOW_CTX_EXECUTION_DATE='2024-01-03T00:00:00+00:00' AIRFLOW_CTX_TRY_NUMBER='1' AIRFLOW_CTX_DAG_RUN_ID='scheduled__2024-01-03T00:00:00+00:00'
[2025-02-27T10:23:46.082+0000] {3_4_2_homework_assignment.py:40} INFO - https://api.exchangerate.host/timeframe?access_key=422bab0c9e08a5476912061877017b8d&source=USD&start_date=2024-01-03&end_date=2024-01-03
[2025-02-27T10:23:46.894+0000] {logging_mixin.py:188} INFO - Ответ API: {"success":true,"terms":"https:\/\/currencylayer.com\/terms","privacy":"https:\/\/currencylayer.com\/privacy","timeframe":true,"start_date":"2024-01-03","end_date":"2024-01-03","source":"USD","quotes":{"2024-01-03":{"USDAED":3.672801,"USDAFN":69.999846,"USDALL":94.190244,"USDAMD":405.280256,"USDANG":1.800681,"USDAOA":832.505328,"USDARS":810.626413,"USDAUD":1.48478,"USDAWG":1.8025,"USDAZN":1.692751,"USDBAM":1.789403,"USDBBD":2.017256,"USDBDT":109.646193,"USDBGN":1.789901,"USDBHD":0.376778,"USDBIF":2855,"USDBMD":1,"USDBND":1.327179,"USDBOB":6.903209,"USDBRL":4.920701,"USDBSD":0.999021,"USDBTC":2.3353345e-5,"USDBTN":83.500005,"USDBWP":13.555848,"USDBYN":3.298993,"USDBYR":19600,"USDBZD":2.013871,"USDCAD":1.334835,"USDCDF":2680.000096,"USDCHF":0.849104,"USDCLF":0.031973,"USDCLP":882.230165,"USDCNY":7.108903,"USDCOP":3898.5,"USDCRC":519.135932,"USDCUC":1,"USDCUP":26.5,"USDCVE":101.149944,"USDCZK":22.575697,"USDDJF":177.720103,"USDDKK":6.826765,"USDDOP":57.920401,"USDDZD":134.705001,"USDEGP":30.928602,"USDERN":15,"USDETB":56.217366,"USDEUR":0.9152,"USDFJD":2.234199,"USDFKP":0.791691,"USDGBP":0.78905,"USDGEL":2.680003,"USDGGP":0.791691,"USDGHS":11.950099,"USDGIP":0.791691,"USDGMD":67.224974,"USDGNF":8599.999588,"USDGTQ":7.81576,"USDGYD":209.18232,"USDHKD":7.80755,"USDHNL":24.749774,"USDHRK":6.98177,"USDHTG":131.745567,"USDHUF":348.284946,"USDIDR":15562,"USDILS":3.657315,"USDIMP":0.791691,"USDINR":83.31835,"USDIQD":1310,"USDIRR":42060.000212,"USDISK":137.929749,"USDJEP":0.791691,"USDJMD":154.168497,"USDJOD":0.709506,"USDJPY":143.000499,"USDKES":157.349979,"USDKGS":89.0853,"USDKHR":4089.999765,"USDKMF":450.499783,"USDKPW":900.03902,"USDKRW":1310.255027,"USDKWD":0.30752,"USDKYD":0.832601,"USDKZT":457.160634,"USDLAK":20562.495518,"USDLBP":15062.49719,"USDLKR":322.719953,"USDLRD":188.498362,"USDLSL":18.569619,"USDLTL":2.95274,"USDLVL":0.60489,"USDLYD":4.774981,"USDMAD":9.928971,"USDMDL":17.554165,"USDMGA":4590.000311,"USDMKD":56.408496,"USDMMK":2098.102366,"USDMNT":3435.553998,"USDMOP":8.036106,"USDMRU":39.650113,"USDMUR":44.112129,"USDMVR":15.395011,"USDMWK":1681.999874,"USDMXN":17.015395,"USDMYR":4.603501,"USDMZN":63.249949,"USDNAD":18.569663,"USDNGN":891.898326,"USDNIO":36.719738,"USDNOK":10.338445,"USDNPR":133.601413,"USDNZD":1.599825,"USDOMR":0.384857,"USDPAB":0.999158,"USDPEN":3.713499,"USDPGK":3.73125,"USDPHP":55.718001,"USDPKR":281.950487,"USDPLN":3.98415,"USDPYG":7266.505636,"USDQAR":3.6405,"USDRON":4.550095,"USDRSD":107.290274,"USDRUB":91.999994,"USDRWF":1263.5,"USDSAR":3.750395,"USDSBD":8.404697,"USDSCR":13.649267,"USDSDG":601.000262,"USDSEK":10.28372,"USDSGD":1.328465,"USDSHP":1.262297,"USDSLE":22.8463,"USDSLL":19750.000098,"USDSOS":571.000304,"USDSRD":36.403684,"USDSTD":20697.981008,"USDSYP":13002.14299,"USDSZL":18.569885,"USDTHB":34.450319,"USDTJS":10.915346,"USDTMT":3.51,"USDTND":3.093499,"USDTOP":2.34045,"USDTRY":29.791285,"USDTTD":6.780607,"USDTWD":30.99445,"USDTZS":2514.999597,"USDUAH":38.084947,"USDUGX":3808.939984,"USDUYU":38.993952,"USDUZS":12350.000054,"USDVEF":3590892.176951,"USDVES":35.822194,"USDVND":24385,"USDVUV":117.426564,"USDWST":2.697826,"USDXAF":600.187571,"USDXAG":0.043435,"USDXAU":0.000489,"USDXCD":2.70255,"USDXDR":0.744675,"USDXOF":594.498557,"USDXPF":109.375036,"USDYER":250.2502,"USDZAR":18.70125,"USDZMK":9001.19649,"USDZMW":25.750936,"USDZWL":321.999592}}}
[2025-02-27T10:23:46.897+0000] {python.py:201} INFO - Done. Returned value was: None
[2025-02-27T10:23:46.906+0000] {taskinstance.py:1138} INFO - Marking task as SUCCESS. dag_id=3_4_2_homework_assignment, task_id=extract_task, execution_date=20240103T000000, start_date=20250227T102345, end_date=20250227T102346
[2025-02-27T10:23:46.946+0000] {local_task_job_runner.py:234} INFO - Task exited with return code 0
[2025-02-27T10:26:35.472+0000] {taskinstance.py:1956} INFO - Dependencies all met for dep_context=non-requeueable deps ti=<TaskInstance: 3_4_2_homework_assignment.extract_task scheduled__2024-01-03T00:00:00+00:00 [queued]>
[2025-02-27T10:26:35.480+0000] {taskinstance.py:1956} INFO - Dependencies all met for dep_context=requeueable deps ti=<TaskInstance: 3_4_2_homework_assignment.extract_task scheduled__2024-01-03T00:00:00+00:00 [queued]>
[2025-02-27T10:26:35.481+0000] {taskinstance.py:2170} INFO - Starting attempt 1 of 1
[2025-02-27T10:26:35.506+0000] {taskinstance.py:2191} INFO - Executing <Task(PythonOperator): extract_task> on 2024-01-03 00:00:00+00:00
[2025-02-27T10:26:35.511+0000] {standard_task_runner.py:60} INFO - Started process 5625 to run task
[2025-02-27T10:26:35.514+0000] {standard_task_runner.py:87} INFO - Running: ['airflow', 'tasks', 'run', '3_4_2_homework_assignment', 'extract_task', 'scheduled__2024-01-03T00:00:00+00:00', '--job-id', '8', '--raw', '--subdir', 'DAGS_FOLDER/3_4_2_homework_assignment.py', '--cfg-path', '/tmp/tmp5si0btt0']
[2025-02-27T10:26:35.521+0000] {standard_task_runner.py:88} INFO - Job 8: Subtask extract_task
[2025-02-27T10:26:35.553+0000] {task_command.py:423} INFO - Running <TaskInstance: 3_4_2_homework_assignment.extract_task scheduled__2024-01-03T00:00:00+00:00 [running]> on host ea5964584459
[2025-02-27T10:26:35.607+0000] {taskinstance.py:2480} INFO - Exporting env vars: AIRFLOW_CTX_DAG_OWNER='airflow' AIRFLOW_CTX_DAG_ID='3_4_2_homework_assignment' AIRFLOW_CTX_TASK_ID='extract_task' AIRFLOW_CTX_EXECUTION_DATE='2024-01-03T00:00:00+00:00' AIRFLOW_CTX_TRY_NUMBER='1' AIRFLOW_CTX_DAG_RUN_ID='scheduled__2024-01-03T00:00:00+00:00'
[2025-02-27T10:26:35.608+0000] {3_4_2_homework_assignment.py:40} INFO - https://api.exchangerate.host/timeframe?access_key=422bab0c9e08a5476912061877017b8d&source=USD&start_date=2024-01-03&end_date=2024-01-03
[2025-02-27T10:26:36.407+0000] {logging_mixin.py:188} INFO - Ответ API: {"success":true,"terms":"https:\/\/currencylayer.com\/terms","privacy":"https:\/\/currencylayer.com\/privacy","timeframe":true,"start_date":"2024-01-03","end_date":"2024-01-03","source":"USD","quotes":{"2024-01-03":{"USDAED":3.672801,"USDAFN":69.999846,"USDALL":94.190244,"USDAMD":405.280256,"USDANG":1.800681,"USDAOA":832.505328,"USDARS":810.626413,"USDAUD":1.48478,"USDAWG":1.8025,"USDAZN":1.692751,"USDBAM":1.789403,"USDBBD":2.017256,"USDBDT":109.646193,"USDBGN":1.789901,"USDBHD":0.376778,"USDBIF":2855,"USDBMD":1,"USDBND":1.327179,"USDBOB":6.903209,"USDBRL":4.920701,"USDBSD":0.999021,"USDBTC":2.3353345e-5,"USDBTN":83.500005,"USDBWP":13.555848,"USDBYN":3.298993,"USDBYR":19600,"USDBZD":2.013871,"USDCAD":1.334835,"USDCDF":2680.000096,"USDCHF":0.849104,"USDCLF":0.031973,"USDCLP":882.230165,"USDCNY":7.108903,"USDCOP":3898.5,"USDCRC":519.135932,"USDCUC":1,"USDCUP":26.5,"USDCVE":101.149944,"USDCZK":22.575697,"USDDJF":177.720103,"USDDKK":6.826765,"USDDOP":57.920401,"USDDZD":134.705001,"USDEGP":30.928602,"USDERN":15,"USDETB":56.217366,"USDEUR":0.9152,"USDFJD":2.234199,"USDFKP":0.791691,"USDGBP":0.78905,"USDGEL":2.680003,"USDGGP":0.791691,"USDGHS":11.950099,"USDGIP":0.791691,"USDGMD":67.224974,"USDGNF":8599.999588,"USDGTQ":7.81576,"USDGYD":209.18232,"USDHKD":7.80755,"USDHNL":24.749774,"USDHRK":6.98177,"USDHTG":131.745567,"USDHUF":348.284946,"USDIDR":15562,"USDILS":3.657315,"USDIMP":0.791691,"USDINR":83.31835,"USDIQD":1310,"USDIRR":42060.000212,"USDISK":137.929749,"USDJEP":0.791691,"USDJMD":154.168497,"USDJOD":0.709506,"USDJPY":143.000499,"USDKES":157.349979,"USDKGS":89.0853,"USDKHR":4089.999765,"USDKMF":450.499783,"USDKPW":900.03902,"USDKRW":1310.255027,"USDKWD":0.30752,"USDKYD":0.832601,"USDKZT":457.160634,"USDLAK":20562.495518,"USDLBP":15062.49719,"USDLKR":322.719953,"USDLRD":188.498362,"USDLSL":18.569619,"USDLTL":2.95274,"USDLVL":0.60489,"USDLYD":4.774981,"USDMAD":9.928971,"USDMDL":17.554165,"USDMGA":4590.000311,"USDMKD":56.408496,"USDMMK":2098.102366,"USDMNT":3435.553998,"USDMOP":8.036106,"USDMRU":39.650113,"USDMUR":44.112129,"USDMVR":15.395011,"USDMWK":1681.999874,"USDMXN":17.015395,"USDMYR":4.603501,"USDMZN":63.249949,"USDNAD":18.569663,"USDNGN":891.898326,"USDNIO":36.719738,"USDNOK":10.338445,"USDNPR":133.601413,"USDNZD":1.599825,"USDOMR":0.384857,"USDPAB":0.999158,"USDPEN":3.713499,"USDPGK":3.73125,"USDPHP":55.718001,"USDPKR":281.950487,"USDPLN":3.98415,"USDPYG":7266.505636,"USDQAR":3.6405,"USDRON":4.550095,"USDRSD":107.290274,"USDRUB":91.999994,"USDRWF":1263.5,"USDSAR":3.750395,"USDSBD":8.404697,"USDSCR":13.649267,"USDSDG":601.000262,"USDSEK":10.28372,"USDSGD":1.328465,"USDSHP":1.262297,"USDSLE":22.8463,"USDSLL":19750.000098,"USDSOS":571.000304,"USDSRD":36.403684,"USDSTD":20697.981008,"USDSYP":13002.14299,"USDSZL":18.569885,"USDTHB":34.450319,"USDTJS":10.915346,"USDTMT":3.51,"USDTND":3.093499,"USDTOP":2.34045,"USDTRY":29.791285,"USDTTD":6.780607,"USDTWD":30.99445,"USDTZS":2514.999597,"USDUAH":38.084947,"USDUGX":3808.939984,"USDUYU":38.993952,"USDUZS":12350.000054,"USDVEF":3590892.176951,"USDVES":35.822194,"USDVND":24385,"USDVUV":117.426564,"USDWST":2.697826,"USDXAF":600.187571,"USDXAG":0.043435,"USDXAU":0.000489,"USDXCD":2.70255,"USDXDR":0.744675,"USDXOF":594.498557,"USDXPF":109.375036,"USDYER":250.2502,"USDZAR":18.70125,"USDZMK":9001.19649,"USDZMW":25.750936,"USDZWL":321.999592}}}
[2025-02-27T10:26:36.410+0000] {python.py:201} INFO - Done. Returned value was: None
[2025-02-27T10:26:36.415+0000] {taskinstance.py:1138} INFO - Marking task as SUCCESS. dag_id=3_4_2_homework_assignment, task_id=extract_task, execution_date=20240103T000000, start_date=20250227T102635, end_date=20250227T102636
[2025-02-27T10:26:36.461+0000] {local_task_job_runner.py:234} INFO - Task exited with return code 0
[2025-02-27T10:34:57.795+0000] {taskinstance.py:1956} INFO - Dependencies all met for dep_context=non-requeueable deps ti=<TaskInstance: 3_4_2_homework_assignment.extract_task scheduled__2024-01-03T00:00:00+00:00 [queued]>
[2025-02-27T10:34:57.799+0000] {taskinstance.py:1956} INFO - Dependencies all met for dep_context=requeueable deps ti=<TaskInstance: 3_4_2_homework_assignment.extract_task scheduled__2024-01-03T00:00:00+00:00 [queued]>
[2025-02-27T10:34:57.799+0000] {taskinstance.py:2170} INFO - Starting attempt 1 of 1
[2025-02-27T10:34:57.811+0000] {taskinstance.py:2191} INFO - Executing <Task(PythonOperator): extract_task> on 2024-01-03 00:00:00+00:00
[2025-02-27T10:34:57.816+0000] {standard_task_runner.py:60} INFO - Started process 6285 to run task
[2025-02-27T10:34:57.818+0000] {standard_task_runner.py:87} INFO - Running: ['airflow', 'tasks', 'run', '3_4_2_homework_assignment', 'extract_task', 'scheduled__2024-01-03T00:00:00+00:00', '--job-id', '8', '--raw', '--subdir', 'DAGS_FOLDER/3_4_2_homework_assignment.py', '--cfg-path', '/tmp/tmp1rnfee0u']
[2025-02-27T10:34:57.819+0000] {standard_task_runner.py:88} INFO - Job 8: Subtask extract_task
[2025-02-27T10:34:57.844+0000] {task_command.py:423} INFO - Running <TaskInstance: 3_4_2_homework_assignment.extract_task scheduled__2024-01-03T00:00:00+00:00 [running]> on host ea5964584459
[2025-02-27T10:34:57.884+0000] {taskinstance.py:2480} INFO - Exporting env vars: AIRFLOW_CTX_DAG_OWNER='airflow' AIRFLOW_CTX_DAG_ID='3_4_2_homework_assignment' AIRFLOW_CTX_TASK_ID='extract_task' AIRFLOW_CTX_EXECUTION_DATE='2024-01-03T00:00:00+00:00' AIRFLOW_CTX_TRY_NUMBER='1' AIRFLOW_CTX_DAG_RUN_ID='scheduled__2024-01-03T00:00:00+00:00'
[2025-02-27T10:34:57.885+0000] {3_4_2_homework_assignment.py:40} INFO - https://api.exchangerate.host/timeframe?access_key=422bab0c9e08a5476912061877017b8d&source=USD&start_date=2024-01-03&end_date=2024-01-03
[2025-02-27T10:34:58.513+0000] {logging_mixin.py:188} INFO - Ответ API: {"success":true,"terms":"https:\/\/currencylayer.com\/terms","privacy":"https:\/\/currencylayer.com\/privacy","timeframe":true,"start_date":"2024-01-03","end_date":"2024-01-03","source":"USD","quotes":{"2024-01-03":{"USDAED":3.672801,"USDAFN":69.999846,"USDALL":94.190244,"USDAMD":405.280256,"USDANG":1.800681,"USDAOA":832.505328,"USDARS":810.626413,"USDAUD":1.48478,"USDAWG":1.8025,"USDAZN":1.692751,"USDBAM":1.789403,"USDBBD":2.017256,"USDBDT":109.646193,"USDBGN":1.789901,"USDBHD":0.376778,"USDBIF":2855,"USDBMD":1,"USDBND":1.327179,"USDBOB":6.903209,"USDBRL":4.920701,"USDBSD":0.999021,"USDBTC":2.3353345e-5,"USDBTN":83.500005,"USDBWP":13.555848,"USDBYN":3.298993,"USDBYR":19600,"USDBZD":2.013871,"USDCAD":1.334835,"USDCDF":2680.000096,"USDCHF":0.849104,"USDCLF":0.031973,"USDCLP":882.230165,"USDCNY":7.108903,"USDCOP":3898.5,"USDCRC":519.135932,"USDCUC":1,"USDCUP":26.5,"USDCVE":101.149944,"USDCZK":22.575697,"USDDJF":177.720103,"USDDKK":6.826765,"USDDOP":57.920401,"USDDZD":134.705001,"USDEGP":30.928602,"USDERN":15,"USDETB":56.217366,"USDEUR":0.9152,"USDFJD":2.234199,"USDFKP":0.791691,"USDGBP":0.78905,"USDGEL":2.680003,"USDGGP":0.791691,"USDGHS":11.950099,"USDGIP":0.791691,"USDGMD":67.224974,"USDGNF":8599.999588,"USDGTQ":7.81576,"USDGYD":209.18232,"USDHKD":7.80755,"USDHNL":24.749774,"USDHRK":6.98177,"USDHTG":131.745567,"USDHUF":348.284946,"USDIDR":15562,"USDILS":3.657315,"USDIMP":0.791691,"USDINR":83.31835,"USDIQD":1310,"USDIRR":42060.000212,"USDISK":137.929749,"USDJEP":0.791691,"USDJMD":154.168497,"USDJOD":0.709506,"USDJPY":143.000499,"USDKES":157.349979,"USDKGS":89.0853,"USDKHR":4089.999765,"USDKMF":450.499783,"USDKPW":900.03902,"USDKRW":1310.255027,"USDKWD":0.30752,"USDKYD":0.832601,"USDKZT":457.160634,"USDLAK":20562.495518,"USDLBP":15062.49719,"USDLKR":322.719953,"USDLRD":188.498362,"USDLSL":18.569619,"USDLTL":2.95274,"USDLVL":0.60489,"USDLYD":4.774981,"USDMAD":9.928971,"USDMDL":17.554165,"USDMGA":4590.000311,"USDMKD":56.408496,"USDMMK":2098.102366,"USDMNT":3435.553998,"USDMOP":8.036106,"USDMRU":39.650113,"USDMUR":44.112129,"USDMVR":15.395011,"USDMWK":1681.999874,"USDMXN":17.015395,"USDMYR":4.603501,"USDMZN":63.249949,"USDNAD":18.569663,"USDNGN":891.898326,"USDNIO":36.719738,"USDNOK":10.338445,"USDNPR":133.601413,"USDNZD":1.599825,"USDOMR":0.384857,"USDPAB":0.999158,"USDPEN":3.713499,"USDPGK":3.73125,"USDPHP":55.718001,"USDPKR":281.950487,"USDPLN":3.98415,"USDPYG":7266.505636,"USDQAR":3.6405,"USDRON":4.550095,"USDRSD":107.290274,"USDRUB":91.999994,"USDRWF":1263.5,"USDSAR":3.750395,"USDSBD":8.404697,"USDSCR":13.649267,"USDSDG":601.000262,"USDSEK":10.28372,"USDSGD":1.328465,"USDSHP":1.262297,"USDSLE":22.8463,"USDSLL":19750.000098,"USDSOS":571.000304,"USDSRD":36.403684,"USDSTD":20697.981008,"USDSYP":13002.14299,"USDSZL":18.569885,"USDTHB":34.450319,"USDTJS":10.915346,"USDTMT":3.51,"USDTND":3.093499,"USDTOP":2.34045,"USDTRY":29.791285,"USDTTD":6.780607,"USDTWD":30.99445,"USDTZS":2514.999597,"USDUAH":38.084947,"USDUGX":3808.939984,"USDUYU":38.993952,"USDUZS":12350.000054,"USDVEF":3590892.176951,"USDVES":35.822194,"USDVND":24385,"USDVUV":117.426564,"USDWST":2.697826,"USDXAF":600.187571,"USDXAG":0.043435,"USDXAU":0.000489,"USDXCD":2.70255,"USDXDR":0.744675,"USDXOF":594.498557,"USDXPF":109.375036,"USDYER":250.2502,"USDZAR":18.70125,"USDZMK":9001.19649,"USDZMW":25.750936,"USDZWL":321.999592}}}
[2025-02-27T10:34:58.515+0000] {python.py:201} INFO - Done. Returned value was: None
[2025-02-27T10:34:58.521+0000] {taskinstance.py:1138} INFO - Marking task as SUCCESS. dag_id=3_4_2_homework_assignment, task_id=extract_task, execution_date=20240103T000000, start_date=20250227T103457, end_date=20250227T103458
[2025-02-27T10:34:58.568+0000] {local_task_job_runner.py:234} INFO - Task exited with return code 0
[2025-02-27T10:44:49.471+0000] {taskinstance.py:1956} INFO - Dependencies all met for dep_context=non-requeueable deps ti=<TaskInstance: 3_4_2_homework_assignment.extract_task scheduled__2024-01-03T00:00:00+00:00 [queued]>
[2025-02-27T10:44:49.477+0000] {taskinstance.py:1956} INFO - Dependencies all met for dep_context=requeueable deps ti=<TaskInstance: 3_4_2_homework_assignment.extract_task scheduled__2024-01-03T00:00:00+00:00 [queued]>
[2025-02-27T10:44:49.477+0000] {taskinstance.py:2170} INFO - Starting attempt 1 of 1
[2025-02-27T10:44:49.487+0000] {taskinstance.py:2191} INFO - Executing <Task(PythonOperator): extract_task> on 2024-01-03 00:00:00+00:00
[2025-02-27T10:44:49.492+0000] {standard_task_runner.py:60} INFO - Started process 6968 to run task
[2025-02-27T10:44:49.494+0000] {standard_task_runner.py:87} INFO - Running: ['airflow', 'tasks', 'run', '3_4_2_homework_assignment', 'extract_task', 'scheduled__2024-01-03T00:00:00+00:00', '--job-id', '8', '--raw', '--subdir', 'DAGS_FOLDER/3_4_2_homework_assignment.py', '--cfg-path', '/tmp/tmppix6mwxq']
[2025-02-27T10:44:49.496+0000] {standard_task_runner.py:88} INFO - Job 8: Subtask extract_task
[2025-02-27T10:44:49.519+0000] {task_command.py:423} INFO - Running <TaskInstance: 3_4_2_homework_assignment.extract_task scheduled__2024-01-03T00:00:00+00:00 [running]> on host ea5964584459
[2025-02-27T10:44:49.560+0000] {taskinstance.py:2480} INFO - Exporting env vars: AIRFLOW_CTX_DAG_OWNER='airflow' AIRFLOW_CTX_DAG_ID='3_4_2_homework_assignment' AIRFLOW_CTX_TASK_ID='extract_task' AIRFLOW_CTX_EXECUTION_DATE='2024-01-03T00:00:00+00:00' AIRFLOW_CTX_TRY_NUMBER='1' AIRFLOW_CTX_DAG_RUN_ID='scheduled__2024-01-03T00:00:00+00:00'
[2025-02-27T10:44:49.561+0000] {3_4_2_homework_assignment.py:40} INFO - https://api.exchangerate.host/timeframe?access_key=422bab0c9e08a5476912061877017b8d&source=USD&start_date=2024-01-03&end_date=2024-01-03
[2025-02-27T10:44:50.191+0000] {logging_mixin.py:188} INFO - Ответ API: {"success":true,"terms":"https:\/\/currencylayer.com\/terms","privacy":"https:\/\/currencylayer.com\/privacy","timeframe":true,"start_date":"2024-01-03","end_date":"2024-01-03","source":"USD","quotes":{"2024-01-03":{"USDAED":3.672801,"USDAFN":69.999846,"USDALL":94.190244,"USDAMD":405.280256,"USDANG":1.800681,"USDAOA":832.505328,"USDARS":810.626413,"USDAUD":1.48478,"USDAWG":1.8025,"USDAZN":1.692751,"USDBAM":1.789403,"USDBBD":2.017256,"USDBDT":109.646193,"USDBGN":1.789901,"USDBHD":0.376778,"USDBIF":2855,"USDBMD":1,"USDBND":1.327179,"USDBOB":6.903209,"USDBRL":4.920701,"USDBSD":0.999021,"USDBTC":2.3353345e-5,"USDBTN":83.500005,"USDBWP":13.555848,"USDBYN":3.298993,"USDBYR":19600,"USDBZD":2.013871,"USDCAD":1.334835,"USDCDF":2680.000096,"USDCHF":0.849104,"USDCLF":0.031973,"USDCLP":882.230165,"USDCNY":7.108903,"USDCOP":3898.5,"USDCRC":519.135932,"USDCUC":1,"USDCUP":26.5,"USDCVE":101.149944,"USDCZK":22.575697,"USDDJF":177.720103,"USDDKK":6.826765,"USDDOP":57.920401,"USDDZD":134.705001,"USDEGP":30.928602,"USDERN":15,"USDETB":56.217366,"USDEUR":0.9152,"USDFJD":2.234199,"USDFKP":0.791691,"USDGBP":0.78905,"USDGEL":2.680003,"USDGGP":0.791691,"USDGHS":11.950099,"USDGIP":0.791691,"USDGMD":67.224974,"USDGNF":8599.999588,"USDGTQ":7.81576,"USDGYD":209.18232,"USDHKD":7.80755,"USDHNL":24.749774,"USDHRK":6.98177,"USDHTG":131.745567,"USDHUF":348.284946,"USDIDR":15562,"USDILS":3.657315,"USDIMP":0.791691,"USDINR":83.31835,"USDIQD":1310,"USDIRR":42060.000212,"USDISK":137.929749,"USDJEP":0.791691,"USDJMD":154.168497,"USDJOD":0.709506,"USDJPY":143.000499,"USDKES":157.349979,"USDKGS":89.0853,"USDKHR":4089.999765,"USDKMF":450.499783,"USDKPW":900.03902,"USDKRW":1310.255027,"USDKWD":0.30752,"USDKYD":0.832601,"USDKZT":457.160634,"USDLAK":20562.495518,"USDLBP":15062.49719,"USDLKR":322.719953,"USDLRD":188.498362,"USDLSL":18.569619,"USDLTL":2.95274,"USDLVL":0.60489,"USDLYD":4.774981,"USDMAD":9.928971,"USDMDL":17.554165,"USDMGA":4590.000311,"USDMKD":56.408496,"USDMMK":2098.102366,"USDMNT":3435.553998,"USDMOP":8.036106,"USDMRU":39.650113,"USDMUR":44.112129,"USDMVR":15.395011,"USDMWK":1681.999874,"USDMXN":17.015395,"USDMYR":4.603501,"USDMZN":63.249949,"USDNAD":18.569663,"USDNGN":891.898326,"USDNIO":36.719738,"USDNOK":10.338445,"USDNPR":133.601413,"USDNZD":1.599825,"USDOMR":0.384857,"USDPAB":0.999158,"USDPEN":3.713499,"USDPGK":3.73125,"USDPHP":55.718001,"USDPKR":281.950487,"USDPLN":3.98415,"USDPYG":7266.505636,"USDQAR":3.6405,"USDRON":4.550095,"USDRSD":107.290274,"USDRUB":91.999994,"USDRWF":1263.5,"USDSAR":3.750395,"USDSBD":8.404697,"USDSCR":13.649267,"USDSDG":601.000262,"USDSEK":10.28372,"USDSGD":1.328465,"USDSHP":1.262297,"USDSLE":22.8463,"USDSLL":19750.000098,"USDSOS":571.000304,"USDSRD":36.403684,"USDSTD":20697.981008,"USDSYP":13002.14299,"USDSZL":18.569885,"USDTHB":34.450319,"USDTJS":10.915346,"USDTMT":3.51,"USDTND":3.093499,"USDTOP":2.34045,"USDTRY":29.791285,"USDTTD":6.780607,"USDTWD":30.99445,"USDTZS":2514.999597,"USDUAH":38.084947,"USDUGX":3808.939984,"USDUYU":38.993952,"USDUZS":12350.000054,"USDVEF":3590892.176951,"USDVES":35.822194,"USDVND":24385,"USDVUV":117.426564,"USDWST":2.697826,"USDXAF":600.187571,"USDXAG":0.043435,"USDXAU":0.000489,"USDXCD":2.70255,"USDXDR":0.744675,"USDXOF":594.498557,"USDXPF":109.375036,"USDYER":250.2502,"USDZAR":18.70125,"USDZMK":9001.19649,"USDZMW":25.750936,"USDZWL":321.999592}}}
[2025-02-27T10:44:50.193+0000] {python.py:201} INFO - Done. Returned value was: None
[2025-02-27T10:44:50.197+0000] {taskinstance.py:1138} INFO - Marking task as SUCCESS. dag_id=3_4_2_homework_assignment, task_id=extract_task, execution_date=20240103T000000, start_date=20250227T104449, end_date=20250227T104450
[2025-02-27T10:44:50.239+0000] {local_task_job_runner.py:234} INFO - Task exited with return code 0
