[2025-02-27T09:33:35.431+0000] {taskinstance.py:1956} INFO - Dependencies all met for dep_context=non-requeueable deps ti=<TaskInstance: 3_4_2_homework_assignment.transform_data_task scheduled__2024-01-08T00:00:00+00:00 [queued]>
[2025-02-27T09:33:35.437+0000] {taskinstance.py:1956} INFO - Dependencies all met for dep_context=requeueable deps ti=<TaskInstance: 3_4_2_homework_assignment.transform_data_task scheduled__2024-01-08T00:00:00+00:00 [queued]>
[2025-02-27T09:33:35.437+0000] {taskinstance.py:2170} INFO - Starting attempt 1 of 1
[2025-02-27T09:33:35.448+0000] {taskinstance.py:2191} INFO - Executing <Task(PythonOperator): transform_data_task> on 2024-01-08 00:00:00+00:00
[2025-02-27T09:33:35.453+0000] {standard_task_runner.py:60} INFO - Started process 426 to run task
[2025-02-27T09:33:35.456+0000] {standard_task_runner.py:87} INFO - Running: ['airflow', 'tasks', 'run', '3_4_2_homework_assignment', 'transform_data_task', 'scheduled__2024-01-08T00:00:00+00:00', '--job-id', '17', '--raw', '--subdir', 'DAGS_FOLDER/3_4_2_homework_assignment.py', '--cfg-path', '/tmp/tmp5xspkhpv']
[2025-02-27T09:33:35.457+0000] {standard_task_runner.py:88} INFO - Job 17: Subtask transform_data_task
[2025-02-27T09:33:35.483+0000] {task_command.py:423} INFO - Running <TaskInstance: 3_4_2_homework_assignment.transform_data_task scheduled__2024-01-08T00:00:00+00:00 [running]> on host ea5964584459
[2025-02-27T09:33:35.526+0000] {taskinstance.py:2480} INFO - Exporting env vars: AIRFLOW_CTX_DAG_OWNER='airflow' AIRFLOW_CTX_DAG_ID='3_4_2_homework_assignment' AIRFLOW_CTX_TASK_ID='transform_data_task' AIRFLOW_CTX_EXECUTION_DATE='2024-01-08T00:00:00+00:00' AIRFLOW_CTX_TRY_NUMBER='1' AIRFLOW_CTX_DAG_RUN_ID='scheduled__2024-01-08T00:00:00+00:00'
[2025-02-27T09:33:35.527+0000] {taskinstance.py:2698} ERROR - Task failed with exception
Traceback (most recent call last):
  File "/home/airflow/.local/lib/python3.9/site-packages/airflow/models/taskinstance.py", line 433, in _execute_task
    result = execute_callable(context=context, **execute_callable_kwargs)
  File "/home/airflow/.local/lib/python3.9/site-packages/airflow/operators/python.py", line 199, in execute
    return_value = self.execute_callable()
  File "/home/airflow/.local/lib/python3.9/site-packages/airflow/operators/python.py", line 216, in execute_callable
    return self.python_callable(*self.op_args, **self.op_kwargs)
  File "/opt/airflow/dags/3_4_2_homework_assignment.py", line 56, in transform_data
    current = request_json["source"]
KeyError: 'source'
[2025-02-27T09:33:35.532+0000] {taskinstance.py:1138} INFO - Marking task as FAILED. dag_id=3_4_2_homework_assignment, task_id=transform_data_task, execution_date=20240108T000000, start_date=20250227T093335, end_date=20250227T093335
[2025-02-27T09:33:35.540+0000] {standard_task_runner.py:107} ERROR - Failed to execute job 17 for task transform_data_task ('source'; 426)
[2025-02-27T09:33:35.548+0000] {local_task_job_runner.py:234} INFO - Task exited with return code 1
[2025-02-27T09:35:47.406+0000] {taskinstance.py:1956} INFO - Dependencies all met for dep_context=non-requeueable deps ti=<TaskInstance: 3_4_2_homework_assignment.transform_data_task scheduled__2024-01-08T00:00:00+00:00 [queued]>
[2025-02-27T09:35:47.410+0000] {taskinstance.py:1956} INFO - Dependencies all met for dep_context=requeueable deps ti=<TaskInstance: 3_4_2_homework_assignment.transform_data_task scheduled__2024-01-08T00:00:00+00:00 [queued]>
[2025-02-27T09:35:47.411+0000] {taskinstance.py:2170} INFO - Starting attempt 1 of 1
[2025-02-27T09:35:47.420+0000] {taskinstance.py:2191} INFO - Executing <Task(PythonOperator): transform_data_task> on 2024-01-08 00:00:00+00:00
[2025-02-27T09:35:47.425+0000] {standard_task_runner.py:60} INFO - Started process 785 to run task
[2025-02-27T09:35:47.427+0000] {standard_task_runner.py:87} INFO - Running: ['airflow', 'tasks', 'run', '3_4_2_homework_assignment', 'transform_data_task', 'scheduled__2024-01-08T00:00:00+00:00', '--job-id', '17', '--raw', '--subdir', 'DAGS_FOLDER/3_4_2_homework_assignment.py', '--cfg-path', '/tmp/tmpikt0ishs']
[2025-02-27T09:35:47.428+0000] {standard_task_runner.py:88} INFO - Job 17: Subtask transform_data_task
[2025-02-27T09:35:47.453+0000] {task_command.py:423} INFO - Running <TaskInstance: 3_4_2_homework_assignment.transform_data_task scheduled__2024-01-08T00:00:00+00:00 [running]> on host ea5964584459
[2025-02-27T09:35:47.491+0000] {taskinstance.py:2480} INFO - Exporting env vars: AIRFLOW_CTX_DAG_OWNER='airflow' AIRFLOW_CTX_DAG_ID='3_4_2_homework_assignment' AIRFLOW_CTX_TASK_ID='transform_data_task' AIRFLOW_CTX_EXECUTION_DATE='2024-01-08T00:00:00+00:00' AIRFLOW_CTX_TRY_NUMBER='1' AIRFLOW_CTX_DAG_RUN_ID='scheduled__2024-01-08T00:00:00+00:00'
[2025-02-27T09:35:47.492+0000] {taskinstance.py:2698} ERROR - Task failed with exception
Traceback (most recent call last):
  File "/home/airflow/.local/lib/python3.9/site-packages/airflow/models/taskinstance.py", line 433, in _execute_task
    result = execute_callable(context=context, **execute_callable_kwargs)
  File "/home/airflow/.local/lib/python3.9/site-packages/airflow/operators/python.py", line 199, in execute
    return_value = self.execute_callable()
  File "/home/airflow/.local/lib/python3.9/site-packages/airflow/operators/python.py", line 216, in execute_callable
    return self.python_callable(*self.op_args, **self.op_kwargs)
  File "/opt/airflow/dags/3_4_2_homework_assignment.py", line 56, in transform_data
    current = request_json["source"]
KeyError: 'source'
[2025-02-27T09:35:47.496+0000] {taskinstance.py:1138} INFO - Marking task as FAILED. dag_id=3_4_2_homework_assignment, task_id=transform_data_task, execution_date=20240108T000000, start_date=20250227T093547, end_date=20250227T093547
[2025-02-27T09:35:47.503+0000] {standard_task_runner.py:107} ERROR - Failed to execute job 17 for task transform_data_task ('source'; 785)
[2025-02-27T09:35:47.520+0000] {local_task_job_runner.py:234} INFO - Task exited with return code 1
[2025-02-27T09:40:43.759+0000] {taskinstance.py:1956} INFO - Dependencies all met for dep_context=non-requeueable deps ti=<TaskInstance: 3_4_2_homework_assignment.transform_data_task scheduled__2024-01-08T00:00:00+00:00 [queued]>
[2025-02-27T09:40:43.764+0000] {taskinstance.py:1956} INFO - Dependencies all met for dep_context=requeueable deps ti=<TaskInstance: 3_4_2_homework_assignment.transform_data_task scheduled__2024-01-08T00:00:00+00:00 [queued]>
[2025-02-27T09:40:43.764+0000] {taskinstance.py:2170} INFO - Starting attempt 1 of 1
[2025-02-27T09:40:43.774+0000] {taskinstance.py:2191} INFO - Executing <Task(PythonOperator): transform_data_task> on 2024-01-08 00:00:00+00:00
[2025-02-27T09:40:43.779+0000] {standard_task_runner.py:60} INFO - Started process 1188 to run task
[2025-02-27T09:40:43.781+0000] {standard_task_runner.py:87} INFO - Running: ['airflow', 'tasks', 'run', '3_4_2_homework_assignment', 'transform_data_task', 'scheduled__2024-01-08T00:00:00+00:00', '--job-id', '17', '--raw', '--subdir', 'DAGS_FOLDER/3_4_2_homework_assignment.py', '--cfg-path', '/tmp/tmppi2xm7cw']
[2025-02-27T09:40:43.782+0000] {standard_task_runner.py:88} INFO - Job 17: Subtask transform_data_task
[2025-02-27T09:40:43.807+0000] {task_command.py:423} INFO - Running <TaskInstance: 3_4_2_homework_assignment.transform_data_task scheduled__2024-01-08T00:00:00+00:00 [running]> on host ea5964584459
[2025-02-27T09:40:43.848+0000] {taskinstance.py:2480} INFO - Exporting env vars: AIRFLOW_CTX_DAG_OWNER='airflow' AIRFLOW_CTX_DAG_ID='3_4_2_homework_assignment' AIRFLOW_CTX_TASK_ID='transform_data_task' AIRFLOW_CTX_EXECUTION_DATE='2024-01-08T00:00:00+00:00' AIRFLOW_CTX_TRY_NUMBER='1' AIRFLOW_CTX_DAG_RUN_ID='scheduled__2024-01-08T00:00:00+00:00'
[2025-02-27T09:40:43.849+0000] {taskinstance.py:2698} ERROR - Task failed with exception
Traceback (most recent call last):
  File "/home/airflow/.local/lib/python3.9/site-packages/airflow/models/taskinstance.py", line 433, in _execute_task
    result = execute_callable(context=context, **execute_callable_kwargs)
  File "/home/airflow/.local/lib/python3.9/site-packages/airflow/operators/python.py", line 199, in execute
    return_value = self.execute_callable()
  File "/home/airflow/.local/lib/python3.9/site-packages/airflow/operators/python.py", line 216, in execute_callable
    return self.python_callable(*self.op_args, **self.op_kwargs)
  File "/opt/airflow/dags/3_4_2_homework_assignment.py", line 56, in transform_data
    current = request_json["source"]
KeyError: 'source'
[2025-02-27T09:40:43.854+0000] {taskinstance.py:1138} INFO - Marking task as FAILED. dag_id=3_4_2_homework_assignment, task_id=transform_data_task, execution_date=20240108T000000, start_date=20250227T094043, end_date=20250227T094043
[2025-02-27T09:40:43.862+0000] {standard_task_runner.py:107} ERROR - Failed to execute job 17 for task transform_data_task ('source'; 1188)
[2025-02-27T09:40:43.874+0000] {local_task_job_runner.py:234} INFO - Task exited with return code 1
[2025-02-27T09:51:03.309+0000] {taskinstance.py:1956} INFO - Dependencies all met for dep_context=non-requeueable deps ti=<TaskInstance: 3_4_2_homework_assignment.transform_data_task scheduled__2024-01-08T00:00:00+00:00 [queued]>
[2025-02-27T09:51:03.314+0000] {taskinstance.py:1956} INFO - Dependencies all met for dep_context=requeueable deps ti=<TaskInstance: 3_4_2_homework_assignment.transform_data_task scheduled__2024-01-08T00:00:00+00:00 [queued]>
[2025-02-27T09:51:03.314+0000] {taskinstance.py:2170} INFO - Starting attempt 1 of 1
[2025-02-27T09:51:03.327+0000] {taskinstance.py:2191} INFO - Executing <Task(PythonOperator): transform_data_task> on 2024-01-08 00:00:00+00:00
[2025-02-27T09:51:03.332+0000] {standard_task_runner.py:60} INFO - Started process 2467 to run task
[2025-02-27T09:51:03.334+0000] {standard_task_runner.py:87} INFO - Running: ['airflow', 'tasks', 'run', '3_4_2_homework_assignment', 'transform_data_task', 'scheduled__2024-01-08T00:00:00+00:00', '--job-id', '24', '--raw', '--subdir', 'DAGS_FOLDER/3_4_2_homework_assignment.py', '--cfg-path', '/tmp/tmpfrhxckhp']
[2025-02-27T09:51:03.336+0000] {standard_task_runner.py:88} INFO - Job 24: Subtask transform_data_task
[2025-02-27T09:51:03.362+0000] {task_command.py:423} INFO - Running <TaskInstance: 3_4_2_homework_assignment.transform_data_task scheduled__2024-01-08T00:00:00+00:00 [running]> on host ea5964584459
[2025-02-27T09:51:03.408+0000] {taskinstance.py:2480} INFO - Exporting env vars: AIRFLOW_CTX_DAG_OWNER='airflow' AIRFLOW_CTX_DAG_ID='3_4_2_homework_assignment' AIRFLOW_CTX_TASK_ID='transform_data_task' AIRFLOW_CTX_EXECUTION_DATE='2024-01-08T00:00:00+00:00' AIRFLOW_CTX_TRY_NUMBER='1' AIRFLOW_CTX_DAG_RUN_ID='scheduled__2024-01-08T00:00:00+00:00'
[2025-02-27T09:51:03.409+0000] {taskinstance.py:2698} ERROR - Task failed with exception
Traceback (most recent call last):
  File "/home/airflow/.local/lib/python3.9/site-packages/airflow/models/taskinstance.py", line 433, in _execute_task
    result = execute_callable(context=context, **execute_callable_kwargs)
  File "/home/airflow/.local/lib/python3.9/site-packages/airflow/operators/python.py", line 199, in execute
    return_value = self.execute_callable()
  File "/home/airflow/.local/lib/python3.9/site-packages/airflow/operators/python.py", line 216, in execute_callable
    return self.python_callable(*self.op_args, **self.op_kwargs)
  File "/opt/airflow/dags/3_4_2_homework_assignment.py", line 66, in transform_data
    raise KeyError(f"Ключ '{key}' отсутствует в JSON-файле: {s_file}")
KeyError: "Ключ 'source' отсутствует в JSON-файле: extracted_data.json"
[2025-02-27T09:51:03.414+0000] {taskinstance.py:1138} INFO - Marking task as FAILED. dag_id=3_4_2_homework_assignment, task_id=transform_data_task, execution_date=20240108T000000, start_date=20250227T095103, end_date=20250227T095103
[2025-02-27T09:51:03.426+0000] {standard_task_runner.py:107} ERROR - Failed to execute job 24 for task transform_data_task ("Ключ 'source' отсутствует в JSON-файле: extracted_data.json"; 2467)
[2025-02-27T09:51:03.469+0000] {local_task_job_runner.py:234} INFO - Task exited with return code 1
[2025-02-27T09:51:03.477+0000] {taskinstance.py:3280} INFO - 0 downstream tasks scheduled from follow-on schedule check
[2025-02-27T09:55:23.393+0000] {taskinstance.py:1956} INFO - Dependencies all met for dep_context=non-requeueable deps ti=<TaskInstance: 3_4_2_homework_assignment.transform_data_task scheduled__2024-01-08T00:00:00+00:00 [queued]>
[2025-02-27T09:55:23.397+0000] {taskinstance.py:1956} INFO - Dependencies all met for dep_context=requeueable deps ti=<TaskInstance: 3_4_2_homework_assignment.transform_data_task scheduled__2024-01-08T00:00:00+00:00 [queued]>
[2025-02-27T09:55:23.398+0000] {taskinstance.py:2170} INFO - Starting attempt 1 of 1
[2025-02-27T09:55:23.412+0000] {taskinstance.py:2191} INFO - Executing <Task(PythonOperator): transform_data_task> on 2024-01-08 00:00:00+00:00
[2025-02-27T09:55:23.417+0000] {standard_task_runner.py:60} INFO - Started process 3047 to run task
[2025-02-27T09:55:23.420+0000] {standard_task_runner.py:87} INFO - Running: ['airflow', 'tasks', 'run', '3_4_2_homework_assignment', 'transform_data_task', 'scheduled__2024-01-08T00:00:00+00:00', '--job-id', '24', '--raw', '--subdir', 'DAGS_FOLDER/3_4_2_homework_assignment.py', '--cfg-path', '/tmp/tmpqk7u6ozu']
[2025-02-27T09:55:23.421+0000] {standard_task_runner.py:88} INFO - Job 24: Subtask transform_data_task
[2025-02-27T09:55:23.451+0000] {task_command.py:423} INFO - Running <TaskInstance: 3_4_2_homework_assignment.transform_data_task scheduled__2024-01-08T00:00:00+00:00 [running]> on host ea5964584459
[2025-02-27T09:55:23.493+0000] {taskinstance.py:2480} INFO - Exporting env vars: AIRFLOW_CTX_DAG_OWNER='airflow' AIRFLOW_CTX_DAG_ID='3_4_2_homework_assignment' AIRFLOW_CTX_TASK_ID='transform_data_task' AIRFLOW_CTX_EXECUTION_DATE='2024-01-08T00:00:00+00:00' AIRFLOW_CTX_TRY_NUMBER='1' AIRFLOW_CTX_DAG_RUN_ID='scheduled__2024-01-08T00:00:00+00:00'
[2025-02-27T09:55:23.494+0000] {taskinstance.py:2698} ERROR - Task failed with exception
Traceback (most recent call last):
  File "/home/airflow/.local/lib/python3.9/site-packages/airflow/models/taskinstance.py", line 433, in _execute_task
    result = execute_callable(context=context, **execute_callable_kwargs)
  File "/home/airflow/.local/lib/python3.9/site-packages/airflow/operators/python.py", line 199, in execute
    return_value = self.execute_callable()
  File "/home/airflow/.local/lib/python3.9/site-packages/airflow/operators/python.py", line 216, in execute_callable
    return self.python_callable(*self.op_args, **self.op_kwargs)
  File "/opt/airflow/dags/3_4_2_homework_assignment.py", line 67, in transform_data
    raise KeyError(f"Ключ '{key}' отсутствует в JSON-файле: {s_file}")
KeyError: "Ключ 'source' отсутствует в JSON-файле: extracted_data.json"
[2025-02-27T09:55:23.498+0000] {taskinstance.py:1138} INFO - Marking task as FAILED. dag_id=3_4_2_homework_assignment, task_id=transform_data_task, execution_date=20240108T000000, start_date=20250227T095523, end_date=20250227T095523
[2025-02-27T09:55:23.506+0000] {standard_task_runner.py:107} ERROR - Failed to execute job 24 for task transform_data_task ("Ключ 'source' отсутствует в JSON-файле: extracted_data.json"; 3047)
[2025-02-27T09:55:23.554+0000] {local_task_job_runner.py:234} INFO - Task exited with return code 1
[2025-02-27T09:55:23.563+0000] {taskinstance.py:3280} INFO - 0 downstream tasks scheduled from follow-on schedule check
[2025-02-27T10:07:15.088+0000] {taskinstance.py:1956} INFO - Dependencies all met for dep_context=non-requeueable deps ti=<TaskInstance: 3_4_2_homework_assignment.transform_data_task scheduled__2024-01-08T00:00:00+00:00 [queued]>
[2025-02-27T10:07:15.092+0000] {taskinstance.py:1956} INFO - Dependencies all met for dep_context=requeueable deps ti=<TaskInstance: 3_4_2_homework_assignment.transform_data_task scheduled__2024-01-08T00:00:00+00:00 [queued]>
[2025-02-27T10:07:15.093+0000] {taskinstance.py:2170} INFO - Starting attempt 1 of 1
[2025-02-27T10:07:15.103+0000] {taskinstance.py:2191} INFO - Executing <Task(PythonOperator): transform_data_task> on 2024-01-08 00:00:00+00:00
[2025-02-27T10:07:15.107+0000] {standard_task_runner.py:60} INFO - Started process 3689 to run task
[2025-02-27T10:07:15.109+0000] {standard_task_runner.py:87} INFO - Running: ['airflow', 'tasks', 'run', '3_4_2_homework_assignment', 'transform_data_task', 'scheduled__2024-01-08T00:00:00+00:00', '--job-id', '24', '--raw', '--subdir', 'DAGS_FOLDER/3_4_2_homework_assignment.py', '--cfg-path', '/tmp/tmpft7m1evs']
[2025-02-27T10:07:15.110+0000] {standard_task_runner.py:88} INFO - Job 24: Subtask transform_data_task
[2025-02-27T10:07:15.135+0000] {task_command.py:423} INFO - Running <TaskInstance: 3_4_2_homework_assignment.transform_data_task scheduled__2024-01-08T00:00:00+00:00 [running]> on host ea5964584459
[2025-02-27T10:07:15.174+0000] {taskinstance.py:2480} INFO - Exporting env vars: AIRFLOW_CTX_DAG_OWNER='airflow' AIRFLOW_CTX_DAG_ID='3_4_2_homework_assignment' AIRFLOW_CTX_TASK_ID='transform_data_task' AIRFLOW_CTX_EXECUTION_DATE='2024-01-08T00:00:00+00:00' AIRFLOW_CTX_TRY_NUMBER='1' AIRFLOW_CTX_DAG_RUN_ID='scheduled__2024-01-08T00:00:00+00:00'
[2025-02-27T10:07:15.175+0000] {taskinstance.py:2698} ERROR - Task failed with exception
Traceback (most recent call last):
  File "/home/airflow/.local/lib/python3.9/site-packages/airflow/models/taskinstance.py", line 433, in _execute_task
    result = execute_callable(context=context, **execute_callable_kwargs)
  File "/home/airflow/.local/lib/python3.9/site-packages/airflow/operators/python.py", line 199, in execute
    return_value = self.execute_callable()
  File "/home/airflow/.local/lib/python3.9/site-packages/airflow/operators/python.py", line 216, in execute_callable
    return self.python_callable(*self.op_args, **self.op_kwargs)
  File "/opt/airflow/dags/3_4_2_homework_assignment.py", line 61, in transform_data
    raise KeyError(f"Ключ '{key}' отсутствует в JSON-файле: {s_file}")
KeyError: "Ключ 'source' отсутствует в JSON-файле: extracted_data.json"
[2025-02-27T10:07:15.179+0000] {taskinstance.py:1138} INFO - Marking task as FAILED. dag_id=3_4_2_homework_assignment, task_id=transform_data_task, execution_date=20240108T000000, start_date=20250227T100715, end_date=20250227T100715
[2025-02-27T10:07:15.188+0000] {standard_task_runner.py:107} ERROR - Failed to execute job 24 for task transform_data_task ("Ключ 'source' отсутствует в JSON-файле: extracted_data.json"; 3689)
[2025-02-27T10:07:15.203+0000] {local_task_job_runner.py:234} INFO - Task exited with return code 1
[2025-02-27T10:07:15.211+0000] {taskinstance.py:3280} INFO - 0 downstream tasks scheduled from follow-on schedule check
[2025-02-27T10:14:52.625+0000] {taskinstance.py:1956} INFO - Dependencies all met for dep_context=non-requeueable deps ti=<TaskInstance: 3_4_2_homework_assignment.transform_data_task scheduled__2024-01-08T00:00:00+00:00 [queued]>
[2025-02-27T10:14:52.630+0000] {taskinstance.py:1956} INFO - Dependencies all met for dep_context=requeueable deps ti=<TaskInstance: 3_4_2_homework_assignment.transform_data_task scheduled__2024-01-08T00:00:00+00:00 [queued]>
[2025-02-27T10:14:52.631+0000] {taskinstance.py:2170} INFO - Starting attempt 1 of 1
[2025-02-27T10:14:52.641+0000] {taskinstance.py:2191} INFO - Executing <Task(PythonOperator): transform_data_task> on 2024-01-08 00:00:00+00:00
[2025-02-27T10:14:52.645+0000] {standard_task_runner.py:60} INFO - Started process 4584 to run task
[2025-02-27T10:14:52.648+0000] {standard_task_runner.py:87} INFO - Running: ['airflow', 'tasks', 'run', '3_4_2_homework_assignment', 'transform_data_task', 'scheduled__2024-01-08T00:00:00+00:00', '--job-id', '24', '--raw', '--subdir', 'DAGS_FOLDER/3_4_2_homework_assignment.py', '--cfg-path', '/tmp/tmpwzk95p0f']
[2025-02-27T10:14:52.649+0000] {standard_task_runner.py:88} INFO - Job 24: Subtask transform_data_task
[2025-02-27T10:14:52.674+0000] {task_command.py:423} INFO - Running <TaskInstance: 3_4_2_homework_assignment.transform_data_task scheduled__2024-01-08T00:00:00+00:00 [running]> on host ea5964584459
[2025-02-27T10:14:52.717+0000] {taskinstance.py:2480} INFO - Exporting env vars: AIRFLOW_CTX_DAG_OWNER='airflow' AIRFLOW_CTX_DAG_ID='3_4_2_homework_assignment' AIRFLOW_CTX_TASK_ID='transform_data_task' AIRFLOW_CTX_EXECUTION_DATE='2024-01-08T00:00:00+00:00' AIRFLOW_CTX_TRY_NUMBER='1' AIRFLOW_CTX_DAG_RUN_ID='scheduled__2024-01-08T00:00:00+00:00'
[2025-02-27T10:14:52.720+0000] {python.py:201} INFO - Done. Returned value was: None
[2025-02-27T10:14:52.724+0000] {taskinstance.py:1138} INFO - Marking task as SUCCESS. dag_id=3_4_2_homework_assignment, task_id=transform_data_task, execution_date=20240108T000000, start_date=20250227T101452, end_date=20250227T101452
[2025-02-27T10:14:52.741+0000] {local_task_job_runner.py:234} INFO - Task exited with return code 0
[2025-02-27T10:14:52.750+0000] {taskinstance.py:3280} INFO - 0 downstream tasks scheduled from follow-on schedule check
[2025-02-27T10:27:33.131+0000] {taskinstance.py:1956} INFO - Dependencies all met for dep_context=non-requeueable deps ti=<TaskInstance: 3_4_2_homework_assignment.transform_data_task scheduled__2024-01-08T00:00:00+00:00 [queued]>
[2025-02-27T10:27:33.136+0000] {taskinstance.py:1956} INFO - Dependencies all met for dep_context=requeueable deps ti=<TaskInstance: 3_4_2_homework_assignment.transform_data_task scheduled__2024-01-08T00:00:00+00:00 [queued]>
[2025-02-27T10:27:33.136+0000] {taskinstance.py:2170} INFO - Starting attempt 1 of 1
[2025-02-27T10:27:33.150+0000] {taskinstance.py:2191} INFO - Executing <Task(PythonOperator): transform_data_task> on 2024-01-08 00:00:00+00:00
[2025-02-27T10:27:33.154+0000] {standard_task_runner.py:60} INFO - Started process 5919 to run task
[2025-02-27T10:27:33.156+0000] {standard_task_runner.py:87} INFO - Running: ['airflow', 'tasks', 'run', '3_4_2_homework_assignment', 'transform_data_task', 'scheduled__2024-01-08T00:00:00+00:00', '--job-id', '24', '--raw', '--subdir', 'DAGS_FOLDER/3_4_2_homework_assignment.py', '--cfg-path', '/tmp/tmpn4326qb5']
[2025-02-27T10:27:33.157+0000] {standard_task_runner.py:88} INFO - Job 24: Subtask transform_data_task
[2025-02-27T10:27:33.185+0000] {task_command.py:423} INFO - Running <TaskInstance: 3_4_2_homework_assignment.transform_data_task scheduled__2024-01-08T00:00:00+00:00 [running]> on host ea5964584459
[2025-02-27T10:27:33.229+0000] {taskinstance.py:2480} INFO - Exporting env vars: AIRFLOW_CTX_DAG_OWNER='airflow' AIRFLOW_CTX_DAG_ID='3_4_2_homework_assignment' AIRFLOW_CTX_TASK_ID='transform_data_task' AIRFLOW_CTX_EXECUTION_DATE='2024-01-08T00:00:00+00:00' AIRFLOW_CTX_TRY_NUMBER='1' AIRFLOW_CTX_DAG_RUN_ID='scheduled__2024-01-08T00:00:00+00:00'
[2025-02-27T10:27:33.230+0000] {python.py:201} INFO - Done. Returned value was: None
[2025-02-27T10:27:33.233+0000] {taskinstance.py:1138} INFO - Marking task as SUCCESS. dag_id=3_4_2_homework_assignment, task_id=transform_data_task, execution_date=20240108T000000, start_date=20250227T102733, end_date=20250227T102733
[2025-02-27T10:27:33.291+0000] {local_task_job_runner.py:234} INFO - Task exited with return code 0
[2025-02-27T10:35:54.371+0000] {taskinstance.py:1956} INFO - Dependencies all met for dep_context=non-requeueable deps ti=<TaskInstance: 3_4_2_homework_assignment.transform_data_task scheduled__2024-01-08T00:00:00+00:00 [queued]>
[2025-02-27T10:35:54.376+0000] {taskinstance.py:1956} INFO - Dependencies all met for dep_context=requeueable deps ti=<TaskInstance: 3_4_2_homework_assignment.transform_data_task scheduled__2024-01-08T00:00:00+00:00 [queued]>
[2025-02-27T10:35:54.376+0000] {taskinstance.py:2170} INFO - Starting attempt 1 of 1
[2025-02-27T10:35:54.387+0000] {taskinstance.py:2191} INFO - Executing <Task(PythonOperator): transform_data_task> on 2024-01-08 00:00:00+00:00
[2025-02-27T10:35:54.392+0000] {standard_task_runner.py:60} INFO - Started process 6579 to run task
[2025-02-27T10:35:54.394+0000] {standard_task_runner.py:87} INFO - Running: ['airflow', 'tasks', 'run', '3_4_2_homework_assignment', 'transform_data_task', 'scheduled__2024-01-08T00:00:00+00:00', '--job-id', '24', '--raw', '--subdir', 'DAGS_FOLDER/3_4_2_homework_assignment.py', '--cfg-path', '/tmp/tmp9s5gdf8s']
[2025-02-27T10:35:54.396+0000] {standard_task_runner.py:88} INFO - Job 24: Subtask transform_data_task
[2025-02-27T10:35:54.422+0000] {task_command.py:423} INFO - Running <TaskInstance: 3_4_2_homework_assignment.transform_data_task scheduled__2024-01-08T00:00:00+00:00 [running]> on host ea5964584459
[2025-02-27T10:35:54.460+0000] {taskinstance.py:2480} INFO - Exporting env vars: AIRFLOW_CTX_DAG_OWNER='airflow' AIRFLOW_CTX_DAG_ID='3_4_2_homework_assignment' AIRFLOW_CTX_TASK_ID='transform_data_task' AIRFLOW_CTX_EXECUTION_DATE='2024-01-08T00:00:00+00:00' AIRFLOW_CTX_TRY_NUMBER='1' AIRFLOW_CTX_DAG_RUN_ID='scheduled__2024-01-08T00:00:00+00:00'
[2025-02-27T10:35:54.461+0000] {3_4_2_homework_assignment.py:84} INFO - USD,AED,3.672898,2024-01-08

[2025-02-27T10:35:54.461+0000] {3_4_2_homework_assignment.py:84} INFO - USD,AFN,70.499723,2024-01-08

[2025-02-27T10:35:54.461+0000] {3_4_2_homework_assignment.py:84} INFO - USD,ALL,95.364983,2024-01-08

[2025-02-27T10:35:54.462+0000] {3_4_2_homework_assignment.py:84} INFO - USD,AMD,404.250848,2024-01-08

[2025-02-27T10:35:54.462+0000] {3_4_2_homework_assignment.py:84} INFO - USD,ANG,1.80131,2024-01-08

[2025-02-27T10:35:54.462+0000] {3_4_2_homework_assignment.py:84} INFO - USD,AOA,830.499117,2024-01-08

[2025-02-27T10:35:54.462+0000] {3_4_2_homework_assignment.py:84} INFO - USD,ARS,813.861187,2024-01-08

[2025-02-27T10:35:54.462+0000] {3_4_2_homework_assignment.py:84} INFO - USD,AUD,1.488538,2024-01-08

[2025-02-27T10:35:54.463+0000] {3_4_2_homework_assignment.py:84} INFO - USD,AWG,1.8025,2024-01-08

[2025-02-27T10:35:54.463+0000] {3_4_2_homework_assignment.py:84} INFO - USD,AZN,1.696433,2024-01-08

[2025-02-27T10:35:54.463+0000] {3_4_2_homework_assignment.py:84} INFO - USD,BAM,1.787147,2024-01-08

[2025-02-27T10:35:54.463+0000] {3_4_2_homework_assignment.py:84} INFO - USD,BBD,2.018056,2024-01-08

[2025-02-27T10:35:54.463+0000] {3_4_2_homework_assignment.py:84} INFO - USD,BDT,109.688679,2024-01-08

[2025-02-27T10:35:54.463+0000] {3_4_2_homework_assignment.py:84} INFO - USD,BGN,1.786197,2024-01-08

[2025-02-27T10:35:54.464+0000] {3_4_2_homework_assignment.py:84} INFO - USD,BHD,0.376974,2024-01-08

[2025-02-27T10:35:54.464+0000] {3_4_2_homework_assignment.py:84} INFO - USD,BIF,2859.0,2024-01-08

[2025-02-27T10:35:54.464+0000] {3_4_2_homework_assignment.py:84} INFO - USD,BMD,1.0,2024-01-08

[2025-02-27T10:35:54.464+0000] {3_4_2_homework_assignment.py:84} INFO - USD,BND,1.330537,2024-01-08

[2025-02-27T10:35:54.464+0000] {3_4_2_homework_assignment.py:84} INFO - USD,BOB,6.906257,2024-01-08

[2025-02-27T10:35:54.464+0000] {3_4_2_homework_assignment.py:84} INFO - USD,BRL,4.870501,2024-01-08

[2025-02-27T10:35:54.465+0000] {3_4_2_homework_assignment.py:84} INFO - USD,BSD,0.999479,2024-01-08

[2025-02-27T10:35:54.465+0000] {3_4_2_homework_assignment.py:84} INFO - USD,BTC,2.1289252e-05,2024-01-08

[2025-02-27T10:35:54.465+0000] {3_4_2_homework_assignment.py:84} INFO - USD,BTN,83.102059,2024-01-08

[2025-02-27T10:35:54.465+0000] {3_4_2_homework_assignment.py:84} INFO - USD,BWP,13.542952,2024-01-08

[2025-02-27T10:35:54.465+0000] {3_4_2_homework_assignment.py:84} INFO - USD,BYN,3.300895,2024-01-08

[2025-02-27T10:35:54.466+0000] {3_4_2_homework_assignment.py:84} INFO - USD,BYR,19600.0,2024-01-08

[2025-02-27T10:35:54.466+0000] {3_4_2_homework_assignment.py:84} INFO - USD,BZD,2.014675,2024-01-08

[2025-02-27T10:35:54.466+0000] {3_4_2_homework_assignment.py:84} INFO - USD,CAD,1.33515,2024-01-08

[2025-02-27T10:35:54.466+0000] {3_4_2_homework_assignment.py:84} INFO - USD,CDF,2685.000073,2024-01-08

[2025-02-27T10:35:54.466+0000] {3_4_2_homework_assignment.py:84} INFO - USD,CHF,0.848101,2024-01-08

[2025-02-27T10:35:54.466+0000] {3_4_2_homework_assignment.py:84} INFO - USD,CLF,0.032762,2024-01-08

[2025-02-27T10:35:54.467+0000] {3_4_2_homework_assignment.py:84} INFO - USD,CLP,903.999743,2024-01-08

[2025-02-27T10:35:54.467+0000] {3_4_2_homework_assignment.py:84} INFO - USD,CNY,7.095756,2024-01-08

[2025-02-27T10:35:54.467+0000] {3_4_2_homework_assignment.py:84} INFO - USD,COP,3884.5,2024-01-08

[2025-02-27T10:35:54.467+0000] {3_4_2_homework_assignment.py:84} INFO - USD,CRC,519.385583,2024-01-08

[2025-02-27T10:35:54.468+0000] {3_4_2_homework_assignment.py:84} INFO - USD,CUC,1.0,2024-01-08

[2025-02-27T10:35:54.468+0000] {3_4_2_homework_assignment.py:84} INFO - USD,CUP,26.5,2024-01-08

[2025-02-27T10:35:54.468+0000] {3_4_2_homework_assignment.py:84} INFO - USD,CVE,100.99988,2024-01-08

[2025-02-27T10:35:54.468+0000] {3_4_2_homework_assignment.py:84} INFO - USD,CZK,22.4012,2024-01-08

[2025-02-27T10:35:54.468+0000] {3_4_2_homework_assignment.py:84} INFO - USD,DJF,177.719695,2024-01-08

[2025-02-27T10:35:54.468+0000] {3_4_2_homework_assignment.py:84} INFO - USD,DKK,6.8111,2024-01-08

[2025-02-27T10:35:54.469+0000] {3_4_2_homework_assignment.py:84} INFO - USD,DOP,58.65008,2024-01-08

[2025-02-27T10:35:54.469+0000] {3_4_2_homework_assignment.py:84} INFO - USD,DZD,134.499292,2024-01-08

[2025-02-27T10:35:54.469+0000] {3_4_2_homework_assignment.py:84} INFO - USD,EGP,30.900108,2024-01-08

[2025-02-27T10:35:54.469+0000] {3_4_2_homework_assignment.py:84} INFO - USD,ERN,15.0,2024-01-08

[2025-02-27T10:35:54.469+0000] {3_4_2_homework_assignment.py:84} INFO - USD,ETB,56.375054,2024-01-08

[2025-02-27T10:35:54.469+0000] {3_4_2_homework_assignment.py:84} INFO - USD,EUR,0.913202,2024-01-08

[2025-02-27T10:35:54.470+0000] {3_4_2_homework_assignment.py:84} INFO - USD,FJD,2.235197,2024-01-08

[2025-02-27T10:35:54.470+0000] {3_4_2_homework_assignment.py:84} INFO - USD,FKP,0.786193,2024-01-08

[2025-02-27T10:35:54.470+0000] {3_4_2_homework_assignment.py:84} INFO - USD,GBP,0.784715,2024-01-08

[2025-02-27T10:35:54.470+0000] {3_4_2_homework_assignment.py:84} INFO - USD,GEL,2.685011,2024-01-08

[2025-02-27T10:35:54.470+0000] {3_4_2_homework_assignment.py:84} INFO - USD,GGP,0.786193,2024-01-08

[2025-02-27T10:35:54.471+0000] {3_4_2_homework_assignment.py:84} INFO - USD,GHS,11.950333,2024-01-08

[2025-02-27T10:35:54.471+0000] {3_4_2_homework_assignment.py:84} INFO - USD,GIP,0.786193,2024-01-08

[2025-02-27T10:35:54.471+0000] {3_4_2_homework_assignment.py:84} INFO - USD,GMD,67.275028,2024-01-08

[2025-02-27T10:35:54.471+0000] {3_4_2_homework_assignment.py:84} INFO - USD,GNF,8549.999723,2024-01-08

[2025-02-27T10:35:54.471+0000] {3_4_2_homework_assignment.py:84} INFO - USD,GTQ,7.818197,2024-01-08

[2025-02-27T10:35:54.472+0000] {3_4_2_homework_assignment.py:84} INFO - USD,GYD,209.106609,2024-01-08

[2025-02-27T10:35:54.472+0000] {3_4_2_homework_assignment.py:84} INFO - USD,HKD,7.806598,2024-01-08

[2025-02-27T10:35:54.472+0000] {3_4_2_homework_assignment.py:84} INFO - USD,HNL,24.740158,2024-01-08

[2025-02-27T10:35:54.472+0000] {3_4_2_homework_assignment.py:84} INFO - USD,HRK,6.98177,2024-01-08

[2025-02-27T10:35:54.472+0000] {3_4_2_homework_assignment.py:84} INFO - USD,HTG,131.701344,2024-01-08

[2025-02-27T10:35:54.473+0000] {3_4_2_homework_assignment.py:84} INFO - USD,HUF,344.969815,2024-01-08

[2025-02-27T10:35:54.473+0000] {3_4_2_homework_assignment.py:84} INFO - USD,IDR,15507.0,2024-01-08

[2025-02-27T10:35:54.473+0000] {3_4_2_homework_assignment.py:84} INFO - USD,ILS,3.70825,2024-01-08

[2025-02-27T10:35:54.473+0000] {3_4_2_homework_assignment.py:84} INFO - USD,IMP,0.786193,2024-01-08

[2025-02-27T10:35:54.473+0000] {3_4_2_homework_assignment.py:84} INFO - USD,INR,83.05095,2024-01-08

[2025-02-27T10:35:54.473+0000] {3_4_2_homework_assignment.py:84} INFO - USD,IQD,1310.0,2024-01-08

[2025-02-27T10:35:54.474+0000] {3_4_2_homework_assignment.py:84} INFO - USD,IRR,42037.501917,2024-01-08

[2025-02-27T10:35:54.474+0000] {3_4_2_homework_assignment.py:84} INFO - USD,ISK,137.629908,2024-01-08

[2025-02-27T10:35:54.474+0000] {3_4_2_homework_assignment.py:84} INFO - USD,JEP,0.786193,2024-01-08

[2025-02-27T10:35:54.474+0000] {3_4_2_homework_assignment.py:84} INFO - USD,JMD,154.326233,2024-01-08

[2025-02-27T10:35:54.474+0000] {3_4_2_homework_assignment.py:84} INFO - USD,JOD,0.709402,2024-01-08

[2025-02-27T10:35:54.474+0000] {3_4_2_homework_assignment.py:84} INFO - USD,JPY,144.234501,2024-01-08

[2025-02-27T10:35:54.475+0000] {3_4_2_homework_assignment.py:84} INFO - USD,KES,157.750036,2024-01-08

[2025-02-27T10:35:54.475+0000] {3_4_2_homework_assignment.py:84} INFO - USD,KGS,89.071501,2024-01-08

[2025-02-27T10:35:54.475+0000] {3_4_2_homework_assignment.py:84} INFO - USD,KHR,4100.000351,2024-01-08

[2025-02-27T10:35:54.475+0000] {3_4_2_homework_assignment.py:84} INFO - USD,KMF,449.50572,2024-01-08

[2025-02-27T10:35:54.475+0000] {3_4_2_homework_assignment.py:84} INFO - USD,KPW,900.0,2024-01-08

[2025-02-27T10:35:54.475+0000] {3_4_2_homework_assignment.py:84} INFO - USD,KRW,1312.195022,2024-01-08

[2025-02-27T10:35:54.476+0000] {3_4_2_homework_assignment.py:84} INFO - USD,KWD,0.307403,2024-01-08

[2025-02-27T10:35:54.476+0000] {3_4_2_homework_assignment.py:84} INFO - USD,KYD,0.832899,2024-01-08

[2025-02-27T10:35:54.476+0000] {3_4_2_homework_assignment.py:84} INFO - USD,KZT,453.566892,2024-01-08

[2025-02-27T10:35:54.476+0000] {3_4_2_homework_assignment.py:84} INFO - USD,LAK,20630.00014,2024-01-08

[2025-02-27T10:35:54.476+0000] {3_4_2_homework_assignment.py:84} INFO - USD,LBP,15007.989773,2024-01-08

[2025-02-27T10:35:54.477+0000] {3_4_2_homework_assignment.py:84} INFO - USD,LKR,322.496048,2024-01-08

[2025-02-27T10:35:54.477+0000] {3_4_2_homework_assignment.py:84} INFO - USD,LRD,188.824961,2024-01-08

[2025-02-27T10:35:54.477+0000] {3_4_2_homework_assignment.py:84} INFO - USD,LSL,18.596327,2024-01-08

[2025-02-27T10:35:54.477+0000] {3_4_2_homework_assignment.py:84} INFO - USD,LTL,2.95274,2024-01-08

[2025-02-27T10:35:54.477+0000] {3_4_2_homework_assignment.py:84} INFO - USD,LVL,0.60489,2024-01-08

[2025-02-27T10:35:54.477+0000] {3_4_2_homework_assignment.py:84} INFO - USD,LYD,4.796617,2024-01-08

[2025-02-27T10:35:54.478+0000] {3_4_2_homework_assignment.py:84} INFO - USD,MAD,9.931497,2024-01-08

[2025-02-27T10:35:54.478+0000] {3_4_2_homework_assignment.py:84} INFO - USD,MDL,17.481291,2024-01-08

[2025-02-27T10:35:54.478+0000] {3_4_2_homework_assignment.py:84} INFO - USD,MGA,4604.99993,2024-01-08

[2025-02-27T10:35:54.478+0000] {3_4_2_homework_assignment.py:84} INFO - USD,MKD,56.178339,2024-01-08

[2025-02-27T10:35:54.478+0000] {3_4_2_homework_assignment.py:84} INFO - USD,MMK,2098.924495,2024-01-08

[2025-02-27T10:35:54.479+0000] {3_4_2_homework_assignment.py:84} INFO - USD,MNT,3412.040713,2024-01-08

[2025-02-27T10:35:54.479+0000] {3_4_2_homework_assignment.py:84} INFO - USD,MOP,8.03741,2024-01-08

[2025-02-27T10:35:54.479+0000] {3_4_2_homework_assignment.py:84} INFO - USD,MRU,39.649527,2024-01-08

[2025-02-27T10:35:54.479+0000] {3_4_2_homework_assignment.py:84} INFO - USD,MUR,44.951824,2024-01-08

[2025-02-27T10:35:54.479+0000] {3_4_2_homework_assignment.py:84} INFO - USD,MVR,15.410094,2024-01-08

[2025-02-27T10:35:54.479+0000] {3_4_2_homework_assignment.py:84} INFO - USD,MWK,1683.000044,2024-01-08

[2025-02-27T10:35:54.480+0000] {3_4_2_homework_assignment.py:84} INFO - USD,MXN,16.836198,2024-01-08

[2025-02-27T10:35:54.480+0000] {3_4_2_homework_assignment.py:84} INFO - USD,MYR,4.651505,2024-01-08

[2025-02-27T10:35:54.480+0000] {3_4_2_homework_assignment.py:84} INFO - USD,MZN,63.24995,2024-01-08

[2025-02-27T10:35:54.480+0000] {3_4_2_homework_assignment.py:84} INFO - USD,NAD,18.594895,2024-01-08

[2025-02-27T10:35:54.480+0000] {3_4_2_homework_assignment.py:84} INFO - USD,NGN,884.806502,2024-01-08

[2025-02-27T10:35:54.480+0000] {3_4_2_homework_assignment.py:84} INFO - USD,NIO,36.750401,2024-01-08

[2025-02-27T10:35:54.481+0000] {3_4_2_homework_assignment.py:84} INFO - USD,NOK,10.36499,2024-01-08

[2025-02-27T10:35:54.481+0000] {3_4_2_homework_assignment.py:84} INFO - USD,NPR,132.963257,2024-01-08

[2025-02-27T10:35:54.481+0000] {3_4_2_homework_assignment.py:84} INFO - USD,NZD,1.59968,2024-01-08

[2025-02-27T10:35:54.481+0000] {3_4_2_homework_assignment.py:84} INFO - USD,OMR,0.384942,2024-01-08

[2025-02-27T10:35:54.481+0000] {3_4_2_homework_assignment.py:84} INFO - USD,PAB,0.999479,2024-01-08

[2025-02-27T10:35:54.482+0000] {3_4_2_homework_assignment.py:84} INFO - USD,PEN,3.715943,2024-01-08

[2025-02-27T10:35:54.482+0000] {3_4_2_homework_assignment.py:84} INFO - USD,PGK,3.73155,2024-01-08

[2025-02-27T10:35:54.482+0000] {3_4_2_homework_assignment.py:84} INFO - USD,PHP,55.74973,2024-01-08

[2025-02-27T10:35:54.482+0000] {3_4_2_homework_assignment.py:84} INFO - USD,PKR,281.350167,2024-01-08

[2025-02-27T10:35:54.482+0000] {3_4_2_homework_assignment.py:84} INFO - USD,PLN,3.957498,2024-01-08

[2025-02-27T10:35:54.483+0000] {3_4_2_homework_assignment.py:84} INFO - USD,PYG,7250.747005,2024-01-08

[2025-02-27T10:35:54.483+0000] {3_4_2_homework_assignment.py:84} INFO - USD,QAR,3.641498,2024-01-08

[2025-02-27T10:35:54.483+0000] {3_4_2_homework_assignment.py:84} INFO - USD,RON,4.5406,2024-01-08

[2025-02-27T10:35:54.483+0000] {3_4_2_homework_assignment.py:84} INFO - USD,RSD,107.06197,2024-01-08

[2025-02-27T10:35:54.483+0000] {3_4_2_homework_assignment.py:84} INFO - USD,RUB,90.901592,2024-01-08

[2025-02-27T10:35:54.483+0000] {3_4_2_homework_assignment.py:84} INFO - USD,RWF,1267.5,2024-01-08

[2025-02-27T10:35:54.484+0000] {3_4_2_homework_assignment.py:84} INFO - USD,SAR,3.750105,2024-01-08

[2025-02-27T10:35:54.484+0000] {3_4_2_homework_assignment.py:84} INFO - USD,SBD,8.453689,2024-01-08

[2025-02-27T10:35:54.484+0000] {3_4_2_homework_assignment.py:84} INFO - USD,SCR,13.449376,2024-01-08

[2025-02-27T10:35:54.484+0000] {3_4_2_homework_assignment.py:84} INFO - USD,SDG,601.00022,2024-01-08

[2025-02-27T10:35:54.484+0000] {3_4_2_homework_assignment.py:84} INFO - USD,SEK,10.227435,2024-01-08

[2025-02-27T10:35:54.484+0000] {3_4_2_homework_assignment.py:84} INFO - USD,SGD,1.32871,2024-01-08

[2025-02-27T10:35:54.485+0000] {3_4_2_homework_assignment.py:84} INFO - USD,SHP,1.275398,2024-01-08

[2025-02-27T10:35:54.485+0000] {3_4_2_homework_assignment.py:84} INFO - USD,SLE,22.699975,2024-01-08

[2025-02-27T10:35:54.485+0000] {3_4_2_homework_assignment.py:84} INFO - USD,SLL,19750.000184,2024-01-08

[2025-02-27T10:35:54.485+0000] {3_4_2_homework_assignment.py:84} INFO - USD,SOS,571.000256,2024-01-08

[2025-02-27T10:35:54.485+0000] {3_4_2_homework_assignment.py:84} INFO - USD,SRD,36.617999,2024-01-08

[2025-02-27T10:35:54.486+0000] {3_4_2_homework_assignment.py:84} INFO - USD,STD,20697.981008,2024-01-08

[2025-02-27T10:35:54.486+0000] {3_4_2_homework_assignment.py:84} INFO - USD,SYP,13001.855695,2024-01-08

[2025-02-27T10:35:54.486+0000] {3_4_2_homework_assignment.py:84} INFO - USD,SZL,18.598512,2024-01-08

[2025-02-27T10:35:54.486+0000] {3_4_2_homework_assignment.py:84} INFO - USD,THB,34.950058,2024-01-08

[2025-02-27T10:35:54.486+0000] {3_4_2_homework_assignment.py:84} INFO - USD,TJS,10.949313,2024-01-08

[2025-02-27T10:35:54.486+0000] {3_4_2_homework_assignment.py:84} INFO - USD,TMT,3.51,2024-01-08

[2025-02-27T10:35:54.487+0000] {3_4_2_homework_assignment.py:84} INFO - USD,TND,3.094021,2024-01-08

[2025-02-27T10:35:54.487+0000] {3_4_2_homework_assignment.py:84} INFO - USD,TOP,2.34485,2024-01-08

[2025-02-27T10:35:54.487+0000] {3_4_2_homework_assignment.py:84} INFO - USD,TRY,29.918894,2024-01-08

[2025-02-27T10:35:54.487+0000] {3_4_2_homework_assignment.py:84} INFO - USD,TTD,6.783812,2024-01-08

[2025-02-27T10:35:54.487+0000] {3_4_2_homework_assignment.py:84} INFO - USD,TWD,30.729939,2024-01-08

[2025-02-27T10:35:54.487+0000] {3_4_2_homework_assignment.py:84} INFO - USD,TZS,2515.000258,2024-01-08

[2025-02-27T10:35:54.488+0000] {3_4_2_homework_assignment.py:84} INFO - USD,UAH,38.230215,2024-01-08

[2025-02-27T10:35:54.488+0000] {3_4_2_homework_assignment.py:84} INFO - USD,UGX,3807.670166,2024-01-08

[2025-02-27T10:35:54.488+0000] {3_4_2_homework_assignment.py:84} INFO - USD,UYU,39.218911,2024-01-08

[2025-02-27T10:35:54.488+0000] {3_4_2_homework_assignment.py:84} INFO - USD,UZS,12394.999947,2024-01-08

[2025-02-27T10:35:54.488+0000] {3_4_2_homework_assignment.py:84} INFO - USD,VEF,3593614.700107,2024-01-08

[2025-02-27T10:35:54.489+0000] {3_4_2_homework_assignment.py:84} INFO - USD,VES,35.893617,2024-01-08

[2025-02-27T10:35:54.489+0000] {3_4_2_homework_assignment.py:84} INFO - USD,VND,24345.0,2024-01-08

[2025-02-27T10:35:54.489+0000] {3_4_2_homework_assignment.py:84} INFO - USD,VUV,117.980112,2024-01-08

[2025-02-27T10:35:54.489+0000] {3_4_2_homework_assignment.py:84} INFO - USD,WST,2.682403,2024-01-08

[2025-02-27T10:35:54.489+0000] {3_4_2_homework_assignment.py:84} INFO - USD,XAF,599.392344,2024-01-08

[2025-02-27T10:35:54.489+0000] {3_4_2_homework_assignment.py:84} INFO - USD,XAG,0.04324,2024-01-08

[2025-02-27T10:35:54.490+0000] {3_4_2_homework_assignment.py:84} INFO - USD,XAU,0.000492,2024-01-08

[2025-02-27T10:35:54.490+0000] {3_4_2_homework_assignment.py:84} INFO - USD,XCD,2.70255,2024-01-08

[2025-02-27T10:35:54.490+0000] {3_4_2_homework_assignment.py:84} INFO - USD,XDR,0.748924,2024-01-08

[2025-02-27T10:35:54.490+0000] {3_4_2_homework_assignment.py:84} INFO - USD,XOF,598.496053,2024-01-08

[2025-02-27T10:35:54.490+0000] {3_4_2_homework_assignment.py:84} INFO - USD,XPF,109.397792,2024-01-08

[2025-02-27T10:35:54.490+0000] {3_4_2_homework_assignment.py:84} INFO - USD,YER,250.350502,2024-01-08

[2025-02-27T10:35:54.491+0000] {3_4_2_homework_assignment.py:84} INFO - USD,ZAR,18.579197,2024-01-08

[2025-02-27T10:35:54.491+0000] {3_4_2_homework_assignment.py:84} INFO - USD,ZMK,9001.197406,2024-01-08

[2025-02-27T10:35:54.491+0000] {3_4_2_homework_assignment.py:84} INFO - USD,ZMW,25.941866,2024-01-08

[2025-02-27T10:35:54.491+0000] {3_4_2_homework_assignment.py:84} INFO - USD,ZWL,321.999592,2024-01-08

[2025-02-27T10:35:54.491+0000] {python.py:201} INFO - Done. Returned value was: None
[2025-02-27T10:35:54.495+0000] {taskinstance.py:1138} INFO - Marking task as SUCCESS. dag_id=3_4_2_homework_assignment, task_id=transform_data_task, execution_date=20240108T000000, start_date=20250227T103554, end_date=20250227T103554
[2025-02-27T10:35:54.529+0000] {local_task_job_runner.py:234} INFO - Task exited with return code 0
[2025-02-27T10:45:46.580+0000] {taskinstance.py:1956} INFO - Dependencies all met for dep_context=non-requeueable deps ti=<TaskInstance: 3_4_2_homework_assignment.transform_data_task scheduled__2024-01-08T00:00:00+00:00 [queued]>
[2025-02-27T10:45:46.587+0000] {taskinstance.py:1956} INFO - Dependencies all met for dep_context=requeueable deps ti=<TaskInstance: 3_4_2_homework_assignment.transform_data_task scheduled__2024-01-08T00:00:00+00:00 [queued]>
[2025-02-27T10:45:46.588+0000] {taskinstance.py:2170} INFO - Starting attempt 1 of 1
[2025-02-27T10:45:46.599+0000] {taskinstance.py:2191} INFO - Executing <Task(PythonOperator): transform_data_task> on 2024-01-08 00:00:00+00:00
[2025-02-27T10:45:46.604+0000] {standard_task_runner.py:60} INFO - Started process 7264 to run task
[2025-02-27T10:45:46.606+0000] {standard_task_runner.py:87} INFO - Running: ['airflow', 'tasks', 'run', '3_4_2_homework_assignment', 'transform_data_task', 'scheduled__2024-01-08T00:00:00+00:00', '--job-id', '24', '--raw', '--subdir', 'DAGS_FOLDER/3_4_2_homework_assignment.py', '--cfg-path', '/tmp/tmpe8s23b3_']
[2025-02-27T10:45:46.607+0000] {standard_task_runner.py:88} INFO - Job 24: Subtask transform_data_task
[2025-02-27T10:45:46.632+0000] {task_command.py:423} INFO - Running <TaskInstance: 3_4_2_homework_assignment.transform_data_task scheduled__2024-01-08T00:00:00+00:00 [running]> on host ea5964584459
[2025-02-27T10:45:46.682+0000] {taskinstance.py:2480} INFO - Exporting env vars: AIRFLOW_CTX_DAG_OWNER='airflow' AIRFLOW_CTX_DAG_ID='3_4_2_homework_assignment' AIRFLOW_CTX_TASK_ID='transform_data_task' AIRFLOW_CTX_EXECUTION_DATE='2024-01-08T00:00:00+00:00' AIRFLOW_CTX_TRY_NUMBER='1' AIRFLOW_CTX_DAG_RUN_ID='scheduled__2024-01-08T00:00:00+00:00'
[2025-02-27T10:45:46.683+0000] {3_4_2_homework_assignment.py:84} INFO - USD,AED,3.672898,2024-01-08

[2025-02-27T10:45:46.683+0000] {3_4_2_homework_assignment.py:84} INFO - USD,AFN,70.499723,2024-01-08

[2025-02-27T10:45:46.684+0000] {3_4_2_homework_assignment.py:84} INFO - USD,ALL,95.364983,2024-01-08

[2025-02-27T10:45:46.684+0000] {3_4_2_homework_assignment.py:84} INFO - USD,AMD,404.250848,2024-01-08

[2025-02-27T10:45:46.684+0000] {3_4_2_homework_assignment.py:84} INFO - USD,ANG,1.80131,2024-01-08

[2025-02-27T10:45:46.684+0000] {3_4_2_homework_assignment.py:84} INFO - USD,AOA,830.499117,2024-01-08

[2025-02-27T10:45:46.684+0000] {3_4_2_homework_assignment.py:84} INFO - USD,ARS,813.861187,2024-01-08

[2025-02-27T10:45:46.685+0000] {3_4_2_homework_assignment.py:84} INFO - USD,AUD,1.488538,2024-01-08

[2025-02-27T10:45:46.685+0000] {3_4_2_homework_assignment.py:84} INFO - USD,AWG,1.8025,2024-01-08

[2025-02-27T10:45:46.685+0000] {3_4_2_homework_assignment.py:84} INFO - USD,AZN,1.696433,2024-01-08

[2025-02-27T10:45:46.685+0000] {3_4_2_homework_assignment.py:84} INFO - USD,BAM,1.787147,2024-01-08

[2025-02-27T10:45:46.685+0000] {3_4_2_homework_assignment.py:84} INFO - USD,BBD,2.018056,2024-01-08

[2025-02-27T10:45:46.685+0000] {3_4_2_homework_assignment.py:84} INFO - USD,BDT,109.688679,2024-01-08

[2025-02-27T10:45:46.686+0000] {3_4_2_homework_assignment.py:84} INFO - USD,BGN,1.786197,2024-01-08

[2025-02-27T10:45:46.686+0000] {3_4_2_homework_assignment.py:84} INFO - USD,BHD,0.376974,2024-01-08

[2025-02-27T10:45:46.686+0000] {3_4_2_homework_assignment.py:84} INFO - USD,BIF,2859.0,2024-01-08

[2025-02-27T10:45:46.686+0000] {3_4_2_homework_assignment.py:84} INFO - USD,BMD,1.0,2024-01-08

[2025-02-27T10:45:46.686+0000] {3_4_2_homework_assignment.py:84} INFO - USD,BND,1.330537,2024-01-08

[2025-02-27T10:45:46.687+0000] {3_4_2_homework_assignment.py:84} INFO - USD,BOB,6.906257,2024-01-08

[2025-02-27T10:45:46.687+0000] {3_4_2_homework_assignment.py:84} INFO - USD,BRL,4.870501,2024-01-08

[2025-02-27T10:45:46.687+0000] {3_4_2_homework_assignment.py:84} INFO - USD,BSD,0.999479,2024-01-08

[2025-02-27T10:45:46.687+0000] {3_4_2_homework_assignment.py:84} INFO - USD,BTC,2.1289252e-05,2024-01-08

[2025-02-27T10:45:46.687+0000] {3_4_2_homework_assignment.py:84} INFO - USD,BTN,83.102059,2024-01-08

[2025-02-27T10:45:46.688+0000] {3_4_2_homework_assignment.py:84} INFO - USD,BWP,13.542952,2024-01-08

[2025-02-27T10:45:46.688+0000] {3_4_2_homework_assignment.py:84} INFO - USD,BYN,3.300895,2024-01-08

[2025-02-27T10:45:46.688+0000] {3_4_2_homework_assignment.py:84} INFO - USD,BYR,19600.0,2024-01-08

[2025-02-27T10:45:46.688+0000] {3_4_2_homework_assignment.py:84} INFO - USD,BZD,2.014675,2024-01-08

[2025-02-27T10:45:46.688+0000] {3_4_2_homework_assignment.py:84} INFO - USD,CAD,1.33515,2024-01-08

[2025-02-27T10:45:46.689+0000] {3_4_2_homework_assignment.py:84} INFO - USD,CDF,2685.000073,2024-01-08

[2025-02-27T10:45:46.689+0000] {3_4_2_homework_assignment.py:84} INFO - USD,CHF,0.848101,2024-01-08

[2025-02-27T10:45:46.689+0000] {3_4_2_homework_assignment.py:84} INFO - USD,CLF,0.032762,2024-01-08

[2025-02-27T10:45:46.689+0000] {3_4_2_homework_assignment.py:84} INFO - USD,CLP,903.999743,2024-01-08

[2025-02-27T10:45:46.689+0000] {3_4_2_homework_assignment.py:84} INFO - USD,CNY,7.095756,2024-01-08

[2025-02-27T10:45:46.689+0000] {3_4_2_homework_assignment.py:84} INFO - USD,COP,3884.5,2024-01-08

[2025-02-27T10:45:46.690+0000] {3_4_2_homework_assignment.py:84} INFO - USD,CRC,519.385583,2024-01-08

[2025-02-27T10:45:46.690+0000] {3_4_2_homework_assignment.py:84} INFO - USD,CUC,1.0,2024-01-08

[2025-02-27T10:45:46.690+0000] {3_4_2_homework_assignment.py:84} INFO - USD,CUP,26.5,2024-01-08

[2025-02-27T10:45:46.690+0000] {3_4_2_homework_assignment.py:84} INFO - USD,CVE,100.99988,2024-01-08

[2025-02-27T10:45:46.690+0000] {3_4_2_homework_assignment.py:84} INFO - USD,CZK,22.4012,2024-01-08

[2025-02-27T10:45:46.691+0000] {3_4_2_homework_assignment.py:84} INFO - USD,DJF,177.719695,2024-01-08

[2025-02-27T10:45:46.691+0000] {3_4_2_homework_assignment.py:84} INFO - USD,DKK,6.8111,2024-01-08

[2025-02-27T10:45:46.691+0000] {3_4_2_homework_assignment.py:84} INFO - USD,DOP,58.65008,2024-01-08

[2025-02-27T10:45:46.691+0000] {3_4_2_homework_assignment.py:84} INFO - USD,DZD,134.499292,2024-01-08

[2025-02-27T10:45:46.691+0000] {3_4_2_homework_assignment.py:84} INFO - USD,EGP,30.900108,2024-01-08

[2025-02-27T10:45:46.692+0000] {3_4_2_homework_assignment.py:84} INFO - USD,ERN,15.0,2024-01-08

[2025-02-27T10:45:46.692+0000] {3_4_2_homework_assignment.py:84} INFO - USD,ETB,56.375054,2024-01-08

[2025-02-27T10:45:46.692+0000] {3_4_2_homework_assignment.py:84} INFO - USD,EUR,0.913202,2024-01-08

[2025-02-27T10:45:46.692+0000] {3_4_2_homework_assignment.py:84} INFO - USD,FJD,2.235197,2024-01-08

[2025-02-27T10:45:46.692+0000] {3_4_2_homework_assignment.py:84} INFO - USD,FKP,0.786193,2024-01-08

[2025-02-27T10:45:46.693+0000] {3_4_2_homework_assignment.py:84} INFO - USD,GBP,0.784715,2024-01-08

[2025-02-27T10:45:46.693+0000] {3_4_2_homework_assignment.py:84} INFO - USD,GEL,2.685011,2024-01-08

[2025-02-27T10:45:46.693+0000] {3_4_2_homework_assignment.py:84} INFO - USD,GGP,0.786193,2024-01-08

[2025-02-27T10:45:46.693+0000] {3_4_2_homework_assignment.py:84} INFO - USD,GHS,11.950333,2024-01-08

[2025-02-27T10:45:46.693+0000] {3_4_2_homework_assignment.py:84} INFO - USD,GIP,0.786193,2024-01-08

[2025-02-27T10:45:46.694+0000] {3_4_2_homework_assignment.py:84} INFO - USD,GMD,67.275028,2024-01-08

[2025-02-27T10:45:46.694+0000] {3_4_2_homework_assignment.py:84} INFO - USD,GNF,8549.999723,2024-01-08

[2025-02-27T10:45:46.694+0000] {3_4_2_homework_assignment.py:84} INFO - USD,GTQ,7.818197,2024-01-08

[2025-02-27T10:45:46.694+0000] {3_4_2_homework_assignment.py:84} INFO - USD,GYD,209.106609,2024-01-08

[2025-02-27T10:45:46.694+0000] {3_4_2_homework_assignment.py:84} INFO - USD,HKD,7.806598,2024-01-08

[2025-02-27T10:45:46.695+0000] {3_4_2_homework_assignment.py:84} INFO - USD,HNL,24.740158,2024-01-08

[2025-02-27T10:45:46.695+0000] {3_4_2_homework_assignment.py:84} INFO - USD,HRK,6.98177,2024-01-08

[2025-02-27T10:45:46.695+0000] {3_4_2_homework_assignment.py:84} INFO - USD,HTG,131.701344,2024-01-08

[2025-02-27T10:45:46.695+0000] {3_4_2_homework_assignment.py:84} INFO - USD,HUF,344.969815,2024-01-08

[2025-02-27T10:45:46.695+0000] {3_4_2_homework_assignment.py:84} INFO - USD,IDR,15507.0,2024-01-08

[2025-02-27T10:45:46.696+0000] {3_4_2_homework_assignment.py:84} INFO - USD,ILS,3.70825,2024-01-08

[2025-02-27T10:45:46.696+0000] {3_4_2_homework_assignment.py:84} INFO - USD,IMP,0.786193,2024-01-08

[2025-02-27T10:45:46.696+0000] {3_4_2_homework_assignment.py:84} INFO - USD,INR,83.05095,2024-01-08

[2025-02-27T10:45:46.696+0000] {3_4_2_homework_assignment.py:84} INFO - USD,IQD,1310.0,2024-01-08

[2025-02-27T10:45:46.696+0000] {3_4_2_homework_assignment.py:84} INFO - USD,IRR,42037.501917,2024-01-08

[2025-02-27T10:45:46.697+0000] {3_4_2_homework_assignment.py:84} INFO - USD,ISK,137.629908,2024-01-08

[2025-02-27T10:45:46.697+0000] {3_4_2_homework_assignment.py:84} INFO - USD,JEP,0.786193,2024-01-08

[2025-02-27T10:45:46.697+0000] {3_4_2_homework_assignment.py:84} INFO - USD,JMD,154.326233,2024-01-08

[2025-02-27T10:45:46.697+0000] {3_4_2_homework_assignment.py:84} INFO - USD,JOD,0.709402,2024-01-08

[2025-02-27T10:45:46.697+0000] {3_4_2_homework_assignment.py:84} INFO - USD,JPY,144.234501,2024-01-08

[2025-02-27T10:45:46.697+0000] {3_4_2_homework_assignment.py:84} INFO - USD,KES,157.750036,2024-01-08

[2025-02-27T10:45:46.698+0000] {3_4_2_homework_assignment.py:84} INFO - USD,KGS,89.071501,2024-01-08

[2025-02-27T10:45:46.698+0000] {3_4_2_homework_assignment.py:84} INFO - USD,KHR,4100.000351,2024-01-08

[2025-02-27T10:45:46.698+0000] {3_4_2_homework_assignment.py:84} INFO - USD,KMF,449.50572,2024-01-08

[2025-02-27T10:45:46.698+0000] {3_4_2_homework_assignment.py:84} INFO - USD,KPW,900.0,2024-01-08

[2025-02-27T10:45:46.698+0000] {3_4_2_homework_assignment.py:84} INFO - USD,KRW,1312.195022,2024-01-08

[2025-02-27T10:45:46.699+0000] {3_4_2_homework_assignment.py:84} INFO - USD,KWD,0.307403,2024-01-08

[2025-02-27T10:45:46.699+0000] {3_4_2_homework_assignment.py:84} INFO - USD,KYD,0.832899,2024-01-08

[2025-02-27T10:45:46.699+0000] {3_4_2_homework_assignment.py:84} INFO - USD,KZT,453.566892,2024-01-08

[2025-02-27T10:45:46.699+0000] {3_4_2_homework_assignment.py:84} INFO - USD,LAK,20630.00014,2024-01-08

[2025-02-27T10:45:46.699+0000] {3_4_2_homework_assignment.py:84} INFO - USD,LBP,15007.989773,2024-01-08

[2025-02-27T10:45:46.699+0000] {3_4_2_homework_assignment.py:84} INFO - USD,LKR,322.496048,2024-01-08

[2025-02-27T10:45:46.700+0000] {3_4_2_homework_assignment.py:84} INFO - USD,LRD,188.824961,2024-01-08

[2025-02-27T10:45:46.700+0000] {3_4_2_homework_assignment.py:84} INFO - USD,LSL,18.596327,2024-01-08

[2025-02-27T10:45:46.700+0000] {3_4_2_homework_assignment.py:84} INFO - USD,LTL,2.95274,2024-01-08

[2025-02-27T10:45:46.700+0000] {3_4_2_homework_assignment.py:84} INFO - USD,LVL,0.60489,2024-01-08

[2025-02-27T10:45:46.701+0000] {3_4_2_homework_assignment.py:84} INFO - USD,LYD,4.796617,2024-01-08

[2025-02-27T10:45:46.701+0000] {3_4_2_homework_assignment.py:84} INFO - USD,MAD,9.931497,2024-01-08

[2025-02-27T10:45:46.701+0000] {3_4_2_homework_assignment.py:84} INFO - USD,MDL,17.481291,2024-01-08

[2025-02-27T10:45:46.701+0000] {3_4_2_homework_assignment.py:84} INFO - USD,MGA,4604.99993,2024-01-08

[2025-02-27T10:45:46.701+0000] {3_4_2_homework_assignment.py:84} INFO - USD,MKD,56.178339,2024-01-08

[2025-02-27T10:45:46.702+0000] {3_4_2_homework_assignment.py:84} INFO - USD,MMK,2098.924495,2024-01-08

[2025-02-27T10:45:46.702+0000] {3_4_2_homework_assignment.py:84} INFO - USD,MNT,3412.040713,2024-01-08

[2025-02-27T10:45:46.702+0000] {3_4_2_homework_assignment.py:84} INFO - USD,MOP,8.03741,2024-01-08

[2025-02-27T10:45:46.702+0000] {3_4_2_homework_assignment.py:84} INFO - USD,MRU,39.649527,2024-01-08

[2025-02-27T10:45:46.702+0000] {3_4_2_homework_assignment.py:84} INFO - USD,MUR,44.951824,2024-01-08

[2025-02-27T10:45:46.702+0000] {3_4_2_homework_assignment.py:84} INFO - USD,MVR,15.410094,2024-01-08

[2025-02-27T10:45:46.703+0000] {3_4_2_homework_assignment.py:84} INFO - USD,MWK,1683.000044,2024-01-08

[2025-02-27T10:45:46.703+0000] {3_4_2_homework_assignment.py:84} INFO - USD,MXN,16.836198,2024-01-08

[2025-02-27T10:45:46.703+0000] {3_4_2_homework_assignment.py:84} INFO - USD,MYR,4.651505,2024-01-08

[2025-02-27T10:45:46.703+0000] {3_4_2_homework_assignment.py:84} INFO - USD,MZN,63.24995,2024-01-08

[2025-02-27T10:45:46.703+0000] {3_4_2_homework_assignment.py:84} INFO - USD,NAD,18.594895,2024-01-08

[2025-02-27T10:45:46.704+0000] {3_4_2_homework_assignment.py:84} INFO - USD,NGN,884.806502,2024-01-08

[2025-02-27T10:45:46.704+0000] {3_4_2_homework_assignment.py:84} INFO - USD,NIO,36.750401,2024-01-08

[2025-02-27T10:45:46.704+0000] {3_4_2_homework_assignment.py:84} INFO - USD,NOK,10.36499,2024-01-08

[2025-02-27T10:45:46.704+0000] {3_4_2_homework_assignment.py:84} INFO - USD,NPR,132.963257,2024-01-08

[2025-02-27T10:45:46.705+0000] {3_4_2_homework_assignment.py:84} INFO - USD,NZD,1.59968,2024-01-08

[2025-02-27T10:45:46.705+0000] {3_4_2_homework_assignment.py:84} INFO - USD,OMR,0.384942,2024-01-08

[2025-02-27T10:45:46.705+0000] {3_4_2_homework_assignment.py:84} INFO - USD,PAB,0.999479,2024-01-08

[2025-02-27T10:45:46.705+0000] {3_4_2_homework_assignment.py:84} INFO - USD,PEN,3.715943,2024-01-08

[2025-02-27T10:45:46.705+0000] {3_4_2_homework_assignment.py:84} INFO - USD,PGK,3.73155,2024-01-08

[2025-02-27T10:45:46.706+0000] {3_4_2_homework_assignment.py:84} INFO - USD,PHP,55.74973,2024-01-08

[2025-02-27T10:45:46.706+0000] {3_4_2_homework_assignment.py:84} INFO - USD,PKR,281.350167,2024-01-08

[2025-02-27T10:45:46.706+0000] {3_4_2_homework_assignment.py:84} INFO - USD,PLN,3.957498,2024-01-08

[2025-02-27T10:45:46.706+0000] {3_4_2_homework_assignment.py:84} INFO - USD,PYG,7250.747005,2024-01-08

[2025-02-27T10:45:46.706+0000] {3_4_2_homework_assignment.py:84} INFO - USD,QAR,3.641498,2024-01-08

[2025-02-27T10:45:46.707+0000] {3_4_2_homework_assignment.py:84} INFO - USD,RON,4.5406,2024-01-08

[2025-02-27T10:45:46.707+0000] {3_4_2_homework_assignment.py:84} INFO - USD,RSD,107.06197,2024-01-08

[2025-02-27T10:45:46.707+0000] {3_4_2_homework_assignment.py:84} INFO - USD,RUB,90.901592,2024-01-08

[2025-02-27T10:45:46.707+0000] {3_4_2_homework_assignment.py:84} INFO - USD,RWF,1267.5,2024-01-08

[2025-02-27T10:45:46.707+0000] {3_4_2_homework_assignment.py:84} INFO - USD,SAR,3.750105,2024-01-08

[2025-02-27T10:45:46.708+0000] {3_4_2_homework_assignment.py:84} INFO - USD,SBD,8.453689,2024-01-08

[2025-02-27T10:45:46.708+0000] {3_4_2_homework_assignment.py:84} INFO - USD,SCR,13.449376,2024-01-08

[2025-02-27T10:45:46.708+0000] {3_4_2_homework_assignment.py:84} INFO - USD,SDG,601.00022,2024-01-08

[2025-02-27T10:45:46.708+0000] {3_4_2_homework_assignment.py:84} INFO - USD,SEK,10.227435,2024-01-08

[2025-02-27T10:45:46.708+0000] {3_4_2_homework_assignment.py:84} INFO - USD,SGD,1.32871,2024-01-08

[2025-02-27T10:45:46.709+0000] {3_4_2_homework_assignment.py:84} INFO - USD,SHP,1.275398,2024-01-08

[2025-02-27T10:45:46.709+0000] {3_4_2_homework_assignment.py:84} INFO - USD,SLE,22.699975,2024-01-08

[2025-02-27T10:45:46.709+0000] {3_4_2_homework_assignment.py:84} INFO - USD,SLL,19750.000184,2024-01-08

[2025-02-27T10:45:46.709+0000] {3_4_2_homework_assignment.py:84} INFO - USD,SOS,571.000256,2024-01-08

[2025-02-27T10:45:46.709+0000] {3_4_2_homework_assignment.py:84} INFO - USD,SRD,36.617999,2024-01-08

[2025-02-27T10:45:46.710+0000] {3_4_2_homework_assignment.py:84} INFO - USD,STD,20697.981008,2024-01-08

[2025-02-27T10:45:46.710+0000] {3_4_2_homework_assignment.py:84} INFO - USD,SYP,13001.855695,2024-01-08

[2025-02-27T10:45:46.710+0000] {3_4_2_homework_assignment.py:84} INFO - USD,SZL,18.598512,2024-01-08

[2025-02-27T10:45:46.710+0000] {3_4_2_homework_assignment.py:84} INFO - USD,THB,34.950058,2024-01-08

[2025-02-27T10:45:46.710+0000] {3_4_2_homework_assignment.py:84} INFO - USD,TJS,10.949313,2024-01-08

[2025-02-27T10:45:46.711+0000] {3_4_2_homework_assignment.py:84} INFO - USD,TMT,3.51,2024-01-08

[2025-02-27T10:45:46.711+0000] {3_4_2_homework_assignment.py:84} INFO - USD,TND,3.094021,2024-01-08

[2025-02-27T10:45:46.711+0000] {3_4_2_homework_assignment.py:84} INFO - USD,TOP,2.34485,2024-01-08

[2025-02-27T10:45:46.711+0000] {3_4_2_homework_assignment.py:84} INFO - USD,TRY,29.918894,2024-01-08

[2025-02-27T10:45:46.711+0000] {3_4_2_homework_assignment.py:84} INFO - USD,TTD,6.783812,2024-01-08

[2025-02-27T10:45:46.712+0000] {3_4_2_homework_assignment.py:84} INFO - USD,TWD,30.729939,2024-01-08

[2025-02-27T10:45:46.712+0000] {3_4_2_homework_assignment.py:84} INFO - USD,TZS,2515.000258,2024-01-08

[2025-02-27T10:45:46.712+0000] {3_4_2_homework_assignment.py:84} INFO - USD,UAH,38.230215,2024-01-08

[2025-02-27T10:45:46.712+0000] {3_4_2_homework_assignment.py:84} INFO - USD,UGX,3807.670166,2024-01-08

[2025-02-27T10:45:46.712+0000] {3_4_2_homework_assignment.py:84} INFO - USD,UYU,39.218911,2024-01-08

[2025-02-27T10:45:46.712+0000] {3_4_2_homework_assignment.py:84} INFO - USD,UZS,12394.999947,2024-01-08

[2025-02-27T10:45:46.713+0000] {3_4_2_homework_assignment.py:84} INFO - USD,VEF,3593614.700107,2024-01-08

[2025-02-27T10:45:46.713+0000] {3_4_2_homework_assignment.py:84} INFO - USD,VES,35.893617,2024-01-08

[2025-02-27T10:45:46.713+0000] {3_4_2_homework_assignment.py:84} INFO - USD,VND,24345.0,2024-01-08

[2025-02-27T10:45:46.713+0000] {3_4_2_homework_assignment.py:84} INFO - USD,VUV,117.980112,2024-01-08

[2025-02-27T10:45:46.713+0000] {3_4_2_homework_assignment.py:84} INFO - USD,WST,2.682403,2024-01-08

[2025-02-27T10:45:46.714+0000] {3_4_2_homework_assignment.py:84} INFO - USD,XAF,599.392344,2024-01-08

[2025-02-27T10:45:46.714+0000] {3_4_2_homework_assignment.py:84} INFO - USD,XAG,0.04324,2024-01-08

[2025-02-27T10:45:46.714+0000] {3_4_2_homework_assignment.py:84} INFO - USD,XAU,0.000492,2024-01-08

[2025-02-27T10:45:46.714+0000] {3_4_2_homework_assignment.py:84} INFO - USD,XCD,2.70255,2024-01-08

[2025-02-27T10:45:46.714+0000] {3_4_2_homework_assignment.py:84} INFO - USD,XDR,0.748924,2024-01-08

[2025-02-27T10:45:46.715+0000] {3_4_2_homework_assignment.py:84} INFO - USD,XOF,598.496053,2024-01-08

[2025-02-27T10:45:46.715+0000] {3_4_2_homework_assignment.py:84} INFO - USD,XPF,109.397792,2024-01-08

[2025-02-27T10:45:46.715+0000] {3_4_2_homework_assignment.py:84} INFO - USD,YER,250.350502,2024-01-08

[2025-02-27T10:45:46.715+0000] {3_4_2_homework_assignment.py:84} INFO - USD,ZAR,18.579197,2024-01-08

[2025-02-27T10:45:46.715+0000] {3_4_2_homework_assignment.py:84} INFO - USD,ZMK,9001.197406,2024-01-08

[2025-02-27T10:45:46.716+0000] {3_4_2_homework_assignment.py:84} INFO - USD,ZMW,25.941866,2024-01-08

[2025-02-27T10:45:46.716+0000] {3_4_2_homework_assignment.py:84} INFO - USD,ZWL,321.999592,2024-01-08

[2025-02-27T10:45:46.716+0000] {python.py:201} INFO - Done. Returned value was: None
[2025-02-27T10:45:46.721+0000] {taskinstance.py:1138} INFO - Marking task as SUCCESS. dag_id=3_4_2_homework_assignment, task_id=transform_data_task, execution_date=20240108T000000, start_date=20250227T104546, end_date=20250227T104546
[2025-02-27T10:45:46.780+0000] {local_task_job_runner.py:234} INFO - Task exited with return code 0
