[2025-03-10T09:44:38.511+0000] {processor.py:161} INFO - Started process (PID=48) to work on /opt/airflow/dags/default_pool.py
[2025-03-10T09:44:38.513+0000] {processor.py:830} INFO - Processing file /opt/airflow/dags/default_pool.py for tasks to queue
[2025-03-10T09:44:38.516+0000] {logging_mixin.py:188} INFO - [2025-03-10T09:44:38.515+0000] {dagbag.py:538} INFO - Filling up the DagBag from /opt/airflow/dags/default_pool.py
[2025-03-10T09:44:38.542+0000] {processor.py:840} INFO - DAG(s) 'parallel_tasks_example' retrieved from /opt/airflow/dags/default_pool.py
[2025-03-10T09:44:38.552+0000] {logging_mixin.py:188} INFO - [2025-03-10T09:44:38.551+0000] {dag.py:3036} INFO - Sync 1 DAGs
[2025-03-10T09:44:38.565+0000] {logging_mixin.py:188} INFO - [2025-03-10T09:44:38.565+0000] {dag.py:3823} INFO - Setting next_dagrun for parallel_tasks_example to None, run_after=None
[2025-03-10T09:44:38.602+0000] {processor.py:183} INFO - Processing /opt/airflow/dags/default_pool.py took 0.097 seconds
[2025-03-10T09:45:11.752+0000] {processor.py:161} INFO - Started process (PID=129) to work on /opt/airflow/dags/default_pool.py
[2025-03-10T09:45:11.754+0000] {processor.py:830} INFO - Processing file /opt/airflow/dags/default_pool.py for tasks to queue
[2025-03-10T09:45:11.755+0000] {logging_mixin.py:188} INFO - [2025-03-10T09:45:11.755+0000] {dagbag.py:538} INFO - Filling up the DagBag from /opt/airflow/dags/default_pool.py
[2025-03-10T09:45:11.778+0000] {processor.py:840} INFO - DAG(s) 'parallel_tasks_example' retrieved from /opt/airflow/dags/default_pool.py
[2025-03-10T09:45:11.888+0000] {logging_mixin.py:188} INFO - [2025-03-10T09:45:11.887+0000] {dag.py:3036} INFO - Sync 1 DAGs
[2025-03-10T09:45:11.901+0000] {logging_mixin.py:188} INFO - [2025-03-10T09:45:11.900+0000] {dag.py:3823} INFO - Setting next_dagrun for parallel_tasks_example to None, run_after=None
[2025-03-10T09:45:11.938+0000] {processor.py:183} INFO - Processing /opt/airflow/dags/default_pool.py took 0.189 seconds
[2025-03-10T09:45:43.361+0000] {processor.py:161} INFO - Started process (PID=136) to work on /opt/airflow/dags/default_pool.py
[2025-03-10T09:45:43.362+0000] {processor.py:830} INFO - Processing file /opt/airflow/dags/default_pool.py for tasks to queue
[2025-03-10T09:45:43.363+0000] {logging_mixin.py:188} INFO - [2025-03-10T09:45:43.363+0000] {dagbag.py:538} INFO - Filling up the DagBag from /opt/airflow/dags/default_pool.py
[2025-03-10T09:45:43.388+0000] {processor.py:840} INFO - DAG(s) 'parallel_tasks_example' retrieved from /opt/airflow/dags/default_pool.py
[2025-03-10T09:45:43.421+0000] {logging_mixin.py:188} INFO - [2025-03-10T09:45:43.421+0000] {dag.py:3036} INFO - Sync 1 DAGs
[2025-03-10T09:45:43.445+0000] {logging_mixin.py:188} INFO - [2025-03-10T09:45:43.444+0000] {dag.py:3823} INFO - Setting next_dagrun for parallel_tasks_example to None, run_after=None
[2025-03-10T09:45:43.517+0000] {processor.py:183} INFO - Processing /opt/airflow/dags/default_pool.py took 0.160 seconds
[2025-03-10T09:46:14.944+0000] {processor.py:161} INFO - Started process (PID=143) to work on /opt/airflow/dags/default_pool.py
[2025-03-10T09:46:14.945+0000] {processor.py:830} INFO - Processing file /opt/airflow/dags/default_pool.py for tasks to queue
[2025-03-10T09:46:14.947+0000] {logging_mixin.py:188} INFO - [2025-03-10T09:46:14.947+0000] {dagbag.py:538} INFO - Filling up the DagBag from /opt/airflow/dags/default_pool.py
[2025-03-10T09:46:14.979+0000] {processor.py:840} INFO - DAG(s) 'parallel_tasks_example' retrieved from /opt/airflow/dags/default_pool.py
[2025-03-10T09:46:15.013+0000] {logging_mixin.py:188} INFO - [2025-03-10T09:46:15.013+0000] {dag.py:3036} INFO - Sync 1 DAGs
[2025-03-10T09:46:15.031+0000] {logging_mixin.py:188} INFO - [2025-03-10T09:46:15.031+0000] {dag.py:3823} INFO - Setting next_dagrun for parallel_tasks_example to None, run_after=None
[2025-03-10T09:46:15.058+0000] {processor.py:183} INFO - Processing /opt/airflow/dags/default_pool.py took 0.123 seconds
[2025-03-10T09:46:45.922+0000] {processor.py:161} INFO - Started process (PID=150) to work on /opt/airflow/dags/default_pool.py
[2025-03-10T09:46:45.923+0000] {processor.py:830} INFO - Processing file /opt/airflow/dags/default_pool.py for tasks to queue
[2025-03-10T09:46:45.924+0000] {logging_mixin.py:188} INFO - [2025-03-10T09:46:45.924+0000] {dagbag.py:538} INFO - Filling up the DagBag from /opt/airflow/dags/default_pool.py
[2025-03-10T09:46:45.940+0000] {processor.py:840} INFO - DAG(s) 'parallel_tasks_example' retrieved from /opt/airflow/dags/default_pool.py
[2025-03-10T09:46:45.959+0000] {logging_mixin.py:188} INFO - [2025-03-10T09:46:45.959+0000] {dag.py:3036} INFO - Sync 1 DAGs
[2025-03-10T09:46:45.968+0000] {logging_mixin.py:188} INFO - [2025-03-10T09:46:45.968+0000] {dag.py:3823} INFO - Setting next_dagrun for parallel_tasks_example to None, run_after=None
[2025-03-10T09:46:45.999+0000] {processor.py:183} INFO - Processing /opt/airflow/dags/default_pool.py took 0.079 seconds
[2025-03-10T09:47:17.103+0000] {processor.py:161} INFO - Started process (PID=157) to work on /opt/airflow/dags/default_pool.py
[2025-03-10T09:47:17.104+0000] {processor.py:830} INFO - Processing file /opt/airflow/dags/default_pool.py for tasks to queue
[2025-03-10T09:47:17.105+0000] {logging_mixin.py:188} INFO - [2025-03-10T09:47:17.104+0000] {dagbag.py:538} INFO - Filling up the DagBag from /opt/airflow/dags/default_pool.py
[2025-03-10T09:47:17.119+0000] {processor.py:840} INFO - DAG(s) 'parallel_tasks_example' retrieved from /opt/airflow/dags/default_pool.py
[2025-03-10T09:47:17.137+0000] {logging_mixin.py:188} INFO - [2025-03-10T09:47:17.136+0000] {dag.py:3036} INFO - Sync 1 DAGs
[2025-03-10T09:47:17.146+0000] {logging_mixin.py:188} INFO - [2025-03-10T09:47:17.146+0000] {dag.py:3823} INFO - Setting next_dagrun for parallel_tasks_example to None, run_after=None
[2025-03-10T09:47:17.165+0000] {processor.py:183} INFO - Processing /opt/airflow/dags/default_pool.py took 0.064 seconds
[2025-03-10T09:47:52.135+0000] {processor.py:161} INFO - Started process (PID=218) to work on /opt/airflow/dags/default_pool.py
[2025-03-10T09:47:52.137+0000] {processor.py:830} INFO - Processing file /opt/airflow/dags/default_pool.py for tasks to queue
[2025-03-10T09:47:52.138+0000] {logging_mixin.py:188} INFO - [2025-03-10T09:47:52.138+0000] {dagbag.py:538} INFO - Filling up the DagBag from /opt/airflow/dags/default_pool.py
[2025-03-10T09:47:52.158+0000] {processor.py:840} INFO - DAG(s) 'parallel_tasks_example' retrieved from /opt/airflow/dags/default_pool.py
[2025-03-10T09:47:52.179+0000] {logging_mixin.py:188} INFO - [2025-03-10T09:47:52.179+0000] {dag.py:3036} INFO - Sync 1 DAGs
[2025-03-10T09:47:52.190+0000] {logging_mixin.py:188} INFO - [2025-03-10T09:47:52.190+0000] {dag.py:3823} INFO - Setting next_dagrun for parallel_tasks_example to None, run_after=None
[2025-03-10T09:47:52.212+0000] {processor.py:183} INFO - Processing /opt/airflow/dags/default_pool.py took 0.080 seconds
[2025-03-10T09:48:25.122+0000] {processor.py:161} INFO - Started process (PID=243) to work on /opt/airflow/dags/default_pool.py
[2025-03-10T09:48:25.124+0000] {processor.py:830} INFO - Processing file /opt/airflow/dags/default_pool.py for tasks to queue
[2025-03-10T09:48:25.125+0000] {logging_mixin.py:188} INFO - [2025-03-10T09:48:25.125+0000] {dagbag.py:538} INFO - Filling up the DagBag from /opt/airflow/dags/default_pool.py
[2025-03-10T09:48:25.144+0000] {processor.py:840} INFO - DAG(s) 'parallel_tasks_example' retrieved from /opt/airflow/dags/default_pool.py
[2025-03-10T09:48:25.166+0000] {logging_mixin.py:188} INFO - [2025-03-10T09:48:25.166+0000] {dag.py:3036} INFO - Sync 1 DAGs
[2025-03-10T09:48:25.175+0000] {logging_mixin.py:188} INFO - [2025-03-10T09:48:25.175+0000] {dag.py:3823} INFO - Setting next_dagrun for parallel_tasks_example to None, run_after=None
[2025-03-10T09:48:25.195+0000] {processor.py:183} INFO - Processing /opt/airflow/dags/default_pool.py took 0.075 seconds
[2025-03-10T09:48:55.406+0000] {processor.py:161} INFO - Started process (PID=376) to work on /opt/airflow/dags/default_pool.py
[2025-03-10T09:48:55.407+0000] {processor.py:830} INFO - Processing file /opt/airflow/dags/default_pool.py for tasks to queue
[2025-03-10T09:48:55.408+0000] {logging_mixin.py:188} INFO - [2025-03-10T09:48:55.408+0000] {dagbag.py:538} INFO - Filling up the DagBag from /opt/airflow/dags/default_pool.py
[2025-03-10T09:48:55.425+0000] {processor.py:840} INFO - DAG(s) 'parallel_tasks_example' retrieved from /opt/airflow/dags/default_pool.py
[2025-03-10T09:48:55.450+0000] {logging_mixin.py:188} INFO - [2025-03-10T09:48:55.449+0000] {dag.py:3036} INFO - Sync 1 DAGs
[2025-03-10T09:48:55.461+0000] {logging_mixin.py:188} INFO - [2025-03-10T09:48:55.460+0000] {dag.py:3823} INFO - Setting next_dagrun for parallel_tasks_example to None, run_after=None
[2025-03-10T09:48:55.489+0000] {processor.py:183} INFO - Processing /opt/airflow/dags/default_pool.py took 0.086 seconds
[2025-03-10T09:49:25.895+0000] {processor.py:161} INFO - Started process (PID=455) to work on /opt/airflow/dags/default_pool.py
[2025-03-10T09:49:25.895+0000] {processor.py:830} INFO - Processing file /opt/airflow/dags/default_pool.py for tasks to queue
[2025-03-10T09:49:25.896+0000] {logging_mixin.py:188} INFO - [2025-03-10T09:49:25.896+0000] {dagbag.py:538} INFO - Filling up the DagBag from /opt/airflow/dags/default_pool.py
[2025-03-10T09:49:25.910+0000] {processor.py:840} INFO - DAG(s) 'parallel_tasks_example' retrieved from /opt/airflow/dags/default_pool.py
[2025-03-10T09:49:25.927+0000] {logging_mixin.py:188} INFO - [2025-03-10T09:49:25.927+0000] {dag.py:3036} INFO - Sync 1 DAGs
[2025-03-10T09:49:25.936+0000] {logging_mixin.py:188} INFO - [2025-03-10T09:49:25.936+0000] {dag.py:3823} INFO - Setting next_dagrun for parallel_tasks_example to None, run_after=None
[2025-03-10T09:49:25.955+0000] {processor.py:183} INFO - Processing /opt/airflow/dags/default_pool.py took 0.062 seconds
[2025-03-10T09:49:56.009+0000] {processor.py:161} INFO - Started process (PID=462) to work on /opt/airflow/dags/default_pool.py
[2025-03-10T09:49:56.010+0000] {processor.py:830} INFO - Processing file /opt/airflow/dags/default_pool.py for tasks to queue
[2025-03-10T09:49:56.011+0000] {logging_mixin.py:188} INFO - [2025-03-10T09:49:56.010+0000] {dagbag.py:538} INFO - Filling up the DagBag from /opt/airflow/dags/default_pool.py
[2025-03-10T09:49:56.027+0000] {processor.py:840} INFO - DAG(s) 'parallel_tasks_example' retrieved from /opt/airflow/dags/default_pool.py
[2025-03-10T09:49:56.046+0000] {logging_mixin.py:188} INFO - [2025-03-10T09:49:56.046+0000] {dag.py:3036} INFO - Sync 1 DAGs
[2025-03-10T09:49:56.056+0000] {logging_mixin.py:188} INFO - [2025-03-10T09:49:56.055+0000] {dag.py:3823} INFO - Setting next_dagrun for parallel_tasks_example to None, run_after=None
[2025-03-10T09:49:56.076+0000] {processor.py:183} INFO - Processing /opt/airflow/dags/default_pool.py took 0.070 seconds
[2025-03-10T09:50:26.124+0000] {processor.py:161} INFO - Started process (PID=469) to work on /opt/airflow/dags/default_pool.py
[2025-03-10T09:50:26.125+0000] {processor.py:830} INFO - Processing file /opt/airflow/dags/default_pool.py for tasks to queue
[2025-03-10T09:50:26.126+0000] {logging_mixin.py:188} INFO - [2025-03-10T09:50:26.125+0000] {dagbag.py:538} INFO - Filling up the DagBag from /opt/airflow/dags/default_pool.py
[2025-03-10T09:50:26.141+0000] {processor.py:840} INFO - DAG(s) 'parallel_tasks_example' retrieved from /opt/airflow/dags/default_pool.py
[2025-03-10T09:50:26.161+0000] {logging_mixin.py:188} INFO - [2025-03-10T09:50:26.161+0000] {dag.py:3036} INFO - Sync 1 DAGs
[2025-03-10T09:50:26.170+0000] {logging_mixin.py:188} INFO - [2025-03-10T09:50:26.170+0000] {dag.py:3823} INFO - Setting next_dagrun for parallel_tasks_example to None, run_after=None
[2025-03-10T09:50:26.189+0000] {processor.py:183} INFO - Processing /opt/airflow/dags/default_pool.py took 0.068 seconds
[2025-03-10T09:50:57.143+0000] {processor.py:161} INFO - Started process (PID=476) to work on /opt/airflow/dags/default_pool.py
[2025-03-10T09:50:57.146+0000] {processor.py:830} INFO - Processing file /opt/airflow/dags/default_pool.py for tasks to queue
[2025-03-10T09:50:57.149+0000] {logging_mixin.py:188} INFO - [2025-03-10T09:50:57.148+0000] {dagbag.py:538} INFO - Filling up the DagBag from /opt/airflow/dags/default_pool.py
[2025-03-10T09:50:57.183+0000] {processor.py:840} INFO - DAG(s) 'parallel_tasks_example' retrieved from /opt/airflow/dags/default_pool.py
[2025-03-10T09:50:57.244+0000] {logging_mixin.py:188} INFO - [2025-03-10T09:50:57.242+0000] {dag.py:3036} INFO - Sync 1 DAGs
[2025-03-10T09:50:57.284+0000] {logging_mixin.py:188} INFO - [2025-03-10T09:50:57.283+0000] {dag.py:3823} INFO - Setting next_dagrun for parallel_tasks_example to None, run_after=None
[2025-03-10T09:50:57.365+0000] {processor.py:183} INFO - Processing /opt/airflow/dags/default_pool.py took 0.229 seconds
