[2025-03-11T13:48:47.394+0000] {taskinstance.py:1956} INFO - Dependencies all met for dep_context=non-requeueable deps ti=<TaskInstance: 5_2_sencor.start_report_task manual__2025-03-11T13:48:43.233450+00:00 [queued]>
[2025-03-11T13:48:47.399+0000] {taskinstance.py:1956} INFO - Dependencies all met for dep_context=requeueable deps ti=<TaskInstance: 5_2_sencor.start_report_task manual__2025-03-11T13:48:43.233450+00:00 [queued]>
[2025-03-11T13:48:47.399+0000] {taskinstance.py:2170} INFO - Starting attempt 1 of 1
[2025-03-11T13:48:47.410+0000] {taskinstance.py:2191} INFO - Executing <Task(SimpleHttpOperator): start_report_task> on 2025-03-11 13:48:43.233450+00:00
[2025-03-11T13:48:47.414+0000] {standard_task_runner.py:60} INFO - Started process 7137 to run task
[2025-03-11T13:48:47.416+0000] {standard_task_runner.py:87} INFO - Running: ['airflow', 'tasks', 'run', '5_2_sencor', 'start_report_task', 'manual__2025-03-11T13:48:43.233450+00:00', '--job-id', '58', '--raw', '--subdir', 'DAGS_FOLDER/5_2_sencor.py', '--cfg-path', '/tmp/tmpz7ohyvvt']
[2025-03-11T13:48:47.418+0000] {standard_task_runner.py:88} INFO - Job 58: Subtask start_report_task
[2025-03-11T13:48:47.446+0000] {task_command.py:423} INFO - Running <TaskInstance: 5_2_sencor.start_report_task manual__2025-03-11T13:48:43.233450+00:00 [running]> on host 9a2e4036dec3
[2025-03-11T13:48:47.617+0000] {taskinstance.py:2480} INFO - Exporting env vars: AIRFLOW_CTX_DAG_OWNER='airflow' AIRFLOW_CTX_DAG_ID='5_2_sencor' AIRFLOW_CTX_TASK_ID='start_report_task' AIRFLOW_CTX_EXECUTION_DATE='2025-03-11T13:48:43.233450+00:00' AIRFLOW_CTX_TRY_NUMBER='1' AIRFLOW_CTX_DAG_RUN_ID='manual__2025-03-11T13:48:43.233450+00:00'
[2025-03-11T13:48:47.618+0000] {http.py:169} INFO - Calling HTTP method
[2025-03-11T13:48:47.622+0000] {base.py:83} INFO - Using connection ID 'report_api' for task execution.
[2025-03-11T13:48:47.670+0000] {taskinstance.py:2698} ERROR - Task failed with exception
Traceback (most recent call last):
  File "/home/airflow/.local/lib/python3.9/site-packages/airflow/models/taskinstance.py", line 433, in _execute_task
    result = execute_callable(context=context, **execute_callable_kwargs)
  File "/home/airflow/.local/lib/python3.9/site-packages/airflow/providers/http/operators/http.py", line 166, in execute
    return self.execute_sync(context=context)
  File "/home/airflow/.local/lib/python3.9/site-packages/airflow/providers/http/operators/http.py", line 170, in execute_sync
    response = self.hook.run(self.endpoint, self.data, self.headers, self.extra_options)
  File "/home/airflow/.local/lib/python3.9/site-packages/airflow/providers/http/operators/http.py", line 150, in hook
    hook = conn.get_hook(
  File "/home/airflow/.local/lib/python3.9/site-packages/airflow/models/connection.py", line 376, in get_hook
    return hook_class(**{hook.connection_id_attribute_name: self.conn_id}, **hook_params)
  File "/home/airflow/.local/lib/python3.9/site-packages/airflow/hooks/filesystem.py", line 63, in __init__
    super().__init__(**kwargs)
TypeError: __init__() got an unexpected keyword argument 'method'
[2025-03-11T13:48:47.673+0000] {taskinstance.py:1138} INFO - Marking task as FAILED. dag_id=5_2_sencor, task_id=start_report_task, execution_date=20250311T134843, start_date=20250311T134847, end_date=20250311T134847
[2025-03-11T13:48:47.683+0000] {standard_task_runner.py:107} ERROR - Failed to execute job 58 for task start_report_task (__init__() got an unexpected keyword argument 'method'; 7137)
[2025-03-11T13:48:47.710+0000] {local_task_job_runner.py:234} INFO - Task exited with return code 1
[2025-03-11T13:48:47.727+0000] {taskinstance.py:3280} INFO - 0 downstream tasks scheduled from follow-on schedule check
