[2025-02-27T09:32:52.101+0000] {taskinstance.py:1956} INFO - Dependencies all met for dep_context=non-requeueable deps ti=<TaskInstance: 3_4_2_homework_assignment.transform_data_task scheduled__2024-01-03T00:00:00+00:00 [queued]>
[2025-02-27T09:32:52.106+0000] {taskinstance.py:1956} INFO - Dependencies all met for dep_context=requeueable deps ti=<TaskInstance: 3_4_2_homework_assignment.transform_data_task scheduled__2024-01-03T00:00:00+00:00 [queued]>
[2025-02-27T09:32:52.106+0000] {taskinstance.py:2170} INFO - Starting attempt 1 of 1
[2025-02-27T09:32:52.118+0000] {taskinstance.py:2191} INFO - Executing <Task(PythonOperator): transform_data_task> on 2024-01-03 00:00:00+00:00
[2025-02-27T09:32:52.123+0000] {standard_task_runner.py:60} INFO - Started process 242 to run task
[2025-02-27T09:32:52.126+0000] {standard_task_runner.py:87} INFO - Running: ['airflow', 'tasks', 'run', '3_4_2_homework_assignment', 'transform_data_task', 'scheduled__2024-01-03T00:00:00+00:00', '--job-id', '7', '--raw', '--subdir', 'DAGS_FOLDER/3_4_2_homework_assignment.py', '--cfg-path', '/tmp/tmpr65s8r9z']
[2025-02-27T09:32:52.127+0000] {standard_task_runner.py:88} INFO - Job 7: Subtask transform_data_task
[2025-02-27T09:32:52.158+0000] {task_command.py:423} INFO - Running <TaskInstance: 3_4_2_homework_assignment.transform_data_task scheduled__2024-01-03T00:00:00+00:00 [running]> on host ea5964584459
[2025-02-27T09:32:52.201+0000] {taskinstance.py:2480} INFO - Exporting env vars: AIRFLOW_CTX_DAG_OWNER='airflow' AIRFLOW_CTX_DAG_ID='3_4_2_homework_assignment' AIRFLOW_CTX_TASK_ID='transform_data_task' AIRFLOW_CTX_EXECUTION_DATE='2024-01-03T00:00:00+00:00' AIRFLOW_CTX_TRY_NUMBER='1' AIRFLOW_CTX_DAG_RUN_ID='scheduled__2024-01-03T00:00:00+00:00'
[2025-02-27T09:32:52.202+0000] {taskinstance.py:2698} ERROR - Task failed with exception
Traceback (most recent call last):
  File "/home/airflow/.local/lib/python3.9/site-packages/airflow/models/taskinstance.py", line 433, in _execute_task
    result = execute_callable(context=context, **execute_callable_kwargs)
  File "/home/airflow/.local/lib/python3.9/site-packages/airflow/operators/python.py", line 199, in execute
    return_value = self.execute_callable()
  File "/home/airflow/.local/lib/python3.9/site-packages/airflow/operators/python.py", line 216, in execute_callable
    return self.python_callable(*self.op_args, **self.op_kwargs)
  File "/opt/airflow/dags/3_4_2_homework_assignment.py", line 56, in transform_data
    current = request_json["source"]
KeyError: 'source'
[2025-02-27T09:32:52.206+0000] {taskinstance.py:1138} INFO - Marking task as FAILED. dag_id=3_4_2_homework_assignment, task_id=transform_data_task, execution_date=20240103T000000, start_date=20250227T093252, end_date=20250227T093252
[2025-02-27T09:32:52.214+0000] {standard_task_runner.py:107} ERROR - Failed to execute job 7 for task transform_data_task ('source'; 242)
[2025-02-27T09:32:52.258+0000] {local_task_job_runner.py:234} INFO - Task exited with return code 1
[2025-02-27T09:35:04.680+0000] {taskinstance.py:1956} INFO - Dependencies all met for dep_context=non-requeueable deps ti=<TaskInstance: 3_4_2_homework_assignment.transform_data_task scheduled__2024-01-03T00:00:00+00:00 [queued]>
[2025-02-27T09:35:04.685+0000] {taskinstance.py:1956} INFO - Dependencies all met for dep_context=requeueable deps ti=<TaskInstance: 3_4_2_homework_assignment.transform_data_task scheduled__2024-01-03T00:00:00+00:00 [queued]>
[2025-02-27T09:35:04.685+0000] {taskinstance.py:2170} INFO - Starting attempt 1 of 1
[2025-02-27T09:35:04.695+0000] {taskinstance.py:2191} INFO - Executing <Task(PythonOperator): transform_data_task> on 2024-01-03 00:00:00+00:00
[2025-02-27T09:35:04.700+0000] {standard_task_runner.py:60} INFO - Started process 601 to run task
[2025-02-27T09:35:04.702+0000] {standard_task_runner.py:87} INFO - Running: ['airflow', 'tasks', 'run', '3_4_2_homework_assignment', 'transform_data_task', 'scheduled__2024-01-03T00:00:00+00:00', '--job-id', '7', '--raw', '--subdir', 'DAGS_FOLDER/3_4_2_homework_assignment.py', '--cfg-path', '/tmp/tmp7itmgh3a']
[2025-02-27T09:35:04.704+0000] {standard_task_runner.py:88} INFO - Job 7: Subtask transform_data_task
[2025-02-27T09:35:04.730+0000] {task_command.py:423} INFO - Running <TaskInstance: 3_4_2_homework_assignment.transform_data_task scheduled__2024-01-03T00:00:00+00:00 [running]> on host ea5964584459
[2025-02-27T09:35:04.778+0000] {taskinstance.py:2480} INFO - Exporting env vars: AIRFLOW_CTX_DAG_OWNER='airflow' AIRFLOW_CTX_DAG_ID='3_4_2_homework_assignment' AIRFLOW_CTX_TASK_ID='transform_data_task' AIRFLOW_CTX_EXECUTION_DATE='2024-01-03T00:00:00+00:00' AIRFLOW_CTX_TRY_NUMBER='1' AIRFLOW_CTX_DAG_RUN_ID='scheduled__2024-01-03T00:00:00+00:00'
[2025-02-27T09:35:04.779+0000] {taskinstance.py:2698} ERROR - Task failed with exception
Traceback (most recent call last):
  File "/home/airflow/.local/lib/python3.9/site-packages/airflow/models/taskinstance.py", line 433, in _execute_task
    result = execute_callable(context=context, **execute_callable_kwargs)
  File "/home/airflow/.local/lib/python3.9/site-packages/airflow/operators/python.py", line 199, in execute
    return_value = self.execute_callable()
  File "/home/airflow/.local/lib/python3.9/site-packages/airflow/operators/python.py", line 216, in execute_callable
    return self.python_callable(*self.op_args, **self.op_kwargs)
  File "/opt/airflow/dags/3_4_2_homework_assignment.py", line 56, in transform_data
    current = request_json["source"]
KeyError: 'source'
[2025-02-27T09:35:04.784+0000] {taskinstance.py:1138} INFO - Marking task as FAILED. dag_id=3_4_2_homework_assignment, task_id=transform_data_task, execution_date=20240103T000000, start_date=20250227T093504, end_date=20250227T093504
[2025-02-27T09:35:04.792+0000] {standard_task_runner.py:107} ERROR - Failed to execute job 7 for task transform_data_task ('source'; 601)
[2025-02-27T09:35:04.836+0000] {local_task_job_runner.py:234} INFO - Task exited with return code 1
[2025-02-27T09:40:01.265+0000] {taskinstance.py:1956} INFO - Dependencies all met for dep_context=non-requeueable deps ti=<TaskInstance: 3_4_2_homework_assignment.transform_data_task scheduled__2024-01-03T00:00:00+00:00 [queued]>
[2025-02-27T09:40:01.270+0000] {taskinstance.py:1956} INFO - Dependencies all met for dep_context=requeueable deps ti=<TaskInstance: 3_4_2_homework_assignment.transform_data_task scheduled__2024-01-03T00:00:00+00:00 [queued]>
[2025-02-27T09:40:01.270+0000] {taskinstance.py:2170} INFO - Starting attempt 1 of 1
[2025-02-27T09:40:01.282+0000] {taskinstance.py:2191} INFO - Executing <Task(PythonOperator): transform_data_task> on 2024-01-03 00:00:00+00:00
[2025-02-27T09:40:01.286+0000] {standard_task_runner.py:60} INFO - Started process 1004 to run task
[2025-02-27T09:40:01.289+0000] {standard_task_runner.py:87} INFO - Running: ['airflow', 'tasks', 'run', '3_4_2_homework_assignment', 'transform_data_task', 'scheduled__2024-01-03T00:00:00+00:00', '--job-id', '7', '--raw', '--subdir', 'DAGS_FOLDER/3_4_2_homework_assignment.py', '--cfg-path', '/tmp/tmp113a_3vu']
[2025-02-27T09:40:01.290+0000] {standard_task_runner.py:88} INFO - Job 7: Subtask transform_data_task
[2025-02-27T09:40:01.315+0000] {task_command.py:423} INFO - Running <TaskInstance: 3_4_2_homework_assignment.transform_data_task scheduled__2024-01-03T00:00:00+00:00 [running]> on host ea5964584459
[2025-02-27T09:40:01.354+0000] {taskinstance.py:2480} INFO - Exporting env vars: AIRFLOW_CTX_DAG_OWNER='airflow' AIRFLOW_CTX_DAG_ID='3_4_2_homework_assignment' AIRFLOW_CTX_TASK_ID='transform_data_task' AIRFLOW_CTX_EXECUTION_DATE='2024-01-03T00:00:00+00:00' AIRFLOW_CTX_TRY_NUMBER='1' AIRFLOW_CTX_DAG_RUN_ID='scheduled__2024-01-03T00:00:00+00:00'
[2025-02-27T09:40:01.355+0000] {taskinstance.py:2698} ERROR - Task failed with exception
Traceback (most recent call last):
  File "/home/airflow/.local/lib/python3.9/site-packages/airflow/models/taskinstance.py", line 433, in _execute_task
    result = execute_callable(context=context, **execute_callable_kwargs)
  File "/home/airflow/.local/lib/python3.9/site-packages/airflow/operators/python.py", line 199, in execute
    return_value = self.execute_callable()
  File "/home/airflow/.local/lib/python3.9/site-packages/airflow/operators/python.py", line 216, in execute_callable
    return self.python_callable(*self.op_args, **self.op_kwargs)
  File "/opt/airflow/dags/3_4_2_homework_assignment.py", line 56, in transform_data
    current = request_json["source"]
KeyError: 'source'
[2025-02-27T09:40:01.360+0000] {taskinstance.py:1138} INFO - Marking task as FAILED. dag_id=3_4_2_homework_assignment, task_id=transform_data_task, execution_date=20240103T000000, start_date=20250227T094001, end_date=20250227T094001
[2025-02-27T09:40:01.367+0000] {standard_task_runner.py:107} ERROR - Failed to execute job 7 for task transform_data_task ('source'; 1004)
[2025-02-27T09:40:01.382+0000] {local_task_job_runner.py:234} INFO - Task exited with return code 1
[2025-02-27T09:43:57.723+0000] {taskinstance.py:1956} INFO - Dependencies all met for dep_context=non-requeueable deps ti=<TaskInstance: 3_4_2_homework_assignment.transform_data_task scheduled__2024-01-03T00:00:00+00:00 [queued]>
[2025-02-27T09:43:57.728+0000] {taskinstance.py:1956} INFO - Dependencies all met for dep_context=requeueable deps ti=<TaskInstance: 3_4_2_homework_assignment.transform_data_task scheduled__2024-01-03T00:00:00+00:00 [queued]>
[2025-02-27T09:43:57.728+0000] {taskinstance.py:2170} INFO - Starting attempt 1 of 1
[2025-02-27T09:43:57.742+0000] {taskinstance.py:2191} INFO - Executing <Task(PythonOperator): transform_data_task> on 2024-01-03 00:00:00+00:00
[2025-02-27T09:43:57.747+0000] {standard_task_runner.py:60} INFO - Started process 1396 to run task
[2025-02-27T09:43:57.749+0000] {standard_task_runner.py:87} INFO - Running: ['airflow', 'tasks', 'run', '3_4_2_homework_assignment', 'transform_data_task', 'scheduled__2024-01-03T00:00:00+00:00', '--job-id', '7', '--raw', '--subdir', 'DAGS_FOLDER/3_4_2_homework_assignment.py', '--cfg-path', '/tmp/tmpmz1qoqsi']
[2025-02-27T09:43:57.750+0000] {standard_task_runner.py:88} INFO - Job 7: Subtask transform_data_task
[2025-02-27T09:43:57.779+0000] {task_command.py:423} INFO - Running <TaskInstance: 3_4_2_homework_assignment.transform_data_task scheduled__2024-01-03T00:00:00+00:00 [running]> on host ea5964584459
[2025-02-27T09:43:57.825+0000] {taskinstance.py:2480} INFO - Exporting env vars: AIRFLOW_CTX_DAG_OWNER='airflow' AIRFLOW_CTX_DAG_ID='3_4_2_homework_assignment' AIRFLOW_CTX_TASK_ID='transform_data_task' AIRFLOW_CTX_EXECUTION_DATE='2024-01-03T00:00:00+00:00' AIRFLOW_CTX_TRY_NUMBER='1' AIRFLOW_CTX_DAG_RUN_ID='scheduled__2024-01-03T00:00:00+00:00'
[2025-02-27T09:43:57.826+0000] {taskinstance.py:2698} ERROR - Task failed with exception
Traceback (most recent call last):
  File "/home/airflow/.local/lib/python3.9/site-packages/airflow/models/taskinstance.py", line 433, in _execute_task
    result = execute_callable(context=context, **execute_callable_kwargs)
  File "/home/airflow/.local/lib/python3.9/site-packages/airflow/operators/python.py", line 199, in execute
    return_value = self.execute_callable()
  File "/home/airflow/.local/lib/python3.9/site-packages/airflow/operators/python.py", line 216, in execute_callable
    return self.python_callable(*self.op_args, **self.op_kwargs)
  File "/opt/airflow/dags/3_4_2_homework_assignment.py", line 60, in transform_data
    raise KeyError(f"Ключ '{key}' отсутствует в JSON-файле: {s_file}")
KeyError: "Ключ 'source' отсутствует в JSON-файле: extracted_data.json"
[2025-02-27T09:43:57.831+0000] {taskinstance.py:1138} INFO - Marking task as FAILED. dag_id=3_4_2_homework_assignment, task_id=transform_data_task, execution_date=20240103T000000, start_date=20250227T094357, end_date=20250227T094357
[2025-02-27T09:43:57.838+0000] {standard_task_runner.py:107} ERROR - Failed to execute job 7 for task transform_data_task ("Ключ 'source' отсутствует в JSON-файле: extracted_data.json"; 1396)
[2025-02-27T09:43:57.884+0000] {local_task_job_runner.py:234} INFO - Task exited with return code 1
[2025-02-27T09:45:36.104+0000] {taskinstance.py:1956} INFO - Dependencies all met for dep_context=non-requeueable deps ti=<TaskInstance: 3_4_2_homework_assignment.transform_data_task scheduled__2024-01-03T00:00:00+00:00 [queued]>
[2025-02-27T09:45:36.110+0000] {taskinstance.py:1956} INFO - Dependencies all met for dep_context=requeueable deps ti=<TaskInstance: 3_4_2_homework_assignment.transform_data_task scheduled__2024-01-03T00:00:00+00:00 [queued]>
[2025-02-27T09:45:36.110+0000] {taskinstance.py:2170} INFO - Starting attempt 1 of 1
[2025-02-27T09:45:36.120+0000] {taskinstance.py:2191} INFO - Executing <Task(PythonOperator): transform_data_task> on 2024-01-03 00:00:00+00:00
[2025-02-27T09:45:36.125+0000] {standard_task_runner.py:60} INFO - Started process 1609 to run task
[2025-02-27T09:45:36.127+0000] {standard_task_runner.py:87} INFO - Running: ['airflow', 'tasks', 'run', '3_4_2_homework_assignment', 'transform_data_task', 'scheduled__2024-01-03T00:00:00+00:00', '--job-id', '7', '--raw', '--subdir', 'DAGS_FOLDER/3_4_2_homework_assignment.py', '--cfg-path', '/tmp/tmpm0ggvteu']
[2025-02-27T09:45:36.129+0000] {standard_task_runner.py:88} INFO - Job 7: Subtask transform_data_task
[2025-02-27T09:45:36.178+0000] {task_command.py:423} INFO - Running <TaskInstance: 3_4_2_homework_assignment.transform_data_task scheduled__2024-01-03T00:00:00+00:00 [running]> on host ea5964584459
[2025-02-27T09:45:36.262+0000] {taskinstance.py:2480} INFO - Exporting env vars: AIRFLOW_CTX_DAG_OWNER='airflow' AIRFLOW_CTX_DAG_ID='3_4_2_homework_assignment' AIRFLOW_CTX_TASK_ID='transform_data_task' AIRFLOW_CTX_EXECUTION_DATE='2024-01-03T00:00:00+00:00' AIRFLOW_CTX_TRY_NUMBER='1' AIRFLOW_CTX_DAG_RUN_ID='scheduled__2024-01-03T00:00:00+00:00'
[2025-02-27T09:45:36.264+0000] {taskinstance.py:2698} ERROR - Task failed with exception
Traceback (most recent call last):
  File "/home/airflow/.local/lib/python3.9/site-packages/airflow/models/taskinstance.py", line 433, in _execute_task
    result = execute_callable(context=context, **execute_callable_kwargs)
  File "/home/airflow/.local/lib/python3.9/site-packages/airflow/operators/python.py", line 199, in execute
    return_value = self.execute_callable()
  File "/home/airflow/.local/lib/python3.9/site-packages/airflow/operators/python.py", line 216, in execute_callable
    return self.python_callable(*self.op_args, **self.op_kwargs)
  File "/opt/airflow/dags/3_4_2_homework_assignment.py", line 60, in transform_data
    raise KeyError(f"Ключ '{key}' отсутствует в JSON-файле: {s_file}")
KeyError: "Ключ 'source' отсутствует в JSON-файле: extracted_data.json"
[2025-02-27T09:45:36.270+0000] {taskinstance.py:1138} INFO - Marking task as FAILED. dag_id=3_4_2_homework_assignment, task_id=transform_data_task, execution_date=20240103T000000, start_date=20250227T094536, end_date=20250227T094536
[2025-02-27T09:45:36.281+0000] {standard_task_runner.py:107} ERROR - Failed to execute job 7 for task transform_data_task ("Ключ 'source' отсутствует в JSON-файле: extracted_data.json"; 1609)
[2025-02-27T09:45:36.302+0000] {local_task_job_runner.py:234} INFO - Task exited with return code 1
[2025-02-27T09:45:36.315+0000] {taskinstance.py:3280} INFO - 0 downstream tasks scheduled from follow-on schedule check
[2025-02-27T09:50:09.824+0000] {taskinstance.py:1956} INFO - Dependencies all met for dep_context=non-requeueable deps ti=<TaskInstance: 3_4_2_homework_assignment.transform_data_task scheduled__2024-01-03T00:00:00+00:00 [queued]>
[2025-02-27T09:50:09.828+0000] {taskinstance.py:1956} INFO - Dependencies all met for dep_context=requeueable deps ti=<TaskInstance: 3_4_2_homework_assignment.transform_data_task scheduled__2024-01-03T00:00:00+00:00 [queued]>
[2025-02-27T09:50:09.829+0000] {taskinstance.py:2170} INFO - Starting attempt 1 of 1
[2025-02-27T09:50:09.839+0000] {taskinstance.py:2191} INFO - Executing <Task(PythonOperator): transform_data_task> on 2024-01-03 00:00:00+00:00
[2025-02-27T09:50:09.843+0000] {standard_task_runner.py:60} INFO - Started process 2191 to run task
[2025-02-27T09:50:09.846+0000] {standard_task_runner.py:87} INFO - Running: ['airflow', 'tasks', 'run', '3_4_2_homework_assignment', 'transform_data_task', 'scheduled__2024-01-03T00:00:00+00:00', '--job-id', '9', '--raw', '--subdir', 'DAGS_FOLDER/3_4_2_homework_assignment.py', '--cfg-path', '/tmp/tmpgs9hcf40']
[2025-02-27T09:50:09.847+0000] {standard_task_runner.py:88} INFO - Job 9: Subtask transform_data_task
[2025-02-27T09:50:09.871+0000] {task_command.py:423} INFO - Running <TaskInstance: 3_4_2_homework_assignment.transform_data_task scheduled__2024-01-03T00:00:00+00:00 [running]> on host ea5964584459
[2025-02-27T09:50:09.909+0000] {taskinstance.py:2480} INFO - Exporting env vars: AIRFLOW_CTX_DAG_OWNER='airflow' AIRFLOW_CTX_DAG_ID='3_4_2_homework_assignment' AIRFLOW_CTX_TASK_ID='transform_data_task' AIRFLOW_CTX_EXECUTION_DATE='2024-01-03T00:00:00+00:00' AIRFLOW_CTX_TRY_NUMBER='1' AIRFLOW_CTX_DAG_RUN_ID='scheduled__2024-01-03T00:00:00+00:00'
[2025-02-27T09:50:09.910+0000] {taskinstance.py:2698} ERROR - Task failed with exception
Traceback (most recent call last):
  File "/home/airflow/.local/lib/python3.9/site-packages/airflow/models/taskinstance.py", line 433, in _execute_task
    result = execute_callable(context=context, **execute_callable_kwargs)
  File "/home/airflow/.local/lib/python3.9/site-packages/airflow/operators/python.py", line 199, in execute
    return_value = self.execute_callable()
  File "/home/airflow/.local/lib/python3.9/site-packages/airflow/operators/python.py", line 216, in execute_callable
    return self.python_callable(*self.op_args, **self.op_kwargs)
  File "/opt/airflow/dags/3_4_2_homework_assignment.py", line 66, in transform_data
    raise KeyError(f"Ключ '{key}' отсутствует в JSON-файле: {s_file}")
KeyError: "Ключ 'source' отсутствует в JSON-файле: extracted_data.json"
[2025-02-27T09:50:09.914+0000] {taskinstance.py:1138} INFO - Marking task as FAILED. dag_id=3_4_2_homework_assignment, task_id=transform_data_task, execution_date=20240103T000000, start_date=20250227T095009, end_date=20250227T095009
[2025-02-27T09:50:09.922+0000] {standard_task_runner.py:107} ERROR - Failed to execute job 9 for task transform_data_task ("Ключ 'source' отсутствует в JSON-файле: extracted_data.json"; 2191)
[2025-02-27T09:50:09.938+0000] {local_task_job_runner.py:234} INFO - Task exited with return code 1
[2025-02-27T09:50:09.947+0000] {taskinstance.py:3280} INFO - 0 downstream tasks scheduled from follow-on schedule check
[2025-02-27T09:54:25.967+0000] {taskinstance.py:1956} INFO - Dependencies all met for dep_context=non-requeueable deps ti=<TaskInstance: 3_4_2_homework_assignment.transform_data_task scheduled__2024-01-03T00:00:00+00:00 [queued]>
[2025-02-27T09:54:25.973+0000] {taskinstance.py:1956} INFO - Dependencies all met for dep_context=requeueable deps ti=<TaskInstance: 3_4_2_homework_assignment.transform_data_task scheduled__2024-01-03T00:00:00+00:00 [queued]>
[2025-02-27T09:54:25.973+0000] {taskinstance.py:2170} INFO - Starting attempt 1 of 1
[2025-02-27T09:54:25.983+0000] {taskinstance.py:2191} INFO - Executing <Task(PythonOperator): transform_data_task> on 2024-01-03 00:00:00+00:00
[2025-02-27T09:54:25.989+0000] {standard_task_runner.py:60} INFO - Started process 2769 to run task
[2025-02-27T09:54:25.991+0000] {standard_task_runner.py:87} INFO - Running: ['airflow', 'tasks', 'run', '3_4_2_homework_assignment', 'transform_data_task', 'scheduled__2024-01-03T00:00:00+00:00', '--job-id', '9', '--raw', '--subdir', 'DAGS_FOLDER/3_4_2_homework_assignment.py', '--cfg-path', '/tmp/tmpz1hkk4fs']
[2025-02-27T09:54:25.992+0000] {standard_task_runner.py:88} INFO - Job 9: Subtask transform_data_task
[2025-02-27T09:54:26.018+0000] {task_command.py:423} INFO - Running <TaskInstance: 3_4_2_homework_assignment.transform_data_task scheduled__2024-01-03T00:00:00+00:00 [running]> on host ea5964584459
[2025-02-27T09:54:26.060+0000] {taskinstance.py:2480} INFO - Exporting env vars: AIRFLOW_CTX_DAG_OWNER='airflow' AIRFLOW_CTX_DAG_ID='3_4_2_homework_assignment' AIRFLOW_CTX_TASK_ID='transform_data_task' AIRFLOW_CTX_EXECUTION_DATE='2024-01-03T00:00:00+00:00' AIRFLOW_CTX_TRY_NUMBER='1' AIRFLOW_CTX_DAG_RUN_ID='scheduled__2024-01-03T00:00:00+00:00'
[2025-02-27T09:54:26.061+0000] {taskinstance.py:2698} ERROR - Task failed with exception
Traceback (most recent call last):
  File "/home/airflow/.local/lib/python3.9/site-packages/airflow/models/taskinstance.py", line 433, in _execute_task
    result = execute_callable(context=context, **execute_callable_kwargs)
  File "/home/airflow/.local/lib/python3.9/site-packages/airflow/operators/python.py", line 199, in execute
    return_value = self.execute_callable()
  File "/home/airflow/.local/lib/python3.9/site-packages/airflow/operators/python.py", line 216, in execute_callable
    return self.python_callable(*self.op_args, **self.op_kwargs)
  File "/opt/airflow/dags/3_4_2_homework_assignment.py", line 67, in transform_data
    raise KeyError(f"Ключ '{key}' отсутствует в JSON-файле: {s_file}")
KeyError: "Ключ 'source' отсутствует в JSON-файле: extracted_data.json"
[2025-02-27T09:54:26.065+0000] {taskinstance.py:1138} INFO - Marking task as FAILED. dag_id=3_4_2_homework_assignment, task_id=transform_data_task, execution_date=20240103T000000, start_date=20250227T095425, end_date=20250227T095426
[2025-02-27T09:54:26.073+0000] {standard_task_runner.py:107} ERROR - Failed to execute job 9 for task transform_data_task ("Ключ 'source' отсутствует в JSON-файле: extracted_data.json"; 2769)
[2025-02-27T09:54:26.084+0000] {local_task_job_runner.py:234} INFO - Task exited with return code 1
[2025-02-27T09:54:26.093+0000] {taskinstance.py:3280} INFO - 0 downstream tasks scheduled from follow-on schedule check
[2025-02-27T10:06:16.738+0000] {taskinstance.py:1956} INFO - Dependencies all met for dep_context=non-requeueable deps ti=<TaskInstance: 3_4_2_homework_assignment.transform_data_task scheduled__2024-01-03T00:00:00+00:00 [queued]>
[2025-02-27T10:06:16.742+0000] {taskinstance.py:1956} INFO - Dependencies all met for dep_context=requeueable deps ti=<TaskInstance: 3_4_2_homework_assignment.transform_data_task scheduled__2024-01-03T00:00:00+00:00 [queued]>
[2025-02-27T10:06:16.743+0000] {taskinstance.py:2170} INFO - Starting attempt 1 of 1
[2025-02-27T10:06:16.753+0000] {taskinstance.py:2191} INFO - Executing <Task(PythonOperator): transform_data_task> on 2024-01-03 00:00:00+00:00
[2025-02-27T10:06:16.758+0000] {standard_task_runner.py:60} INFO - Started process 3413 to run task
[2025-02-27T10:06:16.760+0000] {standard_task_runner.py:87} INFO - Running: ['airflow', 'tasks', 'run', '3_4_2_homework_assignment', 'transform_data_task', 'scheduled__2024-01-03T00:00:00+00:00', '--job-id', '9', '--raw', '--subdir', 'DAGS_FOLDER/3_4_2_homework_assignment.py', '--cfg-path', '/tmp/tmpjz9nyf54']
[2025-02-27T10:06:16.761+0000] {standard_task_runner.py:88} INFO - Job 9: Subtask transform_data_task
[2025-02-27T10:06:16.787+0000] {task_command.py:423} INFO - Running <TaskInstance: 3_4_2_homework_assignment.transform_data_task scheduled__2024-01-03T00:00:00+00:00 [running]> on host ea5964584459
[2025-02-27T10:06:16.830+0000] {taskinstance.py:2480} INFO - Exporting env vars: AIRFLOW_CTX_DAG_OWNER='airflow' AIRFLOW_CTX_DAG_ID='3_4_2_homework_assignment' AIRFLOW_CTX_TASK_ID='transform_data_task' AIRFLOW_CTX_EXECUTION_DATE='2024-01-03T00:00:00+00:00' AIRFLOW_CTX_TRY_NUMBER='1' AIRFLOW_CTX_DAG_RUN_ID='scheduled__2024-01-03T00:00:00+00:00'
[2025-02-27T10:06:16.832+0000] {taskinstance.py:2698} ERROR - Task failed with exception
Traceback (most recent call last):
  File "/home/airflow/.local/lib/python3.9/site-packages/airflow/models/taskinstance.py", line 433, in _execute_task
    result = execute_callable(context=context, **execute_callable_kwargs)
  File "/home/airflow/.local/lib/python3.9/site-packages/airflow/operators/python.py", line 199, in execute
    return_value = self.execute_callable()
  File "/home/airflow/.local/lib/python3.9/site-packages/airflow/operators/python.py", line 216, in execute_callable
    return self.python_callable(*self.op_args, **self.op_kwargs)
  File "/opt/airflow/dags/3_4_2_homework_assignment.py", line 61, in transform_data
    raise KeyError(f"Ключ '{key}' отсутствует в JSON-файле: {s_file}")
KeyError: "Ключ 'source' отсутствует в JSON-файле: extracted_data.json"
[2025-02-27T10:06:16.836+0000] {taskinstance.py:1138} INFO - Marking task as FAILED. dag_id=3_4_2_homework_assignment, task_id=transform_data_task, execution_date=20240103T000000, start_date=20250227T100616, end_date=20250227T100616
[2025-02-27T10:06:16.844+0000] {standard_task_runner.py:107} ERROR - Failed to execute job 9 for task transform_data_task ("Ключ 'source' отсутствует в JSON-файле: extracted_data.json"; 3413)
[2025-02-27T10:06:16.853+0000] {local_task_job_runner.py:234} INFO - Task exited with return code 1
[2025-02-27T10:06:16.863+0000] {taskinstance.py:3280} INFO - 0 downstream tasks scheduled from follow-on schedule check
[2025-02-27T10:12:12.093+0000] {taskinstance.py:1956} INFO - Dependencies all met for dep_context=non-requeueable deps ti=<TaskInstance: 3_4_2_homework_assignment.transform_data_task scheduled__2024-01-03T00:00:00+00:00 [queued]>
[2025-02-27T10:12:12.098+0000] {taskinstance.py:1956} INFO - Dependencies all met for dep_context=requeueable deps ti=<TaskInstance: 3_4_2_homework_assignment.transform_data_task scheduled__2024-01-03T00:00:00+00:00 [queued]>
[2025-02-27T10:12:12.098+0000] {taskinstance.py:2170} INFO - Starting attempt 1 of 1
[2025-02-27T10:12:12.109+0000] {taskinstance.py:2191} INFO - Executing <Task(PythonOperator): transform_data_task> on 2024-01-03 00:00:00+00:00
[2025-02-27T10:12:12.114+0000] {standard_task_runner.py:60} INFO - Started process 4024 to run task
[2025-02-27T10:12:12.116+0000] {standard_task_runner.py:87} INFO - Running: ['airflow', 'tasks', 'run', '3_4_2_homework_assignment', 'transform_data_task', 'scheduled__2024-01-03T00:00:00+00:00', '--job-id', '7', '--raw', '--subdir', 'DAGS_FOLDER/3_4_2_homework_assignment.py', '--cfg-path', '/tmp/tmpzstzxi8s']
[2025-02-27T10:12:12.117+0000] {standard_task_runner.py:88} INFO - Job 7: Subtask transform_data_task
[2025-02-27T10:12:12.144+0000] {task_command.py:423} INFO - Running <TaskInstance: 3_4_2_homework_assignment.transform_data_task scheduled__2024-01-03T00:00:00+00:00 [running]> on host ea5964584459
[2025-02-27T10:12:12.185+0000] {taskinstance.py:2480} INFO - Exporting env vars: AIRFLOW_CTX_DAG_OWNER='airflow' AIRFLOW_CTX_DAG_ID='3_4_2_homework_assignment' AIRFLOW_CTX_TASK_ID='transform_data_task' AIRFLOW_CTX_EXECUTION_DATE='2024-01-03T00:00:00+00:00' AIRFLOW_CTX_TRY_NUMBER='1' AIRFLOW_CTX_DAG_RUN_ID='scheduled__2024-01-03T00:00:00+00:00'
[2025-02-27T10:12:12.187+0000] {taskinstance.py:2698} ERROR - Task failed with exception
Traceback (most recent call last):
  File "/home/airflow/.local/lib/python3.9/site-packages/airflow/models/taskinstance.py", line 433, in _execute_task
    result = execute_callable(context=context, **execute_callable_kwargs)
  File "/home/airflow/.local/lib/python3.9/site-packages/airflow/operators/python.py", line 199, in execute
    return_value = self.execute_callable()
  File "/home/airflow/.local/lib/python3.9/site-packages/airflow/operators/python.py", line 216, in execute_callable
    return self.python_callable(*self.op_args, **self.op_kwargs)
  File "/opt/airflow/dags/3_4_2_homework_assignment.py", line 62, in transform_data
    raise KeyError(f"Ключ '{key}' отсутствует в JSON-файле: {s_file}")
KeyError: "Ключ 'source' отсутствует в JSON-файле: extracted_data.json"
[2025-02-27T10:12:12.199+0000] {taskinstance.py:1138} INFO - Marking task as FAILED. dag_id=3_4_2_homework_assignment, task_id=transform_data_task, execution_date=20240103T000000, start_date=20250227T101212, end_date=20250227T101212
[2025-02-27T10:12:12.209+0000] {standard_task_runner.py:107} ERROR - Failed to execute job 7 for task transform_data_task ("Ключ 'source' отсутствует в JSON-файле: extracted_data.json"; 4024)
[2025-02-27T10:12:12.249+0000] {local_task_job_runner.py:234} INFO - Task exited with return code 1
[2025-02-27T10:12:12.257+0000] {taskinstance.py:3280} INFO - 0 downstream tasks scheduled from follow-on schedule check
[2025-02-27T10:13:58.875+0000] {taskinstance.py:1956} INFO - Dependencies all met for dep_context=non-requeueable deps ti=<TaskInstance: 3_4_2_homework_assignment.transform_data_task scheduled__2024-01-03T00:00:00+00:00 [queued]>
[2025-02-27T10:13:58.879+0000] {taskinstance.py:1956} INFO - Dependencies all met for dep_context=requeueable deps ti=<TaskInstance: 3_4_2_homework_assignment.transform_data_task scheduled__2024-01-03T00:00:00+00:00 [queued]>
[2025-02-27T10:13:58.880+0000] {taskinstance.py:2170} INFO - Starting attempt 1 of 1
[2025-02-27T10:13:58.890+0000] {taskinstance.py:2191} INFO - Executing <Task(PythonOperator): transform_data_task> on 2024-01-03 00:00:00+00:00
[2025-02-27T10:13:58.895+0000] {standard_task_runner.py:60} INFO - Started process 4308 to run task
[2025-02-27T10:13:58.898+0000] {standard_task_runner.py:87} INFO - Running: ['airflow', 'tasks', 'run', '3_4_2_homework_assignment', 'transform_data_task', 'scheduled__2024-01-03T00:00:00+00:00', '--job-id', '9', '--raw', '--subdir', 'DAGS_FOLDER/3_4_2_homework_assignment.py', '--cfg-path', '/tmp/tmpn7xmy6zz']
[2025-02-27T10:13:58.900+0000] {standard_task_runner.py:88} INFO - Job 9: Subtask transform_data_task
[2025-02-27T10:13:58.926+0000] {task_command.py:423} INFO - Running <TaskInstance: 3_4_2_homework_assignment.transform_data_task scheduled__2024-01-03T00:00:00+00:00 [running]> on host ea5964584459
[2025-02-27T10:13:58.967+0000] {taskinstance.py:2480} INFO - Exporting env vars: AIRFLOW_CTX_DAG_OWNER='airflow' AIRFLOW_CTX_DAG_ID='3_4_2_homework_assignment' AIRFLOW_CTX_TASK_ID='transform_data_task' AIRFLOW_CTX_EXECUTION_DATE='2024-01-03T00:00:00+00:00' AIRFLOW_CTX_TRY_NUMBER='1' AIRFLOW_CTX_DAG_RUN_ID='scheduled__2024-01-03T00:00:00+00:00'
[2025-02-27T10:13:58.969+0000] {python.py:201} INFO - Done. Returned value was: None
[2025-02-27T10:13:58.972+0000] {taskinstance.py:1138} INFO - Marking task as SUCCESS. dag_id=3_4_2_homework_assignment, task_id=transform_data_task, execution_date=20240103T000000, start_date=20250227T101358, end_date=20250227T101358
[2025-02-27T10:13:58.991+0000] {local_task_job_runner.py:234} INFO - Task exited with return code 0
[2025-02-27T10:13:59.000+0000] {taskinstance.py:3280} INFO - 0 downstream tasks scheduled from follow-on schedule check
[2025-02-27T10:19:12.868+0000] {taskinstance.py:1956} INFO - Dependencies all met for dep_context=non-requeueable deps ti=<TaskInstance: 3_4_2_homework_assignment.transform_data_task scheduled__2024-01-03T00:00:00+00:00 [queued]>
[2025-02-27T10:19:12.873+0000] {taskinstance.py:1956} INFO - Dependencies all met for dep_context=requeueable deps ti=<TaskInstance: 3_4_2_homework_assignment.transform_data_task scheduled__2024-01-03T00:00:00+00:00 [queued]>
[2025-02-27T10:19:12.873+0000] {taskinstance.py:2170} INFO - Starting attempt 1 of 1
[2025-02-27T10:19:12.884+0000] {taskinstance.py:2191} INFO - Executing <Task(PythonOperator): transform_data_task> on 2024-01-03 00:00:00+00:00
[2025-02-27T10:19:12.889+0000] {standard_task_runner.py:60} INFO - Started process 4901 to run task
[2025-02-27T10:19:12.891+0000] {standard_task_runner.py:87} INFO - Running: ['airflow', 'tasks', 'run', '3_4_2_homework_assignment', 'transform_data_task', 'scheduled__2024-01-03T00:00:00+00:00', '--job-id', '9', '--raw', '--subdir', 'DAGS_FOLDER/3_4_2_homework_assignment.py', '--cfg-path', '/tmp/tmpr692hbf9']
[2025-02-27T10:19:12.893+0000] {standard_task_runner.py:88} INFO - Job 9: Subtask transform_data_task
[2025-02-27T10:19:12.918+0000] {task_command.py:423} INFO - Running <TaskInstance: 3_4_2_homework_assignment.transform_data_task scheduled__2024-01-03T00:00:00+00:00 [running]> on host ea5964584459
[2025-02-27T10:19:12.956+0000] {taskinstance.py:2480} INFO - Exporting env vars: AIRFLOW_CTX_DAG_OWNER='airflow' AIRFLOW_CTX_DAG_ID='3_4_2_homework_assignment' AIRFLOW_CTX_TASK_ID='transform_data_task' AIRFLOW_CTX_EXECUTION_DATE='2024-01-03T00:00:00+00:00' AIRFLOW_CTX_TRY_NUMBER='1' AIRFLOW_CTX_DAG_RUN_ID='scheduled__2024-01-03T00:00:00+00:00'
[2025-02-27T10:19:12.958+0000] {python.py:201} INFO - Done. Returned value was: None
[2025-02-27T10:19:12.961+0000] {taskinstance.py:1138} INFO - Marking task as SUCCESS. dag_id=3_4_2_homework_assignment, task_id=transform_data_task, execution_date=20240103T000000, start_date=20250227T101912, end_date=20250227T101912
[2025-02-27T10:19:12.985+0000] {local_task_job_runner.py:234} INFO - Task exited with return code 0
[2025-02-27T10:23:50.102+0000] {taskinstance.py:1956} INFO - Dependencies all met for dep_context=non-requeueable deps ti=<TaskInstance: 3_4_2_homework_assignment.transform_data_task scheduled__2024-01-03T00:00:00+00:00 [queued]>
[2025-02-27T10:23:50.107+0000] {taskinstance.py:1956} INFO - Dependencies all met for dep_context=requeueable deps ti=<TaskInstance: 3_4_2_homework_assignment.transform_data_task scheduled__2024-01-03T00:00:00+00:00 [queued]>
[2025-02-27T10:23:50.108+0000] {taskinstance.py:2170} INFO - Starting attempt 1 of 1
[2025-02-27T10:23:50.120+0000] {taskinstance.py:2191} INFO - Executing <Task(PythonOperator): transform_data_task> on 2024-01-03 00:00:00+00:00
[2025-02-27T10:23:50.127+0000] {standard_task_runner.py:60} INFO - Started process 5350 to run task
[2025-02-27T10:23:50.130+0000] {standard_task_runner.py:87} INFO - Running: ['airflow', 'tasks', 'run', '3_4_2_homework_assignment', 'transform_data_task', 'scheduled__2024-01-03T00:00:00+00:00', '--job-id', '9', '--raw', '--subdir', 'DAGS_FOLDER/3_4_2_homework_assignment.py', '--cfg-path', '/tmp/tmpcl7fyno_']
[2025-02-27T10:23:50.131+0000] {standard_task_runner.py:88} INFO - Job 9: Subtask transform_data_task
[2025-02-27T10:23:50.160+0000] {task_command.py:423} INFO - Running <TaskInstance: 3_4_2_homework_assignment.transform_data_task scheduled__2024-01-03T00:00:00+00:00 [running]> on host ea5964584459
[2025-02-27T10:23:50.201+0000] {taskinstance.py:2480} INFO - Exporting env vars: AIRFLOW_CTX_DAG_OWNER='airflow' AIRFLOW_CTX_DAG_ID='3_4_2_homework_assignment' AIRFLOW_CTX_TASK_ID='transform_data_task' AIRFLOW_CTX_EXECUTION_DATE='2024-01-03T00:00:00+00:00' AIRFLOW_CTX_TRY_NUMBER='1' AIRFLOW_CTX_DAG_RUN_ID='scheduled__2024-01-03T00:00:00+00:00'
[2025-02-27T10:23:50.202+0000] {python.py:201} INFO - Done. Returned value was: None
[2025-02-27T10:23:50.206+0000] {taskinstance.py:1138} INFO - Marking task as SUCCESS. dag_id=3_4_2_homework_assignment, task_id=transform_data_task, execution_date=20240103T000000, start_date=20250227T102350, end_date=20250227T102350
[2025-02-27T10:23:50.265+0000] {local_task_job_runner.py:234} INFO - Task exited with return code 0
[2025-02-27T10:26:38.786+0000] {taskinstance.py:1956} INFO - Dependencies all met for dep_context=non-requeueable deps ti=<TaskInstance: 3_4_2_homework_assignment.transform_data_task scheduled__2024-01-03T00:00:00+00:00 [queued]>
[2025-02-27T10:26:38.791+0000] {taskinstance.py:1956} INFO - Dependencies all met for dep_context=requeueable deps ti=<TaskInstance: 3_4_2_homework_assignment.transform_data_task scheduled__2024-01-03T00:00:00+00:00 [queued]>
[2025-02-27T10:26:38.792+0000] {taskinstance.py:2170} INFO - Starting attempt 1 of 1
[2025-02-27T10:26:38.808+0000] {taskinstance.py:2191} INFO - Executing <Task(PythonOperator): transform_data_task> on 2024-01-03 00:00:00+00:00
[2025-02-27T10:26:38.813+0000] {standard_task_runner.py:60} INFO - Started process 5643 to run task
[2025-02-27T10:26:38.816+0000] {standard_task_runner.py:87} INFO - Running: ['airflow', 'tasks', 'run', '3_4_2_homework_assignment', 'transform_data_task', 'scheduled__2024-01-03T00:00:00+00:00', '--job-id', '9', '--raw', '--subdir', 'DAGS_FOLDER/3_4_2_homework_assignment.py', '--cfg-path', '/tmp/tmp7zsbcius']
[2025-02-27T10:26:38.818+0000] {standard_task_runner.py:88} INFO - Job 9: Subtask transform_data_task
[2025-02-27T10:26:38.849+0000] {task_command.py:423} INFO - Running <TaskInstance: 3_4_2_homework_assignment.transform_data_task scheduled__2024-01-03T00:00:00+00:00 [running]> on host ea5964584459
[2025-02-27T10:26:38.896+0000] {taskinstance.py:2480} INFO - Exporting env vars: AIRFLOW_CTX_DAG_OWNER='airflow' AIRFLOW_CTX_DAG_ID='3_4_2_homework_assignment' AIRFLOW_CTX_TASK_ID='transform_data_task' AIRFLOW_CTX_EXECUTION_DATE='2024-01-03T00:00:00+00:00' AIRFLOW_CTX_TRY_NUMBER='1' AIRFLOW_CTX_DAG_RUN_ID='scheduled__2024-01-03T00:00:00+00:00'
[2025-02-27T10:26:38.898+0000] {python.py:201} INFO - Done. Returned value was: None
[2025-02-27T10:26:38.903+0000] {taskinstance.py:1138} INFO - Marking task as SUCCESS. dag_id=3_4_2_homework_assignment, task_id=transform_data_task, execution_date=20240103T000000, start_date=20250227T102638, end_date=20250227T102638
[2025-02-27T10:26:38.950+0000] {local_task_job_runner.py:234} INFO - Task exited with return code 0
[2025-02-27T10:35:01.283+0000] {taskinstance.py:1956} INFO - Dependencies all met for dep_context=non-requeueable deps ti=<TaskInstance: 3_4_2_homework_assignment.transform_data_task scheduled__2024-01-03T00:00:00+00:00 [queued]>
[2025-02-27T10:35:01.287+0000] {taskinstance.py:1956} INFO - Dependencies all met for dep_context=requeueable deps ti=<TaskInstance: 3_4_2_homework_assignment.transform_data_task scheduled__2024-01-03T00:00:00+00:00 [queued]>
[2025-02-27T10:35:01.288+0000] {taskinstance.py:2170} INFO - Starting attempt 1 of 1
[2025-02-27T10:35:01.298+0000] {taskinstance.py:2191} INFO - Executing <Task(PythonOperator): transform_data_task> on 2024-01-03 00:00:00+00:00
[2025-02-27T10:35:01.303+0000] {standard_task_runner.py:60} INFO - Started process 6303 to run task
[2025-02-27T10:35:01.305+0000] {standard_task_runner.py:87} INFO - Running: ['airflow', 'tasks', 'run', '3_4_2_homework_assignment', 'transform_data_task', 'scheduled__2024-01-03T00:00:00+00:00', '--job-id', '9', '--raw', '--subdir', 'DAGS_FOLDER/3_4_2_homework_assignment.py', '--cfg-path', '/tmp/tmpuyy310qf']
[2025-02-27T10:35:01.307+0000] {standard_task_runner.py:88} INFO - Job 9: Subtask transform_data_task
[2025-02-27T10:35:01.332+0000] {task_command.py:423} INFO - Running <TaskInstance: 3_4_2_homework_assignment.transform_data_task scheduled__2024-01-03T00:00:00+00:00 [running]> on host ea5964584459
[2025-02-27T10:35:01.370+0000] {taskinstance.py:2480} INFO - Exporting env vars: AIRFLOW_CTX_DAG_OWNER='airflow' AIRFLOW_CTX_DAG_ID='3_4_2_homework_assignment' AIRFLOW_CTX_TASK_ID='transform_data_task' AIRFLOW_CTX_EXECUTION_DATE='2024-01-03T00:00:00+00:00' AIRFLOW_CTX_TRY_NUMBER='1' AIRFLOW_CTX_DAG_RUN_ID='scheduled__2024-01-03T00:00:00+00:00'
[2025-02-27T10:35:01.372+0000] {3_4_2_homework_assignment.py:84} INFO - USD,AED,3.672801,2024-01-03

[2025-02-27T10:35:01.372+0000] {3_4_2_homework_assignment.py:84} INFO - USD,AFN,69.999846,2024-01-03

[2025-02-27T10:35:01.373+0000] {3_4_2_homework_assignment.py:84} INFO - USD,ALL,94.190244,2024-01-03

[2025-02-27T10:35:01.373+0000] {3_4_2_homework_assignment.py:84} INFO - USD,AMD,405.280256,2024-01-03

[2025-02-27T10:35:01.373+0000] {3_4_2_homework_assignment.py:84} INFO - USD,ANG,1.800681,2024-01-03

[2025-02-27T10:35:01.373+0000] {3_4_2_homework_assignment.py:84} INFO - USD,AOA,832.505328,2024-01-03

[2025-02-27T10:35:01.373+0000] {3_4_2_homework_assignment.py:84} INFO - USD,ARS,810.626413,2024-01-03

[2025-02-27T10:35:01.374+0000] {3_4_2_homework_assignment.py:84} INFO - USD,AUD,1.48478,2024-01-03

[2025-02-27T10:35:01.374+0000] {3_4_2_homework_assignment.py:84} INFO - USD,AWG,1.8025,2024-01-03

[2025-02-27T10:35:01.374+0000] {3_4_2_homework_assignment.py:84} INFO - USD,AZN,1.692751,2024-01-03

[2025-02-27T10:35:01.374+0000] {3_4_2_homework_assignment.py:84} INFO - USD,BAM,1.789403,2024-01-03

[2025-02-27T10:35:01.374+0000] {3_4_2_homework_assignment.py:84} INFO - USD,BBD,2.017256,2024-01-03

[2025-02-27T10:35:01.375+0000] {3_4_2_homework_assignment.py:84} INFO - USD,BDT,109.646193,2024-01-03

[2025-02-27T10:35:01.375+0000] {3_4_2_homework_assignment.py:84} INFO - USD,BGN,1.789901,2024-01-03

[2025-02-27T10:35:01.375+0000] {3_4_2_homework_assignment.py:84} INFO - USD,BHD,0.376778,2024-01-03

[2025-02-27T10:35:01.375+0000] {3_4_2_homework_assignment.py:84} INFO - USD,BIF,2855.0,2024-01-03

[2025-02-27T10:35:01.375+0000] {3_4_2_homework_assignment.py:84} INFO - USD,BMD,1.0,2024-01-03

[2025-02-27T10:35:01.376+0000] {3_4_2_homework_assignment.py:84} INFO - USD,BND,1.327179,2024-01-03

[2025-02-27T10:35:01.376+0000] {3_4_2_homework_assignment.py:84} INFO - USD,BOB,6.903209,2024-01-03

[2025-02-27T10:35:01.376+0000] {3_4_2_homework_assignment.py:84} INFO - USD,BRL,4.920701,2024-01-03

[2025-02-27T10:35:01.376+0000] {3_4_2_homework_assignment.py:84} INFO - USD,BSD,0.999021,2024-01-03

[2025-02-27T10:35:01.376+0000] {3_4_2_homework_assignment.py:84} INFO - USD,BTC,2.3353345e-05,2024-01-03

[2025-02-27T10:35:01.376+0000] {3_4_2_homework_assignment.py:84} INFO - USD,BTN,83.500005,2024-01-03

[2025-02-27T10:35:01.376+0000] {3_4_2_homework_assignment.py:84} INFO - USD,BWP,13.555848,2024-01-03

[2025-02-27T10:35:01.377+0000] {3_4_2_homework_assignment.py:84} INFO - USD,BYN,3.298993,2024-01-03

[2025-02-27T10:35:01.377+0000] {3_4_2_homework_assignment.py:84} INFO - USD,BYR,19600.0,2024-01-03

[2025-02-27T10:35:01.377+0000] {3_4_2_homework_assignment.py:84} INFO - USD,BZD,2.013871,2024-01-03

[2025-02-27T10:35:01.377+0000] {3_4_2_homework_assignment.py:84} INFO - USD,CAD,1.334835,2024-01-03

[2025-02-27T10:35:01.377+0000] {3_4_2_homework_assignment.py:84} INFO - USD,CDF,2680.000096,2024-01-03

[2025-02-27T10:35:01.377+0000] {3_4_2_homework_assignment.py:84} INFO - USD,CHF,0.849104,2024-01-03

[2025-02-27T10:35:01.378+0000] {3_4_2_homework_assignment.py:84} INFO - USD,CLF,0.031973,2024-01-03

[2025-02-27T10:35:01.378+0000] {3_4_2_homework_assignment.py:84} INFO - USD,CLP,882.230165,2024-01-03

[2025-02-27T10:35:01.378+0000] {3_4_2_homework_assignment.py:84} INFO - USD,CNY,7.108903,2024-01-03

[2025-02-27T10:35:01.378+0000] {3_4_2_homework_assignment.py:84} INFO - USD,COP,3898.5,2024-01-03

[2025-02-27T10:35:01.378+0000] {3_4_2_homework_assignment.py:84} INFO - USD,CRC,519.135932,2024-01-03

[2025-02-27T10:35:01.378+0000] {3_4_2_homework_assignment.py:84} INFO - USD,CUC,1.0,2024-01-03

[2025-02-27T10:35:01.378+0000] {3_4_2_homework_assignment.py:84} INFO - USD,CUP,26.5,2024-01-03

[2025-02-27T10:35:01.379+0000] {3_4_2_homework_assignment.py:84} INFO - USD,CVE,101.149944,2024-01-03

[2025-02-27T10:35:01.379+0000] {3_4_2_homework_assignment.py:84} INFO - USD,CZK,22.575697,2024-01-03

[2025-02-27T10:35:01.379+0000] {3_4_2_homework_assignment.py:84} INFO - USD,DJF,177.720103,2024-01-03

[2025-02-27T10:35:01.379+0000] {3_4_2_homework_assignment.py:84} INFO - USD,DKK,6.826765,2024-01-03

[2025-02-27T10:35:01.379+0000] {3_4_2_homework_assignment.py:84} INFO - USD,DOP,57.920401,2024-01-03

[2025-02-27T10:35:01.379+0000] {3_4_2_homework_assignment.py:84} INFO - USD,DZD,134.705001,2024-01-03

[2025-02-27T10:35:01.380+0000] {3_4_2_homework_assignment.py:84} INFO - USD,EGP,30.928602,2024-01-03

[2025-02-27T10:35:01.380+0000] {3_4_2_homework_assignment.py:84} INFO - USD,ERN,15.0,2024-01-03

[2025-02-27T10:35:01.380+0000] {3_4_2_homework_assignment.py:84} INFO - USD,ETB,56.217366,2024-01-03

[2025-02-27T10:35:01.380+0000] {3_4_2_homework_assignment.py:84} INFO - USD,EUR,0.9152,2024-01-03

[2025-02-27T10:35:01.380+0000] {3_4_2_homework_assignment.py:84} INFO - USD,FJD,2.234199,2024-01-03

[2025-02-27T10:35:01.380+0000] {3_4_2_homework_assignment.py:84} INFO - USD,FKP,0.791691,2024-01-03

[2025-02-27T10:35:01.381+0000] {3_4_2_homework_assignment.py:84} INFO - USD,GBP,0.78905,2024-01-03

[2025-02-27T10:35:01.381+0000] {3_4_2_homework_assignment.py:84} INFO - USD,GEL,2.680003,2024-01-03

[2025-02-27T10:35:01.381+0000] {3_4_2_homework_assignment.py:84} INFO - USD,GGP,0.791691,2024-01-03

[2025-02-27T10:35:01.381+0000] {3_4_2_homework_assignment.py:84} INFO - USD,GHS,11.950099,2024-01-03

[2025-02-27T10:35:01.381+0000] {3_4_2_homework_assignment.py:84} INFO - USD,GIP,0.791691,2024-01-03

[2025-02-27T10:35:01.381+0000] {3_4_2_homework_assignment.py:84} INFO - USD,GMD,67.224974,2024-01-03

[2025-02-27T10:35:01.382+0000] {3_4_2_homework_assignment.py:84} INFO - USD,GNF,8599.999588,2024-01-03

[2025-02-27T10:35:01.382+0000] {3_4_2_homework_assignment.py:84} INFO - USD,GTQ,7.81576,2024-01-03

[2025-02-27T10:35:01.382+0000] {3_4_2_homework_assignment.py:84} INFO - USD,GYD,209.18232,2024-01-03

[2025-02-27T10:35:01.382+0000] {3_4_2_homework_assignment.py:84} INFO - USD,HKD,7.80755,2024-01-03

[2025-02-27T10:35:01.382+0000] {3_4_2_homework_assignment.py:84} INFO - USD,HNL,24.749774,2024-01-03

[2025-02-27T10:35:01.383+0000] {3_4_2_homework_assignment.py:84} INFO - USD,HRK,6.98177,2024-01-03

[2025-02-27T10:35:01.383+0000] {3_4_2_homework_assignment.py:84} INFO - USD,HTG,131.745567,2024-01-03

[2025-02-27T10:35:01.383+0000] {3_4_2_homework_assignment.py:84} INFO - USD,HUF,348.284946,2024-01-03

[2025-02-27T10:35:01.383+0000] {3_4_2_homework_assignment.py:84} INFO - USD,IDR,15562.0,2024-01-03

[2025-02-27T10:35:01.383+0000] {3_4_2_homework_assignment.py:84} INFO - USD,ILS,3.657315,2024-01-03

[2025-02-27T10:35:01.383+0000] {3_4_2_homework_assignment.py:84} INFO - USD,IMP,0.791691,2024-01-03

[2025-02-27T10:35:01.384+0000] {3_4_2_homework_assignment.py:84} INFO - USD,INR,83.31835,2024-01-03

[2025-02-27T10:35:01.384+0000] {3_4_2_homework_assignment.py:84} INFO - USD,IQD,1310.0,2024-01-03

[2025-02-27T10:35:01.384+0000] {3_4_2_homework_assignment.py:84} INFO - USD,IRR,42060.000212,2024-01-03

[2025-02-27T10:35:01.384+0000] {3_4_2_homework_assignment.py:84} INFO - USD,ISK,137.929749,2024-01-03

[2025-02-27T10:35:01.384+0000] {3_4_2_homework_assignment.py:84} INFO - USD,JEP,0.791691,2024-01-03

[2025-02-27T10:35:01.385+0000] {3_4_2_homework_assignment.py:84} INFO - USD,JMD,154.168497,2024-01-03

[2025-02-27T10:35:01.385+0000] {3_4_2_homework_assignment.py:84} INFO - USD,JOD,0.709506,2024-01-03

[2025-02-27T10:35:01.385+0000] {3_4_2_homework_assignment.py:84} INFO - USD,JPY,143.000499,2024-01-03

[2025-02-27T10:35:01.385+0000] {3_4_2_homework_assignment.py:84} INFO - USD,KES,157.349979,2024-01-03

[2025-02-27T10:35:01.385+0000] {3_4_2_homework_assignment.py:84} INFO - USD,KGS,89.0853,2024-01-03

[2025-02-27T10:35:01.385+0000] {3_4_2_homework_assignment.py:84} INFO - USD,KHR,4089.999765,2024-01-03

[2025-02-27T10:35:01.386+0000] {3_4_2_homework_assignment.py:84} INFO - USD,KMF,450.499783,2024-01-03

[2025-02-27T10:35:01.386+0000] {3_4_2_homework_assignment.py:84} INFO - USD,KPW,900.03902,2024-01-03

[2025-02-27T10:35:01.386+0000] {3_4_2_homework_assignment.py:84} INFO - USD,KRW,1310.255027,2024-01-03

[2025-02-27T10:35:01.386+0000] {3_4_2_homework_assignment.py:84} INFO - USD,KWD,0.30752,2024-01-03

[2025-02-27T10:35:01.386+0000] {3_4_2_homework_assignment.py:84} INFO - USD,KYD,0.832601,2024-01-03

[2025-02-27T10:35:01.387+0000] {3_4_2_homework_assignment.py:84} INFO - USD,KZT,457.160634,2024-01-03

[2025-02-27T10:35:01.387+0000] {3_4_2_homework_assignment.py:84} INFO - USD,LAK,20562.495518,2024-01-03

[2025-02-27T10:35:01.387+0000] {3_4_2_homework_assignment.py:84} INFO - USD,LBP,15062.49719,2024-01-03

[2025-02-27T10:35:01.387+0000] {3_4_2_homework_assignment.py:84} INFO - USD,LKR,322.719953,2024-01-03

[2025-02-27T10:35:01.387+0000] {3_4_2_homework_assignment.py:84} INFO - USD,LRD,188.498362,2024-01-03

[2025-02-27T10:35:01.387+0000] {3_4_2_homework_assignment.py:84} INFO - USD,LSL,18.569619,2024-01-03

[2025-02-27T10:35:01.388+0000] {3_4_2_homework_assignment.py:84} INFO - USD,LTL,2.95274,2024-01-03

[2025-02-27T10:35:01.388+0000] {3_4_2_homework_assignment.py:84} INFO - USD,LVL,0.60489,2024-01-03

[2025-02-27T10:35:01.388+0000] {3_4_2_homework_assignment.py:84} INFO - USD,LYD,4.774981,2024-01-03

[2025-02-27T10:35:01.388+0000] {3_4_2_homework_assignment.py:84} INFO - USD,MAD,9.928971,2024-01-03

[2025-02-27T10:35:01.388+0000] {3_4_2_homework_assignment.py:84} INFO - USD,MDL,17.554165,2024-01-03

[2025-02-27T10:35:01.388+0000] {3_4_2_homework_assignment.py:84} INFO - USD,MGA,4590.000311,2024-01-03

[2025-02-27T10:35:01.389+0000] {3_4_2_homework_assignment.py:84} INFO - USD,MKD,56.408496,2024-01-03

[2025-02-27T10:35:01.389+0000] {3_4_2_homework_assignment.py:84} INFO - USD,MMK,2098.102366,2024-01-03

[2025-02-27T10:35:01.389+0000] {3_4_2_homework_assignment.py:84} INFO - USD,MNT,3435.553998,2024-01-03

[2025-02-27T10:35:01.389+0000] {3_4_2_homework_assignment.py:84} INFO - USD,MOP,8.036106,2024-01-03

[2025-02-27T10:35:01.389+0000] {3_4_2_homework_assignment.py:84} INFO - USD,MRU,39.650113,2024-01-03

[2025-02-27T10:35:01.389+0000] {3_4_2_homework_assignment.py:84} INFO - USD,MUR,44.112129,2024-01-03

[2025-02-27T10:35:01.390+0000] {3_4_2_homework_assignment.py:84} INFO - USD,MVR,15.395011,2024-01-03

[2025-02-27T10:35:01.390+0000] {3_4_2_homework_assignment.py:84} INFO - USD,MWK,1681.999874,2024-01-03

[2025-02-27T10:35:01.390+0000] {3_4_2_homework_assignment.py:84} INFO - USD,MXN,17.015395,2024-01-03

[2025-02-27T10:35:01.390+0000] {3_4_2_homework_assignment.py:84} INFO - USD,MYR,4.603501,2024-01-03

[2025-02-27T10:35:01.390+0000] {3_4_2_homework_assignment.py:84} INFO - USD,MZN,63.249949,2024-01-03

[2025-02-27T10:35:01.390+0000] {3_4_2_homework_assignment.py:84} INFO - USD,NAD,18.569663,2024-01-03

[2025-02-27T10:35:01.391+0000] {3_4_2_homework_assignment.py:84} INFO - USD,NGN,891.898326,2024-01-03

[2025-02-27T10:35:01.391+0000] {3_4_2_homework_assignment.py:84} INFO - USD,NIO,36.719738,2024-01-03

[2025-02-27T10:35:01.391+0000] {3_4_2_homework_assignment.py:84} INFO - USD,NOK,10.338445,2024-01-03

[2025-02-27T10:35:01.391+0000] {3_4_2_homework_assignment.py:84} INFO - USD,NPR,133.601413,2024-01-03

[2025-02-27T10:35:01.391+0000] {3_4_2_homework_assignment.py:84} INFO - USD,NZD,1.599825,2024-01-03

[2025-02-27T10:35:01.392+0000] {3_4_2_homework_assignment.py:84} INFO - USD,OMR,0.384857,2024-01-03

[2025-02-27T10:35:01.392+0000] {3_4_2_homework_assignment.py:84} INFO - USD,PAB,0.999158,2024-01-03

[2025-02-27T10:35:01.392+0000] {3_4_2_homework_assignment.py:84} INFO - USD,PEN,3.713499,2024-01-03

[2025-02-27T10:35:01.392+0000] {3_4_2_homework_assignment.py:84} INFO - USD,PGK,3.73125,2024-01-03

[2025-02-27T10:35:01.392+0000] {3_4_2_homework_assignment.py:84} INFO - USD,PHP,55.718001,2024-01-03

[2025-02-27T10:35:01.392+0000] {3_4_2_homework_assignment.py:84} INFO - USD,PKR,281.950487,2024-01-03

[2025-02-27T10:35:01.393+0000] {3_4_2_homework_assignment.py:84} INFO - USD,PLN,3.98415,2024-01-03

[2025-02-27T10:35:01.393+0000] {3_4_2_homework_assignment.py:84} INFO - USD,PYG,7266.505636,2024-01-03

[2025-02-27T10:35:01.393+0000] {3_4_2_homework_assignment.py:84} INFO - USD,QAR,3.6405,2024-01-03

[2025-02-27T10:35:01.393+0000] {3_4_2_homework_assignment.py:84} INFO - USD,RON,4.550095,2024-01-03

[2025-02-27T10:35:01.393+0000] {3_4_2_homework_assignment.py:84} INFO - USD,RSD,107.290274,2024-01-03

[2025-02-27T10:35:01.393+0000] {3_4_2_homework_assignment.py:84} INFO - USD,RUB,91.999994,2024-01-03

[2025-02-27T10:35:01.394+0000] {3_4_2_homework_assignment.py:84} INFO - USD,RWF,1263.5,2024-01-03

[2025-02-27T10:35:01.394+0000] {3_4_2_homework_assignment.py:84} INFO - USD,SAR,3.750395,2024-01-03

[2025-02-27T10:35:01.394+0000] {3_4_2_homework_assignment.py:84} INFO - USD,SBD,8.404697,2024-01-03

[2025-02-27T10:35:01.394+0000] {3_4_2_homework_assignment.py:84} INFO - USD,SCR,13.649267,2024-01-03

[2025-02-27T10:35:01.394+0000] {3_4_2_homework_assignment.py:84} INFO - USD,SDG,601.000262,2024-01-03

[2025-02-27T10:35:01.394+0000] {3_4_2_homework_assignment.py:84} INFO - USD,SEK,10.28372,2024-01-03

[2025-02-27T10:35:01.395+0000] {3_4_2_homework_assignment.py:84} INFO - USD,SGD,1.328465,2024-01-03

[2025-02-27T10:35:01.395+0000] {3_4_2_homework_assignment.py:84} INFO - USD,SHP,1.262297,2024-01-03

[2025-02-27T10:35:01.395+0000] {3_4_2_homework_assignment.py:84} INFO - USD,SLE,22.8463,2024-01-03

[2025-02-27T10:35:01.395+0000] {3_4_2_homework_assignment.py:84} INFO - USD,SLL,19750.000098,2024-01-03

[2025-02-27T10:35:01.395+0000] {3_4_2_homework_assignment.py:84} INFO - USD,SOS,571.000304,2024-01-03

[2025-02-27T10:35:01.396+0000] {3_4_2_homework_assignment.py:84} INFO - USD,SRD,36.403684,2024-01-03

[2025-02-27T10:35:01.396+0000] {3_4_2_homework_assignment.py:84} INFO - USD,STD,20697.981008,2024-01-03

[2025-02-27T10:35:01.396+0000] {3_4_2_homework_assignment.py:84} INFO - USD,SYP,13002.14299,2024-01-03

[2025-02-27T10:35:01.396+0000] {3_4_2_homework_assignment.py:84} INFO - USD,SZL,18.569885,2024-01-03

[2025-02-27T10:35:01.396+0000] {3_4_2_homework_assignment.py:84} INFO - USD,THB,34.450319,2024-01-03

[2025-02-27T10:35:01.396+0000] {3_4_2_homework_assignment.py:84} INFO - USD,TJS,10.915346,2024-01-03

[2025-02-27T10:35:01.397+0000] {3_4_2_homework_assignment.py:84} INFO - USD,TMT,3.51,2024-01-03

[2025-02-27T10:35:01.397+0000] {3_4_2_homework_assignment.py:84} INFO - USD,TND,3.093499,2024-01-03

[2025-02-27T10:35:01.397+0000] {3_4_2_homework_assignment.py:84} INFO - USD,TOP,2.34045,2024-01-03

[2025-02-27T10:35:01.397+0000] {3_4_2_homework_assignment.py:84} INFO - USD,TRY,29.791285,2024-01-03

[2025-02-27T10:35:01.397+0000] {3_4_2_homework_assignment.py:84} INFO - USD,TTD,6.780607,2024-01-03

[2025-02-27T10:35:01.397+0000] {3_4_2_homework_assignment.py:84} INFO - USD,TWD,30.99445,2024-01-03

[2025-02-27T10:35:01.398+0000] {3_4_2_homework_assignment.py:84} INFO - USD,TZS,2514.999597,2024-01-03

[2025-02-27T10:35:01.398+0000] {3_4_2_homework_assignment.py:84} INFO - USD,UAH,38.084947,2024-01-03

[2025-02-27T10:35:01.398+0000] {3_4_2_homework_assignment.py:84} INFO - USD,UGX,3808.939984,2024-01-03

[2025-02-27T10:35:01.398+0000] {3_4_2_homework_assignment.py:84} INFO - USD,UYU,38.993952,2024-01-03

[2025-02-27T10:35:01.398+0000] {3_4_2_homework_assignment.py:84} INFO - USD,UZS,12350.000054,2024-01-03

[2025-02-27T10:35:01.398+0000] {3_4_2_homework_assignment.py:84} INFO - USD,VEF,3590892.176951,2024-01-03

[2025-02-27T10:35:01.399+0000] {3_4_2_homework_assignment.py:84} INFO - USD,VES,35.822194,2024-01-03

[2025-02-27T10:35:01.399+0000] {3_4_2_homework_assignment.py:84} INFO - USD,VND,24385.0,2024-01-03

[2025-02-27T10:35:01.399+0000] {3_4_2_homework_assignment.py:84} INFO - USD,VUV,117.426564,2024-01-03

[2025-02-27T10:35:01.399+0000] {3_4_2_homework_assignment.py:84} INFO - USD,WST,2.697826,2024-01-03

[2025-02-27T10:35:01.399+0000] {3_4_2_homework_assignment.py:84} INFO - USD,XAF,600.187571,2024-01-03

[2025-02-27T10:35:01.400+0000] {3_4_2_homework_assignment.py:84} INFO - USD,XAG,0.043435,2024-01-03

[2025-02-27T10:35:01.400+0000] {3_4_2_homework_assignment.py:84} INFO - USD,XAU,0.000489,2024-01-03

[2025-02-27T10:35:01.400+0000] {3_4_2_homework_assignment.py:84} INFO - USD,XCD,2.70255,2024-01-03

[2025-02-27T10:35:01.400+0000] {3_4_2_homework_assignment.py:84} INFO - USD,XDR,0.744675,2024-01-03

[2025-02-27T10:35:01.400+0000] {3_4_2_homework_assignment.py:84} INFO - USD,XOF,594.498557,2024-01-03

[2025-02-27T10:35:01.401+0000] {3_4_2_homework_assignment.py:84} INFO - USD,XPF,109.375036,2024-01-03

[2025-02-27T10:35:01.401+0000] {3_4_2_homework_assignment.py:84} INFO - USD,YER,250.2502,2024-01-03

[2025-02-27T10:35:01.401+0000] {3_4_2_homework_assignment.py:84} INFO - USD,ZAR,18.70125,2024-01-03

[2025-02-27T10:35:01.401+0000] {3_4_2_homework_assignment.py:84} INFO - USD,ZMK,9001.19649,2024-01-03

[2025-02-27T10:35:01.401+0000] {3_4_2_homework_assignment.py:84} INFO - USD,ZMW,25.750936,2024-01-03

[2025-02-27T10:35:01.402+0000] {3_4_2_homework_assignment.py:84} INFO - USD,ZWL,321.999592,2024-01-03

[2025-02-27T10:35:01.402+0000] {python.py:201} INFO - Done. Returned value was: None
[2025-02-27T10:35:01.406+0000] {taskinstance.py:1138} INFO - Marking task as SUCCESS. dag_id=3_4_2_homework_assignment, task_id=transform_data_task, execution_date=20240103T000000, start_date=20250227T103501, end_date=20250227T103501
[2025-02-27T10:35:01.439+0000] {local_task_job_runner.py:234} INFO - Task exited with return code 0
[2025-02-27T10:44:53.126+0000] {taskinstance.py:1956} INFO - Dependencies all met for dep_context=non-requeueable deps ti=<TaskInstance: 3_4_2_homework_assignment.transform_data_task scheduled__2024-01-03T00:00:00+00:00 [queued]>
[2025-02-27T10:44:53.130+0000] {taskinstance.py:1956} INFO - Dependencies all met for dep_context=requeueable deps ti=<TaskInstance: 3_4_2_homework_assignment.transform_data_task scheduled__2024-01-03T00:00:00+00:00 [queued]>
[2025-02-27T10:44:53.131+0000] {taskinstance.py:2170} INFO - Starting attempt 1 of 1
[2025-02-27T10:44:53.141+0000] {taskinstance.py:2191} INFO - Executing <Task(PythonOperator): transform_data_task> on 2024-01-03 00:00:00+00:00
[2025-02-27T10:44:53.145+0000] {standard_task_runner.py:60} INFO - Started process 6986 to run task
[2025-02-27T10:44:53.147+0000] {standard_task_runner.py:87} INFO - Running: ['airflow', 'tasks', 'run', '3_4_2_homework_assignment', 'transform_data_task', 'scheduled__2024-01-03T00:00:00+00:00', '--job-id', '9', '--raw', '--subdir', 'DAGS_FOLDER/3_4_2_homework_assignment.py', '--cfg-path', '/tmp/tmpy5xprmgy']
[2025-02-27T10:44:53.149+0000] {standard_task_runner.py:88} INFO - Job 9: Subtask transform_data_task
[2025-02-27T10:44:53.180+0000] {task_command.py:423} INFO - Running <TaskInstance: 3_4_2_homework_assignment.transform_data_task scheduled__2024-01-03T00:00:00+00:00 [running]> on host ea5964584459
[2025-02-27T10:44:53.223+0000] {taskinstance.py:2480} INFO - Exporting env vars: AIRFLOW_CTX_DAG_OWNER='airflow' AIRFLOW_CTX_DAG_ID='3_4_2_homework_assignment' AIRFLOW_CTX_TASK_ID='transform_data_task' AIRFLOW_CTX_EXECUTION_DATE='2024-01-03T00:00:00+00:00' AIRFLOW_CTX_TRY_NUMBER='1' AIRFLOW_CTX_DAG_RUN_ID='scheduled__2024-01-03T00:00:00+00:00'
[2025-02-27T10:44:53.224+0000] {3_4_2_homework_assignment.py:84} INFO - USD,AED,3.672801,2024-01-03

[2025-02-27T10:44:53.225+0000] {3_4_2_homework_assignment.py:84} INFO - USD,AFN,69.999846,2024-01-03

[2025-02-27T10:44:53.225+0000] {3_4_2_homework_assignment.py:84} INFO - USD,ALL,94.190244,2024-01-03

[2025-02-27T10:44:53.225+0000] {3_4_2_homework_assignment.py:84} INFO - USD,AMD,405.280256,2024-01-03

[2025-02-27T10:44:53.225+0000] {3_4_2_homework_assignment.py:84} INFO - USD,ANG,1.800681,2024-01-03

[2025-02-27T10:44:53.225+0000] {3_4_2_homework_assignment.py:84} INFO - USD,AOA,832.505328,2024-01-03

[2025-02-27T10:44:53.225+0000] {3_4_2_homework_assignment.py:84} INFO - USD,ARS,810.626413,2024-01-03

[2025-02-27T10:44:53.226+0000] {3_4_2_homework_assignment.py:84} INFO - USD,AUD,1.48478,2024-01-03

[2025-02-27T10:44:53.226+0000] {3_4_2_homework_assignment.py:84} INFO - USD,AWG,1.8025,2024-01-03

[2025-02-27T10:44:53.226+0000] {3_4_2_homework_assignment.py:84} INFO - USD,AZN,1.692751,2024-01-03

[2025-02-27T10:44:53.226+0000] {3_4_2_homework_assignment.py:84} INFO - USD,BAM,1.789403,2024-01-03

[2025-02-27T10:44:53.226+0000] {3_4_2_homework_assignment.py:84} INFO - USD,BBD,2.017256,2024-01-03

[2025-02-27T10:44:53.227+0000] {3_4_2_homework_assignment.py:84} INFO - USD,BDT,109.646193,2024-01-03

[2025-02-27T10:44:53.227+0000] {3_4_2_homework_assignment.py:84} INFO - USD,BGN,1.789901,2024-01-03

[2025-02-27T10:44:53.227+0000] {3_4_2_homework_assignment.py:84} INFO - USD,BHD,0.376778,2024-01-03

[2025-02-27T10:44:53.227+0000] {3_4_2_homework_assignment.py:84} INFO - USD,BIF,2855.0,2024-01-03

[2025-02-27T10:44:53.227+0000] {3_4_2_homework_assignment.py:84} INFO - USD,BMD,1.0,2024-01-03

[2025-02-27T10:44:53.227+0000] {3_4_2_homework_assignment.py:84} INFO - USD,BND,1.327179,2024-01-03

[2025-02-27T10:44:53.228+0000] {3_4_2_homework_assignment.py:84} INFO - USD,BOB,6.903209,2024-01-03

[2025-02-27T10:44:53.228+0000] {3_4_2_homework_assignment.py:84} INFO - USD,BRL,4.920701,2024-01-03

[2025-02-27T10:44:53.228+0000] {3_4_2_homework_assignment.py:84} INFO - USD,BSD,0.999021,2024-01-03

[2025-02-27T10:44:53.228+0000] {3_4_2_homework_assignment.py:84} INFO - USD,BTC,2.3353345e-05,2024-01-03

[2025-02-27T10:44:53.228+0000] {3_4_2_homework_assignment.py:84} INFO - USD,BTN,83.500005,2024-01-03

[2025-02-27T10:44:53.228+0000] {3_4_2_homework_assignment.py:84} INFO - USD,BWP,13.555848,2024-01-03

[2025-02-27T10:44:53.229+0000] {3_4_2_homework_assignment.py:84} INFO - USD,BYN,3.298993,2024-01-03

[2025-02-27T10:44:53.229+0000] {3_4_2_homework_assignment.py:84} INFO - USD,BYR,19600.0,2024-01-03

[2025-02-27T10:44:53.229+0000] {3_4_2_homework_assignment.py:84} INFO - USD,BZD,2.013871,2024-01-03

[2025-02-27T10:44:53.229+0000] {3_4_2_homework_assignment.py:84} INFO - USD,CAD,1.334835,2024-01-03

[2025-02-27T10:44:53.229+0000] {3_4_2_homework_assignment.py:84} INFO - USD,CDF,2680.000096,2024-01-03

[2025-02-27T10:44:53.229+0000] {3_4_2_homework_assignment.py:84} INFO - USD,CHF,0.849104,2024-01-03

[2025-02-27T10:44:53.230+0000] {3_4_2_homework_assignment.py:84} INFO - USD,CLF,0.031973,2024-01-03

[2025-02-27T10:44:53.230+0000] {3_4_2_homework_assignment.py:84} INFO - USD,CLP,882.230165,2024-01-03

[2025-02-27T10:44:53.230+0000] {3_4_2_homework_assignment.py:84} INFO - USD,CNY,7.108903,2024-01-03

[2025-02-27T10:44:53.230+0000] {3_4_2_homework_assignment.py:84} INFO - USD,COP,3898.5,2024-01-03

[2025-02-27T10:44:53.230+0000] {3_4_2_homework_assignment.py:84} INFO - USD,CRC,519.135932,2024-01-03

[2025-02-27T10:44:53.231+0000] {3_4_2_homework_assignment.py:84} INFO - USD,CUC,1.0,2024-01-03

[2025-02-27T10:44:53.231+0000] {3_4_2_homework_assignment.py:84} INFO - USD,CUP,26.5,2024-01-03

[2025-02-27T10:44:53.231+0000] {3_4_2_homework_assignment.py:84} INFO - USD,CVE,101.149944,2024-01-03

[2025-02-27T10:44:53.231+0000] {3_4_2_homework_assignment.py:84} INFO - USD,CZK,22.575697,2024-01-03

[2025-02-27T10:44:53.231+0000] {3_4_2_homework_assignment.py:84} INFO - USD,DJF,177.720103,2024-01-03

[2025-02-27T10:44:53.231+0000] {3_4_2_homework_assignment.py:84} INFO - USD,DKK,6.826765,2024-01-03

[2025-02-27T10:44:53.232+0000] {3_4_2_homework_assignment.py:84} INFO - USD,DOP,57.920401,2024-01-03

[2025-02-27T10:44:53.232+0000] {3_4_2_homework_assignment.py:84} INFO - USD,DZD,134.705001,2024-01-03

[2025-02-27T10:44:53.232+0000] {3_4_2_homework_assignment.py:84} INFO - USD,EGP,30.928602,2024-01-03

[2025-02-27T10:44:53.232+0000] {3_4_2_homework_assignment.py:84} INFO - USD,ERN,15.0,2024-01-03

[2025-02-27T10:44:53.232+0000] {3_4_2_homework_assignment.py:84} INFO - USD,ETB,56.217366,2024-01-03

[2025-02-27T10:44:53.232+0000] {3_4_2_homework_assignment.py:84} INFO - USD,EUR,0.9152,2024-01-03

[2025-02-27T10:44:53.233+0000] {3_4_2_homework_assignment.py:84} INFO - USD,FJD,2.234199,2024-01-03

[2025-02-27T10:44:53.233+0000] {3_4_2_homework_assignment.py:84} INFO - USD,FKP,0.791691,2024-01-03

[2025-02-27T10:44:53.233+0000] {3_4_2_homework_assignment.py:84} INFO - USD,GBP,0.78905,2024-01-03

[2025-02-27T10:44:53.233+0000] {3_4_2_homework_assignment.py:84} INFO - USD,GEL,2.680003,2024-01-03

[2025-02-27T10:44:53.233+0000] {3_4_2_homework_assignment.py:84} INFO - USD,GGP,0.791691,2024-01-03

[2025-02-27T10:44:53.233+0000] {3_4_2_homework_assignment.py:84} INFO - USD,GHS,11.950099,2024-01-03

[2025-02-27T10:44:53.234+0000] {3_4_2_homework_assignment.py:84} INFO - USD,GIP,0.791691,2024-01-03

[2025-02-27T10:44:53.234+0000] {3_4_2_homework_assignment.py:84} INFO - USD,GMD,67.224974,2024-01-03

[2025-02-27T10:44:53.234+0000] {3_4_2_homework_assignment.py:84} INFO - USD,GNF,8599.999588,2024-01-03

[2025-02-27T10:44:53.234+0000] {3_4_2_homework_assignment.py:84} INFO - USD,GTQ,7.81576,2024-01-03

[2025-02-27T10:44:53.234+0000] {3_4_2_homework_assignment.py:84} INFO - USD,GYD,209.18232,2024-01-03

[2025-02-27T10:44:53.234+0000] {3_4_2_homework_assignment.py:84} INFO - USD,HKD,7.80755,2024-01-03

[2025-02-27T10:44:53.235+0000] {3_4_2_homework_assignment.py:84} INFO - USD,HNL,24.749774,2024-01-03

[2025-02-27T10:44:53.235+0000] {3_4_2_homework_assignment.py:84} INFO - USD,HRK,6.98177,2024-01-03

[2025-02-27T10:44:53.235+0000] {3_4_2_homework_assignment.py:84} INFO - USD,HTG,131.745567,2024-01-03

[2025-02-27T10:44:53.235+0000] {3_4_2_homework_assignment.py:84} INFO - USD,HUF,348.284946,2024-01-03

[2025-02-27T10:44:53.235+0000] {3_4_2_homework_assignment.py:84} INFO - USD,IDR,15562.0,2024-01-03

[2025-02-27T10:44:53.235+0000] {3_4_2_homework_assignment.py:84} INFO - USD,ILS,3.657315,2024-01-03

[2025-02-27T10:44:53.236+0000] {3_4_2_homework_assignment.py:84} INFO - USD,IMP,0.791691,2024-01-03

[2025-02-27T10:44:53.236+0000] {3_4_2_homework_assignment.py:84} INFO - USD,INR,83.31835,2024-01-03

[2025-02-27T10:44:53.236+0000] {3_4_2_homework_assignment.py:84} INFO - USD,IQD,1310.0,2024-01-03

[2025-02-27T10:44:53.236+0000] {3_4_2_homework_assignment.py:84} INFO - USD,IRR,42060.000212,2024-01-03

[2025-02-27T10:44:53.236+0000] {3_4_2_homework_assignment.py:84} INFO - USD,ISK,137.929749,2024-01-03

[2025-02-27T10:44:53.236+0000] {3_4_2_homework_assignment.py:84} INFO - USD,JEP,0.791691,2024-01-03

[2025-02-27T10:44:53.237+0000] {3_4_2_homework_assignment.py:84} INFO - USD,JMD,154.168497,2024-01-03

[2025-02-27T10:44:53.237+0000] {3_4_2_homework_assignment.py:84} INFO - USD,JOD,0.709506,2024-01-03

[2025-02-27T10:44:53.237+0000] {3_4_2_homework_assignment.py:84} INFO - USD,JPY,143.000499,2024-01-03

[2025-02-27T10:44:53.237+0000] {3_4_2_homework_assignment.py:84} INFO - USD,KES,157.349979,2024-01-03

[2025-02-27T10:44:53.237+0000] {3_4_2_homework_assignment.py:84} INFO - USD,KGS,89.0853,2024-01-03

[2025-02-27T10:44:53.238+0000] {3_4_2_homework_assignment.py:84} INFO - USD,KHR,4089.999765,2024-01-03

[2025-02-27T10:44:53.238+0000] {3_4_2_homework_assignment.py:84} INFO - USD,KMF,450.499783,2024-01-03

[2025-02-27T10:44:53.238+0000] {3_4_2_homework_assignment.py:84} INFO - USD,KPW,900.03902,2024-01-03

[2025-02-27T10:44:53.238+0000] {3_4_2_homework_assignment.py:84} INFO - USD,KRW,1310.255027,2024-01-03

[2025-02-27T10:44:53.238+0000] {3_4_2_homework_assignment.py:84} INFO - USD,KWD,0.30752,2024-01-03

[2025-02-27T10:44:53.239+0000] {3_4_2_homework_assignment.py:84} INFO - USD,KYD,0.832601,2024-01-03

[2025-02-27T10:44:53.239+0000] {3_4_2_homework_assignment.py:84} INFO - USD,KZT,457.160634,2024-01-03

[2025-02-27T10:44:53.239+0000] {3_4_2_homework_assignment.py:84} INFO - USD,LAK,20562.495518,2024-01-03

[2025-02-27T10:44:53.239+0000] {3_4_2_homework_assignment.py:84} INFO - USD,LBP,15062.49719,2024-01-03

[2025-02-27T10:44:53.239+0000] {3_4_2_homework_assignment.py:84} INFO - USD,LKR,322.719953,2024-01-03

[2025-02-27T10:44:53.239+0000] {3_4_2_homework_assignment.py:84} INFO - USD,LRD,188.498362,2024-01-03

[2025-02-27T10:44:53.240+0000] {3_4_2_homework_assignment.py:84} INFO - USD,LSL,18.569619,2024-01-03

[2025-02-27T10:44:53.240+0000] {3_4_2_homework_assignment.py:84} INFO - USD,LTL,2.95274,2024-01-03

[2025-02-27T10:44:53.240+0000] {3_4_2_homework_assignment.py:84} INFO - USD,LVL,0.60489,2024-01-03

[2025-02-27T10:44:53.240+0000] {3_4_2_homework_assignment.py:84} INFO - USD,LYD,4.774981,2024-01-03

[2025-02-27T10:44:53.240+0000] {3_4_2_homework_assignment.py:84} INFO - USD,MAD,9.928971,2024-01-03

[2025-02-27T10:44:53.240+0000] {3_4_2_homework_assignment.py:84} INFO - USD,MDL,17.554165,2024-01-03

[2025-02-27T10:44:53.241+0000] {3_4_2_homework_assignment.py:84} INFO - USD,MGA,4590.000311,2024-01-03

[2025-02-27T10:44:53.241+0000] {3_4_2_homework_assignment.py:84} INFO - USD,MKD,56.408496,2024-01-03

[2025-02-27T10:44:53.241+0000] {3_4_2_homework_assignment.py:84} INFO - USD,MMK,2098.102366,2024-01-03

[2025-02-27T10:44:53.241+0000] {3_4_2_homework_assignment.py:84} INFO - USD,MNT,3435.553998,2024-01-03

[2025-02-27T10:44:53.241+0000] {3_4_2_homework_assignment.py:84} INFO - USD,MOP,8.036106,2024-01-03

[2025-02-27T10:44:53.241+0000] {3_4_2_homework_assignment.py:84} INFO - USD,MRU,39.650113,2024-01-03

[2025-02-27T10:44:53.242+0000] {3_4_2_homework_assignment.py:84} INFO - USD,MUR,44.112129,2024-01-03

[2025-02-27T10:44:53.242+0000] {3_4_2_homework_assignment.py:84} INFO - USD,MVR,15.395011,2024-01-03

[2025-02-27T10:44:53.242+0000] {3_4_2_homework_assignment.py:84} INFO - USD,MWK,1681.999874,2024-01-03

[2025-02-27T10:44:53.242+0000] {3_4_2_homework_assignment.py:84} INFO - USD,MXN,17.015395,2024-01-03

[2025-02-27T10:44:53.242+0000] {3_4_2_homework_assignment.py:84} INFO - USD,MYR,4.603501,2024-01-03

[2025-02-27T10:44:53.243+0000] {3_4_2_homework_assignment.py:84} INFO - USD,MZN,63.249949,2024-01-03

[2025-02-27T10:44:53.243+0000] {3_4_2_homework_assignment.py:84} INFO - USD,NAD,18.569663,2024-01-03

[2025-02-27T10:44:53.243+0000] {3_4_2_homework_assignment.py:84} INFO - USD,NGN,891.898326,2024-01-03

[2025-02-27T10:44:53.243+0000] {3_4_2_homework_assignment.py:84} INFO - USD,NIO,36.719738,2024-01-03

[2025-02-27T10:44:53.243+0000] {3_4_2_homework_assignment.py:84} INFO - USD,NOK,10.338445,2024-01-03

[2025-02-27T10:44:53.243+0000] {3_4_2_homework_assignment.py:84} INFO - USD,NPR,133.601413,2024-01-03

[2025-02-27T10:44:53.244+0000] {3_4_2_homework_assignment.py:84} INFO - USD,NZD,1.599825,2024-01-03

[2025-02-27T10:44:53.244+0000] {3_4_2_homework_assignment.py:84} INFO - USD,OMR,0.384857,2024-01-03

[2025-02-27T10:44:53.244+0000] {3_4_2_homework_assignment.py:84} INFO - USD,PAB,0.999158,2024-01-03

[2025-02-27T10:44:53.244+0000] {3_4_2_homework_assignment.py:84} INFO - USD,PEN,3.713499,2024-01-03

[2025-02-27T10:44:53.244+0000] {3_4_2_homework_assignment.py:84} INFO - USD,PGK,3.73125,2024-01-03

[2025-02-27T10:44:53.244+0000] {3_4_2_homework_assignment.py:84} INFO - USD,PHP,55.718001,2024-01-03

[2025-02-27T10:44:53.245+0000] {3_4_2_homework_assignment.py:84} INFO - USD,PKR,281.950487,2024-01-03

[2025-02-27T10:44:53.245+0000] {3_4_2_homework_assignment.py:84} INFO - USD,PLN,3.98415,2024-01-03

[2025-02-27T10:44:53.245+0000] {3_4_2_homework_assignment.py:84} INFO - USD,PYG,7266.505636,2024-01-03

[2025-02-27T10:44:53.245+0000] {3_4_2_homework_assignment.py:84} INFO - USD,QAR,3.6405,2024-01-03

[2025-02-27T10:44:53.245+0000] {3_4_2_homework_assignment.py:84} INFO - USD,RON,4.550095,2024-01-03

[2025-02-27T10:44:53.245+0000] {3_4_2_homework_assignment.py:84} INFO - USD,RSD,107.290274,2024-01-03

[2025-02-27T10:44:53.246+0000] {3_4_2_homework_assignment.py:84} INFO - USD,RUB,91.999994,2024-01-03

[2025-02-27T10:44:53.246+0000] {3_4_2_homework_assignment.py:84} INFO - USD,RWF,1263.5,2024-01-03

[2025-02-27T10:44:53.246+0000] {3_4_2_homework_assignment.py:84} INFO - USD,SAR,3.750395,2024-01-03

[2025-02-27T10:44:53.246+0000] {3_4_2_homework_assignment.py:84} INFO - USD,SBD,8.404697,2024-01-03

[2025-02-27T10:44:53.246+0000] {3_4_2_homework_assignment.py:84} INFO - USD,SCR,13.649267,2024-01-03

[2025-02-27T10:44:53.246+0000] {3_4_2_homework_assignment.py:84} INFO - USD,SDG,601.000262,2024-01-03

[2025-02-27T10:44:53.247+0000] {3_4_2_homework_assignment.py:84} INFO - USD,SEK,10.28372,2024-01-03

[2025-02-27T10:44:53.247+0000] {3_4_2_homework_assignment.py:84} INFO - USD,SGD,1.328465,2024-01-03

[2025-02-27T10:44:53.247+0000] {3_4_2_homework_assignment.py:84} INFO - USD,SHP,1.262297,2024-01-03

[2025-02-27T10:44:53.247+0000] {3_4_2_homework_assignment.py:84} INFO - USD,SLE,22.8463,2024-01-03

[2025-02-27T10:44:53.247+0000] {3_4_2_homework_assignment.py:84} INFO - USD,SLL,19750.000098,2024-01-03

[2025-02-27T10:44:53.247+0000] {3_4_2_homework_assignment.py:84} INFO - USD,SOS,571.000304,2024-01-03

[2025-02-27T10:44:53.248+0000] {3_4_2_homework_assignment.py:84} INFO - USD,SRD,36.403684,2024-01-03

[2025-02-27T10:44:53.248+0000] {3_4_2_homework_assignment.py:84} INFO - USD,STD,20697.981008,2024-01-03

[2025-02-27T10:44:53.248+0000] {3_4_2_homework_assignment.py:84} INFO - USD,SYP,13002.14299,2024-01-03

[2025-02-27T10:44:53.248+0000] {3_4_2_homework_assignment.py:84} INFO - USD,SZL,18.569885,2024-01-03

[2025-02-27T10:44:53.248+0000] {3_4_2_homework_assignment.py:84} INFO - USD,THB,34.450319,2024-01-03

[2025-02-27T10:44:53.249+0000] {3_4_2_homework_assignment.py:84} INFO - USD,TJS,10.915346,2024-01-03

[2025-02-27T10:44:53.249+0000] {3_4_2_homework_assignment.py:84} INFO - USD,TMT,3.51,2024-01-03

[2025-02-27T10:44:53.249+0000] {3_4_2_homework_assignment.py:84} INFO - USD,TND,3.093499,2024-01-03

[2025-02-27T10:44:53.249+0000] {3_4_2_homework_assignment.py:84} INFO - USD,TOP,2.34045,2024-01-03

[2025-02-27T10:44:53.249+0000] {3_4_2_homework_assignment.py:84} INFO - USD,TRY,29.791285,2024-01-03

[2025-02-27T10:44:53.249+0000] {3_4_2_homework_assignment.py:84} INFO - USD,TTD,6.780607,2024-01-03

[2025-02-27T10:44:53.250+0000] {3_4_2_homework_assignment.py:84} INFO - USD,TWD,30.99445,2024-01-03

[2025-02-27T10:44:53.250+0000] {3_4_2_homework_assignment.py:84} INFO - USD,TZS,2514.999597,2024-01-03

[2025-02-27T10:44:53.250+0000] {3_4_2_homework_assignment.py:84} INFO - USD,UAH,38.084947,2024-01-03

[2025-02-27T10:44:53.250+0000] {3_4_2_homework_assignment.py:84} INFO - USD,UGX,3808.939984,2024-01-03

[2025-02-27T10:44:53.250+0000] {3_4_2_homework_assignment.py:84} INFO - USD,UYU,38.993952,2024-01-03

[2025-02-27T10:44:53.250+0000] {3_4_2_homework_assignment.py:84} INFO - USD,UZS,12350.000054,2024-01-03

[2025-02-27T10:44:53.251+0000] {3_4_2_homework_assignment.py:84} INFO - USD,VEF,3590892.176951,2024-01-03

[2025-02-27T10:44:53.251+0000] {3_4_2_homework_assignment.py:84} INFO - USD,VES,35.822194,2024-01-03

[2025-02-27T10:44:53.251+0000] {3_4_2_homework_assignment.py:84} INFO - USD,VND,24385.0,2024-01-03

[2025-02-27T10:44:53.251+0000] {3_4_2_homework_assignment.py:84} INFO - USD,VUV,117.426564,2024-01-03

[2025-02-27T10:44:53.251+0000] {3_4_2_homework_assignment.py:84} INFO - USD,WST,2.697826,2024-01-03

[2025-02-27T10:44:53.251+0000] {3_4_2_homework_assignment.py:84} INFO - USD,XAF,600.187571,2024-01-03

[2025-02-27T10:44:53.252+0000] {3_4_2_homework_assignment.py:84} INFO - USD,XAG,0.043435,2024-01-03

[2025-02-27T10:44:53.252+0000] {3_4_2_homework_assignment.py:84} INFO - USD,XAU,0.000489,2024-01-03

[2025-02-27T10:44:53.252+0000] {3_4_2_homework_assignment.py:84} INFO - USD,XCD,2.70255,2024-01-03

[2025-02-27T10:44:53.252+0000] {3_4_2_homework_assignment.py:84} INFO - USD,XDR,0.744675,2024-01-03

[2025-02-27T10:44:53.252+0000] {3_4_2_homework_assignment.py:84} INFO - USD,XOF,594.498557,2024-01-03

[2025-02-27T10:44:53.252+0000] {3_4_2_homework_assignment.py:84} INFO - USD,XPF,109.375036,2024-01-03

[2025-02-27T10:44:53.253+0000] {3_4_2_homework_assignment.py:84} INFO - USD,YER,250.2502,2024-01-03

[2025-02-27T10:44:53.253+0000] {3_4_2_homework_assignment.py:84} INFO - USD,ZAR,18.70125,2024-01-03

[2025-02-27T10:44:53.253+0000] {3_4_2_homework_assignment.py:84} INFO - USD,ZMK,9001.19649,2024-01-03

[2025-02-27T10:44:53.253+0000] {3_4_2_homework_assignment.py:84} INFO - USD,ZMW,25.750936,2024-01-03

[2025-02-27T10:44:53.253+0000] {3_4_2_homework_assignment.py:84} INFO - USD,ZWL,321.999592,2024-01-03

[2025-02-27T10:44:53.254+0000] {python.py:201} INFO - Done. Returned value was: None
[2025-02-27T10:44:53.257+0000] {taskinstance.py:1138} INFO - Marking task as SUCCESS. dag_id=3_4_2_homework_assignment, task_id=transform_data_task, execution_date=20240103T000000, start_date=20250227T104453, end_date=20250227T104453
[2025-02-27T10:44:53.282+0000] {local_task_job_runner.py:234} INFO - Task exited with return code 0
