[2025-03-11T14:02:14.509+0000] {taskinstance.py:1956} INFO - Dependencies all met for dep_context=non-requeueable deps ti=<TaskInstance: 5_2_sencor.check_report_task manual__2025-03-11T14:02:06.926052+00:00 [queued]>
[2025-03-11T14:02:14.517+0000] {taskinstance.py:1956} INFO - Dependencies all met for dep_context=requeueable deps ti=<TaskInstance: 5_2_sencor.check_report_task manual__2025-03-11T14:02:06.926052+00:00 [queued]>
[2025-03-11T14:02:14.518+0000] {taskinstance.py:2170} INFO - Starting attempt 1 of 1
[2025-03-11T14:02:14.532+0000] {taskinstance.py:2191} INFO - Executing <Task(HttpSensor): check_report_task> on 2025-03-11 14:02:06.926052+00:00
[2025-03-11T14:02:14.538+0000] {standard_task_runner.py:60} INFO - Started process 7515 to run task
[2025-03-11T14:02:14.541+0000] {standard_task_runner.py:87} INFO - Running: ['airflow', 'tasks', 'run', '5_2_sencor', 'check_report_task', 'manual__2025-03-11T14:02:06.926052+00:00', '--job-id', '59', '--raw', '--subdir', 'DAGS_FOLDER/5_2_sencor.py', '--cfg-path', '/tmp/tmpzc3h2ggd']
[2025-03-11T14:02:14.542+0000] {standard_task_runner.py:88} INFO - Job 59: Subtask check_report_task
[2025-03-11T14:02:14.578+0000] {task_command.py:423} INFO - Running <TaskInstance: 5_2_sencor.check_report_task manual__2025-03-11T14:02:06.926052+00:00 [running]> on host 9a2e4036dec3
[2025-03-11T14:02:14.777+0000] {taskinstance.py:2480} INFO - Exporting env vars: AIRFLOW_CTX_DAG_OWNER='airflow' AIRFLOW_CTX_DAG_ID='5_2_sencor' AIRFLOW_CTX_TASK_ID='check_report_task' AIRFLOW_CTX_EXECUTION_DATE='2025-03-11T14:02:06.926052+00:00' AIRFLOW_CTX_TRY_NUMBER='1' AIRFLOW_CTX_DAG_RUN_ID='manual__2025-03-11T14:02:06.926052+00:00'
[2025-03-11T14:02:14.777+0000] {http.py:130} INFO - Poking: check_report/00bf6723-440a-45b9-9eee-1422ad289874
[2025-03-11T14:02:14.783+0000] {base.py:83} INFO - Using connection ID 'report_api' for task execution.
[2025-03-11T14:02:16.902+0000] {http.py:130} INFO - Poking: check_report/00bf6723-440a-45b9-9eee-1422ad289874
[2025-03-11T14:02:16.906+0000] {base.py:83} INFO - Using connection ID 'report_api' for task execution.
[2025-03-11T14:02:19.151+0000] {http.py:130} INFO - Poking: check_report/00bf6723-440a-45b9-9eee-1422ad289874
[2025-03-11T14:02:19.154+0000] {base.py:83} INFO - Using connection ID 'report_api' for task execution.
[2025-03-11T14:02:21.280+0000] {http.py:130} INFO - Poking: check_report/00bf6723-440a-45b9-9eee-1422ad289874
[2025-03-11T14:02:21.284+0000] {base.py:83} INFO - Using connection ID 'report_api' for task execution.
[2025-03-11T14:02:23.405+0000] {http.py:130} INFO - Poking: check_report/00bf6723-440a-45b9-9eee-1422ad289874
[2025-03-11T14:02:23.408+0000] {base.py:83} INFO - Using connection ID 'report_api' for task execution.
[2025-03-11T14:02:25.528+0000] {http.py:130} INFO - Poking: check_report/00bf6723-440a-45b9-9eee-1422ad289874
[2025-03-11T14:02:25.531+0000] {base.py:83} INFO - Using connection ID 'report_api' for task execution.
[2025-03-11T14:02:27.654+0000] {http.py:130} INFO - Poking: check_report/00bf6723-440a-45b9-9eee-1422ad289874
[2025-03-11T14:02:27.658+0000] {base.py:83} INFO - Using connection ID 'report_api' for task execution.
[2025-03-11T14:02:27.780+0000] {base.py:295} INFO - Success criteria met. Exiting.
[2025-03-11T14:02:27.785+0000] {taskinstance.py:1138} INFO - Marking task as SUCCESS. dag_id=5_2_sencor, task_id=check_report_task, execution_date=20250311T140206, start_date=20250311T140214, end_date=20250311T140227
[2025-03-11T14:02:27.813+0000] {local_task_job_runner.py:234} INFO - Task exited with return code 0
[2025-03-11T14:02:27.823+0000] {taskinstance.py:3280} INFO - 0 downstream tasks scheduled from follow-on schedule check
