[2025-02-26T09:55:49.101+0000] {taskinstance.py:1956} INFO - Dependencies all met for dep_context=non-requeueable deps ti=<TaskInstance: 0_Examples_3_4_1_ETL_2.extract_data scheduled__2024-01-05T00:00:00+00:00 [queued]>
[2025-02-26T09:55:49.112+0000] {taskinstance.py:1956} INFO - Dependencies all met for dep_context=requeueable deps ti=<TaskInstance: 0_Examples_3_4_1_ETL_2.extract_data scheduled__2024-01-05T00:00:00+00:00 [queued]>
[2025-02-26T09:55:49.113+0000] {taskinstance.py:2170} INFO - Starting attempt 1 of 1
[2025-02-26T09:57:56.458+0000] {taskinstance.py:1956} INFO - Dependencies all met for dep_context=non-requeueable deps ti=<TaskInstance: 0_Examples_3_4_1_ETL_2.extract_data scheduled__2024-01-05T00:00:00+00:00 [queued]>
[2025-02-26T09:57:56.466+0000] {taskinstance.py:1956} INFO - Dependencies all met for dep_context=requeueable deps ti=<TaskInstance: 0_Examples_3_4_1_ETL_2.extract_data scheduled__2024-01-05T00:00:00+00:00 [queued]>
[2025-02-26T09:57:56.467+0000] {taskinstance.py:2170} INFO - Starting attempt 1 of 1
[2025-02-26T09:57:56.481+0000] {taskinstance.py:2191} INFO - Executing <Task(PythonOperator): extract_data> on 2024-01-05 00:00:00+00:00
[2025-02-26T09:57:56.487+0000] {standard_task_runner.py:60} INFO - Started process 573 to run task
[2025-02-26T09:57:56.491+0000] {standard_task_runner.py:87} INFO - Running: ['airflow', 'tasks', 'run', '0_Examples_3_4_1_ETL_2', 'extract_data', 'scheduled__2024-01-05T00:00:00+00:00', '--job-id', '26', '--raw', '--subdir', 'DAGS_FOLDER/exchangerate_api_work.py', '--cfg-path', '/tmp/tmppilb402i']
[2025-02-26T09:57:56.493+0000] {standard_task_runner.py:88} INFO - Job 26: Subtask extract_data
[2025-02-26T09:57:56.530+0000] {task_command.py:423} INFO - Running <TaskInstance: 0_Examples_3_4_1_ETL_2.extract_data scheduled__2024-01-05T00:00:00+00:00 [running]> on host 8b59c4dac072
[2025-02-26T09:57:56.587+0000] {taskinstance.py:2480} INFO - Exporting env vars: AIRFLOW_CTX_DAG_OWNER='airflow' AIRFLOW_CTX_DAG_ID='0_Examples_3_4_1_ETL_2' AIRFLOW_CTX_TASK_ID='extract_data' AIRFLOW_CTX_EXECUTION_DATE='2024-01-05T00:00:00+00:00' AIRFLOW_CTX_TRY_NUMBER='1' AIRFLOW_CTX_DAG_RUN_ID='scheduled__2024-01-05T00:00:00+00:00'
[2025-02-26T09:57:56.925+0000] {python.py:201} INFO - Done. Returned value was: None
[2025-02-26T09:57:56.930+0000] {taskinstance.py:1138} INFO - Marking task as SUCCESS. dag_id=0_Examples_3_4_1_ETL_2, task_id=extract_data, execution_date=20240105T000000, start_date=20250226T095756, end_date=20250226T095756
[2025-02-26T09:57:56.946+0000] {local_task_job_runner.py:234} INFO - Task exited with return code 0
[2025-02-26T10:05:18.054+0000] {taskinstance.py:1956} INFO - Dependencies all met for dep_context=non-requeueable deps ti=<TaskInstance: 0_Examples_3_4_1_ETL_2.extract_data scheduled__2024-01-05T00:00:00+00:00 [queued]>
[2025-02-26T10:05:18.061+0000] {taskinstance.py:1956} INFO - Dependencies all met for dep_context=requeueable deps ti=<TaskInstance: 0_Examples_3_4_1_ETL_2.extract_data scheduled__2024-01-05T00:00:00+00:00 [queued]>
[2025-02-26T10:05:18.062+0000] {taskinstance.py:2170} INFO - Starting attempt 1 of 1
[2025-02-26T10:05:18.075+0000] {taskinstance.py:2191} INFO - Executing <Task(PythonOperator): extract_data> on 2024-01-05 00:00:00+00:00
[2025-02-26T10:05:18.081+0000] {standard_task_runner.py:60} INFO - Started process 443 to run task
[2025-02-26T10:05:18.084+0000] {standard_task_runner.py:87} INFO - Running: ['airflow', 'tasks', 'run', '0_Examples_3_4_1_ETL_2', 'extract_data', 'scheduled__2024-01-05T00:00:00+00:00', '--job-id', '14', '--raw', '--subdir', 'DAGS_FOLDER/exchangerate_api_work.py', '--cfg-path', '/tmp/tmpn6udc5uf']
[2025-02-26T10:05:18.086+0000] {standard_task_runner.py:88} INFO - Job 14: Subtask extract_data
[2025-02-26T10:05:18.119+0000] {task_command.py:423} INFO - Running <TaskInstance: 0_Examples_3_4_1_ETL_2.extract_data scheduled__2024-01-05T00:00:00+00:00 [running]> on host a57e69d73574
[2025-02-26T10:05:18.173+0000] {taskinstance.py:2480} INFO - Exporting env vars: AIRFLOW_CTX_DAG_OWNER='airflow' AIRFLOW_CTX_DAG_ID='0_Examples_3_4_1_ETL_2' AIRFLOW_CTX_TASK_ID='extract_data' AIRFLOW_CTX_EXECUTION_DATE='2024-01-05T00:00:00+00:00' AIRFLOW_CTX_TRY_NUMBER='1' AIRFLOW_CTX_DAG_RUN_ID='scheduled__2024-01-05T00:00:00+00:00'
[2025-02-26T10:05:18.473+0000] {python.py:201} INFO - Done. Returned value was: None
[2025-02-26T10:05:18.480+0000] {taskinstance.py:1138} INFO - Marking task as SUCCESS. dag_id=0_Examples_3_4_1_ETL_2, task_id=extract_data, execution_date=20240105T000000, start_date=20250226T100518, end_date=20250226T100518
[2025-02-26T10:05:18.539+0000] {local_task_job_runner.py:234} INFO - Task exited with return code 0
[2025-02-26T10:09:06.384+0000] {taskinstance.py:1956} INFO - Dependencies all met for dep_context=non-requeueable deps ti=<TaskInstance: 0_Examples_3_4_1_ETL_2.extract_data scheduled__2024-01-05T00:00:00+00:00 [queued]>
[2025-02-26T10:09:06.391+0000] {taskinstance.py:1956} INFO - Dependencies all met for dep_context=requeueable deps ti=<TaskInstance: 0_Examples_3_4_1_ETL_2.extract_data scheduled__2024-01-05T00:00:00+00:00 [queued]>
[2025-02-26T10:09:06.392+0000] {taskinstance.py:2170} INFO - Starting attempt 1 of 1
[2025-02-26T10:09:06.408+0000] {taskinstance.py:2191} INFO - Executing <Task(PythonOperator): extract_data> on 2024-01-05 00:00:00+00:00
[2025-02-26T10:09:06.415+0000] {standard_task_runner.py:60} INFO - Started process 731 to run task
[2025-02-26T10:09:06.418+0000] {standard_task_runner.py:87} INFO - Running: ['airflow', 'tasks', 'run', '0_Examples_3_4_1_ETL_2', 'extract_data', 'scheduled__2024-01-05T00:00:00+00:00', '--job-id', '14', '--raw', '--subdir', 'DAGS_FOLDER/exchangerate_api_work.py', '--cfg-path', '/tmp/tmpehwg47jz']
[2025-02-26T10:09:06.419+0000] {standard_task_runner.py:88} INFO - Job 14: Subtask extract_data
[2025-02-26T10:09:06.452+0000] {task_command.py:423} INFO - Running <TaskInstance: 0_Examples_3_4_1_ETL_2.extract_data scheduled__2024-01-05T00:00:00+00:00 [running]> on host a57e69d73574
[2025-02-26T10:09:06.511+0000] {taskinstance.py:2480} INFO - Exporting env vars: AIRFLOW_CTX_DAG_OWNER='airflow' AIRFLOW_CTX_DAG_ID='0_Examples_3_4_1_ETL_2' AIRFLOW_CTX_TASK_ID='extract_data' AIRFLOW_CTX_EXECUTION_DATE='2024-01-05T00:00:00+00:00' AIRFLOW_CTX_TRY_NUMBER='1' AIRFLOW_CTX_DAG_RUN_ID='scheduled__2024-01-05T00:00:00+00:00'
[2025-02-26T10:09:06.835+0000] {python.py:201} INFO - Done. Returned value was: None
[2025-02-26T10:09:06.841+0000] {taskinstance.py:1138} INFO - Marking task as SUCCESS. dag_id=0_Examples_3_4_1_ETL_2, task_id=extract_data, execution_date=20240105T000000, start_date=20250226T100906, end_date=20250226T100906
[2025-02-26T10:09:06.872+0000] {local_task_job_runner.py:234} INFO - Task exited with return code 0
