[2025-02-27T09:33:00.427+0000] {taskinstance.py:1956} INFO - Dependencies all met for dep_context=non-requeueable deps ti=<TaskInstance: 3_4_2_homework_assignment.transform_data_task scheduled__2024-01-04T00:00:00+00:00 [queued]>
[2025-02-27T09:33:00.431+0000] {taskinstance.py:1956} INFO - Dependencies all met for dep_context=requeueable deps ti=<TaskInstance: 3_4_2_homework_assignment.transform_data_task scheduled__2024-01-04T00:00:00+00:00 [queued]>
[2025-02-27T09:33:00.432+0000] {taskinstance.py:2170} INFO - Starting attempt 1 of 1
[2025-02-27T09:33:00.442+0000] {taskinstance.py:2191} INFO - Executing <Task(PythonOperator): transform_data_task> on 2024-01-04 00:00:00+00:00
[2025-02-27T09:33:00.447+0000] {standard_task_runner.py:60} INFO - Started process 278 to run task
[2025-02-27T09:33:00.449+0000] {standard_task_runner.py:87} INFO - Running: ['airflow', 'tasks', 'run', '3_4_2_homework_assignment', 'transform_data_task', 'scheduled__2024-01-04T00:00:00+00:00', '--job-id', '9', '--raw', '--subdir', 'DAGS_FOLDER/3_4_2_homework_assignment.py', '--cfg-path', '/tmp/tmpoceef2s5']
[2025-02-27T09:33:00.451+0000] {standard_task_runner.py:88} INFO - Job 9: Subtask transform_data_task
[2025-02-27T09:33:00.477+0000] {task_command.py:423} INFO - Running <TaskInstance: 3_4_2_homework_assignment.transform_data_task scheduled__2024-01-04T00:00:00+00:00 [running]> on host ea5964584459
[2025-02-27T09:33:00.522+0000] {taskinstance.py:2480} INFO - Exporting env vars: AIRFLOW_CTX_DAG_OWNER='airflow' AIRFLOW_CTX_DAG_ID='3_4_2_homework_assignment' AIRFLOW_CTX_TASK_ID='transform_data_task' AIRFLOW_CTX_EXECUTION_DATE='2024-01-04T00:00:00+00:00' AIRFLOW_CTX_TRY_NUMBER='1' AIRFLOW_CTX_DAG_RUN_ID='scheduled__2024-01-04T00:00:00+00:00'
[2025-02-27T09:33:00.523+0000] {taskinstance.py:2698} ERROR - Task failed with exception
Traceback (most recent call last):
  File "/home/airflow/.local/lib/python3.9/site-packages/airflow/models/taskinstance.py", line 433, in _execute_task
    result = execute_callable(context=context, **execute_callable_kwargs)
  File "/home/airflow/.local/lib/python3.9/site-packages/airflow/operators/python.py", line 199, in execute
    return_value = self.execute_callable()
  File "/home/airflow/.local/lib/python3.9/site-packages/airflow/operators/python.py", line 216, in execute_callable
    return self.python_callable(*self.op_args, **self.op_kwargs)
  File "/opt/airflow/dags/3_4_2_homework_assignment.py", line 56, in transform_data
    current = request_json["source"]
KeyError: 'source'
[2025-02-27T09:33:00.528+0000] {taskinstance.py:1138} INFO - Marking task as FAILED. dag_id=3_4_2_homework_assignment, task_id=transform_data_task, execution_date=20240104T000000, start_date=20250227T093300, end_date=20250227T093300
[2025-02-27T09:33:00.536+0000] {standard_task_runner.py:107} ERROR - Failed to execute job 9 for task transform_data_task ('source'; 278)
[2025-02-27T09:33:00.582+0000] {local_task_job_runner.py:234} INFO - Task exited with return code 1
[2025-02-27T09:35:12.670+0000] {taskinstance.py:1956} INFO - Dependencies all met for dep_context=non-requeueable deps ti=<TaskInstance: 3_4_2_homework_assignment.transform_data_task scheduled__2024-01-04T00:00:00+00:00 [queued]>
[2025-02-27T09:35:12.675+0000] {taskinstance.py:1956} INFO - Dependencies all met for dep_context=requeueable deps ti=<TaskInstance: 3_4_2_homework_assignment.transform_data_task scheduled__2024-01-04T00:00:00+00:00 [queued]>
[2025-02-27T09:35:12.675+0000] {taskinstance.py:2170} INFO - Starting attempt 1 of 1
[2025-02-27T09:35:12.685+0000] {taskinstance.py:2191} INFO - Executing <Task(PythonOperator): transform_data_task> on 2024-01-04 00:00:00+00:00
[2025-02-27T09:35:12.690+0000] {standard_task_runner.py:60} INFO - Started process 637 to run task
[2025-02-27T09:35:12.692+0000] {standard_task_runner.py:87} INFO - Running: ['airflow', 'tasks', 'run', '3_4_2_homework_assignment', 'transform_data_task', 'scheduled__2024-01-04T00:00:00+00:00', '--job-id', '9', '--raw', '--subdir', 'DAGS_FOLDER/3_4_2_homework_assignment.py', '--cfg-path', '/tmp/tmpx7lbotwb']
[2025-02-27T09:35:12.693+0000] {standard_task_runner.py:88} INFO - Job 9: Subtask transform_data_task
[2025-02-27T09:35:12.717+0000] {task_command.py:423} INFO - Running <TaskInstance: 3_4_2_homework_assignment.transform_data_task scheduled__2024-01-04T00:00:00+00:00 [running]> on host ea5964584459
[2025-02-27T09:35:12.759+0000] {taskinstance.py:2480} INFO - Exporting env vars: AIRFLOW_CTX_DAG_OWNER='airflow' AIRFLOW_CTX_DAG_ID='3_4_2_homework_assignment' AIRFLOW_CTX_TASK_ID='transform_data_task' AIRFLOW_CTX_EXECUTION_DATE='2024-01-04T00:00:00+00:00' AIRFLOW_CTX_TRY_NUMBER='1' AIRFLOW_CTX_DAG_RUN_ID='scheduled__2024-01-04T00:00:00+00:00'
[2025-02-27T09:35:12.760+0000] {taskinstance.py:2698} ERROR - Task failed with exception
Traceback (most recent call last):
  File "/home/airflow/.local/lib/python3.9/site-packages/airflow/models/taskinstance.py", line 433, in _execute_task
    result = execute_callable(context=context, **execute_callable_kwargs)
  File "/home/airflow/.local/lib/python3.9/site-packages/airflow/operators/python.py", line 199, in execute
    return_value = self.execute_callable()
  File "/home/airflow/.local/lib/python3.9/site-packages/airflow/operators/python.py", line 216, in execute_callable
    return self.python_callable(*self.op_args, **self.op_kwargs)
  File "/opt/airflow/dags/3_4_2_homework_assignment.py", line 56, in transform_data
    current = request_json["source"]
KeyError: 'source'
[2025-02-27T09:35:12.764+0000] {taskinstance.py:1138} INFO - Marking task as FAILED. dag_id=3_4_2_homework_assignment, task_id=transform_data_task, execution_date=20240104T000000, start_date=20250227T093512, end_date=20250227T093512
[2025-02-27T09:35:12.772+0000] {standard_task_runner.py:107} ERROR - Failed to execute job 9 for task transform_data_task ('source'; 637)
[2025-02-27T09:35:12.785+0000] {local_task_job_runner.py:234} INFO - Task exited with return code 1
[2025-02-27T09:40:09.926+0000] {taskinstance.py:1956} INFO - Dependencies all met for dep_context=non-requeueable deps ti=<TaskInstance: 3_4_2_homework_assignment.transform_data_task scheduled__2024-01-04T00:00:00+00:00 [queued]>
[2025-02-27T09:40:09.931+0000] {taskinstance.py:1956} INFO - Dependencies all met for dep_context=requeueable deps ti=<TaskInstance: 3_4_2_homework_assignment.transform_data_task scheduled__2024-01-04T00:00:00+00:00 [queued]>
[2025-02-27T09:40:09.931+0000] {taskinstance.py:2170} INFO - Starting attempt 1 of 1
[2025-02-27T09:40:09.942+0000] {taskinstance.py:2191} INFO - Executing <Task(PythonOperator): transform_data_task> on 2024-01-04 00:00:00+00:00
[2025-02-27T09:40:09.948+0000] {standard_task_runner.py:60} INFO - Started process 1040 to run task
[2025-02-27T09:40:09.950+0000] {standard_task_runner.py:87} INFO - Running: ['airflow', 'tasks', 'run', '3_4_2_homework_assignment', 'transform_data_task', 'scheduled__2024-01-04T00:00:00+00:00', '--job-id', '9', '--raw', '--subdir', 'DAGS_FOLDER/3_4_2_homework_assignment.py', '--cfg-path', '/tmp/tmp_lvl071y']
[2025-02-27T09:40:09.951+0000] {standard_task_runner.py:88} INFO - Job 9: Subtask transform_data_task
[2025-02-27T09:40:09.999+0000] {task_command.py:423} INFO - Running <TaskInstance: 3_4_2_homework_assignment.transform_data_task scheduled__2024-01-04T00:00:00+00:00 [running]> on host ea5964584459
[2025-02-27T09:40:10.044+0000] {taskinstance.py:2480} INFO - Exporting env vars: AIRFLOW_CTX_DAG_OWNER='airflow' AIRFLOW_CTX_DAG_ID='3_4_2_homework_assignment' AIRFLOW_CTX_TASK_ID='transform_data_task' AIRFLOW_CTX_EXECUTION_DATE='2024-01-04T00:00:00+00:00' AIRFLOW_CTX_TRY_NUMBER='1' AIRFLOW_CTX_DAG_RUN_ID='scheduled__2024-01-04T00:00:00+00:00'
[2025-02-27T09:40:10.045+0000] {taskinstance.py:2698} ERROR - Task failed with exception
Traceback (most recent call last):
  File "/home/airflow/.local/lib/python3.9/site-packages/airflow/models/taskinstance.py", line 433, in _execute_task
    result = execute_callable(context=context, **execute_callable_kwargs)
  File "/home/airflow/.local/lib/python3.9/site-packages/airflow/operators/python.py", line 199, in execute
    return_value = self.execute_callable()
  File "/home/airflow/.local/lib/python3.9/site-packages/airflow/operators/python.py", line 216, in execute_callable
    return self.python_callable(*self.op_args, **self.op_kwargs)
  File "/opt/airflow/dags/3_4_2_homework_assignment.py", line 56, in transform_data
    current = request_json["source"]
KeyError: 'source'
[2025-02-27T09:40:10.050+0000] {taskinstance.py:1138} INFO - Marking task as FAILED. dag_id=3_4_2_homework_assignment, task_id=transform_data_task, execution_date=20240104T000000, start_date=20250227T094009, end_date=20250227T094010
[2025-02-27T09:40:10.058+0000] {standard_task_runner.py:107} ERROR - Failed to execute job 9 for task transform_data_task ('source'; 1040)
[2025-02-27T09:40:10.084+0000] {local_task_job_runner.py:234} INFO - Task exited with return code 1
[2025-02-27T09:44:06.438+0000] {taskinstance.py:1956} INFO - Dependencies all met for dep_context=non-requeueable deps ti=<TaskInstance: 3_4_2_homework_assignment.transform_data_task scheduled__2024-01-04T00:00:00+00:00 [queued]>
[2025-02-27T09:44:06.444+0000] {taskinstance.py:1956} INFO - Dependencies all met for dep_context=requeueable deps ti=<TaskInstance: 3_4_2_homework_assignment.transform_data_task scheduled__2024-01-04T00:00:00+00:00 [queued]>
[2025-02-27T09:44:06.445+0000] {taskinstance.py:2170} INFO - Starting attempt 1 of 1
[2025-02-27T09:44:06.458+0000] {taskinstance.py:2191} INFO - Executing <Task(PythonOperator): transform_data_task> on 2024-01-04 00:00:00+00:00
[2025-02-27T09:44:06.466+0000] {standard_task_runner.py:60} INFO - Started process 1432 to run task
[2025-02-27T09:44:06.469+0000] {standard_task_runner.py:87} INFO - Running: ['airflow', 'tasks', 'run', '3_4_2_homework_assignment', 'transform_data_task', 'scheduled__2024-01-04T00:00:00+00:00', '--job-id', '9', '--raw', '--subdir', 'DAGS_FOLDER/3_4_2_homework_assignment.py', '--cfg-path', '/tmp/tmpl1nl4htt']
[2025-02-27T09:44:06.471+0000] {standard_task_runner.py:88} INFO - Job 9: Subtask transform_data_task
[2025-02-27T09:44:06.507+0000] {task_command.py:423} INFO - Running <TaskInstance: 3_4_2_homework_assignment.transform_data_task scheduled__2024-01-04T00:00:00+00:00 [running]> on host ea5964584459
[2025-02-27T09:44:06.562+0000] {taskinstance.py:2480} INFO - Exporting env vars: AIRFLOW_CTX_DAG_OWNER='airflow' AIRFLOW_CTX_DAG_ID='3_4_2_homework_assignment' AIRFLOW_CTX_TASK_ID='transform_data_task' AIRFLOW_CTX_EXECUTION_DATE='2024-01-04T00:00:00+00:00' AIRFLOW_CTX_TRY_NUMBER='1' AIRFLOW_CTX_DAG_RUN_ID='scheduled__2024-01-04T00:00:00+00:00'
[2025-02-27T09:44:06.564+0000] {taskinstance.py:2698} ERROR - Task failed with exception
Traceback (most recent call last):
  File "/home/airflow/.local/lib/python3.9/site-packages/airflow/models/taskinstance.py", line 433, in _execute_task
    result = execute_callable(context=context, **execute_callable_kwargs)
  File "/home/airflow/.local/lib/python3.9/site-packages/airflow/operators/python.py", line 199, in execute
    return_value = self.execute_callable()
  File "/home/airflow/.local/lib/python3.9/site-packages/airflow/operators/python.py", line 216, in execute_callable
    return self.python_callable(*self.op_args, **self.op_kwargs)
  File "/opt/airflow/dags/3_4_2_homework_assignment.py", line 60, in transform_data
    raise KeyError(f"Ключ '{key}' отсутствует в JSON-файле: {s_file}")
KeyError: "Ключ 'source' отсутствует в JSON-файле: extracted_data.json"
[2025-02-27T09:44:06.570+0000] {taskinstance.py:1138} INFO - Marking task as FAILED. dag_id=3_4_2_homework_assignment, task_id=transform_data_task, execution_date=20240104T000000, start_date=20250227T094406, end_date=20250227T094406
[2025-02-27T09:44:06.581+0000] {standard_task_runner.py:107} ERROR - Failed to execute job 9 for task transform_data_task ("Ключ 'source' отсутствует в JSON-файле: extracted_data.json"; 1432)
[2025-02-27T09:44:06.603+0000] {local_task_job_runner.py:234} INFO - Task exited with return code 1
[2025-02-27T09:48:46.647+0000] {taskinstance.py:1956} INFO - Dependencies all met for dep_context=non-requeueable deps ti=<TaskInstance: 3_4_2_homework_assignment.transform_data_task scheduled__2024-01-04T00:00:00+00:00 [queued]>
[2025-02-27T09:48:46.658+0000] {taskinstance.py:1956} INFO - Dependencies all met for dep_context=requeueable deps ti=<TaskInstance: 3_4_2_homework_assignment.transform_data_task scheduled__2024-01-04T00:00:00+00:00 [queued]>
[2025-02-27T09:48:46.659+0000] {taskinstance.py:2170} INFO - Starting attempt 1 of 1
[2025-02-27T09:48:46.676+0000] {taskinstance.py:2191} INFO - Executing <Task(PythonOperator): transform_data_task> on 2024-01-04 00:00:00+00:00
[2025-02-27T09:48:46.683+0000] {standard_task_runner.py:60} INFO - Started process 2017 to run task
[2025-02-27T09:48:46.688+0000] {standard_task_runner.py:87} INFO - Running: ['airflow', 'tasks', 'run', '3_4_2_homework_assignment', 'transform_data_task', 'scheduled__2024-01-04T00:00:00+00:00', '--job-id', '8', '--raw', '--subdir', 'DAGS_FOLDER/3_4_2_homework_assignment.py', '--cfg-path', '/tmp/tmp2a3jlghh']
[2025-02-27T09:48:46.690+0000] {standard_task_runner.py:88} INFO - Job 8: Subtask transform_data_task
[2025-02-27T09:48:46.729+0000] {task_command.py:423} INFO - Running <TaskInstance: 3_4_2_homework_assignment.transform_data_task scheduled__2024-01-04T00:00:00+00:00 [running]> on host ea5964584459
[2025-02-27T09:48:46.801+0000] {taskinstance.py:2480} INFO - Exporting env vars: AIRFLOW_CTX_DAG_OWNER='airflow' AIRFLOW_CTX_DAG_ID='3_4_2_homework_assignment' AIRFLOW_CTX_TASK_ID='transform_data_task' AIRFLOW_CTX_EXECUTION_DATE='2024-01-04T00:00:00+00:00' AIRFLOW_CTX_TRY_NUMBER='1' AIRFLOW_CTX_DAG_RUN_ID='scheduled__2024-01-04T00:00:00+00:00'
[2025-02-27T09:48:46.803+0000] {taskinstance.py:2698} ERROR - Task failed with exception
Traceback (most recent call last):
  File "/home/airflow/.local/lib/python3.9/site-packages/airflow/models/taskinstance.py", line 433, in _execute_task
    result = execute_callable(context=context, **execute_callable_kwargs)
  File "/home/airflow/.local/lib/python3.9/site-packages/airflow/operators/python.py", line 199, in execute
    return_value = self.execute_callable()
  File "/home/airflow/.local/lib/python3.9/site-packages/airflow/operators/python.py", line 216, in execute_callable
    return self.python_callable(*self.op_args, **self.op_kwargs)
  File "/opt/airflow/dags/3_4_2_homework_assignment.py", line 66, in transform_data
    raise KeyError(f"Ключ '{key}' отсутствует в JSON-файле: {s_file}")
KeyError: "Ключ 'source' отсутствует в JSON-файле: extracted_data.json"
[2025-02-27T09:48:46.810+0000] {taskinstance.py:1138} INFO - Marking task as FAILED. dag_id=3_4_2_homework_assignment, task_id=transform_data_task, execution_date=20240104T000000, start_date=20250227T094846, end_date=20250227T094846
[2025-02-27T09:48:46.823+0000] {standard_task_runner.py:107} ERROR - Failed to execute job 8 for task transform_data_task ("Ключ 'source' отсутствует в JSON-файле: extracted_data.json"; 2017)
[2025-02-27T09:48:46.862+0000] {local_task_job_runner.py:234} INFO - Task exited with return code 1
[2025-02-27T09:48:46.874+0000] {taskinstance.py:3280} INFO - 0 downstream tasks scheduled from follow-on schedule check
[2025-02-27T09:50:20.198+0000] {taskinstance.py:1956} INFO - Dependencies all met for dep_context=non-requeueable deps ti=<TaskInstance: 3_4_2_homework_assignment.transform_data_task scheduled__2024-01-04T00:00:00+00:00 [queued]>
[2025-02-27T09:50:20.203+0000] {taskinstance.py:1956} INFO - Dependencies all met for dep_context=requeueable deps ti=<TaskInstance: 3_4_2_homework_assignment.transform_data_task scheduled__2024-01-04T00:00:00+00:00 [queued]>
[2025-02-27T09:50:20.203+0000] {taskinstance.py:2170} INFO - Starting attempt 1 of 1
[2025-02-27T09:50:20.213+0000] {taskinstance.py:2191} INFO - Executing <Task(PythonOperator): transform_data_task> on 2024-01-04 00:00:00+00:00
[2025-02-27T09:50:20.218+0000] {standard_task_runner.py:60} INFO - Started process 2245 to run task
[2025-02-27T09:50:20.220+0000] {standard_task_runner.py:87} INFO - Running: ['airflow', 'tasks', 'run', '3_4_2_homework_assignment', 'transform_data_task', 'scheduled__2024-01-04T00:00:00+00:00', '--job-id', '12', '--raw', '--subdir', 'DAGS_FOLDER/3_4_2_homework_assignment.py', '--cfg-path', '/tmp/tmp72j2xdt1']
[2025-02-27T09:50:20.221+0000] {standard_task_runner.py:88} INFO - Job 12: Subtask transform_data_task
[2025-02-27T09:50:20.245+0000] {task_command.py:423} INFO - Running <TaskInstance: 3_4_2_homework_assignment.transform_data_task scheduled__2024-01-04T00:00:00+00:00 [running]> on host ea5964584459
[2025-02-27T09:50:20.283+0000] {taskinstance.py:2480} INFO - Exporting env vars: AIRFLOW_CTX_DAG_OWNER='airflow' AIRFLOW_CTX_DAG_ID='3_4_2_homework_assignment' AIRFLOW_CTX_TASK_ID='transform_data_task' AIRFLOW_CTX_EXECUTION_DATE='2024-01-04T00:00:00+00:00' AIRFLOW_CTX_TRY_NUMBER='1' AIRFLOW_CTX_DAG_RUN_ID='scheduled__2024-01-04T00:00:00+00:00'
[2025-02-27T09:50:20.284+0000] {taskinstance.py:2698} ERROR - Task failed with exception
Traceback (most recent call last):
  File "/home/airflow/.local/lib/python3.9/site-packages/airflow/models/taskinstance.py", line 433, in _execute_task
    result = execute_callable(context=context, **execute_callable_kwargs)
  File "/home/airflow/.local/lib/python3.9/site-packages/airflow/operators/python.py", line 199, in execute
    return_value = self.execute_callable()
  File "/home/airflow/.local/lib/python3.9/site-packages/airflow/operators/python.py", line 216, in execute_callable
    return self.python_callable(*self.op_args, **self.op_kwargs)
  File "/opt/airflow/dags/3_4_2_homework_assignment.py", line 66, in transform_data
    raise KeyError(f"Ключ '{key}' отсутствует в JSON-файле: {s_file}")
KeyError: "Ключ 'source' отсутствует в JSON-файле: extracted_data.json"
[2025-02-27T09:50:20.289+0000] {taskinstance.py:1138} INFO - Marking task as FAILED. dag_id=3_4_2_homework_assignment, task_id=transform_data_task, execution_date=20240104T000000, start_date=20250227T095020, end_date=20250227T095020
[2025-02-27T09:50:20.296+0000] {standard_task_runner.py:107} ERROR - Failed to execute job 12 for task transform_data_task ("Ключ 'source' отсутствует в JSON-файле: extracted_data.json"; 2245)
[2025-02-27T09:50:20.313+0000] {local_task_job_runner.py:234} INFO - Task exited with return code 1
[2025-02-27T09:50:20.321+0000] {taskinstance.py:3280} INFO - 0 downstream tasks scheduled from follow-on schedule check
[2025-02-27T09:54:39.026+0000] {taskinstance.py:1956} INFO - Dependencies all met for dep_context=non-requeueable deps ti=<TaskInstance: 3_4_2_homework_assignment.transform_data_task scheduled__2024-01-04T00:00:00+00:00 [queued]>
[2025-02-27T09:54:39.032+0000] {taskinstance.py:1956} INFO - Dependencies all met for dep_context=requeueable deps ti=<TaskInstance: 3_4_2_homework_assignment.transform_data_task scheduled__2024-01-04T00:00:00+00:00 [queued]>
[2025-02-27T09:54:39.033+0000] {taskinstance.py:2170} INFO - Starting attempt 1 of 1
[2025-02-27T09:54:39.044+0000] {taskinstance.py:2191} INFO - Executing <Task(PythonOperator): transform_data_task> on 2024-01-04 00:00:00+00:00
[2025-02-27T09:54:39.051+0000] {standard_task_runner.py:60} INFO - Started process 2825 to run task
[2025-02-27T09:54:39.054+0000] {standard_task_runner.py:87} INFO - Running: ['airflow', 'tasks', 'run', '3_4_2_homework_assignment', 'transform_data_task', 'scheduled__2024-01-04T00:00:00+00:00', '--job-id', '12', '--raw', '--subdir', 'DAGS_FOLDER/3_4_2_homework_assignment.py', '--cfg-path', '/tmp/tmpusqqjgec']
[2025-02-27T09:54:39.056+0000] {standard_task_runner.py:88} INFO - Job 12: Subtask transform_data_task
[2025-02-27T09:54:39.085+0000] {task_command.py:423} INFO - Running <TaskInstance: 3_4_2_homework_assignment.transform_data_task scheduled__2024-01-04T00:00:00+00:00 [running]> on host ea5964584459
[2025-02-27T09:54:39.133+0000] {taskinstance.py:2480} INFO - Exporting env vars: AIRFLOW_CTX_DAG_OWNER='airflow' AIRFLOW_CTX_DAG_ID='3_4_2_homework_assignment' AIRFLOW_CTX_TASK_ID='transform_data_task' AIRFLOW_CTX_EXECUTION_DATE='2024-01-04T00:00:00+00:00' AIRFLOW_CTX_TRY_NUMBER='1' AIRFLOW_CTX_DAG_RUN_ID='scheduled__2024-01-04T00:00:00+00:00'
[2025-02-27T09:54:39.135+0000] {taskinstance.py:2698} ERROR - Task failed with exception
Traceback (most recent call last):
  File "/home/airflow/.local/lib/python3.9/site-packages/airflow/models/taskinstance.py", line 433, in _execute_task
    result = execute_callable(context=context, **execute_callable_kwargs)
  File "/home/airflow/.local/lib/python3.9/site-packages/airflow/operators/python.py", line 199, in execute
    return_value = self.execute_callable()
  File "/home/airflow/.local/lib/python3.9/site-packages/airflow/operators/python.py", line 216, in execute_callable
    return self.python_callable(*self.op_args, **self.op_kwargs)
  File "/opt/airflow/dags/3_4_2_homework_assignment.py", line 67, in transform_data
    raise KeyError(f"Ключ '{key}' отсутствует в JSON-файле: {s_file}")
KeyError: "Ключ 'source' отсутствует в JSON-файле: extracted_data.json"
[2025-02-27T09:54:39.140+0000] {taskinstance.py:1138} INFO - Marking task as FAILED. dag_id=3_4_2_homework_assignment, task_id=transform_data_task, execution_date=20240104T000000, start_date=20250227T095439, end_date=20250227T095439
[2025-02-27T09:54:39.149+0000] {standard_task_runner.py:107} ERROR - Failed to execute job 12 for task transform_data_task ("Ключ 'source' отсутствует в JSON-файле: extracted_data.json"; 2825)
[2025-02-27T09:54:39.188+0000] {local_task_job_runner.py:234} INFO - Task exited with return code 1
[2025-02-27T09:54:39.198+0000] {taskinstance.py:3280} INFO - 0 downstream tasks scheduled from follow-on schedule check
[2025-02-27T10:06:31.797+0000] {taskinstance.py:1956} INFO - Dependencies all met for dep_context=non-requeueable deps ti=<TaskInstance: 3_4_2_homework_assignment.transform_data_task scheduled__2024-01-04T00:00:00+00:00 [queued]>
[2025-02-27T10:06:31.802+0000] {taskinstance.py:1956} INFO - Dependencies all met for dep_context=requeueable deps ti=<TaskInstance: 3_4_2_homework_assignment.transform_data_task scheduled__2024-01-04T00:00:00+00:00 [queued]>
[2025-02-27T10:06:31.803+0000] {taskinstance.py:2170} INFO - Starting attempt 1 of 1
[2025-02-27T10:06:31.814+0000] {taskinstance.py:2191} INFO - Executing <Task(PythonOperator): transform_data_task> on 2024-01-04 00:00:00+00:00
[2025-02-27T10:06:31.819+0000] {standard_task_runner.py:60} INFO - Started process 3467 to run task
[2025-02-27T10:06:31.821+0000] {standard_task_runner.py:87} INFO - Running: ['airflow', 'tasks', 'run', '3_4_2_homework_assignment', 'transform_data_task', 'scheduled__2024-01-04T00:00:00+00:00', '--job-id', '12', '--raw', '--subdir', 'DAGS_FOLDER/3_4_2_homework_assignment.py', '--cfg-path', '/tmp/tmpqr_wuq7m']
[2025-02-27T10:06:31.823+0000] {standard_task_runner.py:88} INFO - Job 12: Subtask transform_data_task
[2025-02-27T10:06:31.851+0000] {task_command.py:423} INFO - Running <TaskInstance: 3_4_2_homework_assignment.transform_data_task scheduled__2024-01-04T00:00:00+00:00 [running]> on host ea5964584459
[2025-02-27T10:06:31.894+0000] {taskinstance.py:2480} INFO - Exporting env vars: AIRFLOW_CTX_DAG_OWNER='airflow' AIRFLOW_CTX_DAG_ID='3_4_2_homework_assignment' AIRFLOW_CTX_TASK_ID='transform_data_task' AIRFLOW_CTX_EXECUTION_DATE='2024-01-04T00:00:00+00:00' AIRFLOW_CTX_TRY_NUMBER='1' AIRFLOW_CTX_DAG_RUN_ID='scheduled__2024-01-04T00:00:00+00:00'
[2025-02-27T10:06:31.896+0000] {taskinstance.py:2698} ERROR - Task failed with exception
Traceback (most recent call last):
  File "/home/airflow/.local/lib/python3.9/site-packages/airflow/models/taskinstance.py", line 433, in _execute_task
    result = execute_callable(context=context, **execute_callable_kwargs)
  File "/home/airflow/.local/lib/python3.9/site-packages/airflow/operators/python.py", line 199, in execute
    return_value = self.execute_callable()
  File "/home/airflow/.local/lib/python3.9/site-packages/airflow/operators/python.py", line 216, in execute_callable
    return self.python_callable(*self.op_args, **self.op_kwargs)
  File "/opt/airflow/dags/3_4_2_homework_assignment.py", line 61, in transform_data
    raise KeyError(f"Ключ '{key}' отсутствует в JSON-файле: {s_file}")
KeyError: "Ключ 'source' отсутствует в JSON-файле: extracted_data.json"
[2025-02-27T10:06:31.902+0000] {taskinstance.py:1138} INFO - Marking task as FAILED. dag_id=3_4_2_homework_assignment, task_id=transform_data_task, execution_date=20240104T000000, start_date=20250227T100631, end_date=20250227T100631
[2025-02-27T10:06:31.913+0000] {standard_task_runner.py:107} ERROR - Failed to execute job 12 for task transform_data_task ("Ключ 'source' отсутствует в JSON-файле: extracted_data.json"; 3467)
[2025-02-27T10:06:31.956+0000] {local_task_job_runner.py:234} INFO - Task exited with return code 1
[2025-02-27T10:06:31.969+0000] {taskinstance.py:3280} INFO - 0 downstream tasks scheduled from follow-on schedule check
[2025-02-27T10:12:23.283+0000] {taskinstance.py:1956} INFO - Dependencies all met for dep_context=non-requeueable deps ti=<TaskInstance: 3_4_2_homework_assignment.transform_data_task scheduled__2024-01-04T00:00:00+00:00 [queued]>
[2025-02-27T10:12:23.287+0000] {taskinstance.py:1956} INFO - Dependencies all met for dep_context=requeueable deps ti=<TaskInstance: 3_4_2_homework_assignment.transform_data_task scheduled__2024-01-04T00:00:00+00:00 [queued]>
[2025-02-27T10:12:23.288+0000] {taskinstance.py:2170} INFO - Starting attempt 1 of 1
[2025-02-27T10:12:23.298+0000] {taskinstance.py:2191} INFO - Executing <Task(PythonOperator): transform_data_task> on 2024-01-04 00:00:00+00:00
[2025-02-27T10:12:23.303+0000] {standard_task_runner.py:60} INFO - Started process 4080 to run task
[2025-02-27T10:12:23.305+0000] {standard_task_runner.py:87} INFO - Running: ['airflow', 'tasks', 'run', '3_4_2_homework_assignment', 'transform_data_task', 'scheduled__2024-01-04T00:00:00+00:00', '--job-id', '10', '--raw', '--subdir', 'DAGS_FOLDER/3_4_2_homework_assignment.py', '--cfg-path', '/tmp/tmp155ik2li']
[2025-02-27T10:12:23.307+0000] {standard_task_runner.py:88} INFO - Job 10: Subtask transform_data_task
[2025-02-27T10:12:23.334+0000] {task_command.py:423} INFO - Running <TaskInstance: 3_4_2_homework_assignment.transform_data_task scheduled__2024-01-04T00:00:00+00:00 [running]> on host ea5964584459
[2025-02-27T10:12:23.372+0000] {taskinstance.py:2480} INFO - Exporting env vars: AIRFLOW_CTX_DAG_OWNER='airflow' AIRFLOW_CTX_DAG_ID='3_4_2_homework_assignment' AIRFLOW_CTX_TASK_ID='transform_data_task' AIRFLOW_CTX_EXECUTION_DATE='2024-01-04T00:00:00+00:00' AIRFLOW_CTX_TRY_NUMBER='1' AIRFLOW_CTX_DAG_RUN_ID='scheduled__2024-01-04T00:00:00+00:00'
[2025-02-27T10:12:23.374+0000] {taskinstance.py:2698} ERROR - Task failed with exception
Traceback (most recent call last):
  File "/home/airflow/.local/lib/python3.9/site-packages/airflow/models/taskinstance.py", line 433, in _execute_task
    result = execute_callable(context=context, **execute_callable_kwargs)
  File "/home/airflow/.local/lib/python3.9/site-packages/airflow/operators/python.py", line 199, in execute
    return_value = self.execute_callable()
  File "/home/airflow/.local/lib/python3.9/site-packages/airflow/operators/python.py", line 216, in execute_callable
    return self.python_callable(*self.op_args, **self.op_kwargs)
  File "/opt/airflow/dags/3_4_2_homework_assignment.py", line 62, in transform_data
    raise KeyError(f"Ключ '{key}' отсутствует в JSON-файле: {s_file}")
KeyError: "Ключ 'source' отсутствует в JSON-файле: extracted_data.json"
[2025-02-27T10:12:23.378+0000] {taskinstance.py:1138} INFO - Marking task as FAILED. dag_id=3_4_2_homework_assignment, task_id=transform_data_task, execution_date=20240104T000000, start_date=20250227T101223, end_date=20250227T101223
[2025-02-27T10:12:23.386+0000] {standard_task_runner.py:107} ERROR - Failed to execute job 10 for task transform_data_task ("Ключ 'source' отсутствует в JSON-файле: extracted_data.json"; 4080)
[2025-02-27T10:12:23.398+0000] {local_task_job_runner.py:234} INFO - Task exited with return code 1
[2025-02-27T10:12:23.408+0000] {taskinstance.py:3280} INFO - 0 downstream tasks scheduled from follow-on schedule check
[2025-02-27T10:14:09.351+0000] {taskinstance.py:1956} INFO - Dependencies all met for dep_context=non-requeueable deps ti=<TaskInstance: 3_4_2_homework_assignment.transform_data_task scheduled__2024-01-04T00:00:00+00:00 [queued]>
[2025-02-27T10:14:09.357+0000] {taskinstance.py:1956} INFO - Dependencies all met for dep_context=requeueable deps ti=<TaskInstance: 3_4_2_homework_assignment.transform_data_task scheduled__2024-01-04T00:00:00+00:00 [queued]>
[2025-02-27T10:14:09.358+0000] {taskinstance.py:2170} INFO - Starting attempt 1 of 1
[2025-02-27T10:14:09.373+0000] {taskinstance.py:2191} INFO - Executing <Task(PythonOperator): transform_data_task> on 2024-01-04 00:00:00+00:00
[2025-02-27T10:14:09.380+0000] {standard_task_runner.py:60} INFO - Started process 4362 to run task
[2025-02-27T10:14:09.383+0000] {standard_task_runner.py:87} INFO - Running: ['airflow', 'tasks', 'run', '3_4_2_homework_assignment', 'transform_data_task', 'scheduled__2024-01-04T00:00:00+00:00', '--job-id', '12', '--raw', '--subdir', 'DAGS_FOLDER/3_4_2_homework_assignment.py', '--cfg-path', '/tmp/tmpxm87ymq0']
[2025-02-27T10:14:09.384+0000] {standard_task_runner.py:88} INFO - Job 12: Subtask transform_data_task
[2025-02-27T10:14:09.420+0000] {task_command.py:423} INFO - Running <TaskInstance: 3_4_2_homework_assignment.transform_data_task scheduled__2024-01-04T00:00:00+00:00 [running]> on host ea5964584459
[2025-02-27T10:14:09.469+0000] {taskinstance.py:2480} INFO - Exporting env vars: AIRFLOW_CTX_DAG_OWNER='airflow' AIRFLOW_CTX_DAG_ID='3_4_2_homework_assignment' AIRFLOW_CTX_TASK_ID='transform_data_task' AIRFLOW_CTX_EXECUTION_DATE='2024-01-04T00:00:00+00:00' AIRFLOW_CTX_TRY_NUMBER='1' AIRFLOW_CTX_DAG_RUN_ID='scheduled__2024-01-04T00:00:00+00:00'
[2025-02-27T10:14:09.471+0000] {python.py:201} INFO - Done. Returned value was: None
[2025-02-27T10:14:09.475+0000] {taskinstance.py:1138} INFO - Marking task as SUCCESS. dag_id=3_4_2_homework_assignment, task_id=transform_data_task, execution_date=20240104T000000, start_date=20250227T101409, end_date=20250227T101409
[2025-02-27T10:14:09.517+0000] {local_task_job_runner.py:234} INFO - Task exited with return code 0
[2025-02-27T10:14:09.527+0000] {taskinstance.py:3280} INFO - 0 downstream tasks scheduled from follow-on schedule check
[2025-02-27T10:19:23.618+0000] {taskinstance.py:1956} INFO - Dependencies all met for dep_context=non-requeueable deps ti=<TaskInstance: 3_4_2_homework_assignment.transform_data_task scheduled__2024-01-04T00:00:00+00:00 [queued]>
[2025-02-27T10:19:23.622+0000] {taskinstance.py:1956} INFO - Dependencies all met for dep_context=requeueable deps ti=<TaskInstance: 3_4_2_homework_assignment.transform_data_task scheduled__2024-01-04T00:00:00+00:00 [queued]>
[2025-02-27T10:19:23.622+0000] {taskinstance.py:2170} INFO - Starting attempt 1 of 1
[2025-02-27T10:19:23.634+0000] {taskinstance.py:2191} INFO - Executing <Task(PythonOperator): transform_data_task> on 2024-01-04 00:00:00+00:00
[2025-02-27T10:19:23.639+0000] {standard_task_runner.py:60} INFO - Started process 4955 to run task
[2025-02-27T10:19:23.641+0000] {standard_task_runner.py:87} INFO - Running: ['airflow', 'tasks', 'run', '3_4_2_homework_assignment', 'transform_data_task', 'scheduled__2024-01-04T00:00:00+00:00', '--job-id', '12', '--raw', '--subdir', 'DAGS_FOLDER/3_4_2_homework_assignment.py', '--cfg-path', '/tmp/tmpghh8o6iv']
[2025-02-27T10:19:23.642+0000] {standard_task_runner.py:88} INFO - Job 12: Subtask transform_data_task
[2025-02-27T10:19:23.667+0000] {task_command.py:423} INFO - Running <TaskInstance: 3_4_2_homework_assignment.transform_data_task scheduled__2024-01-04T00:00:00+00:00 [running]> on host ea5964584459
[2025-02-27T10:19:23.704+0000] {taskinstance.py:2480} INFO - Exporting env vars: AIRFLOW_CTX_DAG_OWNER='airflow' AIRFLOW_CTX_DAG_ID='3_4_2_homework_assignment' AIRFLOW_CTX_TASK_ID='transform_data_task' AIRFLOW_CTX_EXECUTION_DATE='2024-01-04T00:00:00+00:00' AIRFLOW_CTX_TRY_NUMBER='1' AIRFLOW_CTX_DAG_RUN_ID='scheduled__2024-01-04T00:00:00+00:00'
[2025-02-27T10:19:23.706+0000] {python.py:201} INFO - Done. Returned value was: None
[2025-02-27T10:19:23.708+0000] {taskinstance.py:1138} INFO - Marking task as SUCCESS. dag_id=3_4_2_homework_assignment, task_id=transform_data_task, execution_date=20240104T000000, start_date=20250227T101923, end_date=20250227T101923
[2025-02-27T10:19:23.734+0000] {local_task_job_runner.py:234} INFO - Task exited with return code 0
[2025-02-27T10:24:04.968+0000] {taskinstance.py:1956} INFO - Dependencies all met for dep_context=non-requeueable deps ti=<TaskInstance: 3_4_2_homework_assignment.transform_data_task scheduled__2024-01-04T00:00:00+00:00 [queued]>
[2025-02-27T10:24:04.976+0000] {taskinstance.py:1956} INFO - Dependencies all met for dep_context=requeueable deps ti=<TaskInstance: 3_4_2_homework_assignment.transform_data_task scheduled__2024-01-04T00:00:00+00:00 [queued]>
[2025-02-27T10:24:04.977+0000] {taskinstance.py:2170} INFO - Starting attempt 1 of 1
[2025-02-27T10:24:04.995+0000] {taskinstance.py:2191} INFO - Executing <Task(PythonOperator): transform_data_task> on 2024-01-04 00:00:00+00:00
[2025-02-27T10:24:05.001+0000] {standard_task_runner.py:60} INFO - Started process 5406 to run task
[2025-02-27T10:24:05.006+0000] {standard_task_runner.py:87} INFO - Running: ['airflow', 'tasks', 'run', '3_4_2_homework_assignment', 'transform_data_task', 'scheduled__2024-01-04T00:00:00+00:00', '--job-id', '12', '--raw', '--subdir', 'DAGS_FOLDER/3_4_2_homework_assignment.py', '--cfg-path', '/tmp/tmpjdq4dbea']
[2025-02-27T10:24:05.007+0000] {standard_task_runner.py:88} INFO - Job 12: Subtask transform_data_task
[2025-02-27T10:24:05.058+0000] {task_command.py:423} INFO - Running <TaskInstance: 3_4_2_homework_assignment.transform_data_task scheduled__2024-01-04T00:00:00+00:00 [running]> on host ea5964584459
[2025-02-27T10:24:05.117+0000] {taskinstance.py:2480} INFO - Exporting env vars: AIRFLOW_CTX_DAG_OWNER='airflow' AIRFLOW_CTX_DAG_ID='3_4_2_homework_assignment' AIRFLOW_CTX_TASK_ID='transform_data_task' AIRFLOW_CTX_EXECUTION_DATE='2024-01-04T00:00:00+00:00' AIRFLOW_CTX_TRY_NUMBER='1' AIRFLOW_CTX_DAG_RUN_ID='scheduled__2024-01-04T00:00:00+00:00'
[2025-02-27T10:24:05.119+0000] {python.py:201} INFO - Done. Returned value was: None
[2025-02-27T10:24:05.123+0000] {taskinstance.py:1138} INFO - Marking task as SUCCESS. dag_id=3_4_2_homework_assignment, task_id=transform_data_task, execution_date=20240104T000000, start_date=20250227T102404, end_date=20250227T102405
[2025-02-27T10:24:05.179+0000] {local_task_job_runner.py:234} INFO - Task exited with return code 0
[2025-02-27T10:26:50.017+0000] {taskinstance.py:1956} INFO - Dependencies all met for dep_context=non-requeueable deps ti=<TaskInstance: 3_4_2_homework_assignment.transform_data_task scheduled__2024-01-04T00:00:00+00:00 [queued]>
[2025-02-27T10:26:50.023+0000] {taskinstance.py:1956} INFO - Dependencies all met for dep_context=requeueable deps ti=<TaskInstance: 3_4_2_homework_assignment.transform_data_task scheduled__2024-01-04T00:00:00+00:00 [queued]>
[2025-02-27T10:26:50.024+0000] {taskinstance.py:2170} INFO - Starting attempt 1 of 1
[2025-02-27T10:26:50.040+0000] {taskinstance.py:2191} INFO - Executing <Task(PythonOperator): transform_data_task> on 2024-01-04 00:00:00+00:00
[2025-02-27T10:26:50.046+0000] {standard_task_runner.py:60} INFO - Started process 5697 to run task
[2025-02-27T10:26:50.048+0000] {standard_task_runner.py:87} INFO - Running: ['airflow', 'tasks', 'run', '3_4_2_homework_assignment', 'transform_data_task', 'scheduled__2024-01-04T00:00:00+00:00', '--job-id', '12', '--raw', '--subdir', 'DAGS_FOLDER/3_4_2_homework_assignment.py', '--cfg-path', '/tmp/tmpdszgoykk']
[2025-02-27T10:26:50.050+0000] {standard_task_runner.py:88} INFO - Job 12: Subtask transform_data_task
[2025-02-27T10:26:50.081+0000] {task_command.py:423} INFO - Running <TaskInstance: 3_4_2_homework_assignment.transform_data_task scheduled__2024-01-04T00:00:00+00:00 [running]> on host ea5964584459
[2025-02-27T10:26:50.147+0000] {taskinstance.py:2480} INFO - Exporting env vars: AIRFLOW_CTX_DAG_OWNER='airflow' AIRFLOW_CTX_DAG_ID='3_4_2_homework_assignment' AIRFLOW_CTX_TASK_ID='transform_data_task' AIRFLOW_CTX_EXECUTION_DATE='2024-01-04T00:00:00+00:00' AIRFLOW_CTX_TRY_NUMBER='1' AIRFLOW_CTX_DAG_RUN_ID='scheduled__2024-01-04T00:00:00+00:00'
[2025-02-27T10:26:50.149+0000] {python.py:201} INFO - Done. Returned value was: None
[2025-02-27T10:26:50.154+0000] {taskinstance.py:1138} INFO - Marking task as SUCCESS. dag_id=3_4_2_homework_assignment, task_id=transform_data_task, execution_date=20240104T000000, start_date=20250227T102650, end_date=20250227T102650
[2025-02-27T10:26:50.182+0000] {local_task_job_runner.py:234} INFO - Task exited with return code 0
[2025-02-27T10:35:11.444+0000] {taskinstance.py:1956} INFO - Dependencies all met for dep_context=non-requeueable deps ti=<TaskInstance: 3_4_2_homework_assignment.transform_data_task scheduled__2024-01-04T00:00:00+00:00 [queued]>
[2025-02-27T10:35:11.449+0000] {taskinstance.py:1956} INFO - Dependencies all met for dep_context=requeueable deps ti=<TaskInstance: 3_4_2_homework_assignment.transform_data_task scheduled__2024-01-04T00:00:00+00:00 [queued]>
[2025-02-27T10:35:11.449+0000] {taskinstance.py:2170} INFO - Starting attempt 1 of 1
[2025-02-27T10:35:11.461+0000] {taskinstance.py:2191} INFO - Executing <Task(PythonOperator): transform_data_task> on 2024-01-04 00:00:00+00:00
[2025-02-27T10:35:11.466+0000] {standard_task_runner.py:60} INFO - Started process 6357 to run task
[2025-02-27T10:35:11.469+0000] {standard_task_runner.py:87} INFO - Running: ['airflow', 'tasks', 'run', '3_4_2_homework_assignment', 'transform_data_task', 'scheduled__2024-01-04T00:00:00+00:00', '--job-id', '12', '--raw', '--subdir', 'DAGS_FOLDER/3_4_2_homework_assignment.py', '--cfg-path', '/tmp/tmpltj6ig98']
[2025-02-27T10:35:11.470+0000] {standard_task_runner.py:88} INFO - Job 12: Subtask transform_data_task
[2025-02-27T10:35:11.499+0000] {task_command.py:423} INFO - Running <TaskInstance: 3_4_2_homework_assignment.transform_data_task scheduled__2024-01-04T00:00:00+00:00 [running]> on host ea5964584459
[2025-02-27T10:35:11.544+0000] {taskinstance.py:2480} INFO - Exporting env vars: AIRFLOW_CTX_DAG_OWNER='airflow' AIRFLOW_CTX_DAG_ID='3_4_2_homework_assignment' AIRFLOW_CTX_TASK_ID='transform_data_task' AIRFLOW_CTX_EXECUTION_DATE='2024-01-04T00:00:00+00:00' AIRFLOW_CTX_TRY_NUMBER='1' AIRFLOW_CTX_DAG_RUN_ID='scheduled__2024-01-04T00:00:00+00:00'
[2025-02-27T10:35:11.546+0000] {3_4_2_homework_assignment.py:84} INFO - USD,AED,3.672502,2024-01-04

[2025-02-27T10:35:11.546+0000] {3_4_2_homework_assignment.py:84} INFO - USD,AFN,69.999822,2024-01-04

[2025-02-27T10:35:11.547+0000] {3_4_2_homework_assignment.py:84} INFO - USD,ALL,94.984108,2024-01-04

[2025-02-27T10:35:11.547+0000] {3_4_2_homework_assignment.py:84} INFO - USD,AMD,404.413108,2024-01-04

[2025-02-27T10:35:11.547+0000] {3_4_2_homework_assignment.py:84} INFO - USD,ANG,1.802049,2024-01-04

[2025-02-27T10:35:11.547+0000] {3_4_2_homework_assignment.py:84} INFO - USD,AOA,828.80797,2024-01-04

[2025-02-27T10:35:11.547+0000] {3_4_2_homework_assignment.py:84} INFO - USD,ARS,811.623967,2024-01-04

[2025-02-27T10:35:11.548+0000] {3_4_2_homework_assignment.py:84} INFO - USD,AUD,1.491205,2024-01-04

[2025-02-27T10:35:11.548+0000] {3_4_2_homework_assignment.py:84} INFO - USD,AWG,1.8025,2024-01-04

[2025-02-27T10:35:11.548+0000] {3_4_2_homework_assignment.py:84} INFO - USD,AZN,1.700308,2024-01-04

[2025-02-27T10:35:11.548+0000] {3_4_2_homework_assignment.py:84} INFO - USD,BAM,1.786282,2024-01-04

[2025-02-27T10:35:11.548+0000] {3_4_2_homework_assignment.py:84} INFO - USD,BBD,2.018869,2024-01-04

[2025-02-27T10:35:11.549+0000] {3_4_2_homework_assignment.py:84} INFO - USD,BDT,109.734044,2024-01-04

[2025-02-27T10:35:11.549+0000] {3_4_2_homework_assignment.py:84} INFO - USD,BGN,1.786497,2024-01-04

[2025-02-27T10:35:11.549+0000] {3_4_2_homework_assignment.py:84} INFO - USD,BHD,0.376928,2024-01-04

[2025-02-27T10:35:11.549+0000] {3_4_2_homework_assignment.py:84} INFO - USD,BIF,2857.0,2024-01-04

[2025-02-27T10:35:11.549+0000] {3_4_2_homework_assignment.py:84} INFO - USD,BMD,1.0,2024-01-04

[2025-02-27T10:35:11.550+0000] {3_4_2_homework_assignment.py:84} INFO - USD,BND,1.328688,2024-01-04

[2025-02-27T10:35:11.550+0000] {3_4_2_homework_assignment.py:84} INFO - USD,BOB,6.909181,2024-01-04

[2025-02-27T10:35:11.550+0000] {3_4_2_homework_assignment.py:84} INFO - USD,BRL,4.897095,2024-01-04

[2025-02-27T10:35:11.550+0000] {3_4_2_homework_assignment.py:84} INFO - USD,BSD,0.9999,2024-01-04

[2025-02-27T10:35:11.550+0000] {3_4_2_homework_assignment.py:84} INFO - USD,BTC,2.337433e-05,2024-01-04

[2025-02-27T10:35:11.551+0000] {3_4_2_homework_assignment.py:84} INFO - USD,BTN,83.215121,2024-01-04

[2025-02-27T10:35:11.551+0000] {3_4_2_homework_assignment.py:84} INFO - USD,BWP,13.530731,2024-01-04

[2025-02-27T10:35:11.551+0000] {3_4_2_homework_assignment.py:84} INFO - USD,BYN,3.30225,2024-01-04

[2025-02-27T10:35:11.551+0000] {3_4_2_homework_assignment.py:84} INFO - USD,BYR,19600.0,2024-01-04

[2025-02-27T10:35:11.551+0000] {3_4_2_homework_assignment.py:84} INFO - USD,BZD,2.015508,2024-01-04

[2025-02-27T10:35:11.552+0000] {3_4_2_homework_assignment.py:84} INFO - USD,CAD,1.335555,2024-01-04

[2025-02-27T10:35:11.552+0000] {3_4_2_homework_assignment.py:84} INFO - USD,CDF,2685.000356,2024-01-04

[2025-02-27T10:35:11.552+0000] {3_4_2_homework_assignment.py:84} INFO - USD,CHF,0.850201,2024-01-04

[2025-02-27T10:35:11.552+0000] {3_4_2_homework_assignment.py:84} INFO - USD,CLF,0.032163,2024-01-04

[2025-02-27T10:35:11.553+0000] {3_4_2_homework_assignment.py:84} INFO - USD,CLP,887.480213,2024-01-04

[2025-02-27T10:35:11.553+0000] {3_4_2_homework_assignment.py:84} INFO - USD,CNY,7.12048,2024-01-04

[2025-02-27T10:35:11.553+0000] {3_4_2_homework_assignment.py:84} INFO - USD,COP,3928.88,2024-01-04

[2025-02-27T10:35:11.553+0000] {3_4_2_homework_assignment.py:84} INFO - USD,CRC,519.581339,2024-01-04

[2025-02-27T10:35:11.553+0000] {3_4_2_homework_assignment.py:84} INFO - USD,CUC,1.0,2024-01-04

[2025-02-27T10:35:11.554+0000] {3_4_2_homework_assignment.py:84} INFO - USD,CUP,26.5,2024-01-04

[2025-02-27T10:35:11.554+0000] {3_4_2_homework_assignment.py:84} INFO - USD,CVE,101.200554,2024-01-04

[2025-02-27T10:35:11.554+0000] {3_4_2_homework_assignment.py:84} INFO - USD,CZK,22.541197,2024-01-04

[2025-02-27T10:35:11.554+0000] {3_4_2_homework_assignment.py:84} INFO - USD,DJF,177.720356,2024-01-04

[2025-02-27T10:35:11.555+0000] {3_4_2_homework_assignment.py:84} INFO - USD,DKK,6.812655,2024-01-04

[2025-02-27T10:35:11.555+0000] {3_4_2_homework_assignment.py:84} INFO - USD,DOP,58.298505,2024-01-04

[2025-02-27T10:35:11.555+0000] {3_4_2_homework_assignment.py:84} INFO - USD,DZD,134.516452,2024-01-04

[2025-02-27T10:35:11.555+0000] {3_4_2_homework_assignment.py:84} INFO - USD,EGP,30.791501,2024-01-04

[2025-02-27T10:35:11.555+0000] {3_4_2_homework_assignment.py:84} INFO - USD,ERN,15.0,2024-01-04

[2025-02-27T10:35:11.555+0000] {3_4_2_homework_assignment.py:84} INFO - USD,ETB,56.174974,2024-01-04

[2025-02-27T10:35:11.556+0000] {3_4_2_homework_assignment.py:84} INFO - USD,EUR,0.913505,2024-01-04

[2025-02-27T10:35:11.556+0000] {3_4_2_homework_assignment.py:84} INFO - USD,FJD,2.21445,2024-01-04

[2025-02-27T10:35:11.556+0000] {3_4_2_homework_assignment.py:84} INFO - USD,FKP,0.791144,2024-01-04

[2025-02-27T10:35:11.556+0000] {3_4_2_homework_assignment.py:84} INFO - USD,GBP,0.788435,2024-01-04

[2025-02-27T10:35:11.556+0000] {3_4_2_homework_assignment.py:84} INFO - USD,GEL,2.679794,2024-01-04

[2025-02-27T10:35:11.557+0000] {3_4_2_homework_assignment.py:84} INFO - USD,GGP,0.791144,2024-01-04

[2025-02-27T10:35:11.557+0000] {3_4_2_homework_assignment.py:84} INFO - USD,GHS,11.950166,2024-01-04

[2025-02-27T10:35:11.557+0000] {3_4_2_homework_assignment.py:84} INFO - USD,GIP,0.791144,2024-01-04

[2025-02-27T10:35:11.557+0000] {3_4_2_homework_assignment.py:84} INFO - USD,GMD,67.224972,2024-01-04

[2025-02-27T10:35:11.557+0000] {3_4_2_homework_assignment.py:84} INFO - USD,GNF,8545.000076,2024-01-04

[2025-02-27T10:35:11.558+0000] {3_4_2_homework_assignment.py:84} INFO - USD,GTQ,7.821576,2024-01-04

[2025-02-27T10:35:11.558+0000] {3_4_2_homework_assignment.py:84} INFO - USD,GYD,209.193366,2024-01-04

[2025-02-27T10:35:11.558+0000] {3_4_2_homework_assignment.py:84} INFO - USD,HKD,7.80915,2024-01-04

[2025-02-27T10:35:11.558+0000] {3_4_2_homework_assignment.py:84} INFO - USD,HNL,24.668694,2024-01-04

[2025-02-27T10:35:11.558+0000] {3_4_2_homework_assignment.py:84} INFO - USD,HRK,6.98177,2024-01-04

[2025-02-27T10:35:11.559+0000] {3_4_2_homework_assignment.py:84} INFO - USD,HTG,131.764255,2024-01-04

[2025-02-27T10:35:11.559+0000] {3_4_2_homework_assignment.py:84} INFO - USD,HUF,346.080203,2024-01-04

[2025-02-27T10:35:11.559+0000] {3_4_2_homework_assignment.py:84} INFO - USD,IDR,15518.05,2024-01-04

[2025-02-27T10:35:11.559+0000] {3_4_2_homework_assignment.py:84} INFO - USD,ILS,3.656845,2024-01-04

[2025-02-27T10:35:11.559+0000] {3_4_2_homework_assignment.py:84} INFO - USD,IMP,0.791144,2024-01-04

[2025-02-27T10:35:11.560+0000] {3_4_2_homework_assignment.py:84} INFO - USD,INR,83.24085,2024-01-04

[2025-02-27T10:35:11.560+0000] {3_4_2_homework_assignment.py:84} INFO - USD,IQD,1310.0,2024-01-04

[2025-02-27T10:35:11.560+0000] {3_4_2_homework_assignment.py:84} INFO - USD,IRR,42050.000406,2024-01-04

[2025-02-27T10:35:11.560+0000] {3_4_2_homework_assignment.py:84} INFO - USD,ISK,137.479871,2024-01-04

[2025-02-27T10:35:11.560+0000] {3_4_2_homework_assignment.py:84} INFO - USD,JEP,0.791144,2024-01-04

[2025-02-27T10:35:11.561+0000] {3_4_2_homework_assignment.py:84} INFO - USD,JMD,154.349881,2024-01-04

[2025-02-27T10:35:11.561+0000] {3_4_2_homework_assignment.py:84} INFO - USD,JOD,0.709399,2024-01-04

[2025-02-27T10:35:11.561+0000] {3_4_2_homework_assignment.py:84} INFO - USD,JPY,144.771502,2024-01-04

[2025-02-27T10:35:11.561+0000] {3_4_2_homework_assignment.py:84} INFO - USD,KES,157.64995,2024-01-04

[2025-02-27T10:35:11.561+0000] {3_4_2_homework_assignment.py:84} INFO - USD,KGS,89.0853,2024-01-04

[2025-02-27T10:35:11.562+0000] {3_4_2_homework_assignment.py:84} INFO - USD,KHR,4098.000035,2024-01-04

[2025-02-27T10:35:11.562+0000] {3_4_2_homework_assignment.py:84} INFO - USD,KMF,449.949684,2024-01-04

[2025-02-27T10:35:11.562+0000] {3_4_2_homework_assignment.py:84} INFO - USD,KPW,899.959422,2024-01-04

[2025-02-27T10:35:11.562+0000] {3_4_2_homework_assignment.py:84} INFO - USD,KRW,1312.250031,2024-01-04

[2025-02-27T10:35:11.563+0000] {3_4_2_homework_assignment.py:84} INFO - USD,KWD,0.30757,2024-01-04

[2025-02-27T10:35:11.563+0000] {3_4_2_homework_assignment.py:84} INFO - USD,KYD,0.833307,2024-01-04

[2025-02-27T10:35:11.563+0000] {3_4_2_homework_assignment.py:84} INFO - USD,KZT,454.539643,2024-01-04

[2025-02-27T10:35:11.563+0000] {3_4_2_homework_assignment.py:84} INFO - USD,LAK,20644.999954,2024-01-04

[2025-02-27T10:35:11.563+0000] {3_4_2_homework_assignment.py:84} INFO - USD,LBP,15062.507249,2024-01-04

[2025-02-27T10:35:11.564+0000] {3_4_2_homework_assignment.py:84} INFO - USD,LKR,322.884986,2024-01-04

[2025-02-27T10:35:11.564+0000] {3_4_2_homework_assignment.py:84} INFO - USD,LRD,188.650372,2024-01-04

[2025-02-27T10:35:11.564+0000] {3_4_2_homework_assignment.py:84} INFO - USD,LSL,18.705789,2024-01-04

[2025-02-27T10:35:11.564+0000] {3_4_2_homework_assignment.py:84} INFO - USD,LTL,2.95274,2024-01-04

[2025-02-27T10:35:11.565+0000] {3_4_2_homework_assignment.py:84} INFO - USD,LVL,0.60489,2024-01-04

[2025-02-27T10:35:11.565+0000] {3_4_2_homework_assignment.py:84} INFO - USD,LYD,4.789175,2024-01-04

[2025-02-27T10:35:11.565+0000] {3_4_2_homework_assignment.py:84} INFO - USD,MAD,9.897497,2024-01-04

[2025-02-27T10:35:11.565+0000] {3_4_2_homework_assignment.py:84} INFO - USD,MDL,17.627611,2024-01-04

[2025-02-27T10:35:11.565+0000] {3_4_2_homework_assignment.py:84} INFO - USD,MGA,4604.999806,2024-01-04

[2025-02-27T10:35:11.565+0000] {3_4_2_homework_assignment.py:84} INFO - USD,MKD,56.190911,2024-01-04

[2025-02-27T10:35:11.566+0000] {3_4_2_homework_assignment.py:84} INFO - USD,MMK,2099.797701,2024-01-04

[2025-02-27T10:35:11.566+0000] {3_4_2_homework_assignment.py:84} INFO - USD,MNT,3421.839776,2024-01-04

[2025-02-27T10:35:11.566+0000] {3_4_2_homework_assignment.py:84} INFO - USD,MOP,8.041135,2024-01-04

[2025-02-27T10:35:11.566+0000] {3_4_2_homework_assignment.py:84} INFO - USD,MRU,39.679972,2024-01-04

[2025-02-27T10:35:11.566+0000] {3_4_2_homework_assignment.py:84} INFO - USD,MUR,44.749614,2024-01-04

[2025-02-27T10:35:11.567+0000] {3_4_2_homework_assignment.py:84} INFO - USD,MVR,15.397421,2024-01-04

[2025-02-27T10:35:11.567+0000] {3_4_2_homework_assignment.py:84} INFO - USD,MWK,1683.000362,2024-01-04

[2025-02-27T10:35:11.567+0000] {3_4_2_homework_assignment.py:84} INFO - USD,MXN,17.023601,2024-01-04

[2025-02-27T10:35:11.567+0000] {3_4_2_homework_assignment.py:84} INFO - USD,MYR,4.634497,2024-01-04

[2025-02-27T10:35:11.567+0000] {3_4_2_homework_assignment.py:84} INFO - USD,MZN,63.24995,2024-01-04

[2025-02-27T10:35:11.568+0000] {3_4_2_homework_assignment.py:84} INFO - USD,NAD,18.702353,2024-01-04

[2025-02-27T10:35:11.568+0000] {3_4_2_homework_assignment.py:84} INFO - USD,NGN,912.502977,2024-01-04

[2025-02-27T10:35:11.568+0000] {3_4_2_homework_assignment.py:84} INFO - USD,NIO,36.596615,2024-01-04

[2025-02-27T10:35:11.568+0000] {3_4_2_homework_assignment.py:84} INFO - USD,NOK,10.29548,2024-01-04

[2025-02-27T10:35:11.568+0000] {3_4_2_homework_assignment.py:84} INFO - USD,NPR,133.143974,2024-01-04

[2025-02-27T10:35:11.569+0000] {3_4_2_homework_assignment.py:84} INFO - USD,NZD,1.604917,2024-01-04

[2025-02-27T10:35:11.569+0000] {3_4_2_homework_assignment.py:84} INFO - USD,OMR,0.384947,2024-01-04

[2025-02-27T10:35:11.569+0000] {3_4_2_homework_assignment.py:84} INFO - USD,PAB,0.999895,2024-01-04

[2025-02-27T10:35:11.569+0000] {3_4_2_homework_assignment.py:84} INFO - USD,PEN,3.742998,2024-01-04

[2025-02-27T10:35:11.569+0000] {3_4_2_homework_assignment.py:84} INFO - USD,PGK,3.73375,2024-01-04

[2025-02-27T10:35:11.570+0000] {3_4_2_homework_assignment.py:84} INFO - USD,PHP,55.551502,2024-01-04

[2025-02-27T10:35:11.570+0000] {3_4_2_homework_assignment.py:84} INFO - USD,PKR,281.698106,2024-01-04

[2025-02-27T10:35:11.570+0000] {3_4_2_homework_assignment.py:84} INFO - USD,PLN,3.969567,2024-01-04

[2025-02-27T10:35:11.570+0000] {3_4_2_homework_assignment.py:84} INFO - USD,PYG,7269.024221,2024-01-04

[2025-02-27T10:35:11.570+0000] {3_4_2_homework_assignment.py:84} INFO - USD,QAR,3.640499,2024-01-04

[2025-02-27T10:35:11.571+0000] {3_4_2_homework_assignment.py:84} INFO - USD,RON,4.543991,2024-01-04

[2025-02-27T10:35:11.571+0000] {3_4_2_homework_assignment.py:84} INFO - USD,RSD,107.093022,2024-01-04

[2025-02-27T10:35:11.571+0000] {3_4_2_homework_assignment.py:84} INFO - USD,RUB,91.349834,2024-01-04

[2025-02-27T10:35:11.571+0000] {3_4_2_homework_assignment.py:84} INFO - USD,RWF,1262.5,2024-01-04

[2025-02-27T10:35:11.571+0000] {3_4_2_homework_assignment.py:84} INFO - USD,SAR,3.750517,2024-01-04

[2025-02-27T10:35:11.571+0000] {3_4_2_homework_assignment.py:84} INFO - USD,SBD,8.404697,2024-01-04

[2025-02-27T10:35:11.572+0000] {3_4_2_homework_assignment.py:84} INFO - USD,SCR,13.881314,2024-01-04

[2025-02-27T10:35:11.572+0000] {3_4_2_homework_assignment.py:84} INFO - USD,SDG,600.999987,2024-01-04

[2025-02-27T10:35:11.572+0000] {3_4_2_homework_assignment.py:84} INFO - USD,SEK,10.21312,2024-01-04

[2025-02-27T10:35:11.572+0000] {3_4_2_homework_assignment.py:84} INFO - USD,SGD,1.329491,2024-01-04

[2025-02-27T10:35:11.572+0000] {3_4_2_homework_assignment.py:84} INFO - USD,SHP,1.268695,2024-01-04

[2025-02-27T10:35:11.573+0000] {3_4_2_homework_assignment.py:84} INFO - USD,SLE,22.579909,2024-01-04

[2025-02-27T10:35:11.573+0000] {3_4_2_homework_assignment.py:84} INFO - USD,SLL,19749.99984,2024-01-04

[2025-02-27T10:35:11.573+0000] {3_4_2_homework_assignment.py:84} INFO - USD,SOS,571.000065,2024-01-04

[2025-02-27T10:35:11.573+0000] {3_4_2_homework_assignment.py:84} INFO - USD,SRD,36.845952,2024-01-04

[2025-02-27T10:35:11.573+0000] {3_4_2_homework_assignment.py:84} INFO - USD,STD,20697.981008,2024-01-04

[2025-02-27T10:35:11.574+0000] {3_4_2_homework_assignment.py:84} INFO - USD,SYP,13001.782622,2024-01-04

[2025-02-27T10:35:11.574+0000] {3_4_2_homework_assignment.py:84} INFO - USD,SZL,18.694987,2024-01-04

[2025-02-27T10:35:11.574+0000] {3_4_2_homework_assignment.py:84} INFO - USD,THB,34.532022,2024-01-04

[2025-02-27T10:35:11.574+0000] {3_4_2_homework_assignment.py:84} INFO - USD,TJS,10.943613,2024-01-04

[2025-02-27T10:35:11.574+0000] {3_4_2_homework_assignment.py:84} INFO - USD,TMT,3.51,2024-01-04

[2025-02-27T10:35:11.575+0000] {3_4_2_homework_assignment.py:84} INFO - USD,TND,3.095502,2024-01-04

[2025-02-27T10:35:11.575+0000] {3_4_2_homework_assignment.py:84} INFO - USD,TOP,2.34315,2024-01-04

[2025-02-27T10:35:11.575+0000] {3_4_2_homework_assignment.py:84} INFO - USD,TRY,29.8459,2024-01-04

[2025-02-27T10:35:11.575+0000] {3_4_2_homework_assignment.py:84} INFO - USD,TTD,6.786673,2024-01-04

[2025-02-27T10:35:11.575+0000] {3_4_2_homework_assignment.py:84} INFO - USD,TWD,31.069046,2024-01-04

[2025-02-27T10:35:11.576+0000] {3_4_2_homework_assignment.py:84} INFO - USD,TZS,2514.999928,2024-01-04

[2025-02-27T10:35:11.576+0000] {3_4_2_homework_assignment.py:84} INFO - USD,UAH,38.030715,2024-01-04

[2025-02-27T10:35:11.576+0000] {3_4_2_homework_assignment.py:84} INFO - USD,UGX,3812.185476,2024-01-04

[2025-02-27T10:35:11.576+0000] {3_4_2_homework_assignment.py:84} INFO - USD,UYU,39.099461,2024-01-04

[2025-02-27T10:35:11.576+0000] {3_4_2_homework_assignment.py:84} INFO - USD,UZS,12343.480286,2024-01-04

[2025-02-27T10:35:11.577+0000] {3_4_2_homework_assignment.py:84} INFO - USD,VEF,3582024.965393,2024-01-04

[2025-02-27T10:35:11.577+0000] {3_4_2_homework_assignment.py:84} INFO - USD,VES,35.989485,2024-01-04

[2025-02-27T10:35:11.577+0000] {3_4_2_homework_assignment.py:84} INFO - USD,VND,24370.0,2024-01-04

[2025-02-27T10:35:11.577+0000] {3_4_2_homework_assignment.py:84} INFO - USD,VUV,118.783962,2024-01-04

[2025-02-27T10:35:11.577+0000] {3_4_2_homework_assignment.py:84} INFO - USD,WST,2.714633,2024-01-04

[2025-02-27T10:35:11.578+0000] {3_4_2_homework_assignment.py:84} INFO - USD,XAF,599.093994,2024-01-04

[2025-02-27T10:35:11.578+0000] {3_4_2_homework_assignment.py:84} INFO - USD,XAG,0.043407,2024-01-04

[2025-02-27T10:35:11.578+0000] {3_4_2_homework_assignment.py:84} INFO - USD,XAU,0.000489,2024-01-04

[2025-02-27T10:35:11.578+0000] {3_4_2_homework_assignment.py:84} INFO - USD,XCD,2.70255,2024-01-04

[2025-02-27T10:35:11.578+0000] {3_4_2_homework_assignment.py:84} INFO - USD,XDR,0.745267,2024-01-04

[2025-02-27T10:35:11.579+0000] {3_4_2_homework_assignment.py:84} INFO - USD,XOF,599.500507,2024-01-04

[2025-02-27T10:35:11.579+0000] {3_4_2_homework_assignment.py:84} INFO - USD,XPF,109.449759,2024-01-04

[2025-02-27T10:35:11.579+0000] {3_4_2_homework_assignment.py:84} INFO - USD,YER,250.324968,2024-01-04

[2025-02-27T10:35:11.579+0000] {3_4_2_homework_assignment.py:84} INFO - USD,ZAR,18.701902,2024-01-04

[2025-02-27T10:35:11.579+0000] {3_4_2_homework_assignment.py:84} INFO - USD,ZMK,9001.195805,2024-01-04

[2025-02-27T10:35:11.580+0000] {3_4_2_homework_assignment.py:84} INFO - USD,ZMW,25.771746,2024-01-04

[2025-02-27T10:35:11.580+0000] {3_4_2_homework_assignment.py:84} INFO - USD,ZWL,321.999592,2024-01-04

[2025-02-27T10:35:11.580+0000] {python.py:201} INFO - Done. Returned value was: None
[2025-02-27T10:35:11.584+0000] {taskinstance.py:1138} INFO - Marking task as SUCCESS. dag_id=3_4_2_homework_assignment, task_id=transform_data_task, execution_date=20240104T000000, start_date=20250227T103511, end_date=20250227T103511
[2025-02-27T10:35:11.643+0000] {local_task_job_runner.py:234} INFO - Task exited with return code 0
[2025-02-27T10:45:04.486+0000] {taskinstance.py:1956} INFO - Dependencies all met for dep_context=non-requeueable deps ti=<TaskInstance: 3_4_2_homework_assignment.transform_data_task scheduled__2024-01-04T00:00:00+00:00 [queued]>
[2025-02-27T10:45:04.492+0000] {taskinstance.py:1956} INFO - Dependencies all met for dep_context=requeueable deps ti=<TaskInstance: 3_4_2_homework_assignment.transform_data_task scheduled__2024-01-04T00:00:00+00:00 [queued]>
[2025-02-27T10:45:04.492+0000] {taskinstance.py:2170} INFO - Starting attempt 1 of 1
[2025-02-27T10:45:04.502+0000] {taskinstance.py:2191} INFO - Executing <Task(PythonOperator): transform_data_task> on 2024-01-04 00:00:00+00:00
[2025-02-27T10:45:04.506+0000] {standard_task_runner.py:60} INFO - Started process 7042 to run task
[2025-02-27T10:45:04.508+0000] {standard_task_runner.py:87} INFO - Running: ['airflow', 'tasks', 'run', '3_4_2_homework_assignment', 'transform_data_task', 'scheduled__2024-01-04T00:00:00+00:00', '--job-id', '12', '--raw', '--subdir', 'DAGS_FOLDER/3_4_2_homework_assignment.py', '--cfg-path', '/tmp/tmphjrc4cjo']
[2025-02-27T10:45:04.510+0000] {standard_task_runner.py:88} INFO - Job 12: Subtask transform_data_task
[2025-02-27T10:45:04.533+0000] {task_command.py:423} INFO - Running <TaskInstance: 3_4_2_homework_assignment.transform_data_task scheduled__2024-01-04T00:00:00+00:00 [running]> on host ea5964584459
[2025-02-27T10:45:04.578+0000] {taskinstance.py:2480} INFO - Exporting env vars: AIRFLOW_CTX_DAG_OWNER='airflow' AIRFLOW_CTX_DAG_ID='3_4_2_homework_assignment' AIRFLOW_CTX_TASK_ID='transform_data_task' AIRFLOW_CTX_EXECUTION_DATE='2024-01-04T00:00:00+00:00' AIRFLOW_CTX_TRY_NUMBER='1' AIRFLOW_CTX_DAG_RUN_ID='scheduled__2024-01-04T00:00:00+00:00'
[2025-02-27T10:45:04.579+0000] {3_4_2_homework_assignment.py:84} INFO - USD,AED,3.672502,2024-01-04

[2025-02-27T10:45:04.580+0000] {3_4_2_homework_assignment.py:84} INFO - USD,AFN,69.999822,2024-01-04

[2025-02-27T10:45:04.580+0000] {3_4_2_homework_assignment.py:84} INFO - USD,ALL,94.984108,2024-01-04

[2025-02-27T10:45:04.580+0000] {3_4_2_homework_assignment.py:84} INFO - USD,AMD,404.413108,2024-01-04

[2025-02-27T10:45:04.580+0000] {3_4_2_homework_assignment.py:84} INFO - USD,ANG,1.802049,2024-01-04

[2025-02-27T10:45:04.581+0000] {3_4_2_homework_assignment.py:84} INFO - USD,AOA,828.80797,2024-01-04

[2025-02-27T10:45:04.581+0000] {3_4_2_homework_assignment.py:84} INFO - USD,ARS,811.623967,2024-01-04

[2025-02-27T10:45:04.581+0000] {3_4_2_homework_assignment.py:84} INFO - USD,AUD,1.491205,2024-01-04

[2025-02-27T10:45:04.581+0000] {3_4_2_homework_assignment.py:84} INFO - USD,AWG,1.8025,2024-01-04

[2025-02-27T10:45:04.581+0000] {3_4_2_homework_assignment.py:84} INFO - USD,AZN,1.700308,2024-01-04

[2025-02-27T10:45:04.582+0000] {3_4_2_homework_assignment.py:84} INFO - USD,BAM,1.786282,2024-01-04

[2025-02-27T10:45:04.582+0000] {3_4_2_homework_assignment.py:84} INFO - USD,BBD,2.018869,2024-01-04

[2025-02-27T10:45:04.582+0000] {3_4_2_homework_assignment.py:84} INFO - USD,BDT,109.734044,2024-01-04

[2025-02-27T10:45:04.582+0000] {3_4_2_homework_assignment.py:84} INFO - USD,BGN,1.786497,2024-01-04

[2025-02-27T10:45:04.583+0000] {3_4_2_homework_assignment.py:84} INFO - USD,BHD,0.376928,2024-01-04

[2025-02-27T10:45:04.583+0000] {3_4_2_homework_assignment.py:84} INFO - USD,BIF,2857.0,2024-01-04

[2025-02-27T10:45:04.583+0000] {3_4_2_homework_assignment.py:84} INFO - USD,BMD,1.0,2024-01-04

[2025-02-27T10:45:04.583+0000] {3_4_2_homework_assignment.py:84} INFO - USD,BND,1.328688,2024-01-04

[2025-02-27T10:45:04.584+0000] {3_4_2_homework_assignment.py:84} INFO - USD,BOB,6.909181,2024-01-04

[2025-02-27T10:45:04.584+0000] {3_4_2_homework_assignment.py:84} INFO - USD,BRL,4.897095,2024-01-04

[2025-02-27T10:45:04.584+0000] {3_4_2_homework_assignment.py:84} INFO - USD,BSD,0.9999,2024-01-04

[2025-02-27T10:45:04.584+0000] {3_4_2_homework_assignment.py:84} INFO - USD,BTC,2.337433e-05,2024-01-04

[2025-02-27T10:45:04.585+0000] {3_4_2_homework_assignment.py:84} INFO - USD,BTN,83.215121,2024-01-04

[2025-02-27T10:45:04.585+0000] {3_4_2_homework_assignment.py:84} INFO - USD,BWP,13.530731,2024-01-04

[2025-02-27T10:45:04.585+0000] {3_4_2_homework_assignment.py:84} INFO - USD,BYN,3.30225,2024-01-04

[2025-02-27T10:45:04.585+0000] {3_4_2_homework_assignment.py:84} INFO - USD,BYR,19600.0,2024-01-04

[2025-02-27T10:45:04.585+0000] {3_4_2_homework_assignment.py:84} INFO - USD,BZD,2.015508,2024-01-04

[2025-02-27T10:45:04.586+0000] {3_4_2_homework_assignment.py:84} INFO - USD,CAD,1.335555,2024-01-04

[2025-02-27T10:45:04.586+0000] {3_4_2_homework_assignment.py:84} INFO - USD,CDF,2685.000356,2024-01-04

[2025-02-27T10:45:04.586+0000] {3_4_2_homework_assignment.py:84} INFO - USD,CHF,0.850201,2024-01-04

[2025-02-27T10:45:04.586+0000] {3_4_2_homework_assignment.py:84} INFO - USD,CLF,0.032163,2024-01-04

[2025-02-27T10:45:04.587+0000] {3_4_2_homework_assignment.py:84} INFO - USD,CLP,887.480213,2024-01-04

[2025-02-27T10:45:04.587+0000] {3_4_2_homework_assignment.py:84} INFO - USD,CNY,7.12048,2024-01-04

[2025-02-27T10:45:04.587+0000] {3_4_2_homework_assignment.py:84} INFO - USD,COP,3928.88,2024-01-04

[2025-02-27T10:45:04.587+0000] {3_4_2_homework_assignment.py:84} INFO - USD,CRC,519.581339,2024-01-04

[2025-02-27T10:45:04.588+0000] {3_4_2_homework_assignment.py:84} INFO - USD,CUC,1.0,2024-01-04

[2025-02-27T10:45:04.588+0000] {3_4_2_homework_assignment.py:84} INFO - USD,CUP,26.5,2024-01-04

[2025-02-27T10:45:04.588+0000] {3_4_2_homework_assignment.py:84} INFO - USD,CVE,101.200554,2024-01-04

[2025-02-27T10:45:04.588+0000] {3_4_2_homework_assignment.py:84} INFO - USD,CZK,22.541197,2024-01-04

[2025-02-27T10:45:04.588+0000] {3_4_2_homework_assignment.py:84} INFO - USD,DJF,177.720356,2024-01-04

[2025-02-27T10:45:04.589+0000] {3_4_2_homework_assignment.py:84} INFO - USD,DKK,6.812655,2024-01-04

[2025-02-27T10:45:04.589+0000] {3_4_2_homework_assignment.py:84} INFO - USD,DOP,58.298505,2024-01-04

[2025-02-27T10:45:04.589+0000] {3_4_2_homework_assignment.py:84} INFO - USD,DZD,134.516452,2024-01-04

[2025-02-27T10:45:04.589+0000] {3_4_2_homework_assignment.py:84} INFO - USD,EGP,30.791501,2024-01-04

[2025-02-27T10:45:04.590+0000] {3_4_2_homework_assignment.py:84} INFO - USD,ERN,15.0,2024-01-04

[2025-02-27T10:45:04.590+0000] {3_4_2_homework_assignment.py:84} INFO - USD,ETB,56.174974,2024-01-04

[2025-02-27T10:45:04.590+0000] {3_4_2_homework_assignment.py:84} INFO - USD,EUR,0.913505,2024-01-04

[2025-02-27T10:45:04.590+0000] {3_4_2_homework_assignment.py:84} INFO - USD,FJD,2.21445,2024-01-04

[2025-02-27T10:45:04.590+0000] {3_4_2_homework_assignment.py:84} INFO - USD,FKP,0.791144,2024-01-04

[2025-02-27T10:45:04.591+0000] {3_4_2_homework_assignment.py:84} INFO - USD,GBP,0.788435,2024-01-04

[2025-02-27T10:45:04.591+0000] {3_4_2_homework_assignment.py:84} INFO - USD,GEL,2.679794,2024-01-04

[2025-02-27T10:45:04.591+0000] {3_4_2_homework_assignment.py:84} INFO - USD,GGP,0.791144,2024-01-04

[2025-02-27T10:45:04.591+0000] {3_4_2_homework_assignment.py:84} INFO - USD,GHS,11.950166,2024-01-04

[2025-02-27T10:45:04.592+0000] {3_4_2_homework_assignment.py:84} INFO - USD,GIP,0.791144,2024-01-04

[2025-02-27T10:45:04.592+0000] {3_4_2_homework_assignment.py:84} INFO - USD,GMD,67.224972,2024-01-04

[2025-02-27T10:45:04.592+0000] {3_4_2_homework_assignment.py:84} INFO - USD,GNF,8545.000076,2024-01-04

[2025-02-27T10:45:04.592+0000] {3_4_2_homework_assignment.py:84} INFO - USD,GTQ,7.821576,2024-01-04

[2025-02-27T10:45:04.592+0000] {3_4_2_homework_assignment.py:84} INFO - USD,GYD,209.193366,2024-01-04

[2025-02-27T10:45:04.593+0000] {3_4_2_homework_assignment.py:84} INFO - USD,HKD,7.80915,2024-01-04

[2025-02-27T10:45:04.593+0000] {3_4_2_homework_assignment.py:84} INFO - USD,HNL,24.668694,2024-01-04

[2025-02-27T10:45:04.593+0000] {3_4_2_homework_assignment.py:84} INFO - USD,HRK,6.98177,2024-01-04

[2025-02-27T10:45:04.593+0000] {3_4_2_homework_assignment.py:84} INFO - USD,HTG,131.764255,2024-01-04

[2025-02-27T10:45:04.594+0000] {3_4_2_homework_assignment.py:84} INFO - USD,HUF,346.080203,2024-01-04

[2025-02-27T10:45:04.594+0000] {3_4_2_homework_assignment.py:84} INFO - USD,IDR,15518.05,2024-01-04

[2025-02-27T10:45:04.594+0000] {3_4_2_homework_assignment.py:84} INFO - USD,ILS,3.656845,2024-01-04

[2025-02-27T10:45:04.594+0000] {3_4_2_homework_assignment.py:84} INFO - USD,IMP,0.791144,2024-01-04

[2025-02-27T10:45:04.594+0000] {3_4_2_homework_assignment.py:84} INFO - USD,INR,83.24085,2024-01-04

[2025-02-27T10:45:04.595+0000] {3_4_2_homework_assignment.py:84} INFO - USD,IQD,1310.0,2024-01-04

[2025-02-27T10:45:04.595+0000] {3_4_2_homework_assignment.py:84} INFO - USD,IRR,42050.000406,2024-01-04

[2025-02-27T10:45:04.595+0000] {3_4_2_homework_assignment.py:84} INFO - USD,ISK,137.479871,2024-01-04

[2025-02-27T10:45:04.596+0000] {3_4_2_homework_assignment.py:84} INFO - USD,JEP,0.791144,2024-01-04

[2025-02-27T10:45:04.596+0000] {3_4_2_homework_assignment.py:84} INFO - USD,JMD,154.349881,2024-01-04

[2025-02-27T10:45:04.596+0000] {3_4_2_homework_assignment.py:84} INFO - USD,JOD,0.709399,2024-01-04

[2025-02-27T10:45:04.596+0000] {3_4_2_homework_assignment.py:84} INFO - USD,JPY,144.771502,2024-01-04

[2025-02-27T10:45:04.596+0000] {3_4_2_homework_assignment.py:84} INFO - USD,KES,157.64995,2024-01-04

[2025-02-27T10:45:04.597+0000] {3_4_2_homework_assignment.py:84} INFO - USD,KGS,89.0853,2024-01-04

[2025-02-27T10:45:04.597+0000] {3_4_2_homework_assignment.py:84} INFO - USD,KHR,4098.000035,2024-01-04

[2025-02-27T10:45:04.597+0000] {3_4_2_homework_assignment.py:84} INFO - USD,KMF,449.949684,2024-01-04

[2025-02-27T10:45:04.597+0000] {3_4_2_homework_assignment.py:84} INFO - USD,KPW,899.959422,2024-01-04

[2025-02-27T10:45:04.597+0000] {3_4_2_homework_assignment.py:84} INFO - USD,KRW,1312.250031,2024-01-04

[2025-02-27T10:45:04.598+0000] {3_4_2_homework_assignment.py:84} INFO - USD,KWD,0.30757,2024-01-04

[2025-02-27T10:45:04.598+0000] {3_4_2_homework_assignment.py:84} INFO - USD,KYD,0.833307,2024-01-04

[2025-02-27T10:45:04.598+0000] {3_4_2_homework_assignment.py:84} INFO - USD,KZT,454.539643,2024-01-04

[2025-02-27T10:45:04.598+0000] {3_4_2_homework_assignment.py:84} INFO - USD,LAK,20644.999954,2024-01-04

[2025-02-27T10:45:04.599+0000] {3_4_2_homework_assignment.py:84} INFO - USD,LBP,15062.507249,2024-01-04

[2025-02-27T10:45:04.599+0000] {3_4_2_homework_assignment.py:84} INFO - USD,LKR,322.884986,2024-01-04

[2025-02-27T10:45:04.599+0000] {3_4_2_homework_assignment.py:84} INFO - USD,LRD,188.650372,2024-01-04

[2025-02-27T10:45:04.599+0000] {3_4_2_homework_assignment.py:84} INFO - USD,LSL,18.705789,2024-01-04

[2025-02-27T10:45:04.599+0000] {3_4_2_homework_assignment.py:84} INFO - USD,LTL,2.95274,2024-01-04

[2025-02-27T10:45:04.600+0000] {3_4_2_homework_assignment.py:84} INFO - USD,LVL,0.60489,2024-01-04

[2025-02-27T10:45:04.600+0000] {3_4_2_homework_assignment.py:84} INFO - USD,LYD,4.789175,2024-01-04

[2025-02-27T10:45:04.600+0000] {3_4_2_homework_assignment.py:84} INFO - USD,MAD,9.897497,2024-01-04

[2025-02-27T10:45:04.600+0000] {3_4_2_homework_assignment.py:84} INFO - USD,MDL,17.627611,2024-01-04

[2025-02-27T10:45:04.601+0000] {3_4_2_homework_assignment.py:84} INFO - USD,MGA,4604.999806,2024-01-04

[2025-02-27T10:45:04.601+0000] {3_4_2_homework_assignment.py:84} INFO - USD,MKD,56.190911,2024-01-04

[2025-02-27T10:45:04.601+0000] {3_4_2_homework_assignment.py:84} INFO - USD,MMK,2099.797701,2024-01-04

[2025-02-27T10:45:04.601+0000] {3_4_2_homework_assignment.py:84} INFO - USD,MNT,3421.839776,2024-01-04

[2025-02-27T10:45:04.601+0000] {3_4_2_homework_assignment.py:84} INFO - USD,MOP,8.041135,2024-01-04

[2025-02-27T10:45:04.602+0000] {3_4_2_homework_assignment.py:84} INFO - USD,MRU,39.679972,2024-01-04

[2025-02-27T10:45:04.602+0000] {3_4_2_homework_assignment.py:84} INFO - USD,MUR,44.749614,2024-01-04

[2025-02-27T10:45:04.602+0000] {3_4_2_homework_assignment.py:84} INFO - USD,MVR,15.397421,2024-01-04

[2025-02-27T10:45:04.602+0000] {3_4_2_homework_assignment.py:84} INFO - USD,MWK,1683.000362,2024-01-04

[2025-02-27T10:45:04.603+0000] {3_4_2_homework_assignment.py:84} INFO - USD,MXN,17.023601,2024-01-04

[2025-02-27T10:45:04.603+0000] {3_4_2_homework_assignment.py:84} INFO - USD,MYR,4.634497,2024-01-04

[2025-02-27T10:45:04.603+0000] {3_4_2_homework_assignment.py:84} INFO - USD,MZN,63.24995,2024-01-04

[2025-02-27T10:45:04.603+0000] {3_4_2_homework_assignment.py:84} INFO - USD,NAD,18.702353,2024-01-04

[2025-02-27T10:45:04.603+0000] {3_4_2_homework_assignment.py:84} INFO - USD,NGN,912.502977,2024-01-04

[2025-02-27T10:45:04.604+0000] {3_4_2_homework_assignment.py:84} INFO - USD,NIO,36.596615,2024-01-04

[2025-02-27T10:45:04.604+0000] {3_4_2_homework_assignment.py:84} INFO - USD,NOK,10.29548,2024-01-04

[2025-02-27T10:45:04.604+0000] {3_4_2_homework_assignment.py:84} INFO - USD,NPR,133.143974,2024-01-04

[2025-02-27T10:45:04.604+0000] {3_4_2_homework_assignment.py:84} INFO - USD,NZD,1.604917,2024-01-04

[2025-02-27T10:45:04.604+0000] {3_4_2_homework_assignment.py:84} INFO - USD,OMR,0.384947,2024-01-04

[2025-02-27T10:45:04.605+0000] {3_4_2_homework_assignment.py:84} INFO - USD,PAB,0.999895,2024-01-04

[2025-02-27T10:45:04.605+0000] {3_4_2_homework_assignment.py:84} INFO - USD,PEN,3.742998,2024-01-04

[2025-02-27T10:45:04.605+0000] {3_4_2_homework_assignment.py:84} INFO - USD,PGK,3.73375,2024-01-04

[2025-02-27T10:45:04.605+0000] {3_4_2_homework_assignment.py:84} INFO - USD,PHP,55.551502,2024-01-04

[2025-02-27T10:45:04.606+0000] {3_4_2_homework_assignment.py:84} INFO - USD,PKR,281.698106,2024-01-04

[2025-02-27T10:45:04.606+0000] {3_4_2_homework_assignment.py:84} INFO - USD,PLN,3.969567,2024-01-04

[2025-02-27T10:45:04.606+0000] {3_4_2_homework_assignment.py:84} INFO - USD,PYG,7269.024221,2024-01-04

[2025-02-27T10:45:04.606+0000] {3_4_2_homework_assignment.py:84} INFO - USD,QAR,3.640499,2024-01-04

[2025-02-27T10:45:04.606+0000] {3_4_2_homework_assignment.py:84} INFO - USD,RON,4.543991,2024-01-04

[2025-02-27T10:45:04.607+0000] {3_4_2_homework_assignment.py:84} INFO - USD,RSD,107.093022,2024-01-04

[2025-02-27T10:45:04.607+0000] {3_4_2_homework_assignment.py:84} INFO - USD,RUB,91.349834,2024-01-04

[2025-02-27T10:45:04.607+0000] {3_4_2_homework_assignment.py:84} INFO - USD,RWF,1262.5,2024-01-04

[2025-02-27T10:45:04.607+0000] {3_4_2_homework_assignment.py:84} INFO - USD,SAR,3.750517,2024-01-04

[2025-02-27T10:45:04.608+0000] {3_4_2_homework_assignment.py:84} INFO - USD,SBD,8.404697,2024-01-04

[2025-02-27T10:45:04.608+0000] {3_4_2_homework_assignment.py:84} INFO - USD,SCR,13.881314,2024-01-04

[2025-02-27T10:45:04.608+0000] {3_4_2_homework_assignment.py:84} INFO - USD,SDG,600.999987,2024-01-04

[2025-02-27T10:45:04.608+0000] {3_4_2_homework_assignment.py:84} INFO - USD,SEK,10.21312,2024-01-04

[2025-02-27T10:45:04.609+0000] {3_4_2_homework_assignment.py:84} INFO - USD,SGD,1.329491,2024-01-04

[2025-02-27T10:45:04.609+0000] {3_4_2_homework_assignment.py:84} INFO - USD,SHP,1.268695,2024-01-04

[2025-02-27T10:45:04.609+0000] {3_4_2_homework_assignment.py:84} INFO - USD,SLE,22.579909,2024-01-04

[2025-02-27T10:45:04.609+0000] {3_4_2_homework_assignment.py:84} INFO - USD,SLL,19749.99984,2024-01-04

[2025-02-27T10:45:04.610+0000] {3_4_2_homework_assignment.py:84} INFO - USD,SOS,571.000065,2024-01-04

[2025-02-27T10:45:04.610+0000] {3_4_2_homework_assignment.py:84} INFO - USD,SRD,36.845952,2024-01-04

[2025-02-27T10:45:04.610+0000] {3_4_2_homework_assignment.py:84} INFO - USD,STD,20697.981008,2024-01-04

[2025-02-27T10:45:04.610+0000] {3_4_2_homework_assignment.py:84} INFO - USD,SYP,13001.782622,2024-01-04

[2025-02-27T10:45:04.611+0000] {3_4_2_homework_assignment.py:84} INFO - USD,SZL,18.694987,2024-01-04

[2025-02-27T10:45:04.611+0000] {3_4_2_homework_assignment.py:84} INFO - USD,THB,34.532022,2024-01-04

[2025-02-27T10:45:04.611+0000] {3_4_2_homework_assignment.py:84} INFO - USD,TJS,10.943613,2024-01-04

[2025-02-27T10:45:04.611+0000] {3_4_2_homework_assignment.py:84} INFO - USD,TMT,3.51,2024-01-04

[2025-02-27T10:45:04.611+0000] {3_4_2_homework_assignment.py:84} INFO - USD,TND,3.095502,2024-01-04

[2025-02-27T10:45:04.612+0000] {3_4_2_homework_assignment.py:84} INFO - USD,TOP,2.34315,2024-01-04

[2025-02-27T10:45:04.612+0000] {3_4_2_homework_assignment.py:84} INFO - USD,TRY,29.8459,2024-01-04

[2025-02-27T10:45:04.612+0000] {3_4_2_homework_assignment.py:84} INFO - USD,TTD,6.786673,2024-01-04

[2025-02-27T10:45:04.612+0000] {3_4_2_homework_assignment.py:84} INFO - USD,TWD,31.069046,2024-01-04

[2025-02-27T10:45:04.612+0000] {3_4_2_homework_assignment.py:84} INFO - USD,TZS,2514.999928,2024-01-04

[2025-02-27T10:45:04.613+0000] {3_4_2_homework_assignment.py:84} INFO - USD,UAH,38.030715,2024-01-04

[2025-02-27T10:45:04.613+0000] {3_4_2_homework_assignment.py:84} INFO - USD,UGX,3812.185476,2024-01-04

[2025-02-27T10:45:04.613+0000] {3_4_2_homework_assignment.py:84} INFO - USD,UYU,39.099461,2024-01-04

[2025-02-27T10:45:04.613+0000] {3_4_2_homework_assignment.py:84} INFO - USD,UZS,12343.480286,2024-01-04

[2025-02-27T10:45:04.613+0000] {3_4_2_homework_assignment.py:84} INFO - USD,VEF,3582024.965393,2024-01-04

[2025-02-27T10:45:04.613+0000] {3_4_2_homework_assignment.py:84} INFO - USD,VES,35.989485,2024-01-04

[2025-02-27T10:45:04.614+0000] {3_4_2_homework_assignment.py:84} INFO - USD,VND,24370.0,2024-01-04

[2025-02-27T10:45:04.614+0000] {3_4_2_homework_assignment.py:84} INFO - USD,VUV,118.783962,2024-01-04

[2025-02-27T10:45:04.614+0000] {3_4_2_homework_assignment.py:84} INFO - USD,WST,2.714633,2024-01-04

[2025-02-27T10:45:04.614+0000] {3_4_2_homework_assignment.py:84} INFO - USD,XAF,599.093994,2024-01-04

[2025-02-27T10:45:04.614+0000] {3_4_2_homework_assignment.py:84} INFO - USD,XAG,0.043407,2024-01-04

[2025-02-27T10:45:04.615+0000] {3_4_2_homework_assignment.py:84} INFO - USD,XAU,0.000489,2024-01-04

[2025-02-27T10:45:04.615+0000] {3_4_2_homework_assignment.py:84} INFO - USD,XCD,2.70255,2024-01-04

[2025-02-27T10:45:04.615+0000] {3_4_2_homework_assignment.py:84} INFO - USD,XDR,0.745267,2024-01-04

[2025-02-27T10:45:04.615+0000] {3_4_2_homework_assignment.py:84} INFO - USD,XOF,599.500507,2024-01-04

[2025-02-27T10:45:04.615+0000] {3_4_2_homework_assignment.py:84} INFO - USD,XPF,109.449759,2024-01-04

[2025-02-27T10:45:04.616+0000] {3_4_2_homework_assignment.py:84} INFO - USD,YER,250.324968,2024-01-04

[2025-02-27T10:45:04.616+0000] {3_4_2_homework_assignment.py:84} INFO - USD,ZAR,18.701902,2024-01-04

[2025-02-27T10:45:04.616+0000] {3_4_2_homework_assignment.py:84} INFO - USD,ZMK,9001.195805,2024-01-04

[2025-02-27T10:45:04.616+0000] {3_4_2_homework_assignment.py:84} INFO - USD,ZMW,25.771746,2024-01-04

[2025-02-27T10:45:04.616+0000] {3_4_2_homework_assignment.py:84} INFO - USD,ZWL,321.999592,2024-01-04

[2025-02-27T10:45:04.617+0000] {python.py:201} INFO - Done. Returned value was: None
[2025-02-27T10:45:04.620+0000] {taskinstance.py:1138} INFO - Marking task as SUCCESS. dag_id=3_4_2_homework_assignment, task_id=transform_data_task, execution_date=20240104T000000, start_date=20250227T104504, end_date=20250227T104504
[2025-02-27T10:45:04.642+0000] {local_task_job_runner.py:234} INFO - Task exited with return code 0
