[2025-02-27T09:35:52.158+0000] {taskinstance.py:1956} INFO - Dependencies all met for dep_context=non-requeueable deps ti=<TaskInstance: 3_4_2_homework_assignment.extract_task scheduled__2024-01-09T00:00:00+00:00 [queued]>
[2025-02-27T09:35:52.170+0000] {taskinstance.py:1956} INFO - Dependencies all met for dep_context=requeueable deps ti=<TaskInstance: 3_4_2_homework_assignment.extract_task scheduled__2024-01-09T00:00:00+00:00 [queued]>
[2025-02-27T09:35:52.171+0000] {taskinstance.py:2170} INFO - Starting attempt 1 of 1
[2025-02-27T09:35:52.195+0000] {taskinstance.py:2191} INFO - Executing <Task(PythonOperator): extract_task> on 2024-01-09 00:00:00+00:00
[2025-02-27T09:35:52.206+0000] {standard_task_runner.py:60} INFO - Started process 803 to run task
[2025-02-27T09:35:52.209+0000] {standard_task_runner.py:87} INFO - Running: ['airflow', 'tasks', 'run', '3_4_2_homework_assignment', 'extract_task', 'scheduled__2024-01-09T00:00:00+00:00', '--job-id', '18', '--raw', '--subdir', 'DAGS_FOLDER/3_4_2_homework_assignment.py', '--cfg-path', '/tmp/tmp3qs85b6w']
[2025-02-27T09:35:52.211+0000] {standard_task_runner.py:88} INFO - Job 18: Subtask extract_task
[2025-02-27T09:35:52.261+0000] {task_command.py:423} INFO - Running <TaskInstance: 3_4_2_homework_assignment.extract_task scheduled__2024-01-09T00:00:00+00:00 [running]> on host ea5964584459
[2025-02-27T09:35:52.310+0000] {taskinstance.py:2480} INFO - Exporting env vars: AIRFLOW_CTX_DAG_OWNER='airflow' AIRFLOW_CTX_DAG_ID='3_4_2_homework_assignment' AIRFLOW_CTX_TASK_ID='extract_task' AIRFLOW_CTX_EXECUTION_DATE='2024-01-09T00:00:00+00:00' AIRFLOW_CTX_TRY_NUMBER='1' AIRFLOW_CTX_DAG_RUN_ID='scheduled__2024-01-09T00:00:00+00:00'
[2025-02-27T09:35:53.050+0000] {python.py:201} INFO - Done. Returned value was: None
[2025-02-27T09:35:53.058+0000] {taskinstance.py:1138} INFO - Marking task as SUCCESS. dag_id=3_4_2_homework_assignment, task_id=extract_task, execution_date=20240109T000000, start_date=20250227T093552, end_date=20250227T093553
[2025-02-27T09:35:53.104+0000] {local_task_job_runner.py:234} INFO - Task exited with return code 0
[2025-02-27T09:40:47.573+0000] {taskinstance.py:1956} INFO - Dependencies all met for dep_context=non-requeueable deps ti=<TaskInstance: 3_4_2_homework_assignment.extract_task scheduled__2024-01-09T00:00:00+00:00 [queued]>
[2025-02-27T09:40:47.577+0000] {taskinstance.py:1956} INFO - Dependencies all met for dep_context=requeueable deps ti=<TaskInstance: 3_4_2_homework_assignment.extract_task scheduled__2024-01-09T00:00:00+00:00 [queued]>
[2025-02-27T09:40:47.578+0000] {taskinstance.py:2170} INFO - Starting attempt 1 of 1
[2025-02-27T09:40:47.587+0000] {taskinstance.py:2191} INFO - Executing <Task(PythonOperator): extract_task> on 2024-01-09 00:00:00+00:00
[2025-02-27T09:40:47.592+0000] {standard_task_runner.py:60} INFO - Started process 1208 to run task
[2025-02-27T09:40:47.594+0000] {standard_task_runner.py:87} INFO - Running: ['airflow', 'tasks', 'run', '3_4_2_homework_assignment', 'extract_task', 'scheduled__2024-01-09T00:00:00+00:00', '--job-id', '18', '--raw', '--subdir', 'DAGS_FOLDER/3_4_2_homework_assignment.py', '--cfg-path', '/tmp/tmp_4yc4j5v']
[2025-02-27T09:40:47.595+0000] {standard_task_runner.py:88} INFO - Job 18: Subtask extract_task
[2025-02-27T09:40:47.622+0000] {task_command.py:423} INFO - Running <TaskInstance: 3_4_2_homework_assignment.extract_task scheduled__2024-01-09T00:00:00+00:00 [running]> on host ea5964584459
[2025-02-27T09:40:47.662+0000] {taskinstance.py:2480} INFO - Exporting env vars: AIRFLOW_CTX_DAG_OWNER='airflow' AIRFLOW_CTX_DAG_ID='3_4_2_homework_assignment' AIRFLOW_CTX_TASK_ID='extract_task' AIRFLOW_CTX_EXECUTION_DATE='2024-01-09T00:00:00+00:00' AIRFLOW_CTX_TRY_NUMBER='1' AIRFLOW_CTX_DAG_RUN_ID='scheduled__2024-01-09T00:00:00+00:00'
[2025-02-27T09:40:48.293+0000] {python.py:201} INFO - Done. Returned value was: None
[2025-02-27T09:40:48.298+0000] {taskinstance.py:1138} INFO - Marking task as SUCCESS. dag_id=3_4_2_homework_assignment, task_id=extract_task, execution_date=20240109T000000, start_date=20250227T094047, end_date=20250227T094048
[2025-02-27T09:40:48.335+0000] {local_task_job_runner.py:234} INFO - Task exited with return code 0
[2025-02-27T09:51:11.129+0000] {taskinstance.py:1956} INFO - Dependencies all met for dep_context=non-requeueable deps ti=<TaskInstance: 3_4_2_homework_assignment.extract_task scheduled__2024-01-09T00:00:00+00:00 [queued]>
[2025-02-27T09:51:11.133+0000] {taskinstance.py:1956} INFO - Dependencies all met for dep_context=requeueable deps ti=<TaskInstance: 3_4_2_homework_assignment.extract_task scheduled__2024-01-09T00:00:00+00:00 [queued]>
[2025-02-27T09:51:11.133+0000] {taskinstance.py:2170} INFO - Starting attempt 1 of 1
[2025-02-27T09:51:11.143+0000] {taskinstance.py:2191} INFO - Executing <Task(PythonOperator): extract_task> on 2024-01-09 00:00:00+00:00
[2025-02-27T09:51:11.148+0000] {standard_task_runner.py:60} INFO - Started process 2505 to run task
[2025-02-27T09:51:11.150+0000] {standard_task_runner.py:87} INFO - Running: ['airflow', 'tasks', 'run', '3_4_2_homework_assignment', 'extract_task', 'scheduled__2024-01-09T00:00:00+00:00', '--job-id', '26', '--raw', '--subdir', 'DAGS_FOLDER/3_4_2_homework_assignment.py', '--cfg-path', '/tmp/tmpfkt6_0tk']
[2025-02-27T09:51:11.151+0000] {standard_task_runner.py:88} INFO - Job 26: Subtask extract_task
[2025-02-27T09:51:11.175+0000] {task_command.py:423} INFO - Running <TaskInstance: 3_4_2_homework_assignment.extract_task scheduled__2024-01-09T00:00:00+00:00 [running]> on host ea5964584459
[2025-02-27T09:51:11.218+0000] {taskinstance.py:2480} INFO - Exporting env vars: AIRFLOW_CTX_DAG_OWNER='airflow' AIRFLOW_CTX_DAG_ID='3_4_2_homework_assignment' AIRFLOW_CTX_TASK_ID='extract_task' AIRFLOW_CTX_EXECUTION_DATE='2024-01-09T00:00:00+00:00' AIRFLOW_CTX_TRY_NUMBER='1' AIRFLOW_CTX_DAG_RUN_ID='scheduled__2024-01-09T00:00:00+00:00'
[2025-02-27T09:51:11.219+0000] {logging_mixin.py:188} INFO - https://api.exchangerate.host/timeframe?access_key=None&source=USD&start_date={{ds}}&end_date={{ds}}
[2025-02-27T09:51:11.848+0000] {logging_mixin.py:188} INFO - Ответ API: {
  "success": false,
  "error": {
    "code": 101,
    "type": "invalid_access_key",
    "info": "You have not supplied a valid API Access Key. [Technical Support: support@apilayer.com]"
  }
}
[2025-02-27T09:51:11.850+0000] {python.py:201} INFO - Done. Returned value was: None
[2025-02-27T09:51:11.853+0000] {taskinstance.py:1138} INFO - Marking task as SUCCESS. dag_id=3_4_2_homework_assignment, task_id=extract_task, execution_date=20240109T000000, start_date=20250227T095111, end_date=20250227T095111
[2025-02-27T09:51:11.891+0000] {local_task_job_runner.py:234} INFO - Task exited with return code 0
[2025-02-27T09:51:11.898+0000] {taskinstance.py:3280} INFO - 0 downstream tasks scheduled from follow-on schedule check
[2025-02-27T09:55:29.739+0000] {taskinstance.py:1956} INFO - Dependencies all met for dep_context=non-requeueable deps ti=<TaskInstance: 3_4_2_homework_assignment.extract_task scheduled__2024-01-09T00:00:00+00:00 [queued]>
[2025-02-27T09:55:29.744+0000] {taskinstance.py:1956} INFO - Dependencies all met for dep_context=requeueable deps ti=<TaskInstance: 3_4_2_homework_assignment.extract_task scheduled__2024-01-09T00:00:00+00:00 [queued]>
[2025-02-27T09:55:29.745+0000] {taskinstance.py:2170} INFO - Starting attempt 1 of 1
[2025-02-27T09:55:29.762+0000] {taskinstance.py:2191} INFO - Executing <Task(PythonOperator): extract_task> on 2024-01-09 00:00:00+00:00
[2025-02-27T09:55:29.767+0000] {standard_task_runner.py:60} INFO - Started process 3083 to run task
[2025-02-27T09:55:29.769+0000] {standard_task_runner.py:87} INFO - Running: ['airflow', 'tasks', 'run', '3_4_2_homework_assignment', 'extract_task', 'scheduled__2024-01-09T00:00:00+00:00', '--job-id', '26', '--raw', '--subdir', 'DAGS_FOLDER/3_4_2_homework_assignment.py', '--cfg-path', '/tmp/tmpk_ixqzpi']
[2025-02-27T09:55:29.771+0000] {standard_task_runner.py:88} INFO - Job 26: Subtask extract_task
[2025-02-27T09:55:29.805+0000] {task_command.py:423} INFO - Running <TaskInstance: 3_4_2_homework_assignment.extract_task scheduled__2024-01-09T00:00:00+00:00 [running]> on host ea5964584459
[2025-02-27T09:55:29.870+0000] {taskinstance.py:2480} INFO - Exporting env vars: AIRFLOW_CTX_DAG_OWNER='airflow' AIRFLOW_CTX_DAG_ID='3_4_2_homework_assignment' AIRFLOW_CTX_TASK_ID='extract_task' AIRFLOW_CTX_EXECUTION_DATE='2024-01-09T00:00:00+00:00' AIRFLOW_CTX_TRY_NUMBER='1' AIRFLOW_CTX_DAG_RUN_ID='scheduled__2024-01-09T00:00:00+00:00'
[2025-02-27T09:55:29.871+0000] {3_4_2_homework_assignment.py:41} INFO - https://api.exchangerate.host/timeframe?access_key=None&source=USD&start_date={{ds}}&end_date={{ds}}
[2025-02-27T09:55:30.503+0000] {logging_mixin.py:188} INFO - Ответ API: {
  "success": false,
  "error": {
    "code": 101,
    "type": "invalid_access_key",
    "info": "You have not supplied a valid API Access Key. [Technical Support: support@apilayer.com]"
  }
}
[2025-02-27T09:55:30.505+0000] {python.py:201} INFO - Done. Returned value was: None
[2025-02-27T09:55:30.511+0000] {taskinstance.py:1138} INFO - Marking task as SUCCESS. dag_id=3_4_2_homework_assignment, task_id=extract_task, execution_date=20240109T000000, start_date=20250227T095529, end_date=20250227T095530
[2025-02-27T09:55:30.555+0000] {local_task_job_runner.py:234} INFO - Task exited with return code 0
[2025-02-27T09:55:30.564+0000] {taskinstance.py:3280} INFO - 0 downstream tasks scheduled from follow-on schedule check
[2025-02-27T10:07:22.977+0000] {taskinstance.py:1956} INFO - Dependencies all met for dep_context=non-requeueable deps ti=<TaskInstance: 3_4_2_homework_assignment.extract_task scheduled__2024-01-09T00:00:00+00:00 [queued]>
[2025-02-27T10:07:22.982+0000] {taskinstance.py:1956} INFO - Dependencies all met for dep_context=requeueable deps ti=<TaskInstance: 3_4_2_homework_assignment.extract_task scheduled__2024-01-09T00:00:00+00:00 [queued]>
[2025-02-27T10:07:22.982+0000] {taskinstance.py:2170} INFO - Starting attempt 1 of 1
[2025-02-27T10:07:22.994+0000] {taskinstance.py:2191} INFO - Executing <Task(PythonOperator): extract_task> on 2024-01-09 00:00:00+00:00
[2025-02-27T10:07:22.999+0000] {standard_task_runner.py:60} INFO - Started process 3727 to run task
[2025-02-27T10:07:23.001+0000] {standard_task_runner.py:87} INFO - Running: ['airflow', 'tasks', 'run', '3_4_2_homework_assignment', 'extract_task', 'scheduled__2024-01-09T00:00:00+00:00', '--job-id', '26', '--raw', '--subdir', 'DAGS_FOLDER/3_4_2_homework_assignment.py', '--cfg-path', '/tmp/tmpxmi6c303']
[2025-02-27T10:07:23.002+0000] {standard_task_runner.py:88} INFO - Job 26: Subtask extract_task
[2025-02-27T10:07:23.031+0000] {task_command.py:423} INFO - Running <TaskInstance: 3_4_2_homework_assignment.extract_task scheduled__2024-01-09T00:00:00+00:00 [running]> on host ea5964584459
[2025-02-27T10:07:23.079+0000] {taskinstance.py:2480} INFO - Exporting env vars: AIRFLOW_CTX_DAG_OWNER='airflow' AIRFLOW_CTX_DAG_ID='3_4_2_homework_assignment' AIRFLOW_CTX_TASK_ID='extract_task' AIRFLOW_CTX_EXECUTION_DATE='2024-01-09T00:00:00+00:00' AIRFLOW_CTX_TRY_NUMBER='1' AIRFLOW_CTX_DAG_RUN_ID='scheduled__2024-01-09T00:00:00+00:00'
[2025-02-27T10:07:23.709+0000] {logging_mixin.py:188} INFO - Ответ API: {
  "success": false,
  "error": {
    "code": 101,
    "type": "invalid_access_key",
    "info": "You have not supplied a valid API Access Key. [Technical Support: support@apilayer.com]"
  }
}
[2025-02-27T10:07:23.710+0000] {python.py:201} INFO - Done. Returned value was: None
[2025-02-27T10:07:23.714+0000] {taskinstance.py:1138} INFO - Marking task as SUCCESS. dag_id=3_4_2_homework_assignment, task_id=extract_task, execution_date=20240109T000000, start_date=20250227T100722, end_date=20250227T100723
[2025-02-27T10:07:23.749+0000] {local_task_job_runner.py:234} INFO - Task exited with return code 0
[2025-02-27T10:07:23.759+0000] {taskinstance.py:3280} INFO - 0 downstream tasks scheduled from follow-on schedule check
[2025-02-27T10:14:59.087+0000] {taskinstance.py:1956} INFO - Dependencies all met for dep_context=non-requeueable deps ti=<TaskInstance: 3_4_2_homework_assignment.extract_task scheduled__2024-01-09T00:00:00+00:00 [queued]>
[2025-02-27T10:14:59.092+0000] {taskinstance.py:1956} INFO - Dependencies all met for dep_context=requeueable deps ti=<TaskInstance: 3_4_2_homework_assignment.extract_task scheduled__2024-01-09T00:00:00+00:00 [queued]>
[2025-02-27T10:14:59.093+0000] {taskinstance.py:2170} INFO - Starting attempt 1 of 1
[2025-02-27T10:14:59.106+0000] {taskinstance.py:2191} INFO - Executing <Task(PythonOperator): extract_task> on 2024-01-09 00:00:00+00:00
[2025-02-27T10:14:59.112+0000] {standard_task_runner.py:60} INFO - Started process 4622 to run task
[2025-02-27T10:14:59.115+0000] {standard_task_runner.py:87} INFO - Running: ['airflow', 'tasks', 'run', '3_4_2_homework_assignment', 'extract_task', 'scheduled__2024-01-09T00:00:00+00:00', '--job-id', '26', '--raw', '--subdir', 'DAGS_FOLDER/3_4_2_homework_assignment.py', '--cfg-path', '/tmp/tmpkv1f3y15']
[2025-02-27T10:14:59.117+0000] {standard_task_runner.py:88} INFO - Job 26: Subtask extract_task
[2025-02-27T10:14:59.153+0000] {task_command.py:423} INFO - Running <TaskInstance: 3_4_2_homework_assignment.extract_task scheduled__2024-01-09T00:00:00+00:00 [running]> on host ea5964584459
[2025-02-27T10:14:59.214+0000] {taskinstance.py:2480} INFO - Exporting env vars: AIRFLOW_CTX_DAG_OWNER='airflow' AIRFLOW_CTX_DAG_ID='3_4_2_homework_assignment' AIRFLOW_CTX_TASK_ID='extract_task' AIRFLOW_CTX_EXECUTION_DATE='2024-01-09T00:00:00+00:00' AIRFLOW_CTX_TRY_NUMBER='1' AIRFLOW_CTX_DAG_RUN_ID='scheduled__2024-01-09T00:00:00+00:00'
[2025-02-27T10:14:59.216+0000] {3_4_2_homework_assignment.py:41} INFO - https://api.exchangerate.host/timeframe?access_key=422bab0c9e08a5476912061877017b8d&source=USD&start_date=2024-01-09&end_date=2024-01-09
[2025-02-27T10:14:59.854+0000] {logging_mixin.py:188} INFO - Ответ API: {"success":true,"terms":"https:\/\/currencylayer.com\/terms","privacy":"https:\/\/currencylayer.com\/privacy","timeframe":true,"start_date":"2024-01-09","end_date":"2024-01-09","source":"USD","quotes":{"2024-01-09":{"USDAED":3.672497,"USDAFN":70.373942,"USDALL":95.19045,"USDAMD":404.371085,"USDANG":1.80158,"USDAOA":828.723987,"USDARS":814.335087,"USDAUD":1.496334,"USDAWG":1.8025,"USDAZN":1.703214,"USDBAM":1.788422,"USDBBD":2.018362,"USDBDT":109.702905,"USDBGN":1.789365,"USDBHD":0.376858,"USDBIF":2848.795208,"USDBMD":1,"USDBND":1.330803,"USDBOB":6.907777,"USDBRL":4.906597,"USDBSD":0.999671,"USDBTC":2.1636242e-5,"USDBTN":83.164373,"USDBWP":13.535732,"USDBYN":3.270907,"USDBYR":19600,"USDBZD":2.014997,"USDCAD":1.33909,"USDCDF":2685.000016,"USDCHF":0.85245,"USDCLF":0.033275,"USDCLP":918.150107,"USDCNY":7.112601,"USDCOP":3940,"USDCRC":519.409263,"USDCUC":1,"USDCUP":26.5,"USDCVE":100.830308,"USDCZK":22.488297,"USDDJF":177.719689,"USDDKK":6.822415,"USDDOP":58.579855,"USDDZD":134.50263,"USDEGP":30.896961,"USDERN":15,"USDETB":56.504869,"USDEUR":0.914805,"USDFJD":2.239201,"USDFKP":0.783532,"USDGBP":0.786775,"USDGEL":2.685021,"USDGGP":0.783532,"USDGHS":11.910749,"USDGIP":0.783532,"USDGMD":67.275025,"USDGNF":8594.6287,"USDGTQ":7.819558,"USDGYD":209.135385,"USDHKD":7.815775,"USDHNL":24.652749,"USDHRK":6.98177,"USDHTG":131.662933,"USDHUF":346.873031,"USDIDR":15542.65,"USDILS":3.73325,"USDIMP":0.783532,"USDINR":83.15635,"USDIQD":1309.448696,"USDIRR":42037.495986,"USDISK":137.501353,"USDJEP":0.783532,"USDJMD":154.379355,"USDJOD":0.709398,"USDJPY":144.443502,"USDKES":158.250442,"USDKGS":89.281302,"USDKHR":4095.834667,"USDKMF":449.499754,"USDKPW":899.981435,"USDKRW":1320.589961,"USDKWD":0.30749,"USDKYD":0.833067,"USDKZT":454.528828,"USDLAK":20602.62448,"USDLBP":15024.461616,"USDLKR":322.500114,"USDLRD":188.825005,"USDLSL":18.600056,"USDLTL":2.95274,"USDLVL":0.60489,"USDLYD":4.79613,"USDMAD":9.952906,"USDMDL":17.74313,"USDMGA":4572.264643,"USDMKD":56.277155,"USDMMK":2099.218143,"USDMNT":3423.951251,"USDMOP":8.046637,"USDMRU":39.650314,"USDMUR":45.190082,"USDMVR":15.409745,"USDMWK":1682.776279,"USDMXN":16.972115,"USDMYR":4.6435,"USDMZN":63.24995,"USDNAD":18.583536,"USDNGN":914.499594,"USDNIO":36.585923,"USDNOK":10.366935,"USDNPR":133.065394,"USDNZD":1.603205,"USDOMR":0.384871,"USDPAB":0.99968,"USDPEN":3.696036,"USDPGK":3.732797,"USDPHP":56.127003,"USDPKR":281.216932,"USDPLN":3.977706,"USDPYG":7266.24297,"USDQAR":3.641501,"USDRON":4.548695,"USDRSD":107.235308,"USDRUB":90.867862,"USDRWF":1264.048283,"USDSAR":3.749954,"USDSBD":8.453689,"USDSCR":13.36204,"USDSDG":601.000264,"USDSEK":10.251425,"USDSGD":1.331025,"USDSHP":1.2754,"USDSLE":22.515143,"USDSLL":19749.999818,"USDSOS":571.000093,"USDSRD":36.835982,"USDSTD":20697.981008,"USDSYP":13001.88942,"USDSZL":18.702391,"USDTHB":34.924996,"USDTJS":10.951031,"USDTMT":3.51,"USDTND":3.094007,"USDTOP":2.34535,"USDTRY":29.96686,"USDTTD":6.785303,"USDTWD":31.076028,"USDTZS":2515.000251,"USDUAH":38.141832,"USDUGX":3798.602729,"USDUYU":39.329362,"USDUZS":12384.897448,"USDVEF":3595949.028453,"USDVES":35.893617,"USDVND":24370,"USDVUV":118.996053,"USDWST":2.712028,"USDXAF":599.8418,"USDXAG":0.043506,"USDXAU":0.000492,"USDXCD":2.70255,"USDXDR":0.749028,"USDXOF":599.830829,"USDXPF":109.400846,"USDYER":250.349773,"USDZAR":18.655403,"USDZMK":9001.201412,"USDZMW":25.965891,"USDZWL":321.999592}}}
[2025-02-27T10:14:59.857+0000] {python.py:201} INFO - Done. Returned value was: None
[2025-02-27T10:14:59.865+0000] {taskinstance.py:1138} INFO - Marking task as SUCCESS. dag_id=3_4_2_homework_assignment, task_id=extract_task, execution_date=20240109T000000, start_date=20250227T101459, end_date=20250227T101459
[2025-02-27T10:14:59.892+0000] {local_task_job_runner.py:234} INFO - Task exited with return code 0
[2025-02-27T10:14:59.905+0000] {taskinstance.py:3280} INFO - 0 downstream tasks scheduled from follow-on schedule check
[2025-02-27T10:27:39.813+0000] {taskinstance.py:1956} INFO - Dependencies all met for dep_context=non-requeueable deps ti=<TaskInstance: 3_4_2_homework_assignment.extract_task scheduled__2024-01-09T00:00:00+00:00 [queued]>
[2025-02-27T10:27:39.818+0000] {taskinstance.py:1956} INFO - Dependencies all met for dep_context=requeueable deps ti=<TaskInstance: 3_4_2_homework_assignment.extract_task scheduled__2024-01-09T00:00:00+00:00 [queued]>
[2025-02-27T10:27:39.818+0000] {taskinstance.py:2170} INFO - Starting attempt 1 of 1
[2025-02-27T10:27:39.829+0000] {taskinstance.py:2191} INFO - Executing <Task(PythonOperator): extract_task> on 2024-01-09 00:00:00+00:00
[2025-02-27T10:27:39.834+0000] {standard_task_runner.py:60} INFO - Started process 5957 to run task
[2025-02-27T10:27:39.837+0000] {standard_task_runner.py:87} INFO - Running: ['airflow', 'tasks', 'run', '3_4_2_homework_assignment', 'extract_task', 'scheduled__2024-01-09T00:00:00+00:00', '--job-id', '26', '--raw', '--subdir', 'DAGS_FOLDER/3_4_2_homework_assignment.py', '--cfg-path', '/tmp/tmpj7ca71a4']
[2025-02-27T10:27:39.838+0000] {standard_task_runner.py:88} INFO - Job 26: Subtask extract_task
[2025-02-27T10:27:39.865+0000] {task_command.py:423} INFO - Running <TaskInstance: 3_4_2_homework_assignment.extract_task scheduled__2024-01-09T00:00:00+00:00 [running]> on host ea5964584459
[2025-02-27T10:27:39.926+0000] {taskinstance.py:2480} INFO - Exporting env vars: AIRFLOW_CTX_DAG_OWNER='airflow' AIRFLOW_CTX_DAG_ID='3_4_2_homework_assignment' AIRFLOW_CTX_TASK_ID='extract_task' AIRFLOW_CTX_EXECUTION_DATE='2024-01-09T00:00:00+00:00' AIRFLOW_CTX_TRY_NUMBER='1' AIRFLOW_CTX_DAG_RUN_ID='scheduled__2024-01-09T00:00:00+00:00'
[2025-02-27T10:27:39.927+0000] {3_4_2_homework_assignment.py:40} INFO - https://api.exchangerate.host/timeframe?access_key=422bab0c9e08a5476912061877017b8d&source=USD&start_date=2024-01-09&end_date=2024-01-09
[2025-02-27T10:27:40.553+0000] {logging_mixin.py:188} INFO - Ответ API: {"success":true,"terms":"https:\/\/currencylayer.com\/terms","privacy":"https:\/\/currencylayer.com\/privacy","timeframe":true,"start_date":"2024-01-09","end_date":"2024-01-09","source":"USD","quotes":{"2024-01-09":{"USDAED":3.672497,"USDAFN":70.373942,"USDALL":95.19045,"USDAMD":404.371085,"USDANG":1.80158,"USDAOA":828.723987,"USDARS":814.335087,"USDAUD":1.496334,"USDAWG":1.8025,"USDAZN":1.703214,"USDBAM":1.788422,"USDBBD":2.018362,"USDBDT":109.702905,"USDBGN":1.789365,"USDBHD":0.376858,"USDBIF":2848.795208,"USDBMD":1,"USDBND":1.330803,"USDBOB":6.907777,"USDBRL":4.906597,"USDBSD":0.999671,"USDBTC":2.1636242e-5,"USDBTN":83.164373,"USDBWP":13.535732,"USDBYN":3.270907,"USDBYR":19600,"USDBZD":2.014997,"USDCAD":1.33909,"USDCDF":2685.000016,"USDCHF":0.85245,"USDCLF":0.033275,"USDCLP":918.150107,"USDCNY":7.112601,"USDCOP":3940,"USDCRC":519.409263,"USDCUC":1,"USDCUP":26.5,"USDCVE":100.830308,"USDCZK":22.488297,"USDDJF":177.719689,"USDDKK":6.822415,"USDDOP":58.579855,"USDDZD":134.50263,"USDEGP":30.896961,"USDERN":15,"USDETB":56.504869,"USDEUR":0.914805,"USDFJD":2.239201,"USDFKP":0.783532,"USDGBP":0.786775,"USDGEL":2.685021,"USDGGP":0.783532,"USDGHS":11.910749,"USDGIP":0.783532,"USDGMD":67.275025,"USDGNF":8594.6287,"USDGTQ":7.819558,"USDGYD":209.135385,"USDHKD":7.815775,"USDHNL":24.652749,"USDHRK":6.98177,"USDHTG":131.662933,"USDHUF":346.873031,"USDIDR":15542.65,"USDILS":3.73325,"USDIMP":0.783532,"USDINR":83.15635,"USDIQD":1309.448696,"USDIRR":42037.495986,"USDISK":137.501353,"USDJEP":0.783532,"USDJMD":154.379355,"USDJOD":0.709398,"USDJPY":144.443502,"USDKES":158.250442,"USDKGS":89.281302,"USDKHR":4095.834667,"USDKMF":449.499754,"USDKPW":899.981435,"USDKRW":1320.589961,"USDKWD":0.30749,"USDKYD":0.833067,"USDKZT":454.528828,"USDLAK":20602.62448,"USDLBP":15024.461616,"USDLKR":322.500114,"USDLRD":188.825005,"USDLSL":18.600056,"USDLTL":2.95274,"USDLVL":0.60489,"USDLYD":4.79613,"USDMAD":9.952906,"USDMDL":17.74313,"USDMGA":4572.264643,"USDMKD":56.277155,"USDMMK":2099.218143,"USDMNT":3423.951251,"USDMOP":8.046637,"USDMRU":39.650314,"USDMUR":45.190082,"USDMVR":15.409745,"USDMWK":1682.776279,"USDMXN":16.972115,"USDMYR":4.6435,"USDMZN":63.24995,"USDNAD":18.583536,"USDNGN":914.499594,"USDNIO":36.585923,"USDNOK":10.366935,"USDNPR":133.065394,"USDNZD":1.603205,"USDOMR":0.384871,"USDPAB":0.99968,"USDPEN":3.696036,"USDPGK":3.732797,"USDPHP":56.127003,"USDPKR":281.216932,"USDPLN":3.977706,"USDPYG":7266.24297,"USDQAR":3.641501,"USDRON":4.548695,"USDRSD":107.235308,"USDRUB":90.867862,"USDRWF":1264.048283,"USDSAR":3.749954,"USDSBD":8.453689,"USDSCR":13.36204,"USDSDG":601.000264,"USDSEK":10.251425,"USDSGD":1.331025,"USDSHP":1.2754,"USDSLE":22.515143,"USDSLL":19749.999818,"USDSOS":571.000093,"USDSRD":36.835982,"USDSTD":20697.981008,"USDSYP":13001.88942,"USDSZL":18.702391,"USDTHB":34.924996,"USDTJS":10.951031,"USDTMT":3.51,"USDTND":3.094007,"USDTOP":2.34535,"USDTRY":29.96686,"USDTTD":6.785303,"USDTWD":31.076028,"USDTZS":2515.000251,"USDUAH":38.141832,"USDUGX":3798.602729,"USDUYU":39.329362,"USDUZS":12384.897448,"USDVEF":3595949.028453,"USDVES":35.893617,"USDVND":24370,"USDVUV":118.996053,"USDWST":2.712028,"USDXAF":599.8418,"USDXAG":0.043506,"USDXAU":0.000492,"USDXCD":2.70255,"USDXDR":0.749028,"USDXOF":599.830829,"USDXPF":109.400846,"USDYER":250.349773,"USDZAR":18.655403,"USDZMK":9001.201412,"USDZMW":25.965891,"USDZWL":321.999592}}}
[2025-02-27T10:27:40.555+0000] {python.py:201} INFO - Done. Returned value was: None
[2025-02-27T10:27:40.560+0000] {taskinstance.py:1138} INFO - Marking task as SUCCESS. dag_id=3_4_2_homework_assignment, task_id=extract_task, execution_date=20240109T000000, start_date=20250227T102739, end_date=20250227T102740
[2025-02-27T10:27:40.618+0000] {local_task_job_runner.py:234} INFO - Task exited with return code 0
[2025-02-27T10:36:01.862+0000] {taskinstance.py:1956} INFO - Dependencies all met for dep_context=non-requeueable deps ti=<TaskInstance: 3_4_2_homework_assignment.extract_task scheduled__2024-01-09T00:00:00+00:00 [queued]>
[2025-02-27T10:36:01.868+0000] {taskinstance.py:1956} INFO - Dependencies all met for dep_context=requeueable deps ti=<TaskInstance: 3_4_2_homework_assignment.extract_task scheduled__2024-01-09T00:00:00+00:00 [queued]>
[2025-02-27T10:36:01.868+0000] {taskinstance.py:2170} INFO - Starting attempt 1 of 1
[2025-02-27T10:36:01.880+0000] {taskinstance.py:2191} INFO - Executing <Task(PythonOperator): extract_task> on 2024-01-09 00:00:00+00:00
[2025-02-27T10:36:01.885+0000] {standard_task_runner.py:60} INFO - Started process 6617 to run task
[2025-02-27T10:36:01.887+0000] {standard_task_runner.py:87} INFO - Running: ['airflow', 'tasks', 'run', '3_4_2_homework_assignment', 'extract_task', 'scheduled__2024-01-09T00:00:00+00:00', '--job-id', '26', '--raw', '--subdir', 'DAGS_FOLDER/3_4_2_homework_assignment.py', '--cfg-path', '/tmp/tmpwh80w1n1']
[2025-02-27T10:36:01.889+0000] {standard_task_runner.py:88} INFO - Job 26: Subtask extract_task
[2025-02-27T10:36:01.916+0000] {task_command.py:423} INFO - Running <TaskInstance: 3_4_2_homework_assignment.extract_task scheduled__2024-01-09T00:00:00+00:00 [running]> on host ea5964584459
[2025-02-27T10:36:01.964+0000] {taskinstance.py:2480} INFO - Exporting env vars: AIRFLOW_CTX_DAG_OWNER='airflow' AIRFLOW_CTX_DAG_ID='3_4_2_homework_assignment' AIRFLOW_CTX_TASK_ID='extract_task' AIRFLOW_CTX_EXECUTION_DATE='2024-01-09T00:00:00+00:00' AIRFLOW_CTX_TRY_NUMBER='1' AIRFLOW_CTX_DAG_RUN_ID='scheduled__2024-01-09T00:00:00+00:00'
[2025-02-27T10:36:01.966+0000] {3_4_2_homework_assignment.py:40} INFO - https://api.exchangerate.host/timeframe?access_key=422bab0c9e08a5476912061877017b8d&source=USD&start_date=2024-01-09&end_date=2024-01-09
[2025-02-27T10:36:02.641+0000] {logging_mixin.py:188} INFO - Ответ API: {"success":true,"terms":"https:\/\/currencylayer.com\/terms","privacy":"https:\/\/currencylayer.com\/privacy","timeframe":true,"start_date":"2024-01-09","end_date":"2024-01-09","source":"USD","quotes":{"2024-01-09":{"USDAED":3.672497,"USDAFN":70.373942,"USDALL":95.19045,"USDAMD":404.371085,"USDANG":1.80158,"USDAOA":828.723987,"USDARS":814.335087,"USDAUD":1.496334,"USDAWG":1.8025,"USDAZN":1.703214,"USDBAM":1.788422,"USDBBD":2.018362,"USDBDT":109.702905,"USDBGN":1.789365,"USDBHD":0.376858,"USDBIF":2848.795208,"USDBMD":1,"USDBND":1.330803,"USDBOB":6.907777,"USDBRL":4.906597,"USDBSD":0.999671,"USDBTC":2.1636242e-5,"USDBTN":83.164373,"USDBWP":13.535732,"USDBYN":3.270907,"USDBYR":19600,"USDBZD":2.014997,"USDCAD":1.33909,"USDCDF":2685.000016,"USDCHF":0.85245,"USDCLF":0.033275,"USDCLP":918.150107,"USDCNY":7.112601,"USDCOP":3940,"USDCRC":519.409263,"USDCUC":1,"USDCUP":26.5,"USDCVE":100.830308,"USDCZK":22.488297,"USDDJF":177.719689,"USDDKK":6.822415,"USDDOP":58.579855,"USDDZD":134.50263,"USDEGP":30.896961,"USDERN":15,"USDETB":56.504869,"USDEUR":0.914805,"USDFJD":2.239201,"USDFKP":0.783532,"USDGBP":0.786775,"USDGEL":2.685021,"USDGGP":0.783532,"USDGHS":11.910749,"USDGIP":0.783532,"USDGMD":67.275025,"USDGNF":8594.6287,"USDGTQ":7.819558,"USDGYD":209.135385,"USDHKD":7.815775,"USDHNL":24.652749,"USDHRK":6.98177,"USDHTG":131.662933,"USDHUF":346.873031,"USDIDR":15542.65,"USDILS":3.73325,"USDIMP":0.783532,"USDINR":83.15635,"USDIQD":1309.448696,"USDIRR":42037.495986,"USDISK":137.501353,"USDJEP":0.783532,"USDJMD":154.379355,"USDJOD":0.709398,"USDJPY":144.443502,"USDKES":158.250442,"USDKGS":89.281302,"USDKHR":4095.834667,"USDKMF":449.499754,"USDKPW":899.981435,"USDKRW":1320.589961,"USDKWD":0.30749,"USDKYD":0.833067,"USDKZT":454.528828,"USDLAK":20602.62448,"USDLBP":15024.461616,"USDLKR":322.500114,"USDLRD":188.825005,"USDLSL":18.600056,"USDLTL":2.95274,"USDLVL":0.60489,"USDLYD":4.79613,"USDMAD":9.952906,"USDMDL":17.74313,"USDMGA":4572.264643,"USDMKD":56.277155,"USDMMK":2099.218143,"USDMNT":3423.951251,"USDMOP":8.046637,"USDMRU":39.650314,"USDMUR":45.190082,"USDMVR":15.409745,"USDMWK":1682.776279,"USDMXN":16.972115,"USDMYR":4.6435,"USDMZN":63.24995,"USDNAD":18.583536,"USDNGN":914.499594,"USDNIO":36.585923,"USDNOK":10.366935,"USDNPR":133.065394,"USDNZD":1.603205,"USDOMR":0.384871,"USDPAB":0.99968,"USDPEN":3.696036,"USDPGK":3.732797,"USDPHP":56.127003,"USDPKR":281.216932,"USDPLN":3.977706,"USDPYG":7266.24297,"USDQAR":3.641501,"USDRON":4.548695,"USDRSD":107.235308,"USDRUB":90.867862,"USDRWF":1264.048283,"USDSAR":3.749954,"USDSBD":8.453689,"USDSCR":13.36204,"USDSDG":601.000264,"USDSEK":10.251425,"USDSGD":1.331025,"USDSHP":1.2754,"USDSLE":22.515143,"USDSLL":19749.999818,"USDSOS":571.000093,"USDSRD":36.835982,"USDSTD":20697.981008,"USDSYP":13001.88942,"USDSZL":18.702391,"USDTHB":34.924996,"USDTJS":10.951031,"USDTMT":3.51,"USDTND":3.094007,"USDTOP":2.34535,"USDTRY":29.96686,"USDTTD":6.785303,"USDTWD":31.076028,"USDTZS":2515.000251,"USDUAH":38.141832,"USDUGX":3798.602729,"USDUYU":39.329362,"USDUZS":12384.897448,"USDVEF":3595949.028453,"USDVES":35.893617,"USDVND":24370,"USDVUV":118.996053,"USDWST":2.712028,"USDXAF":599.8418,"USDXAG":0.043506,"USDXAU":0.000492,"USDXCD":2.70255,"USDXDR":0.749028,"USDXOF":599.830829,"USDXPF":109.400846,"USDYER":250.349773,"USDZAR":18.655403,"USDZMK":9001.201412,"USDZMW":25.965891,"USDZWL":321.999592}}}
[2025-02-27T10:36:02.643+0000] {python.py:201} INFO - Done. Returned value was: None
[2025-02-27T10:36:02.648+0000] {taskinstance.py:1138} INFO - Marking task as SUCCESS. dag_id=3_4_2_homework_assignment, task_id=extract_task, execution_date=20240109T000000, start_date=20250227T103601, end_date=20250227T103602
[2025-02-27T10:36:02.664+0000] {local_task_job_runner.py:234} INFO - Task exited with return code 0
[2025-02-27T10:45:53.301+0000] {taskinstance.py:1956} INFO - Dependencies all met for dep_context=non-requeueable deps ti=<TaskInstance: 3_4_2_homework_assignment.extract_task scheduled__2024-01-09T00:00:00+00:00 [queued]>
[2025-02-27T10:45:53.306+0000] {taskinstance.py:1956} INFO - Dependencies all met for dep_context=requeueable deps ti=<TaskInstance: 3_4_2_homework_assignment.extract_task scheduled__2024-01-09T00:00:00+00:00 [queued]>
[2025-02-27T10:45:53.307+0000] {taskinstance.py:2170} INFO - Starting attempt 1 of 1
[2025-02-27T10:45:53.319+0000] {taskinstance.py:2191} INFO - Executing <Task(PythonOperator): extract_task> on 2024-01-09 00:00:00+00:00
[2025-02-27T10:45:53.323+0000] {standard_task_runner.py:60} INFO - Started process 7300 to run task
[2025-02-27T10:45:53.325+0000] {standard_task_runner.py:87} INFO - Running: ['airflow', 'tasks', 'run', '3_4_2_homework_assignment', 'extract_task', 'scheduled__2024-01-09T00:00:00+00:00', '--job-id', '26', '--raw', '--subdir', 'DAGS_FOLDER/3_4_2_homework_assignment.py', '--cfg-path', '/tmp/tmpqee6u9li']
[2025-02-27T10:45:53.326+0000] {standard_task_runner.py:88} INFO - Job 26: Subtask extract_task
[2025-02-27T10:45:53.349+0000] {task_command.py:423} INFO - Running <TaskInstance: 3_4_2_homework_assignment.extract_task scheduled__2024-01-09T00:00:00+00:00 [running]> on host ea5964584459
[2025-02-27T10:45:53.390+0000] {taskinstance.py:2480} INFO - Exporting env vars: AIRFLOW_CTX_DAG_OWNER='airflow' AIRFLOW_CTX_DAG_ID='3_4_2_homework_assignment' AIRFLOW_CTX_TASK_ID='extract_task' AIRFLOW_CTX_EXECUTION_DATE='2024-01-09T00:00:00+00:00' AIRFLOW_CTX_TRY_NUMBER='1' AIRFLOW_CTX_DAG_RUN_ID='scheduled__2024-01-09T00:00:00+00:00'
[2025-02-27T10:45:53.391+0000] {3_4_2_homework_assignment.py:40} INFO - https://api.exchangerate.host/timeframe?access_key=422bab0c9e08a5476912061877017b8d&source=USD&start_date=2024-01-09&end_date=2024-01-09
[2025-02-27T10:45:54.037+0000] {logging_mixin.py:188} INFO - Ответ API: {"success":true,"terms":"https:\/\/currencylayer.com\/terms","privacy":"https:\/\/currencylayer.com\/privacy","timeframe":true,"start_date":"2024-01-09","end_date":"2024-01-09","source":"USD","quotes":{"2024-01-09":{"USDAED":3.672497,"USDAFN":70.373942,"USDALL":95.19045,"USDAMD":404.371085,"USDANG":1.80158,"USDAOA":828.723987,"USDARS":814.335087,"USDAUD":1.496334,"USDAWG":1.8025,"USDAZN":1.703214,"USDBAM":1.788422,"USDBBD":2.018362,"USDBDT":109.702905,"USDBGN":1.789365,"USDBHD":0.376858,"USDBIF":2848.795208,"USDBMD":1,"USDBND":1.330803,"USDBOB":6.907777,"USDBRL":4.906597,"USDBSD":0.999671,"USDBTC":2.1636242e-5,"USDBTN":83.164373,"USDBWP":13.535732,"USDBYN":3.270907,"USDBYR":19600,"USDBZD":2.014997,"USDCAD":1.33909,"USDCDF":2685.000016,"USDCHF":0.85245,"USDCLF":0.033275,"USDCLP":918.150107,"USDCNY":7.112601,"USDCOP":3940,"USDCRC":519.409263,"USDCUC":1,"USDCUP":26.5,"USDCVE":100.830308,"USDCZK":22.488297,"USDDJF":177.719689,"USDDKK":6.822415,"USDDOP":58.579855,"USDDZD":134.50263,"USDEGP":30.896961,"USDERN":15,"USDETB":56.504869,"USDEUR":0.914805,"USDFJD":2.239201,"USDFKP":0.783532,"USDGBP":0.786775,"USDGEL":2.685021,"USDGGP":0.783532,"USDGHS":11.910749,"USDGIP":0.783532,"USDGMD":67.275025,"USDGNF":8594.6287,"USDGTQ":7.819558,"USDGYD":209.135385,"USDHKD":7.815775,"USDHNL":24.652749,"USDHRK":6.98177,"USDHTG":131.662933,"USDHUF":346.873031,"USDIDR":15542.65,"USDILS":3.73325,"USDIMP":0.783532,"USDINR":83.15635,"USDIQD":1309.448696,"USDIRR":42037.495986,"USDISK":137.501353,"USDJEP":0.783532,"USDJMD":154.379355,"USDJOD":0.709398,"USDJPY":144.443502,"USDKES":158.250442,"USDKGS":89.281302,"USDKHR":4095.834667,"USDKMF":449.499754,"USDKPW":899.981435,"USDKRW":1320.589961,"USDKWD":0.30749,"USDKYD":0.833067,"USDKZT":454.528828,"USDLAK":20602.62448,"USDLBP":15024.461616,"USDLKR":322.500114,"USDLRD":188.825005,"USDLSL":18.600056,"USDLTL":2.95274,"USDLVL":0.60489,"USDLYD":4.79613,"USDMAD":9.952906,"USDMDL":17.74313,"USDMGA":4572.264643,"USDMKD":56.277155,"USDMMK":2099.218143,"USDMNT":3423.951251,"USDMOP":8.046637,"USDMRU":39.650314,"USDMUR":45.190082,"USDMVR":15.409745,"USDMWK":1682.776279,"USDMXN":16.972115,"USDMYR":4.6435,"USDMZN":63.24995,"USDNAD":18.583536,"USDNGN":914.499594,"USDNIO":36.585923,"USDNOK":10.366935,"USDNPR":133.065394,"USDNZD":1.603205,"USDOMR":0.384871,"USDPAB":0.99968,"USDPEN":3.696036,"USDPGK":3.732797,"USDPHP":56.127003,"USDPKR":281.216932,"USDPLN":3.977706,"USDPYG":7266.24297,"USDQAR":3.641501,"USDRON":4.548695,"USDRSD":107.235308,"USDRUB":90.867862,"USDRWF":1264.048283,"USDSAR":3.749954,"USDSBD":8.453689,"USDSCR":13.36204,"USDSDG":601.000264,"USDSEK":10.251425,"USDSGD":1.331025,"USDSHP":1.2754,"USDSLE":22.515143,"USDSLL":19749.999818,"USDSOS":571.000093,"USDSRD":36.835982,"USDSTD":20697.981008,"USDSYP":13001.88942,"USDSZL":18.702391,"USDTHB":34.924996,"USDTJS":10.951031,"USDTMT":3.51,"USDTND":3.094007,"USDTOP":2.34535,"USDTRY":29.96686,"USDTTD":6.785303,"USDTWD":31.076028,"USDTZS":2515.000251,"USDUAH":38.141832,"USDUGX":3798.602729,"USDUYU":39.329362,"USDUZS":12384.897448,"USDVEF":3595949.028453,"USDVES":35.893617,"USDVND":24370,"USDVUV":118.996053,"USDWST":2.712028,"USDXAF":599.8418,"USDXAG":0.043506,"USDXAU":0.000492,"USDXCD":2.70255,"USDXDR":0.749028,"USDXOF":599.830829,"USDXPF":109.400846,"USDYER":250.349773,"USDZAR":18.655403,"USDZMK":9001.201412,"USDZMW":25.965891,"USDZWL":321.999592}}}
[2025-02-27T10:45:54.038+0000] {python.py:201} INFO - Done. Returned value was: None
[2025-02-27T10:45:54.042+0000] {taskinstance.py:1138} INFO - Marking task as SUCCESS. dag_id=3_4_2_homework_assignment, task_id=extract_task, execution_date=20240109T000000, start_date=20250227T104553, end_date=20250227T104554
[2025-02-27T10:45:54.078+0000] {local_task_job_runner.py:234} INFO - Task exited with return code 0
