[2025-02-26T09:55:14.977+0000] {taskinstance.py:1956} INFO - Dependencies all met for dep_context=non-requeueable deps ti=<TaskInstance: 0_Examples_3_4_1_ETL_2.transform_data scheduled__2024-01-03T00:00:00+00:00 [queued]>
[2025-02-26T09:55:14.983+0000] {taskinstance.py:1956} INFO - Dependencies all met for dep_context=requeueable deps ti=<TaskInstance: 0_Examples_3_4_1_ETL_2.transform_data scheduled__2024-01-03T00:00:00+00:00 [queued]>
[2025-02-26T09:55:14.983+0000] {taskinstance.py:2170} INFO - Starting attempt 1 of 1
[2025-02-26T09:55:14.995+0000] {taskinstance.py:2191} INFO - Executing <Task(PythonOperator): transform_data> on 2024-01-03 00:00:00+00:00
[2025-02-26T09:55:15.000+0000] {standard_task_runner.py:60} INFO - Started process 240 to run task
[2025-02-26T09:55:15.003+0000] {standard_task_runner.py:87} INFO - Running: ['airflow', 'tasks', 'run', '0_Examples_3_4_1_ETL_2', 'transform_data', 'scheduled__2024-01-03T00:00:00+00:00', '--job-id', '9', '--raw', '--subdir', 'DAGS_FOLDER/exchangerate_api_work.py', '--cfg-path', '/tmp/tmp2npia67l']
[2025-02-26T09:55:15.004+0000] {standard_task_runner.py:88} INFO - Job 9: Subtask transform_data
[2025-02-26T09:55:15.031+0000] {task_command.py:423} INFO - Running <TaskInstance: 0_Examples_3_4_1_ETL_2.transform_data scheduled__2024-01-03T00:00:00+00:00 [running]> on host 8b59c4dac072
[2025-02-26T09:55:15.082+0000] {taskinstance.py:2480} INFO - Exporting env vars: AIRFLOW_CTX_DAG_OWNER='airflow' AIRFLOW_CTX_DAG_ID='0_Examples_3_4_1_ETL_2' AIRFLOW_CTX_TASK_ID='transform_data' AIRFLOW_CTX_EXECUTION_DATE='2024-01-03T00:00:00+00:00' AIRFLOW_CTX_TRY_NUMBER='1' AIRFLOW_CTX_DAG_RUN_ID='scheduled__2024-01-03T00:00:00+00:00'
[2025-02-26T09:55:15.089+0000] {python.py:201} INFO - Done. Returned value was: None
[2025-02-26T09:55:15.094+0000] {taskinstance.py:1138} INFO - Marking task as SUCCESS. dag_id=0_Examples_3_4_1_ETL_2, task_id=transform_data, execution_date=20240103T000000, start_date=20250226T095514, end_date=20250226T095515
[2025-02-26T09:55:15.136+0000] {local_task_job_runner.py:234} INFO - Task exited with return code 0
[2025-02-26T09:57:36.860+0000] {taskinstance.py:1956} INFO - Dependencies all met for dep_context=non-requeueable deps ti=<TaskInstance: 0_Examples_3_4_1_ETL_2.transform_data scheduled__2024-01-03T00:00:00+00:00 [queued]>
[2025-02-26T09:57:36.868+0000] {taskinstance.py:1956} INFO - Dependencies all met for dep_context=requeueable deps ti=<TaskInstance: 0_Examples_3_4_1_ETL_2.transform_data scheduled__2024-01-03T00:00:00+00:00 [queued]>
[2025-02-26T09:57:36.868+0000] {taskinstance.py:2170} INFO - Starting attempt 1 of 1
[2025-02-26T09:57:36.884+0000] {taskinstance.py:2191} INFO - Executing <Task(PythonOperator): transform_data> on 2024-01-03 00:00:00+00:00
[2025-02-26T09:57:36.890+0000] {standard_task_runner.py:60} INFO - Started process 481 to run task
[2025-02-26T09:57:36.894+0000] {standard_task_runner.py:87} INFO - Running: ['airflow', 'tasks', 'run', '0_Examples_3_4_1_ETL_2', 'transform_data', 'scheduled__2024-01-03T00:00:00+00:00', '--job-id', '21', '--raw', '--subdir', 'DAGS_FOLDER/exchangerate_api_work.py', '--cfg-path', '/tmp/tmp1pzjfgzr']
[2025-02-26T09:57:36.895+0000] {standard_task_runner.py:88} INFO - Job 21: Subtask transform_data
[2025-02-26T09:57:36.930+0000] {task_command.py:423} INFO - Running <TaskInstance: 0_Examples_3_4_1_ETL_2.transform_data scheduled__2024-01-03T00:00:00+00:00 [running]> on host 8b59c4dac072
[2025-02-26T09:57:36.986+0000] {taskinstance.py:2480} INFO - Exporting env vars: AIRFLOW_CTX_DAG_OWNER='airflow' AIRFLOW_CTX_DAG_ID='0_Examples_3_4_1_ETL_2' AIRFLOW_CTX_TASK_ID='transform_data' AIRFLOW_CTX_EXECUTION_DATE='2024-01-03T00:00:00+00:00' AIRFLOW_CTX_TRY_NUMBER='1' AIRFLOW_CTX_DAG_RUN_ID='scheduled__2024-01-03T00:00:00+00:00'
[2025-02-26T09:57:36.993+0000] {python.py:201} INFO - Done. Returned value was: None
[2025-02-26T09:57:36.998+0000] {taskinstance.py:1138} INFO - Marking task as SUCCESS. dag_id=0_Examples_3_4_1_ETL_2, task_id=transform_data, execution_date=20240103T000000, start_date=20250226T095736, end_date=20250226T095736
[2025-02-26T09:57:37.026+0000] {local_task_job_runner.py:234} INFO - Task exited with return code 0
[2025-02-26T10:04:57.555+0000] {taskinstance.py:1956} INFO - Dependencies all met for dep_context=non-requeueable deps ti=<TaskInstance: 0_Examples_3_4_1_ETL_2.transform_data scheduled__2024-01-03T00:00:00+00:00 [queued]>
[2025-02-26T10:04:57.560+0000] {taskinstance.py:1956} INFO - Dependencies all met for dep_context=requeueable deps ti=<TaskInstance: 0_Examples_3_4_1_ETL_2.transform_data scheduled__2024-01-03T00:00:00+00:00 [queued]>
[2025-02-26T10:04:57.560+0000] {taskinstance.py:2170} INFO - Starting attempt 1 of 1
[2025-02-26T10:04:57.571+0000] {taskinstance.py:2191} INFO - Executing <Task(PythonOperator): transform_data> on 2024-01-03 00:00:00+00:00
[2025-02-26T10:04:57.575+0000] {standard_task_runner.py:60} INFO - Started process 351 to run task
[2025-02-26T10:04:57.578+0000] {standard_task_runner.py:87} INFO - Running: ['airflow', 'tasks', 'run', '0_Examples_3_4_1_ETL_2', 'transform_data', 'scheduled__2024-01-03T00:00:00+00:00', '--job-id', '9', '--raw', '--subdir', 'DAGS_FOLDER/exchangerate_api_work.py', '--cfg-path', '/tmp/tmp3rn0uy86']
[2025-02-26T10:04:57.579+0000] {standard_task_runner.py:88} INFO - Job 9: Subtask transform_data
[2025-02-26T10:04:57.608+0000] {task_command.py:423} INFO - Running <TaskInstance: 0_Examples_3_4_1_ETL_2.transform_data scheduled__2024-01-03T00:00:00+00:00 [running]> on host a57e69d73574
[2025-02-26T10:04:57.653+0000] {taskinstance.py:2480} INFO - Exporting env vars: AIRFLOW_CTX_DAG_OWNER='airflow' AIRFLOW_CTX_DAG_ID='0_Examples_3_4_1_ETL_2' AIRFLOW_CTX_TASK_ID='transform_data' AIRFLOW_CTX_EXECUTION_DATE='2024-01-03T00:00:00+00:00' AIRFLOW_CTX_TRY_NUMBER='1' AIRFLOW_CTX_DAG_RUN_ID='scheduled__2024-01-03T00:00:00+00:00'
[2025-02-26T10:04:57.660+0000] {python.py:201} INFO - Done. Returned value was: None
[2025-02-26T10:04:57.665+0000] {taskinstance.py:1138} INFO - Marking task as SUCCESS. dag_id=0_Examples_3_4_1_ETL_2, task_id=transform_data, execution_date=20240103T000000, start_date=20250226T100457, end_date=20250226T100457
[2025-02-26T10:04:57.710+0000] {local_task_job_runner.py:234} INFO - Task exited with return code 0
[2025-02-26T10:08:45.249+0000] {taskinstance.py:1956} INFO - Dependencies all met for dep_context=non-requeueable deps ti=<TaskInstance: 0_Examples_3_4_1_ETL_2.transform_data scheduled__2024-01-03T00:00:00+00:00 [queued]>
[2025-02-26T10:08:45.259+0000] {taskinstance.py:1956} INFO - Dependencies all met for dep_context=requeueable deps ti=<TaskInstance: 0_Examples_3_4_1_ETL_2.transform_data scheduled__2024-01-03T00:00:00+00:00 [queued]>
[2025-02-26T10:08:45.260+0000] {taskinstance.py:2170} INFO - Starting attempt 1 of 1
[2025-02-26T10:08:45.282+0000] {taskinstance.py:2191} INFO - Executing <Task(PythonOperator): transform_data> on 2024-01-03 00:00:00+00:00
[2025-02-26T10:08:45.292+0000] {standard_task_runner.py:60} INFO - Started process 639 to run task
[2025-02-26T10:08:45.297+0000] {standard_task_runner.py:87} INFO - Running: ['airflow', 'tasks', 'run', '0_Examples_3_4_1_ETL_2', 'transform_data', 'scheduled__2024-01-03T00:00:00+00:00', '--job-id', '9', '--raw', '--subdir', 'DAGS_FOLDER/exchangerate_api_work.py', '--cfg-path', '/tmp/tmp1s9bmlhl']
[2025-02-26T10:08:45.300+0000] {standard_task_runner.py:88} INFO - Job 9: Subtask transform_data
[2025-02-26T10:08:45.357+0000] {task_command.py:423} INFO - Running <TaskInstance: 0_Examples_3_4_1_ETL_2.transform_data scheduled__2024-01-03T00:00:00+00:00 [running]> on host a57e69d73574
[2025-02-26T10:08:45.447+0000] {taskinstance.py:2480} INFO - Exporting env vars: AIRFLOW_CTX_DAG_OWNER='airflow' AIRFLOW_CTX_DAG_ID='0_Examples_3_4_1_ETL_2' AIRFLOW_CTX_TASK_ID='transform_data' AIRFLOW_CTX_EXECUTION_DATE='2024-01-03T00:00:00+00:00' AIRFLOW_CTX_TRY_NUMBER='1' AIRFLOW_CTX_DAG_RUN_ID='scheduled__2024-01-03T00:00:00+00:00'
[2025-02-26T10:08:45.464+0000] {python.py:201} INFO - Done. Returned value was: None
[2025-02-26T10:08:45.478+0000] {taskinstance.py:1138} INFO - Marking task as SUCCESS. dag_id=0_Examples_3_4_1_ETL_2, task_id=transform_data, execution_date=20240103T000000, start_date=20250226T100845, end_date=20250226T100845
[2025-02-26T10:08:45.511+0000] {local_task_job_runner.py:234} INFO - Task exited with return code 0
[2025-03-12T11:45:52.126+0000] {taskinstance.py:1956} INFO - Dependencies all met for dep_context=non-requeueable deps ti=<TaskInstance: 0_Examples_3_4_1_ETL_2.transform_data scheduled__2024-01-03T00:00:00+00:00 [queued]>
[2025-03-12T11:45:52.131+0000] {taskinstance.py:1956} INFO - Dependencies all met for dep_context=requeueable deps ti=<TaskInstance: 0_Examples_3_4_1_ETL_2.transform_data scheduled__2024-01-03T00:00:00+00:00 [queued]>
[2025-03-12T11:45:52.132+0000] {taskinstance.py:2170} INFO - Starting attempt 1 of 1
[2025-03-12T11:45:52.144+0000] {taskinstance.py:2191} INFO - Executing <Task(PythonOperator): transform_data> on 2024-01-03 00:00:00+00:00
[2025-03-12T11:45:52.150+0000] {standard_task_runner.py:60} INFO - Started process 2807 to run task
[2025-03-12T11:45:52.153+0000] {standard_task_runner.py:87} INFO - Running: ['airflow', 'tasks', 'run', '0_Examples_3_4_1_ETL_2', 'transform_data', 'scheduled__2024-01-03T00:00:00+00:00', '--job-id', '9', '--raw', '--subdir', 'DAGS_FOLDER/exchangerate_api_work.py', '--cfg-path', '/tmp/tmpcc4ywvt7']
[2025-03-12T11:45:52.154+0000] {standard_task_runner.py:88} INFO - Job 9: Subtask transform_data
[2025-03-12T11:45:52.182+0000] {task_command.py:423} INFO - Running <TaskInstance: 0_Examples_3_4_1_ETL_2.transform_data scheduled__2024-01-03T00:00:00+00:00 [running]> on host 727edeb5f419
[2025-03-12T11:45:52.233+0000] {taskinstance.py:2480} INFO - Exporting env vars: AIRFLOW_CTX_DAG_OWNER='airflow' AIRFLOW_CTX_DAG_ID='0_Examples_3_4_1_ETL_2' AIRFLOW_CTX_TASK_ID='transform_data' AIRFLOW_CTX_EXECUTION_DATE='2024-01-03T00:00:00+00:00' AIRFLOW_CTX_TRY_NUMBER='1' AIRFLOW_CTX_DAG_RUN_ID='scheduled__2024-01-03T00:00:00+00:00'
[2025-03-12T11:45:52.242+0000] {python.py:201} INFO - Done. Returned value was: None
[2025-03-12T11:45:52.246+0000] {taskinstance.py:1138} INFO - Marking task as SUCCESS. dag_id=0_Examples_3_4_1_ETL_2, task_id=transform_data, execution_date=20240103T000000, start_date=20250312T114552, end_date=20250312T114552
[2025-03-12T11:45:52.285+0000] {local_task_job_runner.py:234} INFO - Task exited with return code 0
