[2025-02-26T09:55:00.584+0000] {taskinstance.py:1956} INFO - Dependencies all met for dep_context=non-requeueable deps ti=<TaskInstance: 0_Examples_3_4_1_ETL_2.extract_data scheduled__2024-01-02T00:00:00+00:00 [queued]>
[2025-02-26T09:55:00.588+0000] {taskinstance.py:1956} INFO - Dependencies all met for dep_context=requeueable deps ti=<TaskInstance: 0_Examples_3_4_1_ETL_2.extract_data scheduled__2024-01-02T00:00:00+00:00 [queued]>
[2025-02-26T09:55:00.589+0000] {taskinstance.py:2170} INFO - Starting attempt 1 of 1
[2025-02-26T09:55:00.599+0000] {taskinstance.py:2191} INFO - Executing <Task(PythonOperator): extract_data> on 2024-01-02 00:00:00+00:00
[2025-02-26T09:55:00.603+0000] {standard_task_runner.py:60} INFO - Started process 168 to run task
[2025-02-26T09:55:00.606+0000] {standard_task_runner.py:87} INFO - Running: ['airflow', 'tasks', 'run', '0_Examples_3_4_1_ETL_2', 'extract_data', 'scheduled__2024-01-02T00:00:00+00:00', '--job-id', '5', '--raw', '--subdir', 'DAGS_FOLDER/exchangerate_api_work.py', '--cfg-path', '/tmp/tmp66gco3_i']
[2025-02-26T09:55:00.607+0000] {standard_task_runner.py:88} INFO - Job 5: Subtask extract_data
[2025-02-26T09:55:00.635+0000] {task_command.py:423} INFO - Running <TaskInstance: 0_Examples_3_4_1_ETL_2.extract_data scheduled__2024-01-02T00:00:00+00:00 [running]> on host 8b59c4dac072
[2025-02-26T09:55:00.676+0000] {taskinstance.py:2480} INFO - Exporting env vars: AIRFLOW_CTX_DAG_OWNER='airflow' AIRFLOW_CTX_DAG_ID='0_Examples_3_4_1_ETL_2' AIRFLOW_CTX_TASK_ID='extract_data' AIRFLOW_CTX_EXECUTION_DATE='2024-01-02T00:00:00+00:00' AIRFLOW_CTX_TRY_NUMBER='1' AIRFLOW_CTX_DAG_RUN_ID='scheduled__2024-01-02T00:00:00+00:00'
[2025-02-26T09:55:00.970+0000] {python.py:201} INFO - Done. Returned value was: None
[2025-02-26T09:55:00.977+0000] {taskinstance.py:1138} INFO - Marking task as SUCCESS. dag_id=0_Examples_3_4_1_ETL_2, task_id=extract_data, execution_date=20240102T000000, start_date=20250226T095500, end_date=20250226T095500
[2025-02-26T09:55:01.019+0000] {local_task_job_runner.py:234} INFO - Task exited with return code 0
[2025-02-26T09:57:23.305+0000] {taskinstance.py:1956} INFO - Dependencies all met for dep_context=non-requeueable deps ti=<TaskInstance: 0_Examples_3_4_1_ETL_2.extract_data scheduled__2024-01-02T00:00:00+00:00 [queued]>
[2025-02-26T09:57:23.310+0000] {taskinstance.py:1956} INFO - Dependencies all met for dep_context=requeueable deps ti=<TaskInstance: 0_Examples_3_4_1_ETL_2.extract_data scheduled__2024-01-02T00:00:00+00:00 [queued]>
[2025-02-26T09:57:23.310+0000] {taskinstance.py:2170} INFO - Starting attempt 1 of 1
[2025-02-26T09:57:23.323+0000] {taskinstance.py:2191} INFO - Executing <Task(PythonOperator): extract_data> on 2024-01-02 00:00:00+00:00
[2025-02-26T09:57:23.330+0000] {standard_task_runner.py:60} INFO - Started process 409 to run task
[2025-02-26T09:57:23.332+0000] {standard_task_runner.py:87} INFO - Running: ['airflow', 'tasks', 'run', '0_Examples_3_4_1_ETL_2', 'extract_data', 'scheduled__2024-01-02T00:00:00+00:00', '--job-id', '17', '--raw', '--subdir', 'DAGS_FOLDER/exchangerate_api_work.py', '--cfg-path', '/tmp/tmpq5uoau1h']
[2025-02-26T09:57:23.334+0000] {standard_task_runner.py:88} INFO - Job 17: Subtask extract_data
[2025-02-26T09:57:23.369+0000] {task_command.py:423} INFO - Running <TaskInstance: 0_Examples_3_4_1_ETL_2.extract_data scheduled__2024-01-02T00:00:00+00:00 [running]> on host 8b59c4dac072
[2025-02-26T09:57:23.437+0000] {taskinstance.py:2480} INFO - Exporting env vars: AIRFLOW_CTX_DAG_OWNER='airflow' AIRFLOW_CTX_DAG_ID='0_Examples_3_4_1_ETL_2' AIRFLOW_CTX_TASK_ID='extract_data' AIRFLOW_CTX_EXECUTION_DATE='2024-01-02T00:00:00+00:00' AIRFLOW_CTX_TRY_NUMBER='1' AIRFLOW_CTX_DAG_RUN_ID='scheduled__2024-01-02T00:00:00+00:00'
[2025-02-26T09:57:23.802+0000] {python.py:201} INFO - Done. Returned value was: None
[2025-02-26T09:57:23.808+0000] {taskinstance.py:1138} INFO - Marking task as SUCCESS. dag_id=0_Examples_3_4_1_ETL_2, task_id=extract_data, execution_date=20240102T000000, start_date=20250226T095723, end_date=20250226T095723
[2025-02-26T09:57:23.827+0000] {local_task_job_runner.py:234} INFO - Task exited with return code 0
[2025-02-26T10:03:37.581+0000] {taskinstance.py:1956} INFO - Dependencies all met for dep_context=non-requeueable deps ti=<TaskInstance: 0_Examples_3_4_1_ETL_2.extract_data scheduled__2024-01-02T00:00:00+00:00 [queued]>
[2025-02-26T10:03:37.588+0000] {taskinstance.py:1956} INFO - Dependencies all met for dep_context=requeueable deps ti=<TaskInstance: 0_Examples_3_4_1_ETL_2.extract_data scheduled__2024-01-02T00:00:00+00:00 [queued]>
[2025-02-26T10:03:37.588+0000] {taskinstance.py:2170} INFO - Starting attempt 1 of 1
[2025-02-26T10:03:37.603+0000] {taskinstance.py:2191} INFO - Executing <Task(PythonOperator): extract_data> on 2024-01-02 00:00:00+00:00
[2025-02-26T10:03:37.610+0000] {standard_task_runner.py:60} INFO - Started process 184 to run task
[2025-02-26T10:03:37.612+0000] {standard_task_runner.py:87} INFO - Running: ['airflow', 'tasks', 'run', '0_Examples_3_4_1_ETL_2', 'extract_data', 'scheduled__2024-01-02T00:00:00+00:00', '--job-id', '5', '--raw', '--subdir', 'DAGS_FOLDER/exchangerate_api_work.py', '--cfg-path', '/tmp/tmpt8vvia1e']
[2025-02-26T10:03:37.613+0000] {standard_task_runner.py:88} INFO - Job 5: Subtask extract_data
[2025-02-26T10:03:37.653+0000] {task_command.py:423} INFO - Running <TaskInstance: 0_Examples_3_4_1_ETL_2.extract_data scheduled__2024-01-02T00:00:00+00:00 [running]> on host a57e69d73574
[2025-02-26T10:03:37.705+0000] {taskinstance.py:2480} INFO - Exporting env vars: AIRFLOW_CTX_DAG_OWNER='airflow' AIRFLOW_CTX_DAG_ID='0_Examples_3_4_1_ETL_2' AIRFLOW_CTX_TASK_ID='extract_data' AIRFLOW_CTX_EXECUTION_DATE='2024-01-02T00:00:00+00:00' AIRFLOW_CTX_TRY_NUMBER='1' AIRFLOW_CTX_DAG_RUN_ID='scheduled__2024-01-02T00:00:00+00:00'
[2025-02-26T10:03:38.102+0000] {python.py:201} INFO - Done. Returned value was: None
[2025-02-26T10:03:38.111+0000] {taskinstance.py:1138} INFO - Marking task as SUCCESS. dag_id=0_Examples_3_4_1_ETL_2, task_id=extract_data, execution_date=20240102T000000, start_date=20250226T100337, end_date=20250226T100338
[2025-02-26T10:03:38.147+0000] {local_task_job_runner.py:234} INFO - Task exited with return code 0
[2025-02-26T10:04:42.107+0000] {taskinstance.py:1956} INFO - Dependencies all met for dep_context=non-requeueable deps ti=<TaskInstance: 0_Examples_3_4_1_ETL_2.extract_data scheduled__2024-01-02T00:00:00+00:00 [queued]>
[2025-02-26T10:04:42.112+0000] {taskinstance.py:1956} INFO - Dependencies all met for dep_context=requeueable deps ti=<TaskInstance: 0_Examples_3_4_1_ETL_2.extract_data scheduled__2024-01-02T00:00:00+00:00 [queued]>
[2025-02-26T10:04:42.112+0000] {taskinstance.py:2170} INFO - Starting attempt 1 of 1
[2025-02-26T10:04:42.125+0000] {taskinstance.py:2191} INFO - Executing <Task(PythonOperator): extract_data> on 2024-01-02 00:00:00+00:00
[2025-02-26T10:04:42.133+0000] {standard_task_runner.py:60} INFO - Started process 277 to run task
[2025-02-26T10:04:42.136+0000] {standard_task_runner.py:87} INFO - Running: ['airflow', 'tasks', 'run', '0_Examples_3_4_1_ETL_2', 'extract_data', 'scheduled__2024-01-02T00:00:00+00:00', '--job-id', '5', '--raw', '--subdir', 'DAGS_FOLDER/exchangerate_api_work.py', '--cfg-path', '/tmp/tmpycubgibm']
[2025-02-26T10:04:42.138+0000] {standard_task_runner.py:88} INFO - Job 5: Subtask extract_data
[2025-02-26T10:04:42.174+0000] {task_command.py:423} INFO - Running <TaskInstance: 0_Examples_3_4_1_ETL_2.extract_data scheduled__2024-01-02T00:00:00+00:00 [running]> on host a57e69d73574
[2025-02-26T10:04:42.229+0000] {taskinstance.py:2480} INFO - Exporting env vars: AIRFLOW_CTX_DAG_OWNER='airflow' AIRFLOW_CTX_DAG_ID='0_Examples_3_4_1_ETL_2' AIRFLOW_CTX_TASK_ID='extract_data' AIRFLOW_CTX_EXECUTION_DATE='2024-01-02T00:00:00+00:00' AIRFLOW_CTX_TRY_NUMBER='1' AIRFLOW_CTX_DAG_RUN_ID='scheduled__2024-01-02T00:00:00+00:00'
[2025-02-26T10:04:42.546+0000] {python.py:201} INFO - Done. Returned value was: None
[2025-02-26T10:04:42.552+0000] {taskinstance.py:1138} INFO - Marking task as SUCCESS. dag_id=0_Examples_3_4_1_ETL_2, task_id=extract_data, execution_date=20240102T000000, start_date=20250226T100442, end_date=20250226T100442
[2025-02-26T10:04:42.591+0000] {local_task_job_runner.py:234} INFO - Task exited with return code 0
[2025-02-26T10:08:29.352+0000] {taskinstance.py:1956} INFO - Dependencies all met for dep_context=non-requeueable deps ti=<TaskInstance: 0_Examples_3_4_1_ETL_2.extract_data scheduled__2024-01-02T00:00:00+00:00 [queued]>
[2025-02-26T10:08:29.357+0000] {taskinstance.py:1956} INFO - Dependencies all met for dep_context=requeueable deps ti=<TaskInstance: 0_Examples_3_4_1_ETL_2.extract_data scheduled__2024-01-02T00:00:00+00:00 [queued]>
[2025-02-26T10:08:29.358+0000] {taskinstance.py:2170} INFO - Starting attempt 1 of 1
[2025-02-26T10:08:29.372+0000] {taskinstance.py:2191} INFO - Executing <Task(PythonOperator): extract_data> on 2024-01-02 00:00:00+00:00
[2025-02-26T10:08:29.379+0000] {standard_task_runner.py:60} INFO - Started process 567 to run task
[2025-02-26T10:08:29.384+0000] {standard_task_runner.py:87} INFO - Running: ['airflow', 'tasks', 'run', '0_Examples_3_4_1_ETL_2', 'extract_data', 'scheduled__2024-01-02T00:00:00+00:00', '--job-id', '5', '--raw', '--subdir', 'DAGS_FOLDER/exchangerate_api_work.py', '--cfg-path', '/tmp/tmpoeimmw_2']
[2025-02-26T10:08:29.386+0000] {standard_task_runner.py:88} INFO - Job 5: Subtask extract_data
[2025-02-26T10:08:29.420+0000] {task_command.py:423} INFO - Running <TaskInstance: 0_Examples_3_4_1_ETL_2.extract_data scheduled__2024-01-02T00:00:00+00:00 [running]> on host a57e69d73574
[2025-02-26T10:08:29.486+0000] {taskinstance.py:2480} INFO - Exporting env vars: AIRFLOW_CTX_DAG_OWNER='airflow' AIRFLOW_CTX_DAG_ID='0_Examples_3_4_1_ETL_2' AIRFLOW_CTX_TASK_ID='extract_data' AIRFLOW_CTX_EXECUTION_DATE='2024-01-02T00:00:00+00:00' AIRFLOW_CTX_TRY_NUMBER='1' AIRFLOW_CTX_DAG_RUN_ID='scheduled__2024-01-02T00:00:00+00:00'
[2025-02-26T10:08:29.776+0000] {python.py:201} INFO - Done. Returned value was: None
[2025-02-26T10:08:29.782+0000] {taskinstance.py:1138} INFO - Marking task as SUCCESS. dag_id=0_Examples_3_4_1_ETL_2, task_id=extract_data, execution_date=20240102T000000, start_date=20250226T100829, end_date=20250226T100829
[2025-02-26T10:08:29.837+0000] {local_task_job_runner.py:234} INFO - Task exited with return code 0
