[2025-02-27T09:33:15.192+0000] {taskinstance.py:1956} INFO - Dependencies all met for dep_context=non-requeueable deps ti=<TaskInstance: 3_4_2_homework_assignment.extract_task scheduled__2024-01-06T00:00:00+00:00 [queued]>
[2025-02-27T09:33:15.197+0000] {taskinstance.py:1956} INFO - Dependencies all met for dep_context=requeueable deps ti=<TaskInstance: 3_4_2_homework_assignment.extract_task scheduled__2024-01-06T00:00:00+00:00 [queued]>
[2025-02-27T09:33:15.197+0000] {taskinstance.py:2170} INFO - Starting attempt 1 of 1
[2025-02-27T09:33:15.207+0000] {taskinstance.py:2191} INFO - Executing <Task(PythonOperator): extract_task> on 2024-01-06 00:00:00+00:00
[2025-02-27T09:33:15.212+0000] {standard_task_runner.py:60} INFO - Started process 336 to run task
[2025-02-27T09:33:15.213+0000] {standard_task_runner.py:87} INFO - Running: ['airflow', 'tasks', 'run', '3_4_2_homework_assignment', 'extract_task', 'scheduled__2024-01-06T00:00:00+00:00', '--job-id', '12', '--raw', '--subdir', 'DAGS_FOLDER/3_4_2_homework_assignment.py', '--cfg-path', '/tmp/tmp5yhjjgzn']
[2025-02-27T09:33:15.214+0000] {standard_task_runner.py:88} INFO - Job 12: Subtask extract_task
[2025-02-27T09:33:15.238+0000] {task_command.py:423} INFO - Running <TaskInstance: 3_4_2_homework_assignment.extract_task scheduled__2024-01-06T00:00:00+00:00 [running]> on host ea5964584459
[2025-02-27T09:33:15.276+0000] {taskinstance.py:2480} INFO - Exporting env vars: AIRFLOW_CTX_DAG_OWNER='airflow' AIRFLOW_CTX_DAG_ID='3_4_2_homework_assignment' AIRFLOW_CTX_TASK_ID='extract_task' AIRFLOW_CTX_EXECUTION_DATE='2024-01-06T00:00:00+00:00' AIRFLOW_CTX_TRY_NUMBER='1' AIRFLOW_CTX_DAG_RUN_ID='scheduled__2024-01-06T00:00:00+00:00'
[2025-02-27T09:33:15.893+0000] {python.py:201} INFO - Done. Returned value was: None
[2025-02-27T09:33:15.897+0000] {taskinstance.py:1138} INFO - Marking task as SUCCESS. dag_id=3_4_2_homework_assignment, task_id=extract_task, execution_date=20240106T000000, start_date=20250227T093315, end_date=20250227T093315
[2025-02-27T09:33:15.915+0000] {local_task_job_runner.py:234} INFO - Task exited with return code 0
[2025-02-27T09:35:27.331+0000] {taskinstance.py:1956} INFO - Dependencies all met for dep_context=non-requeueable deps ti=<TaskInstance: 3_4_2_homework_assignment.extract_task scheduled__2024-01-06T00:00:00+00:00 [queued]>
[2025-02-27T09:35:27.336+0000] {taskinstance.py:1956} INFO - Dependencies all met for dep_context=requeueable deps ti=<TaskInstance: 3_4_2_homework_assignment.extract_task scheduled__2024-01-06T00:00:00+00:00 [queued]>
[2025-02-27T09:35:27.336+0000] {taskinstance.py:2170} INFO - Starting attempt 1 of 1
[2025-02-27T09:35:27.346+0000] {taskinstance.py:2191} INFO - Executing <Task(PythonOperator): extract_task> on 2024-01-06 00:00:00+00:00
[2025-02-27T09:35:27.349+0000] {standard_task_runner.py:60} INFO - Started process 695 to run task
[2025-02-27T09:35:27.351+0000] {standard_task_runner.py:87} INFO - Running: ['airflow', 'tasks', 'run', '3_4_2_homework_assignment', 'extract_task', 'scheduled__2024-01-06T00:00:00+00:00', '--job-id', '12', '--raw', '--subdir', 'DAGS_FOLDER/3_4_2_homework_assignment.py', '--cfg-path', '/tmp/tmp1c09ewsl']
[2025-02-27T09:35:27.352+0000] {standard_task_runner.py:88} INFO - Job 12: Subtask extract_task
[2025-02-27T09:35:27.376+0000] {task_command.py:423} INFO - Running <TaskInstance: 3_4_2_homework_assignment.extract_task scheduled__2024-01-06T00:00:00+00:00 [running]> on host ea5964584459
[2025-02-27T09:35:27.415+0000] {taskinstance.py:2480} INFO - Exporting env vars: AIRFLOW_CTX_DAG_OWNER='airflow' AIRFLOW_CTX_DAG_ID='3_4_2_homework_assignment' AIRFLOW_CTX_TASK_ID='extract_task' AIRFLOW_CTX_EXECUTION_DATE='2024-01-06T00:00:00+00:00' AIRFLOW_CTX_TRY_NUMBER='1' AIRFLOW_CTX_DAG_RUN_ID='scheduled__2024-01-06T00:00:00+00:00'
[2025-02-27T09:35:28.030+0000] {python.py:201} INFO - Done. Returned value was: None
[2025-02-27T09:35:28.035+0000] {taskinstance.py:1138} INFO - Marking task as SUCCESS. dag_id=3_4_2_homework_assignment, task_id=extract_task, execution_date=20240106T000000, start_date=20250227T093527, end_date=20250227T093528
[2025-02-27T09:35:28.086+0000] {local_task_job_runner.py:234} INFO - Task exited with return code 0
[2025-02-27T09:40:23.046+0000] {taskinstance.py:1956} INFO - Dependencies all met for dep_context=non-requeueable deps ti=<TaskInstance: 3_4_2_homework_assignment.extract_task scheduled__2024-01-06T00:00:00+00:00 [queued]>
[2025-02-27T09:40:23.051+0000] {taskinstance.py:1956} INFO - Dependencies all met for dep_context=requeueable deps ti=<TaskInstance: 3_4_2_homework_assignment.extract_task scheduled__2024-01-06T00:00:00+00:00 [queued]>
[2025-02-27T09:40:23.051+0000] {taskinstance.py:2170} INFO - Starting attempt 1 of 1
[2025-02-27T09:40:23.061+0000] {taskinstance.py:2191} INFO - Executing <Task(PythonOperator): extract_task> on 2024-01-06 00:00:00+00:00
[2025-02-27T09:40:23.065+0000] {standard_task_runner.py:60} INFO - Started process 1098 to run task
[2025-02-27T09:40:23.068+0000] {standard_task_runner.py:87} INFO - Running: ['airflow', 'tasks', 'run', '3_4_2_homework_assignment', 'extract_task', 'scheduled__2024-01-06T00:00:00+00:00', '--job-id', '12', '--raw', '--subdir', 'DAGS_FOLDER/3_4_2_homework_assignment.py', '--cfg-path', '/tmp/tmp1twi74rg']
[2025-02-27T09:40:23.069+0000] {standard_task_runner.py:88} INFO - Job 12: Subtask extract_task
[2025-02-27T09:40:23.095+0000] {task_command.py:423} INFO - Running <TaskInstance: 3_4_2_homework_assignment.extract_task scheduled__2024-01-06T00:00:00+00:00 [running]> on host ea5964584459
[2025-02-27T09:40:23.138+0000] {taskinstance.py:2480} INFO - Exporting env vars: AIRFLOW_CTX_DAG_OWNER='airflow' AIRFLOW_CTX_DAG_ID='3_4_2_homework_assignment' AIRFLOW_CTX_TASK_ID='extract_task' AIRFLOW_CTX_EXECUTION_DATE='2024-01-06T00:00:00+00:00' AIRFLOW_CTX_TRY_NUMBER='1' AIRFLOW_CTX_DAG_RUN_ID='scheduled__2024-01-06T00:00:00+00:00'
[2025-02-27T09:40:23.785+0000] {python.py:201} INFO - Done. Returned value was: None
[2025-02-27T09:40:23.790+0000] {taskinstance.py:1138} INFO - Marking task as SUCCESS. dag_id=3_4_2_homework_assignment, task_id=extract_task, execution_date=20240106T000000, start_date=20250227T094023, end_date=20250227T094023
[2025-02-27T09:40:23.814+0000] {local_task_job_runner.py:234} INFO - Task exited with return code 0
[2025-02-27T09:47:18.100+0000] {taskinstance.py:1956} INFO - Dependencies all met for dep_context=non-requeueable deps ti=<TaskInstance: 3_4_2_homework_assignment.extract_task scheduled__2024-01-06T00:00:00+00:00 [queued]>
[2025-02-27T09:47:18.105+0000] {taskinstance.py:1956} INFO - Dependencies all met for dep_context=requeueable deps ti=<TaskInstance: 3_4_2_homework_assignment.extract_task scheduled__2024-01-06T00:00:00+00:00 [queued]>
[2025-02-27T09:47:18.105+0000] {taskinstance.py:2170} INFO - Starting attempt 1 of 1
[2025-02-27T09:47:18.117+0000] {taskinstance.py:2191} INFO - Executing <Task(PythonOperator): extract_task> on 2024-01-06 00:00:00+00:00
[2025-02-27T09:47:18.123+0000] {standard_task_runner.py:60} INFO - Started process 1805 to run task
[2025-02-27T09:47:18.125+0000] {standard_task_runner.py:87} INFO - Running: ['airflow', 'tasks', 'run', '3_4_2_homework_assignment', 'extract_task', 'scheduled__2024-01-06T00:00:00+00:00', '--job-id', '9', '--raw', '--subdir', 'DAGS_FOLDER/3_4_2_homework_assignment.py', '--cfg-path', '/tmp/tmpkdv87vom']
[2025-02-27T09:47:18.126+0000] {standard_task_runner.py:88} INFO - Job 9: Subtask extract_task
[2025-02-27T09:47:18.159+0000] {task_command.py:423} INFO - Running <TaskInstance: 3_4_2_homework_assignment.extract_task scheduled__2024-01-06T00:00:00+00:00 [running]> on host ea5964584459
[2025-02-27T09:47:18.224+0000] {taskinstance.py:2480} INFO - Exporting env vars: AIRFLOW_CTX_DAG_OWNER='airflow' AIRFLOW_CTX_DAG_ID='3_4_2_homework_assignment' AIRFLOW_CTX_TASK_ID='extract_task' AIRFLOW_CTX_EXECUTION_DATE='2024-01-06T00:00:00+00:00' AIRFLOW_CTX_TRY_NUMBER='1' AIRFLOW_CTX_DAG_RUN_ID='scheduled__2024-01-06T00:00:00+00:00'
[2025-02-27T09:47:18.850+0000] {logging_mixin.py:188} INFO - Ответ API: {
  "success": false,
  "error": {
    "code": 101,
    "type": "invalid_access_key",
    "info": "You have not supplied a valid API Access Key. [Technical Support: support@apilayer.com]"
  }
}
[2025-02-27T09:47:18.852+0000] {python.py:201} INFO - Done. Returned value was: None
[2025-02-27T09:47:18.856+0000] {taskinstance.py:1138} INFO - Marking task as SUCCESS. dag_id=3_4_2_homework_assignment, task_id=extract_task, execution_date=20240106T000000, start_date=20250227T094718, end_date=20250227T094718
[2025-02-27T09:47:18.903+0000] {local_task_job_runner.py:234} INFO - Task exited with return code 0
[2025-02-27T09:47:18.914+0000] {taskinstance.py:3280} INFO - 0 downstream tasks scheduled from follow-on schedule check
[2025-02-27T09:50:39.204+0000] {taskinstance.py:1956} INFO - Dependencies all met for dep_context=non-requeueable deps ti=<TaskInstance: 3_4_2_homework_assignment.extract_task scheduled__2024-01-06T00:00:00+00:00 [queued]>
[2025-02-27T09:50:39.209+0000] {taskinstance.py:1956} INFO - Dependencies all met for dep_context=requeueable deps ti=<TaskInstance: 3_4_2_homework_assignment.extract_task scheduled__2024-01-06T00:00:00+00:00 [queued]>
[2025-02-27T09:50:39.210+0000] {taskinstance.py:2170} INFO - Starting attempt 1 of 1
[2025-02-27T09:50:39.220+0000] {taskinstance.py:2191} INFO - Executing <Task(PythonOperator): extract_task> on 2024-01-06 00:00:00+00:00
[2025-02-27T09:50:39.226+0000] {standard_task_runner.py:60} INFO - Started process 2339 to run task
[2025-02-27T09:50:39.228+0000] {standard_task_runner.py:87} INFO - Running: ['airflow', 'tasks', 'run', '3_4_2_homework_assignment', 'extract_task', 'scheduled__2024-01-06T00:00:00+00:00', '--job-id', '17', '--raw', '--subdir', 'DAGS_FOLDER/3_4_2_homework_assignment.py', '--cfg-path', '/tmp/tmp2nu8ei5u']
[2025-02-27T09:50:39.229+0000] {standard_task_runner.py:88} INFO - Job 17: Subtask extract_task
[2025-02-27T09:50:39.256+0000] {task_command.py:423} INFO - Running <TaskInstance: 3_4_2_homework_assignment.extract_task scheduled__2024-01-06T00:00:00+00:00 [running]> on host ea5964584459
[2025-02-27T09:50:39.300+0000] {taskinstance.py:2480} INFO - Exporting env vars: AIRFLOW_CTX_DAG_OWNER='airflow' AIRFLOW_CTX_DAG_ID='3_4_2_homework_assignment' AIRFLOW_CTX_TASK_ID='extract_task' AIRFLOW_CTX_EXECUTION_DATE='2024-01-06T00:00:00+00:00' AIRFLOW_CTX_TRY_NUMBER='1' AIRFLOW_CTX_DAG_RUN_ID='scheduled__2024-01-06T00:00:00+00:00'
[2025-02-27T09:50:39.302+0000] {logging_mixin.py:188} INFO - https://api.exchangerate.host/timeframe?access_key=None&source=USD&start_date={{ds}}&end_date={{ds}}
[2025-02-27T09:50:39.931+0000] {logging_mixin.py:188} INFO - Ответ API: {
  "success": false,
  "error": {
    "code": 101,
    "type": "invalid_access_key",
    "info": "You have not supplied a valid API Access Key. [Technical Support: support@apilayer.com]"
  }
}
[2025-02-27T09:50:39.932+0000] {python.py:201} INFO - Done. Returned value was: None
[2025-02-27T09:50:39.936+0000] {taskinstance.py:1138} INFO - Marking task as SUCCESS. dag_id=3_4_2_homework_assignment, task_id=extract_task, execution_date=20240106T000000, start_date=20250227T095039, end_date=20250227T095039
[2025-02-27T09:50:39.968+0000] {local_task_job_runner.py:234} INFO - Task exited with return code 0
[2025-02-27T09:50:39.976+0000] {taskinstance.py:3280} INFO - 0 downstream tasks scheduled from follow-on schedule check
[2025-02-27T09:54:57.647+0000] {taskinstance.py:1956} INFO - Dependencies all met for dep_context=non-requeueable deps ti=<TaskInstance: 3_4_2_homework_assignment.extract_task scheduled__2024-01-06T00:00:00+00:00 [queued]>
[2025-02-27T09:54:57.653+0000] {taskinstance.py:1956} INFO - Dependencies all met for dep_context=requeueable deps ti=<TaskInstance: 3_4_2_homework_assignment.extract_task scheduled__2024-01-06T00:00:00+00:00 [queued]>
[2025-02-27T09:54:57.653+0000] {taskinstance.py:2170} INFO - Starting attempt 1 of 1
[2025-02-27T09:54:57.665+0000] {taskinstance.py:2191} INFO - Executing <Task(PythonOperator): extract_task> on 2024-01-06 00:00:00+00:00
[2025-02-27T09:54:57.671+0000] {standard_task_runner.py:60} INFO - Started process 2917 to run task
[2025-02-27T09:54:57.674+0000] {standard_task_runner.py:87} INFO - Running: ['airflow', 'tasks', 'run', '3_4_2_homework_assignment', 'extract_task', 'scheduled__2024-01-06T00:00:00+00:00', '--job-id', '17', '--raw', '--subdir', 'DAGS_FOLDER/3_4_2_homework_assignment.py', '--cfg-path', '/tmp/tmpmssuu4ew']
[2025-02-27T09:54:57.675+0000] {standard_task_runner.py:88} INFO - Job 17: Subtask extract_task
[2025-02-27T09:54:57.708+0000] {task_command.py:423} INFO - Running <TaskInstance: 3_4_2_homework_assignment.extract_task scheduled__2024-01-06T00:00:00+00:00 [running]> on host ea5964584459
[2025-02-27T09:54:57.761+0000] {taskinstance.py:2480} INFO - Exporting env vars: AIRFLOW_CTX_DAG_OWNER='airflow' AIRFLOW_CTX_DAG_ID='3_4_2_homework_assignment' AIRFLOW_CTX_TASK_ID='extract_task' AIRFLOW_CTX_EXECUTION_DATE='2024-01-06T00:00:00+00:00' AIRFLOW_CTX_TRY_NUMBER='1' AIRFLOW_CTX_DAG_RUN_ID='scheduled__2024-01-06T00:00:00+00:00'
[2025-02-27T09:54:57.762+0000] {3_4_2_homework_assignment.py:41} INFO - https://api.exchangerate.host/timeframe?access_key=None&source=USD&start_date={{ds}}&end_date={{ds}}
[2025-02-27T09:54:58.424+0000] {logging_mixin.py:188} INFO - Ответ API: {
  "success": false,
  "error": {
    "code": 101,
    "type": "invalid_access_key",
    "info": "You have not supplied a valid API Access Key. [Technical Support: support@apilayer.com]"
  }
}
[2025-02-27T09:54:58.426+0000] {python.py:201} INFO - Done. Returned value was: None
[2025-02-27T09:54:58.429+0000] {taskinstance.py:1138} INFO - Marking task as SUCCESS. dag_id=3_4_2_homework_assignment, task_id=extract_task, execution_date=20240106T000000, start_date=20250227T095457, end_date=20250227T095458
[2025-02-27T09:54:58.450+0000] {local_task_job_runner.py:234} INFO - Task exited with return code 0
[2025-02-27T09:54:58.459+0000] {taskinstance.py:3280} INFO - 0 downstream tasks scheduled from follow-on schedule check
[2025-02-27T10:06:50.610+0000] {taskinstance.py:1956} INFO - Dependencies all met for dep_context=non-requeueable deps ti=<TaskInstance: 3_4_2_homework_assignment.extract_task scheduled__2024-01-06T00:00:00+00:00 [queued]>
[2025-02-27T10:06:50.616+0000] {taskinstance.py:1956} INFO - Dependencies all met for dep_context=requeueable deps ti=<TaskInstance: 3_4_2_homework_assignment.extract_task scheduled__2024-01-06T00:00:00+00:00 [queued]>
[2025-02-27T10:06:50.617+0000] {taskinstance.py:2170} INFO - Starting attempt 1 of 1
[2025-02-27T10:06:50.629+0000] {taskinstance.py:2191} INFO - Executing <Task(PythonOperator): extract_task> on 2024-01-06 00:00:00+00:00
[2025-02-27T10:06:50.634+0000] {standard_task_runner.py:60} INFO - Started process 3561 to run task
[2025-02-27T10:06:50.637+0000] {standard_task_runner.py:87} INFO - Running: ['airflow', 'tasks', 'run', '3_4_2_homework_assignment', 'extract_task', 'scheduled__2024-01-06T00:00:00+00:00', '--job-id', '17', '--raw', '--subdir', 'DAGS_FOLDER/3_4_2_homework_assignment.py', '--cfg-path', '/tmp/tmp7nysxvhb']
[2025-02-27T10:06:50.638+0000] {standard_task_runner.py:88} INFO - Job 17: Subtask extract_task
[2025-02-27T10:06:50.665+0000] {task_command.py:423} INFO - Running <TaskInstance: 3_4_2_homework_assignment.extract_task scheduled__2024-01-06T00:00:00+00:00 [running]> on host ea5964584459
[2025-02-27T10:06:50.706+0000] {taskinstance.py:2480} INFO - Exporting env vars: AIRFLOW_CTX_DAG_OWNER='airflow' AIRFLOW_CTX_DAG_ID='3_4_2_homework_assignment' AIRFLOW_CTX_TASK_ID='extract_task' AIRFLOW_CTX_EXECUTION_DATE='2024-01-06T00:00:00+00:00' AIRFLOW_CTX_TRY_NUMBER='1' AIRFLOW_CTX_DAG_RUN_ID='scheduled__2024-01-06T00:00:00+00:00'
[2025-02-27T10:06:51.345+0000] {logging_mixin.py:188} INFO - Ответ API: {
  "success": false,
  "error": {
    "code": 101,
    "type": "invalid_access_key",
    "info": "You have not supplied a valid API Access Key. [Technical Support: support@apilayer.com]"
  }
}
[2025-02-27T10:06:51.346+0000] {python.py:201} INFO - Done. Returned value was: None
[2025-02-27T10:06:51.350+0000] {taskinstance.py:1138} INFO - Marking task as SUCCESS. dag_id=3_4_2_homework_assignment, task_id=extract_task, execution_date=20240106T000000, start_date=20250227T100650, end_date=20250227T100651
[2025-02-27T10:06:51.373+0000] {local_task_job_runner.py:234} INFO - Task exited with return code 0
[2025-02-27T10:06:51.381+0000] {taskinstance.py:3280} INFO - 0 downstream tasks scheduled from follow-on schedule check
[2025-02-27T10:14:28.327+0000] {taskinstance.py:1956} INFO - Dependencies all met for dep_context=non-requeueable deps ti=<TaskInstance: 3_4_2_homework_assignment.extract_task scheduled__2024-01-06T00:00:00+00:00 [queued]>
[2025-02-27T10:14:28.331+0000] {taskinstance.py:1956} INFO - Dependencies all met for dep_context=requeueable deps ti=<TaskInstance: 3_4_2_homework_assignment.extract_task scheduled__2024-01-06T00:00:00+00:00 [queued]>
[2025-02-27T10:14:28.331+0000] {taskinstance.py:2170} INFO - Starting attempt 1 of 1
[2025-02-27T10:14:28.341+0000] {taskinstance.py:2191} INFO - Executing <Task(PythonOperator): extract_task> on 2024-01-06 00:00:00+00:00
[2025-02-27T10:14:28.345+0000] {standard_task_runner.py:60} INFO - Started process 4456 to run task
[2025-02-27T10:14:28.348+0000] {standard_task_runner.py:87} INFO - Running: ['airflow', 'tasks', 'run', '3_4_2_homework_assignment', 'extract_task', 'scheduled__2024-01-06T00:00:00+00:00', '--job-id', '17', '--raw', '--subdir', 'DAGS_FOLDER/3_4_2_homework_assignment.py', '--cfg-path', '/tmp/tmpncz4gypd']
[2025-02-27T10:14:28.349+0000] {standard_task_runner.py:88} INFO - Job 17: Subtask extract_task
[2025-02-27T10:14:28.373+0000] {task_command.py:423} INFO - Running <TaskInstance: 3_4_2_homework_assignment.extract_task scheduled__2024-01-06T00:00:00+00:00 [running]> on host ea5964584459
[2025-02-27T10:14:28.414+0000] {taskinstance.py:2480} INFO - Exporting env vars: AIRFLOW_CTX_DAG_OWNER='airflow' AIRFLOW_CTX_DAG_ID='3_4_2_homework_assignment' AIRFLOW_CTX_TASK_ID='extract_task' AIRFLOW_CTX_EXECUTION_DATE='2024-01-06T00:00:00+00:00' AIRFLOW_CTX_TRY_NUMBER='1' AIRFLOW_CTX_DAG_RUN_ID='scheduled__2024-01-06T00:00:00+00:00'
[2025-02-27T10:14:28.415+0000] {3_4_2_homework_assignment.py:41} INFO - https://api.exchangerate.host/timeframe?access_key=422bab0c9e08a5476912061877017b8d&source=USD&start_date=2024-01-06&end_date=2024-01-06
[2025-02-27T10:14:28.320+0000] {logging_mixin.py:188} INFO - Ответ API: {"success":true,"terms":"https:\/\/currencylayer.com\/terms","privacy":"https:\/\/currencylayer.com\/privacy","timeframe":true,"start_date":"2024-01-06","end_date":"2024-01-06","source":"USD","quotes":{"2024-01-06":{"USDAED":3.672804,"USDAFN":70.119086,"USDALL":95.268513,"USDAMD":402.883606,"USDANG":1.794954,"USDAOA":830.503981,"USDARS":811.197518,"USDAUD":1.49145,"USDAWG":1.8,"USDAZN":1.70397,"USDBAM":1.784733,"USDBBD":2.01095,"USDBDT":109.303281,"USDBGN":1.787115,"USDBHD":0.375416,"USDBIF":2837.888397,"USDBMD":1,"USDBND":1.326276,"USDBOB":6.882329,"USDBRL":4.874604,"USDBSD":0.995939,"USDBTC":2.2701794e-5,"USDBTN":82.81763,"USDBWP":13.522836,"USDBYN":3.289228,"USDBYR":19600,"USDBZD":2.007574,"USDCAD":1.33725,"USDCDF":2690.000362,"USDCHF":0.849745,"USDCLF":0.032253,"USDCLP":888.944655,"USDCNY":7.102504,"USDCOP":3915.043117,"USDCRC":517.132819,"USDCUC":1,"USDCUP":26.5,"USDCVE":100.620523,"USDCZK":22.509504,"USDDJF":177.332664,"USDDKK":6.815904,"USDDOP":58.028015,"USDDZD":134.40404,"USDEGP":30.756947,"USDERN":15,"USDETB":55.822512,"USDEUR":0.91285,"USDFJD":2.21295,"USDFKP":0.785179,"USDGBP":0.785855,"USDGEL":2.690391,"USDGGP":0.785179,"USDGHS":11.902176,"USDGIP":0.785179,"USDGMD":67.203853,"USDGNF":8561.390701,"USDGTQ":7.791212,"USDGYD":208.367934,"USDHKD":7.81145,"USDHNL":24.569969,"USDHRK":6.98177,"USDHTG":131.167587,"USDHUF":345.460388,"USDIDR":15503.35,"USDILS":3.676575,"USDIMP":0.785179,"USDINR":83.19135,"USDIQD":1304.740612,"USDIRR":42037.503818,"USDISK":137.790386,"USDJEP":0.785179,"USDJMD":153.8988,"USDJOD":0.709404,"USDJPY":144.63504,"USDKES":155.121595,"USDKGS":89.085304,"USDKHR":4076.287813,"USDKMF":449.975039,"USDKPW":899.994366,"USDKRW":1314.745039,"USDKWD":0.30753,"USDKYD":0.829949,"USDKZT":451.768034,"USDLAK":20521.969248,"USDLBP":14969.293243,"USDLKR":322.608021,"USDLRD":188.650382,"USDLSL":18.690382,"USDLTL":2.95274,"USDLVL":0.60489,"USDLYD":4.781676,"USDMAD":9.907195,"USDMDL":17.628325,"USDMGA":4576.356253,"USDMKD":56.13907,"USDMMK":2091.527125,"USDMNT":3419.636334,"USDMOP":8.013414,"USDMRU":39.650379,"USDMUR":44.750379,"USDMVR":15.403741,"USDMWK":1676.598075,"USDMXN":16.880104,"USDMYR":4.654504,"USDMZN":63.24995,"USDNAD":18.690377,"USDNGN":914.470377,"USDNIO":36.47397,"USDNOK":10.30157,"USDNPR":132.508099,"USDNZD":1.602564,"USDOMR":0.383447,"USDPAB":0.99603,"USDPEN":3.690104,"USDPGK":3.719487,"USDPHP":55.508504,"USDPKR":276.907332,"USDPLN":3.977185,"USDPYG":7228.179039,"USDQAR":3.641038,"USDRON":4.544804,"USDRSD":106.982707,"USDRUB":90.930373,"USDRWF":1258.383903,"USDSAR":3.750046,"USDSBD":8.43942,"USDSCR":13.272437,"USDSDG":601.00034,"USDSEK":10.253404,"USDSGD":1.330704,"USDSHP":1.27175,"USDSLE":22.702917,"USDSLL":19750.000338,"USDSOS":571.000338,"USDSRD":36.667038,"USDSTD":20697.981008,"USDSYP":13001.780419,"USDSZL":18.758954,"USDTHB":34.67037,"USDTJS":10.920746,"USDTMT":3.5,"USDTND":3.097038,"USDTOP":2.34815,"USDTRY":29.812304,"USDTTD":6.739061,"USDTWD":30.967038,"USDTZS":2506.821189,"USDUAH":37.935301,"USDUGX":3776.064242,"USDUYU":39.019939,"USDUZS":12291.828261,"USDVEF":3598460.626055,"USDVES":35.96152,"USDVND":24380,"USDVUV":118.531612,"USDWST":2.71066,"USDXAF":598.582835,"USDXAG":0.043122,"USDXAU":0.000489,"USDXCD":2.70255,"USDXDR":0.742346,"USDXOF":598.582835,"USDXPF":109.490364,"USDYER":250.403595,"USDZAR":18.69012,"USDZMK":9001.203591,"USDZMW":25.696035,"USDZWL":321.999592}}}
[2025-02-27T10:14:28.321+0000] {python.py:201} INFO - Done. Returned value was: None
[2025-02-27T10:14:28.325+0000] {taskinstance.py:1138} INFO - Marking task as SUCCESS. dag_id=3_4_2_homework_assignment, task_id=extract_task, execution_date=20240106T000000, start_date=20250227T101428, end_date=20250227T101428
[2025-02-27T10:14:28.367+0000] {local_task_job_runner.py:234} INFO - Task exited with return code 0
[2025-02-27T10:14:28.376+0000] {taskinstance.py:3280} INFO - 0 downstream tasks scheduled from follow-on schedule check
[2025-02-27T10:19:41.824+0000] {taskinstance.py:1956} INFO - Dependencies all met for dep_context=non-requeueable deps ti=<TaskInstance: 3_4_2_homework_assignment.extract_task scheduled__2024-01-06T00:00:00+00:00 [queued]>
[2025-02-27T10:19:41.829+0000] {taskinstance.py:1956} INFO - Dependencies all met for dep_context=requeueable deps ti=<TaskInstance: 3_4_2_homework_assignment.extract_task scheduled__2024-01-06T00:00:00+00:00 [queued]>
[2025-02-27T10:19:41.829+0000] {taskinstance.py:2170} INFO - Starting attempt 1 of 1
[2025-02-27T10:19:41.840+0000] {taskinstance.py:2191} INFO - Executing <Task(PythonOperator): extract_task> on 2024-01-06 00:00:00+00:00
[2025-02-27T10:19:41.845+0000] {standard_task_runner.py:60} INFO - Started process 5047 to run task
[2025-02-27T10:19:41.847+0000] {standard_task_runner.py:87} INFO - Running: ['airflow', 'tasks', 'run', '3_4_2_homework_assignment', 'extract_task', 'scheduled__2024-01-06T00:00:00+00:00', '--job-id', '17', '--raw', '--subdir', 'DAGS_FOLDER/3_4_2_homework_assignment.py', '--cfg-path', '/tmp/tmpn49wowkq']
[2025-02-27T10:19:41.848+0000] {standard_task_runner.py:88} INFO - Job 17: Subtask extract_task
[2025-02-27T10:19:41.875+0000] {task_command.py:423} INFO - Running <TaskInstance: 3_4_2_homework_assignment.extract_task scheduled__2024-01-06T00:00:00+00:00 [running]> on host ea5964584459
[2025-02-27T10:19:41.912+0000] {taskinstance.py:2480} INFO - Exporting env vars: AIRFLOW_CTX_DAG_OWNER='airflow' AIRFLOW_CTX_DAG_ID='3_4_2_homework_assignment' AIRFLOW_CTX_TASK_ID='extract_task' AIRFLOW_CTX_EXECUTION_DATE='2024-01-06T00:00:00+00:00' AIRFLOW_CTX_TRY_NUMBER='1' AIRFLOW_CTX_DAG_RUN_ID='scheduled__2024-01-06T00:00:00+00:00'
[2025-02-27T10:19:41.913+0000] {3_4_2_homework_assignment.py:40} INFO - https://api.exchangerate.host/timeframe?access_key=422bab0c9e08a5476912061877017b8d&source=USD&start_date=2024-01-06&end_date=2024-01-06
[2025-02-27T10:19:42.548+0000] {logging_mixin.py:188} INFO - Ответ API: {"success":true,"terms":"https:\/\/currencylayer.com\/terms","privacy":"https:\/\/currencylayer.com\/privacy","timeframe":true,"start_date":"2024-01-06","end_date":"2024-01-06","source":"USD","quotes":{"2024-01-06":{"USDAED":3.672804,"USDAFN":70.119086,"USDALL":95.268513,"USDAMD":402.883606,"USDANG":1.794954,"USDAOA":830.503981,"USDARS":811.197518,"USDAUD":1.49145,"USDAWG":1.8,"USDAZN":1.70397,"USDBAM":1.784733,"USDBBD":2.01095,"USDBDT":109.303281,"USDBGN":1.787115,"USDBHD":0.375416,"USDBIF":2837.888397,"USDBMD":1,"USDBND":1.326276,"USDBOB":6.882329,"USDBRL":4.874604,"USDBSD":0.995939,"USDBTC":2.2701794e-5,"USDBTN":82.81763,"USDBWP":13.522836,"USDBYN":3.289228,"USDBYR":19600,"USDBZD":2.007574,"USDCAD":1.33725,"USDCDF":2690.000362,"USDCHF":0.849745,"USDCLF":0.032253,"USDCLP":888.944655,"USDCNY":7.102504,"USDCOP":3915.043117,"USDCRC":517.132819,"USDCUC":1,"USDCUP":26.5,"USDCVE":100.620523,"USDCZK":22.509504,"USDDJF":177.332664,"USDDKK":6.815904,"USDDOP":58.028015,"USDDZD":134.40404,"USDEGP":30.756947,"USDERN":15,"USDETB":55.822512,"USDEUR":0.91285,"USDFJD":2.21295,"USDFKP":0.785179,"USDGBP":0.785855,"USDGEL":2.690391,"USDGGP":0.785179,"USDGHS":11.902176,"USDGIP":0.785179,"USDGMD":67.203853,"USDGNF":8561.390701,"USDGTQ":7.791212,"USDGYD":208.367934,"USDHKD":7.81145,"USDHNL":24.569969,"USDHRK":6.98177,"USDHTG":131.167587,"USDHUF":345.460388,"USDIDR":15503.35,"USDILS":3.676575,"USDIMP":0.785179,"USDINR":83.19135,"USDIQD":1304.740612,"USDIRR":42037.503818,"USDISK":137.790386,"USDJEP":0.785179,"USDJMD":153.8988,"USDJOD":0.709404,"USDJPY":144.63504,"USDKES":155.121595,"USDKGS":89.085304,"USDKHR":4076.287813,"USDKMF":449.975039,"USDKPW":899.994366,"USDKRW":1314.745039,"USDKWD":0.30753,"USDKYD":0.829949,"USDKZT":451.768034,"USDLAK":20521.969248,"USDLBP":14969.293243,"USDLKR":322.608021,"USDLRD":188.650382,"USDLSL":18.690382,"USDLTL":2.95274,"USDLVL":0.60489,"USDLYD":4.781676,"USDMAD":9.907195,"USDMDL":17.628325,"USDMGA":4576.356253,"USDMKD":56.13907,"USDMMK":2091.527125,"USDMNT":3419.636334,"USDMOP":8.013414,"USDMRU":39.650379,"USDMUR":44.750379,"USDMVR":15.403741,"USDMWK":1676.598075,"USDMXN":16.880104,"USDMYR":4.654504,"USDMZN":63.24995,"USDNAD":18.690377,"USDNGN":914.470377,"USDNIO":36.47397,"USDNOK":10.30157,"USDNPR":132.508099,"USDNZD":1.602564,"USDOMR":0.383447,"USDPAB":0.99603,"USDPEN":3.690104,"USDPGK":3.719487,"USDPHP":55.508504,"USDPKR":276.907332,"USDPLN":3.977185,"USDPYG":7228.179039,"USDQAR":3.641038,"USDRON":4.544804,"USDRSD":106.982707,"USDRUB":90.930373,"USDRWF":1258.383903,"USDSAR":3.750046,"USDSBD":8.43942,"USDSCR":13.272437,"USDSDG":601.00034,"USDSEK":10.253404,"USDSGD":1.330704,"USDSHP":1.27175,"USDSLE":22.702917,"USDSLL":19750.000338,"USDSOS":571.000338,"USDSRD":36.667038,"USDSTD":20697.981008,"USDSYP":13001.780419,"USDSZL":18.758954,"USDTHB":34.67037,"USDTJS":10.920746,"USDTMT":3.5,"USDTND":3.097038,"USDTOP":2.34815,"USDTRY":29.812304,"USDTTD":6.739061,"USDTWD":30.967038,"USDTZS":2506.821189,"USDUAH":37.935301,"USDUGX":3776.064242,"USDUYU":39.019939,"USDUZS":12291.828261,"USDVEF":3598460.626055,"USDVES":35.96152,"USDVND":24380,"USDVUV":118.531612,"USDWST":2.71066,"USDXAF":598.582835,"USDXAG":0.043122,"USDXAU":0.000489,"USDXCD":2.70255,"USDXDR":0.742346,"USDXOF":598.582835,"USDXPF":109.490364,"USDYER":250.403595,"USDZAR":18.69012,"USDZMK":9001.203591,"USDZMW":25.696035,"USDZWL":321.999592}}}
[2025-02-27T10:19:42.550+0000] {python.py:201} INFO - Done. Returned value was: None
[2025-02-27T10:19:42.556+0000] {taskinstance.py:1138} INFO - Marking task as SUCCESS. dag_id=3_4_2_homework_assignment, task_id=extract_task, execution_date=20240106T000000, start_date=20250227T101941, end_date=20250227T101942
[2025-02-27T10:19:42.585+0000] {local_task_job_runner.py:234} INFO - Task exited with return code 0
[2025-02-27T10:27:08.426+0000] {taskinstance.py:1956} INFO - Dependencies all met for dep_context=non-requeueable deps ti=<TaskInstance: 3_4_2_homework_assignment.extract_task scheduled__2024-01-06T00:00:00+00:00 [queued]>
[2025-02-27T10:27:08.430+0000] {taskinstance.py:1956} INFO - Dependencies all met for dep_context=requeueable deps ti=<TaskInstance: 3_4_2_homework_assignment.extract_task scheduled__2024-01-06T00:00:00+00:00 [queued]>
[2025-02-27T10:27:08.430+0000] {taskinstance.py:2170} INFO - Starting attempt 1 of 1
[2025-02-27T10:27:08.441+0000] {taskinstance.py:2191} INFO - Executing <Task(PythonOperator): extract_task> on 2024-01-06 00:00:00+00:00
[2025-02-27T10:27:08.446+0000] {standard_task_runner.py:60} INFO - Started process 5791 to run task
[2025-02-27T10:27:08.448+0000] {standard_task_runner.py:87} INFO - Running: ['airflow', 'tasks', 'run', '3_4_2_homework_assignment', 'extract_task', 'scheduled__2024-01-06T00:00:00+00:00', '--job-id', '17', '--raw', '--subdir', 'DAGS_FOLDER/3_4_2_homework_assignment.py', '--cfg-path', '/tmp/tmpvxxeoa0a']
[2025-02-27T10:27:08.449+0000] {standard_task_runner.py:88} INFO - Job 17: Subtask extract_task
[2025-02-27T10:27:08.474+0000] {task_command.py:423} INFO - Running <TaskInstance: 3_4_2_homework_assignment.extract_task scheduled__2024-01-06T00:00:00+00:00 [running]> on host ea5964584459
[2025-02-27T10:27:08.513+0000] {taskinstance.py:2480} INFO - Exporting env vars: AIRFLOW_CTX_DAG_OWNER='airflow' AIRFLOW_CTX_DAG_ID='3_4_2_homework_assignment' AIRFLOW_CTX_TASK_ID='extract_task' AIRFLOW_CTX_EXECUTION_DATE='2024-01-06T00:00:00+00:00' AIRFLOW_CTX_TRY_NUMBER='1' AIRFLOW_CTX_DAG_RUN_ID='scheduled__2024-01-06T00:00:00+00:00'
[2025-02-27T10:27:08.514+0000] {3_4_2_homework_assignment.py:40} INFO - https://api.exchangerate.host/timeframe?access_key=422bab0c9e08a5476912061877017b8d&source=USD&start_date=2024-01-06&end_date=2024-01-06
[2025-02-27T10:27:09.117+0000] {logging_mixin.py:188} INFO - Ответ API: {"success":true,"terms":"https:\/\/currencylayer.com\/terms","privacy":"https:\/\/currencylayer.com\/privacy","timeframe":true,"start_date":"2024-01-06","end_date":"2024-01-06","source":"USD","quotes":{"2024-01-06":{"USDAED":3.672804,"USDAFN":70.119086,"USDALL":95.268513,"USDAMD":402.883606,"USDANG":1.794954,"USDAOA":830.503981,"USDARS":811.197518,"USDAUD":1.49145,"USDAWG":1.8,"USDAZN":1.70397,"USDBAM":1.784733,"USDBBD":2.01095,"USDBDT":109.303281,"USDBGN":1.787115,"USDBHD":0.375416,"USDBIF":2837.888397,"USDBMD":1,"USDBND":1.326276,"USDBOB":6.882329,"USDBRL":4.874604,"USDBSD":0.995939,"USDBTC":2.2701794e-5,"USDBTN":82.81763,"USDBWP":13.522836,"USDBYN":3.289228,"USDBYR":19600,"USDBZD":2.007574,"USDCAD":1.33725,"USDCDF":2690.000362,"USDCHF":0.849745,"USDCLF":0.032253,"USDCLP":888.944655,"USDCNY":7.102504,"USDCOP":3915.043117,"USDCRC":517.132819,"USDCUC":1,"USDCUP":26.5,"USDCVE":100.620523,"USDCZK":22.509504,"USDDJF":177.332664,"USDDKK":6.815904,"USDDOP":58.028015,"USDDZD":134.40404,"USDEGP":30.756947,"USDERN":15,"USDETB":55.822512,"USDEUR":0.91285,"USDFJD":2.21295,"USDFKP":0.785179,"USDGBP":0.785855,"USDGEL":2.690391,"USDGGP":0.785179,"USDGHS":11.902176,"USDGIP":0.785179,"USDGMD":67.203853,"USDGNF":8561.390701,"USDGTQ":7.791212,"USDGYD":208.367934,"USDHKD":7.81145,"USDHNL":24.569969,"USDHRK":6.98177,"USDHTG":131.167587,"USDHUF":345.460388,"USDIDR":15503.35,"USDILS":3.676575,"USDIMP":0.785179,"USDINR":83.19135,"USDIQD":1304.740612,"USDIRR":42037.503818,"USDISK":137.790386,"USDJEP":0.785179,"USDJMD":153.8988,"USDJOD":0.709404,"USDJPY":144.63504,"USDKES":155.121595,"USDKGS":89.085304,"USDKHR":4076.287813,"USDKMF":449.975039,"USDKPW":899.994366,"USDKRW":1314.745039,"USDKWD":0.30753,"USDKYD":0.829949,"USDKZT":451.768034,"USDLAK":20521.969248,"USDLBP":14969.293243,"USDLKR":322.608021,"USDLRD":188.650382,"USDLSL":18.690382,"USDLTL":2.95274,"USDLVL":0.60489,"USDLYD":4.781676,"USDMAD":9.907195,"USDMDL":17.628325,"USDMGA":4576.356253,"USDMKD":56.13907,"USDMMK":2091.527125,"USDMNT":3419.636334,"USDMOP":8.013414,"USDMRU":39.650379,"USDMUR":44.750379,"USDMVR":15.403741,"USDMWK":1676.598075,"USDMXN":16.880104,"USDMYR":4.654504,"USDMZN":63.24995,"USDNAD":18.690377,"USDNGN":914.470377,"USDNIO":36.47397,"USDNOK":10.30157,"USDNPR":132.508099,"USDNZD":1.602564,"USDOMR":0.383447,"USDPAB":0.99603,"USDPEN":3.690104,"USDPGK":3.719487,"USDPHP":55.508504,"USDPKR":276.907332,"USDPLN":3.977185,"USDPYG":7228.179039,"USDQAR":3.641038,"USDRON":4.544804,"USDRSD":106.982707,"USDRUB":90.930373,"USDRWF":1258.383903,"USDSAR":3.750046,"USDSBD":8.43942,"USDSCR":13.272437,"USDSDG":601.00034,"USDSEK":10.253404,"USDSGD":1.330704,"USDSHP":1.27175,"USDSLE":22.702917,"USDSLL":19750.000338,"USDSOS":571.000338,"USDSRD":36.667038,"USDSTD":20697.981008,"USDSYP":13001.780419,"USDSZL":18.758954,"USDTHB":34.67037,"USDTJS":10.920746,"USDTMT":3.5,"USDTND":3.097038,"USDTOP":2.34815,"USDTRY":29.812304,"USDTTD":6.739061,"USDTWD":30.967038,"USDTZS":2506.821189,"USDUAH":37.935301,"USDUGX":3776.064242,"USDUYU":39.019939,"USDUZS":12291.828261,"USDVEF":3598460.626055,"USDVES":35.96152,"USDVND":24380,"USDVUV":118.531612,"USDWST":2.71066,"USDXAF":598.582835,"USDXAG":0.043122,"USDXAU":0.000489,"USDXCD":2.70255,"USDXDR":0.742346,"USDXOF":598.582835,"USDXPF":109.490364,"USDYER":250.403595,"USDZAR":18.69012,"USDZMK":9001.203591,"USDZMW":25.696035,"USDZWL":321.999592}}}
[2025-02-27T10:27:09.118+0000] {python.py:201} INFO - Done. Returned value was: None
[2025-02-27T10:27:09.123+0000] {taskinstance.py:1138} INFO - Marking task as SUCCESS. dag_id=3_4_2_homework_assignment, task_id=extract_task, execution_date=20240106T000000, start_date=20250227T102708, end_date=20250227T102709
[2025-02-27T10:27:09.157+0000] {local_task_job_runner.py:234} INFO - Task exited with return code 0
[2025-02-27T10:35:29.385+0000] {taskinstance.py:1956} INFO - Dependencies all met for dep_context=non-requeueable deps ti=<TaskInstance: 3_4_2_homework_assignment.extract_task scheduled__2024-01-06T00:00:00+00:00 [queued]>
[2025-02-27T10:35:29.390+0000] {taskinstance.py:1956} INFO - Dependencies all met for dep_context=requeueable deps ti=<TaskInstance: 3_4_2_homework_assignment.extract_task scheduled__2024-01-06T00:00:00+00:00 [queued]>
[2025-02-27T10:35:29.391+0000] {taskinstance.py:2170} INFO - Starting attempt 1 of 1
[2025-02-27T10:35:29.404+0000] {taskinstance.py:2191} INFO - Executing <Task(PythonOperator): extract_task> on 2024-01-06 00:00:00+00:00
[2025-02-27T10:35:29.409+0000] {standard_task_runner.py:60} INFO - Started process 6451 to run task
[2025-02-27T10:35:29.411+0000] {standard_task_runner.py:87} INFO - Running: ['airflow', 'tasks', 'run', '3_4_2_homework_assignment', 'extract_task', 'scheduled__2024-01-06T00:00:00+00:00', '--job-id', '17', '--raw', '--subdir', 'DAGS_FOLDER/3_4_2_homework_assignment.py', '--cfg-path', '/tmp/tmpseulapj_']
[2025-02-27T10:35:29.413+0000] {standard_task_runner.py:88} INFO - Job 17: Subtask extract_task
[2025-02-27T10:35:29.438+0000] {task_command.py:423} INFO - Running <TaskInstance: 3_4_2_homework_assignment.extract_task scheduled__2024-01-06T00:00:00+00:00 [running]> on host ea5964584459
[2025-02-27T10:35:29.480+0000] {taskinstance.py:2480} INFO - Exporting env vars: AIRFLOW_CTX_DAG_OWNER='airflow' AIRFLOW_CTX_DAG_ID='3_4_2_homework_assignment' AIRFLOW_CTX_TASK_ID='extract_task' AIRFLOW_CTX_EXECUTION_DATE='2024-01-06T00:00:00+00:00' AIRFLOW_CTX_TRY_NUMBER='1' AIRFLOW_CTX_DAG_RUN_ID='scheduled__2024-01-06T00:00:00+00:00'
[2025-02-27T10:35:29.481+0000] {3_4_2_homework_assignment.py:40} INFO - https://api.exchangerate.host/timeframe?access_key=422bab0c9e08a5476912061877017b8d&source=USD&start_date=2024-01-06&end_date=2024-01-06
[2025-02-27T10:35:30.118+0000] {logging_mixin.py:188} INFO - Ответ API: {"success":true,"terms":"https:\/\/currencylayer.com\/terms","privacy":"https:\/\/currencylayer.com\/privacy","timeframe":true,"start_date":"2024-01-06","end_date":"2024-01-06","source":"USD","quotes":{"2024-01-06":{"USDAED":3.672804,"USDAFN":70.119086,"USDALL":95.268513,"USDAMD":402.883606,"USDANG":1.794954,"USDAOA":830.503981,"USDARS":811.197518,"USDAUD":1.49145,"USDAWG":1.8,"USDAZN":1.70397,"USDBAM":1.784733,"USDBBD":2.01095,"USDBDT":109.303281,"USDBGN":1.787115,"USDBHD":0.375416,"USDBIF":2837.888397,"USDBMD":1,"USDBND":1.326276,"USDBOB":6.882329,"USDBRL":4.874604,"USDBSD":0.995939,"USDBTC":2.2701794e-5,"USDBTN":82.81763,"USDBWP":13.522836,"USDBYN":3.289228,"USDBYR":19600,"USDBZD":2.007574,"USDCAD":1.33725,"USDCDF":2690.000362,"USDCHF":0.849745,"USDCLF":0.032253,"USDCLP":888.944655,"USDCNY":7.102504,"USDCOP":3915.043117,"USDCRC":517.132819,"USDCUC":1,"USDCUP":26.5,"USDCVE":100.620523,"USDCZK":22.509504,"USDDJF":177.332664,"USDDKK":6.815904,"USDDOP":58.028015,"USDDZD":134.40404,"USDEGP":30.756947,"USDERN":15,"USDETB":55.822512,"USDEUR":0.91285,"USDFJD":2.21295,"USDFKP":0.785179,"USDGBP":0.785855,"USDGEL":2.690391,"USDGGP":0.785179,"USDGHS":11.902176,"USDGIP":0.785179,"USDGMD":67.203853,"USDGNF":8561.390701,"USDGTQ":7.791212,"USDGYD":208.367934,"USDHKD":7.81145,"USDHNL":24.569969,"USDHRK":6.98177,"USDHTG":131.167587,"USDHUF":345.460388,"USDIDR":15503.35,"USDILS":3.676575,"USDIMP":0.785179,"USDINR":83.19135,"USDIQD":1304.740612,"USDIRR":42037.503818,"USDISK":137.790386,"USDJEP":0.785179,"USDJMD":153.8988,"USDJOD":0.709404,"USDJPY":144.63504,"USDKES":155.121595,"USDKGS":89.085304,"USDKHR":4076.287813,"USDKMF":449.975039,"USDKPW":899.994366,"USDKRW":1314.745039,"USDKWD":0.30753,"USDKYD":0.829949,"USDKZT":451.768034,"USDLAK":20521.969248,"USDLBP":14969.293243,"USDLKR":322.608021,"USDLRD":188.650382,"USDLSL":18.690382,"USDLTL":2.95274,"USDLVL":0.60489,"USDLYD":4.781676,"USDMAD":9.907195,"USDMDL":17.628325,"USDMGA":4576.356253,"USDMKD":56.13907,"USDMMK":2091.527125,"USDMNT":3419.636334,"USDMOP":8.013414,"USDMRU":39.650379,"USDMUR":44.750379,"USDMVR":15.403741,"USDMWK":1676.598075,"USDMXN":16.880104,"USDMYR":4.654504,"USDMZN":63.24995,"USDNAD":18.690377,"USDNGN":914.470377,"USDNIO":36.47397,"USDNOK":10.30157,"USDNPR":132.508099,"USDNZD":1.602564,"USDOMR":0.383447,"USDPAB":0.99603,"USDPEN":3.690104,"USDPGK":3.719487,"USDPHP":55.508504,"USDPKR":276.907332,"USDPLN":3.977185,"USDPYG":7228.179039,"USDQAR":3.641038,"USDRON":4.544804,"USDRSD":106.982707,"USDRUB":90.930373,"USDRWF":1258.383903,"USDSAR":3.750046,"USDSBD":8.43942,"USDSCR":13.272437,"USDSDG":601.00034,"USDSEK":10.253404,"USDSGD":1.330704,"USDSHP":1.27175,"USDSLE":22.702917,"USDSLL":19750.000338,"USDSOS":571.000338,"USDSRD":36.667038,"USDSTD":20697.981008,"USDSYP":13001.780419,"USDSZL":18.758954,"USDTHB":34.67037,"USDTJS":10.920746,"USDTMT":3.5,"USDTND":3.097038,"USDTOP":2.34815,"USDTRY":29.812304,"USDTTD":6.739061,"USDTWD":30.967038,"USDTZS":2506.821189,"USDUAH":37.935301,"USDUGX":3776.064242,"USDUYU":39.019939,"USDUZS":12291.828261,"USDVEF":3598460.626055,"USDVES":35.96152,"USDVND":24380,"USDVUV":118.531612,"USDWST":2.71066,"USDXAF":598.582835,"USDXAG":0.043122,"USDXAU":0.000489,"USDXCD":2.70255,"USDXDR":0.742346,"USDXOF":598.582835,"USDXPF":109.490364,"USDYER":250.403595,"USDZAR":18.69012,"USDZMK":9001.203591,"USDZMW":25.696035,"USDZWL":321.999592}}}
[2025-02-27T10:35:30.119+0000] {python.py:201} INFO - Done. Returned value was: None
[2025-02-27T10:35:30.124+0000] {taskinstance.py:1138} INFO - Marking task as SUCCESS. dag_id=3_4_2_homework_assignment, task_id=extract_task, execution_date=20240106T000000, start_date=20250227T103529, end_date=20250227T103530
[2025-02-27T10:35:30.161+0000] {local_task_job_runner.py:234} INFO - Task exited with return code 0
[2025-02-27T10:45:21.900+0000] {taskinstance.py:1956} INFO - Dependencies all met for dep_context=non-requeueable deps ti=<TaskInstance: 3_4_2_homework_assignment.extract_task scheduled__2024-01-06T00:00:00+00:00 [queued]>
[2025-02-27T10:45:21.906+0000] {taskinstance.py:1956} INFO - Dependencies all met for dep_context=requeueable deps ti=<TaskInstance: 3_4_2_homework_assignment.extract_task scheduled__2024-01-06T00:00:00+00:00 [queued]>
[2025-02-27T10:45:21.906+0000] {taskinstance.py:2170} INFO - Starting attempt 1 of 1
[2025-02-27T10:45:21.928+0000] {taskinstance.py:2191} INFO - Executing <Task(PythonOperator): extract_task> on 2024-01-06 00:00:00+00:00
[2025-02-27T10:45:21.933+0000] {standard_task_runner.py:60} INFO - Started process 7134 to run task
[2025-02-27T10:45:21.935+0000] {standard_task_runner.py:87} INFO - Running: ['airflow', 'tasks', 'run', '3_4_2_homework_assignment', 'extract_task', 'scheduled__2024-01-06T00:00:00+00:00', '--job-id', '17', '--raw', '--subdir', 'DAGS_FOLDER/3_4_2_homework_assignment.py', '--cfg-path', '/tmp/tmpfbk2lf6c']
[2025-02-27T10:45:21.937+0000] {standard_task_runner.py:88} INFO - Job 17: Subtask extract_task
[2025-02-27T10:45:21.963+0000] {task_command.py:423} INFO - Running <TaskInstance: 3_4_2_homework_assignment.extract_task scheduled__2024-01-06T00:00:00+00:00 [running]> on host ea5964584459
[2025-02-27T10:45:22.007+0000] {taskinstance.py:2480} INFO - Exporting env vars: AIRFLOW_CTX_DAG_OWNER='airflow' AIRFLOW_CTX_DAG_ID='3_4_2_homework_assignment' AIRFLOW_CTX_TASK_ID='extract_task' AIRFLOW_CTX_EXECUTION_DATE='2024-01-06T00:00:00+00:00' AIRFLOW_CTX_TRY_NUMBER='1' AIRFLOW_CTX_DAG_RUN_ID='scheduled__2024-01-06T00:00:00+00:00'
[2025-02-27T10:45:22.008+0000] {3_4_2_homework_assignment.py:40} INFO - https://api.exchangerate.host/timeframe?access_key=422bab0c9e08a5476912061877017b8d&source=USD&start_date=2024-01-06&end_date=2024-01-06
[2025-02-27T10:45:22.660+0000] {logging_mixin.py:188} INFO - Ответ API: {"success":true,"terms":"https:\/\/currencylayer.com\/terms","privacy":"https:\/\/currencylayer.com\/privacy","timeframe":true,"start_date":"2024-01-06","end_date":"2024-01-06","source":"USD","quotes":{"2024-01-06":{"USDAED":3.672804,"USDAFN":70.119086,"USDALL":95.268513,"USDAMD":402.883606,"USDANG":1.794954,"USDAOA":830.503981,"USDARS":811.197518,"USDAUD":1.49145,"USDAWG":1.8,"USDAZN":1.70397,"USDBAM":1.784733,"USDBBD":2.01095,"USDBDT":109.303281,"USDBGN":1.787115,"USDBHD":0.375416,"USDBIF":2837.888397,"USDBMD":1,"USDBND":1.326276,"USDBOB":6.882329,"USDBRL":4.874604,"USDBSD":0.995939,"USDBTC":2.2701794e-5,"USDBTN":82.81763,"USDBWP":13.522836,"USDBYN":3.289228,"USDBYR":19600,"USDBZD":2.007574,"USDCAD":1.33725,"USDCDF":2690.000362,"USDCHF":0.849745,"USDCLF":0.032253,"USDCLP":888.944655,"USDCNY":7.102504,"USDCOP":3915.043117,"USDCRC":517.132819,"USDCUC":1,"USDCUP":26.5,"USDCVE":100.620523,"USDCZK":22.509504,"USDDJF":177.332664,"USDDKK":6.815904,"USDDOP":58.028015,"USDDZD":134.40404,"USDEGP":30.756947,"USDERN":15,"USDETB":55.822512,"USDEUR":0.91285,"USDFJD":2.21295,"USDFKP":0.785179,"USDGBP":0.785855,"USDGEL":2.690391,"USDGGP":0.785179,"USDGHS":11.902176,"USDGIP":0.785179,"USDGMD":67.203853,"USDGNF":8561.390701,"USDGTQ":7.791212,"USDGYD":208.367934,"USDHKD":7.81145,"USDHNL":24.569969,"USDHRK":6.98177,"USDHTG":131.167587,"USDHUF":345.460388,"USDIDR":15503.35,"USDILS":3.676575,"USDIMP":0.785179,"USDINR":83.19135,"USDIQD":1304.740612,"USDIRR":42037.503818,"USDISK":137.790386,"USDJEP":0.785179,"USDJMD":153.8988,"USDJOD":0.709404,"USDJPY":144.63504,"USDKES":155.121595,"USDKGS":89.085304,"USDKHR":4076.287813,"USDKMF":449.975039,"USDKPW":899.994366,"USDKRW":1314.745039,"USDKWD":0.30753,"USDKYD":0.829949,"USDKZT":451.768034,"USDLAK":20521.969248,"USDLBP":14969.293243,"USDLKR":322.608021,"USDLRD":188.650382,"USDLSL":18.690382,"USDLTL":2.95274,"USDLVL":0.60489,"USDLYD":4.781676,"USDMAD":9.907195,"USDMDL":17.628325,"USDMGA":4576.356253,"USDMKD":56.13907,"USDMMK":2091.527125,"USDMNT":3419.636334,"USDMOP":8.013414,"USDMRU":39.650379,"USDMUR":44.750379,"USDMVR":15.403741,"USDMWK":1676.598075,"USDMXN":16.880104,"USDMYR":4.654504,"USDMZN":63.24995,"USDNAD":18.690377,"USDNGN":914.470377,"USDNIO":36.47397,"USDNOK":10.30157,"USDNPR":132.508099,"USDNZD":1.602564,"USDOMR":0.383447,"USDPAB":0.99603,"USDPEN":3.690104,"USDPGK":3.719487,"USDPHP":55.508504,"USDPKR":276.907332,"USDPLN":3.977185,"USDPYG":7228.179039,"USDQAR":3.641038,"USDRON":4.544804,"USDRSD":106.982707,"USDRUB":90.930373,"USDRWF":1258.383903,"USDSAR":3.750046,"USDSBD":8.43942,"USDSCR":13.272437,"USDSDG":601.00034,"USDSEK":10.253404,"USDSGD":1.330704,"USDSHP":1.27175,"USDSLE":22.702917,"USDSLL":19750.000338,"USDSOS":571.000338,"USDSRD":36.667038,"USDSTD":20697.981008,"USDSYP":13001.780419,"USDSZL":18.758954,"USDTHB":34.67037,"USDTJS":10.920746,"USDTMT":3.5,"USDTND":3.097038,"USDTOP":2.34815,"USDTRY":29.812304,"USDTTD":6.739061,"USDTWD":30.967038,"USDTZS":2506.821189,"USDUAH":37.935301,"USDUGX":3776.064242,"USDUYU":39.019939,"USDUZS":12291.828261,"USDVEF":3598460.626055,"USDVES":35.96152,"USDVND":24380,"USDVUV":118.531612,"USDWST":2.71066,"USDXAF":598.582835,"USDXAG":0.043122,"USDXAU":0.000489,"USDXCD":2.70255,"USDXDR":0.742346,"USDXOF":598.582835,"USDXPF":109.490364,"USDYER":250.403595,"USDZAR":18.69012,"USDZMK":9001.203591,"USDZMW":25.696035,"USDZWL":321.999592}}}
[2025-02-27T10:45:22.661+0000] {python.py:201} INFO - Done. Returned value was: None
[2025-02-27T10:45:22.665+0000] {taskinstance.py:1138} INFO - Marking task as SUCCESS. dag_id=3_4_2_homework_assignment, task_id=extract_task, execution_date=20240106T000000, start_date=20250227T104521, end_date=20250227T104522
[2025-02-27T10:45:22.714+0000] {local_task_job_runner.py:234} INFO - Task exited with return code 0
