[2025-03-13T09:41:09.255+0000] {taskinstance.py:1956} INFO - Dependencies all met for dep_context=non-requeueable deps ti=<TaskInstance: 6_1_autogeneration_code.task_sql3 manual__2025-03-13T09:40:46.032700+00:00 [queued]>
[2025-03-13T09:41:09.262+0000] {taskinstance.py:1956} INFO - Dependencies all met for dep_context=requeueable deps ti=<TaskInstance: 6_1_autogeneration_code.task_sql3 manual__2025-03-13T09:40:46.032700+00:00 [queued]>
[2025-03-13T09:41:09.262+0000] {taskinstance.py:2170} INFO - Starting attempt 1 of 1
[2025-03-13T09:41:09.279+0000] {taskinstance.py:2191} INFO - Executing <Task(ClickHouseOperator): task_sql3> on 2025-03-13 09:40:46.032700+00:00
[2025-03-13T09:41:09.286+0000] {standard_task_runner.py:60} INFO - Started process 3651 to run task
[2025-03-13T09:41:09.290+0000] {standard_task_runner.py:87} INFO - Running: ['airflow', 'tasks', 'run', '6_1_autogeneration_code', 'task_sql3', 'manual__2025-03-13T09:40:46.032700+00:00', '--job-id', '31', '--raw', '--subdir', 'DAGS_FOLDER/6_1_autogeneration code.py', '--cfg-path', '/tmp/tmpaxsbvjjg']
[2025-03-13T09:41:09.292+0000] {standard_task_runner.py:88} INFO - Job 31: Subtask task_sql3
[2025-03-13T09:41:09.325+0000] {task_command.py:423} INFO - Running <TaskInstance: 6_1_autogeneration_code.task_sql3 manual__2025-03-13T09:40:46.032700+00:00 [running]> on host 13d00b3af9e0
[2025-03-13T09:41:09.536+0000] {taskinstance.py:2480} INFO - Exporting env vars: AIRFLOW_CTX_DAG_OWNER='airflow' AIRFLOW_CTX_DAG_ID='6_1_autogeneration_code' AIRFLOW_CTX_TASK_ID='task_sql3' AIRFLOW_CTX_EXECUTION_DATE='2025-03-13T09:40:46.032700+00:00' AIRFLOW_CTX_TRY_NUMBER='1' AIRFLOW_CTX_DAG_RUN_ID='manual__2025-03-13T09:40:46.032700+00:00'
[2025-03-13T09:41:09.540+0000] {base.py:83} INFO - Using connection ID 'clickhouse_default' for task execution.
[2025-03-13T09:41:09.541+0000] {clickhouse.py:79} INFO - CREATE OR REPLACE VIEW sql3 AS with top5 as (select Publisher from (select Publisher, sum(Global_Sales) as pub_sal
from default.video_game_sales
group by Publisher
order by pub_sal desc
limit 5) as src)

select sumIf(Global_Sales, Publisher not in top5) as glob_sal
from default.video_game_sales
[2025-03-13T09:41:09.560+0000] {taskinstance.py:1138} INFO - Marking task as SUCCESS. dag_id=6_1_autogeneration_code, task_id=task_sql3, execution_date=20250313T094046, start_date=20250313T094109, end_date=20250313T094109
[2025-03-13T09:41:09.584+0000] {local_task_job_runner.py:234} INFO - Task exited with return code 0
[2025-03-13T09:41:09.595+0000] {taskinstance.py:3280} INFO - 0 downstream tasks scheduled from follow-on schedule check
