[2025-03-13T10:26:25.064+0000] {processor.py:161} INFO - Started process (PID=5217) to work on /opt/airflow/dags/6_2_plagin.py
[2025-03-13T10:26:25.065+0000] {processor.py:830} INFO - Processing file /opt/airflow/dags/6_2_plagin.py for tasks to queue
[2025-03-13T10:26:25.066+0000] {logging_mixin.py:188} INFO - [2025-03-13T10:26:25.066+0000] {dagbag.py:538} INFO - Filling up the DagBag from /opt/airflow/dags/6_2_plagin.py
[2025-03-13T10:26:25.084+0000] {processor.py:840} INFO - DAG(s) '6_2_plagin' retrieved from /opt/airflow/dags/6_2_plagin.py
[2025-03-13T10:26:25.176+0000] {logging_mixin.py:188} INFO - [2025-03-13T10:26:25.176+0000] {override.py:1769} INFO - Created Permission View: can edit on DAG:6_2_plagin
[2025-03-13T10:26:25.187+0000] {logging_mixin.py:188} INFO - [2025-03-13T10:26:25.186+0000] {override.py:1769} INFO - Created Permission View: can delete on DAG:6_2_plagin
[2025-03-13T10:26:25.193+0000] {logging_mixin.py:188} INFO - [2025-03-13T10:26:25.193+0000] {override.py:1769} INFO - Created Permission View: can read on DAG:6_2_plagin
[2025-03-13T10:26:25.193+0000] {logging_mixin.py:188} INFO - [2025-03-13T10:26:25.193+0000] {dag.py:3036} INFO - Sync 1 DAGs
[2025-03-13T10:26:25.202+0000] {logging_mixin.py:188} INFO - [2025-03-13T10:26:25.202+0000] {dag.py:3058} INFO - Creating ORM DAG for 6_2_plagin
[2025-03-13T10:26:25.212+0000] {logging_mixin.py:188} INFO - [2025-03-13T10:26:25.211+0000] {dag.py:3823} INFO - Setting next_dagrun for 6_2_plagin to 2025-03-12 00:00:00+00:00, run_after=2025-03-13 00:00:00+00:00
[2025-03-13T10:26:25.231+0000] {processor.py:183} INFO - Processing /opt/airflow/dags/6_2_plagin.py took 0.170 seconds
[2025-03-13T10:26:31.970+0000] {processor.py:161} INFO - Started process (PID=5221) to work on /opt/airflow/dags/6_2_plagin.py
[2025-03-13T10:26:31.971+0000] {processor.py:830} INFO - Processing file /opt/airflow/dags/6_2_plagin.py for tasks to queue
[2025-03-13T10:26:31.972+0000] {logging_mixin.py:188} INFO - [2025-03-13T10:26:31.972+0000] {dagbag.py:538} INFO - Filling up the DagBag from /opt/airflow/dags/6_2_plagin.py
[2025-03-13T10:26:31.994+0000] {processor.py:840} INFO - DAG(s) '6_2_plagin' retrieved from /opt/airflow/dags/6_2_plagin.py
[2025-03-13T10:26:32.001+0000] {logging_mixin.py:188} INFO - [2025-03-13T10:26:32.001+0000] {dag.py:3036} INFO - Sync 1 DAGs
[2025-03-13T10:26:32.019+0000] {logging_mixin.py:188} INFO - [2025-03-13T10:26:32.019+0000] {dag.py:3823} INFO - Setting next_dagrun for 6_2_plagin to 2025-03-12 00:00:00+00:00, run_after=2025-03-13 00:00:00+00:00
[2025-03-13T10:26:32.043+0000] {processor.py:183} INFO - Processing /opt/airflow/dags/6_2_plagin.py took 0.076 seconds
[2025-03-13T10:26:34.320+0000] {processor.py:161} INFO - Started process (PID=5224) to work on /opt/airflow/dags/6_2_plagin.py
[2025-03-13T10:26:34.321+0000] {processor.py:830} INFO - Processing file /opt/airflow/dags/6_2_plagin.py for tasks to queue
[2025-03-13T10:26:34.322+0000] {logging_mixin.py:188} INFO - [2025-03-13T10:26:34.321+0000] {dagbag.py:538} INFO - Filling up the DagBag from /opt/airflow/dags/6_2_plagin.py
[2025-03-13T10:26:34.353+0000] {processor.py:840} INFO - DAG(s) '6_2_plagin' retrieved from /opt/airflow/dags/6_2_plagin.py
[2025-03-13T10:26:34.361+0000] {logging_mixin.py:188} INFO - [2025-03-13T10:26:34.360+0000] {dag.py:3036} INFO - Sync 1 DAGs
[2025-03-13T10:26:34.378+0000] {logging_mixin.py:188} INFO - [2025-03-13T10:26:34.378+0000] {dag.py:3823} INFO - Setting next_dagrun for 6_2_plagin to 2025-03-12 00:00:00+00:00, run_after=2025-03-13 00:00:00+00:00
[2025-03-13T10:26:34.404+0000] {processor.py:183} INFO - Processing /opt/airflow/dags/6_2_plagin.py took 0.087 seconds
[2025-03-13T10:26:37.927+0000] {processor.py:161} INFO - Started process (PID=5227) to work on /opt/airflow/dags/6_2_plagin.py
[2025-03-13T10:26:37.927+0000] {processor.py:830} INFO - Processing file /opt/airflow/dags/6_2_plagin.py for tasks to queue
[2025-03-13T10:26:37.929+0000] {logging_mixin.py:188} INFO - [2025-03-13T10:26:37.928+0000] {dagbag.py:538} INFO - Filling up the DagBag from /opt/airflow/dags/6_2_plagin.py
[2025-03-13T10:26:37.948+0000] {processor.py:840} INFO - DAG(s) '6_2_plagin' retrieved from /opt/airflow/dags/6_2_plagin.py
[2025-03-13T10:26:37.955+0000] {logging_mixin.py:188} INFO - [2025-03-13T10:26:37.955+0000] {dag.py:3036} INFO - Sync 1 DAGs
[2025-03-13T10:26:37.974+0000] {logging_mixin.py:188} INFO - [2025-03-13T10:26:37.974+0000] {dag.py:3823} INFO - Setting next_dagrun for 6_2_plagin to 2025-03-12 00:00:00+00:00, run_after=2025-03-13 00:00:00+00:00
[2025-03-13T10:26:37.999+0000] {processor.py:183} INFO - Processing /opt/airflow/dags/6_2_plagin.py took 0.075 seconds
[2025-03-13T10:27:09.359+0000] {processor.py:161} INFO - Started process (PID=5280) to work on /opt/airflow/dags/6_2_plagin.py
[2025-03-13T10:27:09.360+0000] {processor.py:830} INFO - Processing file /opt/airflow/dags/6_2_plagin.py for tasks to queue
[2025-03-13T10:27:09.361+0000] {logging_mixin.py:188} INFO - [2025-03-13T10:27:09.361+0000] {dagbag.py:538} INFO - Filling up the DagBag from /opt/airflow/dags/6_2_plagin.py
[2025-03-13T10:27:09.374+0000] {processor.py:840} INFO - DAG(s) '6_2_plagin' retrieved from /opt/airflow/dags/6_2_plagin.py
[2025-03-13T10:27:09.388+0000] {logging_mixin.py:188} INFO - [2025-03-13T10:27:09.388+0000] {dag.py:3036} INFO - Sync 1 DAGs
[2025-03-13T10:27:09.405+0000] {logging_mixin.py:188} INFO - [2025-03-13T10:27:09.405+0000] {dag.py:3823} INFO - Setting next_dagrun for 6_2_plagin to 2025-03-13 00:00:00+00:00, run_after=2025-03-14 00:00:00+00:00
[2025-03-13T10:27:09.430+0000] {processor.py:183} INFO - Processing /opt/airflow/dags/6_2_plagin.py took 0.073 seconds
[2025-03-13T10:27:40.515+0000] {processor.py:161} INFO - Started process (PID=5299) to work on /opt/airflow/dags/6_2_plagin.py
[2025-03-13T10:27:40.516+0000] {processor.py:830} INFO - Processing file /opt/airflow/dags/6_2_plagin.py for tasks to queue
[2025-03-13T10:27:40.517+0000] {logging_mixin.py:188} INFO - [2025-03-13T10:27:40.516+0000] {dagbag.py:538} INFO - Filling up the DagBag from /opt/airflow/dags/6_2_plagin.py
[2025-03-13T10:27:40.532+0000] {processor.py:840} INFO - DAG(s) '6_2_plagin' retrieved from /opt/airflow/dags/6_2_plagin.py
[2025-03-13T10:27:40.550+0000] {logging_mixin.py:188} INFO - [2025-03-13T10:27:40.550+0000] {dag.py:3036} INFO - Sync 1 DAGs
[2025-03-13T10:27:40.568+0000] {logging_mixin.py:188} INFO - [2025-03-13T10:27:40.568+0000] {dag.py:3823} INFO - Setting next_dagrun for 6_2_plagin to 2025-03-13 00:00:00+00:00, run_after=2025-03-14 00:00:00+00:00
[2025-03-13T10:27:40.591+0000] {processor.py:183} INFO - Processing /opt/airflow/dags/6_2_plagin.py took 0.079 seconds
[2025-03-13T10:28:12.097+0000] {processor.py:161} INFO - Started process (PID=5318) to work on /opt/airflow/dags/6_2_plagin.py
[2025-03-13T10:28:12.098+0000] {processor.py:830} INFO - Processing file /opt/airflow/dags/6_2_plagin.py for tasks to queue
[2025-03-13T10:28:12.099+0000] {logging_mixin.py:188} INFO - [2025-03-13T10:28:12.099+0000] {dagbag.py:538} INFO - Filling up the DagBag from /opt/airflow/dags/6_2_plagin.py
[2025-03-13T10:28:12.112+0000] {processor.py:840} INFO - DAG(s) '6_2_plagin' retrieved from /opt/airflow/dags/6_2_plagin.py
[2025-03-13T10:28:12.125+0000] {logging_mixin.py:188} INFO - [2025-03-13T10:28:12.125+0000] {dag.py:3036} INFO - Sync 1 DAGs
[2025-03-13T10:28:12.140+0000] {logging_mixin.py:188} INFO - [2025-03-13T10:28:12.140+0000] {dag.py:3823} INFO - Setting next_dagrun for 6_2_plagin to 2025-03-13 00:00:00+00:00, run_after=2025-03-14 00:00:00+00:00
[2025-03-13T10:28:12.159+0000] {processor.py:183} INFO - Processing /opt/airflow/dags/6_2_plagin.py took 0.064 seconds
[2025-03-13T10:28:43.620+0000] {processor.py:161} INFO - Started process (PID=5337) to work on /opt/airflow/dags/6_2_plagin.py
[2025-03-13T10:28:43.621+0000] {processor.py:830} INFO - Processing file /opt/airflow/dags/6_2_plagin.py for tasks to queue
[2025-03-13T10:28:43.622+0000] {logging_mixin.py:188} INFO - [2025-03-13T10:28:43.622+0000] {dagbag.py:538} INFO - Filling up the DagBag from /opt/airflow/dags/6_2_plagin.py
[2025-03-13T10:28:43.636+0000] {processor.py:840} INFO - DAG(s) '6_2_plagin' retrieved from /opt/airflow/dags/6_2_plagin.py
[2025-03-13T10:28:43.653+0000] {logging_mixin.py:188} INFO - [2025-03-13T10:28:43.653+0000] {dag.py:3036} INFO - Sync 1 DAGs
[2025-03-13T10:28:43.670+0000] {logging_mixin.py:188} INFO - [2025-03-13T10:28:43.670+0000] {dag.py:3823} INFO - Setting next_dagrun for 6_2_plagin to 2025-03-13 00:00:00+00:00, run_after=2025-03-14 00:00:00+00:00
[2025-03-13T10:28:43.694+0000] {processor.py:183} INFO - Processing /opt/airflow/dags/6_2_plagin.py took 0.077 seconds
[2025-03-13T10:29:14.674+0000] {processor.py:161} INFO - Started process (PID=5356) to work on /opt/airflow/dags/6_2_plagin.py
[2025-03-13T10:29:14.674+0000] {processor.py:830} INFO - Processing file /opt/airflow/dags/6_2_plagin.py for tasks to queue
[2025-03-13T10:29:14.675+0000] {logging_mixin.py:188} INFO - [2025-03-13T10:29:14.675+0000] {dagbag.py:538} INFO - Filling up the DagBag from /opt/airflow/dags/6_2_plagin.py
[2025-03-13T10:29:14.687+0000] {processor.py:840} INFO - DAG(s) '6_2_plagin' retrieved from /opt/airflow/dags/6_2_plagin.py
[2025-03-13T10:29:14.701+0000] {logging_mixin.py:188} INFO - [2025-03-13T10:29:14.701+0000] {dag.py:3036} INFO - Sync 1 DAGs
[2025-03-13T10:29:14.716+0000] {logging_mixin.py:188} INFO - [2025-03-13T10:29:14.715+0000] {dag.py:3823} INFO - Setting next_dagrun for 6_2_plagin to 2025-03-13 00:00:00+00:00, run_after=2025-03-14 00:00:00+00:00
[2025-03-13T10:29:14.733+0000] {processor.py:183} INFO - Processing /opt/airflow/dags/6_2_plagin.py took 0.062 seconds
[2025-03-13T10:29:46.267+0000] {processor.py:161} INFO - Started process (PID=5375) to work on /opt/airflow/dags/6_2_plagin.py
[2025-03-13T10:29:46.268+0000] {processor.py:830} INFO - Processing file /opt/airflow/dags/6_2_plagin.py for tasks to queue
[2025-03-13T10:29:46.269+0000] {logging_mixin.py:188} INFO - [2025-03-13T10:29:46.269+0000] {dagbag.py:538} INFO - Filling up the DagBag from /opt/airflow/dags/6_2_plagin.py
[2025-03-13T10:29:46.285+0000] {processor.py:840} INFO - DAG(s) '6_2_plagin' retrieved from /opt/airflow/dags/6_2_plagin.py
[2025-03-13T10:29:46.303+0000] {logging_mixin.py:188} INFO - [2025-03-13T10:29:46.302+0000] {dag.py:3036} INFO - Sync 1 DAGs
[2025-03-13T10:29:46.323+0000] {logging_mixin.py:188} INFO - [2025-03-13T10:29:46.323+0000] {dag.py:3823} INFO - Setting next_dagrun for 6_2_plagin to 2025-03-13 00:00:00+00:00, run_after=2025-03-14 00:00:00+00:00
[2025-03-13T10:29:46.351+0000] {processor.py:183} INFO - Processing /opt/airflow/dags/6_2_plagin.py took 0.086 seconds
[2025-03-13T10:30:17.018+0000] {processor.py:161} INFO - Started process (PID=5394) to work on /opt/airflow/dags/6_2_plagin.py
[2025-03-13T10:30:17.018+0000] {processor.py:830} INFO - Processing file /opt/airflow/dags/6_2_plagin.py for tasks to queue
[2025-03-13T10:30:17.019+0000] {logging_mixin.py:188} INFO - [2025-03-13T10:30:17.019+0000] {dagbag.py:538} INFO - Filling up the DagBag from /opt/airflow/dags/6_2_plagin.py
[2025-03-13T10:30:17.031+0000] {processor.py:840} INFO - DAG(s) '6_2_plagin' retrieved from /opt/airflow/dags/6_2_plagin.py
[2025-03-13T10:30:17.049+0000] {logging_mixin.py:188} INFO - [2025-03-13T10:30:17.048+0000] {dag.py:3036} INFO - Sync 1 DAGs
[2025-03-13T10:30:17.067+0000] {logging_mixin.py:188} INFO - [2025-03-13T10:30:17.067+0000] {dag.py:3823} INFO - Setting next_dagrun for 6_2_plagin to 2025-03-13 00:00:00+00:00, run_after=2025-03-14 00:00:00+00:00
[2025-03-13T10:30:17.085+0000] {processor.py:183} INFO - Processing /opt/airflow/dags/6_2_plagin.py took 0.070 seconds
[2025-03-13T10:30:47.152+0000] {processor.py:161} INFO - Started process (PID=5411) to work on /opt/airflow/dags/6_2_plagin.py
[2025-03-13T10:30:47.153+0000] {processor.py:830} INFO - Processing file /opt/airflow/dags/6_2_plagin.py for tasks to queue
[2025-03-13T10:30:47.154+0000] {logging_mixin.py:188} INFO - [2025-03-13T10:30:47.154+0000] {dagbag.py:538} INFO - Filling up the DagBag from /opt/airflow/dags/6_2_plagin.py
[2025-03-13T10:30:47.173+0000] {processor.py:840} INFO - DAG(s) '6_2_plagin' retrieved from /opt/airflow/dags/6_2_plagin.py
[2025-03-13T10:30:47.194+0000] {logging_mixin.py:188} INFO - [2025-03-13T10:30:47.194+0000] {dag.py:3036} INFO - Sync 1 DAGs
[2025-03-13T10:30:47.214+0000] {logging_mixin.py:188} INFO - [2025-03-13T10:30:47.214+0000] {dag.py:3823} INFO - Setting next_dagrun for 6_2_plagin to 2025-03-13 00:00:00+00:00, run_after=2025-03-14 00:00:00+00:00
[2025-03-13T10:30:47.236+0000] {processor.py:183} INFO - Processing /opt/airflow/dags/6_2_plagin.py took 0.090 seconds
[2025-03-13T10:31:17.506+0000] {processor.py:161} INFO - Started process (PID=5430) to work on /opt/airflow/dags/6_2_plagin.py
[2025-03-13T10:31:17.507+0000] {processor.py:830} INFO - Processing file /opt/airflow/dags/6_2_plagin.py for tasks to queue
[2025-03-13T10:31:17.508+0000] {logging_mixin.py:188} INFO - [2025-03-13T10:31:17.508+0000] {dagbag.py:538} INFO - Filling up the DagBag from /opt/airflow/dags/6_2_plagin.py
[2025-03-13T10:31:17.521+0000] {processor.py:840} INFO - DAG(s) '6_2_plagin' retrieved from /opt/airflow/dags/6_2_plagin.py
[2025-03-13T10:31:17.535+0000] {logging_mixin.py:188} INFO - [2025-03-13T10:31:17.535+0000] {dag.py:3036} INFO - Sync 1 DAGs
[2025-03-13T10:31:17.551+0000] {logging_mixin.py:188} INFO - [2025-03-13T10:31:17.551+0000] {dag.py:3823} INFO - Setting next_dagrun for 6_2_plagin to 2025-03-13 00:00:00+00:00, run_after=2025-03-14 00:00:00+00:00
[2025-03-13T10:31:17.572+0000] {processor.py:183} INFO - Processing /opt/airflow/dags/6_2_plagin.py took 0.068 seconds
[2025-03-13T10:31:49.129+0000] {processor.py:161} INFO - Started process (PID=5450) to work on /opt/airflow/dags/6_2_plagin.py
[2025-03-13T10:31:49.130+0000] {processor.py:830} INFO - Processing file /opt/airflow/dags/6_2_plagin.py for tasks to queue
[2025-03-13T10:31:49.131+0000] {logging_mixin.py:188} INFO - [2025-03-13T10:31:49.131+0000] {dagbag.py:538} INFO - Filling up the DagBag from /opt/airflow/dags/6_2_plagin.py
[2025-03-13T10:31:49.144+0000] {processor.py:840} INFO - DAG(s) '6_2_plagin' retrieved from /opt/airflow/dags/6_2_plagin.py
[2025-03-13T10:31:49.159+0000] {logging_mixin.py:188} INFO - [2025-03-13T10:31:49.159+0000] {dag.py:3036} INFO - Sync 1 DAGs
[2025-03-13T10:31:49.175+0000] {logging_mixin.py:188} INFO - [2025-03-13T10:31:49.175+0000] {dag.py:3823} INFO - Setting next_dagrun for 6_2_plagin to 2025-03-13 00:00:00+00:00, run_after=2025-03-14 00:00:00+00:00
[2025-03-13T10:31:49.194+0000] {processor.py:183} INFO - Processing /opt/airflow/dags/6_2_plagin.py took 0.067 seconds
[2025-03-13T10:32:20.769+0000] {processor.py:161} INFO - Started process (PID=5470) to work on /opt/airflow/dags/6_2_plagin.py
[2025-03-13T10:32:20.771+0000] {processor.py:830} INFO - Processing file /opt/airflow/dags/6_2_plagin.py for tasks to queue
[2025-03-13T10:32:20.772+0000] {logging_mixin.py:188} INFO - [2025-03-13T10:32:20.771+0000] {dagbag.py:538} INFO - Filling up the DagBag from /opt/airflow/dags/6_2_plagin.py
[2025-03-13T10:32:20.786+0000] {processor.py:840} INFO - DAG(s) '6_2_plagin' retrieved from /opt/airflow/dags/6_2_plagin.py
[2025-03-13T10:32:20.802+0000] {logging_mixin.py:188} INFO - [2025-03-13T10:32:20.802+0000] {dag.py:3036} INFO - Sync 1 DAGs
[2025-03-13T10:32:20.820+0000] {logging_mixin.py:188} INFO - [2025-03-13T10:32:20.819+0000] {dag.py:3823} INFO - Setting next_dagrun for 6_2_plagin to 2025-03-13 00:00:00+00:00, run_after=2025-03-14 00:00:00+00:00
[2025-03-13T10:32:20.842+0000] {processor.py:183} INFO - Processing /opt/airflow/dags/6_2_plagin.py took 0.075 seconds
[2025-03-13T10:32:51.676+0000] {processor.py:161} INFO - Started process (PID=5490) to work on /opt/airflow/dags/6_2_plagin.py
[2025-03-13T10:32:51.677+0000] {processor.py:830} INFO - Processing file /opt/airflow/dags/6_2_plagin.py for tasks to queue
[2025-03-13T10:32:51.677+0000] {logging_mixin.py:188} INFO - [2025-03-13T10:32:51.677+0000] {dagbag.py:538} INFO - Filling up the DagBag from /opt/airflow/dags/6_2_plagin.py
[2025-03-13T10:32:51.690+0000] {processor.py:840} INFO - DAG(s) '6_2_plagin' retrieved from /opt/airflow/dags/6_2_plagin.py
[2025-03-13T10:32:51.705+0000] {logging_mixin.py:188} INFO - [2025-03-13T10:32:51.705+0000] {dag.py:3036} INFO - Sync 1 DAGs
[2025-03-13T10:32:51.722+0000] {logging_mixin.py:188} INFO - [2025-03-13T10:32:51.721+0000] {dag.py:3823} INFO - Setting next_dagrun for 6_2_plagin to 2025-03-13 00:00:00+00:00, run_after=2025-03-14 00:00:00+00:00
[2025-03-13T10:32:51.743+0000] {processor.py:183} INFO - Processing /opt/airflow/dags/6_2_plagin.py took 0.070 seconds
[2025-03-13T10:33:22.490+0000] {processor.py:161} INFO - Started process (PID=5510) to work on /opt/airflow/dags/6_2_plagin.py
[2025-03-13T10:33:22.491+0000] {processor.py:830} INFO - Processing file /opt/airflow/dags/6_2_plagin.py for tasks to queue
[2025-03-13T10:33:22.492+0000] {logging_mixin.py:188} INFO - [2025-03-13T10:33:22.492+0000] {dagbag.py:538} INFO - Filling up the DagBag from /opt/airflow/dags/6_2_plagin.py
[2025-03-13T10:33:22.505+0000] {processor.py:840} INFO - DAG(s) '6_2_plagin' retrieved from /opt/airflow/dags/6_2_plagin.py
[2025-03-13T10:33:22.520+0000] {logging_mixin.py:188} INFO - [2025-03-13T10:33:22.520+0000] {dag.py:3036} INFO - Sync 1 DAGs
[2025-03-13T10:33:22.536+0000] {logging_mixin.py:188} INFO - [2025-03-13T10:33:22.536+0000] {dag.py:3823} INFO - Setting next_dagrun for 6_2_plagin to 2025-03-13 00:00:00+00:00, run_after=2025-03-14 00:00:00+00:00
[2025-03-13T10:33:22.555+0000] {processor.py:183} INFO - Processing /opt/airflow/dags/6_2_plagin.py took 0.068 seconds
[2025-03-13T10:33:53.807+0000] {processor.py:161} INFO - Started process (PID=5530) to work on /opt/airflow/dags/6_2_plagin.py
[2025-03-13T10:33:53.808+0000] {processor.py:830} INFO - Processing file /opt/airflow/dags/6_2_plagin.py for tasks to queue
[2025-03-13T10:33:53.809+0000] {logging_mixin.py:188} INFO - [2025-03-13T10:33:53.809+0000] {dagbag.py:538} INFO - Filling up the DagBag from /opt/airflow/dags/6_2_plagin.py
[2025-03-13T10:33:53.821+0000] {processor.py:840} INFO - DAG(s) '6_2_plagin' retrieved from /opt/airflow/dags/6_2_plagin.py
[2025-03-13T10:33:53.836+0000] {logging_mixin.py:188} INFO - [2025-03-13T10:33:53.835+0000] {dag.py:3036} INFO - Sync 1 DAGs
[2025-03-13T10:33:53.851+0000] {logging_mixin.py:188} INFO - [2025-03-13T10:33:53.851+0000] {dag.py:3823} INFO - Setting next_dagrun for 6_2_plagin to 2025-03-13 00:00:00+00:00, run_after=2025-03-14 00:00:00+00:00
[2025-03-13T10:33:53.871+0000] {processor.py:183} INFO - Processing /opt/airflow/dags/6_2_plagin.py took 0.066 seconds
[2025-03-13T10:34:25.304+0000] {processor.py:161} INFO - Started process (PID=5550) to work on /opt/airflow/dags/6_2_plagin.py
[2025-03-13T10:34:25.305+0000] {processor.py:830} INFO - Processing file /opt/airflow/dags/6_2_plagin.py for tasks to queue
[2025-03-13T10:34:25.305+0000] {logging_mixin.py:188} INFO - [2025-03-13T10:34:25.305+0000] {dagbag.py:538} INFO - Filling up the DagBag from /opt/airflow/dags/6_2_plagin.py
[2025-03-13T10:34:25.318+0000] {processor.py:840} INFO - DAG(s) '6_2_plagin' retrieved from /opt/airflow/dags/6_2_plagin.py
[2025-03-13T10:34:25.333+0000] {logging_mixin.py:188} INFO - [2025-03-13T10:34:25.332+0000] {dag.py:3036} INFO - Sync 1 DAGs
[2025-03-13T10:34:25.347+0000] {logging_mixin.py:188} INFO - [2025-03-13T10:34:25.347+0000] {dag.py:3823} INFO - Setting next_dagrun for 6_2_plagin to 2025-03-13 00:00:00+00:00, run_after=2025-03-14 00:00:00+00:00
[2025-03-13T10:34:25.366+0000] {processor.py:183} INFO - Processing /opt/airflow/dags/6_2_plagin.py took 0.064 seconds
[2025-03-13T10:34:56.633+0000] {processor.py:161} INFO - Started process (PID=5570) to work on /opt/airflow/dags/6_2_plagin.py
[2025-03-13T10:34:56.634+0000] {processor.py:830} INFO - Processing file /opt/airflow/dags/6_2_plagin.py for tasks to queue
[2025-03-13T10:34:56.635+0000] {logging_mixin.py:188} INFO - [2025-03-13T10:34:56.634+0000] {dagbag.py:538} INFO - Filling up the DagBag from /opt/airflow/dags/6_2_plagin.py
[2025-03-13T10:34:56.647+0000] {processor.py:840} INFO - DAG(s) '6_2_plagin' retrieved from /opt/airflow/dags/6_2_plagin.py
[2025-03-13T10:34:56.660+0000] {logging_mixin.py:188} INFO - [2025-03-13T10:34:56.660+0000] {dag.py:3036} INFO - Sync 1 DAGs
[2025-03-13T10:34:56.675+0000] {logging_mixin.py:188} INFO - [2025-03-13T10:34:56.675+0000] {dag.py:3823} INFO - Setting next_dagrun for 6_2_plagin to 2025-03-13 00:00:00+00:00, run_after=2025-03-14 00:00:00+00:00
[2025-03-13T10:34:56.693+0000] {processor.py:183} INFO - Processing /opt/airflow/dags/6_2_plagin.py took 0.062 seconds
[2025-03-13T10:35:26.985+0000] {processor.py:161} INFO - Started process (PID=5590) to work on /opt/airflow/dags/6_2_plagin.py
[2025-03-13T10:35:26.986+0000] {processor.py:830} INFO - Processing file /opt/airflow/dags/6_2_plagin.py for tasks to queue
[2025-03-13T10:35:26.987+0000] {logging_mixin.py:188} INFO - [2025-03-13T10:35:26.987+0000] {dagbag.py:538} INFO - Filling up the DagBag from /opt/airflow/dags/6_2_plagin.py
[2025-03-13T10:35:27.003+0000] {processor.py:840} INFO - DAG(s) '6_2_plagin' retrieved from /opt/airflow/dags/6_2_plagin.py
[2025-03-13T10:35:27.023+0000] {logging_mixin.py:188} INFO - [2025-03-13T10:35:27.023+0000] {dag.py:3036} INFO - Sync 1 DAGs
[2025-03-13T10:35:27.042+0000] {logging_mixin.py:188} INFO - [2025-03-13T10:35:27.041+0000] {dag.py:3823} INFO - Setting next_dagrun for 6_2_plagin to 2025-03-13 00:00:00+00:00, run_after=2025-03-14 00:00:00+00:00
[2025-03-13T10:35:27.063+0000] {processor.py:183} INFO - Processing /opt/airflow/dags/6_2_plagin.py took 0.081 seconds
[2025-03-13T10:35:57.400+0000] {processor.py:161} INFO - Started process (PID=5608) to work on /opt/airflow/dags/6_2_plagin.py
[2025-03-13T10:35:57.400+0000] {processor.py:830} INFO - Processing file /opt/airflow/dags/6_2_plagin.py for tasks to queue
[2025-03-13T10:35:57.401+0000] {logging_mixin.py:188} INFO - [2025-03-13T10:35:57.401+0000] {dagbag.py:538} INFO - Filling up the DagBag from /opt/airflow/dags/6_2_plagin.py
[2025-03-13T10:35:57.413+0000] {processor.py:840} INFO - DAG(s) '6_2_plagin' retrieved from /opt/airflow/dags/6_2_plagin.py
[2025-03-13T10:35:57.427+0000] {logging_mixin.py:188} INFO - [2025-03-13T10:35:57.426+0000] {dag.py:3036} INFO - Sync 1 DAGs
[2025-03-13T10:35:57.441+0000] {logging_mixin.py:188} INFO - [2025-03-13T10:35:57.441+0000] {dag.py:3823} INFO - Setting next_dagrun for 6_2_plagin to 2025-03-13 00:00:00+00:00, run_after=2025-03-14 00:00:00+00:00
[2025-03-13T10:35:57.460+0000] {processor.py:183} INFO - Processing /opt/airflow/dags/6_2_plagin.py took 0.062 seconds
[2025-03-13T10:36:27.588+0000] {processor.py:161} INFO - Started process (PID=5628) to work on /opt/airflow/dags/6_2_plagin.py
[2025-03-13T10:36:27.589+0000] {processor.py:830} INFO - Processing file /opt/airflow/dags/6_2_plagin.py for tasks to queue
[2025-03-13T10:36:27.590+0000] {logging_mixin.py:188} INFO - [2025-03-13T10:36:27.589+0000] {dagbag.py:538} INFO - Filling up the DagBag from /opt/airflow/dags/6_2_plagin.py
[2025-03-13T10:36:27.604+0000] {processor.py:840} INFO - DAG(s) '6_2_plagin' retrieved from /opt/airflow/dags/6_2_plagin.py
[2025-03-13T10:36:27.621+0000] {logging_mixin.py:188} INFO - [2025-03-13T10:36:27.621+0000] {dag.py:3036} INFO - Sync 1 DAGs
[2025-03-13T10:36:27.640+0000] {logging_mixin.py:188} INFO - [2025-03-13T10:36:27.640+0000] {dag.py:3823} INFO - Setting next_dagrun for 6_2_plagin to 2025-03-13 00:00:00+00:00, run_after=2025-03-14 00:00:00+00:00
[2025-03-13T10:36:27.663+0000] {processor.py:183} INFO - Processing /opt/airflow/dags/6_2_plagin.py took 0.078 seconds
[2025-03-13T10:36:58.822+0000] {processor.py:161} INFO - Started process (PID=5648) to work on /opt/airflow/dags/6_2_plagin.py
[2025-03-13T10:36:58.822+0000] {processor.py:830} INFO - Processing file /opt/airflow/dags/6_2_plagin.py for tasks to queue
[2025-03-13T10:36:58.823+0000] {logging_mixin.py:188} INFO - [2025-03-13T10:36:58.823+0000] {dagbag.py:538} INFO - Filling up the DagBag from /opt/airflow/dags/6_2_plagin.py
[2025-03-13T10:36:58.836+0000] {processor.py:840} INFO - DAG(s) '6_2_plagin' retrieved from /opt/airflow/dags/6_2_plagin.py
[2025-03-13T10:36:58.850+0000] {logging_mixin.py:188} INFO - [2025-03-13T10:36:58.850+0000] {dag.py:3036} INFO - Sync 1 DAGs
[2025-03-13T10:36:58.865+0000] {logging_mixin.py:188} INFO - [2025-03-13T10:36:58.865+0000] {dag.py:3823} INFO - Setting next_dagrun for 6_2_plagin to 2025-03-13 00:00:00+00:00, run_after=2025-03-14 00:00:00+00:00
[2025-03-13T10:36:58.884+0000] {processor.py:183} INFO - Processing /opt/airflow/dags/6_2_plagin.py took 0.065 seconds
[2025-03-13T10:37:30.133+0000] {processor.py:161} INFO - Started process (PID=5668) to work on /opt/airflow/dags/6_2_plagin.py
[2025-03-13T10:37:30.134+0000] {processor.py:830} INFO - Processing file /opt/airflow/dags/6_2_plagin.py for tasks to queue
[2025-03-13T10:37:30.135+0000] {logging_mixin.py:188} INFO - [2025-03-13T10:37:30.134+0000] {dagbag.py:538} INFO - Filling up the DagBag from /opt/airflow/dags/6_2_plagin.py
[2025-03-13T10:37:30.148+0000] {processor.py:840} INFO - DAG(s) '6_2_plagin' retrieved from /opt/airflow/dags/6_2_plagin.py
[2025-03-13T10:37:30.165+0000] {logging_mixin.py:188} INFO - [2025-03-13T10:37:30.165+0000] {dag.py:3036} INFO - Sync 1 DAGs
[2025-03-13T10:37:30.184+0000] {logging_mixin.py:188} INFO - [2025-03-13T10:37:30.183+0000] {dag.py:3823} INFO - Setting next_dagrun for 6_2_plagin to 2025-03-13 00:00:00+00:00, run_after=2025-03-14 00:00:00+00:00
[2025-03-13T10:37:30.214+0000] {processor.py:183} INFO - Processing /opt/airflow/dags/6_2_plagin.py took 0.084 seconds
[2025-03-13T10:38:01.476+0000] {processor.py:161} INFO - Started process (PID=5688) to work on /opt/airflow/dags/6_2_plagin.py
[2025-03-13T10:38:01.477+0000] {processor.py:830} INFO - Processing file /opt/airflow/dags/6_2_plagin.py for tasks to queue
[2025-03-13T10:38:01.478+0000] {logging_mixin.py:188} INFO - [2025-03-13T10:38:01.477+0000] {dagbag.py:538} INFO - Filling up the DagBag from /opt/airflow/dags/6_2_plagin.py
[2025-03-13T10:38:01.494+0000] {processor.py:840} INFO - DAG(s) '6_2_plagin' retrieved from /opt/airflow/dags/6_2_plagin.py
[2025-03-13T10:38:01.515+0000] {logging_mixin.py:188} INFO - [2025-03-13T10:38:01.515+0000] {dag.py:3036} INFO - Sync 1 DAGs
[2025-03-13T10:38:01.537+0000] {logging_mixin.py:188} INFO - [2025-03-13T10:38:01.537+0000] {dag.py:3823} INFO - Setting next_dagrun for 6_2_plagin to 2025-03-13 00:00:00+00:00, run_after=2025-03-14 00:00:00+00:00
[2025-03-13T10:38:01.560+0000] {processor.py:183} INFO - Processing /opt/airflow/dags/6_2_plagin.py took 0.088 seconds
[2025-03-13T10:38:32.788+0000] {processor.py:161} INFO - Started process (PID=5708) to work on /opt/airflow/dags/6_2_plagin.py
[2025-03-13T10:38:32.789+0000] {processor.py:830} INFO - Processing file /opt/airflow/dags/6_2_plagin.py for tasks to queue
[2025-03-13T10:38:32.790+0000] {logging_mixin.py:188} INFO - [2025-03-13T10:38:32.790+0000] {dagbag.py:538} INFO - Filling up the DagBag from /opt/airflow/dags/6_2_plagin.py
[2025-03-13T10:38:32.803+0000] {processor.py:840} INFO - DAG(s) '6_2_plagin' retrieved from /opt/airflow/dags/6_2_plagin.py
[2025-03-13T10:38:32.818+0000] {logging_mixin.py:188} INFO - [2025-03-13T10:38:32.818+0000] {dag.py:3036} INFO - Sync 1 DAGs
[2025-03-13T10:38:32.834+0000] {logging_mixin.py:188} INFO - [2025-03-13T10:38:32.833+0000] {dag.py:3823} INFO - Setting next_dagrun for 6_2_plagin to 2025-03-13 00:00:00+00:00, run_after=2025-03-14 00:00:00+00:00
[2025-03-13T10:38:32.852+0000] {processor.py:183} INFO - Processing /opt/airflow/dags/6_2_plagin.py took 0.067 seconds
[2025-03-13T10:39:04.016+0000] {processor.py:161} INFO - Started process (PID=5728) to work on /opt/airflow/dags/6_2_plagin.py
[2025-03-13T10:39:04.017+0000] {processor.py:830} INFO - Processing file /opt/airflow/dags/6_2_plagin.py for tasks to queue
[2025-03-13T10:39:04.018+0000] {logging_mixin.py:188} INFO - [2025-03-13T10:39:04.018+0000] {dagbag.py:538} INFO - Filling up the DagBag from /opt/airflow/dags/6_2_plagin.py
[2025-03-13T10:39:04.033+0000] {processor.py:840} INFO - DAG(s) '6_2_plagin' retrieved from /opt/airflow/dags/6_2_plagin.py
[2025-03-13T10:39:04.050+0000] {logging_mixin.py:188} INFO - [2025-03-13T10:39:04.050+0000] {dag.py:3036} INFO - Sync 1 DAGs
[2025-03-13T10:39:04.068+0000] {logging_mixin.py:188} INFO - [2025-03-13T10:39:04.067+0000] {dag.py:3823} INFO - Setting next_dagrun for 6_2_plagin to 2025-03-13 00:00:00+00:00, run_after=2025-03-14 00:00:00+00:00
[2025-03-13T10:39:04.091+0000] {processor.py:183} INFO - Processing /opt/airflow/dags/6_2_plagin.py took 0.077 seconds
[2025-03-13T10:39:35.622+0000] {processor.py:161} INFO - Started process (PID=5748) to work on /opt/airflow/dags/6_2_plagin.py
[2025-03-13T10:39:35.626+0000] {processor.py:830} INFO - Processing file /opt/airflow/dags/6_2_plagin.py for tasks to queue
[2025-03-13T10:39:35.628+0000] {logging_mixin.py:188} INFO - [2025-03-13T10:39:35.627+0000] {dagbag.py:538} INFO - Filling up the DagBag from /opt/airflow/dags/6_2_plagin.py
[2025-03-13T10:39:35.642+0000] {processor.py:840} INFO - DAG(s) '6_2_plagin' retrieved from /opt/airflow/dags/6_2_plagin.py
[2025-03-13T10:39:35.657+0000] {logging_mixin.py:188} INFO - [2025-03-13T10:39:35.657+0000] {dag.py:3036} INFO - Sync 1 DAGs
[2025-03-13T10:39:35.672+0000] {logging_mixin.py:188} INFO - [2025-03-13T10:39:35.672+0000] {dag.py:3823} INFO - Setting next_dagrun for 6_2_plagin to 2025-03-13 00:00:00+00:00, run_after=2025-03-14 00:00:00+00:00
[2025-03-13T10:39:35.695+0000] {processor.py:183} INFO - Processing /opt/airflow/dags/6_2_plagin.py took 0.076 seconds
[2025-03-13T10:40:07.207+0000] {processor.py:161} INFO - Started process (PID=5768) to work on /opt/airflow/dags/6_2_plagin.py
[2025-03-13T10:40:07.208+0000] {processor.py:830} INFO - Processing file /opt/airflow/dags/6_2_plagin.py for tasks to queue
[2025-03-13T10:40:07.209+0000] {logging_mixin.py:188} INFO - [2025-03-13T10:40:07.208+0000] {dagbag.py:538} INFO - Filling up the DagBag from /opt/airflow/dags/6_2_plagin.py
[2025-03-13T10:40:07.221+0000] {processor.py:840} INFO - DAG(s) '6_2_plagin' retrieved from /opt/airflow/dags/6_2_plagin.py
[2025-03-13T10:40:07.236+0000] {logging_mixin.py:188} INFO - [2025-03-13T10:40:07.236+0000] {dag.py:3036} INFO - Sync 1 DAGs
[2025-03-13T10:40:07.251+0000] {logging_mixin.py:188} INFO - [2025-03-13T10:40:07.251+0000] {dag.py:3823} INFO - Setting next_dagrun for 6_2_plagin to 2025-03-13 00:00:00+00:00, run_after=2025-03-14 00:00:00+00:00
[2025-03-13T10:40:07.271+0000] {processor.py:183} INFO - Processing /opt/airflow/dags/6_2_plagin.py took 0.066 seconds
[2025-03-13T10:40:38.661+0000] {processor.py:161} INFO - Started process (PID=5788) to work on /opt/airflow/dags/6_2_plagin.py
[2025-03-13T10:40:38.661+0000] {processor.py:830} INFO - Processing file /opt/airflow/dags/6_2_plagin.py for tasks to queue
[2025-03-13T10:40:38.662+0000] {logging_mixin.py:188} INFO - [2025-03-13T10:40:38.662+0000] {dagbag.py:538} INFO - Filling up the DagBag from /opt/airflow/dags/6_2_plagin.py
[2025-03-13T10:40:38.674+0000] {processor.py:840} INFO - DAG(s) '6_2_plagin' retrieved from /opt/airflow/dags/6_2_plagin.py
[2025-03-13T10:40:38.688+0000] {logging_mixin.py:188} INFO - [2025-03-13T10:40:38.688+0000] {dag.py:3036} INFO - Sync 1 DAGs
[2025-03-13T10:40:38.706+0000] {logging_mixin.py:188} INFO - [2025-03-13T10:40:38.706+0000] {dag.py:3823} INFO - Setting next_dagrun for 6_2_plagin to 2025-03-13 00:00:00+00:00, run_after=2025-03-14 00:00:00+00:00
[2025-03-13T10:40:38.732+0000] {processor.py:183} INFO - Processing /opt/airflow/dags/6_2_plagin.py took 0.074 seconds
[2025-03-13T10:41:09.292+0000] {processor.py:161} INFO - Started process (PID=5808) to work on /opt/airflow/dags/6_2_plagin.py
[2025-03-13T10:41:09.293+0000] {processor.py:830} INFO - Processing file /opt/airflow/dags/6_2_plagin.py for tasks to queue
[2025-03-13T10:41:09.295+0000] {logging_mixin.py:188} INFO - [2025-03-13T10:41:09.294+0000] {dagbag.py:538} INFO - Filling up the DagBag from /opt/airflow/dags/6_2_plagin.py
[2025-03-13T10:41:09.313+0000] {processor.py:840} INFO - DAG(s) '6_2_plagin' retrieved from /opt/airflow/dags/6_2_plagin.py
[2025-03-13T10:41:09.340+0000] {logging_mixin.py:188} INFO - [2025-03-13T10:41:09.339+0000] {dag.py:3036} INFO - Sync 1 DAGs
[2025-03-13T10:41:09.367+0000] {logging_mixin.py:188} INFO - [2025-03-13T10:41:09.366+0000] {dag.py:3823} INFO - Setting next_dagrun for 6_2_plagin to 2025-03-13 00:00:00+00:00, run_after=2025-03-14 00:00:00+00:00
[2025-03-13T10:41:09.396+0000] {processor.py:183} INFO - Processing /opt/airflow/dags/6_2_plagin.py took 0.109 seconds
[2025-03-13T10:41:40.710+0000] {processor.py:161} INFO - Started process (PID=5828) to work on /opt/airflow/dags/6_2_plagin.py
[2025-03-13T10:41:40.711+0000] {processor.py:830} INFO - Processing file /opt/airflow/dags/6_2_plagin.py for tasks to queue
[2025-03-13T10:41:40.712+0000] {logging_mixin.py:188} INFO - [2025-03-13T10:41:40.712+0000] {dagbag.py:538} INFO - Filling up the DagBag from /opt/airflow/dags/6_2_plagin.py
[2025-03-13T10:41:40.730+0000] {processor.py:840} INFO - DAG(s) '6_2_plagin' retrieved from /opt/airflow/dags/6_2_plagin.py
[2025-03-13T10:41:40.751+0000] {logging_mixin.py:188} INFO - [2025-03-13T10:41:40.751+0000] {dag.py:3036} INFO - Sync 1 DAGs
[2025-03-13T10:41:40.770+0000] {logging_mixin.py:188} INFO - [2025-03-13T10:41:40.770+0000] {dag.py:3823} INFO - Setting next_dagrun for 6_2_plagin to 2025-03-13 00:00:00+00:00, run_after=2025-03-14 00:00:00+00:00
[2025-03-13T10:41:40.799+0000] {processor.py:183} INFO - Processing /opt/airflow/dags/6_2_plagin.py took 0.092 seconds
[2025-03-13T10:42:12.055+0000] {processor.py:161} INFO - Started process (PID=5848) to work on /opt/airflow/dags/6_2_plagin.py
[2025-03-13T10:42:12.056+0000] {processor.py:830} INFO - Processing file /opt/airflow/dags/6_2_plagin.py for tasks to queue
[2025-03-13T10:42:12.057+0000] {logging_mixin.py:188} INFO - [2025-03-13T10:42:12.056+0000] {dagbag.py:538} INFO - Filling up the DagBag from /opt/airflow/dags/6_2_plagin.py
[2025-03-13T10:42:12.069+0000] {processor.py:840} INFO - DAG(s) '6_2_plagin' retrieved from /opt/airflow/dags/6_2_plagin.py
[2025-03-13T10:42:12.084+0000] {logging_mixin.py:188} INFO - [2025-03-13T10:42:12.084+0000] {dag.py:3036} INFO - Sync 1 DAGs
[2025-03-13T10:42:12.099+0000] {logging_mixin.py:188} INFO - [2025-03-13T10:42:12.099+0000] {dag.py:3823} INFO - Setting next_dagrun for 6_2_plagin to 2025-03-13 00:00:00+00:00, run_after=2025-03-14 00:00:00+00:00
[2025-03-13T10:42:12.117+0000] {processor.py:183} INFO - Processing /opt/airflow/dags/6_2_plagin.py took 0.065 seconds
[2025-03-13T10:42:43.359+0000] {processor.py:161} INFO - Started process (PID=5868) to work on /opt/airflow/dags/6_2_plagin.py
[2025-03-13T10:42:43.359+0000] {processor.py:830} INFO - Processing file /opt/airflow/dags/6_2_plagin.py for tasks to queue
[2025-03-13T10:42:43.360+0000] {logging_mixin.py:188} INFO - [2025-03-13T10:42:43.360+0000] {dagbag.py:538} INFO - Filling up the DagBag from /opt/airflow/dags/6_2_plagin.py
[2025-03-13T10:42:43.372+0000] {processor.py:840} INFO - DAG(s) '6_2_plagin' retrieved from /opt/airflow/dags/6_2_plagin.py
[2025-03-13T10:42:43.385+0000] {logging_mixin.py:188} INFO - [2025-03-13T10:42:43.385+0000] {dag.py:3036} INFO - Sync 1 DAGs
[2025-03-13T10:42:43.400+0000] {logging_mixin.py:188} INFO - [2025-03-13T10:42:43.400+0000] {dag.py:3823} INFO - Setting next_dagrun for 6_2_plagin to 2025-03-13 00:00:00+00:00, run_after=2025-03-14 00:00:00+00:00
[2025-03-13T10:42:43.417+0000] {processor.py:183} INFO - Processing /opt/airflow/dags/6_2_plagin.py took 0.061 seconds
[2025-03-13T10:43:14.707+0000] {processor.py:161} INFO - Started process (PID=5888) to work on /opt/airflow/dags/6_2_plagin.py
[2025-03-13T10:43:14.708+0000] {processor.py:830} INFO - Processing file /opt/airflow/dags/6_2_plagin.py for tasks to queue
[2025-03-13T10:43:14.709+0000] {logging_mixin.py:188} INFO - [2025-03-13T10:43:14.709+0000] {dagbag.py:538} INFO - Filling up the DagBag from /opt/airflow/dags/6_2_plagin.py
[2025-03-13T10:43:14.723+0000] {processor.py:840} INFO - DAG(s) '6_2_plagin' retrieved from /opt/airflow/dags/6_2_plagin.py
[2025-03-13T10:43:14.737+0000] {logging_mixin.py:188} INFO - [2025-03-13T10:43:14.737+0000] {dag.py:3036} INFO - Sync 1 DAGs
[2025-03-13T10:43:14.752+0000] {logging_mixin.py:188} INFO - [2025-03-13T10:43:14.752+0000] {dag.py:3823} INFO - Setting next_dagrun for 6_2_plagin to 2025-03-13 00:00:00+00:00, run_after=2025-03-14 00:00:00+00:00
[2025-03-13T10:43:14.772+0000] {processor.py:183} INFO - Processing /opt/airflow/dags/6_2_plagin.py took 0.068 seconds
[2025-03-13T10:43:46.454+0000] {processor.py:161} INFO - Started process (PID=5908) to work on /opt/airflow/dags/6_2_plagin.py
[2025-03-13T10:43:46.455+0000] {processor.py:830} INFO - Processing file /opt/airflow/dags/6_2_plagin.py for tasks to queue
[2025-03-13T10:43:46.457+0000] {logging_mixin.py:188} INFO - [2025-03-13T10:43:46.456+0000] {dagbag.py:538} INFO - Filling up the DagBag from /opt/airflow/dags/6_2_plagin.py
[2025-03-13T10:43:46.473+0000] {processor.py:840} INFO - DAG(s) '6_2_plagin' retrieved from /opt/airflow/dags/6_2_plagin.py
[2025-03-13T10:43:46.493+0000] {logging_mixin.py:188} INFO - [2025-03-13T10:43:46.493+0000] {dag.py:3036} INFO - Sync 1 DAGs
[2025-03-13T10:43:46.516+0000] {logging_mixin.py:188} INFO - [2025-03-13T10:43:46.515+0000] {dag.py:3823} INFO - Setting next_dagrun for 6_2_plagin to 2025-03-13 00:00:00+00:00, run_after=2025-03-14 00:00:00+00:00
[2025-03-13T10:43:46.549+0000] {processor.py:183} INFO - Processing /opt/airflow/dags/6_2_plagin.py took 0.099 seconds
[2025-03-13T10:44:18.101+0000] {processor.py:161} INFO - Started process (PID=5928) to work on /opt/airflow/dags/6_2_plagin.py
[2025-03-13T10:44:18.102+0000] {processor.py:830} INFO - Processing file /opt/airflow/dags/6_2_plagin.py for tasks to queue
[2025-03-13T10:44:18.103+0000] {logging_mixin.py:188} INFO - [2025-03-13T10:44:18.103+0000] {dagbag.py:538} INFO - Filling up the DagBag from /opt/airflow/dags/6_2_plagin.py
[2025-03-13T10:44:18.117+0000] {processor.py:840} INFO - DAG(s) '6_2_plagin' retrieved from /opt/airflow/dags/6_2_plagin.py
[2025-03-13T10:44:18.136+0000] {logging_mixin.py:188} INFO - [2025-03-13T10:44:18.135+0000] {dag.py:3036} INFO - Sync 1 DAGs
[2025-03-13T10:44:18.157+0000] {logging_mixin.py:188} INFO - [2025-03-13T10:44:18.157+0000] {dag.py:3823} INFO - Setting next_dagrun for 6_2_plagin to 2025-03-13 00:00:00+00:00, run_after=2025-03-14 00:00:00+00:00
[2025-03-13T10:44:18.176+0000] {processor.py:183} INFO - Processing /opt/airflow/dags/6_2_plagin.py took 0.078 seconds
[2025-03-13T10:44:49.420+0000] {processor.py:161} INFO - Started process (PID=5948) to work on /opt/airflow/dags/6_2_plagin.py
[2025-03-13T10:44:49.421+0000] {processor.py:830} INFO - Processing file /opt/airflow/dags/6_2_plagin.py for tasks to queue
[2025-03-13T10:44:49.422+0000] {logging_mixin.py:188} INFO - [2025-03-13T10:44:49.422+0000] {dagbag.py:538} INFO - Filling up the DagBag from /opt/airflow/dags/6_2_plagin.py
[2025-03-13T10:44:49.436+0000] {processor.py:840} INFO - DAG(s) '6_2_plagin' retrieved from /opt/airflow/dags/6_2_plagin.py
[2025-03-13T10:44:49.453+0000] {logging_mixin.py:188} INFO - [2025-03-13T10:44:49.453+0000] {dag.py:3036} INFO - Sync 1 DAGs
[2025-03-13T10:44:49.469+0000] {logging_mixin.py:188} INFO - [2025-03-13T10:44:49.469+0000] {dag.py:3823} INFO - Setting next_dagrun for 6_2_plagin to 2025-03-13 00:00:00+00:00, run_after=2025-03-14 00:00:00+00:00
[2025-03-13T10:44:49.493+0000] {processor.py:183} INFO - Processing /opt/airflow/dags/6_2_plagin.py took 0.077 seconds
[2025-03-13T10:45:20.780+0000] {processor.py:161} INFO - Started process (PID=5968) to work on /opt/airflow/dags/6_2_plagin.py
[2025-03-13T10:45:20.781+0000] {processor.py:830} INFO - Processing file /opt/airflow/dags/6_2_plagin.py for tasks to queue
[2025-03-13T10:45:20.782+0000] {logging_mixin.py:188} INFO - [2025-03-13T10:45:20.781+0000] {dagbag.py:538} INFO - Filling up the DagBag from /opt/airflow/dags/6_2_plagin.py
[2025-03-13T10:45:20.796+0000] {processor.py:840} INFO - DAG(s) '6_2_plagin' retrieved from /opt/airflow/dags/6_2_plagin.py
[2025-03-13T10:45:20.811+0000] {logging_mixin.py:188} INFO - [2025-03-13T10:45:20.811+0000] {dag.py:3036} INFO - Sync 1 DAGs
[2025-03-13T10:45:20.829+0000] {logging_mixin.py:188} INFO - [2025-03-13T10:45:20.829+0000] {dag.py:3823} INFO - Setting next_dagrun for 6_2_plagin to 2025-03-13 00:00:00+00:00, run_after=2025-03-14 00:00:00+00:00
[2025-03-13T10:45:20.853+0000] {processor.py:183} INFO - Processing /opt/airflow/dags/6_2_plagin.py took 0.076 seconds
[2025-03-13T10:45:52.060+0000] {processor.py:161} INFO - Started process (PID=5988) to work on /opt/airflow/dags/6_2_plagin.py
[2025-03-13T10:45:52.062+0000] {processor.py:830} INFO - Processing file /opt/airflow/dags/6_2_plagin.py for tasks to queue
[2025-03-13T10:45:52.063+0000] {logging_mixin.py:188} INFO - [2025-03-13T10:45:52.062+0000] {dagbag.py:538} INFO - Filling up the DagBag from /opt/airflow/dags/6_2_plagin.py
[2025-03-13T10:45:52.077+0000] {processor.py:840} INFO - DAG(s) '6_2_plagin' retrieved from /opt/airflow/dags/6_2_plagin.py
[2025-03-13T10:45:52.092+0000] {logging_mixin.py:188} INFO - [2025-03-13T10:45:52.092+0000] {dag.py:3036} INFO - Sync 1 DAGs
[2025-03-13T10:45:52.109+0000] {logging_mixin.py:188} INFO - [2025-03-13T10:45:52.108+0000] {dag.py:3823} INFO - Setting next_dagrun for 6_2_plagin to 2025-03-13 00:00:00+00:00, run_after=2025-03-14 00:00:00+00:00
[2025-03-13T10:45:52.130+0000] {processor.py:183} INFO - Processing /opt/airflow/dags/6_2_plagin.py took 0.073 seconds
[2025-03-13T10:46:23.416+0000] {processor.py:161} INFO - Started process (PID=6008) to work on /opt/airflow/dags/6_2_plagin.py
[2025-03-13T10:46:23.417+0000] {processor.py:830} INFO - Processing file /opt/airflow/dags/6_2_plagin.py for tasks to queue
[2025-03-13T10:46:23.418+0000] {logging_mixin.py:188} INFO - [2025-03-13T10:46:23.417+0000] {dagbag.py:538} INFO - Filling up the DagBag from /opt/airflow/dags/6_2_plagin.py
[2025-03-13T10:46:23.430+0000] {processor.py:840} INFO - DAG(s) '6_2_plagin' retrieved from /opt/airflow/dags/6_2_plagin.py
[2025-03-13T10:46:23.444+0000] {logging_mixin.py:188} INFO - [2025-03-13T10:46:23.444+0000] {dag.py:3036} INFO - Sync 1 DAGs
[2025-03-13T10:46:23.460+0000] {logging_mixin.py:188} INFO - [2025-03-13T10:46:23.460+0000] {dag.py:3823} INFO - Setting next_dagrun for 6_2_plagin to 2025-03-13 00:00:00+00:00, run_after=2025-03-14 00:00:00+00:00
[2025-03-13T10:46:23.479+0000] {processor.py:183} INFO - Processing /opt/airflow/dags/6_2_plagin.py took 0.066 seconds
[2025-03-13T10:46:54.776+0000] {processor.py:161} INFO - Started process (PID=6028) to work on /opt/airflow/dags/6_2_plagin.py
[2025-03-13T10:46:54.777+0000] {processor.py:830} INFO - Processing file /opt/airflow/dags/6_2_plagin.py for tasks to queue
[2025-03-13T10:46:54.778+0000] {logging_mixin.py:188} INFO - [2025-03-13T10:46:54.778+0000] {dagbag.py:538} INFO - Filling up the DagBag from /opt/airflow/dags/6_2_plagin.py
[2025-03-13T10:46:54.792+0000] {processor.py:840} INFO - DAG(s) '6_2_plagin' retrieved from /opt/airflow/dags/6_2_plagin.py
[2025-03-13T10:46:54.808+0000] {logging_mixin.py:188} INFO - [2025-03-13T10:46:54.808+0000] {dag.py:3036} INFO - Sync 1 DAGs
[2025-03-13T10:46:54.826+0000] {logging_mixin.py:188} INFO - [2025-03-13T10:46:54.826+0000] {dag.py:3823} INFO - Setting next_dagrun for 6_2_plagin to 2025-03-13 00:00:00+00:00, run_after=2025-03-14 00:00:00+00:00
[2025-03-13T10:46:54.850+0000] {processor.py:183} INFO - Processing /opt/airflow/dags/6_2_plagin.py took 0.076 seconds
[2025-03-13T10:47:26.129+0000] {processor.py:161} INFO - Started process (PID=6048) to work on /opt/airflow/dags/6_2_plagin.py
[2025-03-13T10:47:26.130+0000] {processor.py:830} INFO - Processing file /opt/airflow/dags/6_2_plagin.py for tasks to queue
[2025-03-13T10:47:26.132+0000] {logging_mixin.py:188} INFO - [2025-03-13T10:47:26.131+0000] {dagbag.py:538} INFO - Filling up the DagBag from /opt/airflow/dags/6_2_plagin.py
[2025-03-13T10:47:26.149+0000] {processor.py:840} INFO - DAG(s) '6_2_plagin' retrieved from /opt/airflow/dags/6_2_plagin.py
[2025-03-13T10:47:26.167+0000] {logging_mixin.py:188} INFO - [2025-03-13T10:47:26.167+0000] {dag.py:3036} INFO - Sync 1 DAGs
[2025-03-13T10:47:26.185+0000] {logging_mixin.py:188} INFO - [2025-03-13T10:47:26.185+0000] {dag.py:3823} INFO - Setting next_dagrun for 6_2_plagin to 2025-03-13 00:00:00+00:00, run_after=2025-03-14 00:00:00+00:00
[2025-03-13T10:47:26.208+0000] {processor.py:183} INFO - Processing /opt/airflow/dags/6_2_plagin.py took 0.082 seconds
[2025-03-13T10:47:57.582+0000] {processor.py:161} INFO - Started process (PID=6068) to work on /opt/airflow/dags/6_2_plagin.py
[2025-03-13T10:47:57.583+0000] {processor.py:830} INFO - Processing file /opt/airflow/dags/6_2_plagin.py for tasks to queue
[2025-03-13T10:47:57.584+0000] {logging_mixin.py:188} INFO - [2025-03-13T10:47:57.583+0000] {dagbag.py:538} INFO - Filling up the DagBag from /opt/airflow/dags/6_2_plagin.py
[2025-03-13T10:47:57.599+0000] {processor.py:840} INFO - DAG(s) '6_2_plagin' retrieved from /opt/airflow/dags/6_2_plagin.py
[2025-03-13T10:47:57.614+0000] {logging_mixin.py:188} INFO - [2025-03-13T10:47:57.613+0000] {dag.py:3036} INFO - Sync 1 DAGs
[2025-03-13T10:47:57.629+0000] {logging_mixin.py:188} INFO - [2025-03-13T10:47:57.629+0000] {dag.py:3823} INFO - Setting next_dagrun for 6_2_plagin to 2025-03-13 00:00:00+00:00, run_after=2025-03-14 00:00:00+00:00
[2025-03-13T10:47:57.651+0000] {processor.py:183} INFO - Processing /opt/airflow/dags/6_2_plagin.py took 0.072 seconds
[2025-03-13T10:48:29.087+0000] {processor.py:161} INFO - Started process (PID=6088) to work on /opt/airflow/dags/6_2_plagin.py
[2025-03-13T10:48:29.089+0000] {processor.py:830} INFO - Processing file /opt/airflow/dags/6_2_plagin.py for tasks to queue
[2025-03-13T10:48:29.090+0000] {logging_mixin.py:188} INFO - [2025-03-13T10:48:29.090+0000] {dagbag.py:538} INFO - Filling up the DagBag from /opt/airflow/dags/6_2_plagin.py
[2025-03-13T10:48:29.109+0000] {processor.py:840} INFO - DAG(s) '6_2_plagin' retrieved from /opt/airflow/dags/6_2_plagin.py
[2025-03-13T10:48:29.135+0000] {logging_mixin.py:188} INFO - [2025-03-13T10:48:29.134+0000] {dag.py:3036} INFO - Sync 1 DAGs
[2025-03-13T10:48:29.156+0000] {logging_mixin.py:188} INFO - [2025-03-13T10:48:29.156+0000] {dag.py:3823} INFO - Setting next_dagrun for 6_2_plagin to 2025-03-13 00:00:00+00:00, run_after=2025-03-14 00:00:00+00:00
[2025-03-13T10:48:29.182+0000] {processor.py:183} INFO - Processing /opt/airflow/dags/6_2_plagin.py took 0.098 seconds
[2025-03-13T10:49:00.530+0000] {processor.py:161} INFO - Started process (PID=6108) to work on /opt/airflow/dags/6_2_plagin.py
[2025-03-13T10:49:00.530+0000] {processor.py:830} INFO - Processing file /opt/airflow/dags/6_2_plagin.py for tasks to queue
[2025-03-13T10:49:00.532+0000] {logging_mixin.py:188} INFO - [2025-03-13T10:49:00.531+0000] {dagbag.py:538} INFO - Filling up the DagBag from /opt/airflow/dags/6_2_plagin.py
[2025-03-13T10:49:00.544+0000] {processor.py:840} INFO - DAG(s) '6_2_plagin' retrieved from /opt/airflow/dags/6_2_plagin.py
[2025-03-13T10:49:00.559+0000] {logging_mixin.py:188} INFO - [2025-03-13T10:49:00.559+0000] {dag.py:3036} INFO - Sync 1 DAGs
[2025-03-13T10:49:00.576+0000] {logging_mixin.py:188} INFO - [2025-03-13T10:49:00.575+0000] {dag.py:3823} INFO - Setting next_dagrun for 6_2_plagin to 2025-03-13 00:00:00+00:00, run_after=2025-03-14 00:00:00+00:00
[2025-03-13T10:49:00.596+0000] {processor.py:183} INFO - Processing /opt/airflow/dags/6_2_plagin.py took 0.069 seconds
[2025-03-13T10:49:32.949+0000] {processor.py:161} INFO - Started process (PID=6129) to work on /opt/airflow/dags/6_2_plagin.py
[2025-03-13T10:49:32.950+0000] {processor.py:830} INFO - Processing file /opt/airflow/dags/6_2_plagin.py for tasks to queue
[2025-03-13T10:49:32.950+0000] {logging_mixin.py:188} INFO - [2025-03-13T10:49:32.950+0000] {dagbag.py:538} INFO - Filling up the DagBag from /opt/airflow/dags/6_2_plagin.py
[2025-03-13T10:49:32.964+0000] {processor.py:840} INFO - DAG(s) '6_2_plagin' retrieved from /opt/airflow/dags/6_2_plagin.py
[2025-03-13T10:49:32.978+0000] {logging_mixin.py:188} INFO - [2025-03-13T10:49:32.978+0000] {dag.py:3036} INFO - Sync 1 DAGs
[2025-03-13T10:49:32.996+0000] {logging_mixin.py:188} INFO - [2025-03-13T10:49:32.995+0000] {dag.py:3823} INFO - Setting next_dagrun for 6_2_plagin to 2025-03-13 00:00:00+00:00, run_after=2025-03-14 00:00:00+00:00
[2025-03-13T10:49:33.018+0000] {processor.py:183} INFO - Processing /opt/airflow/dags/6_2_plagin.py took 0.072 seconds
[2025-03-13T10:50:03.770+0000] {processor.py:161} INFO - Started process (PID=6149) to work on /opt/airflow/dags/6_2_plagin.py
[2025-03-13T10:50:03.771+0000] {processor.py:830} INFO - Processing file /opt/airflow/dags/6_2_plagin.py for tasks to queue
[2025-03-13T10:50:03.772+0000] {logging_mixin.py:188} INFO - [2025-03-13T10:50:03.772+0000] {dagbag.py:538} INFO - Filling up the DagBag from /opt/airflow/dags/6_2_plagin.py
[2025-03-13T10:50:03.790+0000] {processor.py:840} INFO - DAG(s) '6_2_plagin' retrieved from /opt/airflow/dags/6_2_plagin.py
[2025-03-13T10:50:03.813+0000] {logging_mixin.py:188} INFO - [2025-03-13T10:50:03.812+0000] {dag.py:3036} INFO - Sync 1 DAGs
[2025-03-13T10:50:03.839+0000] {logging_mixin.py:188} INFO - [2025-03-13T10:50:03.839+0000] {dag.py:3823} INFO - Setting next_dagrun for 6_2_plagin to 2025-03-13 00:00:00+00:00, run_after=2025-03-14 00:00:00+00:00
[2025-03-13T10:50:03.861+0000] {processor.py:183} INFO - Processing /opt/airflow/dags/6_2_plagin.py took 0.093 seconds
[2025-03-13T10:50:35.239+0000] {processor.py:161} INFO - Started process (PID=6169) to work on /opt/airflow/dags/6_2_plagin.py
[2025-03-13T10:50:35.240+0000] {processor.py:830} INFO - Processing file /opt/airflow/dags/6_2_plagin.py for tasks to queue
[2025-03-13T10:50:35.241+0000] {logging_mixin.py:188} INFO - [2025-03-13T10:50:35.241+0000] {dagbag.py:538} INFO - Filling up the DagBag from /opt/airflow/dags/6_2_plagin.py
[2025-03-13T10:50:35.256+0000] {processor.py:840} INFO - DAG(s) '6_2_plagin' retrieved from /opt/airflow/dags/6_2_plagin.py
[2025-03-13T10:50:35.275+0000] {logging_mixin.py:188} INFO - [2025-03-13T10:50:35.274+0000] {dag.py:3036} INFO - Sync 1 DAGs
[2025-03-13T10:50:35.291+0000] {logging_mixin.py:188} INFO - [2025-03-13T10:50:35.291+0000] {dag.py:3823} INFO - Setting next_dagrun for 6_2_plagin to 2025-03-13 00:00:00+00:00, run_after=2025-03-14 00:00:00+00:00
[2025-03-13T10:50:35.315+0000] {processor.py:183} INFO - Processing /opt/airflow/dags/6_2_plagin.py took 0.079 seconds
[2025-03-13T10:51:06.504+0000] {processor.py:161} INFO - Started process (PID=6189) to work on /opt/airflow/dags/6_2_plagin.py
[2025-03-13T10:51:06.505+0000] {processor.py:830} INFO - Processing file /opt/airflow/dags/6_2_plagin.py for tasks to queue
[2025-03-13T10:51:06.506+0000] {logging_mixin.py:188} INFO - [2025-03-13T10:51:06.505+0000] {dagbag.py:538} INFO - Filling up the DagBag from /opt/airflow/dags/6_2_plagin.py
[2025-03-13T10:51:06.522+0000] {processor.py:840} INFO - DAG(s) '6_2_plagin' retrieved from /opt/airflow/dags/6_2_plagin.py
[2025-03-13T10:51:06.539+0000] {logging_mixin.py:188} INFO - [2025-03-13T10:51:06.538+0000] {dag.py:3036} INFO - Sync 1 DAGs
[2025-03-13T10:51:06.555+0000] {logging_mixin.py:188} INFO - [2025-03-13T10:51:06.554+0000] {dag.py:3823} INFO - Setting next_dagrun for 6_2_plagin to 2025-03-13 00:00:00+00:00, run_after=2025-03-14 00:00:00+00:00
[2025-03-13T10:51:06.574+0000] {processor.py:183} INFO - Processing /opt/airflow/dags/6_2_plagin.py took 0.074 seconds
[2025-03-13T10:51:37.069+0000] {processor.py:161} INFO - Started process (PID=6209) to work on /opt/airflow/dags/6_2_plagin.py
[2025-03-13T10:51:37.071+0000] {processor.py:830} INFO - Processing file /opt/airflow/dags/6_2_plagin.py for tasks to queue
[2025-03-13T10:51:37.072+0000] {logging_mixin.py:188} INFO - [2025-03-13T10:51:37.071+0000] {dagbag.py:538} INFO - Filling up the DagBag from /opt/airflow/dags/6_2_plagin.py
[2025-03-13T10:51:37.088+0000] {processor.py:840} INFO - DAG(s) '6_2_plagin' retrieved from /opt/airflow/dags/6_2_plagin.py
[2025-03-13T10:51:37.105+0000] {logging_mixin.py:188} INFO - [2025-03-13T10:51:37.105+0000] {dag.py:3036} INFO - Sync 1 DAGs
[2025-03-13T10:51:37.123+0000] {logging_mixin.py:188} INFO - [2025-03-13T10:51:37.123+0000] {dag.py:3823} INFO - Setting next_dagrun for 6_2_plagin to 2025-03-13 00:00:00+00:00, run_after=2025-03-14 00:00:00+00:00
[2025-03-13T10:51:37.143+0000] {processor.py:183} INFO - Processing /opt/airflow/dags/6_2_plagin.py took 0.078 seconds
[2025-03-13T10:52:08.790+0000] {processor.py:161} INFO - Started process (PID=6229) to work on /opt/airflow/dags/6_2_plagin.py
[2025-03-13T10:52:08.791+0000] {processor.py:830} INFO - Processing file /opt/airflow/dags/6_2_plagin.py for tasks to queue
[2025-03-13T10:52:08.792+0000] {logging_mixin.py:188} INFO - [2025-03-13T10:52:08.791+0000] {dagbag.py:538} INFO - Filling up the DagBag from /opt/airflow/dags/6_2_plagin.py
[2025-03-13T10:52:08.817+0000] {processor.py:840} INFO - DAG(s) '6_2_plagin' retrieved from /opt/airflow/dags/6_2_plagin.py
[2025-03-13T10:52:08.836+0000] {logging_mixin.py:188} INFO - [2025-03-13T10:52:08.835+0000] {dag.py:3036} INFO - Sync 1 DAGs
[2025-03-13T10:52:08.853+0000] {logging_mixin.py:188} INFO - [2025-03-13T10:52:08.853+0000] {dag.py:3823} INFO - Setting next_dagrun for 6_2_plagin to 2025-03-13 00:00:00+00:00, run_after=2025-03-14 00:00:00+00:00
[2025-03-13T10:52:08.872+0000] {processor.py:183} INFO - Processing /opt/airflow/dags/6_2_plagin.py took 0.084 seconds
[2025-03-13T10:52:40.848+0000] {processor.py:161} INFO - Started process (PID=6249) to work on /opt/airflow/dags/6_2_plagin.py
[2025-03-13T10:52:40.849+0000] {processor.py:830} INFO - Processing file /opt/airflow/dags/6_2_plagin.py for tasks to queue
[2025-03-13T10:52:40.850+0000] {logging_mixin.py:188} INFO - [2025-03-13T10:52:40.850+0000] {dagbag.py:538} INFO - Filling up the DagBag from /opt/airflow/dags/6_2_plagin.py
[2025-03-13T10:52:40.867+0000] {processor.py:840} INFO - DAG(s) '6_2_plagin' retrieved from /opt/airflow/dags/6_2_plagin.py
[2025-03-13T10:52:40.884+0000] {logging_mixin.py:188} INFO - [2025-03-13T10:52:40.884+0000] {dag.py:3036} INFO - Sync 1 DAGs
[2025-03-13T10:52:40.904+0000] {logging_mixin.py:188} INFO - [2025-03-13T10:52:40.904+0000] {dag.py:3823} INFO - Setting next_dagrun for 6_2_plagin to 2025-03-13 00:00:00+00:00, run_after=2025-03-14 00:00:00+00:00
[2025-03-13T10:52:40.928+0000] {processor.py:183} INFO - Processing /opt/airflow/dags/6_2_plagin.py took 0.085 seconds
[2025-03-13T10:53:11.737+0000] {processor.py:161} INFO - Started process (PID=6269) to work on /opt/airflow/dags/6_2_plagin.py
[2025-03-13T10:53:11.738+0000] {processor.py:830} INFO - Processing file /opt/airflow/dags/6_2_plagin.py for tasks to queue
[2025-03-13T10:53:11.739+0000] {logging_mixin.py:188} INFO - [2025-03-13T10:53:11.738+0000] {dagbag.py:538} INFO - Filling up the DagBag from /opt/airflow/dags/6_2_plagin.py
[2025-03-13T10:53:11.753+0000] {processor.py:840} INFO - DAG(s) '6_2_plagin' retrieved from /opt/airflow/dags/6_2_plagin.py
[2025-03-13T10:53:11.768+0000] {logging_mixin.py:188} INFO - [2025-03-13T10:53:11.768+0000] {dag.py:3036} INFO - Sync 1 DAGs
[2025-03-13T10:53:11.787+0000] {logging_mixin.py:188} INFO - [2025-03-13T10:53:11.787+0000] {dag.py:3823} INFO - Setting next_dagrun for 6_2_plagin to 2025-03-13 00:00:00+00:00, run_after=2025-03-14 00:00:00+00:00
[2025-03-13T10:53:11.830+0000] {processor.py:183} INFO - Processing /opt/airflow/dags/6_2_plagin.py took 0.095 seconds
[2025-03-13T10:53:42.952+0000] {processor.py:161} INFO - Started process (PID=6289) to work on /opt/airflow/dags/6_2_plagin.py
[2025-03-13T10:53:42.953+0000] {processor.py:830} INFO - Processing file /opt/airflow/dags/6_2_plagin.py for tasks to queue
[2025-03-13T10:53:42.954+0000] {logging_mixin.py:188} INFO - [2025-03-13T10:53:42.954+0000] {dagbag.py:538} INFO - Filling up the DagBag from /opt/airflow/dags/6_2_plagin.py
[2025-03-13T10:53:42.967+0000] {processor.py:840} INFO - DAG(s) '6_2_plagin' retrieved from /opt/airflow/dags/6_2_plagin.py
[2025-03-13T10:53:42.981+0000] {logging_mixin.py:188} INFO - [2025-03-13T10:53:42.981+0000] {dag.py:3036} INFO - Sync 1 DAGs
[2025-03-13T10:53:42.996+0000] {logging_mixin.py:188} INFO - [2025-03-13T10:53:42.996+0000] {dag.py:3823} INFO - Setting next_dagrun for 6_2_plagin to 2025-03-13 00:00:00+00:00, run_after=2025-03-14 00:00:00+00:00
[2025-03-13T10:53:43.017+0000] {processor.py:183} INFO - Processing /opt/airflow/dags/6_2_plagin.py took 0.068 seconds
[2025-03-13T10:54:14.217+0000] {processor.py:161} INFO - Started process (PID=6309) to work on /opt/airflow/dags/6_2_plagin.py
[2025-03-13T10:54:14.219+0000] {processor.py:830} INFO - Processing file /opt/airflow/dags/6_2_plagin.py for tasks to queue
[2025-03-13T10:54:14.220+0000] {logging_mixin.py:188} INFO - [2025-03-13T10:54:14.220+0000] {dagbag.py:538} INFO - Filling up the DagBag from /opt/airflow/dags/6_2_plagin.py
[2025-03-13T10:54:14.242+0000] {processor.py:840} INFO - DAG(s) '6_2_plagin' retrieved from /opt/airflow/dags/6_2_plagin.py
[2025-03-13T10:54:14.271+0000] {logging_mixin.py:188} INFO - [2025-03-13T10:54:14.270+0000] {dag.py:3036} INFO - Sync 1 DAGs
[2025-03-13T10:54:14.289+0000] {logging_mixin.py:188} INFO - [2025-03-13T10:54:14.289+0000] {dag.py:3823} INFO - Setting next_dagrun for 6_2_plagin to 2025-03-13 00:00:00+00:00, run_after=2025-03-14 00:00:00+00:00
[2025-03-13T10:54:14.310+0000] {processor.py:183} INFO - Processing /opt/airflow/dags/6_2_plagin.py took 0.098 seconds
[2025-03-13T10:54:44.528+0000] {processor.py:161} INFO - Started process (PID=6329) to work on /opt/airflow/dags/6_2_plagin.py
[2025-03-13T10:54:44.530+0000] {processor.py:830} INFO - Processing file /opt/airflow/dags/6_2_plagin.py for tasks to queue
[2025-03-13T10:54:44.533+0000] {logging_mixin.py:188} INFO - [2025-03-13T10:54:44.532+0000] {dagbag.py:538} INFO - Filling up the DagBag from /opt/airflow/dags/6_2_plagin.py
[2025-03-13T10:54:44.555+0000] {processor.py:840} INFO - DAG(s) '6_2_plagin' retrieved from /opt/airflow/dags/6_2_plagin.py
[2025-03-13T10:54:44.583+0000] {logging_mixin.py:188} INFO - [2025-03-13T10:54:44.583+0000] {dag.py:3036} INFO - Sync 1 DAGs
[2025-03-13T10:54:44.615+0000] {logging_mixin.py:188} INFO - [2025-03-13T10:54:44.615+0000] {dag.py:3823} INFO - Setting next_dagrun for 6_2_plagin to 2025-03-13 00:00:00+00:00, run_after=2025-03-14 00:00:00+00:00
[2025-03-13T10:54:44.651+0000] {processor.py:183} INFO - Processing /opt/airflow/dags/6_2_plagin.py took 0.129 seconds
[2025-03-13T10:55:15.621+0000] {processor.py:161} INFO - Started process (PID=6349) to work on /opt/airflow/dags/6_2_plagin.py
[2025-03-13T10:55:15.622+0000] {processor.py:830} INFO - Processing file /opt/airflow/dags/6_2_plagin.py for tasks to queue
[2025-03-13T10:55:15.623+0000] {logging_mixin.py:188} INFO - [2025-03-13T10:55:15.622+0000] {dagbag.py:538} INFO - Filling up the DagBag from /opt/airflow/dags/6_2_plagin.py
[2025-03-13T10:55:15.635+0000] {processor.py:840} INFO - DAG(s) '6_2_plagin' retrieved from /opt/airflow/dags/6_2_plagin.py
[2025-03-13T10:55:15.648+0000] {logging_mixin.py:188} INFO - [2025-03-13T10:55:15.648+0000] {dag.py:3036} INFO - Sync 1 DAGs
[2025-03-13T10:55:15.662+0000] {logging_mixin.py:188} INFO - [2025-03-13T10:55:15.662+0000] {dag.py:3823} INFO - Setting next_dagrun for 6_2_plagin to 2025-03-13 00:00:00+00:00, run_after=2025-03-14 00:00:00+00:00
[2025-03-13T10:55:15.680+0000] {processor.py:183} INFO - Processing /opt/airflow/dags/6_2_plagin.py took 0.061 seconds
[2025-03-13T10:55:46.852+0000] {processor.py:161} INFO - Started process (PID=6369) to work on /opt/airflow/dags/6_2_plagin.py
[2025-03-13T10:55:46.853+0000] {processor.py:830} INFO - Processing file /opt/airflow/dags/6_2_plagin.py for tasks to queue
[2025-03-13T10:55:46.855+0000] {logging_mixin.py:188} INFO - [2025-03-13T10:55:46.855+0000] {dagbag.py:538} INFO - Filling up the DagBag from /opt/airflow/dags/6_2_plagin.py
[2025-03-13T10:55:46.870+0000] {processor.py:840} INFO - DAG(s) '6_2_plagin' retrieved from /opt/airflow/dags/6_2_plagin.py
[2025-03-13T10:55:46.890+0000] {logging_mixin.py:188} INFO - [2025-03-13T10:55:46.889+0000] {dag.py:3036} INFO - Sync 1 DAGs
[2025-03-13T10:55:46.906+0000] {logging_mixin.py:188} INFO - [2025-03-13T10:55:46.906+0000] {dag.py:3823} INFO - Setting next_dagrun for 6_2_plagin to 2025-03-13 00:00:00+00:00, run_after=2025-03-14 00:00:00+00:00
[2025-03-13T10:55:46.926+0000] {processor.py:183} INFO - Processing /opt/airflow/dags/6_2_plagin.py took 0.078 seconds
[2025-03-13T10:56:17.852+0000] {processor.py:161} INFO - Started process (PID=6389) to work on /opt/airflow/dags/6_2_plagin.py
[2025-03-13T10:56:17.853+0000] {processor.py:830} INFO - Processing file /opt/airflow/dags/6_2_plagin.py for tasks to queue
[2025-03-13T10:56:17.854+0000] {logging_mixin.py:188} INFO - [2025-03-13T10:56:17.854+0000] {dagbag.py:538} INFO - Filling up the DagBag from /opt/airflow/dags/6_2_plagin.py
[2025-03-13T10:56:17.870+0000] {processor.py:840} INFO - DAG(s) '6_2_plagin' retrieved from /opt/airflow/dags/6_2_plagin.py
[2025-03-13T10:56:17.886+0000] {logging_mixin.py:188} INFO - [2025-03-13T10:56:17.886+0000] {dag.py:3036} INFO - Sync 1 DAGs
[2025-03-13T10:56:17.908+0000] {logging_mixin.py:188} INFO - [2025-03-13T10:56:17.908+0000] {dag.py:3823} INFO - Setting next_dagrun for 6_2_plagin to 2025-03-13 00:00:00+00:00, run_after=2025-03-14 00:00:00+00:00
[2025-03-13T10:56:17.930+0000] {processor.py:183} INFO - Processing /opt/airflow/dags/6_2_plagin.py took 0.081 seconds
[2025-03-13T10:56:48.567+0000] {processor.py:161} INFO - Started process (PID=6407) to work on /opt/airflow/dags/6_2_plagin.py
[2025-03-13T10:56:48.568+0000] {processor.py:830} INFO - Processing file /opt/airflow/dags/6_2_plagin.py for tasks to queue
[2025-03-13T10:56:48.569+0000] {logging_mixin.py:188} INFO - [2025-03-13T10:56:48.569+0000] {dagbag.py:538} INFO - Filling up the DagBag from /opt/airflow/dags/6_2_plagin.py
[2025-03-13T10:56:48.583+0000] {processor.py:840} INFO - DAG(s) '6_2_plagin' retrieved from /opt/airflow/dags/6_2_plagin.py
[2025-03-13T10:56:48.599+0000] {logging_mixin.py:188} INFO - [2025-03-13T10:56:48.598+0000] {dag.py:3036} INFO - Sync 1 DAGs
[2025-03-13T10:56:48.615+0000] {logging_mixin.py:188} INFO - [2025-03-13T10:56:48.615+0000] {dag.py:3823} INFO - Setting next_dagrun for 6_2_plagin to 2025-03-13 00:00:00+00:00, run_after=2025-03-14 00:00:00+00:00
[2025-03-13T10:56:48.634+0000] {processor.py:183} INFO - Processing /opt/airflow/dags/6_2_plagin.py took 0.069 seconds
[2025-03-13T10:57:20.200+0000] {processor.py:161} INFO - Started process (PID=6427) to work on /opt/airflow/dags/6_2_plagin.py
[2025-03-13T10:57:20.200+0000] {processor.py:830} INFO - Processing file /opt/airflow/dags/6_2_plagin.py for tasks to queue
[2025-03-13T10:57:20.201+0000] {logging_mixin.py:188} INFO - [2025-03-13T10:57:20.201+0000] {dagbag.py:538} INFO - Filling up the DagBag from /opt/airflow/dags/6_2_plagin.py
[2025-03-13T10:57:20.215+0000] {processor.py:840} INFO - DAG(s) '6_2_plagin' retrieved from /opt/airflow/dags/6_2_plagin.py
[2025-03-13T10:57:20.231+0000] {logging_mixin.py:188} INFO - [2025-03-13T10:57:20.231+0000] {dag.py:3036} INFO - Sync 1 DAGs
[2025-03-13T10:57:20.247+0000] {logging_mixin.py:188} INFO - [2025-03-13T10:57:20.246+0000] {dag.py:3823} INFO - Setting next_dagrun for 6_2_plagin to 2025-03-13 00:00:00+00:00, run_after=2025-03-14 00:00:00+00:00
[2025-03-13T10:57:20.268+0000] {processor.py:183} INFO - Processing /opt/airflow/dags/6_2_plagin.py took 0.071 seconds
[2025-03-13T10:57:51.831+0000] {processor.py:161} INFO - Started process (PID=6447) to work on /opt/airflow/dags/6_2_plagin.py
[2025-03-13T10:57:51.833+0000] {processor.py:830} INFO - Processing file /opt/airflow/dags/6_2_plagin.py for tasks to queue
[2025-03-13T10:57:51.834+0000] {logging_mixin.py:188} INFO - [2025-03-13T10:57:51.833+0000] {dagbag.py:538} INFO - Filling up the DagBag from /opt/airflow/dags/6_2_plagin.py
[2025-03-13T10:57:51.847+0000] {processor.py:840} INFO - DAG(s) '6_2_plagin' retrieved from /opt/airflow/dags/6_2_plagin.py
[2025-03-13T10:57:51.864+0000] {logging_mixin.py:188} INFO - [2025-03-13T10:57:51.864+0000] {dag.py:3036} INFO - Sync 1 DAGs
[2025-03-13T10:57:51.881+0000] {logging_mixin.py:188} INFO - [2025-03-13T10:57:51.881+0000] {dag.py:3823} INFO - Setting next_dagrun for 6_2_plagin to 2025-03-13 00:00:00+00:00, run_after=2025-03-14 00:00:00+00:00
[2025-03-13T10:57:51.903+0000] {processor.py:183} INFO - Processing /opt/airflow/dags/6_2_plagin.py took 0.075 seconds
[2025-03-13T10:58:22.324+0000] {processor.py:161} INFO - Started process (PID=6467) to work on /opt/airflow/dags/6_2_plagin.py
[2025-03-13T10:58:22.325+0000] {processor.py:830} INFO - Processing file /opt/airflow/dags/6_2_plagin.py for tasks to queue
[2025-03-13T10:58:22.327+0000] {logging_mixin.py:188} INFO - [2025-03-13T10:58:22.326+0000] {dagbag.py:538} INFO - Filling up the DagBag from /opt/airflow/dags/6_2_plagin.py
[2025-03-13T10:58:22.343+0000] {processor.py:840} INFO - DAG(s) '6_2_plagin' retrieved from /opt/airflow/dags/6_2_plagin.py
[2025-03-13T10:58:22.362+0000] {logging_mixin.py:188} INFO - [2025-03-13T10:58:22.362+0000] {dag.py:3036} INFO - Sync 1 DAGs
[2025-03-13T10:58:22.382+0000] {logging_mixin.py:188} INFO - [2025-03-13T10:58:22.382+0000] {dag.py:3823} INFO - Setting next_dagrun for 6_2_plagin to 2025-03-13 00:00:00+00:00, run_after=2025-03-14 00:00:00+00:00
[2025-03-13T10:58:22.410+0000] {processor.py:183} INFO - Processing /opt/airflow/dags/6_2_plagin.py took 0.089 seconds
[2025-03-13T10:58:54.112+0000] {processor.py:161} INFO - Started process (PID=6487) to work on /opt/airflow/dags/6_2_plagin.py
[2025-03-13T10:58:54.113+0000] {processor.py:830} INFO - Processing file /opt/airflow/dags/6_2_plagin.py for tasks to queue
[2025-03-13T10:58:54.114+0000] {logging_mixin.py:188} INFO - [2025-03-13T10:58:54.113+0000] {dagbag.py:538} INFO - Filling up the DagBag from /opt/airflow/dags/6_2_plagin.py
[2025-03-13T10:58:54.126+0000] {processor.py:840} INFO - DAG(s) '6_2_plagin' retrieved from /opt/airflow/dags/6_2_plagin.py
[2025-03-13T10:58:54.140+0000] {logging_mixin.py:188} INFO - [2025-03-13T10:58:54.140+0000] {dag.py:3036} INFO - Sync 1 DAGs
[2025-03-13T10:58:54.156+0000] {logging_mixin.py:188} INFO - [2025-03-13T10:58:54.156+0000] {dag.py:3823} INFO - Setting next_dagrun for 6_2_plagin to 2025-03-13 00:00:00+00:00, run_after=2025-03-14 00:00:00+00:00
[2025-03-13T10:58:54.178+0000] {processor.py:183} INFO - Processing /opt/airflow/dags/6_2_plagin.py took 0.069 seconds
[2025-03-13T10:59:26.823+0000] {processor.py:161} INFO - Started process (PID=6507) to work on /opt/airflow/dags/6_2_plagin.py
[2025-03-13T10:59:26.823+0000] {processor.py:830} INFO - Processing file /opt/airflow/dags/6_2_plagin.py for tasks to queue
[2025-03-13T10:59:26.824+0000] {logging_mixin.py:188} INFO - [2025-03-13T10:59:26.824+0000] {dagbag.py:538} INFO - Filling up the DagBag from /opt/airflow/dags/6_2_plagin.py
[2025-03-13T10:59:26.836+0000] {processor.py:840} INFO - DAG(s) '6_2_plagin' retrieved from /opt/airflow/dags/6_2_plagin.py
[2025-03-13T10:59:26.850+0000] {logging_mixin.py:188} INFO - [2025-03-13T10:59:26.850+0000] {dag.py:3036} INFO - Sync 1 DAGs
[2025-03-13T10:59:27.321+0000] {logging_mixin.py:188} INFO - [2025-03-13T10:59:27.320+0000] {dag.py:3823} INFO - Setting next_dagrun for 6_2_plagin to 2025-03-13 00:00:00+00:00, run_after=2025-03-14 00:00:00+00:00
[2025-03-13T10:59:27.342+0000] {processor.py:183} INFO - Processing /opt/airflow/dags/6_2_plagin.py took 0.068 seconds
[2025-03-13T10:59:57.414+0000] {processor.py:161} INFO - Started process (PID=6527) to work on /opt/airflow/dags/6_2_plagin.py
[2025-03-13T10:59:57.415+0000] {processor.py:830} INFO - Processing file /opt/airflow/dags/6_2_plagin.py for tasks to queue
[2025-03-13T10:59:57.416+0000] {logging_mixin.py:188} INFO - [2025-03-13T10:59:57.415+0000] {dagbag.py:538} INFO - Filling up the DagBag from /opt/airflow/dags/6_2_plagin.py
[2025-03-13T10:59:57.428+0000] {processor.py:840} INFO - DAG(s) '6_2_plagin' retrieved from /opt/airflow/dags/6_2_plagin.py
[2025-03-13T10:59:57.442+0000] {logging_mixin.py:188} INFO - [2025-03-13T10:59:57.442+0000] {dag.py:3036} INFO - Sync 1 DAGs
[2025-03-13T10:59:57.456+0000] {logging_mixin.py:188} INFO - [2025-03-13T10:59:57.456+0000] {dag.py:3823} INFO - Setting next_dagrun for 6_2_plagin to 2025-03-13 00:00:00+00:00, run_after=2025-03-14 00:00:00+00:00
[2025-03-13T10:59:57.477+0000] {processor.py:183} INFO - Processing /opt/airflow/dags/6_2_plagin.py took 0.065 seconds
[2025-03-13T11:00:30.618+0000] {processor.py:161} INFO - Started process (PID=6547) to work on /opt/airflow/dags/6_2_plagin.py
[2025-03-13T11:00:30.619+0000] {processor.py:830} INFO - Processing file /opt/airflow/dags/6_2_plagin.py for tasks to queue
[2025-03-13T11:00:30.620+0000] {logging_mixin.py:188} INFO - [2025-03-13T11:00:30.620+0000] {dagbag.py:538} INFO - Filling up the DagBag from /opt/airflow/dags/6_2_plagin.py
[2025-03-13T11:00:30.632+0000] {processor.py:840} INFO - DAG(s) '6_2_plagin' retrieved from /opt/airflow/dags/6_2_plagin.py
[2025-03-13T11:00:30.645+0000] {logging_mixin.py:188} INFO - [2025-03-13T11:00:30.645+0000] {dag.py:3036} INFO - Sync 1 DAGs
[2025-03-13T11:00:30.659+0000] {logging_mixin.py:188} INFO - [2025-03-13T11:00:30.659+0000] {dag.py:3823} INFO - Setting next_dagrun for 6_2_plagin to 2025-03-13 00:00:00+00:00, run_after=2025-03-14 00:00:00+00:00
[2025-03-13T11:00:30.677+0000] {processor.py:183} INFO - Processing /opt/airflow/dags/6_2_plagin.py took 0.061 seconds
[2025-03-13T11:01:01.564+0000] {processor.py:161} INFO - Started process (PID=6566) to work on /opt/airflow/dags/6_2_plagin.py
[2025-03-13T11:01:01.567+0000] {processor.py:830} INFO - Processing file /opt/airflow/dags/6_2_plagin.py for tasks to queue
[2025-03-13T11:01:01.569+0000] {logging_mixin.py:188} INFO - [2025-03-13T11:01:01.568+0000] {dagbag.py:538} INFO - Filling up the DagBag from /opt/airflow/dags/6_2_plagin.py
[2025-03-13T11:01:01.593+0000] {processor.py:840} INFO - DAG(s) '6_2_plagin' retrieved from /opt/airflow/dags/6_2_plagin.py
[2025-03-13T11:01:01.626+0000] {logging_mixin.py:188} INFO - [2025-03-13T11:01:01.626+0000] {dag.py:3036} INFO - Sync 1 DAGs
[2025-03-13T11:01:01.655+0000] {logging_mixin.py:188} INFO - [2025-03-13T11:01:01.654+0000] {dag.py:3823} INFO - Setting next_dagrun for 6_2_plagin to 2025-03-13 00:00:00+00:00, run_after=2025-03-14 00:00:00+00:00
[2025-03-13T11:01:01.684+0000] {processor.py:183} INFO - Processing /opt/airflow/dags/6_2_plagin.py took 0.123 seconds
[2025-03-13T11:01:32.991+0000] {processor.py:161} INFO - Started process (PID=6586) to work on /opt/airflow/dags/6_2_plagin.py
[2025-03-13T11:01:32.993+0000] {processor.py:830} INFO - Processing file /opt/airflow/dags/6_2_plagin.py for tasks to queue
[2025-03-13T11:01:32.994+0000] {logging_mixin.py:188} INFO - [2025-03-13T11:01:32.993+0000] {dagbag.py:538} INFO - Filling up the DagBag from /opt/airflow/dags/6_2_plagin.py
[2025-03-13T11:01:33.009+0000] {processor.py:840} INFO - DAG(s) '6_2_plagin' retrieved from /opt/airflow/dags/6_2_plagin.py
[2025-03-13T11:01:33.026+0000] {logging_mixin.py:188} INFO - [2025-03-13T11:01:33.026+0000] {dag.py:3036} INFO - Sync 1 DAGs
[2025-03-13T11:01:33.042+0000] {logging_mixin.py:188} INFO - [2025-03-13T11:01:33.042+0000] {dag.py:3823} INFO - Setting next_dagrun for 6_2_plagin to 2025-03-13 00:00:00+00:00, run_after=2025-03-14 00:00:00+00:00
[2025-03-13T11:01:33.061+0000] {processor.py:183} INFO - Processing /opt/airflow/dags/6_2_plagin.py took 0.074 seconds
[2025-03-13T11:02:03.378+0000] {processor.py:161} INFO - Started process (PID=6606) to work on /opt/airflow/dags/6_2_plagin.py
[2025-03-13T11:02:03.379+0000] {processor.py:830} INFO - Processing file /opt/airflow/dags/6_2_plagin.py for tasks to queue
[2025-03-13T11:02:03.380+0000] {logging_mixin.py:188} INFO - [2025-03-13T11:02:03.380+0000] {dagbag.py:538} INFO - Filling up the DagBag from /opt/airflow/dags/6_2_plagin.py
[2025-03-13T11:02:03.394+0000] {processor.py:840} INFO - DAG(s) '6_2_plagin' retrieved from /opt/airflow/dags/6_2_plagin.py
[2025-03-13T11:02:03.408+0000] {logging_mixin.py:188} INFO - [2025-03-13T11:02:03.408+0000] {dag.py:3036} INFO - Sync 1 DAGs
[2025-03-13T11:02:03.424+0000] {logging_mixin.py:188} INFO - [2025-03-13T11:02:03.424+0000] {dag.py:3823} INFO - Setting next_dagrun for 6_2_plagin to 2025-03-13 00:00:00+00:00, run_after=2025-03-14 00:00:00+00:00
[2025-03-13T11:02:03.447+0000] {processor.py:183} INFO - Processing /opt/airflow/dags/6_2_plagin.py took 0.071 seconds
[2025-03-13T11:02:34.210+0000] {processor.py:161} INFO - Started process (PID=6626) to work on /opt/airflow/dags/6_2_plagin.py
[2025-03-13T11:02:34.210+0000] {processor.py:830} INFO - Processing file /opt/airflow/dags/6_2_plagin.py for tasks to queue
[2025-03-13T11:02:34.211+0000] {logging_mixin.py:188} INFO - [2025-03-13T11:02:34.211+0000] {dagbag.py:538} INFO - Filling up the DagBag from /opt/airflow/dags/6_2_plagin.py
[2025-03-13T11:02:34.224+0000] {processor.py:840} INFO - DAG(s) '6_2_plagin' retrieved from /opt/airflow/dags/6_2_plagin.py
[2025-03-13T11:02:34.238+0000] {logging_mixin.py:188} INFO - [2025-03-13T11:02:34.237+0000] {dag.py:3036} INFO - Sync 1 DAGs
[2025-03-13T11:02:34.254+0000] {logging_mixin.py:188} INFO - [2025-03-13T11:02:34.254+0000] {dag.py:3823} INFO - Setting next_dagrun for 6_2_plagin to 2025-03-13 00:00:00+00:00, run_after=2025-03-14 00:00:00+00:00
[2025-03-13T11:02:34.274+0000] {processor.py:183} INFO - Processing /opt/airflow/dags/6_2_plagin.py took 0.066 seconds
[2025-03-13T11:03:05.667+0000] {processor.py:161} INFO - Started process (PID=6652) to work on /opt/airflow/dags/6_2_plagin.py
[2025-03-13T11:03:05.669+0000] {processor.py:830} INFO - Processing file /opt/airflow/dags/6_2_plagin.py for tasks to queue
[2025-03-13T11:03:05.672+0000] {logging_mixin.py:188} INFO - [2025-03-13T11:03:05.671+0000] {dagbag.py:538} INFO - Filling up the DagBag from /opt/airflow/dags/6_2_plagin.py
[2025-03-13T11:03:05.698+0000] {processor.py:840} INFO - DAG(s) '6_2_plagin' retrieved from /opt/airflow/dags/6_2_plagin.py
[2025-03-13T11:03:05.724+0000] {logging_mixin.py:188} INFO - [2025-03-13T11:03:05.724+0000] {dag.py:3036} INFO - Sync 1 DAGs
[2025-03-13T11:03:05.747+0000] {logging_mixin.py:188} INFO - [2025-03-13T11:03:05.747+0000] {dag.py:3823} INFO - Setting next_dagrun for 6_2_plagin to 2025-03-13 00:00:00+00:00, run_after=2025-03-14 00:00:00+00:00
[2025-03-13T11:03:05.788+0000] {processor.py:183} INFO - Processing /opt/airflow/dags/6_2_plagin.py took 0.126 seconds
[2025-03-13T11:03:37.015+0000] {processor.py:161} INFO - Started process (PID=6673) to work on /opt/airflow/dags/6_2_plagin.py
[2025-03-13T11:03:37.016+0000] {processor.py:830} INFO - Processing file /opt/airflow/dags/6_2_plagin.py for tasks to queue
[2025-03-13T11:03:37.017+0000] {logging_mixin.py:188} INFO - [2025-03-13T11:03:37.017+0000] {dagbag.py:538} INFO - Filling up the DagBag from /opt/airflow/dags/6_2_plagin.py
[2025-03-13T11:03:37.034+0000] {processor.py:840} INFO - DAG(s) '6_2_plagin' retrieved from /opt/airflow/dags/6_2_plagin.py
[2025-03-13T11:03:37.053+0000] {logging_mixin.py:188} INFO - [2025-03-13T11:03:37.053+0000] {dag.py:3036} INFO - Sync 1 DAGs
[2025-03-13T11:03:37.075+0000] {logging_mixin.py:188} INFO - [2025-03-13T11:03:37.075+0000] {dag.py:3823} INFO - Setting next_dagrun for 6_2_plagin to 2025-03-13 00:00:00+00:00, run_after=2025-03-14 00:00:00+00:00
[2025-03-13T11:03:37.097+0000] {processor.py:183} INFO - Processing /opt/airflow/dags/6_2_plagin.py took 0.086 seconds
[2025-03-13T11:04:07.757+0000] {processor.py:161} INFO - Started process (PID=6692) to work on /opt/airflow/dags/6_2_plagin.py
[2025-03-13T11:04:07.758+0000] {processor.py:830} INFO - Processing file /opt/airflow/dags/6_2_plagin.py for tasks to queue
[2025-03-13T11:04:07.759+0000] {logging_mixin.py:188} INFO - [2025-03-13T11:04:07.759+0000] {dagbag.py:538} INFO - Filling up the DagBag from /opt/airflow/dags/6_2_plagin.py
[2025-03-13T11:04:07.771+0000] {processor.py:840} INFO - DAG(s) '6_2_plagin' retrieved from /opt/airflow/dags/6_2_plagin.py
[2025-03-13T11:04:07.785+0000] {logging_mixin.py:188} INFO - [2025-03-13T11:04:07.785+0000] {dag.py:3036} INFO - Sync 1 DAGs
[2025-03-13T11:04:07.799+0000] {logging_mixin.py:188} INFO - [2025-03-13T11:04:07.799+0000] {dag.py:3823} INFO - Setting next_dagrun for 6_2_plagin to 2025-03-13 00:00:00+00:00, run_after=2025-03-14 00:00:00+00:00
[2025-03-13T11:04:07.818+0000] {processor.py:183} INFO - Processing /opt/airflow/dags/6_2_plagin.py took 0.063 seconds
[2025-03-13T11:04:38.306+0000] {processor.py:161} INFO - Started process (PID=6713) to work on /opt/airflow/dags/6_2_plagin.py
[2025-03-13T11:04:38.307+0000] {processor.py:830} INFO - Processing file /opt/airflow/dags/6_2_plagin.py for tasks to queue
[2025-03-13T11:04:38.309+0000] {logging_mixin.py:188} INFO - [2025-03-13T11:04:38.308+0000] {dagbag.py:538} INFO - Filling up the DagBag from /opt/airflow/dags/6_2_plagin.py
[2025-03-13T11:04:38.330+0000] {processor.py:840} INFO - DAG(s) '6_2_plagin' retrieved from /opt/airflow/dags/6_2_plagin.py
[2025-03-13T11:04:38.359+0000] {logging_mixin.py:188} INFO - [2025-03-13T11:04:38.359+0000] {dag.py:3036} INFO - Sync 1 DAGs
[2025-03-13T11:04:38.388+0000] {logging_mixin.py:188} INFO - [2025-03-13T11:04:38.387+0000] {dag.py:3823} INFO - Setting next_dagrun for 6_2_plagin to 2025-03-13 00:00:00+00:00, run_after=2025-03-14 00:00:00+00:00
[2025-03-13T11:04:38.420+0000] {processor.py:183} INFO - Processing /opt/airflow/dags/6_2_plagin.py took 0.116 seconds
[2025-03-13T11:05:09.839+0000] {processor.py:161} INFO - Started process (PID=6770) to work on /opt/airflow/dags/6_2_plagin.py
[2025-03-13T11:05:09.839+0000] {processor.py:830} INFO - Processing file /opt/airflow/dags/6_2_plagin.py for tasks to queue
[2025-03-13T11:05:09.840+0000] {logging_mixin.py:188} INFO - [2025-03-13T11:05:09.840+0000] {dagbag.py:538} INFO - Filling up the DagBag from /opt/airflow/dags/6_2_plagin.py
[2025-03-13T11:05:09.853+0000] {processor.py:840} INFO - DAG(s) '6_2_plagin' retrieved from /opt/airflow/dags/6_2_plagin.py
[2025-03-13T11:05:09.866+0000] {logging_mixin.py:188} INFO - [2025-03-13T11:05:09.866+0000] {dag.py:3036} INFO - Sync 1 DAGs
[2025-03-13T11:05:09.881+0000] {logging_mixin.py:188} INFO - [2025-03-13T11:05:09.881+0000] {dag.py:3823} INFO - Setting next_dagrun for 6_2_plagin to 2025-03-13 00:00:00+00:00, run_after=2025-03-14 00:00:00+00:00
[2025-03-13T11:05:09.899+0000] {processor.py:183} INFO - Processing /opt/airflow/dags/6_2_plagin.py took 0.063 seconds
[2025-03-13T11:05:40.371+0000] {processor.py:161} INFO - Started process (PID=6791) to work on /opt/airflow/dags/6_2_plagin.py
[2025-03-13T11:05:40.373+0000] {processor.py:830} INFO - Processing file /opt/airflow/dags/6_2_plagin.py for tasks to queue
[2025-03-13T11:05:40.375+0000] {logging_mixin.py:188} INFO - [2025-03-13T11:05:40.374+0000] {dagbag.py:538} INFO - Filling up the DagBag from /opt/airflow/dags/6_2_plagin.py
[2025-03-13T11:05:40.395+0000] {processor.py:840} INFO - DAG(s) '6_2_plagin' retrieved from /opt/airflow/dags/6_2_plagin.py
[2025-03-13T11:05:40.420+0000] {logging_mixin.py:188} INFO - [2025-03-13T11:05:40.420+0000] {dag.py:3036} INFO - Sync 1 DAGs
[2025-03-13T11:05:40.440+0000] {logging_mixin.py:188} INFO - [2025-03-13T11:05:40.439+0000] {dag.py:3823} INFO - Setting next_dagrun for 6_2_plagin to 2025-03-13 00:00:00+00:00, run_after=2025-03-14 00:00:00+00:00
[2025-03-13T11:05:40.468+0000] {processor.py:183} INFO - Processing /opt/airflow/dags/6_2_plagin.py took 0.100 seconds
[2025-03-13T11:06:11.903+0000] {processor.py:161} INFO - Started process (PID=6812) to work on /opt/airflow/dags/6_2_plagin.py
[2025-03-13T11:06:11.904+0000] {processor.py:830} INFO - Processing file /opt/airflow/dags/6_2_plagin.py for tasks to queue
[2025-03-13T11:06:11.905+0000] {logging_mixin.py:188} INFO - [2025-03-13T11:06:11.905+0000] {dagbag.py:538} INFO - Filling up the DagBag from /opt/airflow/dags/6_2_plagin.py
[2025-03-13T11:06:11.918+0000] {processor.py:840} INFO - DAG(s) '6_2_plagin' retrieved from /opt/airflow/dags/6_2_plagin.py
[2025-03-13T11:06:11.933+0000] {logging_mixin.py:188} INFO - [2025-03-13T11:06:11.933+0000] {dag.py:3036} INFO - Sync 1 DAGs
[2025-03-13T11:06:11.949+0000] {logging_mixin.py:188} INFO - [2025-03-13T11:06:11.949+0000] {dag.py:3823} INFO - Setting next_dagrun for 6_2_plagin to 2025-03-13 00:00:00+00:00, run_after=2025-03-14 00:00:00+00:00
[2025-03-13T11:06:11.970+0000] {processor.py:183} INFO - Processing /opt/airflow/dags/6_2_plagin.py took 0.069 seconds
