[2025-02-26T09:55:11.061+0000] {taskinstance.py:1956} INFO - Dependencies all met for dep_context=non-requeueable deps ti=<TaskInstance: 0_Examples_3_4_1_ETL_2.extract_data scheduled__2024-01-03T00:00:00+00:00 [queued]>
[2025-02-26T09:55:11.066+0000] {taskinstance.py:1956} INFO - Dependencies all met for dep_context=requeueable deps ti=<TaskInstance: 0_Examples_3_4_1_ETL_2.extract_data scheduled__2024-01-03T00:00:00+00:00 [queued]>
[2025-02-26T09:55:11.067+0000] {taskinstance.py:2170} INFO - Starting attempt 1 of 1
[2025-02-26T09:55:11.078+0000] {taskinstance.py:2191} INFO - Executing <Task(PythonOperator): extract_data> on 2024-01-03 00:00:00+00:00
[2025-02-26T09:55:11.084+0000] {standard_task_runner.py:60} INFO - Started process 222 to run task
[2025-02-26T09:55:11.087+0000] {standard_task_runner.py:87} INFO - Running: ['airflow', 'tasks', 'run', '0_Examples_3_4_1_ETL_2', 'extract_data', 'scheduled__2024-01-03T00:00:00+00:00', '--job-id', '8', '--raw', '--subdir', 'DAGS_FOLDER/exchangerate_api_work.py', '--cfg-path', '/tmp/tmpwv51gujy']
[2025-02-26T09:55:11.089+0000] {standard_task_runner.py:88} INFO - Job 8: Subtask extract_data
[2025-02-26T09:55:11.119+0000] {task_command.py:423} INFO - Running <TaskInstance: 0_Examples_3_4_1_ETL_2.extract_data scheduled__2024-01-03T00:00:00+00:00 [running]> on host 8b59c4dac072
[2025-02-26T09:55:11.164+0000] {taskinstance.py:2480} INFO - Exporting env vars: AIRFLOW_CTX_DAG_OWNER='airflow' AIRFLOW_CTX_DAG_ID='0_Examples_3_4_1_ETL_2' AIRFLOW_CTX_TASK_ID='extract_data' AIRFLOW_CTX_EXECUTION_DATE='2024-01-03T00:00:00+00:00' AIRFLOW_CTX_TRY_NUMBER='1' AIRFLOW_CTX_DAG_RUN_ID='scheduled__2024-01-03T00:00:00+00:00'
[2025-02-26T09:55:11.480+0000] {python.py:201} INFO - Done. Returned value was: None
[2025-02-26T09:55:11.485+0000] {taskinstance.py:1138} INFO - Marking task as SUCCESS. dag_id=0_Examples_3_4_1_ETL_2, task_id=extract_data, execution_date=20240103T000000, start_date=20250226T095511, end_date=20250226T095511
[2025-02-26T09:55:11.543+0000] {local_task_job_runner.py:234} INFO - Task exited with return code 0
[2025-02-26T09:57:33.664+0000] {taskinstance.py:1956} INFO - Dependencies all met for dep_context=non-requeueable deps ti=<TaskInstance: 0_Examples_3_4_1_ETL_2.extract_data scheduled__2024-01-03T00:00:00+00:00 [queued]>
[2025-02-26T09:57:33.668+0000] {taskinstance.py:1956} INFO - Dependencies all met for dep_context=requeueable deps ti=<TaskInstance: 0_Examples_3_4_1_ETL_2.extract_data scheduled__2024-01-03T00:00:00+00:00 [queued]>
[2025-02-26T09:57:33.668+0000] {taskinstance.py:2170} INFO - Starting attempt 1 of 1
[2025-02-26T09:57:33.679+0000] {taskinstance.py:2191} INFO - Executing <Task(PythonOperator): extract_data> on 2024-01-03 00:00:00+00:00
[2025-02-26T09:57:33.684+0000] {standard_task_runner.py:60} INFO - Started process 463 to run task
[2025-02-26T09:57:33.686+0000] {standard_task_runner.py:87} INFO - Running: ['airflow', 'tasks', 'run', '0_Examples_3_4_1_ETL_2', 'extract_data', 'scheduled__2024-01-03T00:00:00+00:00', '--job-id', '20', '--raw', '--subdir', 'DAGS_FOLDER/exchangerate_api_work.py', '--cfg-path', '/tmp/tmpdmv8cbl6']
[2025-02-26T09:57:33.688+0000] {standard_task_runner.py:88} INFO - Job 20: Subtask extract_data
[2025-02-26T09:57:33.716+0000] {task_command.py:423} INFO - Running <TaskInstance: 0_Examples_3_4_1_ETL_2.extract_data scheduled__2024-01-03T00:00:00+00:00 [running]> on host 8b59c4dac072
[2025-02-26T09:57:33.757+0000] {taskinstance.py:2480} INFO - Exporting env vars: AIRFLOW_CTX_DAG_OWNER='airflow' AIRFLOW_CTX_DAG_ID='0_Examples_3_4_1_ETL_2' AIRFLOW_CTX_TASK_ID='extract_data' AIRFLOW_CTX_EXECUTION_DATE='2024-01-03T00:00:00+00:00' AIRFLOW_CTX_TRY_NUMBER='1' AIRFLOW_CTX_DAG_RUN_ID='scheduled__2024-01-03T00:00:00+00:00'
[2025-02-26T09:57:34.053+0000] {python.py:201} INFO - Done. Returned value was: None
[2025-02-26T09:57:34.058+0000] {taskinstance.py:1138} INFO - Marking task as SUCCESS. dag_id=0_Examples_3_4_1_ETL_2, task_id=extract_data, execution_date=20240103T000000, start_date=20250226T095733, end_date=20250226T095734
[2025-02-26T09:57:34.100+0000] {local_task_job_runner.py:234} INFO - Task exited with return code 0
[2025-02-26T10:04:53.804+0000] {taskinstance.py:1956} INFO - Dependencies all met for dep_context=non-requeueable deps ti=<TaskInstance: 0_Examples_3_4_1_ETL_2.extract_data scheduled__2024-01-03T00:00:00+00:00 [queued]>
[2025-02-26T10:04:53.808+0000] {taskinstance.py:1956} INFO - Dependencies all met for dep_context=requeueable deps ti=<TaskInstance: 0_Examples_3_4_1_ETL_2.extract_data scheduled__2024-01-03T00:00:00+00:00 [queued]>
[2025-02-26T10:04:53.808+0000] {taskinstance.py:2170} INFO - Starting attempt 1 of 1
[2025-02-26T10:04:53.819+0000] {taskinstance.py:2191} INFO - Executing <Task(PythonOperator): extract_data> on 2024-01-03 00:00:00+00:00
[2025-02-26T10:04:53.824+0000] {standard_task_runner.py:60} INFO - Started process 333 to run task
[2025-02-26T10:04:53.826+0000] {standard_task_runner.py:87} INFO - Running: ['airflow', 'tasks', 'run', '0_Examples_3_4_1_ETL_2', 'extract_data', 'scheduled__2024-01-03T00:00:00+00:00', '--job-id', '8', '--raw', '--subdir', 'DAGS_FOLDER/exchangerate_api_work.py', '--cfg-path', '/tmp/tmpl0d47x30']
[2025-02-26T10:04:53.827+0000] {standard_task_runner.py:88} INFO - Job 8: Subtask extract_data
[2025-02-26T10:04:53.853+0000] {task_command.py:423} INFO - Running <TaskInstance: 0_Examples_3_4_1_ETL_2.extract_data scheduled__2024-01-03T00:00:00+00:00 [running]> on host a57e69d73574
[2025-02-26T10:04:53.895+0000] {taskinstance.py:2480} INFO - Exporting env vars: AIRFLOW_CTX_DAG_OWNER='airflow' AIRFLOW_CTX_DAG_ID='0_Examples_3_4_1_ETL_2' AIRFLOW_CTX_TASK_ID='extract_data' AIRFLOW_CTX_EXECUTION_DATE='2024-01-03T00:00:00+00:00' AIRFLOW_CTX_TRY_NUMBER='1' AIRFLOW_CTX_DAG_RUN_ID='scheduled__2024-01-03T00:00:00+00:00'
[2025-02-26T10:04:54.248+0000] {python.py:201} INFO - Done. Returned value was: None
[2025-02-26T10:04:54.253+0000] {taskinstance.py:1138} INFO - Marking task as SUCCESS. dag_id=0_Examples_3_4_1_ETL_2, task_id=extract_data, execution_date=20240103T000000, start_date=20250226T100453, end_date=20250226T100454
[2025-02-26T10:04:54.281+0000] {local_task_job_runner.py:234} INFO - Task exited with return code 0
[2025-02-26T10:08:41.068+0000] {taskinstance.py:1956} INFO - Dependencies all met for dep_context=non-requeueable deps ti=<TaskInstance: 0_Examples_3_4_1_ETL_2.extract_data scheduled__2024-01-03T00:00:00+00:00 [queued]>
[2025-02-26T10:08:41.072+0000] {taskinstance.py:1956} INFO - Dependencies all met for dep_context=requeueable deps ti=<TaskInstance: 0_Examples_3_4_1_ETL_2.extract_data scheduled__2024-01-03T00:00:00+00:00 [queued]>
[2025-02-26T10:08:41.073+0000] {taskinstance.py:2170} INFO - Starting attempt 1 of 1
[2025-02-26T10:08:41.084+0000] {taskinstance.py:2191} INFO - Executing <Task(PythonOperator): extract_data> on 2024-01-03 00:00:00+00:00
[2025-02-26T10:08:41.090+0000] {standard_task_runner.py:60} INFO - Started process 621 to run task
[2025-02-26T10:08:41.092+0000] {standard_task_runner.py:87} INFO - Running: ['airflow', 'tasks', 'run', '0_Examples_3_4_1_ETL_2', 'extract_data', 'scheduled__2024-01-03T00:00:00+00:00', '--job-id', '8', '--raw', '--subdir', 'DAGS_FOLDER/exchangerate_api_work.py', '--cfg-path', '/tmp/tmphp40l660']
[2025-02-26T10:08:41.093+0000] {standard_task_runner.py:88} INFO - Job 8: Subtask extract_data
[2025-02-26T10:08:41.120+0000] {task_command.py:423} INFO - Running <TaskInstance: 0_Examples_3_4_1_ETL_2.extract_data scheduled__2024-01-03T00:00:00+00:00 [running]> on host a57e69d73574
[2025-02-26T10:08:41.164+0000] {taskinstance.py:2480} INFO - Exporting env vars: AIRFLOW_CTX_DAG_OWNER='airflow' AIRFLOW_CTX_DAG_ID='0_Examples_3_4_1_ETL_2' AIRFLOW_CTX_TASK_ID='extract_data' AIRFLOW_CTX_EXECUTION_DATE='2024-01-03T00:00:00+00:00' AIRFLOW_CTX_TRY_NUMBER='1' AIRFLOW_CTX_DAG_RUN_ID='scheduled__2024-01-03T00:00:00+00:00'
[2025-02-26T10:08:41.929+0000] {python.py:201} INFO - Done. Returned value was: None
[2025-02-26T10:08:41.934+0000] {taskinstance.py:1138} INFO - Marking task as SUCCESS. dag_id=0_Examples_3_4_1_ETL_2, task_id=extract_data, execution_date=20240103T000000, start_date=20250226T100841, end_date=20250226T100841
[2025-02-26T10:08:41.953+0000] {local_task_job_runner.py:234} INFO - Task exited with return code 0
[2025-03-12T11:45:47.419+0000] {taskinstance.py:1956} INFO - Dependencies all met for dep_context=non-requeueable deps ti=<TaskInstance: 0_Examples_3_4_1_ETL_2.extract_data scheduled__2024-01-03T00:00:00+00:00 [queued]>
[2025-03-12T11:45:47.426+0000] {taskinstance.py:1956} INFO - Dependencies all met for dep_context=requeueable deps ti=<TaskInstance: 0_Examples_3_4_1_ETL_2.extract_data scheduled__2024-01-03T00:00:00+00:00 [queued]>
[2025-03-12T11:45:47.427+0000] {taskinstance.py:2170} INFO - Starting attempt 1 of 1
[2025-03-12T11:45:47.440+0000] {taskinstance.py:2191} INFO - Executing <Task(PythonOperator): extract_data> on 2024-01-03 00:00:00+00:00
[2025-03-12T11:45:47.446+0000] {standard_task_runner.py:60} INFO - Started process 2787 to run task
[2025-03-12T11:45:47.449+0000] {standard_task_runner.py:87} INFO - Running: ['airflow', 'tasks', 'run', '0_Examples_3_4_1_ETL_2', 'extract_data', 'scheduled__2024-01-03T00:00:00+00:00', '--job-id', '8', '--raw', '--subdir', 'DAGS_FOLDER/exchangerate_api_work.py', '--cfg-path', '/tmp/tmp9ad205rc']
[2025-03-12T11:45:47.450+0000] {standard_task_runner.py:88} INFO - Job 8: Subtask extract_data
[2025-03-12T11:45:47.481+0000] {task_command.py:423} INFO - Running <TaskInstance: 0_Examples_3_4_1_ETL_2.extract_data scheduled__2024-01-03T00:00:00+00:00 [running]> on host 727edeb5f419
[2025-03-12T11:45:47.532+0000] {taskinstance.py:2480} INFO - Exporting env vars: AIRFLOW_CTX_DAG_OWNER='airflow' AIRFLOW_CTX_DAG_ID='0_Examples_3_4_1_ETL_2' AIRFLOW_CTX_TASK_ID='extract_data' AIRFLOW_CTX_EXECUTION_DATE='2024-01-03T00:00:00+00:00' AIRFLOW_CTX_TRY_NUMBER='1' AIRFLOW_CTX_DAG_RUN_ID='scheduled__2024-01-03T00:00:00+00:00'
[2025-03-12T11:45:47.951+0000] {python.py:201} INFO - Done. Returned value was: None
[2025-03-12T11:45:47.956+0000] {taskinstance.py:1138} INFO - Marking task as SUCCESS. dag_id=0_Examples_3_4_1_ETL_2, task_id=extract_data, execution_date=20240103T000000, start_date=20250312T114547, end_date=20250312T114547
[2025-03-12T11:45:47.982+0000] {local_task_job_runner.py:234} INFO - Task exited with return code 0
