[2025-02-26T09:55:26.925+0000] {taskinstance.py:1956} INFO - Dependencies all met for dep_context=non-requeueable deps ti=<TaskInstance: 0_Examples_3_4_1_ETL_2.transform_data scheduled__2024-01-04T00:00:00+00:00 [queued]>
[2025-02-26T09:55:26.931+0000] {taskinstance.py:1956} INFO - Dependencies all met for dep_context=requeueable deps ti=<TaskInstance: 0_Examples_3_4_1_ETL_2.transform_data scheduled__2024-01-04T00:00:00+00:00 [queued]>
[2025-02-26T09:55:26.931+0000] {taskinstance.py:2170} INFO - Starting attempt 1 of 1
[2025-02-26T09:55:26.945+0000] {taskinstance.py:2191} INFO - Executing <Task(PythonOperator): transform_data> on 2024-01-04 00:00:00+00:00
[2025-02-26T09:55:26.953+0000] {standard_task_runner.py:60} INFO - Started process 294 to run task
[2025-02-26T09:55:26.955+0000] {standard_task_runner.py:87} INFO - Running: ['airflow', 'tasks', 'run', '0_Examples_3_4_1_ETL_2', 'transform_data', 'scheduled__2024-01-04T00:00:00+00:00', '--job-id', '12', '--raw', '--subdir', 'DAGS_FOLDER/exchangerate_api_work.py', '--cfg-path', '/tmp/tmpa_0uw9tq']
[2025-02-26T09:55:26.957+0000] {standard_task_runner.py:88} INFO - Job 12: Subtask transform_data
[2025-02-26T09:55:26.989+0000] {task_command.py:423} INFO - Running <TaskInstance: 0_Examples_3_4_1_ETL_2.transform_data scheduled__2024-01-04T00:00:00+00:00 [running]> on host 8b59c4dac072
[2025-02-26T09:55:27.039+0000] {taskinstance.py:2480} INFO - Exporting env vars: AIRFLOW_CTX_DAG_OWNER='airflow' AIRFLOW_CTX_DAG_ID='0_Examples_3_4_1_ETL_2' AIRFLOW_CTX_TASK_ID='transform_data' AIRFLOW_CTX_EXECUTION_DATE='2024-01-04T00:00:00+00:00' AIRFLOW_CTX_TRY_NUMBER='1' AIRFLOW_CTX_DAG_RUN_ID='scheduled__2024-01-04T00:00:00+00:00'
[2025-02-26T09:55:27.047+0000] {python.py:201} INFO - Done. Returned value was: None
[2025-02-26T09:55:27.054+0000] {taskinstance.py:1138} INFO - Marking task as SUCCESS. dag_id=0_Examples_3_4_1_ETL_2, task_id=transform_data, execution_date=20240104T000000, start_date=20250226T095526, end_date=20250226T095527
[2025-02-26T09:55:27.088+0000] {local_task_job_runner.py:234} INFO - Task exited with return code 0
[2025-02-26T09:57:47.966+0000] {taskinstance.py:1956} INFO - Dependencies all met for dep_context=non-requeueable deps ti=<TaskInstance: 0_Examples_3_4_1_ETL_2.transform_data scheduled__2024-01-04T00:00:00+00:00 [queued]>
[2025-02-26T09:57:47.971+0000] {taskinstance.py:1956} INFO - Dependencies all met for dep_context=requeueable deps ti=<TaskInstance: 0_Examples_3_4_1_ETL_2.transform_data scheduled__2024-01-04T00:00:00+00:00 [queued]>
[2025-02-26T09:57:47.972+0000] {taskinstance.py:2170} INFO - Starting attempt 1 of 1
[2025-02-26T09:57:47.984+0000] {taskinstance.py:2191} INFO - Executing <Task(PythonOperator): transform_data> on 2024-01-04 00:00:00+00:00
[2025-02-26T09:57:47.989+0000] {standard_task_runner.py:60} INFO - Started process 535 to run task
[2025-02-26T09:57:47.992+0000] {standard_task_runner.py:87} INFO - Running: ['airflow', 'tasks', 'run', '0_Examples_3_4_1_ETL_2', 'transform_data', 'scheduled__2024-01-04T00:00:00+00:00', '--job-id', '24', '--raw', '--subdir', 'DAGS_FOLDER/exchangerate_api_work.py', '--cfg-path', '/tmp/tmpt1tnjh3s']
[2025-02-26T09:57:47.993+0000] {standard_task_runner.py:88} INFO - Job 24: Subtask transform_data
[2025-02-26T09:57:48.023+0000] {task_command.py:423} INFO - Running <TaskInstance: 0_Examples_3_4_1_ETL_2.transform_data scheduled__2024-01-04T00:00:00+00:00 [running]> on host 8b59c4dac072
[2025-02-26T09:57:48.064+0000] {taskinstance.py:2480} INFO - Exporting env vars: AIRFLOW_CTX_DAG_OWNER='airflow' AIRFLOW_CTX_DAG_ID='0_Examples_3_4_1_ETL_2' AIRFLOW_CTX_TASK_ID='transform_data' AIRFLOW_CTX_EXECUTION_DATE='2024-01-04T00:00:00+00:00' AIRFLOW_CTX_TRY_NUMBER='1' AIRFLOW_CTX_DAG_RUN_ID='scheduled__2024-01-04T00:00:00+00:00'
[2025-02-26T09:57:48.070+0000] {python.py:201} INFO - Done. Returned value was: None
[2025-02-26T09:57:48.075+0000] {taskinstance.py:1138} INFO - Marking task as SUCCESS. dag_id=0_Examples_3_4_1_ETL_2, task_id=transform_data, execution_date=20240104T000000, start_date=20250226T095747, end_date=20250226T095748
[2025-02-26T09:57:48.125+0000] {local_task_job_runner.py:234} INFO - Task exited with return code 0
[2025-02-26T10:05:09.166+0000] {taskinstance.py:1956} INFO - Dependencies all met for dep_context=non-requeueable deps ti=<TaskInstance: 0_Examples_3_4_1_ETL_2.transform_data scheduled__2024-01-04T00:00:00+00:00 [queued]>
[2025-02-26T10:05:09.175+0000] {taskinstance.py:1956} INFO - Dependencies all met for dep_context=requeueable deps ti=<TaskInstance: 0_Examples_3_4_1_ETL_2.transform_data scheduled__2024-01-04T00:00:00+00:00 [queued]>
[2025-02-26T10:05:09.175+0000] {taskinstance.py:2170} INFO - Starting attempt 1 of 1
[2025-02-26T10:05:09.190+0000] {taskinstance.py:2191} INFO - Executing <Task(PythonOperator): transform_data> on 2024-01-04 00:00:00+00:00
[2025-02-26T10:05:09.197+0000] {standard_task_runner.py:60} INFO - Started process 405 to run task
[2025-02-26T10:05:09.200+0000] {standard_task_runner.py:87} INFO - Running: ['airflow', 'tasks', 'run', '0_Examples_3_4_1_ETL_2', 'transform_data', 'scheduled__2024-01-04T00:00:00+00:00', '--job-id', '12', '--raw', '--subdir', 'DAGS_FOLDER/exchangerate_api_work.py', '--cfg-path', '/tmp/tmpu7ghyf5b']
[2025-02-26T10:05:09.202+0000] {standard_task_runner.py:88} INFO - Job 12: Subtask transform_data
[2025-02-26T10:05:09.242+0000] {task_command.py:423} INFO - Running <TaskInstance: 0_Examples_3_4_1_ETL_2.transform_data scheduled__2024-01-04T00:00:00+00:00 [running]> on host a57e69d73574
[2025-02-26T10:05:09.305+0000] {taskinstance.py:2480} INFO - Exporting env vars: AIRFLOW_CTX_DAG_OWNER='airflow' AIRFLOW_CTX_DAG_ID='0_Examples_3_4_1_ETL_2' AIRFLOW_CTX_TASK_ID='transform_data' AIRFLOW_CTX_EXECUTION_DATE='2024-01-04T00:00:00+00:00' AIRFLOW_CTX_TRY_NUMBER='1' AIRFLOW_CTX_DAG_RUN_ID='scheduled__2024-01-04T00:00:00+00:00'
[2025-02-26T10:05:09.314+0000] {python.py:201} INFO - Done. Returned value was: None
[2025-02-26T10:05:09.321+0000] {taskinstance.py:1138} INFO - Marking task as SUCCESS. dag_id=0_Examples_3_4_1_ETL_2, task_id=transform_data, execution_date=20240104T000000, start_date=20250226T100509, end_date=20250226T100509
[2025-02-26T10:05:09.374+0000] {local_task_job_runner.py:234} INFO - Task exited with return code 0
[2025-02-26T10:08:57.446+0000] {taskinstance.py:1956} INFO - Dependencies all met for dep_context=non-requeueable deps ti=<TaskInstance: 0_Examples_3_4_1_ETL_2.transform_data scheduled__2024-01-04T00:00:00+00:00 [queued]>
[2025-02-26T10:08:57.451+0000] {taskinstance.py:1956} INFO - Dependencies all met for dep_context=requeueable deps ti=<TaskInstance: 0_Examples_3_4_1_ETL_2.transform_data scheduled__2024-01-04T00:00:00+00:00 [queued]>
[2025-02-26T10:08:57.451+0000] {taskinstance.py:2170} INFO - Starting attempt 1 of 1
[2025-02-26T10:08:57.462+0000] {taskinstance.py:2191} INFO - Executing <Task(PythonOperator): transform_data> on 2024-01-04 00:00:00+00:00
[2025-02-26T10:08:57.468+0000] {standard_task_runner.py:60} INFO - Started process 693 to run task
[2025-02-26T10:08:57.470+0000] {standard_task_runner.py:87} INFO - Running: ['airflow', 'tasks', 'run', '0_Examples_3_4_1_ETL_2', 'transform_data', 'scheduled__2024-01-04T00:00:00+00:00', '--job-id', '12', '--raw', '--subdir', 'DAGS_FOLDER/exchangerate_api_work.py', '--cfg-path', '/tmp/tmpimt_lhel']
[2025-02-26T10:08:57.472+0000] {standard_task_runner.py:88} INFO - Job 12: Subtask transform_data
[2025-02-26T10:08:57.498+0000] {task_command.py:423} INFO - Running <TaskInstance: 0_Examples_3_4_1_ETL_2.transform_data scheduled__2024-01-04T00:00:00+00:00 [running]> on host a57e69d73574
[2025-02-26T10:08:57.544+0000] {taskinstance.py:2480} INFO - Exporting env vars: AIRFLOW_CTX_DAG_OWNER='airflow' AIRFLOW_CTX_DAG_ID='0_Examples_3_4_1_ETL_2' AIRFLOW_CTX_TASK_ID='transform_data' AIRFLOW_CTX_EXECUTION_DATE='2024-01-04T00:00:00+00:00' AIRFLOW_CTX_TRY_NUMBER='1' AIRFLOW_CTX_DAG_RUN_ID='scheduled__2024-01-04T00:00:00+00:00'
[2025-02-26T10:08:57.551+0000] {python.py:201} INFO - Done. Returned value was: None
[2025-02-26T10:08:57.555+0000] {taskinstance.py:1138} INFO - Marking task as SUCCESS. dag_id=0_Examples_3_4_1_ETL_2, task_id=transform_data, execution_date=20240104T000000, start_date=20250226T100857, end_date=20250226T100857
[2025-02-26T10:08:57.603+0000] {local_task_job_runner.py:234} INFO - Task exited with return code 0
[2025-03-12T11:46:04.207+0000] {taskinstance.py:1956} INFO - Dependencies all met for dep_context=non-requeueable deps ti=<TaskInstance: 0_Examples_3_4_1_ETL_2.transform_data scheduled__2024-01-04T00:00:00+00:00 [queued]>
[2025-03-12T11:46:04.212+0000] {taskinstance.py:1956} INFO - Dependencies all met for dep_context=requeueable deps ti=<TaskInstance: 0_Examples_3_4_1_ETL_2.transform_data scheduled__2024-01-04T00:00:00+00:00 [queued]>
[2025-03-12T11:46:04.213+0000] {taskinstance.py:2170} INFO - Starting attempt 1 of 1
[2025-03-12T11:46:04.224+0000] {taskinstance.py:2191} INFO - Executing <Task(PythonOperator): transform_data> on 2024-01-04 00:00:00+00:00
[2025-03-12T11:46:04.229+0000] {standard_task_runner.py:60} INFO - Started process 2867 to run task
[2025-03-12T11:46:04.232+0000] {standard_task_runner.py:87} INFO - Running: ['airflow', 'tasks', 'run', '0_Examples_3_4_1_ETL_2', 'transform_data', 'scheduled__2024-01-04T00:00:00+00:00', '--job-id', '12', '--raw', '--subdir', 'DAGS_FOLDER/exchangerate_api_work.py', '--cfg-path', '/tmp/tmpi2a7mhlu']
[2025-03-12T11:46:04.234+0000] {standard_task_runner.py:88} INFO - Job 12: Subtask transform_data
[2025-03-12T11:46:04.263+0000] {task_command.py:423} INFO - Running <TaskInstance: 0_Examples_3_4_1_ETL_2.transform_data scheduled__2024-01-04T00:00:00+00:00 [running]> on host 727edeb5f419
[2025-03-12T11:46:04.311+0000] {taskinstance.py:2480} INFO - Exporting env vars: AIRFLOW_CTX_DAG_OWNER='airflow' AIRFLOW_CTX_DAG_ID='0_Examples_3_4_1_ETL_2' AIRFLOW_CTX_TASK_ID='transform_data' AIRFLOW_CTX_EXECUTION_DATE='2024-01-04T00:00:00+00:00' AIRFLOW_CTX_TRY_NUMBER='1' AIRFLOW_CTX_DAG_RUN_ID='scheduled__2024-01-04T00:00:00+00:00'
[2025-03-12T11:46:04.318+0000] {python.py:201} INFO - Done. Returned value was: None
[2025-03-12T11:46:04.322+0000] {taskinstance.py:1138} INFO - Marking task as SUCCESS. dag_id=0_Examples_3_4_1_ETL_2, task_id=transform_data, execution_date=20240104T000000, start_date=20250312T114604, end_date=20250312T114604
[2025-03-12T11:46:04.365+0000] {local_task_job_runner.py:234} INFO - Task exited with return code 0
