[2025-02-26T09:58:02.811+0000] {taskinstance.py:1956} INFO - Dependencies all met for dep_context=non-requeueable deps ti=<TaskInstance: 0_Examples_3_4_1_ETL_2.upload_to_clickhouse scheduled__2024-01-05T00:00:00+00:00 [queued]>
[2025-02-26T09:58:02.816+0000] {taskinstance.py:1956} INFO - Dependencies all met for dep_context=requeueable deps ti=<TaskInstance: 0_Examples_3_4_1_ETL_2.upload_to_clickhouse scheduled__2024-01-05T00:00:00+00:00 [queued]>
[2025-02-26T09:58:02.817+0000] {taskinstance.py:2170} INFO - Starting attempt 1 of 1
[2025-02-26T09:58:02.828+0000] {taskinstance.py:2191} INFO - Executing <Task(PythonOperator): upload_to_clickhouse> on 2024-01-05 00:00:00+00:00
[2025-02-26T09:58:02.834+0000] {standard_task_runner.py:60} INFO - Started process 609 to run task
[2025-02-26T09:58:02.836+0000] {standard_task_runner.py:87} INFO - Running: ['airflow', 'tasks', 'run', '0_Examples_3_4_1_ETL_2', 'upload_to_clickhouse', 'scheduled__2024-01-05T00:00:00+00:00', '--job-id', '28', '--raw', '--subdir', 'DAGS_FOLDER/exchangerate_api_work.py', '--cfg-path', '/tmp/tmp28hn59md']
[2025-02-26T09:58:02.838+0000] {standard_task_runner.py:88} INFO - Job 28: Subtask upload_to_clickhouse
[2025-02-26T09:58:02.866+0000] {task_command.py:423} INFO - Running <TaskInstance: 0_Examples_3_4_1_ETL_2.upload_to_clickhouse scheduled__2024-01-05T00:00:00+00:00 [running]> on host 8b59c4dac072
[2025-02-26T09:58:02.907+0000] {taskinstance.py:2480} INFO - Exporting env vars: AIRFLOW_CTX_DAG_OWNER='airflow' AIRFLOW_CTX_DAG_ID='0_Examples_3_4_1_ETL_2' AIRFLOW_CTX_TASK_ID='upload_to_clickhouse' AIRFLOW_CTX_EXECUTION_DATE='2024-01-05T00:00:00+00:00' AIRFLOW_CTX_TRY_NUMBER='1' AIRFLOW_CTX_DAG_RUN_ID='scheduled__2024-01-05T00:00:00+00:00'
[2025-02-26T09:58:02.913+0000] {connection.py:411} WARNING - Failed to connect to localhost:8123
Traceback (most recent call last):
  File "/home/airflow/.local/lib/python3.9/site-packages/clickhouse_driver/connection.py", line 399, in connect
    return self._init_connection(host, port)
  File "/home/airflow/.local/lib/python3.9/site-packages/clickhouse_driver/connection.py", line 329, in _init_connection
    self.socket = self._create_socket(host, port)
  File "/home/airflow/.local/lib/python3.9/site-packages/clickhouse_driver/connection.py", line 301, in _create_socket
    raise err
  File "/home/airflow/.local/lib/python3.9/site-packages/clickhouse_driver/connection.py", line 292, in _create_socket
    sock.connect(sa)
ConnectionRefusedError: [Errno 111] Connection refused
[2025-02-26T09:58:02.914+0000] {taskinstance.py:2698} ERROR - Task failed with exception
Traceback (most recent call last):
  File "/home/airflow/.local/lib/python3.9/site-packages/airflow/models/taskinstance.py", line 433, in _execute_task
    result = execute_callable(context=context, **execute_callable_kwargs)
  File "/home/airflow/.local/lib/python3.9/site-packages/airflow/operators/python.py", line 199, in execute
    return_value = self.execute_callable()
  File "/home/airflow/.local/lib/python3.9/site-packages/airflow/operators/python.py", line 216, in execute_callable
    return self.python_callable(*self.op_args, **self.op_kwargs)
  File "/opt/airflow/dags/exchangerate_api_work.py", line 62, in upload_to_clickhouse
    client.execute(f'CREATE TABLE IF NOT EXISTS {table_name} (num_code Int64, char_code String, nominal Int64, name String, value String, date String) ENGINE Log')
  File "/home/airflow/.local/lib/python3.9/site-packages/clickhouse_driver/client.py", line 370, in execute
    with self.disconnect_on_error(query, settings):
  File "/usr/local/lib/python3.9/contextlib.py", line 119, in __enter__
    return next(self.gen)
  File "/home/airflow/.local/lib/python3.9/site-packages/clickhouse_driver/client.py", line 313, in disconnect_on_error
    self.establish_connection(settings)
  File "/home/airflow/.local/lib/python3.9/site-packages/clickhouse_driver/client.py", line 300, in establish_connection
    self.connection.force_connect()
  File "/home/airflow/.local/lib/python3.9/site-packages/clickhouse_driver/connection.py", line 258, in force_connect
    self.connect()
  File "/home/airflow/.local/lib/python3.9/site-packages/clickhouse_driver/connection.py", line 420, in connect
    raise err
clickhouse_driver.errors.NetworkError: Code: 210. Connection refused (localhost:8123)
[2025-02-26T09:58:02.919+0000] {taskinstance.py:1138} INFO - Marking task as FAILED. dag_id=0_Examples_3_4_1_ETL_2, task_id=upload_to_clickhouse, execution_date=20240105T000000, start_date=20250226T095802, end_date=20250226T095802
[2025-02-26T09:58:02.927+0000] {standard_task_runner.py:107} ERROR - Failed to execute job 28 for task upload_to_clickhouse (Code: 210. Connection refused (localhost:8123); 609)
[2025-02-26T09:58:02.969+0000] {local_task_job_runner.py:234} INFO - Task exited with return code 1
[2025-02-26T09:58:02.978+0000] {taskinstance.py:3280} INFO - 0 downstream tasks scheduled from follow-on schedule check
[2025-02-26T10:05:24.727+0000] {taskinstance.py:1956} INFO - Dependencies all met for dep_context=non-requeueable deps ti=<TaskInstance: 0_Examples_3_4_1_ETL_2.upload_to_clickhouse scheduled__2024-01-05T00:00:00+00:00 [queued]>
[2025-02-26T10:05:24.732+0000] {taskinstance.py:1956} INFO - Dependencies all met for dep_context=requeueable deps ti=<TaskInstance: 0_Examples_3_4_1_ETL_2.upload_to_clickhouse scheduled__2024-01-05T00:00:00+00:00 [queued]>
[2025-02-26T10:05:24.732+0000] {taskinstance.py:2170} INFO - Starting attempt 1 of 1
[2025-02-26T10:05:24.744+0000] {taskinstance.py:2191} INFO - Executing <Task(PythonOperator): upload_to_clickhouse> on 2024-01-05 00:00:00+00:00
[2025-02-26T10:05:24.749+0000] {standard_task_runner.py:60} INFO - Started process 479 to run task
[2025-02-26T10:05:24.751+0000] {standard_task_runner.py:87} INFO - Running: ['airflow', 'tasks', 'run', '0_Examples_3_4_1_ETL_2', 'upload_to_clickhouse', 'scheduled__2024-01-05T00:00:00+00:00', '--job-id', '16', '--raw', '--subdir', 'DAGS_FOLDER/exchangerate_api_work.py', '--cfg-path', '/tmp/tmp7wtr5vru']
[2025-02-26T10:05:24.753+0000] {standard_task_runner.py:88} INFO - Job 16: Subtask upload_to_clickhouse
[2025-02-26T10:05:24.781+0000] {task_command.py:423} INFO - Running <TaskInstance: 0_Examples_3_4_1_ETL_2.upload_to_clickhouse scheduled__2024-01-05T00:00:00+00:00 [running]> on host a57e69d73574
[2025-02-26T10:05:24.822+0000] {taskinstance.py:2480} INFO - Exporting env vars: AIRFLOW_CTX_DAG_OWNER='airflow' AIRFLOW_CTX_DAG_ID='0_Examples_3_4_1_ETL_2' AIRFLOW_CTX_TASK_ID='upload_to_clickhouse' AIRFLOW_CTX_EXECUTION_DATE='2024-01-05T00:00:00+00:00' AIRFLOW_CTX_TRY_NUMBER='1' AIRFLOW_CTX_DAG_RUN_ID='scheduled__2024-01-05T00:00:00+00:00'
[2025-02-26T10:05:24.829+0000] {connection.py:411} WARNING - Failed to connect to localhost:9000
Traceback (most recent call last):
  File "/home/airflow/.local/lib/python3.9/site-packages/clickhouse_driver/connection.py", line 399, in connect
    return self._init_connection(host, port)
  File "/home/airflow/.local/lib/python3.9/site-packages/clickhouse_driver/connection.py", line 329, in _init_connection
    self.socket = self._create_socket(host, port)
  File "/home/airflow/.local/lib/python3.9/site-packages/clickhouse_driver/connection.py", line 301, in _create_socket
    raise err
  File "/home/airflow/.local/lib/python3.9/site-packages/clickhouse_driver/connection.py", line 292, in _create_socket
    sock.connect(sa)
ConnectionRefusedError: [Errno 111] Connection refused
[2025-02-26T10:05:24.830+0000] {taskinstance.py:2698} ERROR - Task failed with exception
Traceback (most recent call last):
  File "/home/airflow/.local/lib/python3.9/site-packages/airflow/models/taskinstance.py", line 433, in _execute_task
    result = execute_callable(context=context, **execute_callable_kwargs)
  File "/home/airflow/.local/lib/python3.9/site-packages/airflow/operators/python.py", line 199, in execute
    return_value = self.execute_callable()
  File "/home/airflow/.local/lib/python3.9/site-packages/airflow/operators/python.py", line 216, in execute_callable
    return self.python_callable(*self.op_args, **self.op_kwargs)
  File "/opt/airflow/dags/exchangerate_api_work.py", line 61, in upload_to_clickhouse
    client.execute(f'CREATE TABLE IF NOT EXISTS {table_name} (num_code Int64, char_code String, nominal Int64, name String, value String, date String) ENGINE Log')
  File "/home/airflow/.local/lib/python3.9/site-packages/clickhouse_driver/client.py", line 370, in execute
    with self.disconnect_on_error(query, settings):
  File "/usr/local/lib/python3.9/contextlib.py", line 119, in __enter__
    return next(self.gen)
  File "/home/airflow/.local/lib/python3.9/site-packages/clickhouse_driver/client.py", line 313, in disconnect_on_error
    self.establish_connection(settings)
  File "/home/airflow/.local/lib/python3.9/site-packages/clickhouse_driver/client.py", line 300, in establish_connection
    self.connection.force_connect()
  File "/home/airflow/.local/lib/python3.9/site-packages/clickhouse_driver/connection.py", line 258, in force_connect
    self.connect()
  File "/home/airflow/.local/lib/python3.9/site-packages/clickhouse_driver/connection.py", line 420, in connect
    raise err
clickhouse_driver.errors.NetworkError: Code: 210. Connection refused (localhost:9000)
[2025-02-26T10:05:24.835+0000] {taskinstance.py:1138} INFO - Marking task as FAILED. dag_id=0_Examples_3_4_1_ETL_2, task_id=upload_to_clickhouse, execution_date=20240105T000000, start_date=20250226T100524, end_date=20250226T100524
[2025-02-26T10:05:24.844+0000] {standard_task_runner.py:107} ERROR - Failed to execute job 16 for task upload_to_clickhouse (Code: 210. Connection refused (localhost:9000); 479)
[2025-02-26T10:05:24.885+0000] {local_task_job_runner.py:234} INFO - Task exited with return code 1
[2025-02-26T10:05:24.895+0000] {taskinstance.py:3280} INFO - 0 downstream tasks scheduled from follow-on schedule check
[2025-02-26T10:09:13.463+0000] {taskinstance.py:1956} INFO - Dependencies all met for dep_context=non-requeueable deps ti=<TaskInstance: 0_Examples_3_4_1_ETL_2.upload_to_clickhouse scheduled__2024-01-05T00:00:00+00:00 [queued]>
[2025-02-26T10:09:13.467+0000] {taskinstance.py:1956} INFO - Dependencies all met for dep_context=requeueable deps ti=<TaskInstance: 0_Examples_3_4_1_ETL_2.upload_to_clickhouse scheduled__2024-01-05T00:00:00+00:00 [queued]>
[2025-02-26T10:09:13.468+0000] {taskinstance.py:2170} INFO - Starting attempt 1 of 1
[2025-02-26T10:09:13.479+0000] {taskinstance.py:2191} INFO - Executing <Task(PythonOperator): upload_to_clickhouse> on 2024-01-05 00:00:00+00:00
[2025-02-26T10:09:13.484+0000] {standard_task_runner.py:60} INFO - Started process 767 to run task
[2025-02-26T10:09:13.486+0000] {standard_task_runner.py:87} INFO - Running: ['airflow', 'tasks', 'run', '0_Examples_3_4_1_ETL_2', 'upload_to_clickhouse', 'scheduled__2024-01-05T00:00:00+00:00', '--job-id', '16', '--raw', '--subdir', 'DAGS_FOLDER/exchangerate_api_work.py', '--cfg-path', '/tmp/tmp1nuvl8jr']
[2025-02-26T10:09:13.488+0000] {standard_task_runner.py:88} INFO - Job 16: Subtask upload_to_clickhouse
[2025-02-26T10:09:13.514+0000] {task_command.py:423} INFO - Running <TaskInstance: 0_Examples_3_4_1_ETL_2.upload_to_clickhouse scheduled__2024-01-05T00:00:00+00:00 [running]> on host a57e69d73574
[2025-02-26T10:09:13.560+0000] {taskinstance.py:2480} INFO - Exporting env vars: AIRFLOW_CTX_DAG_OWNER='airflow' AIRFLOW_CTX_DAG_ID='0_Examples_3_4_1_ETL_2' AIRFLOW_CTX_TASK_ID='upload_to_clickhouse' AIRFLOW_CTX_EXECUTION_DATE='2024-01-05T00:00:00+00:00' AIRFLOW_CTX_TRY_NUMBER='1' AIRFLOW_CTX_DAG_RUN_ID='scheduled__2024-01-05T00:00:00+00:00'
[2025-02-26T10:09:13.576+0000] {unix.py:142} WARNING - /etc/timezone is deprecated on Debian, and no longer reliable. Ignoring.
[2025-02-26T10:09:13.579+0000] {python.py:201} INFO - Done. Returned value was: None
[2025-02-26T10:09:13.583+0000] {taskinstance.py:1138} INFO - Marking task as SUCCESS. dag_id=0_Examples_3_4_1_ETL_2, task_id=upload_to_clickhouse, execution_date=20240105T000000, start_date=20250226T100913, end_date=20250226T100913
[2025-02-26T10:09:13.620+0000] {local_task_job_runner.py:234} INFO - Task exited with return code 0
[2025-02-26T10:09:13.629+0000] {taskinstance.py:3280} INFO - 0 downstream tasks scheduled from follow-on schedule check
[2025-03-12T11:46:20.829+0000] {taskinstance.py:1956} INFO - Dependencies all met for dep_context=non-requeueable deps ti=<TaskInstance: 0_Examples_3_4_1_ETL_2.upload_to_clickhouse scheduled__2024-01-05T00:00:00+00:00 [queued]>
[2025-03-12T11:46:20.834+0000] {taskinstance.py:1956} INFO - Dependencies all met for dep_context=requeueable deps ti=<TaskInstance: 0_Examples_3_4_1_ETL_2.upload_to_clickhouse scheduled__2024-01-05T00:00:00+00:00 [queued]>
[2025-03-12T11:46:20.834+0000] {taskinstance.py:2170} INFO - Starting attempt 1 of 1
[2025-03-12T11:46:20.846+0000] {taskinstance.py:2191} INFO - Executing <Task(PythonOperator): upload_to_clickhouse> on 2024-01-05 00:00:00+00:00
[2025-03-12T11:46:20.851+0000] {standard_task_runner.py:60} INFO - Started process 2945 to run task
[2025-03-12T11:46:20.853+0000] {standard_task_runner.py:87} INFO - Running: ['airflow', 'tasks', 'run', '0_Examples_3_4_1_ETL_2', 'upload_to_clickhouse', 'scheduled__2024-01-05T00:00:00+00:00', '--job-id', '16', '--raw', '--subdir', 'DAGS_FOLDER/exchangerate_api_work.py', '--cfg-path', '/tmp/tmp_cteoydx']
[2025-03-12T11:46:20.854+0000] {standard_task_runner.py:88} INFO - Job 16: Subtask upload_to_clickhouse
[2025-03-12T11:46:20.880+0000] {task_command.py:423} INFO - Running <TaskInstance: 0_Examples_3_4_1_ETL_2.upload_to_clickhouse scheduled__2024-01-05T00:00:00+00:00 [running]> on host 727edeb5f419
[2025-03-12T11:46:20.922+0000] {taskinstance.py:2480} INFO - Exporting env vars: AIRFLOW_CTX_DAG_OWNER='airflow' AIRFLOW_CTX_DAG_ID='0_Examples_3_4_1_ETL_2' AIRFLOW_CTX_TASK_ID='upload_to_clickhouse' AIRFLOW_CTX_EXECUTION_DATE='2024-01-05T00:00:00+00:00' AIRFLOW_CTX_TRY_NUMBER='1' AIRFLOW_CTX_DAG_RUN_ID='scheduled__2024-01-05T00:00:00+00:00'
[2025-03-12T11:46:20.940+0000] {python.py:201} INFO - Done. Returned value was: None
[2025-03-12T11:46:20.944+0000] {taskinstance.py:1138} INFO - Marking task as SUCCESS. dag_id=0_Examples_3_4_1_ETL_2, task_id=upload_to_clickhouse, execution_date=20240105T000000, start_date=20250312T114620, end_date=20250312T114620
[2025-03-12T11:46:20.986+0000] {local_task_job_runner.py:234} INFO - Task exited with return code 0
[2025-03-12T11:46:20.995+0000] {taskinstance.py:3280} INFO - 0 downstream tasks scheduled from follow-on schedule check
