[2025-02-27T09:32:57.068+0000] {taskinstance.py:1956} INFO - Dependencies all met for dep_context=non-requeueable deps ti=<TaskInstance: 3_4_2_homework_assignment.extract_task scheduled__2024-01-04T00:00:00+00:00 [queued]>
[2025-02-27T09:32:57.072+0000] {taskinstance.py:1956} INFO - Dependencies all met for dep_context=requeueable deps ti=<TaskInstance: 3_4_2_homework_assignment.extract_task scheduled__2024-01-04T00:00:00+00:00 [queued]>
[2025-02-27T09:32:57.072+0000] {taskinstance.py:2170} INFO - Starting attempt 1 of 1
[2025-02-27T09:32:57.081+0000] {taskinstance.py:2191} INFO - Executing <Task(PythonOperator): extract_task> on 2024-01-04 00:00:00+00:00
[2025-02-27T09:32:57.086+0000] {standard_task_runner.py:60} INFO - Started process 260 to run task
[2025-02-27T09:32:57.088+0000] {standard_task_runner.py:87} INFO - Running: ['airflow', 'tasks', 'run', '3_4_2_homework_assignment', 'extract_task', 'scheduled__2024-01-04T00:00:00+00:00', '--job-id', '8', '--raw', '--subdir', 'DAGS_FOLDER/3_4_2_homework_assignment.py', '--cfg-path', '/tmp/tmp3et8a8v3']
[2025-02-27T09:32:57.089+0000] {standard_task_runner.py:88} INFO - Job 8: Subtask extract_task
[2025-02-27T09:32:57.112+0000] {task_command.py:423} INFO - Running <TaskInstance: 3_4_2_homework_assignment.extract_task scheduled__2024-01-04T00:00:00+00:00 [running]> on host ea5964584459
[2025-02-27T09:32:57.149+0000] {taskinstance.py:2480} INFO - Exporting env vars: AIRFLOW_CTX_DAG_OWNER='airflow' AIRFLOW_CTX_DAG_ID='3_4_2_homework_assignment' AIRFLOW_CTX_TASK_ID='extract_task' AIRFLOW_CTX_EXECUTION_DATE='2024-01-04T00:00:00+00:00' AIRFLOW_CTX_TRY_NUMBER='1' AIRFLOW_CTX_DAG_RUN_ID='scheduled__2024-01-04T00:00:00+00:00'
[2025-02-27T09:32:57.798+0000] {python.py:201} INFO - Done. Returned value was: None
[2025-02-27T09:32:57.801+0000] {taskinstance.py:1138} INFO - Marking task as SUCCESS. dag_id=3_4_2_homework_assignment, task_id=extract_task, execution_date=20240104T000000, start_date=20250227T093257, end_date=20250227T093257
[2025-02-27T09:32:57.822+0000] {local_task_job_runner.py:234} INFO - Task exited with return code 0
[2025-02-27T09:35:09.170+0000] {taskinstance.py:1956} INFO - Dependencies all met for dep_context=non-requeueable deps ti=<TaskInstance: 3_4_2_homework_assignment.extract_task scheduled__2024-01-04T00:00:00+00:00 [queued]>
[2025-02-27T09:35:09.174+0000] {taskinstance.py:1956} INFO - Dependencies all met for dep_context=requeueable deps ti=<TaskInstance: 3_4_2_homework_assignment.extract_task scheduled__2024-01-04T00:00:00+00:00 [queued]>
[2025-02-27T09:35:09.175+0000] {taskinstance.py:2170} INFO - Starting attempt 1 of 1
[2025-02-27T09:35:09.187+0000] {taskinstance.py:2191} INFO - Executing <Task(PythonOperator): extract_task> on 2024-01-04 00:00:00+00:00
[2025-02-27T09:35:09.192+0000] {standard_task_runner.py:60} INFO - Started process 619 to run task
[2025-02-27T09:35:09.194+0000] {standard_task_runner.py:87} INFO - Running: ['airflow', 'tasks', 'run', '3_4_2_homework_assignment', 'extract_task', 'scheduled__2024-01-04T00:00:00+00:00', '--job-id', '8', '--raw', '--subdir', 'DAGS_FOLDER/3_4_2_homework_assignment.py', '--cfg-path', '/tmp/tmpxbik0h8p']
[2025-02-27T09:35:09.195+0000] {standard_task_runner.py:88} INFO - Job 8: Subtask extract_task
[2025-02-27T09:35:09.221+0000] {task_command.py:423} INFO - Running <TaskInstance: 3_4_2_homework_assignment.extract_task scheduled__2024-01-04T00:00:00+00:00 [running]> on host ea5964584459
[2025-02-27T09:35:09.266+0000] {taskinstance.py:2480} INFO - Exporting env vars: AIRFLOW_CTX_DAG_OWNER='airflow' AIRFLOW_CTX_DAG_ID='3_4_2_homework_assignment' AIRFLOW_CTX_TASK_ID='extract_task' AIRFLOW_CTX_EXECUTION_DATE='2024-01-04T00:00:00+00:00' AIRFLOW_CTX_TRY_NUMBER='1' AIRFLOW_CTX_DAG_RUN_ID='scheduled__2024-01-04T00:00:00+00:00'
[2025-02-27T09:35:09.860+0000] {python.py:201} INFO - Done. Returned value was: None
[2025-02-27T09:35:09.864+0000] {taskinstance.py:1138} INFO - Marking task as SUCCESS. dag_id=3_4_2_homework_assignment, task_id=extract_task, execution_date=20240104T000000, start_date=20250227T093509, end_date=20250227T093509
[2025-02-27T09:35:09.892+0000] {local_task_job_runner.py:234} INFO - Task exited with return code 0
[2025-02-27T09:40:06.295+0000] {taskinstance.py:1956} INFO - Dependencies all met for dep_context=non-requeueable deps ti=<TaskInstance: 3_4_2_homework_assignment.extract_task scheduled__2024-01-04T00:00:00+00:00 [queued]>
[2025-02-27T09:40:06.301+0000] {taskinstance.py:1956} INFO - Dependencies all met for dep_context=requeueable deps ti=<TaskInstance: 3_4_2_homework_assignment.extract_task scheduled__2024-01-04T00:00:00+00:00 [queued]>
[2025-02-27T09:40:06.302+0000] {taskinstance.py:2170} INFO - Starting attempt 1 of 1
[2025-02-27T09:40:06.313+0000] {taskinstance.py:2191} INFO - Executing <Task(PythonOperator): extract_task> on 2024-01-04 00:00:00+00:00
[2025-02-27T09:40:06.319+0000] {standard_task_runner.py:60} INFO - Started process 1022 to run task
[2025-02-27T09:40:06.321+0000] {standard_task_runner.py:87} INFO - Running: ['airflow', 'tasks', 'run', '3_4_2_homework_assignment', 'extract_task', 'scheduled__2024-01-04T00:00:00+00:00', '--job-id', '8', '--raw', '--subdir', 'DAGS_FOLDER/3_4_2_homework_assignment.py', '--cfg-path', '/tmp/tmp0wl6hzpd']
[2025-02-27T09:40:06.323+0000] {standard_task_runner.py:88} INFO - Job 8: Subtask extract_task
[2025-02-27T09:40:06.351+0000] {task_command.py:423} INFO - Running <TaskInstance: 3_4_2_homework_assignment.extract_task scheduled__2024-01-04T00:00:00+00:00 [running]> on host ea5964584459
[2025-02-27T09:40:06.401+0000] {taskinstance.py:2480} INFO - Exporting env vars: AIRFLOW_CTX_DAG_OWNER='airflow' AIRFLOW_CTX_DAG_ID='3_4_2_homework_assignment' AIRFLOW_CTX_TASK_ID='extract_task' AIRFLOW_CTX_EXECUTION_DATE='2024-01-04T00:00:00+00:00' AIRFLOW_CTX_TRY_NUMBER='1' AIRFLOW_CTX_DAG_RUN_ID='scheduled__2024-01-04T00:00:00+00:00'
[2025-02-27T09:40:07.029+0000] {python.py:201} INFO - Done. Returned value was: None
[2025-02-27T09:40:07.033+0000] {taskinstance.py:1138} INFO - Marking task as SUCCESS. dag_id=3_4_2_homework_assignment, task_id=extract_task, execution_date=20240104T000000, start_date=20250227T094006, end_date=20250227T094007
[2025-02-27T09:40:07.058+0000] {local_task_job_runner.py:234} INFO - Task exited with return code 0
[2025-02-27T09:44:02.810+0000] {taskinstance.py:1956} INFO - Dependencies all met for dep_context=non-requeueable deps ti=<TaskInstance: 3_4_2_homework_assignment.extract_task scheduled__2024-01-04T00:00:00+00:00 [queued]>
[2025-02-27T09:44:02.815+0000] {taskinstance.py:1956} INFO - Dependencies all met for dep_context=requeueable deps ti=<TaskInstance: 3_4_2_homework_assignment.extract_task scheduled__2024-01-04T00:00:00+00:00 [queued]>
[2025-02-27T09:44:02.815+0000] {taskinstance.py:2170} INFO - Starting attempt 1 of 1
[2025-02-27T09:44:02.827+0000] {taskinstance.py:2191} INFO - Executing <Task(PythonOperator): extract_task> on 2024-01-04 00:00:00+00:00
[2025-02-27T09:44:02.833+0000] {standard_task_runner.py:60} INFO - Started process 1414 to run task
[2025-02-27T09:44:02.837+0000] {standard_task_runner.py:87} INFO - Running: ['airflow', 'tasks', 'run', '3_4_2_homework_assignment', 'extract_task', 'scheduled__2024-01-04T00:00:00+00:00', '--job-id', '8', '--raw', '--subdir', 'DAGS_FOLDER/3_4_2_homework_assignment.py', '--cfg-path', '/tmp/tmpwv3tg2kc']
[2025-02-27T09:44:02.838+0000] {standard_task_runner.py:88} INFO - Job 8: Subtask extract_task
[2025-02-27T09:44:02.869+0000] {task_command.py:423} INFO - Running <TaskInstance: 3_4_2_homework_assignment.extract_task scheduled__2024-01-04T00:00:00+00:00 [running]> on host ea5964584459
[2025-02-27T09:44:02.921+0000] {taskinstance.py:2480} INFO - Exporting env vars: AIRFLOW_CTX_DAG_OWNER='airflow' AIRFLOW_CTX_DAG_ID='3_4_2_homework_assignment' AIRFLOW_CTX_TASK_ID='extract_task' AIRFLOW_CTX_EXECUTION_DATE='2024-01-04T00:00:00+00:00' AIRFLOW_CTX_TRY_NUMBER='1' AIRFLOW_CTX_DAG_RUN_ID='scheduled__2024-01-04T00:00:00+00:00'
[2025-02-27T09:44:03.545+0000] {logging_mixin.py:188} INFO - Ответ API: {
  "success": false,
  "error": {
    "code": 101,
    "type": "invalid_access_key",
    "info": "You have not supplied a valid API Access Key. [Technical Support: support@apilayer.com]"
  }
}
[2025-02-27T09:44:03.546+0000] {python.py:201} INFO - Done. Returned value was: None
[2025-02-27T09:44:03.550+0000] {taskinstance.py:1138} INFO - Marking task as SUCCESS. dag_id=3_4_2_homework_assignment, task_id=extract_task, execution_date=20240104T000000, start_date=20250227T094402, end_date=20250227T094403
[2025-02-27T09:44:03.573+0000] {local_task_job_runner.py:234} INFO - Task exited with return code 0
[2025-02-27T09:45:42.813+0000] {taskinstance.py:1956} INFO - Dependencies all met for dep_context=non-requeueable deps ti=<TaskInstance: 3_4_2_homework_assignment.extract_task scheduled__2024-01-04T00:00:00+00:00 [queued]>
[2025-02-27T09:45:42.817+0000] {taskinstance.py:1956} INFO - Dependencies all met for dep_context=requeueable deps ti=<TaskInstance: 3_4_2_homework_assignment.extract_task scheduled__2024-01-04T00:00:00+00:00 [queued]>
[2025-02-27T09:45:42.818+0000] {taskinstance.py:2170} INFO - Starting attempt 1 of 1
[2025-02-27T09:45:42.828+0000] {taskinstance.py:2191} INFO - Executing <Task(PythonOperator): extract_task> on 2024-01-04 00:00:00+00:00
[2025-02-27T09:45:42.834+0000] {standard_task_runner.py:60} INFO - Started process 1630 to run task
[2025-02-27T09:45:42.836+0000] {standard_task_runner.py:87} INFO - Running: ['airflow', 'tasks', 'run', '3_4_2_homework_assignment', 'extract_task', 'scheduled__2024-01-04T00:00:00+00:00', '--job-id', '8', '--raw', '--subdir', 'DAGS_FOLDER/3_4_2_homework_assignment.py', '--cfg-path', '/tmp/tmp80_48aw9']
[2025-02-27T09:45:42.838+0000] {standard_task_runner.py:88} INFO - Job 8: Subtask extract_task
[2025-02-27T09:45:42.869+0000] {task_command.py:423} INFO - Running <TaskInstance: 3_4_2_homework_assignment.extract_task scheduled__2024-01-04T00:00:00+00:00 [running]> on host ea5964584459
[2025-02-27T09:45:42.917+0000] {taskinstance.py:2480} INFO - Exporting env vars: AIRFLOW_CTX_DAG_OWNER='airflow' AIRFLOW_CTX_DAG_ID='3_4_2_homework_assignment' AIRFLOW_CTX_TASK_ID='extract_task' AIRFLOW_CTX_EXECUTION_DATE='2024-01-04T00:00:00+00:00' AIRFLOW_CTX_TRY_NUMBER='1' AIRFLOW_CTX_DAG_RUN_ID='scheduled__2024-01-04T00:00:00+00:00'
[2025-02-27T09:45:43.558+0000] {logging_mixin.py:188} INFO - Ответ API: {
  "success": false,
  "error": {
    "code": 101,
    "type": "invalid_access_key",
    "info": "You have not supplied a valid API Access Key. [Technical Support: support@apilayer.com]"
  }
}
[2025-02-27T09:45:43.559+0000] {python.py:201} INFO - Done. Returned value was: None
[2025-02-27T09:45:43.564+0000] {taskinstance.py:1138} INFO - Marking task as SUCCESS. dag_id=3_4_2_homework_assignment, task_id=extract_task, execution_date=20240104T000000, start_date=20250227T094542, end_date=20250227T094543
[2025-02-27T09:45:43.618+0000] {local_task_job_runner.py:234} INFO - Task exited with return code 0
[2025-02-27T09:45:43.627+0000] {taskinstance.py:3280} INFO - 0 downstream tasks scheduled from follow-on schedule check
[2025-02-27T09:47:00.499+0000] {taskinstance.py:1956} INFO - Dependencies all met for dep_context=non-requeueable deps ti=<TaskInstance: 3_4_2_homework_assignment.extract_task scheduled__2024-01-04T00:00:00+00:00 [queued]>
[2025-02-27T09:47:00.503+0000] {taskinstance.py:1956} INFO - Dependencies all met for dep_context=requeueable deps ti=<TaskInstance: 3_4_2_homework_assignment.extract_task scheduled__2024-01-04T00:00:00+00:00 [queued]>
[2025-02-27T09:47:00.504+0000] {taskinstance.py:2170} INFO - Starting attempt 1 of 1
[2025-02-27T09:47:00.517+0000] {taskinstance.py:2191} INFO - Executing <Task(PythonOperator): extract_task> on 2024-01-04 00:00:00+00:00
[2025-02-27T09:47:00.523+0000] {standard_task_runner.py:60} INFO - Started process 1729 to run task
[2025-02-27T09:47:00.526+0000] {standard_task_runner.py:87} INFO - Running: ['airflow', 'tasks', 'run', '3_4_2_homework_assignment', 'extract_task', 'scheduled__2024-01-04T00:00:00+00:00', '--job-id', '5', '--raw', '--subdir', 'DAGS_FOLDER/3_4_2_homework_assignment.py', '--cfg-path', '/tmp/tmp6g0krb4f']
[2025-02-27T09:47:00.527+0000] {standard_task_runner.py:88} INFO - Job 5: Subtask extract_task
[2025-02-27T09:47:00.557+0000] {task_command.py:423} INFO - Running <TaskInstance: 3_4_2_homework_assignment.extract_task scheduled__2024-01-04T00:00:00+00:00 [running]> on host ea5964584459
[2025-02-27T09:47:00.606+0000] {taskinstance.py:2480} INFO - Exporting env vars: AIRFLOW_CTX_DAG_OWNER='airflow' AIRFLOW_CTX_DAG_ID='3_4_2_homework_assignment' AIRFLOW_CTX_TASK_ID='extract_task' AIRFLOW_CTX_EXECUTION_DATE='2024-01-04T00:00:00+00:00' AIRFLOW_CTX_TRY_NUMBER='1' AIRFLOW_CTX_DAG_RUN_ID='scheduled__2024-01-04T00:00:00+00:00'
[2025-02-27T09:47:01.277+0000] {logging_mixin.py:188} INFO - Ответ API: {
  "success": false,
  "error": {
    "code": 101,
    "type": "invalid_access_key",
    "info": "You have not supplied a valid API Access Key. [Technical Support: support@apilayer.com]"
  }
}
[2025-02-27T09:47:01.279+0000] {python.py:201} INFO - Done. Returned value was: None
[2025-02-27T09:47:01.284+0000] {taskinstance.py:1138} INFO - Marking task as SUCCESS. dag_id=3_4_2_homework_assignment, task_id=extract_task, execution_date=20240104T000000, start_date=20250227T094700, end_date=20250227T094701
[2025-02-27T09:47:01.315+0000] {local_task_job_runner.py:234} INFO - Task exited with return code 0
[2025-02-27T09:47:01.325+0000] {taskinstance.py:3280} INFO - 0 downstream tasks scheduled from follow-on schedule check
[2025-02-27T09:48:42.870+0000] {taskinstance.py:1956} INFO - Dependencies all met for dep_context=non-requeueable deps ti=<TaskInstance: 3_4_2_homework_assignment.extract_task scheduled__2024-01-04T00:00:00+00:00 [queued]>
[2025-02-27T09:48:42.875+0000] {taskinstance.py:1956} INFO - Dependencies all met for dep_context=requeueable deps ti=<TaskInstance: 3_4_2_homework_assignment.extract_task scheduled__2024-01-04T00:00:00+00:00 [queued]>
[2025-02-27T09:48:42.875+0000] {taskinstance.py:2170} INFO - Starting attempt 1 of 1
[2025-02-27T09:48:42.889+0000] {taskinstance.py:2191} INFO - Executing <Task(PythonOperator): extract_task> on 2024-01-04 00:00:00+00:00
[2025-02-27T09:48:42.897+0000] {standard_task_runner.py:60} INFO - Started process 1999 to run task
[2025-02-27T09:48:42.900+0000] {standard_task_runner.py:87} INFO - Running: ['airflow', 'tasks', 'run', '3_4_2_homework_assignment', 'extract_task', 'scheduled__2024-01-04T00:00:00+00:00', '--job-id', '7', '--raw', '--subdir', 'DAGS_FOLDER/3_4_2_homework_assignment.py', '--cfg-path', '/tmp/tmp4jsm5119']
[2025-02-27T09:48:42.902+0000] {standard_task_runner.py:88} INFO - Job 7: Subtask extract_task
[2025-02-27T09:48:42.940+0000] {task_command.py:423} INFO - Running <TaskInstance: 3_4_2_homework_assignment.extract_task scheduled__2024-01-04T00:00:00+00:00 [running]> on host ea5964584459
[2025-02-27T09:48:42.998+0000] {taskinstance.py:2480} INFO - Exporting env vars: AIRFLOW_CTX_DAG_OWNER='airflow' AIRFLOW_CTX_DAG_ID='3_4_2_homework_assignment' AIRFLOW_CTX_TASK_ID='extract_task' AIRFLOW_CTX_EXECUTION_DATE='2024-01-04T00:00:00+00:00' AIRFLOW_CTX_TRY_NUMBER='1' AIRFLOW_CTX_DAG_RUN_ID='scheduled__2024-01-04T00:00:00+00:00'
[2025-02-27T09:48:43.605+0000] {logging_mixin.py:188} INFO - Ответ API: {
  "success": false,
  "error": {
    "code": 101,
    "type": "invalid_access_key",
    "info": "You have not supplied a valid API Access Key. [Technical Support: support@apilayer.com]"
  }
}
[2025-02-27T09:48:43.607+0000] {python.py:201} INFO - Done. Returned value was: None
[2025-02-27T09:48:43.611+0000] {taskinstance.py:1138} INFO - Marking task as SUCCESS. dag_id=3_4_2_homework_assignment, task_id=extract_task, execution_date=20240104T000000, start_date=20250227T094842, end_date=20250227T094843
[2025-02-27T09:48:43.637+0000] {local_task_job_runner.py:234} INFO - Task exited with return code 0
[2025-02-27T09:48:43.645+0000] {taskinstance.py:3280} INFO - 0 downstream tasks scheduled from follow-on schedule check
[2025-02-27T09:50:16.708+0000] {taskinstance.py:1956} INFO - Dependencies all met for dep_context=non-requeueable deps ti=<TaskInstance: 3_4_2_homework_assignment.extract_task scheduled__2024-01-04T00:00:00+00:00 [queued]>
[2025-02-27T09:50:16.713+0000] {taskinstance.py:1956} INFO - Dependencies all met for dep_context=requeueable deps ti=<TaskInstance: 3_4_2_homework_assignment.extract_task scheduled__2024-01-04T00:00:00+00:00 [queued]>
[2025-02-27T09:50:16.713+0000] {taskinstance.py:2170} INFO - Starting attempt 1 of 1
[2025-02-27T09:50:16.723+0000] {taskinstance.py:2191} INFO - Executing <Task(PythonOperator): extract_task> on 2024-01-04 00:00:00+00:00
[2025-02-27T09:50:16.727+0000] {standard_task_runner.py:60} INFO - Started process 2227 to run task
[2025-02-27T09:50:16.729+0000] {standard_task_runner.py:87} INFO - Running: ['airflow', 'tasks', 'run', '3_4_2_homework_assignment', 'extract_task', 'scheduled__2024-01-04T00:00:00+00:00', '--job-id', '11', '--raw', '--subdir', 'DAGS_FOLDER/3_4_2_homework_assignment.py', '--cfg-path', '/tmp/tmpoylc9jdi']
[2025-02-27T09:50:16.730+0000] {standard_task_runner.py:88} INFO - Job 11: Subtask extract_task
[2025-02-27T09:50:16.755+0000] {task_command.py:423} INFO - Running <TaskInstance: 3_4_2_homework_assignment.extract_task scheduled__2024-01-04T00:00:00+00:00 [running]> on host ea5964584459
[2025-02-27T09:50:16.796+0000] {taskinstance.py:2480} INFO - Exporting env vars: AIRFLOW_CTX_DAG_OWNER='airflow' AIRFLOW_CTX_DAG_ID='3_4_2_homework_assignment' AIRFLOW_CTX_TASK_ID='extract_task' AIRFLOW_CTX_EXECUTION_DATE='2024-01-04T00:00:00+00:00' AIRFLOW_CTX_TRY_NUMBER='1' AIRFLOW_CTX_DAG_RUN_ID='scheduled__2024-01-04T00:00:00+00:00'
[2025-02-27T09:50:16.797+0000] {logging_mixin.py:188} INFO - https://api.exchangerate.host/timeframe?access_key=None&source=USD&start_date={{ds}}&end_date={{ds}}
[2025-02-27T09:50:17.387+0000] {logging_mixin.py:188} INFO - Ответ API: {
  "success": false,
  "error": {
    "code": 101,
    "type": "invalid_access_key",
    "info": "You have not supplied a valid API Access Key. [Technical Support: support@apilayer.com]"
  }
}
[2025-02-27T09:50:17.389+0000] {python.py:201} INFO - Done. Returned value was: None
[2025-02-27T09:50:17.392+0000] {taskinstance.py:1138} INFO - Marking task as SUCCESS. dag_id=3_4_2_homework_assignment, task_id=extract_task, execution_date=20240104T000000, start_date=20250227T095016, end_date=20250227T095017
[2025-02-27T09:50:17.426+0000] {local_task_job_runner.py:234} INFO - Task exited with return code 0
[2025-02-27T09:50:17.435+0000] {taskinstance.py:3280} INFO - 0 downstream tasks scheduled from follow-on schedule check
[2025-02-27T09:54:35.350+0000] {taskinstance.py:1956} INFO - Dependencies all met for dep_context=non-requeueable deps ti=<TaskInstance: 3_4_2_homework_assignment.extract_task scheduled__2024-01-04T00:00:00+00:00 [queued]>
[2025-02-27T09:54:35.355+0000] {taskinstance.py:1956} INFO - Dependencies all met for dep_context=requeueable deps ti=<TaskInstance: 3_4_2_homework_assignment.extract_task scheduled__2024-01-04T00:00:00+00:00 [queued]>
[2025-02-27T09:54:35.356+0000] {taskinstance.py:2170} INFO - Starting attempt 1 of 1
[2025-02-27T09:54:35.367+0000] {taskinstance.py:2191} INFO - Executing <Task(PythonOperator): extract_task> on 2024-01-04 00:00:00+00:00
[2025-02-27T09:54:35.372+0000] {standard_task_runner.py:60} INFO - Started process 2807 to run task
[2025-02-27T09:54:35.374+0000] {standard_task_runner.py:87} INFO - Running: ['airflow', 'tasks', 'run', '3_4_2_homework_assignment', 'extract_task', 'scheduled__2024-01-04T00:00:00+00:00', '--job-id', '11', '--raw', '--subdir', 'DAGS_FOLDER/3_4_2_homework_assignment.py', '--cfg-path', '/tmp/tmpfgsyjzgp']
[2025-02-27T09:54:35.376+0000] {standard_task_runner.py:88} INFO - Job 11: Subtask extract_task
[2025-02-27T09:54:35.405+0000] {task_command.py:423} INFO - Running <TaskInstance: 3_4_2_homework_assignment.extract_task scheduled__2024-01-04T00:00:00+00:00 [running]> on host ea5964584459
[2025-02-27T09:54:35.451+0000] {taskinstance.py:2480} INFO - Exporting env vars: AIRFLOW_CTX_DAG_OWNER='airflow' AIRFLOW_CTX_DAG_ID='3_4_2_homework_assignment' AIRFLOW_CTX_TASK_ID='extract_task' AIRFLOW_CTX_EXECUTION_DATE='2024-01-04T00:00:00+00:00' AIRFLOW_CTX_TRY_NUMBER='1' AIRFLOW_CTX_DAG_RUN_ID='scheduled__2024-01-04T00:00:00+00:00'
[2025-02-27T09:54:35.452+0000] {3_4_2_homework_assignment.py:41} INFO - https://api.exchangerate.host/timeframe?access_key=None&source=USD&start_date={{ds}}&end_date={{ds}}
[2025-02-27T09:54:36.072+0000] {logging_mixin.py:188} INFO - Ответ API: {
  "success": false,
  "error": {
    "code": 101,
    "type": "invalid_access_key",
    "info": "You have not supplied a valid API Access Key. [Technical Support: support@apilayer.com]"
  }
}
[2025-02-27T09:54:36.074+0000] {python.py:201} INFO - Done. Returned value was: None
[2025-02-27T09:54:36.077+0000] {taskinstance.py:1138} INFO - Marking task as SUCCESS. dag_id=3_4_2_homework_assignment, task_id=extract_task, execution_date=20240104T000000, start_date=20250227T095435, end_date=20250227T095436
[2025-02-27T09:54:36.112+0000] {local_task_job_runner.py:234} INFO - Task exited with return code 0
[2025-02-27T09:54:36.120+0000] {taskinstance.py:3280} INFO - 0 downstream tasks scheduled from follow-on schedule check
[2025-02-27T10:06:27.996+0000] {taskinstance.py:1956} INFO - Dependencies all met for dep_context=non-requeueable deps ti=<TaskInstance: 3_4_2_homework_assignment.extract_task scheduled__2024-01-04T00:00:00+00:00 [queued]>
[2025-02-27T10:06:28.000+0000] {taskinstance.py:1956} INFO - Dependencies all met for dep_context=requeueable deps ti=<TaskInstance: 3_4_2_homework_assignment.extract_task scheduled__2024-01-04T00:00:00+00:00 [queued]>
[2025-02-27T10:06:28.000+0000] {taskinstance.py:2170} INFO - Starting attempt 1 of 1
[2025-02-27T10:06:28.013+0000] {taskinstance.py:2191} INFO - Executing <Task(PythonOperator): extract_task> on 2024-01-04 00:00:00+00:00
[2025-02-27T10:06:28.018+0000] {standard_task_runner.py:60} INFO - Started process 3449 to run task
[2025-02-27T10:06:28.020+0000] {standard_task_runner.py:87} INFO - Running: ['airflow', 'tasks', 'run', '3_4_2_homework_assignment', 'extract_task', 'scheduled__2024-01-04T00:00:00+00:00', '--job-id', '11', '--raw', '--subdir', 'DAGS_FOLDER/3_4_2_homework_assignment.py', '--cfg-path', '/tmp/tmpr59r8_cx']
[2025-02-27T10:06:28.021+0000] {standard_task_runner.py:88} INFO - Job 11: Subtask extract_task
[2025-02-27T10:06:28.046+0000] {task_command.py:423} INFO - Running <TaskInstance: 3_4_2_homework_assignment.extract_task scheduled__2024-01-04T00:00:00+00:00 [running]> on host ea5964584459
[2025-02-27T10:06:28.088+0000] {taskinstance.py:2480} INFO - Exporting env vars: AIRFLOW_CTX_DAG_OWNER='airflow' AIRFLOW_CTX_DAG_ID='3_4_2_homework_assignment' AIRFLOW_CTX_TASK_ID='extract_task' AIRFLOW_CTX_EXECUTION_DATE='2024-01-04T00:00:00+00:00' AIRFLOW_CTX_TRY_NUMBER='1' AIRFLOW_CTX_DAG_RUN_ID='scheduled__2024-01-04T00:00:00+00:00'
[2025-02-27T10:06:28.751+0000] {logging_mixin.py:188} INFO - Ответ API: {
  "success": false,
  "error": {
    "code": 101,
    "type": "invalid_access_key",
    "info": "You have not supplied a valid API Access Key. [Technical Support: support@apilayer.com]"
  }
}
[2025-02-27T10:06:28.753+0000] {python.py:201} INFO - Done. Returned value was: None
[2025-02-27T10:06:28.757+0000] {taskinstance.py:1138} INFO - Marking task as SUCCESS. dag_id=3_4_2_homework_assignment, task_id=extract_task, execution_date=20240104T000000, start_date=20250227T100627, end_date=20250227T100628
[2025-02-27T10:06:28.802+0000] {local_task_job_runner.py:234} INFO - Task exited with return code 0
[2025-02-27T10:06:28.810+0000] {taskinstance.py:3280} INFO - 0 downstream tasks scheduled from follow-on schedule check
[2025-02-27T10:12:19.900+0000] {taskinstance.py:1956} INFO - Dependencies all met for dep_context=non-requeueable deps ti=<TaskInstance: 3_4_2_homework_assignment.extract_task scheduled__2024-01-04T00:00:00+00:00 [queued]>
[2025-02-27T10:12:19.905+0000] {taskinstance.py:1956} INFO - Dependencies all met for dep_context=requeueable deps ti=<TaskInstance: 3_4_2_homework_assignment.extract_task scheduled__2024-01-04T00:00:00+00:00 [queued]>
[2025-02-27T10:12:19.905+0000] {taskinstance.py:2170} INFO - Starting attempt 1 of 1
[2025-02-27T10:12:19.915+0000] {taskinstance.py:2191} INFO - Executing <Task(PythonOperator): extract_task> on 2024-01-04 00:00:00+00:00
[2025-02-27T10:12:19.920+0000] {standard_task_runner.py:60} INFO - Started process 4062 to run task
[2025-02-27T10:12:19.922+0000] {standard_task_runner.py:87} INFO - Running: ['airflow', 'tasks', 'run', '3_4_2_homework_assignment', 'extract_task', 'scheduled__2024-01-04T00:00:00+00:00', '--job-id', '9', '--raw', '--subdir', 'DAGS_FOLDER/3_4_2_homework_assignment.py', '--cfg-path', '/tmp/tmpy0qcvdze']
[2025-02-27T10:12:19.923+0000] {standard_task_runner.py:88} INFO - Job 9: Subtask extract_task
[2025-02-27T10:12:19.948+0000] {task_command.py:423} INFO - Running <TaskInstance: 3_4_2_homework_assignment.extract_task scheduled__2024-01-04T00:00:00+00:00 [running]> on host ea5964584459
[2025-02-27T10:12:19.987+0000] {taskinstance.py:2480} INFO - Exporting env vars: AIRFLOW_CTX_DAG_OWNER='airflow' AIRFLOW_CTX_DAG_ID='3_4_2_homework_assignment' AIRFLOW_CTX_TASK_ID='extract_task' AIRFLOW_CTX_EXECUTION_DATE='2024-01-04T00:00:00+00:00' AIRFLOW_CTX_TRY_NUMBER='1' AIRFLOW_CTX_DAG_RUN_ID='scheduled__2024-01-04T00:00:00+00:00'
[2025-02-27T10:12:19.988+0000] {taskinstance.py:2698} ERROR - Task failed with exception
Traceback (most recent call last):
  File "/home/airflow/.local/lib/python3.9/site-packages/airflow/models/taskinstance.py", line 433, in _execute_task
    result = execute_callable(context=context, **execute_callable_kwargs)
  File "/home/airflow/.local/lib/python3.9/site-packages/airflow/operators/python.py", line 199, in execute
    return_value = self.execute_callable()
  File "/home/airflow/.local/lib/python3.9/site-packages/airflow/operators/python.py", line 216, in execute_callable
    return self.python_callable(*self.op_args, **self.op_kwargs)
  File "/opt/airflow/dags/3_4_2_homework_assignment.py", line 41, in extract_data
    logging.ERROR(url_get)
TypeError: 'int' object is not callable
[2025-02-27T10:12:19.994+0000] {taskinstance.py:1138} INFO - Marking task as FAILED. dag_id=3_4_2_homework_assignment, task_id=extract_task, execution_date=20240104T000000, start_date=20250227T101219, end_date=20250227T101219
[2025-02-27T10:12:20.003+0000] {standard_task_runner.py:107} ERROR - Failed to execute job 9 for task extract_task ('int' object is not callable; 4062)
[2025-02-27T10:12:20.015+0000] {local_task_job_runner.py:234} INFO - Task exited with return code 1
[2025-02-27T10:12:20.024+0000] {taskinstance.py:3280} INFO - 0 downstream tasks scheduled from follow-on schedule check
[2025-02-27T10:14:05.915+0000] {taskinstance.py:1956} INFO - Dependencies all met for dep_context=non-requeueable deps ti=<TaskInstance: 3_4_2_homework_assignment.extract_task scheduled__2024-01-04T00:00:00+00:00 [queued]>
[2025-02-27T10:14:05.921+0000] {taskinstance.py:1956} INFO - Dependencies all met for dep_context=requeueable deps ti=<TaskInstance: 3_4_2_homework_assignment.extract_task scheduled__2024-01-04T00:00:00+00:00 [queued]>
[2025-02-27T10:14:05.921+0000] {taskinstance.py:2170} INFO - Starting attempt 1 of 1
[2025-02-27T10:14:05.933+0000] {taskinstance.py:2191} INFO - Executing <Task(PythonOperator): extract_task> on 2024-01-04 00:00:00+00:00
[2025-02-27T10:14:05.939+0000] {standard_task_runner.py:60} INFO - Started process 4344 to run task
[2025-02-27T10:14:05.942+0000] {standard_task_runner.py:87} INFO - Running: ['airflow', 'tasks', 'run', '3_4_2_homework_assignment', 'extract_task', 'scheduled__2024-01-04T00:00:00+00:00', '--job-id', '11', '--raw', '--subdir', 'DAGS_FOLDER/3_4_2_homework_assignment.py', '--cfg-path', '/tmp/tmp_sit3e2a']
[2025-02-27T10:14:05.943+0000] {standard_task_runner.py:88} INFO - Job 11: Subtask extract_task
[2025-02-27T10:14:05.972+0000] {task_command.py:423} INFO - Running <TaskInstance: 3_4_2_homework_assignment.extract_task scheduled__2024-01-04T00:00:00+00:00 [running]> on host ea5964584459
[2025-02-27T10:14:06.016+0000] {taskinstance.py:2480} INFO - Exporting env vars: AIRFLOW_CTX_DAG_OWNER='airflow' AIRFLOW_CTX_DAG_ID='3_4_2_homework_assignment' AIRFLOW_CTX_TASK_ID='extract_task' AIRFLOW_CTX_EXECUTION_DATE='2024-01-04T00:00:00+00:00' AIRFLOW_CTX_TRY_NUMBER='1' AIRFLOW_CTX_DAG_RUN_ID='scheduled__2024-01-04T00:00:00+00:00'
[2025-02-27T10:14:06.018+0000] {3_4_2_homework_assignment.py:41} INFO - https://api.exchangerate.host/timeframe?access_key=422bab0c9e08a5476912061877017b8d&source=USD&start_date=2024-01-04&end_date=2024-01-04
[2025-02-27T10:14:06.678+0000] {logging_mixin.py:188} INFO - Ответ API: {"success":true,"terms":"https:\/\/currencylayer.com\/terms","privacy":"https:\/\/currencylayer.com\/privacy","timeframe":true,"start_date":"2024-01-04","end_date":"2024-01-04","source":"USD","quotes":{"2024-01-04":{"USDAED":3.672502,"USDAFN":69.999822,"USDALL":94.984108,"USDAMD":404.413108,"USDANG":1.802049,"USDAOA":828.80797,"USDARS":811.623967,"USDAUD":1.491205,"USDAWG":1.8025,"USDAZN":1.700308,"USDBAM":1.786282,"USDBBD":2.018869,"USDBDT":109.734044,"USDBGN":1.786497,"USDBHD":0.376928,"USDBIF":2857,"USDBMD":1,"USDBND":1.328688,"USDBOB":6.909181,"USDBRL":4.897095,"USDBSD":0.9999,"USDBTC":2.337433e-5,"USDBTN":83.215121,"USDBWP":13.530731,"USDBYN":3.30225,"USDBYR":19600,"USDBZD":2.015508,"USDCAD":1.335555,"USDCDF":2685.000356,"USDCHF":0.850201,"USDCLF":0.032163,"USDCLP":887.480213,"USDCNY":7.12048,"USDCOP":3928.88,"USDCRC":519.581339,"USDCUC":1,"USDCUP":26.5,"USDCVE":101.200554,"USDCZK":22.541197,"USDDJF":177.720356,"USDDKK":6.812655,"USDDOP":58.298505,"USDDZD":134.516452,"USDEGP":30.791501,"USDERN":15,"USDETB":56.174974,"USDEUR":0.913505,"USDFJD":2.21445,"USDFKP":0.791144,"USDGBP":0.788435,"USDGEL":2.679794,"USDGGP":0.791144,"USDGHS":11.950166,"USDGIP":0.791144,"USDGMD":67.224972,"USDGNF":8545.000076,"USDGTQ":7.821576,"USDGYD":209.193366,"USDHKD":7.80915,"USDHNL":24.668694,"USDHRK":6.98177,"USDHTG":131.764255,"USDHUF":346.080203,"USDIDR":15518.05,"USDILS":3.656845,"USDIMP":0.791144,"USDINR":83.24085,"USDIQD":1310,"USDIRR":42050.000406,"USDISK":137.479871,"USDJEP":0.791144,"USDJMD":154.349881,"USDJOD":0.709399,"USDJPY":144.771502,"USDKES":157.64995,"USDKGS":89.0853,"USDKHR":4098.000035,"USDKMF":449.949684,"USDKPW":899.959422,"USDKRW":1312.250031,"USDKWD":0.30757,"USDKYD":0.833307,"USDKZT":454.539643,"USDLAK":20644.999954,"USDLBP":15062.507249,"USDLKR":322.884986,"USDLRD":188.650372,"USDLSL":18.705789,"USDLTL":2.95274,"USDLVL":0.60489,"USDLYD":4.789175,"USDMAD":9.897497,"USDMDL":17.627611,"USDMGA":4604.999806,"USDMKD":56.190911,"USDMMK":2099.797701,"USDMNT":3421.839776,"USDMOP":8.041135,"USDMRU":39.679972,"USDMUR":44.749614,"USDMVR":15.397421,"USDMWK":1683.000362,"USDMXN":17.023601,"USDMYR":4.634497,"USDMZN":63.24995,"USDNAD":18.702353,"USDNGN":912.502977,"USDNIO":36.596615,"USDNOK":10.29548,"USDNPR":133.143974,"USDNZD":1.604917,"USDOMR":0.384947,"USDPAB":0.999895,"USDPEN":3.742998,"USDPGK":3.73375,"USDPHP":55.551502,"USDPKR":281.698106,"USDPLN":3.969567,"USDPYG":7269.024221,"USDQAR":3.640499,"USDRON":4.543991,"USDRSD":107.093022,"USDRUB":91.349834,"USDRWF":1262.5,"USDSAR":3.750517,"USDSBD":8.404697,"USDSCR":13.881314,"USDSDG":600.999987,"USDSEK":10.21312,"USDSGD":1.329491,"USDSHP":1.268695,"USDSLE":22.579909,"USDSLL":19749.99984,"USDSOS":571.000065,"USDSRD":36.845952,"USDSTD":20697.981008,"USDSYP":13001.782622,"USDSZL":18.694987,"USDTHB":34.532022,"USDTJS":10.943613,"USDTMT":3.51,"USDTND":3.095502,"USDTOP":2.34315,"USDTRY":29.8459,"USDTTD":6.786673,"USDTWD":31.069046,"USDTZS":2514.999928,"USDUAH":38.030715,"USDUGX":3812.185476,"USDUYU":39.099461,"USDUZS":12343.480286,"USDVEF":3582024.965393,"USDVES":35.989485,"USDVND":24370,"USDVUV":118.783962,"USDWST":2.714633,"USDXAF":599.093994,"USDXAG":0.043407,"USDXAU":0.000489,"USDXCD":2.70255,"USDXDR":0.745267,"USDXOF":599.500507,"USDXPF":109.449759,"USDYER":250.324968,"USDZAR":18.701902,"USDZMK":9001.195805,"USDZMW":25.771746,"USDZWL":321.999592}}}
[2025-02-27T10:14:06.680+0000] {python.py:201} INFO - Done. Returned value was: None
[2025-02-27T10:14:06.684+0000] {taskinstance.py:1138} INFO - Marking task as SUCCESS. dag_id=3_4_2_homework_assignment, task_id=extract_task, execution_date=20240104T000000, start_date=20250227T101405, end_date=20250227T101406
[2025-02-27T10:14:06.722+0000] {local_task_job_runner.py:234} INFO - Task exited with return code 0
[2025-02-27T10:14:06.730+0000] {taskinstance.py:3280} INFO - 0 downstream tasks scheduled from follow-on schedule check
[2025-02-27T10:19:20.069+0000] {taskinstance.py:1956} INFO - Dependencies all met for dep_context=non-requeueable deps ti=<TaskInstance: 3_4_2_homework_assignment.extract_task scheduled__2024-01-04T00:00:00+00:00 [queued]>
[2025-02-27T10:19:20.074+0000] {taskinstance.py:1956} INFO - Dependencies all met for dep_context=requeueable deps ti=<TaskInstance: 3_4_2_homework_assignment.extract_task scheduled__2024-01-04T00:00:00+00:00 [queued]>
[2025-02-27T10:19:20.074+0000] {taskinstance.py:2170} INFO - Starting attempt 1 of 1
[2025-02-27T10:19:20.085+0000] {taskinstance.py:2191} INFO - Executing <Task(PythonOperator): extract_task> on 2024-01-04 00:00:00+00:00
[2025-02-27T10:19:20.090+0000] {standard_task_runner.py:60} INFO - Started process 4937 to run task
[2025-02-27T10:19:20.091+0000] {standard_task_runner.py:87} INFO - Running: ['airflow', 'tasks', 'run', '3_4_2_homework_assignment', 'extract_task', 'scheduled__2024-01-04T00:00:00+00:00', '--job-id', '11', '--raw', '--subdir', 'DAGS_FOLDER/3_4_2_homework_assignment.py', '--cfg-path', '/tmp/tmpnlq_u4lp']
[2025-02-27T10:19:20.093+0000] {standard_task_runner.py:88} INFO - Job 11: Subtask extract_task
[2025-02-27T10:19:20.117+0000] {task_command.py:423} INFO - Running <TaskInstance: 3_4_2_homework_assignment.extract_task scheduled__2024-01-04T00:00:00+00:00 [running]> on host ea5964584459
[2025-02-27T10:19:20.155+0000] {taskinstance.py:2480} INFO - Exporting env vars: AIRFLOW_CTX_DAG_OWNER='airflow' AIRFLOW_CTX_DAG_ID='3_4_2_homework_assignment' AIRFLOW_CTX_TASK_ID='extract_task' AIRFLOW_CTX_EXECUTION_DATE='2024-01-04T00:00:00+00:00' AIRFLOW_CTX_TRY_NUMBER='1' AIRFLOW_CTX_DAG_RUN_ID='scheduled__2024-01-04T00:00:00+00:00'
[2025-02-27T10:19:20.156+0000] {3_4_2_homework_assignment.py:40} INFO - https://api.exchangerate.host/timeframe?access_key=422bab0c9e08a5476912061877017b8d&source=USD&start_date=2024-01-04&end_date=2024-01-04
[2025-02-27T10:19:20.474+0000] {logging_mixin.py:188} INFO - Ответ API: {"success":true,"terms":"https:\/\/currencylayer.com\/terms","privacy":"https:\/\/currencylayer.com\/privacy","timeframe":true,"start_date":"2024-01-04","end_date":"2024-01-04","source":"USD","quotes":{"2024-01-04":{"USDAED":3.672502,"USDAFN":69.999822,"USDALL":94.984108,"USDAMD":404.413108,"USDANG":1.802049,"USDAOA":828.80797,"USDARS":811.623967,"USDAUD":1.491205,"USDAWG":1.8025,"USDAZN":1.700308,"USDBAM":1.786282,"USDBBD":2.018869,"USDBDT":109.734044,"USDBGN":1.786497,"USDBHD":0.376928,"USDBIF":2857,"USDBMD":1,"USDBND":1.328688,"USDBOB":6.909181,"USDBRL":4.897095,"USDBSD":0.9999,"USDBTC":2.337433e-5,"USDBTN":83.215121,"USDBWP":13.530731,"USDBYN":3.30225,"USDBYR":19600,"USDBZD":2.015508,"USDCAD":1.335555,"USDCDF":2685.000356,"USDCHF":0.850201,"USDCLF":0.032163,"USDCLP":887.480213,"USDCNY":7.12048,"USDCOP":3928.88,"USDCRC":519.581339,"USDCUC":1,"USDCUP":26.5,"USDCVE":101.200554,"USDCZK":22.541197,"USDDJF":177.720356,"USDDKK":6.812655,"USDDOP":58.298505,"USDDZD":134.516452,"USDEGP":30.791501,"USDERN":15,"USDETB":56.174974,"USDEUR":0.913505,"USDFJD":2.21445,"USDFKP":0.791144,"USDGBP":0.788435,"USDGEL":2.679794,"USDGGP":0.791144,"USDGHS":11.950166,"USDGIP":0.791144,"USDGMD":67.224972,"USDGNF":8545.000076,"USDGTQ":7.821576,"USDGYD":209.193366,"USDHKD":7.80915,"USDHNL":24.668694,"USDHRK":6.98177,"USDHTG":131.764255,"USDHUF":346.080203,"USDIDR":15518.05,"USDILS":3.656845,"USDIMP":0.791144,"USDINR":83.24085,"USDIQD":1310,"USDIRR":42050.000406,"USDISK":137.479871,"USDJEP":0.791144,"USDJMD":154.349881,"USDJOD":0.709399,"USDJPY":144.771502,"USDKES":157.64995,"USDKGS":89.0853,"USDKHR":4098.000035,"USDKMF":449.949684,"USDKPW":899.959422,"USDKRW":1312.250031,"USDKWD":0.30757,"USDKYD":0.833307,"USDKZT":454.539643,"USDLAK":20644.999954,"USDLBP":15062.507249,"USDLKR":322.884986,"USDLRD":188.650372,"USDLSL":18.705789,"USDLTL":2.95274,"USDLVL":0.60489,"USDLYD":4.789175,"USDMAD":9.897497,"USDMDL":17.627611,"USDMGA":4604.999806,"USDMKD":56.190911,"USDMMK":2099.797701,"USDMNT":3421.839776,"USDMOP":8.041135,"USDMRU":39.679972,"USDMUR":44.749614,"USDMVR":15.397421,"USDMWK":1683.000362,"USDMXN":17.023601,"USDMYR":4.634497,"USDMZN":63.24995,"USDNAD":18.702353,"USDNGN":912.502977,"USDNIO":36.596615,"USDNOK":10.29548,"USDNPR":133.143974,"USDNZD":1.604917,"USDOMR":0.384947,"USDPAB":0.999895,"USDPEN":3.742998,"USDPGK":3.73375,"USDPHP":55.551502,"USDPKR":281.698106,"USDPLN":3.969567,"USDPYG":7269.024221,"USDQAR":3.640499,"USDRON":4.543991,"USDRSD":107.093022,"USDRUB":91.349834,"USDRWF":1262.5,"USDSAR":3.750517,"USDSBD":8.404697,"USDSCR":13.881314,"USDSDG":600.999987,"USDSEK":10.21312,"USDSGD":1.329491,"USDSHP":1.268695,"USDSLE":22.579909,"USDSLL":19749.99984,"USDSOS":571.000065,"USDSRD":36.845952,"USDSTD":20697.981008,"USDSYP":13001.782622,"USDSZL":18.694987,"USDTHB":34.532022,"USDTJS":10.943613,"USDTMT":3.51,"USDTND":3.095502,"USDTOP":2.34315,"USDTRY":29.8459,"USDTTD":6.786673,"USDTWD":31.069046,"USDTZS":2514.999928,"USDUAH":38.030715,"USDUGX":3812.185476,"USDUYU":39.099461,"USDUZS":12343.480286,"USDVEF":3582024.965393,"USDVES":35.989485,"USDVND":24370,"USDVUV":118.783962,"USDWST":2.714633,"USDXAF":599.093994,"USDXAG":0.043407,"USDXAU":0.000489,"USDXCD":2.70255,"USDXDR":0.745267,"USDXOF":599.500507,"USDXPF":109.449759,"USDYER":250.324968,"USDZAR":18.701902,"USDZMK":9001.195805,"USDZMW":25.771746,"USDZWL":321.999592}}}
[2025-02-27T10:19:20.476+0000] {python.py:201} INFO - Done. Returned value was: None
[2025-02-27T10:19:20.486+0000] {taskinstance.py:1138} INFO - Marking task as SUCCESS. dag_id=3_4_2_homework_assignment, task_id=extract_task, execution_date=20240104T000000, start_date=20250227T101920, end_date=20250227T101920
[2025-02-27T10:19:20.546+0000] {local_task_job_runner.py:234} INFO - Task exited with return code 0
[2025-02-27T10:24:00.380+0000] {taskinstance.py:1956} INFO - Dependencies all met for dep_context=non-requeueable deps ti=<TaskInstance: 3_4_2_homework_assignment.extract_task scheduled__2024-01-04T00:00:00+00:00 [queued]>
[2025-02-27T10:24:00.385+0000] {taskinstance.py:1956} INFO - Dependencies all met for dep_context=requeueable deps ti=<TaskInstance: 3_4_2_homework_assignment.extract_task scheduled__2024-01-04T00:00:00+00:00 [queued]>
[2025-02-27T10:24:00.386+0000] {taskinstance.py:2170} INFO - Starting attempt 1 of 1
[2025-02-27T10:24:00.400+0000] {taskinstance.py:2191} INFO - Executing <Task(PythonOperator): extract_task> on 2024-01-04 00:00:00+00:00
[2025-02-27T10:24:00.407+0000] {standard_task_runner.py:60} INFO - Started process 5388 to run task
[2025-02-27T10:24:00.410+0000] {standard_task_runner.py:87} INFO - Running: ['airflow', 'tasks', 'run', '3_4_2_homework_assignment', 'extract_task', 'scheduled__2024-01-04T00:00:00+00:00', '--job-id', '11', '--raw', '--subdir', 'DAGS_FOLDER/3_4_2_homework_assignment.py', '--cfg-path', '/tmp/tmp93_y19xj']
[2025-02-27T10:24:00.412+0000] {standard_task_runner.py:88} INFO - Job 11: Subtask extract_task
[2025-02-27T10:24:00.450+0000] {task_command.py:423} INFO - Running <TaskInstance: 3_4_2_homework_assignment.extract_task scheduled__2024-01-04T00:00:00+00:00 [running]> on host ea5964584459
[2025-02-27T10:24:00.515+0000] {taskinstance.py:2480} INFO - Exporting env vars: AIRFLOW_CTX_DAG_OWNER='airflow' AIRFLOW_CTX_DAG_ID='3_4_2_homework_assignment' AIRFLOW_CTX_TASK_ID='extract_task' AIRFLOW_CTX_EXECUTION_DATE='2024-01-04T00:00:00+00:00' AIRFLOW_CTX_TRY_NUMBER='1' AIRFLOW_CTX_DAG_RUN_ID='scheduled__2024-01-04T00:00:00+00:00'
[2025-02-27T10:24:00.516+0000] {3_4_2_homework_assignment.py:40} INFO - https://api.exchangerate.host/timeframe?access_key=422bab0c9e08a5476912061877017b8d&source=USD&start_date=2024-01-04&end_date=2024-01-04
[2025-02-27T10:24:01.183+0000] {logging_mixin.py:188} INFO - Ответ API: {"success":true,"terms":"https:\/\/currencylayer.com\/terms","privacy":"https:\/\/currencylayer.com\/privacy","timeframe":true,"start_date":"2024-01-04","end_date":"2024-01-04","source":"USD","quotes":{"2024-01-04":{"USDAED":3.672502,"USDAFN":69.999822,"USDALL":94.984108,"USDAMD":404.413108,"USDANG":1.802049,"USDAOA":828.80797,"USDARS":811.623967,"USDAUD":1.491205,"USDAWG":1.8025,"USDAZN":1.700308,"USDBAM":1.786282,"USDBBD":2.018869,"USDBDT":109.734044,"USDBGN":1.786497,"USDBHD":0.376928,"USDBIF":2857,"USDBMD":1,"USDBND":1.328688,"USDBOB":6.909181,"USDBRL":4.897095,"USDBSD":0.9999,"USDBTC":2.337433e-5,"USDBTN":83.215121,"USDBWP":13.530731,"USDBYN":3.30225,"USDBYR":19600,"USDBZD":2.015508,"USDCAD":1.335555,"USDCDF":2685.000356,"USDCHF":0.850201,"USDCLF":0.032163,"USDCLP":887.480213,"USDCNY":7.12048,"USDCOP":3928.88,"USDCRC":519.581339,"USDCUC":1,"USDCUP":26.5,"USDCVE":101.200554,"USDCZK":22.541197,"USDDJF":177.720356,"USDDKK":6.812655,"USDDOP":58.298505,"USDDZD":134.516452,"USDEGP":30.791501,"USDERN":15,"USDETB":56.174974,"USDEUR":0.913505,"USDFJD":2.21445,"USDFKP":0.791144,"USDGBP":0.788435,"USDGEL":2.679794,"USDGGP":0.791144,"USDGHS":11.950166,"USDGIP":0.791144,"USDGMD":67.224972,"USDGNF":8545.000076,"USDGTQ":7.821576,"USDGYD":209.193366,"USDHKD":7.80915,"USDHNL":24.668694,"USDHRK":6.98177,"USDHTG":131.764255,"USDHUF":346.080203,"USDIDR":15518.05,"USDILS":3.656845,"USDIMP":0.791144,"USDINR":83.24085,"USDIQD":1310,"USDIRR":42050.000406,"USDISK":137.479871,"USDJEP":0.791144,"USDJMD":154.349881,"USDJOD":0.709399,"USDJPY":144.771502,"USDKES":157.64995,"USDKGS":89.0853,"USDKHR":4098.000035,"USDKMF":449.949684,"USDKPW":899.959422,"USDKRW":1312.250031,"USDKWD":0.30757,"USDKYD":0.833307,"USDKZT":454.539643,"USDLAK":20644.999954,"USDLBP":15062.507249,"USDLKR":322.884986,"USDLRD":188.650372,"USDLSL":18.705789,"USDLTL":2.95274,"USDLVL":0.60489,"USDLYD":4.789175,"USDMAD":9.897497,"USDMDL":17.627611,"USDMGA":4604.999806,"USDMKD":56.190911,"USDMMK":2099.797701,"USDMNT":3421.839776,"USDMOP":8.041135,"USDMRU":39.679972,"USDMUR":44.749614,"USDMVR":15.397421,"USDMWK":1683.000362,"USDMXN":17.023601,"USDMYR":4.634497,"USDMZN":63.24995,"USDNAD":18.702353,"USDNGN":912.502977,"USDNIO":36.596615,"USDNOK":10.29548,"USDNPR":133.143974,"USDNZD":1.604917,"USDOMR":0.384947,"USDPAB":0.999895,"USDPEN":3.742998,"USDPGK":3.73375,"USDPHP":55.551502,"USDPKR":281.698106,"USDPLN":3.969567,"USDPYG":7269.024221,"USDQAR":3.640499,"USDRON":4.543991,"USDRSD":107.093022,"USDRUB":91.349834,"USDRWF":1262.5,"USDSAR":3.750517,"USDSBD":8.404697,"USDSCR":13.881314,"USDSDG":600.999987,"USDSEK":10.21312,"USDSGD":1.329491,"USDSHP":1.268695,"USDSLE":22.579909,"USDSLL":19749.99984,"USDSOS":571.000065,"USDSRD":36.845952,"USDSTD":20697.981008,"USDSYP":13001.782622,"USDSZL":18.694987,"USDTHB":34.532022,"USDTJS":10.943613,"USDTMT":3.51,"USDTND":3.095502,"USDTOP":2.34315,"USDTRY":29.8459,"USDTTD":6.786673,"USDTWD":31.069046,"USDTZS":2514.999928,"USDUAH":38.030715,"USDUGX":3812.185476,"USDUYU":39.099461,"USDUZS":12343.480286,"USDVEF":3582024.965393,"USDVES":35.989485,"USDVND":24370,"USDVUV":118.783962,"USDWST":2.714633,"USDXAF":599.093994,"USDXAG":0.043407,"USDXAU":0.000489,"USDXCD":2.70255,"USDXDR":0.745267,"USDXOF":599.500507,"USDXPF":109.449759,"USDYER":250.324968,"USDZAR":18.701902,"USDZMK":9001.195805,"USDZMW":25.771746,"USDZWL":321.999592}}}
[2025-02-27T10:24:01.186+0000] {python.py:201} INFO - Done. Returned value was: None
[2025-02-27T10:24:01.192+0000] {taskinstance.py:1138} INFO - Marking task as SUCCESS. dag_id=3_4_2_homework_assignment, task_id=extract_task, execution_date=20240104T000000, start_date=20250227T102400, end_date=20250227T102401
[2025-02-27T10:24:01.228+0000] {local_task_job_runner.py:234} INFO - Task exited with return code 0
[2025-02-27T10:26:45.931+0000] {taskinstance.py:1956} INFO - Dependencies all met for dep_context=non-requeueable deps ti=<TaskInstance: 3_4_2_homework_assignment.extract_task scheduled__2024-01-04T00:00:00+00:00 [queued]>
[2025-02-27T10:26:45.935+0000] {taskinstance.py:1956} INFO - Dependencies all met for dep_context=requeueable deps ti=<TaskInstance: 3_4_2_homework_assignment.extract_task scheduled__2024-01-04T00:00:00+00:00 [queued]>
[2025-02-27T10:26:45.936+0000] {taskinstance.py:2170} INFO - Starting attempt 1 of 1
[2025-02-27T10:26:45.947+0000] {taskinstance.py:2191} INFO - Executing <Task(PythonOperator): extract_task> on 2024-01-04 00:00:00+00:00
[2025-02-27T10:26:45.951+0000] {standard_task_runner.py:60} INFO - Started process 5679 to run task
[2025-02-27T10:26:45.953+0000] {standard_task_runner.py:87} INFO - Running: ['airflow', 'tasks', 'run', '3_4_2_homework_assignment', 'extract_task', 'scheduled__2024-01-04T00:00:00+00:00', '--job-id', '11', '--raw', '--subdir', 'DAGS_FOLDER/3_4_2_homework_assignment.py', '--cfg-path', '/tmp/tmp0t1h11_b']
[2025-02-27T10:26:45.954+0000] {standard_task_runner.py:88} INFO - Job 11: Subtask extract_task
[2025-02-27T10:26:45.979+0000] {task_command.py:423} INFO - Running <TaskInstance: 3_4_2_homework_assignment.extract_task scheduled__2024-01-04T00:00:00+00:00 [running]> on host ea5964584459
[2025-02-27T10:26:46.018+0000] {taskinstance.py:2480} INFO - Exporting env vars: AIRFLOW_CTX_DAG_OWNER='airflow' AIRFLOW_CTX_DAG_ID='3_4_2_homework_assignment' AIRFLOW_CTX_TASK_ID='extract_task' AIRFLOW_CTX_EXECUTION_DATE='2024-01-04T00:00:00+00:00' AIRFLOW_CTX_TRY_NUMBER='1' AIRFLOW_CTX_DAG_RUN_ID='scheduled__2024-01-04T00:00:00+00:00'
[2025-02-27T10:26:46.019+0000] {3_4_2_homework_assignment.py:40} INFO - https://api.exchangerate.host/timeframe?access_key=422bab0c9e08a5476912061877017b8d&source=USD&start_date=2024-01-04&end_date=2024-01-04
[2025-02-27T10:26:46.637+0000] {logging_mixin.py:188} INFO - Ответ API: {"success":true,"terms":"https:\/\/currencylayer.com\/terms","privacy":"https:\/\/currencylayer.com\/privacy","timeframe":true,"start_date":"2024-01-04","end_date":"2024-01-04","source":"USD","quotes":{"2024-01-04":{"USDAED":3.672502,"USDAFN":69.999822,"USDALL":94.984108,"USDAMD":404.413108,"USDANG":1.802049,"USDAOA":828.80797,"USDARS":811.623967,"USDAUD":1.491205,"USDAWG":1.8025,"USDAZN":1.700308,"USDBAM":1.786282,"USDBBD":2.018869,"USDBDT":109.734044,"USDBGN":1.786497,"USDBHD":0.376928,"USDBIF":2857,"USDBMD":1,"USDBND":1.328688,"USDBOB":6.909181,"USDBRL":4.897095,"USDBSD":0.9999,"USDBTC":2.337433e-5,"USDBTN":83.215121,"USDBWP":13.530731,"USDBYN":3.30225,"USDBYR":19600,"USDBZD":2.015508,"USDCAD":1.335555,"USDCDF":2685.000356,"USDCHF":0.850201,"USDCLF":0.032163,"USDCLP":887.480213,"USDCNY":7.12048,"USDCOP":3928.88,"USDCRC":519.581339,"USDCUC":1,"USDCUP":26.5,"USDCVE":101.200554,"USDCZK":22.541197,"USDDJF":177.720356,"USDDKK":6.812655,"USDDOP":58.298505,"USDDZD":134.516452,"USDEGP":30.791501,"USDERN":15,"USDETB":56.174974,"USDEUR":0.913505,"USDFJD":2.21445,"USDFKP":0.791144,"USDGBP":0.788435,"USDGEL":2.679794,"USDGGP":0.791144,"USDGHS":11.950166,"USDGIP":0.791144,"USDGMD":67.224972,"USDGNF":8545.000076,"USDGTQ":7.821576,"USDGYD":209.193366,"USDHKD":7.80915,"USDHNL":24.668694,"USDHRK":6.98177,"USDHTG":131.764255,"USDHUF":346.080203,"USDIDR":15518.05,"USDILS":3.656845,"USDIMP":0.791144,"USDINR":83.24085,"USDIQD":1310,"USDIRR":42050.000406,"USDISK":137.479871,"USDJEP":0.791144,"USDJMD":154.349881,"USDJOD":0.709399,"USDJPY":144.771502,"USDKES":157.64995,"USDKGS":89.0853,"USDKHR":4098.000035,"USDKMF":449.949684,"USDKPW":899.959422,"USDKRW":1312.250031,"USDKWD":0.30757,"USDKYD":0.833307,"USDKZT":454.539643,"USDLAK":20644.999954,"USDLBP":15062.507249,"USDLKR":322.884986,"USDLRD":188.650372,"USDLSL":18.705789,"USDLTL":2.95274,"USDLVL":0.60489,"USDLYD":4.789175,"USDMAD":9.897497,"USDMDL":17.627611,"USDMGA":4604.999806,"USDMKD":56.190911,"USDMMK":2099.797701,"USDMNT":3421.839776,"USDMOP":8.041135,"USDMRU":39.679972,"USDMUR":44.749614,"USDMVR":15.397421,"USDMWK":1683.000362,"USDMXN":17.023601,"USDMYR":4.634497,"USDMZN":63.24995,"USDNAD":18.702353,"USDNGN":912.502977,"USDNIO":36.596615,"USDNOK":10.29548,"USDNPR":133.143974,"USDNZD":1.604917,"USDOMR":0.384947,"USDPAB":0.999895,"USDPEN":3.742998,"USDPGK":3.73375,"USDPHP":55.551502,"USDPKR":281.698106,"USDPLN":3.969567,"USDPYG":7269.024221,"USDQAR":3.640499,"USDRON":4.543991,"USDRSD":107.093022,"USDRUB":91.349834,"USDRWF":1262.5,"USDSAR":3.750517,"USDSBD":8.404697,"USDSCR":13.881314,"USDSDG":600.999987,"USDSEK":10.21312,"USDSGD":1.329491,"USDSHP":1.268695,"USDSLE":22.579909,"USDSLL":19749.99984,"USDSOS":571.000065,"USDSRD":36.845952,"USDSTD":20697.981008,"USDSYP":13001.782622,"USDSZL":18.694987,"USDTHB":34.532022,"USDTJS":10.943613,"USDTMT":3.51,"USDTND":3.095502,"USDTOP":2.34315,"USDTRY":29.8459,"USDTTD":6.786673,"USDTWD":31.069046,"USDTZS":2514.999928,"USDUAH":38.030715,"USDUGX":3812.185476,"USDUYU":39.099461,"USDUZS":12343.480286,"USDVEF":3582024.965393,"USDVES":35.989485,"USDVND":24370,"USDVUV":118.783962,"USDWST":2.714633,"USDXAF":599.093994,"USDXAG":0.043407,"USDXAU":0.000489,"USDXCD":2.70255,"USDXDR":0.745267,"USDXOF":599.500507,"USDXPF":109.449759,"USDYER":250.324968,"USDZAR":18.701902,"USDZMK":9001.195805,"USDZMW":25.771746,"USDZWL":321.999592}}}
[2025-02-27T10:26:46.639+0000] {python.py:201} INFO - Done. Returned value was: None
[2025-02-27T10:26:46.644+0000] {taskinstance.py:1138} INFO - Marking task as SUCCESS. dag_id=3_4_2_homework_assignment, task_id=extract_task, execution_date=20240104T000000, start_date=20250227T102645, end_date=20250227T102646
[2025-02-27T10:26:46.691+0000] {local_task_job_runner.py:234} INFO - Task exited with return code 0
[2025-02-27T10:35:07.978+0000] {taskinstance.py:1956} INFO - Dependencies all met for dep_context=non-requeueable deps ti=<TaskInstance: 3_4_2_homework_assignment.extract_task scheduled__2024-01-04T00:00:00+00:00 [queued]>
[2025-02-27T10:35:07.983+0000] {taskinstance.py:1956} INFO - Dependencies all met for dep_context=requeueable deps ti=<TaskInstance: 3_4_2_homework_assignment.extract_task scheduled__2024-01-04T00:00:00+00:00 [queued]>
[2025-02-27T10:35:07.983+0000] {taskinstance.py:2170} INFO - Starting attempt 1 of 1
[2025-02-27T10:35:07.995+0000] {taskinstance.py:2191} INFO - Executing <Task(PythonOperator): extract_task> on 2024-01-04 00:00:00+00:00
[2025-02-27T10:35:08.001+0000] {standard_task_runner.py:60} INFO - Started process 6339 to run task
[2025-02-27T10:35:08.003+0000] {standard_task_runner.py:87} INFO - Running: ['airflow', 'tasks', 'run', '3_4_2_homework_assignment', 'extract_task', 'scheduled__2024-01-04T00:00:00+00:00', '--job-id', '11', '--raw', '--subdir', 'DAGS_FOLDER/3_4_2_homework_assignment.py', '--cfg-path', '/tmp/tmp4sdmpmma']
[2025-02-27T10:35:08.005+0000] {standard_task_runner.py:88} INFO - Job 11: Subtask extract_task
[2025-02-27T10:35:08.033+0000] {task_command.py:423} INFO - Running <TaskInstance: 3_4_2_homework_assignment.extract_task scheduled__2024-01-04T00:00:00+00:00 [running]> on host ea5964584459
[2025-02-27T10:35:08.077+0000] {taskinstance.py:2480} INFO - Exporting env vars: AIRFLOW_CTX_DAG_OWNER='airflow' AIRFLOW_CTX_DAG_ID='3_4_2_homework_assignment' AIRFLOW_CTX_TASK_ID='extract_task' AIRFLOW_CTX_EXECUTION_DATE='2024-01-04T00:00:00+00:00' AIRFLOW_CTX_TRY_NUMBER='1' AIRFLOW_CTX_DAG_RUN_ID='scheduled__2024-01-04T00:00:00+00:00'
[2025-02-27T10:35:08.078+0000] {3_4_2_homework_assignment.py:40} INFO - https://api.exchangerate.host/timeframe?access_key=422bab0c9e08a5476912061877017b8d&source=USD&start_date=2024-01-04&end_date=2024-01-04
[2025-02-27T10:35:08.755+0000] {logging_mixin.py:188} INFO - Ответ API: {"success":true,"terms":"https:\/\/currencylayer.com\/terms","privacy":"https:\/\/currencylayer.com\/privacy","timeframe":true,"start_date":"2024-01-04","end_date":"2024-01-04","source":"USD","quotes":{"2024-01-04":{"USDAED":3.672502,"USDAFN":69.999822,"USDALL":94.984108,"USDAMD":404.413108,"USDANG":1.802049,"USDAOA":828.80797,"USDARS":811.623967,"USDAUD":1.491205,"USDAWG":1.8025,"USDAZN":1.700308,"USDBAM":1.786282,"USDBBD":2.018869,"USDBDT":109.734044,"USDBGN":1.786497,"USDBHD":0.376928,"USDBIF":2857,"USDBMD":1,"USDBND":1.328688,"USDBOB":6.909181,"USDBRL":4.897095,"USDBSD":0.9999,"USDBTC":2.337433e-5,"USDBTN":83.215121,"USDBWP":13.530731,"USDBYN":3.30225,"USDBYR":19600,"USDBZD":2.015508,"USDCAD":1.335555,"USDCDF":2685.000356,"USDCHF":0.850201,"USDCLF":0.032163,"USDCLP":887.480213,"USDCNY":7.12048,"USDCOP":3928.88,"USDCRC":519.581339,"USDCUC":1,"USDCUP":26.5,"USDCVE":101.200554,"USDCZK":22.541197,"USDDJF":177.720356,"USDDKK":6.812655,"USDDOP":58.298505,"USDDZD":134.516452,"USDEGP":30.791501,"USDERN":15,"USDETB":56.174974,"USDEUR":0.913505,"USDFJD":2.21445,"USDFKP":0.791144,"USDGBP":0.788435,"USDGEL":2.679794,"USDGGP":0.791144,"USDGHS":11.950166,"USDGIP":0.791144,"USDGMD":67.224972,"USDGNF":8545.000076,"USDGTQ":7.821576,"USDGYD":209.193366,"USDHKD":7.80915,"USDHNL":24.668694,"USDHRK":6.98177,"USDHTG":131.764255,"USDHUF":346.080203,"USDIDR":15518.05,"USDILS":3.656845,"USDIMP":0.791144,"USDINR":83.24085,"USDIQD":1310,"USDIRR":42050.000406,"USDISK":137.479871,"USDJEP":0.791144,"USDJMD":154.349881,"USDJOD":0.709399,"USDJPY":144.771502,"USDKES":157.64995,"USDKGS":89.0853,"USDKHR":4098.000035,"USDKMF":449.949684,"USDKPW":899.959422,"USDKRW":1312.250031,"USDKWD":0.30757,"USDKYD":0.833307,"USDKZT":454.539643,"USDLAK":20644.999954,"USDLBP":15062.507249,"USDLKR":322.884986,"USDLRD":188.650372,"USDLSL":18.705789,"USDLTL":2.95274,"USDLVL":0.60489,"USDLYD":4.789175,"USDMAD":9.897497,"USDMDL":17.627611,"USDMGA":4604.999806,"USDMKD":56.190911,"USDMMK":2099.797701,"USDMNT":3421.839776,"USDMOP":8.041135,"USDMRU":39.679972,"USDMUR":44.749614,"USDMVR":15.397421,"USDMWK":1683.000362,"USDMXN":17.023601,"USDMYR":4.634497,"USDMZN":63.24995,"USDNAD":18.702353,"USDNGN":912.502977,"USDNIO":36.596615,"USDNOK":10.29548,"USDNPR":133.143974,"USDNZD":1.604917,"USDOMR":0.384947,"USDPAB":0.999895,"USDPEN":3.742998,"USDPGK":3.73375,"USDPHP":55.551502,"USDPKR":281.698106,"USDPLN":3.969567,"USDPYG":7269.024221,"USDQAR":3.640499,"USDRON":4.543991,"USDRSD":107.093022,"USDRUB":91.349834,"USDRWF":1262.5,"USDSAR":3.750517,"USDSBD":8.404697,"USDSCR":13.881314,"USDSDG":600.999987,"USDSEK":10.21312,"USDSGD":1.329491,"USDSHP":1.268695,"USDSLE":22.579909,"USDSLL":19749.99984,"USDSOS":571.000065,"USDSRD":36.845952,"USDSTD":20697.981008,"USDSYP":13001.782622,"USDSZL":18.694987,"USDTHB":34.532022,"USDTJS":10.943613,"USDTMT":3.51,"USDTND":3.095502,"USDTOP":2.34315,"USDTRY":29.8459,"USDTTD":6.786673,"USDTWD":31.069046,"USDTZS":2514.999928,"USDUAH":38.030715,"USDUGX":3812.185476,"USDUYU":39.099461,"USDUZS":12343.480286,"USDVEF":3582024.965393,"USDVES":35.989485,"USDVND":24370,"USDVUV":118.783962,"USDWST":2.714633,"USDXAF":599.093994,"USDXAG":0.043407,"USDXAU":0.000489,"USDXCD":2.70255,"USDXDR":0.745267,"USDXOF":599.500507,"USDXPF":109.449759,"USDYER":250.324968,"USDZAR":18.701902,"USDZMK":9001.195805,"USDZMW":25.771746,"USDZWL":321.999592}}}
[2025-02-27T10:35:08.756+0000] {python.py:201} INFO - Done. Returned value was: None
[2025-02-27T10:35:08.761+0000] {taskinstance.py:1138} INFO - Marking task as SUCCESS. dag_id=3_4_2_homework_assignment, task_id=extract_task, execution_date=20240104T000000, start_date=20250227T103507, end_date=20250227T103508
[2025-02-27T10:35:08.783+0000] {local_task_job_runner.py:234} INFO - Task exited with return code 0
[2025-02-27T10:45:00.851+0000] {taskinstance.py:1956} INFO - Dependencies all met for dep_context=non-requeueable deps ti=<TaskInstance: 3_4_2_homework_assignment.extract_task scheduled__2024-01-04T00:00:00+00:00 [queued]>
[2025-02-27T10:45:00.856+0000] {taskinstance.py:1956} INFO - Dependencies all met for dep_context=requeueable deps ti=<TaskInstance: 3_4_2_homework_assignment.extract_task scheduled__2024-01-04T00:00:00+00:00 [queued]>
[2025-02-27T10:45:00.857+0000] {taskinstance.py:2170} INFO - Starting attempt 1 of 1
[2025-02-27T10:45:00.870+0000] {taskinstance.py:2191} INFO - Executing <Task(PythonOperator): extract_task> on 2024-01-04 00:00:00+00:00
[2025-02-27T10:45:00.874+0000] {standard_task_runner.py:60} INFO - Started process 7024 to run task
[2025-02-27T10:45:00.877+0000] {standard_task_runner.py:87} INFO - Running: ['airflow', 'tasks', 'run', '3_4_2_homework_assignment', 'extract_task', 'scheduled__2024-01-04T00:00:00+00:00', '--job-id', '11', '--raw', '--subdir', 'DAGS_FOLDER/3_4_2_homework_assignment.py', '--cfg-path', '/tmp/tmpujfjljbu']
[2025-02-27T10:45:00.878+0000] {standard_task_runner.py:88} INFO - Job 11: Subtask extract_task
[2025-02-27T10:45:00.904+0000] {task_command.py:423} INFO - Running <TaskInstance: 3_4_2_homework_assignment.extract_task scheduled__2024-01-04T00:00:00+00:00 [running]> on host ea5964584459
[2025-02-27T10:45:00.953+0000] {taskinstance.py:2480} INFO - Exporting env vars: AIRFLOW_CTX_DAG_OWNER='airflow' AIRFLOW_CTX_DAG_ID='3_4_2_homework_assignment' AIRFLOW_CTX_TASK_ID='extract_task' AIRFLOW_CTX_EXECUTION_DATE='2024-01-04T00:00:00+00:00' AIRFLOW_CTX_TRY_NUMBER='1' AIRFLOW_CTX_DAG_RUN_ID='scheduled__2024-01-04T00:00:00+00:00'
[2025-02-27T10:45:00.954+0000] {3_4_2_homework_assignment.py:40} INFO - https://api.exchangerate.host/timeframe?access_key=422bab0c9e08a5476912061877017b8d&source=USD&start_date=2024-01-04&end_date=2024-01-04
[2025-02-27T10:45:01.661+0000] {logging_mixin.py:188} INFO - Ответ API: {"success":true,"terms":"https:\/\/currencylayer.com\/terms","privacy":"https:\/\/currencylayer.com\/privacy","timeframe":true,"start_date":"2024-01-04","end_date":"2024-01-04","source":"USD","quotes":{"2024-01-04":{"USDAED":3.672502,"USDAFN":69.999822,"USDALL":94.984108,"USDAMD":404.413108,"USDANG":1.802049,"USDAOA":828.80797,"USDARS":811.623967,"USDAUD":1.491205,"USDAWG":1.8025,"USDAZN":1.700308,"USDBAM":1.786282,"USDBBD":2.018869,"USDBDT":109.734044,"USDBGN":1.786497,"USDBHD":0.376928,"USDBIF":2857,"USDBMD":1,"USDBND":1.328688,"USDBOB":6.909181,"USDBRL":4.897095,"USDBSD":0.9999,"USDBTC":2.337433e-5,"USDBTN":83.215121,"USDBWP":13.530731,"USDBYN":3.30225,"USDBYR":19600,"USDBZD":2.015508,"USDCAD":1.335555,"USDCDF":2685.000356,"USDCHF":0.850201,"USDCLF":0.032163,"USDCLP":887.480213,"USDCNY":7.12048,"USDCOP":3928.88,"USDCRC":519.581339,"USDCUC":1,"USDCUP":26.5,"USDCVE":101.200554,"USDCZK":22.541197,"USDDJF":177.720356,"USDDKK":6.812655,"USDDOP":58.298505,"USDDZD":134.516452,"USDEGP":30.791501,"USDERN":15,"USDETB":56.174974,"USDEUR":0.913505,"USDFJD":2.21445,"USDFKP":0.791144,"USDGBP":0.788435,"USDGEL":2.679794,"USDGGP":0.791144,"USDGHS":11.950166,"USDGIP":0.791144,"USDGMD":67.224972,"USDGNF":8545.000076,"USDGTQ":7.821576,"USDGYD":209.193366,"USDHKD":7.80915,"USDHNL":24.668694,"USDHRK":6.98177,"USDHTG":131.764255,"USDHUF":346.080203,"USDIDR":15518.05,"USDILS":3.656845,"USDIMP":0.791144,"USDINR":83.24085,"USDIQD":1310,"USDIRR":42050.000406,"USDISK":137.479871,"USDJEP":0.791144,"USDJMD":154.349881,"USDJOD":0.709399,"USDJPY":144.771502,"USDKES":157.64995,"USDKGS":89.0853,"USDKHR":4098.000035,"USDKMF":449.949684,"USDKPW":899.959422,"USDKRW":1312.250031,"USDKWD":0.30757,"USDKYD":0.833307,"USDKZT":454.539643,"USDLAK":20644.999954,"USDLBP":15062.507249,"USDLKR":322.884986,"USDLRD":188.650372,"USDLSL":18.705789,"USDLTL":2.95274,"USDLVL":0.60489,"USDLYD":4.789175,"USDMAD":9.897497,"USDMDL":17.627611,"USDMGA":4604.999806,"USDMKD":56.190911,"USDMMK":2099.797701,"USDMNT":3421.839776,"USDMOP":8.041135,"USDMRU":39.679972,"USDMUR":44.749614,"USDMVR":15.397421,"USDMWK":1683.000362,"USDMXN":17.023601,"USDMYR":4.634497,"USDMZN":63.24995,"USDNAD":18.702353,"USDNGN":912.502977,"USDNIO":36.596615,"USDNOK":10.29548,"USDNPR":133.143974,"USDNZD":1.604917,"USDOMR":0.384947,"USDPAB":0.999895,"USDPEN":3.742998,"USDPGK":3.73375,"USDPHP":55.551502,"USDPKR":281.698106,"USDPLN":3.969567,"USDPYG":7269.024221,"USDQAR":3.640499,"USDRON":4.543991,"USDRSD":107.093022,"USDRUB":91.349834,"USDRWF":1262.5,"USDSAR":3.750517,"USDSBD":8.404697,"USDSCR":13.881314,"USDSDG":600.999987,"USDSEK":10.21312,"USDSGD":1.329491,"USDSHP":1.268695,"USDSLE":22.579909,"USDSLL":19749.99984,"USDSOS":571.000065,"USDSRD":36.845952,"USDSTD":20697.981008,"USDSYP":13001.782622,"USDSZL":18.694987,"USDTHB":34.532022,"USDTJS":10.943613,"USDTMT":3.51,"USDTND":3.095502,"USDTOP":2.34315,"USDTRY":29.8459,"USDTTD":6.786673,"USDTWD":31.069046,"USDTZS":2514.999928,"USDUAH":38.030715,"USDUGX":3812.185476,"USDUYU":39.099461,"USDUZS":12343.480286,"USDVEF":3582024.965393,"USDVES":35.989485,"USDVND":24370,"USDVUV":118.783962,"USDWST":2.714633,"USDXAF":599.093994,"USDXAG":0.043407,"USDXAU":0.000489,"USDXCD":2.70255,"USDXDR":0.745267,"USDXOF":599.500507,"USDXPF":109.449759,"USDYER":250.324968,"USDZAR":18.701902,"USDZMK":9001.195805,"USDZMW":25.771746,"USDZWL":321.999592}}}
[2025-02-27T10:45:01.662+0000] {python.py:201} INFO - Done. Returned value was: None
[2025-02-27T10:45:01.666+0000] {taskinstance.py:1138} INFO - Marking task as SUCCESS. dag_id=3_4_2_homework_assignment, task_id=extract_task, execution_date=20240104T000000, start_date=20250227T104500, end_date=20250227T104501
[2025-02-27T10:45:01.704+0000] {local_task_job_runner.py:234} INFO - Task exited with return code 0
