[2025-02-27T09:33:05.370+0000] {taskinstance.py:1956} INFO - Dependencies all met for dep_context=non-requeueable deps ti=<TaskInstance: 3_4_2_homework_assignment.extract_task scheduled__2024-01-05T00:00:00+00:00 [queued]>
[2025-02-27T09:33:05.374+0000] {taskinstance.py:1956} INFO - Dependencies all met for dep_context=requeueable deps ti=<TaskInstance: 3_4_2_homework_assignment.extract_task scheduled__2024-01-05T00:00:00+00:00 [queued]>
[2025-02-27T09:33:05.375+0000] {taskinstance.py:2170} INFO - Starting attempt 1 of 1
[2025-02-27T09:33:05.385+0000] {taskinstance.py:2191} INFO - Executing <Task(PythonOperator): extract_task> on 2024-01-05 00:00:00+00:00
[2025-02-27T09:33:05.389+0000] {standard_task_runner.py:60} INFO - Started process 296 to run task
[2025-02-27T09:33:05.391+0000] {standard_task_runner.py:87} INFO - Running: ['airflow', 'tasks', 'run', '3_4_2_homework_assignment', 'extract_task', 'scheduled__2024-01-05T00:00:00+00:00', '--job-id', '10', '--raw', '--subdir', 'DAGS_FOLDER/3_4_2_homework_assignment.py', '--cfg-path', '/tmp/tmp_vex9tvw']
[2025-02-27T09:33:05.392+0000] {standard_task_runner.py:88} INFO - Job 10: Subtask extract_task
[2025-02-27T09:33:05.416+0000] {task_command.py:423} INFO - Running <TaskInstance: 3_4_2_homework_assignment.extract_task scheduled__2024-01-05T00:00:00+00:00 [running]> on host ea5964584459
[2025-02-27T09:33:05.454+0000] {taskinstance.py:2480} INFO - Exporting env vars: AIRFLOW_CTX_DAG_OWNER='airflow' AIRFLOW_CTX_DAG_ID='3_4_2_homework_assignment' AIRFLOW_CTX_TASK_ID='extract_task' AIRFLOW_CTX_EXECUTION_DATE='2024-01-05T00:00:00+00:00' AIRFLOW_CTX_TRY_NUMBER='1' AIRFLOW_CTX_DAG_RUN_ID='scheduled__2024-01-05T00:00:00+00:00'
[2025-02-27T09:33:06.135+0000] {python.py:201} INFO - Done. Returned value was: None
[2025-02-27T09:33:06.138+0000] {taskinstance.py:1138} INFO - Marking task as SUCCESS. dag_id=3_4_2_homework_assignment, task_id=extract_task, execution_date=20240105T000000, start_date=20250227T093305, end_date=20250227T093306
[2025-02-27T09:33:06.171+0000] {local_task_job_runner.py:234} INFO - Task exited with return code 0
[2025-02-27T09:35:18.014+0000] {taskinstance.py:1956} INFO - Dependencies all met for dep_context=non-requeueable deps ti=<TaskInstance: 3_4_2_homework_assignment.extract_task scheduled__2024-01-05T00:00:00+00:00 [queued]>
[2025-02-27T09:35:18.018+0000] {taskinstance.py:1956} INFO - Dependencies all met for dep_context=requeueable deps ti=<TaskInstance: 3_4_2_homework_assignment.extract_task scheduled__2024-01-05T00:00:00+00:00 [queued]>
[2025-02-27T09:35:18.018+0000] {taskinstance.py:2170} INFO - Starting attempt 1 of 1
[2025-02-27T09:35:18.033+0000] {taskinstance.py:2191} INFO - Executing <Task(PythonOperator): extract_task> on 2024-01-05 00:00:00+00:00
[2025-02-27T09:35:18.038+0000] {standard_task_runner.py:60} INFO - Started process 655 to run task
[2025-02-27T09:35:18.040+0000] {standard_task_runner.py:87} INFO - Running: ['airflow', 'tasks', 'run', '3_4_2_homework_assignment', 'extract_task', 'scheduled__2024-01-05T00:00:00+00:00', '--job-id', '10', '--raw', '--subdir', 'DAGS_FOLDER/3_4_2_homework_assignment.py', '--cfg-path', '/tmp/tmpu6n15cr2']
[2025-02-27T09:35:18.041+0000] {standard_task_runner.py:88} INFO - Job 10: Subtask extract_task
[2025-02-27T09:35:18.068+0000] {task_command.py:423} INFO - Running <TaskInstance: 3_4_2_homework_assignment.extract_task scheduled__2024-01-05T00:00:00+00:00 [running]> on host ea5964584459
[2025-02-27T09:35:18.108+0000] {taskinstance.py:2480} INFO - Exporting env vars: AIRFLOW_CTX_DAG_OWNER='airflow' AIRFLOW_CTX_DAG_ID='3_4_2_homework_assignment' AIRFLOW_CTX_TASK_ID='extract_task' AIRFLOW_CTX_EXECUTION_DATE='2024-01-05T00:00:00+00:00' AIRFLOW_CTX_TRY_NUMBER='1' AIRFLOW_CTX_DAG_RUN_ID='scheduled__2024-01-05T00:00:00+00:00'
[2025-02-27T09:35:18.785+0000] {python.py:201} INFO - Done. Returned value was: None
[2025-02-27T09:35:18.789+0000] {taskinstance.py:1138} INFO - Marking task as SUCCESS. dag_id=3_4_2_homework_assignment, task_id=extract_task, execution_date=20240105T000000, start_date=20250227T093518, end_date=20250227T093518
[2025-02-27T09:35:18.818+0000] {local_task_job_runner.py:234} INFO - Task exited with return code 0
[2025-02-27T09:40:15.004+0000] {taskinstance.py:1956} INFO - Dependencies all met for dep_context=non-requeueable deps ti=<TaskInstance: 3_4_2_homework_assignment.extract_task scheduled__2024-01-05T00:00:00+00:00 [queued]>
[2025-02-27T09:40:15.009+0000] {taskinstance.py:1956} INFO - Dependencies all met for dep_context=requeueable deps ti=<TaskInstance: 3_4_2_homework_assignment.extract_task scheduled__2024-01-05T00:00:00+00:00 [queued]>
[2025-02-27T09:40:15.010+0000] {taskinstance.py:2170} INFO - Starting attempt 1 of 1
[2025-02-27T09:40:15.021+0000] {taskinstance.py:2191} INFO - Executing <Task(PythonOperator): extract_task> on 2024-01-05 00:00:00+00:00
[2025-02-27T09:40:15.027+0000] {standard_task_runner.py:60} INFO - Started process 1060 to run task
[2025-02-27T09:40:15.029+0000] {standard_task_runner.py:87} INFO - Running: ['airflow', 'tasks', 'run', '3_4_2_homework_assignment', 'extract_task', 'scheduled__2024-01-05T00:00:00+00:00', '--job-id', '10', '--raw', '--subdir', 'DAGS_FOLDER/3_4_2_homework_assignment.py', '--cfg-path', '/tmp/tmpg5_nyu61']
[2025-02-27T09:40:15.030+0000] {standard_task_runner.py:88} INFO - Job 10: Subtask extract_task
[2025-02-27T09:40:15.058+0000] {task_command.py:423} INFO - Running <TaskInstance: 3_4_2_homework_assignment.extract_task scheduled__2024-01-05T00:00:00+00:00 [running]> on host ea5964584459
[2025-02-27T09:40:15.105+0000] {taskinstance.py:2480} INFO - Exporting env vars: AIRFLOW_CTX_DAG_OWNER='airflow' AIRFLOW_CTX_DAG_ID='3_4_2_homework_assignment' AIRFLOW_CTX_TASK_ID='extract_task' AIRFLOW_CTX_EXECUTION_DATE='2024-01-05T00:00:00+00:00' AIRFLOW_CTX_TRY_NUMBER='1' AIRFLOW_CTX_DAG_RUN_ID='scheduled__2024-01-05T00:00:00+00:00'
[2025-02-27T09:40:15.736+0000] {python.py:201} INFO - Done. Returned value was: None
[2025-02-27T09:40:15.741+0000] {taskinstance.py:1138} INFO - Marking task as SUCCESS. dag_id=3_4_2_homework_assignment, task_id=extract_task, execution_date=20240105T000000, start_date=20250227T094015, end_date=20250227T094015
[2025-02-27T09:40:15.773+0000] {local_task_job_runner.py:234} INFO - Task exited with return code 0
[2025-02-27T09:44:11.477+0000] {taskinstance.py:1956} INFO - Dependencies all met for dep_context=non-requeueable deps ti=<TaskInstance: 3_4_2_homework_assignment.extract_task scheduled__2024-01-05T00:00:00+00:00 [queued]>
[2025-02-27T09:44:11.482+0000] {taskinstance.py:1956} INFO - Dependencies all met for dep_context=requeueable deps ti=<TaskInstance: 3_4_2_homework_assignment.extract_task scheduled__2024-01-05T00:00:00+00:00 [queued]>
[2025-02-27T09:44:11.483+0000] {taskinstance.py:2170} INFO - Starting attempt 1 of 1
[2025-02-27T09:44:11.493+0000] {taskinstance.py:2191} INFO - Executing <Task(PythonOperator): extract_task> on 2024-01-05 00:00:00+00:00
[2025-02-27T09:44:11.497+0000] {standard_task_runner.py:60} INFO - Started process 1450 to run task
[2025-02-27T09:44:11.499+0000] {standard_task_runner.py:87} INFO - Running: ['airflow', 'tasks', 'run', '3_4_2_homework_assignment', 'extract_task', 'scheduled__2024-01-05T00:00:00+00:00', '--job-id', '10', '--raw', '--subdir', 'DAGS_FOLDER/3_4_2_homework_assignment.py', '--cfg-path', '/tmp/tmpzuxqzync']
[2025-02-27T09:44:11.500+0000] {standard_task_runner.py:88} INFO - Job 10: Subtask extract_task
[2025-02-27T09:44:11.524+0000] {task_command.py:423} INFO - Running <TaskInstance: 3_4_2_homework_assignment.extract_task scheduled__2024-01-05T00:00:00+00:00 [running]> on host ea5964584459
[2025-02-27T09:44:11.561+0000] {taskinstance.py:2480} INFO - Exporting env vars: AIRFLOW_CTX_DAG_OWNER='airflow' AIRFLOW_CTX_DAG_ID='3_4_2_homework_assignment' AIRFLOW_CTX_TASK_ID='extract_task' AIRFLOW_CTX_EXECUTION_DATE='2024-01-05T00:00:00+00:00' AIRFLOW_CTX_TRY_NUMBER='1' AIRFLOW_CTX_DAG_RUN_ID='scheduled__2024-01-05T00:00:00+00:00'
[2025-02-27T09:44:11.547+0000] {logging_mixin.py:188} INFO - Ответ API: {
  "success": false,
  "error": {
    "code": 101,
    "type": "invalid_access_key",
    "info": "You have not supplied a valid API Access Key. [Technical Support: support@apilayer.com]"
  }
}
[2025-02-27T09:44:11.549+0000] {python.py:201} INFO - Done. Returned value was: None
[2025-02-27T09:44:11.552+0000] {taskinstance.py:1138} INFO - Marking task as SUCCESS. dag_id=3_4_2_homework_assignment, task_id=extract_task, execution_date=20240105T000000, start_date=20250227T094411, end_date=20250227T094411
[2025-02-27T09:44:11.583+0000] {local_task_job_runner.py:234} INFO - Task exited with return code 0
[2025-02-27T09:47:06.753+0000] {taskinstance.py:1956} INFO - Dependencies all met for dep_context=non-requeueable deps ti=<TaskInstance: 3_4_2_homework_assignment.extract_task scheduled__2024-01-05T00:00:00+00:00 [queued]>
[2025-02-27T09:47:06.758+0000] {taskinstance.py:1956} INFO - Dependencies all met for dep_context=requeueable deps ti=<TaskInstance: 3_4_2_homework_assignment.extract_task scheduled__2024-01-05T00:00:00+00:00 [queued]>
[2025-02-27T09:47:06.758+0000] {taskinstance.py:2170} INFO - Starting attempt 1 of 1
[2025-02-27T09:47:06.770+0000] {taskinstance.py:2191} INFO - Executing <Task(PythonOperator): extract_task> on 2024-01-05 00:00:00+00:00
[2025-02-27T09:47:06.775+0000] {standard_task_runner.py:60} INFO - Started process 1751 to run task
[2025-02-27T09:47:06.778+0000] {standard_task_runner.py:87} INFO - Running: ['airflow', 'tasks', 'run', '3_4_2_homework_assignment', 'extract_task', 'scheduled__2024-01-05T00:00:00+00:00', '--job-id', '6', '--raw', '--subdir', 'DAGS_FOLDER/3_4_2_homework_assignment.py', '--cfg-path', '/tmp/tmp4cm4mgs6']
[2025-02-27T09:47:06.779+0000] {standard_task_runner.py:88} INFO - Job 6: Subtask extract_task
[2025-02-27T09:47:06.805+0000] {task_command.py:423} INFO - Running <TaskInstance: 3_4_2_homework_assignment.extract_task scheduled__2024-01-05T00:00:00+00:00 [running]> on host ea5964584459
[2025-02-27T09:47:06.861+0000] {taskinstance.py:2480} INFO - Exporting env vars: AIRFLOW_CTX_DAG_OWNER='airflow' AIRFLOW_CTX_DAG_ID='3_4_2_homework_assignment' AIRFLOW_CTX_TASK_ID='extract_task' AIRFLOW_CTX_EXECUTION_DATE='2024-01-05T00:00:00+00:00' AIRFLOW_CTX_TRY_NUMBER='1' AIRFLOW_CTX_DAG_RUN_ID='scheduled__2024-01-05T00:00:00+00:00'
[2025-02-27T09:47:07.519+0000] {logging_mixin.py:188} INFO - Ответ API: {
  "success": false,
  "error": {
    "code": 101,
    "type": "invalid_access_key",
    "info": "You have not supplied a valid API Access Key. [Technical Support: support@apilayer.com]"
  }
}
[2025-02-27T09:47:07.521+0000] {python.py:201} INFO - Done. Returned value was: None
[2025-02-27T09:47:07.525+0000] {taskinstance.py:1138} INFO - Marking task as SUCCESS. dag_id=3_4_2_homework_assignment, task_id=extract_task, execution_date=20240105T000000, start_date=20250227T094706, end_date=20250227T094707
[2025-02-27T09:47:07.554+0000] {local_task_job_runner.py:234} INFO - Task exited with return code 0
[2025-02-27T09:47:07.563+0000] {taskinstance.py:3280} INFO - 0 downstream tasks scheduled from follow-on schedule check
[2025-02-27T09:50:28.247+0000] {taskinstance.py:1956} INFO - Dependencies all met for dep_context=non-requeueable deps ti=<TaskInstance: 3_4_2_homework_assignment.extract_task scheduled__2024-01-05T00:00:00+00:00 [queued]>
[2025-02-27T09:50:28.252+0000] {taskinstance.py:1956} INFO - Dependencies all met for dep_context=requeueable deps ti=<TaskInstance: 3_4_2_homework_assignment.extract_task scheduled__2024-01-05T00:00:00+00:00 [queued]>
[2025-02-27T09:50:28.252+0000] {taskinstance.py:2170} INFO - Starting attempt 1 of 1
[2025-02-27T09:50:28.262+0000] {taskinstance.py:2191} INFO - Executing <Task(PythonOperator): extract_task> on 2024-01-05 00:00:00+00:00
[2025-02-27T09:50:28.267+0000] {standard_task_runner.py:60} INFO - Started process 2283 to run task
[2025-02-27T09:50:28.269+0000] {standard_task_runner.py:87} INFO - Running: ['airflow', 'tasks', 'run', '3_4_2_homework_assignment', 'extract_task', 'scheduled__2024-01-05T00:00:00+00:00', '--job-id', '14', '--raw', '--subdir', 'DAGS_FOLDER/3_4_2_homework_assignment.py', '--cfg-path', '/tmp/tmp8o5nurvi']
[2025-02-27T09:50:28.271+0000] {standard_task_runner.py:88} INFO - Job 14: Subtask extract_task
[2025-02-27T09:50:28.302+0000] {task_command.py:423} INFO - Running <TaskInstance: 3_4_2_homework_assignment.extract_task scheduled__2024-01-05T00:00:00+00:00 [running]> on host ea5964584459
[2025-02-27T09:50:28.353+0000] {taskinstance.py:2480} INFO - Exporting env vars: AIRFLOW_CTX_DAG_OWNER='airflow' AIRFLOW_CTX_DAG_ID='3_4_2_homework_assignment' AIRFLOW_CTX_TASK_ID='extract_task' AIRFLOW_CTX_EXECUTION_DATE='2024-01-05T00:00:00+00:00' AIRFLOW_CTX_TRY_NUMBER='1' AIRFLOW_CTX_DAG_RUN_ID='scheduled__2024-01-05T00:00:00+00:00'
[2025-02-27T09:50:28.355+0000] {logging_mixin.py:188} INFO - https://api.exchangerate.host/timeframe?access_key=None&source=USD&start_date={{ds}}&end_date={{ds}}
[2025-02-27T09:50:28.959+0000] {logging_mixin.py:188} INFO - Ответ API: {
  "success": false,
  "error": {
    "code": 101,
    "type": "invalid_access_key",
    "info": "You have not supplied a valid API Access Key. [Technical Support: support@apilayer.com]"
  }
}
[2025-02-27T09:50:28.961+0000] {python.py:201} INFO - Done. Returned value was: None
[2025-02-27T09:50:28.964+0000] {taskinstance.py:1138} INFO - Marking task as SUCCESS. dag_id=3_4_2_homework_assignment, task_id=extract_task, execution_date=20240105T000000, start_date=20250227T095028, end_date=20250227T095028
[2025-02-27T09:50:29.007+0000] {local_task_job_runner.py:234} INFO - Task exited with return code 0
[2025-02-27T09:50:29.017+0000] {taskinstance.py:3280} INFO - 0 downstream tasks scheduled from follow-on schedule check
[2025-02-27T09:54:47.378+0000] {taskinstance.py:1956} INFO - Dependencies all met for dep_context=non-requeueable deps ti=<TaskInstance: 3_4_2_homework_assignment.extract_task scheduled__2024-01-05T00:00:00+00:00 [queued]>
[2025-02-27T09:54:47.384+0000] {taskinstance.py:1956} INFO - Dependencies all met for dep_context=requeueable deps ti=<TaskInstance: 3_4_2_homework_assignment.extract_task scheduled__2024-01-05T00:00:00+00:00 [queued]>
[2025-02-27T09:54:47.385+0000] {taskinstance.py:2170} INFO - Starting attempt 1 of 1
[2025-02-27T09:54:47.396+0000] {taskinstance.py:2191} INFO - Executing <Task(PythonOperator): extract_task> on 2024-01-05 00:00:00+00:00
[2025-02-27T09:54:47.402+0000] {standard_task_runner.py:60} INFO - Started process 2863 to run task
[2025-02-27T09:54:47.404+0000] {standard_task_runner.py:87} INFO - Running: ['airflow', 'tasks', 'run', '3_4_2_homework_assignment', 'extract_task', 'scheduled__2024-01-05T00:00:00+00:00', '--job-id', '14', '--raw', '--subdir', 'DAGS_FOLDER/3_4_2_homework_assignment.py', '--cfg-path', '/tmp/tmp0z23ap1x']
[2025-02-27T09:54:47.406+0000] {standard_task_runner.py:88} INFO - Job 14: Subtask extract_task
[2025-02-27T09:54:47.437+0000] {task_command.py:423} INFO - Running <TaskInstance: 3_4_2_homework_assignment.extract_task scheduled__2024-01-05T00:00:00+00:00 [running]> on host ea5964584459
[2025-02-27T09:54:47.484+0000] {taskinstance.py:2480} INFO - Exporting env vars: AIRFLOW_CTX_DAG_OWNER='airflow' AIRFLOW_CTX_DAG_ID='3_4_2_homework_assignment' AIRFLOW_CTX_TASK_ID='extract_task' AIRFLOW_CTX_EXECUTION_DATE='2024-01-05T00:00:00+00:00' AIRFLOW_CTX_TRY_NUMBER='1' AIRFLOW_CTX_DAG_RUN_ID='scheduled__2024-01-05T00:00:00+00:00'
[2025-02-27T09:54:47.485+0000] {3_4_2_homework_assignment.py:41} INFO - https://api.exchangerate.host/timeframe?access_key=None&source=USD&start_date={{ds}}&end_date={{ds}}
[2025-02-27T09:54:48.128+0000] {logging_mixin.py:188} INFO - Ответ API: {
  "success": false,
  "error": {
    "code": 101,
    "type": "invalid_access_key",
    "info": "You have not supplied a valid API Access Key. [Technical Support: support@apilayer.com]"
  }
}
[2025-02-27T09:54:48.129+0000] {python.py:201} INFO - Done. Returned value was: None
[2025-02-27T09:54:48.134+0000] {taskinstance.py:1138} INFO - Marking task as SUCCESS. dag_id=3_4_2_homework_assignment, task_id=extract_task, execution_date=20240105T000000, start_date=20250227T095447, end_date=20250227T095448
[2025-02-27T09:54:48.195+0000] {local_task_job_runner.py:234} INFO - Task exited with return code 0
[2025-02-27T09:54:48.204+0000] {taskinstance.py:3280} INFO - 0 downstream tasks scheduled from follow-on schedule check
[2025-02-27T10:06:39.745+0000] {taskinstance.py:1956} INFO - Dependencies all met for dep_context=non-requeueable deps ti=<TaskInstance: 3_4_2_homework_assignment.extract_task scheduled__2024-01-05T00:00:00+00:00 [queued]>
[2025-02-27T10:06:39.750+0000] {taskinstance.py:1956} INFO - Dependencies all met for dep_context=requeueable deps ti=<TaskInstance: 3_4_2_homework_assignment.extract_task scheduled__2024-01-05T00:00:00+00:00 [queued]>
[2025-02-27T10:06:39.750+0000] {taskinstance.py:2170} INFO - Starting attempt 1 of 1
[2025-02-27T10:06:39.760+0000] {taskinstance.py:2191} INFO - Executing <Task(PythonOperator): extract_task> on 2024-01-05 00:00:00+00:00
[2025-02-27T10:06:39.764+0000] {standard_task_runner.py:60} INFO - Started process 3505 to run task
[2025-02-27T10:06:39.766+0000] {standard_task_runner.py:87} INFO - Running: ['airflow', 'tasks', 'run', '3_4_2_homework_assignment', 'extract_task', 'scheduled__2024-01-05T00:00:00+00:00', '--job-id', '14', '--raw', '--subdir', 'DAGS_FOLDER/3_4_2_homework_assignment.py', '--cfg-path', '/tmp/tmpz_hphzts']
[2025-02-27T10:06:39.768+0000] {standard_task_runner.py:88} INFO - Job 14: Subtask extract_task
[2025-02-27T10:06:39.792+0000] {task_command.py:423} INFO - Running <TaskInstance: 3_4_2_homework_assignment.extract_task scheduled__2024-01-05T00:00:00+00:00 [running]> on host ea5964584459
[2025-02-27T10:06:39.830+0000] {taskinstance.py:2480} INFO - Exporting env vars: AIRFLOW_CTX_DAG_OWNER='airflow' AIRFLOW_CTX_DAG_ID='3_4_2_homework_assignment' AIRFLOW_CTX_TASK_ID='extract_task' AIRFLOW_CTX_EXECUTION_DATE='2024-01-05T00:00:00+00:00' AIRFLOW_CTX_TRY_NUMBER='1' AIRFLOW_CTX_DAG_RUN_ID='scheduled__2024-01-05T00:00:00+00:00'
[2025-02-27T10:06:40.478+0000] {logging_mixin.py:188} INFO - Ответ API: {
  "success": false,
  "error": {
    "code": 101,
    "type": "invalid_access_key",
    "info": "You have not supplied a valid API Access Key. [Technical Support: support@apilayer.com]"
  }
}
[2025-02-27T10:06:40.480+0000] {python.py:201} INFO - Done. Returned value was: None
[2025-02-27T10:06:40.483+0000] {taskinstance.py:1138} INFO - Marking task as SUCCESS. dag_id=3_4_2_homework_assignment, task_id=extract_task, execution_date=20240105T000000, start_date=20250227T100639, end_date=20250227T100640
[2025-02-27T10:06:40.516+0000] {local_task_job_runner.py:234} INFO - Task exited with return code 0
[2025-02-27T10:06:40.524+0000] {taskinstance.py:3280} INFO - 0 downstream tasks scheduled from follow-on schedule check
[2025-02-27T10:12:31.302+0000] {taskinstance.py:1956} INFO - Dependencies all met for dep_context=non-requeueable deps ti=<TaskInstance: 3_4_2_homework_assignment.extract_task scheduled__2024-01-05T00:00:00+00:00 [queued]>
[2025-02-27T10:12:31.307+0000] {taskinstance.py:1956} INFO - Dependencies all met for dep_context=requeueable deps ti=<TaskInstance: 3_4_2_homework_assignment.extract_task scheduled__2024-01-05T00:00:00+00:00 [queued]>
[2025-02-27T10:12:31.308+0000] {taskinstance.py:2170} INFO - Starting attempt 1 of 1
[2025-02-27T10:12:31.320+0000] {taskinstance.py:2191} INFO - Executing <Task(PythonOperator): extract_task> on 2024-01-05 00:00:00+00:00
[2025-02-27T10:12:31.327+0000] {standard_task_runner.py:60} INFO - Started process 4118 to run task
[2025-02-27T10:12:31.330+0000] {standard_task_runner.py:87} INFO - Running: ['airflow', 'tasks', 'run', '3_4_2_homework_assignment', 'extract_task', 'scheduled__2024-01-05T00:00:00+00:00', '--job-id', '12', '--raw', '--subdir', 'DAGS_FOLDER/3_4_2_homework_assignment.py', '--cfg-path', '/tmp/tmpepsgi5g1']
[2025-02-27T10:12:31.332+0000] {standard_task_runner.py:88} INFO - Job 12: Subtask extract_task
[2025-02-27T10:12:31.367+0000] {task_command.py:423} INFO - Running <TaskInstance: 3_4_2_homework_assignment.extract_task scheduled__2024-01-05T00:00:00+00:00 [running]> on host ea5964584459
[2025-02-27T10:12:31.422+0000] {taskinstance.py:2480} INFO - Exporting env vars: AIRFLOW_CTX_DAG_OWNER='airflow' AIRFLOW_CTX_DAG_ID='3_4_2_homework_assignment' AIRFLOW_CTX_TASK_ID='extract_task' AIRFLOW_CTX_EXECUTION_DATE='2024-01-05T00:00:00+00:00' AIRFLOW_CTX_TRY_NUMBER='1' AIRFLOW_CTX_DAG_RUN_ID='scheduled__2024-01-05T00:00:00+00:00'
[2025-02-27T10:12:31.424+0000] {3_4_2_homework_assignment.py:41} INFO - https://api.exchangerate.host/timeframe?access_key=422bab0c9e08a5476912061877017b8d&source=USD&start_date=2024-01-05&end_date=2024-01-05
[2025-02-27T10:12:32.226+0000] {logging_mixin.py:188} INFO - Ответ API: {"success":true,"terms":"https:\/\/currencylayer.com\/terms","privacy":"https:\/\/currencylayer.com\/privacy","timeframe":true,"start_date":"2024-01-05","end_date":"2024-01-05","source":"USD","quotes":{"2024-01-05":{"USDAED":3.672504,"USDAFN":70.000368,"USDALL":95.603989,"USDAMD":404.474412,"USDANG":1.802058,"USDAOA":830.503981,"USDARS":811.197518,"USDAUD":1.49145,"USDAWG":1.8,"USDAZN":1.70397,"USDBAM":1.791797,"USDBBD":2.018909,"USDBDT":109.735875,"USDBGN":1.78651,"USDBHD":0.376979,"USDBIF":2858,"USDBMD":1,"USDBND":1.331525,"USDBOB":6.909504,"USDBRL":4.875104,"USDBSD":0.999881,"USDBTC":2.2619426e-5,"USDBTN":83.14464,"USDBWP":13.576356,"USDBYN":3.302245,"USDBYR":19600,"USDBZD":2.01552,"USDCAD":1.33725,"USDCDF":2690.000362,"USDCHF":0.849704,"USDCLF":0.032253,"USDCLP":889.950396,"USDCNY":7.102504,"USDCOP":3893.45,"USDCRC":519.174744,"USDCUC":1,"USDCUP":26.5,"USDCVE":101.450394,"USDCZK":22.509504,"USDDJF":177.720394,"USDDKK":6.815904,"USDDOP":58.403886,"USDDZD":134.40404,"USDEGP":30.756947,"USDERN":15,"USDETB":56.35504,"USDEUR":0.91285,"USDFJD":2.21295,"USDFKP":0.787988,"USDGBP":0.785769,"USDGEL":2.690391,"USDGGP":0.787988,"USDGHS":11.97039,"USDGIP":0.787988,"USDGMD":67.203853,"USDGNF":8550.000355,"USDGTQ":7.822048,"USDGYD":209.190685,"USDHKD":7.81245,"USDHNL":24.720389,"USDHRK":6.98177,"USDHTG":131.686715,"USDHUF":345.460388,"USDIDR":15503.35,"USDILS":3.676575,"USDIMP":0.787988,"USDINR":83.19135,"USDIQD":1310,"USDIRR":42037.503818,"USDISK":137.790386,"USDJEP":0.787988,"USDJMD":154.507893,"USDJOD":0.709404,"USDJPY":144.63504,"USDKES":157.750385,"USDKGS":89.085304,"USDKHR":4101.000351,"USDKMF":449.975039,"USDKPW":900.063739,"USDKRW":1314.745039,"USDKWD":0.30753,"USDKYD":0.833234,"USDKZT":453.556018,"USDLAK":20630.000349,"USDLBP":14998.403066,"USDLKR":323.884822,"USDLRD":188.650382,"USDLSL":18.690382,"USDLTL":2.95274,"USDLVL":0.60489,"USDLYD":4.795039,"USDMAD":9.94725,"USDMDL":17.697931,"USDMGA":4604.000347,"USDMKD":56.134507,"USDMMK":2099.804861,"USDMNT":3421.406195,"USDMOP":8.045056,"USDMRU":39.650379,"USDMUR":44.760379,"USDMVR":15.403741,"USDMWK":1682.000345,"USDMXN":16.880104,"USDMYR":4.654504,"USDMZN":63.24995,"USDNAD":18.690377,"USDNGN":914.470377,"USDNIO":36.720377,"USDNOK":10.30157,"USDNPR":133.031314,"USDNZD":1.602564,"USDOMR":0.384954,"USDPAB":0.999973,"USDPEN":3.718039,"USDPGK":3.73775,"USDPHP":55.508504,"USDPKR":281.503704,"USDPLN":3.977178,"USDPYG":7256.786346,"USDQAR":3.641038,"USDRON":4.544804,"USDRSD":106.971757,"USDRUB":90.930373,"USDRWF":1265,"USDSAR":3.750446,"USDSBD":8.43942,"USDSCR":14.120372,"USDSDG":601.00034,"USDSEK":10.253404,"USDSGD":1.330704,"USDSHP":1.27175,"USDSLE":22.70133,"USDSLL":19750.000338,"USDSOS":571.000338,"USDSRD":36.667038,"USDSTD":20697.981008,"USDSYP":13002.627026,"USDSZL":18.67037,"USDTHB":34.67037,"USDTJS":10.963968,"USDTMT":3.5,"USDTND":3.097038,"USDTOP":2.34815,"USDTRY":29.812304,"USDTTD":6.765671,"USDTWD":30.967038,"USDTZS":2515.000336,"USDUAH":38.08544,"USDUGX":3791.008951,"USDUYU":39.17437,"USDUZS":12365.000335,"USDVEF":3586456.203998,"USDVES":35.96152,"USDVND":24380,"USDVUV":118.359624,"USDWST":2.713625,"USDXAF":600.951875,"USDXAG":0.043122,"USDXAU":0.000489,"USDXCD":2.70255,"USDXDR":0.745284,"USDXOF":600.5036,"USDXPF":109.490364,"USDYER":250.403595,"USDZAR":18.69012,"USDZMK":9001.203591,"USDZMW":25.797497,"USDZWL":321.999592}}}
[2025-02-27T10:12:32.228+0000] {python.py:201} INFO - Done. Returned value was: None
[2025-02-27T10:12:32.233+0000] {taskinstance.py:1138} INFO - Marking task as SUCCESS. dag_id=3_4_2_homework_assignment, task_id=extract_task, execution_date=20240105T000000, start_date=20250227T101231, end_date=20250227T101232
[2025-02-27T10:12:32.282+0000] {local_task_job_runner.py:234} INFO - Task exited with return code 0
[2025-02-27T10:12:32.293+0000] {taskinstance.py:3280} INFO - 0 downstream tasks scheduled from follow-on schedule check
[2025-02-27T10:14:17.095+0000] {taskinstance.py:1956} INFO - Dependencies all met for dep_context=non-requeueable deps ti=<TaskInstance: 3_4_2_homework_assignment.extract_task scheduled__2024-01-05T00:00:00+00:00 [queued]>
[2025-02-27T10:14:17.100+0000] {taskinstance.py:1956} INFO - Dependencies all met for dep_context=requeueable deps ti=<TaskInstance: 3_4_2_homework_assignment.extract_task scheduled__2024-01-05T00:00:00+00:00 [queued]>
[2025-02-27T10:14:17.101+0000] {taskinstance.py:2170} INFO - Starting attempt 1 of 1
[2025-02-27T10:14:17.115+0000] {taskinstance.py:2191} INFO - Executing <Task(PythonOperator): extract_task> on 2024-01-05 00:00:00+00:00
[2025-02-27T10:14:17.120+0000] {standard_task_runner.py:60} INFO - Started process 4400 to run task
[2025-02-27T10:14:17.122+0000] {standard_task_runner.py:87} INFO - Running: ['airflow', 'tasks', 'run', '3_4_2_homework_assignment', 'extract_task', 'scheduled__2024-01-05T00:00:00+00:00', '--job-id', '14', '--raw', '--subdir', 'DAGS_FOLDER/3_4_2_homework_assignment.py', '--cfg-path', '/tmp/tmpnflzn2_0']
[2025-02-27T10:14:17.123+0000] {standard_task_runner.py:88} INFO - Job 14: Subtask extract_task
[2025-02-27T10:14:17.150+0000] {task_command.py:423} INFO - Running <TaskInstance: 3_4_2_homework_assignment.extract_task scheduled__2024-01-05T00:00:00+00:00 [running]> on host ea5964584459
[2025-02-27T10:14:17.190+0000] {taskinstance.py:2480} INFO - Exporting env vars: AIRFLOW_CTX_DAG_OWNER='airflow' AIRFLOW_CTX_DAG_ID='3_4_2_homework_assignment' AIRFLOW_CTX_TASK_ID='extract_task' AIRFLOW_CTX_EXECUTION_DATE='2024-01-05T00:00:00+00:00' AIRFLOW_CTX_TRY_NUMBER='1' AIRFLOW_CTX_DAG_RUN_ID='scheduled__2024-01-05T00:00:00+00:00'
[2025-02-27T10:14:17.191+0000] {3_4_2_homework_assignment.py:41} INFO - https://api.exchangerate.host/timeframe?access_key=422bab0c9e08a5476912061877017b8d&source=USD&start_date=2024-01-05&end_date=2024-01-05
[2025-02-27T10:14:17.850+0000] {logging_mixin.py:188} INFO - Ответ API: {"success":true,"terms":"https:\/\/currencylayer.com\/terms","privacy":"https:\/\/currencylayer.com\/privacy","timeframe":true,"start_date":"2024-01-05","end_date":"2024-01-05","source":"USD","quotes":{"2024-01-05":{"USDAED":3.672504,"USDAFN":70.000368,"USDALL":95.603989,"USDAMD":404.474412,"USDANG":1.802058,"USDAOA":830.503981,"USDARS":811.197518,"USDAUD":1.49145,"USDAWG":1.8,"USDAZN":1.70397,"USDBAM":1.791797,"USDBBD":2.018909,"USDBDT":109.735875,"USDBGN":1.78651,"USDBHD":0.376979,"USDBIF":2858,"USDBMD":1,"USDBND":1.331525,"USDBOB":6.909504,"USDBRL":4.875104,"USDBSD":0.999881,"USDBTC":2.2619426e-5,"USDBTN":83.14464,"USDBWP":13.576356,"USDBYN":3.302245,"USDBYR":19600,"USDBZD":2.01552,"USDCAD":1.33725,"USDCDF":2690.000362,"USDCHF":0.849704,"USDCLF":0.032253,"USDCLP":889.950396,"USDCNY":7.102504,"USDCOP":3893.45,"USDCRC":519.174744,"USDCUC":1,"USDCUP":26.5,"USDCVE":101.450394,"USDCZK":22.509504,"USDDJF":177.720394,"USDDKK":6.815904,"USDDOP":58.403886,"USDDZD":134.40404,"USDEGP":30.756947,"USDERN":15,"USDETB":56.35504,"USDEUR":0.91285,"USDFJD":2.21295,"USDFKP":0.787988,"USDGBP":0.785769,"USDGEL":2.690391,"USDGGP":0.787988,"USDGHS":11.97039,"USDGIP":0.787988,"USDGMD":67.203853,"USDGNF":8550.000355,"USDGTQ":7.822048,"USDGYD":209.190685,"USDHKD":7.81245,"USDHNL":24.720389,"USDHRK":6.98177,"USDHTG":131.686715,"USDHUF":345.460388,"USDIDR":15503.35,"USDILS":3.676575,"USDIMP":0.787988,"USDINR":83.19135,"USDIQD":1310,"USDIRR":42037.503818,"USDISK":137.790386,"USDJEP":0.787988,"USDJMD":154.507893,"USDJOD":0.709404,"USDJPY":144.63504,"USDKES":157.750385,"USDKGS":89.085304,"USDKHR":4101.000351,"USDKMF":449.975039,"USDKPW":900.063739,"USDKRW":1314.745039,"USDKWD":0.30753,"USDKYD":0.833234,"USDKZT":453.556018,"USDLAK":20630.000349,"USDLBP":14998.403066,"USDLKR":323.884822,"USDLRD":188.650382,"USDLSL":18.690382,"USDLTL":2.95274,"USDLVL":0.60489,"USDLYD":4.795039,"USDMAD":9.94725,"USDMDL":17.697931,"USDMGA":4604.000347,"USDMKD":56.134507,"USDMMK":2099.804861,"USDMNT":3421.406195,"USDMOP":8.045056,"USDMRU":39.650379,"USDMUR":44.760379,"USDMVR":15.403741,"USDMWK":1682.000345,"USDMXN":16.880104,"USDMYR":4.654504,"USDMZN":63.24995,"USDNAD":18.690377,"USDNGN":914.470377,"USDNIO":36.720377,"USDNOK":10.30157,"USDNPR":133.031314,"USDNZD":1.602564,"USDOMR":0.384954,"USDPAB":0.999973,"USDPEN":3.718039,"USDPGK":3.73775,"USDPHP":55.508504,"USDPKR":281.503704,"USDPLN":3.977178,"USDPYG":7256.786346,"USDQAR":3.641038,"USDRON":4.544804,"USDRSD":106.971757,"USDRUB":90.930373,"USDRWF":1265,"USDSAR":3.750446,"USDSBD":8.43942,"USDSCR":14.120372,"USDSDG":601.00034,"USDSEK":10.253404,"USDSGD":1.330704,"USDSHP":1.27175,"USDSLE":22.70133,"USDSLL":19750.000338,"USDSOS":571.000338,"USDSRD":36.667038,"USDSTD":20697.981008,"USDSYP":13002.627026,"USDSZL":18.67037,"USDTHB":34.67037,"USDTJS":10.963968,"USDTMT":3.5,"USDTND":3.097038,"USDTOP":2.34815,"USDTRY":29.812304,"USDTTD":6.765671,"USDTWD":30.967038,"USDTZS":2515.000336,"USDUAH":38.08544,"USDUGX":3791.008951,"USDUYU":39.17437,"USDUZS":12365.000335,"USDVEF":3586456.203998,"USDVES":35.96152,"USDVND":24380,"USDVUV":118.359624,"USDWST":2.713625,"USDXAF":600.951875,"USDXAG":0.043122,"USDXAU":0.000489,"USDXCD":2.70255,"USDXDR":0.745284,"USDXOF":600.5036,"USDXPF":109.490364,"USDYER":250.403595,"USDZAR":18.69012,"USDZMK":9001.203591,"USDZMW":25.797497,"USDZWL":321.999592}}}
[2025-02-27T10:14:17.852+0000] {python.py:201} INFO - Done. Returned value was: None
[2025-02-27T10:14:17.856+0000] {taskinstance.py:1138} INFO - Marking task as SUCCESS. dag_id=3_4_2_homework_assignment, task_id=extract_task, execution_date=20240105T000000, start_date=20250227T101417, end_date=20250227T101417
[2025-02-27T10:14:17.903+0000] {local_task_job_runner.py:234} INFO - Task exited with return code 0
[2025-02-27T10:14:17.913+0000] {taskinstance.py:3280} INFO - 0 downstream tasks scheduled from follow-on schedule check
[2025-02-27T10:19:31.141+0000] {taskinstance.py:1956} INFO - Dependencies all met for dep_context=non-requeueable deps ti=<TaskInstance: 3_4_2_homework_assignment.extract_task scheduled__2024-01-05T00:00:00+00:00 [queued]>
[2025-02-27T10:19:31.147+0000] {taskinstance.py:1956} INFO - Dependencies all met for dep_context=requeueable deps ti=<TaskInstance: 3_4_2_homework_assignment.extract_task scheduled__2024-01-05T00:00:00+00:00 [queued]>
[2025-02-27T10:19:31.147+0000] {taskinstance.py:2170} INFO - Starting attempt 1 of 1
[2025-02-27T10:19:31.166+0000] {taskinstance.py:2191} INFO - Executing <Task(PythonOperator): extract_task> on 2024-01-05 00:00:00+00:00
[2025-02-27T10:19:31.172+0000] {standard_task_runner.py:60} INFO - Started process 4993 to run task
[2025-02-27T10:19:31.175+0000] {standard_task_runner.py:87} INFO - Running: ['airflow', 'tasks', 'run', '3_4_2_homework_assignment', 'extract_task', 'scheduled__2024-01-05T00:00:00+00:00', '--job-id', '14', '--raw', '--subdir', 'DAGS_FOLDER/3_4_2_homework_assignment.py', '--cfg-path', '/tmp/tmpa5gsaetw']
[2025-02-27T10:19:31.177+0000] {standard_task_runner.py:88} INFO - Job 14: Subtask extract_task
[2025-02-27T10:19:31.208+0000] {task_command.py:423} INFO - Running <TaskInstance: 3_4_2_homework_assignment.extract_task scheduled__2024-01-05T00:00:00+00:00 [running]> on host ea5964584459
[2025-02-27T10:19:31.249+0000] {taskinstance.py:2480} INFO - Exporting env vars: AIRFLOW_CTX_DAG_OWNER='airflow' AIRFLOW_CTX_DAG_ID='3_4_2_homework_assignment' AIRFLOW_CTX_TASK_ID='extract_task' AIRFLOW_CTX_EXECUTION_DATE='2024-01-05T00:00:00+00:00' AIRFLOW_CTX_TRY_NUMBER='1' AIRFLOW_CTX_DAG_RUN_ID='scheduled__2024-01-05T00:00:00+00:00'
[2025-02-27T10:19:31.250+0000] {3_4_2_homework_assignment.py:40} INFO - https://api.exchangerate.host/timeframe?access_key=422bab0c9e08a5476912061877017b8d&source=USD&start_date=2024-01-05&end_date=2024-01-05
[2025-02-27T10:19:31.874+0000] {logging_mixin.py:188} INFO - Ответ API: {"success":true,"terms":"https:\/\/currencylayer.com\/terms","privacy":"https:\/\/currencylayer.com\/privacy","timeframe":true,"start_date":"2024-01-05","end_date":"2024-01-05","source":"USD","quotes":{"2024-01-05":{"USDAED":3.672504,"USDAFN":70.000368,"USDALL":95.603989,"USDAMD":404.474412,"USDANG":1.802058,"USDAOA":830.503981,"USDARS":811.197518,"USDAUD":1.49145,"USDAWG":1.8,"USDAZN":1.70397,"USDBAM":1.791797,"USDBBD":2.018909,"USDBDT":109.735875,"USDBGN":1.78651,"USDBHD":0.376979,"USDBIF":2858,"USDBMD":1,"USDBND":1.331525,"USDBOB":6.909504,"USDBRL":4.875104,"USDBSD":0.999881,"USDBTC":2.2619426e-5,"USDBTN":83.14464,"USDBWP":13.576356,"USDBYN":3.302245,"USDBYR":19600,"USDBZD":2.01552,"USDCAD":1.33725,"USDCDF":2690.000362,"USDCHF":0.849704,"USDCLF":0.032253,"USDCLP":889.950396,"USDCNY":7.102504,"USDCOP":3893.45,"USDCRC":519.174744,"USDCUC":1,"USDCUP":26.5,"USDCVE":101.450394,"USDCZK":22.509504,"USDDJF":177.720394,"USDDKK":6.815904,"USDDOP":58.403886,"USDDZD":134.40404,"USDEGP":30.756947,"USDERN":15,"USDETB":56.35504,"USDEUR":0.91285,"USDFJD":2.21295,"USDFKP":0.787988,"USDGBP":0.785769,"USDGEL":2.690391,"USDGGP":0.787988,"USDGHS":11.97039,"USDGIP":0.787988,"USDGMD":67.203853,"USDGNF":8550.000355,"USDGTQ":7.822048,"USDGYD":209.190685,"USDHKD":7.81245,"USDHNL":24.720389,"USDHRK":6.98177,"USDHTG":131.686715,"USDHUF":345.460388,"USDIDR":15503.35,"USDILS":3.676575,"USDIMP":0.787988,"USDINR":83.19135,"USDIQD":1310,"USDIRR":42037.503818,"USDISK":137.790386,"USDJEP":0.787988,"USDJMD":154.507893,"USDJOD":0.709404,"USDJPY":144.63504,"USDKES":157.750385,"USDKGS":89.085304,"USDKHR":4101.000351,"USDKMF":449.975039,"USDKPW":900.063739,"USDKRW":1314.745039,"USDKWD":0.30753,"USDKYD":0.833234,"USDKZT":453.556018,"USDLAK":20630.000349,"USDLBP":14998.403066,"USDLKR":323.884822,"USDLRD":188.650382,"USDLSL":18.690382,"USDLTL":2.95274,"USDLVL":0.60489,"USDLYD":4.795039,"USDMAD":9.94725,"USDMDL":17.697931,"USDMGA":4604.000347,"USDMKD":56.134507,"USDMMK":2099.804861,"USDMNT":3421.406195,"USDMOP":8.045056,"USDMRU":39.650379,"USDMUR":44.760379,"USDMVR":15.403741,"USDMWK":1682.000345,"USDMXN":16.880104,"USDMYR":4.654504,"USDMZN":63.24995,"USDNAD":18.690377,"USDNGN":914.470377,"USDNIO":36.720377,"USDNOK":10.30157,"USDNPR":133.031314,"USDNZD":1.602564,"USDOMR":0.384954,"USDPAB":0.999973,"USDPEN":3.718039,"USDPGK":3.73775,"USDPHP":55.508504,"USDPKR":281.503704,"USDPLN":3.977178,"USDPYG":7256.786346,"USDQAR":3.641038,"USDRON":4.544804,"USDRSD":106.971757,"USDRUB":90.930373,"USDRWF":1265,"USDSAR":3.750446,"USDSBD":8.43942,"USDSCR":14.120372,"USDSDG":601.00034,"USDSEK":10.253404,"USDSGD":1.330704,"USDSHP":1.27175,"USDSLE":22.70133,"USDSLL":19750.000338,"USDSOS":571.000338,"USDSRD":36.667038,"USDSTD":20697.981008,"USDSYP":13002.627026,"USDSZL":18.67037,"USDTHB":34.67037,"USDTJS":10.963968,"USDTMT":3.5,"USDTND":3.097038,"USDTOP":2.34815,"USDTRY":29.812304,"USDTTD":6.765671,"USDTWD":30.967038,"USDTZS":2515.000336,"USDUAH":38.08544,"USDUGX":3791.008951,"USDUYU":39.17437,"USDUZS":12365.000335,"USDVEF":3586456.203998,"USDVES":35.96152,"USDVND":24380,"USDVUV":118.359624,"USDWST":2.713625,"USDXAF":600.951875,"USDXAG":0.043122,"USDXAU":0.000489,"USDXCD":2.70255,"USDXDR":0.745284,"USDXOF":600.5036,"USDXPF":109.490364,"USDYER":250.403595,"USDZAR":18.69012,"USDZMK":9001.203591,"USDZMW":25.797497,"USDZWL":321.999592}}}
[2025-02-27T10:19:31.876+0000] {python.py:201} INFO - Done. Returned value was: None
[2025-02-27T10:19:31.880+0000] {taskinstance.py:1138} INFO - Marking task as SUCCESS. dag_id=3_4_2_homework_assignment, task_id=extract_task, execution_date=20240105T000000, start_date=20250227T101931, end_date=20250227T101931
[2025-02-27T10:19:31.914+0000] {local_task_job_runner.py:234} INFO - Task exited with return code 0
[2025-02-27T10:24:13.320+0000] {taskinstance.py:1956} INFO - Dependencies all met for dep_context=non-requeueable deps ti=<TaskInstance: 3_4_2_homework_assignment.extract_task scheduled__2024-01-05T00:00:00+00:00 [queued]>
[2025-02-27T10:24:13.324+0000] {taskinstance.py:1956} INFO - Dependencies all met for dep_context=requeueable deps ti=<TaskInstance: 3_4_2_homework_assignment.extract_task scheduled__2024-01-05T00:00:00+00:00 [queued]>
[2025-02-27T10:24:13.324+0000] {taskinstance.py:2170} INFO - Starting attempt 1 of 1
[2025-02-27T10:24:13.338+0000] {taskinstance.py:2191} INFO - Executing <Task(PythonOperator): extract_task> on 2024-01-05 00:00:00+00:00
[2025-02-27T10:24:13.343+0000] {standard_task_runner.py:60} INFO - Started process 5444 to run task
[2025-02-27T10:24:13.345+0000] {standard_task_runner.py:87} INFO - Running: ['airflow', 'tasks', 'run', '3_4_2_homework_assignment', 'extract_task', 'scheduled__2024-01-05T00:00:00+00:00', '--job-id', '14', '--raw', '--subdir', 'DAGS_FOLDER/3_4_2_homework_assignment.py', '--cfg-path', '/tmp/tmppzvvpemy']
[2025-02-27T10:24:13.346+0000] {standard_task_runner.py:88} INFO - Job 14: Subtask extract_task
[2025-02-27T10:24:13.375+0000] {task_command.py:423} INFO - Running <TaskInstance: 3_4_2_homework_assignment.extract_task scheduled__2024-01-05T00:00:00+00:00 [running]> on host ea5964584459
[2025-02-27T10:24:13.423+0000] {taskinstance.py:2480} INFO - Exporting env vars: AIRFLOW_CTX_DAG_OWNER='airflow' AIRFLOW_CTX_DAG_ID='3_4_2_homework_assignment' AIRFLOW_CTX_TASK_ID='extract_task' AIRFLOW_CTX_EXECUTION_DATE='2024-01-05T00:00:00+00:00' AIRFLOW_CTX_TRY_NUMBER='1' AIRFLOW_CTX_DAG_RUN_ID='scheduled__2024-01-05T00:00:00+00:00'
[2025-02-27T10:24:13.424+0000] {3_4_2_homework_assignment.py:40} INFO - https://api.exchangerate.host/timeframe?access_key=422bab0c9e08a5476912061877017b8d&source=USD&start_date=2024-01-05&end_date=2024-01-05
[2025-02-27T10:24:14.091+0000] {logging_mixin.py:188} INFO - Ответ API: {"success":true,"terms":"https:\/\/currencylayer.com\/terms","privacy":"https:\/\/currencylayer.com\/privacy","timeframe":true,"start_date":"2024-01-05","end_date":"2024-01-05","source":"USD","quotes":{"2024-01-05":{"USDAED":3.672504,"USDAFN":70.000368,"USDALL":95.603989,"USDAMD":404.474412,"USDANG":1.802058,"USDAOA":830.503981,"USDARS":811.197518,"USDAUD":1.49145,"USDAWG":1.8,"USDAZN":1.70397,"USDBAM":1.791797,"USDBBD":2.018909,"USDBDT":109.735875,"USDBGN":1.78651,"USDBHD":0.376979,"USDBIF":2858,"USDBMD":1,"USDBND":1.331525,"USDBOB":6.909504,"USDBRL":4.875104,"USDBSD":0.999881,"USDBTC":2.2619426e-5,"USDBTN":83.14464,"USDBWP":13.576356,"USDBYN":3.302245,"USDBYR":19600,"USDBZD":2.01552,"USDCAD":1.33725,"USDCDF":2690.000362,"USDCHF":0.849704,"USDCLF":0.032253,"USDCLP":889.950396,"USDCNY":7.102504,"USDCOP":3893.45,"USDCRC":519.174744,"USDCUC":1,"USDCUP":26.5,"USDCVE":101.450394,"USDCZK":22.509504,"USDDJF":177.720394,"USDDKK":6.815904,"USDDOP":58.403886,"USDDZD":134.40404,"USDEGP":30.756947,"USDERN":15,"USDETB":56.35504,"USDEUR":0.91285,"USDFJD":2.21295,"USDFKP":0.787988,"USDGBP":0.785769,"USDGEL":2.690391,"USDGGP":0.787988,"USDGHS":11.97039,"USDGIP":0.787988,"USDGMD":67.203853,"USDGNF":8550.000355,"USDGTQ":7.822048,"USDGYD":209.190685,"USDHKD":7.81245,"USDHNL":24.720389,"USDHRK":6.98177,"USDHTG":131.686715,"USDHUF":345.460388,"USDIDR":15503.35,"USDILS":3.676575,"USDIMP":0.787988,"USDINR":83.19135,"USDIQD":1310,"USDIRR":42037.503818,"USDISK":137.790386,"USDJEP":0.787988,"USDJMD":154.507893,"USDJOD":0.709404,"USDJPY":144.63504,"USDKES":157.750385,"USDKGS":89.085304,"USDKHR":4101.000351,"USDKMF":449.975039,"USDKPW":900.063739,"USDKRW":1314.745039,"USDKWD":0.30753,"USDKYD":0.833234,"USDKZT":453.556018,"USDLAK":20630.000349,"USDLBP":14998.403066,"USDLKR":323.884822,"USDLRD":188.650382,"USDLSL":18.690382,"USDLTL":2.95274,"USDLVL":0.60489,"USDLYD":4.795039,"USDMAD":9.94725,"USDMDL":17.697931,"USDMGA":4604.000347,"USDMKD":56.134507,"USDMMK":2099.804861,"USDMNT":3421.406195,"USDMOP":8.045056,"USDMRU":39.650379,"USDMUR":44.760379,"USDMVR":15.403741,"USDMWK":1682.000345,"USDMXN":16.880104,"USDMYR":4.654504,"USDMZN":63.24995,"USDNAD":18.690377,"USDNGN":914.470377,"USDNIO":36.720377,"USDNOK":10.30157,"USDNPR":133.031314,"USDNZD":1.602564,"USDOMR":0.384954,"USDPAB":0.999973,"USDPEN":3.718039,"USDPGK":3.73775,"USDPHP":55.508504,"USDPKR":281.503704,"USDPLN":3.977178,"USDPYG":7256.786346,"USDQAR":3.641038,"USDRON":4.544804,"USDRSD":106.971757,"USDRUB":90.930373,"USDRWF":1265,"USDSAR":3.750446,"USDSBD":8.43942,"USDSCR":14.120372,"USDSDG":601.00034,"USDSEK":10.253404,"USDSGD":1.330704,"USDSHP":1.27175,"USDSLE":22.70133,"USDSLL":19750.000338,"USDSOS":571.000338,"USDSRD":36.667038,"USDSTD":20697.981008,"USDSYP":13002.627026,"USDSZL":18.67037,"USDTHB":34.67037,"USDTJS":10.963968,"USDTMT":3.5,"USDTND":3.097038,"USDTOP":2.34815,"USDTRY":29.812304,"USDTTD":6.765671,"USDTWD":30.967038,"USDTZS":2515.000336,"USDUAH":38.08544,"USDUGX":3791.008951,"USDUYU":39.17437,"USDUZS":12365.000335,"USDVEF":3586456.203998,"USDVES":35.96152,"USDVND":24380,"USDVUV":118.359624,"USDWST":2.713625,"USDXAF":600.951875,"USDXAG":0.043122,"USDXAU":0.000489,"USDXCD":2.70255,"USDXDR":0.745284,"USDXOF":600.5036,"USDXPF":109.490364,"USDYER":250.403595,"USDZAR":18.69012,"USDZMK":9001.203591,"USDZMW":25.797497,"USDZWL":321.999592}}}
[2025-02-27T10:24:14.093+0000] {python.py:201} INFO - Done. Returned value was: None
[2025-02-27T10:24:14.101+0000] {taskinstance.py:1138} INFO - Marking task as SUCCESS. dag_id=3_4_2_homework_assignment, task_id=extract_task, execution_date=20240105T000000, start_date=20250227T102413, end_date=20250227T102414
[2025-02-27T10:24:14.126+0000] {local_task_job_runner.py:234} INFO - Task exited with return code 0
[2025-02-27T10:26:58.048+0000] {taskinstance.py:1956} INFO - Dependencies all met for dep_context=non-requeueable deps ti=<TaskInstance: 3_4_2_homework_assignment.extract_task scheduled__2024-01-05T00:00:00+00:00 [queued]>
[2025-02-27T10:26:58.053+0000] {taskinstance.py:1956} INFO - Dependencies all met for dep_context=requeueable deps ti=<TaskInstance: 3_4_2_homework_assignment.extract_task scheduled__2024-01-05T00:00:00+00:00 [queued]>
[2025-02-27T10:26:58.053+0000] {taskinstance.py:2170} INFO - Starting attempt 1 of 1
[2025-02-27T10:26:58.066+0000] {taskinstance.py:2191} INFO - Executing <Task(PythonOperator): extract_task> on 2024-01-05 00:00:00+00:00
[2025-02-27T10:26:58.071+0000] {standard_task_runner.py:60} INFO - Started process 5735 to run task
[2025-02-27T10:26:58.073+0000] {standard_task_runner.py:87} INFO - Running: ['airflow', 'tasks', 'run', '3_4_2_homework_assignment', 'extract_task', 'scheduled__2024-01-05T00:00:00+00:00', '--job-id', '14', '--raw', '--subdir', 'DAGS_FOLDER/3_4_2_homework_assignment.py', '--cfg-path', '/tmp/tmp6yehb8uf']
[2025-02-27T10:26:58.074+0000] {standard_task_runner.py:88} INFO - Job 14: Subtask extract_task
[2025-02-27T10:26:58.103+0000] {task_command.py:423} INFO - Running <TaskInstance: 3_4_2_homework_assignment.extract_task scheduled__2024-01-05T00:00:00+00:00 [running]> on host ea5964584459
[2025-02-27T10:26:58.147+0000] {taskinstance.py:2480} INFO - Exporting env vars: AIRFLOW_CTX_DAG_OWNER='airflow' AIRFLOW_CTX_DAG_ID='3_4_2_homework_assignment' AIRFLOW_CTX_TASK_ID='extract_task' AIRFLOW_CTX_EXECUTION_DATE='2024-01-05T00:00:00+00:00' AIRFLOW_CTX_TRY_NUMBER='1' AIRFLOW_CTX_DAG_RUN_ID='scheduled__2024-01-05T00:00:00+00:00'
[2025-02-27T10:26:58.148+0000] {3_4_2_homework_assignment.py:40} INFO - https://api.exchangerate.host/timeframe?access_key=422bab0c9e08a5476912061877017b8d&source=USD&start_date=2024-01-05&end_date=2024-01-05
[2025-02-27T10:26:58.783+0000] {logging_mixin.py:188} INFO - Ответ API: {"success":true,"terms":"https:\/\/currencylayer.com\/terms","privacy":"https:\/\/currencylayer.com\/privacy","timeframe":true,"start_date":"2024-01-05","end_date":"2024-01-05","source":"USD","quotes":{"2024-01-05":{"USDAED":3.672504,"USDAFN":70.000368,"USDALL":95.603989,"USDAMD":404.474412,"USDANG":1.802058,"USDAOA":830.503981,"USDARS":811.197518,"USDAUD":1.49145,"USDAWG":1.8,"USDAZN":1.70397,"USDBAM":1.791797,"USDBBD":2.018909,"USDBDT":109.735875,"USDBGN":1.78651,"USDBHD":0.376979,"USDBIF":2858,"USDBMD":1,"USDBND":1.331525,"USDBOB":6.909504,"USDBRL":4.875104,"USDBSD":0.999881,"USDBTC":2.2619426e-5,"USDBTN":83.14464,"USDBWP":13.576356,"USDBYN":3.302245,"USDBYR":19600,"USDBZD":2.01552,"USDCAD":1.33725,"USDCDF":2690.000362,"USDCHF":0.849704,"USDCLF":0.032253,"USDCLP":889.950396,"USDCNY":7.102504,"USDCOP":3893.45,"USDCRC":519.174744,"USDCUC":1,"USDCUP":26.5,"USDCVE":101.450394,"USDCZK":22.509504,"USDDJF":177.720394,"USDDKK":6.815904,"USDDOP":58.403886,"USDDZD":134.40404,"USDEGP":30.756947,"USDERN":15,"USDETB":56.35504,"USDEUR":0.91285,"USDFJD":2.21295,"USDFKP":0.787988,"USDGBP":0.785769,"USDGEL":2.690391,"USDGGP":0.787988,"USDGHS":11.97039,"USDGIP":0.787988,"USDGMD":67.203853,"USDGNF":8550.000355,"USDGTQ":7.822048,"USDGYD":209.190685,"USDHKD":7.81245,"USDHNL":24.720389,"USDHRK":6.98177,"USDHTG":131.686715,"USDHUF":345.460388,"USDIDR":15503.35,"USDILS":3.676575,"USDIMP":0.787988,"USDINR":83.19135,"USDIQD":1310,"USDIRR":42037.503818,"USDISK":137.790386,"USDJEP":0.787988,"USDJMD":154.507893,"USDJOD":0.709404,"USDJPY":144.63504,"USDKES":157.750385,"USDKGS":89.085304,"USDKHR":4101.000351,"USDKMF":449.975039,"USDKPW":900.063739,"USDKRW":1314.745039,"USDKWD":0.30753,"USDKYD":0.833234,"USDKZT":453.556018,"USDLAK":20630.000349,"USDLBP":14998.403066,"USDLKR":323.884822,"USDLRD":188.650382,"USDLSL":18.690382,"USDLTL":2.95274,"USDLVL":0.60489,"USDLYD":4.795039,"USDMAD":9.94725,"USDMDL":17.697931,"USDMGA":4604.000347,"USDMKD":56.134507,"USDMMK":2099.804861,"USDMNT":3421.406195,"USDMOP":8.045056,"USDMRU":39.650379,"USDMUR":44.760379,"USDMVR":15.403741,"USDMWK":1682.000345,"USDMXN":16.880104,"USDMYR":4.654504,"USDMZN":63.24995,"USDNAD":18.690377,"USDNGN":914.470377,"USDNIO":36.720377,"USDNOK":10.30157,"USDNPR":133.031314,"USDNZD":1.602564,"USDOMR":0.384954,"USDPAB":0.999973,"USDPEN":3.718039,"USDPGK":3.73775,"USDPHP":55.508504,"USDPKR":281.503704,"USDPLN":3.977178,"USDPYG":7256.786346,"USDQAR":3.641038,"USDRON":4.544804,"USDRSD":106.971757,"USDRUB":90.930373,"USDRWF":1265,"USDSAR":3.750446,"USDSBD":8.43942,"USDSCR":14.120372,"USDSDG":601.00034,"USDSEK":10.253404,"USDSGD":1.330704,"USDSHP":1.27175,"USDSLE":22.70133,"USDSLL":19750.000338,"USDSOS":571.000338,"USDSRD":36.667038,"USDSTD":20697.981008,"USDSYP":13002.627026,"USDSZL":18.67037,"USDTHB":34.67037,"USDTJS":10.963968,"USDTMT":3.5,"USDTND":3.097038,"USDTOP":2.34815,"USDTRY":29.812304,"USDTTD":6.765671,"USDTWD":30.967038,"USDTZS":2515.000336,"USDUAH":38.08544,"USDUGX":3791.008951,"USDUYU":39.17437,"USDUZS":12365.000335,"USDVEF":3586456.203998,"USDVES":35.96152,"USDVND":24380,"USDVUV":118.359624,"USDWST":2.713625,"USDXAF":600.951875,"USDXAG":0.043122,"USDXAU":0.000489,"USDXCD":2.70255,"USDXDR":0.745284,"USDXOF":600.5036,"USDXPF":109.490364,"USDYER":250.403595,"USDZAR":18.69012,"USDZMK":9001.203591,"USDZMW":25.797497,"USDZWL":321.999592}}}
[2025-02-27T10:26:58.787+0000] {python.py:201} INFO - Done. Returned value was: None
[2025-02-27T10:26:58.793+0000] {taskinstance.py:1138} INFO - Marking task as SUCCESS. dag_id=3_4_2_homework_assignment, task_id=extract_task, execution_date=20240105T000000, start_date=20250227T102658, end_date=20250227T102658
[2025-02-27T10:26:58.851+0000] {local_task_job_runner.py:234} INFO - Task exited with return code 0
[2025-02-27T10:35:18.927+0000] {taskinstance.py:1956} INFO - Dependencies all met for dep_context=non-requeueable deps ti=<TaskInstance: 3_4_2_homework_assignment.extract_task scheduled__2024-01-05T00:00:00+00:00 [queued]>
[2025-02-27T10:35:18.931+0000] {taskinstance.py:1956} INFO - Dependencies all met for dep_context=requeueable deps ti=<TaskInstance: 3_4_2_homework_assignment.extract_task scheduled__2024-01-05T00:00:00+00:00 [queued]>
[2025-02-27T10:35:18.932+0000] {taskinstance.py:2170} INFO - Starting attempt 1 of 1
[2025-02-27T10:35:18.943+0000] {taskinstance.py:2191} INFO - Executing <Task(PythonOperator): extract_task> on 2024-01-05 00:00:00+00:00
[2025-02-27T10:35:18.947+0000] {standard_task_runner.py:60} INFO - Started process 6395 to run task
[2025-02-27T10:35:18.949+0000] {standard_task_runner.py:87} INFO - Running: ['airflow', 'tasks', 'run', '3_4_2_homework_assignment', 'extract_task', 'scheduled__2024-01-05T00:00:00+00:00', '--job-id', '14', '--raw', '--subdir', 'DAGS_FOLDER/3_4_2_homework_assignment.py', '--cfg-path', '/tmp/tmppx8ebzmm']
[2025-02-27T10:35:18.951+0000] {standard_task_runner.py:88} INFO - Job 14: Subtask extract_task
[2025-02-27T10:35:18.975+0000] {task_command.py:423} INFO - Running <TaskInstance: 3_4_2_homework_assignment.extract_task scheduled__2024-01-05T00:00:00+00:00 [running]> on host ea5964584459
[2025-02-27T10:35:19.015+0000] {taskinstance.py:2480} INFO - Exporting env vars: AIRFLOW_CTX_DAG_OWNER='airflow' AIRFLOW_CTX_DAG_ID='3_4_2_homework_assignment' AIRFLOW_CTX_TASK_ID='extract_task' AIRFLOW_CTX_EXECUTION_DATE='2024-01-05T00:00:00+00:00' AIRFLOW_CTX_TRY_NUMBER='1' AIRFLOW_CTX_DAG_RUN_ID='scheduled__2024-01-05T00:00:00+00:00'
[2025-02-27T10:35:19.016+0000] {3_4_2_homework_assignment.py:40} INFO - https://api.exchangerate.host/timeframe?access_key=422bab0c9e08a5476912061877017b8d&source=USD&start_date=2024-01-05&end_date=2024-01-05
[2025-02-27T10:35:19.698+0000] {logging_mixin.py:188} INFO - Ответ API: {"success":true,"terms":"https:\/\/currencylayer.com\/terms","privacy":"https:\/\/currencylayer.com\/privacy","timeframe":true,"start_date":"2024-01-05","end_date":"2024-01-05","source":"USD","quotes":{"2024-01-05":{"USDAED":3.672504,"USDAFN":70.000368,"USDALL":95.603989,"USDAMD":404.474412,"USDANG":1.802058,"USDAOA":830.503981,"USDARS":811.197518,"USDAUD":1.49145,"USDAWG":1.8,"USDAZN":1.70397,"USDBAM":1.791797,"USDBBD":2.018909,"USDBDT":109.735875,"USDBGN":1.78651,"USDBHD":0.376979,"USDBIF":2858,"USDBMD":1,"USDBND":1.331525,"USDBOB":6.909504,"USDBRL":4.875104,"USDBSD":0.999881,"USDBTC":2.2619426e-5,"USDBTN":83.14464,"USDBWP":13.576356,"USDBYN":3.302245,"USDBYR":19600,"USDBZD":2.01552,"USDCAD":1.33725,"USDCDF":2690.000362,"USDCHF":0.849704,"USDCLF":0.032253,"USDCLP":889.950396,"USDCNY":7.102504,"USDCOP":3893.45,"USDCRC":519.174744,"USDCUC":1,"USDCUP":26.5,"USDCVE":101.450394,"USDCZK":22.509504,"USDDJF":177.720394,"USDDKK":6.815904,"USDDOP":58.403886,"USDDZD":134.40404,"USDEGP":30.756947,"USDERN":15,"USDETB":56.35504,"USDEUR":0.91285,"USDFJD":2.21295,"USDFKP":0.787988,"USDGBP":0.785769,"USDGEL":2.690391,"USDGGP":0.787988,"USDGHS":11.97039,"USDGIP":0.787988,"USDGMD":67.203853,"USDGNF":8550.000355,"USDGTQ":7.822048,"USDGYD":209.190685,"USDHKD":7.81245,"USDHNL":24.720389,"USDHRK":6.98177,"USDHTG":131.686715,"USDHUF":345.460388,"USDIDR":15503.35,"USDILS":3.676575,"USDIMP":0.787988,"USDINR":83.19135,"USDIQD":1310,"USDIRR":42037.503818,"USDISK":137.790386,"USDJEP":0.787988,"USDJMD":154.507893,"USDJOD":0.709404,"USDJPY":144.63504,"USDKES":157.750385,"USDKGS":89.085304,"USDKHR":4101.000351,"USDKMF":449.975039,"USDKPW":900.063739,"USDKRW":1314.745039,"USDKWD":0.30753,"USDKYD":0.833234,"USDKZT":453.556018,"USDLAK":20630.000349,"USDLBP":14998.403066,"USDLKR":323.884822,"USDLRD":188.650382,"USDLSL":18.690382,"USDLTL":2.95274,"USDLVL":0.60489,"USDLYD":4.795039,"USDMAD":9.94725,"USDMDL":17.697931,"USDMGA":4604.000347,"USDMKD":56.134507,"USDMMK":2099.804861,"USDMNT":3421.406195,"USDMOP":8.045056,"USDMRU":39.650379,"USDMUR":44.760379,"USDMVR":15.403741,"USDMWK":1682.000345,"USDMXN":16.880104,"USDMYR":4.654504,"USDMZN":63.24995,"USDNAD":18.690377,"USDNGN":914.470377,"USDNIO":36.720377,"USDNOK":10.30157,"USDNPR":133.031314,"USDNZD":1.602564,"USDOMR":0.384954,"USDPAB":0.999973,"USDPEN":3.718039,"USDPGK":3.73775,"USDPHP":55.508504,"USDPKR":281.503704,"USDPLN":3.977178,"USDPYG":7256.786346,"USDQAR":3.641038,"USDRON":4.544804,"USDRSD":106.971757,"USDRUB":90.930373,"USDRWF":1265,"USDSAR":3.750446,"USDSBD":8.43942,"USDSCR":14.120372,"USDSDG":601.00034,"USDSEK":10.253404,"USDSGD":1.330704,"USDSHP":1.27175,"USDSLE":22.70133,"USDSLL":19750.000338,"USDSOS":571.000338,"USDSRD":36.667038,"USDSTD":20697.981008,"USDSYP":13002.627026,"USDSZL":18.67037,"USDTHB":34.67037,"USDTJS":10.963968,"USDTMT":3.5,"USDTND":3.097038,"USDTOP":2.34815,"USDTRY":29.812304,"USDTTD":6.765671,"USDTWD":30.967038,"USDTZS":2515.000336,"USDUAH":38.08544,"USDUGX":3791.008951,"USDUYU":39.17437,"USDUZS":12365.000335,"USDVEF":3586456.203998,"USDVES":35.96152,"USDVND":24380,"USDVUV":118.359624,"USDWST":2.713625,"USDXAF":600.951875,"USDXAG":0.043122,"USDXAU":0.000489,"USDXCD":2.70255,"USDXDR":0.745284,"USDXOF":600.5036,"USDXPF":109.490364,"USDYER":250.403595,"USDZAR":18.69012,"USDZMK":9001.203591,"USDZMW":25.797497,"USDZWL":321.999592}}}
[2025-02-27T10:35:19.700+0000] {python.py:201} INFO - Done. Returned value was: None
[2025-02-27T10:35:19.706+0000] {taskinstance.py:1138} INFO - Marking task as SUCCESS. dag_id=3_4_2_homework_assignment, task_id=extract_task, execution_date=20240105T000000, start_date=20250227T103518, end_date=20250227T103519
[2025-02-27T10:35:19.744+0000] {local_task_job_runner.py:234} INFO - Task exited with return code 0
[2025-02-27T10:45:11.426+0000] {taskinstance.py:1956} INFO - Dependencies all met for dep_context=non-requeueable deps ti=<TaskInstance: 3_4_2_homework_assignment.extract_task scheduled__2024-01-05T00:00:00+00:00 [queued]>
[2025-02-27T10:45:11.431+0000] {taskinstance.py:1956} INFO - Dependencies all met for dep_context=requeueable deps ti=<TaskInstance: 3_4_2_homework_assignment.extract_task scheduled__2024-01-05T00:00:00+00:00 [queued]>
[2025-02-27T10:45:11.432+0000] {taskinstance.py:2170} INFO - Starting attempt 1 of 1
[2025-02-27T10:45:11.442+0000] {taskinstance.py:2191} INFO - Executing <Task(PythonOperator): extract_task> on 2024-01-05 00:00:00+00:00
[2025-02-27T10:45:11.446+0000] {standard_task_runner.py:60} INFO - Started process 7080 to run task
[2025-02-27T10:45:11.448+0000] {standard_task_runner.py:87} INFO - Running: ['airflow', 'tasks', 'run', '3_4_2_homework_assignment', 'extract_task', 'scheduled__2024-01-05T00:00:00+00:00', '--job-id', '14', '--raw', '--subdir', 'DAGS_FOLDER/3_4_2_homework_assignment.py', '--cfg-path', '/tmp/tmp8vh9wvrl']
[2025-02-27T10:45:11.449+0000] {standard_task_runner.py:88} INFO - Job 14: Subtask extract_task
[2025-02-27T10:45:11.472+0000] {task_command.py:423} INFO - Running <TaskInstance: 3_4_2_homework_assignment.extract_task scheduled__2024-01-05T00:00:00+00:00 [running]> on host ea5964584459
[2025-02-27T10:45:11.513+0000] {taskinstance.py:2480} INFO - Exporting env vars: AIRFLOW_CTX_DAG_OWNER='airflow' AIRFLOW_CTX_DAG_ID='3_4_2_homework_assignment' AIRFLOW_CTX_TASK_ID='extract_task' AIRFLOW_CTX_EXECUTION_DATE='2024-01-05T00:00:00+00:00' AIRFLOW_CTX_TRY_NUMBER='1' AIRFLOW_CTX_DAG_RUN_ID='scheduled__2024-01-05T00:00:00+00:00'
[2025-02-27T10:45:11.514+0000] {3_4_2_homework_assignment.py:40} INFO - https://api.exchangerate.host/timeframe?access_key=422bab0c9e08a5476912061877017b8d&source=USD&start_date=2024-01-05&end_date=2024-01-05
[2025-02-27T10:45:12.122+0000] {logging_mixin.py:188} INFO - Ответ API: {"success":true,"terms":"https:\/\/currencylayer.com\/terms","privacy":"https:\/\/currencylayer.com\/privacy","timeframe":true,"start_date":"2024-01-05","end_date":"2024-01-05","source":"USD","quotes":{"2024-01-05":{"USDAED":3.672504,"USDAFN":70.000368,"USDALL":95.603989,"USDAMD":404.474412,"USDANG":1.802058,"USDAOA":830.503981,"USDARS":811.197518,"USDAUD":1.49145,"USDAWG":1.8,"USDAZN":1.70397,"USDBAM":1.791797,"USDBBD":2.018909,"USDBDT":109.735875,"USDBGN":1.78651,"USDBHD":0.376979,"USDBIF":2858,"USDBMD":1,"USDBND":1.331525,"USDBOB":6.909504,"USDBRL":4.875104,"USDBSD":0.999881,"USDBTC":2.2619426e-5,"USDBTN":83.14464,"USDBWP":13.576356,"USDBYN":3.302245,"USDBYR":19600,"USDBZD":2.01552,"USDCAD":1.33725,"USDCDF":2690.000362,"USDCHF":0.849704,"USDCLF":0.032253,"USDCLP":889.950396,"USDCNY":7.102504,"USDCOP":3893.45,"USDCRC":519.174744,"USDCUC":1,"USDCUP":26.5,"USDCVE":101.450394,"USDCZK":22.509504,"USDDJF":177.720394,"USDDKK":6.815904,"USDDOP":58.403886,"USDDZD":134.40404,"USDEGP":30.756947,"USDERN":15,"USDETB":56.35504,"USDEUR":0.91285,"USDFJD":2.21295,"USDFKP":0.787988,"USDGBP":0.785769,"USDGEL":2.690391,"USDGGP":0.787988,"USDGHS":11.97039,"USDGIP":0.787988,"USDGMD":67.203853,"USDGNF":8550.000355,"USDGTQ":7.822048,"USDGYD":209.190685,"USDHKD":7.81245,"USDHNL":24.720389,"USDHRK":6.98177,"USDHTG":131.686715,"USDHUF":345.460388,"USDIDR":15503.35,"USDILS":3.676575,"USDIMP":0.787988,"USDINR":83.19135,"USDIQD":1310,"USDIRR":42037.503818,"USDISK":137.790386,"USDJEP":0.787988,"USDJMD":154.507893,"USDJOD":0.709404,"USDJPY":144.63504,"USDKES":157.750385,"USDKGS":89.085304,"USDKHR":4101.000351,"USDKMF":449.975039,"USDKPW":900.063739,"USDKRW":1314.745039,"USDKWD":0.30753,"USDKYD":0.833234,"USDKZT":453.556018,"USDLAK":20630.000349,"USDLBP":14998.403066,"USDLKR":323.884822,"USDLRD":188.650382,"USDLSL":18.690382,"USDLTL":2.95274,"USDLVL":0.60489,"USDLYD":4.795039,"USDMAD":9.94725,"USDMDL":17.697931,"USDMGA":4604.000347,"USDMKD":56.134507,"USDMMK":2099.804861,"USDMNT":3421.406195,"USDMOP":8.045056,"USDMRU":39.650379,"USDMUR":44.760379,"USDMVR":15.403741,"USDMWK":1682.000345,"USDMXN":16.880104,"USDMYR":4.654504,"USDMZN":63.24995,"USDNAD":18.690377,"USDNGN":914.470377,"USDNIO":36.720377,"USDNOK":10.30157,"USDNPR":133.031314,"USDNZD":1.602564,"USDOMR":0.384954,"USDPAB":0.999973,"USDPEN":3.718039,"USDPGK":3.73775,"USDPHP":55.508504,"USDPKR":281.503704,"USDPLN":3.977178,"USDPYG":7256.786346,"USDQAR":3.641038,"USDRON":4.544804,"USDRSD":106.971757,"USDRUB":90.930373,"USDRWF":1265,"USDSAR":3.750446,"USDSBD":8.43942,"USDSCR":14.120372,"USDSDG":601.00034,"USDSEK":10.253404,"USDSGD":1.330704,"USDSHP":1.27175,"USDSLE":22.70133,"USDSLL":19750.000338,"USDSOS":571.000338,"USDSRD":36.667038,"USDSTD":20697.981008,"USDSYP":13002.627026,"USDSZL":18.67037,"USDTHB":34.67037,"USDTJS":10.963968,"USDTMT":3.5,"USDTND":3.097038,"USDTOP":2.34815,"USDTRY":29.812304,"USDTTD":6.765671,"USDTWD":30.967038,"USDTZS":2515.000336,"USDUAH":38.08544,"USDUGX":3791.008951,"USDUYU":39.17437,"USDUZS":12365.000335,"USDVEF":3586456.203998,"USDVES":35.96152,"USDVND":24380,"USDVUV":118.359624,"USDWST":2.713625,"USDXAF":600.951875,"USDXAG":0.043122,"USDXAU":0.000489,"USDXCD":2.70255,"USDXDR":0.745284,"USDXOF":600.5036,"USDXPF":109.490364,"USDYER":250.403595,"USDZAR":18.69012,"USDZMK":9001.203591,"USDZMW":25.797497,"USDZWL":321.999592}}}
[2025-02-27T10:45:12.124+0000] {python.py:201} INFO - Done. Returned value was: None
[2025-02-27T10:45:12.127+0000] {taskinstance.py:1138} INFO - Marking task as SUCCESS. dag_id=3_4_2_homework_assignment, task_id=extract_task, execution_date=20240105T000000, start_date=20250227T104511, end_date=20250227T104512
[2025-02-27T10:45:12.160+0000] {local_task_job_runner.py:234} INFO - Task exited with return code 0
