[2025-02-27T09:32:40.046+0000] {taskinstance.py:1956} INFO - Dependencies all met for dep_context=non-requeueable deps ti=<TaskInstance: 3_4_2_homework_assignment.extract_task scheduled__2024-01-02T00:00:00+00:00 [queued]>
[2025-02-27T09:32:40.051+0000] {taskinstance.py:1956} INFO - Dependencies all met for dep_context=requeueable deps ti=<TaskInstance: 3_4_2_homework_assignment.extract_task scheduled__2024-01-02T00:00:00+00:00 [queued]>
[2025-02-27T09:32:40.052+0000] {taskinstance.py:2170} INFO - Starting attempt 1 of 1
[2025-02-27T09:32:40.065+0000] {taskinstance.py:2191} INFO - Executing <Task(PythonOperator): extract_task> on 2024-01-02 00:00:00+00:00
[2025-02-27T09:32:40.070+0000] {standard_task_runner.py:60} INFO - Started process 186 to run task
[2025-02-27T09:32:40.072+0000] {standard_task_runner.py:87} INFO - Running: ['airflow', 'tasks', 'run', '3_4_2_homework_assignment', 'extract_task', 'scheduled__2024-01-02T00:00:00+00:00', '--job-id', '4', '--raw', '--subdir', 'DAGS_FOLDER/3_4_2_homework_assignment.py', '--cfg-path', '/tmp/tmpzf5fh40q']
[2025-02-27T09:32:40.074+0000] {standard_task_runner.py:88} INFO - Job 4: Subtask extract_task
[2025-02-27T09:32:40.110+0000] {task_command.py:423} INFO - Running <TaskInstance: 3_4_2_homework_assignment.extract_task scheduled__2024-01-02T00:00:00+00:00 [running]> on host ea5964584459
[2025-02-27T09:32:40.160+0000] {taskinstance.py:2480} INFO - Exporting env vars: AIRFLOW_CTX_DAG_OWNER='airflow' AIRFLOW_CTX_DAG_ID='3_4_2_homework_assignment' AIRFLOW_CTX_TASK_ID='extract_task' AIRFLOW_CTX_EXECUTION_DATE='2024-01-02T00:00:00+00:00' AIRFLOW_CTX_TRY_NUMBER='1' AIRFLOW_CTX_DAG_RUN_ID='scheduled__2024-01-02T00:00:00+00:00'
[2025-02-27T09:32:40.797+0000] {python.py:201} INFO - Done. Returned value was: None
[2025-02-27T09:32:40.801+0000] {taskinstance.py:1138} INFO - Marking task as SUCCESS. dag_id=3_4_2_homework_assignment, task_id=extract_task, execution_date=20240102T000000, start_date=20250227T093240, end_date=20250227T093240
[2025-02-27T09:32:40.856+0000] {local_task_job_runner.py:234} INFO - Task exited with return code 0
[2025-02-27T09:34:53.017+0000] {taskinstance.py:1956} INFO - Dependencies all met for dep_context=non-requeueable deps ti=<TaskInstance: 3_4_2_homework_assignment.extract_task scheduled__2024-01-02T00:00:00+00:00 [queued]>
[2025-02-27T09:34:53.022+0000] {taskinstance.py:1956} INFO - Dependencies all met for dep_context=requeueable deps ti=<TaskInstance: 3_4_2_homework_assignment.extract_task scheduled__2024-01-02T00:00:00+00:00 [queued]>
[2025-02-27T09:34:53.023+0000] {taskinstance.py:2170} INFO - Starting attempt 1 of 1
[2025-02-27T09:34:53.033+0000] {taskinstance.py:2191} INFO - Executing <Task(PythonOperator): extract_task> on 2024-01-02 00:00:00+00:00
[2025-02-27T09:34:53.038+0000] {standard_task_runner.py:60} INFO - Started process 547 to run task
[2025-02-27T09:34:53.040+0000] {standard_task_runner.py:87} INFO - Running: ['airflow', 'tasks', 'run', '3_4_2_homework_assignment', 'extract_task', 'scheduled__2024-01-02T00:00:00+00:00', '--job-id', '4', '--raw', '--subdir', 'DAGS_FOLDER/3_4_2_homework_assignment.py', '--cfg-path', '/tmp/tmps08ao19w']
[2025-02-27T09:34:53.042+0000] {standard_task_runner.py:88} INFO - Job 4: Subtask extract_task
[2025-02-27T09:34:53.069+0000] {task_command.py:423} INFO - Running <TaskInstance: 3_4_2_homework_assignment.extract_task scheduled__2024-01-02T00:00:00+00:00 [running]> on host ea5964584459
[2025-02-27T09:34:53.111+0000] {taskinstance.py:2480} INFO - Exporting env vars: AIRFLOW_CTX_DAG_OWNER='airflow' AIRFLOW_CTX_DAG_ID='3_4_2_homework_assignment' AIRFLOW_CTX_TASK_ID='extract_task' AIRFLOW_CTX_EXECUTION_DATE='2024-01-02T00:00:00+00:00' AIRFLOW_CTX_TRY_NUMBER='1' AIRFLOW_CTX_DAG_RUN_ID='scheduled__2024-01-02T00:00:00+00:00'
[2025-02-27T09:34:53.731+0000] {python.py:201} INFO - Done. Returned value was: None
[2025-02-27T09:34:53.735+0000] {taskinstance.py:1138} INFO - Marking task as SUCCESS. dag_id=3_4_2_homework_assignment, task_id=extract_task, execution_date=20240102T000000, start_date=20250227T093453, end_date=20250227T093453
[2025-02-27T09:34:53.774+0000] {local_task_job_runner.py:234} INFO - Task exited with return code 0
[2025-02-27T09:39:49.022+0000] {taskinstance.py:1956} INFO - Dependencies all met for dep_context=non-requeueable deps ti=<TaskInstance: 3_4_2_homework_assignment.extract_task scheduled__2024-01-02T00:00:00+00:00 [queued]>
[2025-02-27T09:39:49.029+0000] {taskinstance.py:1956} INFO - Dependencies all met for dep_context=requeueable deps ti=<TaskInstance: 3_4_2_homework_assignment.extract_task scheduled__2024-01-02T00:00:00+00:00 [queued]>
[2025-02-27T09:39:49.030+0000] {taskinstance.py:2170} INFO - Starting attempt 1 of 1
[2025-02-27T09:39:49.042+0000] {taskinstance.py:2191} INFO - Executing <Task(PythonOperator): extract_task> on 2024-01-02 00:00:00+00:00
[2025-02-27T09:39:49.048+0000] {standard_task_runner.py:60} INFO - Started process 950 to run task
[2025-02-27T09:39:49.050+0000] {standard_task_runner.py:87} INFO - Running: ['airflow', 'tasks', 'run', '3_4_2_homework_assignment', 'extract_task', 'scheduled__2024-01-02T00:00:00+00:00', '--job-id', '4', '--raw', '--subdir', 'DAGS_FOLDER/3_4_2_homework_assignment.py', '--cfg-path', '/tmp/tmpx4yvomij']
[2025-02-27T09:39:49.051+0000] {standard_task_runner.py:88} INFO - Job 4: Subtask extract_task
[2025-02-27T09:39:49.081+0000] {task_command.py:423} INFO - Running <TaskInstance: 3_4_2_homework_assignment.extract_task scheduled__2024-01-02T00:00:00+00:00 [running]> on host ea5964584459
[2025-02-27T09:39:49.125+0000] {taskinstance.py:2480} INFO - Exporting env vars: AIRFLOW_CTX_DAG_OWNER='airflow' AIRFLOW_CTX_DAG_ID='3_4_2_homework_assignment' AIRFLOW_CTX_TASK_ID='extract_task' AIRFLOW_CTX_EXECUTION_DATE='2024-01-02T00:00:00+00:00' AIRFLOW_CTX_TRY_NUMBER='1' AIRFLOW_CTX_DAG_RUN_ID='scheduled__2024-01-02T00:00:00+00:00'
[2025-02-27T09:39:49.759+0000] {python.py:201} INFO - Done. Returned value was: None
[2025-02-27T09:39:49.772+0000] {taskinstance.py:1138} INFO - Marking task as SUCCESS. dag_id=3_4_2_homework_assignment, task_id=extract_task, execution_date=20240102T000000, start_date=20250227T093949, end_date=20250227T093949
[2025-02-27T09:39:49.827+0000] {local_task_job_runner.py:234} INFO - Task exited with return code 0
[2025-02-27T09:43:45.169+0000] {taskinstance.py:1956} INFO - Dependencies all met for dep_context=non-requeueable deps ti=<TaskInstance: 3_4_2_homework_assignment.extract_task scheduled__2024-01-02T00:00:00+00:00 [queued]>
[2025-02-27T09:43:45.174+0000] {taskinstance.py:1956} INFO - Dependencies all met for dep_context=requeueable deps ti=<TaskInstance: 3_4_2_homework_assignment.extract_task scheduled__2024-01-02T00:00:00+00:00 [queued]>
[2025-02-27T09:43:45.174+0000] {taskinstance.py:2170} INFO - Starting attempt 1 of 1
[2025-02-27T09:43:45.184+0000] {taskinstance.py:2191} INFO - Executing <Task(PythonOperator): extract_task> on 2024-01-02 00:00:00+00:00
[2025-02-27T09:43:45.189+0000] {standard_task_runner.py:60} INFO - Started process 1340 to run task
[2025-02-27T09:43:45.191+0000] {standard_task_runner.py:87} INFO - Running: ['airflow', 'tasks', 'run', '3_4_2_homework_assignment', 'extract_task', 'scheduled__2024-01-02T00:00:00+00:00', '--job-id', '4', '--raw', '--subdir', 'DAGS_FOLDER/3_4_2_homework_assignment.py', '--cfg-path', '/tmp/tmp_2kwqvtm']
[2025-02-27T09:43:45.193+0000] {standard_task_runner.py:88} INFO - Job 4: Subtask extract_task
[2025-02-27T09:43:45.218+0000] {task_command.py:423} INFO - Running <TaskInstance: 3_4_2_homework_assignment.extract_task scheduled__2024-01-02T00:00:00+00:00 [running]> on host ea5964584459
[2025-02-27T09:43:45.259+0000] {taskinstance.py:2480} INFO - Exporting env vars: AIRFLOW_CTX_DAG_OWNER='airflow' AIRFLOW_CTX_DAG_ID='3_4_2_homework_assignment' AIRFLOW_CTX_TASK_ID='extract_task' AIRFLOW_CTX_EXECUTION_DATE='2024-01-02T00:00:00+00:00' AIRFLOW_CTX_TRY_NUMBER='1' AIRFLOW_CTX_DAG_RUN_ID='scheduled__2024-01-02T00:00:00+00:00'
[2025-02-27T09:43:45.894+0000] {logging_mixin.py:188} INFO - Ответ API: {
  "success": false,
  "error": {
    "code": 101,
    "type": "invalid_access_key",
    "info": "You have not supplied a valid API Access Key. [Technical Support: support@apilayer.com]"
  }
}
[2025-02-27T09:43:45.895+0000] {python.py:201} INFO - Done. Returned value was: None
[2025-02-27T09:43:45.900+0000] {taskinstance.py:1138} INFO - Marking task as SUCCESS. dag_id=3_4_2_homework_assignment, task_id=extract_task, execution_date=20240102T000000, start_date=20250227T094345, end_date=20250227T094345
[2025-02-27T09:43:45.928+0000] {local_task_job_runner.py:234} INFO - Task exited with return code 0
[2025-02-27T09:45:21.428+0000] {taskinstance.py:1956} INFO - Dependencies all met for dep_context=non-requeueable deps ti=<TaskInstance: 3_4_2_homework_assignment.extract_task scheduled__2024-01-02T00:00:00+00:00 [queued]>
[2025-02-27T09:45:21.433+0000] {taskinstance.py:1956} INFO - Dependencies all met for dep_context=requeueable deps ti=<TaskInstance: 3_4_2_homework_assignment.extract_task scheduled__2024-01-02T00:00:00+00:00 [queued]>
[2025-02-27T09:45:21.434+0000] {taskinstance.py:2170} INFO - Starting attempt 1 of 1
[2025-02-27T09:45:21.446+0000] {taskinstance.py:2191} INFO - Executing <Task(PythonOperator): extract_task> on 2024-01-02 00:00:00+00:00
[2025-02-27T09:45:21.451+0000] {standard_task_runner.py:60} INFO - Started process 1551 to run task
[2025-02-27T09:45:21.453+0000] {standard_task_runner.py:87} INFO - Running: ['airflow', 'tasks', 'run', '3_4_2_homework_assignment', 'extract_task', 'scheduled__2024-01-02T00:00:00+00:00', '--job-id', '4', '--raw', '--subdir', 'DAGS_FOLDER/3_4_2_homework_assignment.py', '--cfg-path', '/tmp/tmpofq98sws']
[2025-02-27T09:45:21.455+0000] {standard_task_runner.py:88} INFO - Job 4: Subtask extract_task
[2025-02-27T09:45:21.489+0000] {task_command.py:423} INFO - Running <TaskInstance: 3_4_2_homework_assignment.extract_task scheduled__2024-01-02T00:00:00+00:00 [running]> on host ea5964584459
[2025-02-27T09:45:21.559+0000] {taskinstance.py:2480} INFO - Exporting env vars: AIRFLOW_CTX_DAG_OWNER='airflow' AIRFLOW_CTX_DAG_ID='3_4_2_homework_assignment' AIRFLOW_CTX_TASK_ID='extract_task' AIRFLOW_CTX_EXECUTION_DATE='2024-01-02T00:00:00+00:00' AIRFLOW_CTX_TRY_NUMBER='1' AIRFLOW_CTX_DAG_RUN_ID='scheduled__2024-01-02T00:00:00+00:00'
[2025-02-27T09:45:22.252+0000] {logging_mixin.py:188} INFO - Ответ API: {
  "success": false,
  "error": {
    "code": 101,
    "type": "invalid_access_key",
    "info": "You have not supplied a valid API Access Key. [Technical Support: support@apilayer.com]"
  }
}
[2025-02-27T09:45:22.254+0000] {python.py:201} INFO - Done. Returned value was: None
[2025-02-27T09:45:22.258+0000] {taskinstance.py:1138} INFO - Marking task as SUCCESS. dag_id=3_4_2_homework_assignment, task_id=extract_task, execution_date=20240102T000000, start_date=20250227T094521, end_date=20250227T094522
[2025-02-27T09:45:22.311+0000] {local_task_job_runner.py:234} INFO - Task exited with return code 0
[2025-02-27T09:46:49.717+0000] {taskinstance.py:1956} INFO - Dependencies all met for dep_context=non-requeueable deps ti=<TaskInstance: 3_4_2_homework_assignment.extract_task scheduled__2024-01-02T00:00:00+00:00 [queued]>
[2025-02-27T09:46:49.722+0000] {taskinstance.py:1956} INFO - Dependencies all met for dep_context=requeueable deps ti=<TaskInstance: 3_4_2_homework_assignment.extract_task scheduled__2024-01-02T00:00:00+00:00 [queued]>
[2025-02-27T09:46:49.723+0000] {taskinstance.py:2170} INFO - Starting attempt 1 of 1
[2025-02-27T09:46:49.733+0000] {taskinstance.py:2191} INFO - Executing <Task(PythonOperator): extract_task> on 2024-01-02 00:00:00+00:00
[2025-02-27T09:46:49.738+0000] {standard_task_runner.py:60} INFO - Started process 1693 to run task
[2025-02-27T09:46:49.741+0000] {standard_task_runner.py:87} INFO - Running: ['airflow', 'tasks', 'run', '3_4_2_homework_assignment', 'extract_task', 'scheduled__2024-01-02T00:00:00+00:00', '--job-id', '3', '--raw', '--subdir', 'DAGS_FOLDER/3_4_2_homework_assignment.py', '--cfg-path', '/tmp/tmpug5fngkk']
[2025-02-27T09:46:49.742+0000] {standard_task_runner.py:88} INFO - Job 3: Subtask extract_task
[2025-02-27T09:46:49.768+0000] {task_command.py:423} INFO - Running <TaskInstance: 3_4_2_homework_assignment.extract_task scheduled__2024-01-02T00:00:00+00:00 [running]> on host ea5964584459
[2025-02-27T09:46:49.814+0000] {taskinstance.py:2480} INFO - Exporting env vars: AIRFLOW_CTX_DAG_OWNER='airflow' AIRFLOW_CTX_DAG_ID='3_4_2_homework_assignment' AIRFLOW_CTX_TASK_ID='extract_task' AIRFLOW_CTX_EXECUTION_DATE='2024-01-02T00:00:00+00:00' AIRFLOW_CTX_TRY_NUMBER='1' AIRFLOW_CTX_DAG_RUN_ID='scheduled__2024-01-02T00:00:00+00:00'
[2025-02-27T09:46:50.484+0000] {logging_mixin.py:188} INFO - Ответ API: {
  "success": false,
  "error": {
    "code": 101,
    "type": "invalid_access_key",
    "info": "You have not supplied a valid API Access Key. [Technical Support: support@apilayer.com]"
  }
}
[2025-02-27T09:46:50.486+0000] {python.py:201} INFO - Done. Returned value was: None
[2025-02-27T09:46:50.489+0000] {taskinstance.py:1138} INFO - Marking task as SUCCESS. dag_id=3_4_2_homework_assignment, task_id=extract_task, execution_date=20240102T000000, start_date=20250227T094649, end_date=20250227T094650
[2025-02-27T09:46:50.532+0000] {local_task_job_runner.py:234} INFO - Task exited with return code 0
[2025-02-27T09:46:50.541+0000] {taskinstance.py:3280} INFO - 0 downstream tasks scheduled from follow-on schedule check
[2025-02-27T09:48:01.623+0000] {taskinstance.py:1956} INFO - Dependencies all met for dep_context=non-requeueable deps ti=<TaskInstance: 3_4_2_homework_assignment.extract_task scheduled__2024-01-02T00:00:00+00:00 [queued]>
[2025-02-27T09:48:01.631+0000] {taskinstance.py:1956} INFO - Dependencies all met for dep_context=requeueable deps ti=<TaskInstance: 3_4_2_homework_assignment.extract_task scheduled__2024-01-02T00:00:00+00:00 [queued]>
[2025-02-27T09:48:01.632+0000] {taskinstance.py:2170} INFO - Starting attempt 1 of 1
[2025-02-27T09:48:01.646+0000] {taskinstance.py:2191} INFO - Executing <Task(PythonOperator): extract_task> on 2024-01-02 00:00:00+00:00
[2025-02-27T09:48:01.651+0000] {standard_task_runner.py:60} INFO - Started process 1881 to run task
[2025-02-27T09:48:01.654+0000] {standard_task_runner.py:87} INFO - Running: ['airflow', 'tasks', 'run', '3_4_2_homework_assignment', 'extract_task', 'scheduled__2024-01-02T00:00:00+00:00', '--job-id', '3', '--raw', '--subdir', 'DAGS_FOLDER/3_4_2_homework_assignment.py', '--cfg-path', '/tmp/tmpztlmwxn3']
[2025-02-27T09:48:01.655+0000] {standard_task_runner.py:88} INFO - Job 3: Subtask extract_task
[2025-02-27T09:48:01.682+0000] {task_command.py:423} INFO - Running <TaskInstance: 3_4_2_homework_assignment.extract_task scheduled__2024-01-02T00:00:00+00:00 [running]> on host ea5964584459
[2025-02-27T09:48:01.736+0000] {taskinstance.py:2480} INFO - Exporting env vars: AIRFLOW_CTX_DAG_OWNER='airflow' AIRFLOW_CTX_DAG_ID='3_4_2_homework_assignment' AIRFLOW_CTX_TASK_ID='extract_task' AIRFLOW_CTX_EXECUTION_DATE='2024-01-02T00:00:00+00:00' AIRFLOW_CTX_TRY_NUMBER='1' AIRFLOW_CTX_DAG_RUN_ID='scheduled__2024-01-02T00:00:00+00:00'
[2025-02-27T09:48:02.416+0000] {logging_mixin.py:188} INFO - Ответ API: {
  "success": false,
  "error": {
    "code": 101,
    "type": "invalid_access_key",
    "info": "You have not supplied a valid API Access Key. [Technical Support: support@apilayer.com]"
  }
}
[2025-02-27T09:48:02.418+0000] {python.py:201} INFO - Done. Returned value was: None
[2025-02-27T09:48:02.425+0000] {taskinstance.py:1138} INFO - Marking task as SUCCESS. dag_id=3_4_2_homework_assignment, task_id=extract_task, execution_date=20240102T000000, start_date=20250227T094801, end_date=20250227T094802
[2025-02-27T09:48:02.474+0000] {local_task_job_runner.py:234} INFO - Task exited with return code 0
[2025-02-27T09:48:02.487+0000] {taskinstance.py:3280} INFO - 0 downstream tasks scheduled from follow-on schedule check
[2025-02-27T09:49:56.382+0000] {taskinstance.py:1956} INFO - Dependencies all met for dep_context=non-requeueable deps ti=<TaskInstance: 3_4_2_homework_assignment.extract_task scheduled__2024-01-02T00:00:00+00:00 [queued]>
[2025-02-27T09:49:56.387+0000] {taskinstance.py:1956} INFO - Dependencies all met for dep_context=requeueable deps ti=<TaskInstance: 3_4_2_homework_assignment.extract_task scheduled__2024-01-02T00:00:00+00:00 [queued]>
[2025-02-27T09:49:56.387+0000] {taskinstance.py:2170} INFO - Starting attempt 1 of 1
[2025-02-27T09:49:56.398+0000] {taskinstance.py:2191} INFO - Executing <Task(PythonOperator): extract_task> on 2024-01-02 00:00:00+00:00
[2025-02-27T09:49:56.403+0000] {standard_task_runner.py:60} INFO - Started process 2117 to run task
[2025-02-27T09:49:56.405+0000] {standard_task_runner.py:87} INFO - Running: ['airflow', 'tasks', 'run', '3_4_2_homework_assignment', 'extract_task', 'scheduled__2024-01-02T00:00:00+00:00', '--job-id', '5', '--raw', '--subdir', 'DAGS_FOLDER/3_4_2_homework_assignment.py', '--cfg-path', '/tmp/tmp3mjl3jm5']
[2025-02-27T09:49:56.406+0000] {standard_task_runner.py:88} INFO - Job 5: Subtask extract_task
[2025-02-27T09:49:56.433+0000] {task_command.py:423} INFO - Running <TaskInstance: 3_4_2_homework_assignment.extract_task scheduled__2024-01-02T00:00:00+00:00 [running]> on host ea5964584459
[2025-02-27T09:49:56.474+0000] {taskinstance.py:2480} INFO - Exporting env vars: AIRFLOW_CTX_DAG_OWNER='airflow' AIRFLOW_CTX_DAG_ID='3_4_2_homework_assignment' AIRFLOW_CTX_TASK_ID='extract_task' AIRFLOW_CTX_EXECUTION_DATE='2024-01-02T00:00:00+00:00' AIRFLOW_CTX_TRY_NUMBER='1' AIRFLOW_CTX_DAG_RUN_ID='scheduled__2024-01-02T00:00:00+00:00'
[2025-02-27T09:49:56.475+0000] {logging_mixin.py:188} INFO - https://api.exchangerate.host/timeframe?access_key=None&source=USD&start_date={{ds}}&end_date={{ds}}
[2025-02-27T09:49:57.110+0000] {logging_mixin.py:188} INFO - Ответ API: {
  "success": false,
  "error": {
    "code": 101,
    "type": "invalid_access_key",
    "info": "You have not supplied a valid API Access Key. [Technical Support: support@apilayer.com]"
  }
}
[2025-02-27T09:49:57.112+0000] {python.py:201} INFO - Done. Returned value was: None
[2025-02-27T09:49:57.115+0000] {taskinstance.py:1138} INFO - Marking task as SUCCESS. dag_id=3_4_2_homework_assignment, task_id=extract_task, execution_date=20240102T000000, start_date=20250227T094956, end_date=20250227T094957
[2025-02-27T09:49:57.149+0000] {local_task_job_runner.py:234} INFO - Task exited with return code 0
[2025-02-27T09:49:57.157+0000] {taskinstance.py:3280} INFO - 0 downstream tasks scheduled from follow-on schedule check
[2025-02-27T09:54:10.040+0000] {taskinstance.py:1956} INFO - Dependencies all met for dep_context=non-requeueable deps ti=<TaskInstance: 3_4_2_homework_assignment.extract_task scheduled__2024-01-02T00:00:00+00:00 [queued]>
[2025-02-27T09:54:10.044+0000] {taskinstance.py:1956} INFO - Dependencies all met for dep_context=requeueable deps ti=<TaskInstance: 3_4_2_homework_assignment.extract_task scheduled__2024-01-02T00:00:00+00:00 [queued]>
[2025-02-27T09:54:10.045+0000] {taskinstance.py:2170} INFO - Starting attempt 1 of 1
[2025-02-27T09:54:10.055+0000] {taskinstance.py:2191} INFO - Executing <Task(PythonOperator): extract_task> on 2024-01-02 00:00:00+00:00
[2025-02-27T09:54:10.059+0000] {standard_task_runner.py:60} INFO - Started process 2697 to run task
[2025-02-27T09:54:10.061+0000] {standard_task_runner.py:87} INFO - Running: ['airflow', 'tasks', 'run', '3_4_2_homework_assignment', 'extract_task', 'scheduled__2024-01-02T00:00:00+00:00', '--job-id', '5', '--raw', '--subdir', 'DAGS_FOLDER/3_4_2_homework_assignment.py', '--cfg-path', '/tmp/tmp4bybgrxq']
[2025-02-27T09:54:10.063+0000] {standard_task_runner.py:88} INFO - Job 5: Subtask extract_task
[2025-02-27T09:54:10.087+0000] {task_command.py:423} INFO - Running <TaskInstance: 3_4_2_homework_assignment.extract_task scheduled__2024-01-02T00:00:00+00:00 [running]> on host ea5964584459
[2025-02-27T09:54:10.126+0000] {taskinstance.py:2480} INFO - Exporting env vars: AIRFLOW_CTX_DAG_OWNER='airflow' AIRFLOW_CTX_DAG_ID='3_4_2_homework_assignment' AIRFLOW_CTX_TASK_ID='extract_task' AIRFLOW_CTX_EXECUTION_DATE='2024-01-02T00:00:00+00:00' AIRFLOW_CTX_TRY_NUMBER='1' AIRFLOW_CTX_DAG_RUN_ID='scheduled__2024-01-02T00:00:00+00:00'
[2025-02-27T09:54:10.128+0000] {3_4_2_homework_assignment.py:41} INFO - https://api.exchangerate.host/timeframe?access_key=None&source=USD&start_date={{ds}}&end_date={{ds}}
[2025-02-27T09:54:10.897+0000] {logging_mixin.py:188} INFO - Ответ API: {
  "success": false,
  "error": {
    "code": 101,
    "type": "invalid_access_key",
    "info": "You have not supplied a valid API Access Key. [Technical Support: support@apilayer.com]"
  }
}
[2025-02-27T09:54:10.898+0000] {python.py:201} INFO - Done. Returned value was: None
[2025-02-27T09:54:10.902+0000] {taskinstance.py:1138} INFO - Marking task as SUCCESS. dag_id=3_4_2_homework_assignment, task_id=extract_task, execution_date=20240102T000000, start_date=20250227T095410, end_date=20250227T095410
[2025-02-27T09:54:10.934+0000] {local_task_job_runner.py:234} INFO - Task exited with return code 0
[2025-02-27T09:54:10.942+0000] {taskinstance.py:3280} INFO - 0 downstream tasks scheduled from follow-on schedule check
[2025-02-27T10:06:02.332+0000] {taskinstance.py:1956} INFO - Dependencies all met for dep_context=non-requeueable deps ti=<TaskInstance: 3_4_2_homework_assignment.extract_task scheduled__2024-01-02T00:00:00+00:00 [queued]>
[2025-02-27T10:06:02.337+0000] {taskinstance.py:1956} INFO - Dependencies all met for dep_context=requeueable deps ti=<TaskInstance: 3_4_2_homework_assignment.extract_task scheduled__2024-01-02T00:00:00+00:00 [queued]>
[2025-02-27T10:06:02.337+0000] {taskinstance.py:2170} INFO - Starting attempt 1 of 1
[2025-02-27T10:06:02.347+0000] {taskinstance.py:2191} INFO - Executing <Task(PythonOperator): extract_task> on 2024-01-02 00:00:00+00:00
[2025-02-27T10:06:02.351+0000] {standard_task_runner.py:60} INFO - Started process 3339 to run task
[2025-02-27T10:06:02.353+0000] {standard_task_runner.py:87} INFO - Running: ['airflow', 'tasks', 'run', '3_4_2_homework_assignment', 'extract_task', 'scheduled__2024-01-02T00:00:00+00:00', '--job-id', '5', '--raw', '--subdir', 'DAGS_FOLDER/3_4_2_homework_assignment.py', '--cfg-path', '/tmp/tmpdxnwbu4j']
[2025-02-27T10:06:02.354+0000] {standard_task_runner.py:88} INFO - Job 5: Subtask extract_task
[2025-02-27T10:06:02.378+0000] {task_command.py:423} INFO - Running <TaskInstance: 3_4_2_homework_assignment.extract_task scheduled__2024-01-02T00:00:00+00:00 [running]> on host ea5964584459
[2025-02-27T10:06:02.414+0000] {taskinstance.py:2480} INFO - Exporting env vars: AIRFLOW_CTX_DAG_OWNER='airflow' AIRFLOW_CTX_DAG_ID='3_4_2_homework_assignment' AIRFLOW_CTX_TASK_ID='extract_task' AIRFLOW_CTX_EXECUTION_DATE='2024-01-02T00:00:00+00:00' AIRFLOW_CTX_TRY_NUMBER='1' AIRFLOW_CTX_DAG_RUN_ID='scheduled__2024-01-02T00:00:00+00:00'
[2025-02-27T10:06:03.069+0000] {logging_mixin.py:188} INFO - Ответ API: {
  "success": false,
  "error": {
    "code": 101,
    "type": "invalid_access_key",
    "info": "You have not supplied a valid API Access Key. [Technical Support: support@apilayer.com]"
  }
}
[2025-02-27T10:06:03.070+0000] {python.py:201} INFO - Done. Returned value was: None
[2025-02-27T10:06:03.074+0000] {taskinstance.py:1138} INFO - Marking task as SUCCESS. dag_id=3_4_2_homework_assignment, task_id=extract_task, execution_date=20240102T000000, start_date=20250227T100602, end_date=20250227T100603
[2025-02-27T10:06:03.094+0000] {local_task_job_runner.py:234} INFO - Task exited with return code 0
[2025-02-27T10:06:03.102+0000] {taskinstance.py:3280} INFO - 0 downstream tasks scheduled from follow-on schedule check
[2025-02-27T10:13:44.973+0000] {taskinstance.py:1956} INFO - Dependencies all met for dep_context=non-requeueable deps ti=<TaskInstance: 3_4_2_homework_assignment.extract_task scheduled__2024-01-02T00:00:00+00:00 [queued]>
[2025-02-27T10:13:44.982+0000] {taskinstance.py:1956} INFO - Dependencies all met for dep_context=requeueable deps ti=<TaskInstance: 3_4_2_homework_assignment.extract_task scheduled__2024-01-02T00:00:00+00:00 [queued]>
[2025-02-27T10:13:44.986+0000] {taskinstance.py:2170} INFO - Starting attempt 1 of 1
[2025-02-27T10:13:44.998+0000] {taskinstance.py:2191} INFO - Executing <Task(PythonOperator): extract_task> on 2024-01-02 00:00:00+00:00
[2025-02-27T10:13:45.004+0000] {standard_task_runner.py:60} INFO - Started process 4234 to run task
[2025-02-27T10:13:45.007+0000] {standard_task_runner.py:87} INFO - Running: ['airflow', 'tasks', 'run', '3_4_2_homework_assignment', 'extract_task', 'scheduled__2024-01-02T00:00:00+00:00', '--job-id', '5', '--raw', '--subdir', 'DAGS_FOLDER/3_4_2_homework_assignment.py', '--cfg-path', '/tmp/tmpyywns5ux']
[2025-02-27T10:13:45.008+0000] {standard_task_runner.py:88} INFO - Job 5: Subtask extract_task
[2025-02-27T10:13:45.039+0000] {task_command.py:423} INFO - Running <TaskInstance: 3_4_2_homework_assignment.extract_task scheduled__2024-01-02T00:00:00+00:00 [running]> on host ea5964584459
[2025-02-27T10:13:45.089+0000] {taskinstance.py:2480} INFO - Exporting env vars: AIRFLOW_CTX_DAG_OWNER='airflow' AIRFLOW_CTX_DAG_ID='3_4_2_homework_assignment' AIRFLOW_CTX_TASK_ID='extract_task' AIRFLOW_CTX_EXECUTION_DATE='2024-01-02T00:00:00+00:00' AIRFLOW_CTX_TRY_NUMBER='1' AIRFLOW_CTX_DAG_RUN_ID='scheduled__2024-01-02T00:00:00+00:00'
[2025-02-27T10:13:45.090+0000] {3_4_2_homework_assignment.py:41} INFO - https://api.exchangerate.host/timeframe?access_key=422bab0c9e08a5476912061877017b8d&source=USD&start_date=2024-01-02&end_date=2024-01-02
[2025-02-27T10:13:45.729+0000] {logging_mixin.py:188} INFO - Ответ API: {"success":true,"terms":"https:\/\/currencylayer.com\/terms","privacy":"https:\/\/currencylayer.com\/privacy","timeframe":true,"start_date":"2024-01-02","end_date":"2024-01-02","source":"USD","quotes":{"2024-01-02":{"USDAED":3.672796,"USDAFN":69.999838,"USDALL":94.18978,"USDAMD":404.880451,"USDANG":1.802754,"USDAOA":832.497707,"USDARS":810.561155,"USDAUD":1.478066,"USDAWG":1.8025,"USDAZN":1.696139,"USDBAM":1.783545,"USDBBD":2.019734,"USDBDT":109.786792,"USDBGN":1.787597,"USDBHD":0.376845,"USDBIF":2855,"USDBMD":1,"USDBND":1.325497,"USDBOB":6.912148,"USDBRL":4.923979,"USDBSD":1.000292,"USDBTC":2.2239327e-5,"USDBTN":84.025935,"USDBWP":13.364278,"USDBYN":3.303209,"USDBYR":19600,"USDBZD":2.016378,"USDCAD":1.332265,"USDCDF":2680.000256,"USDCHF":0.850195,"USDCLF":0.032049,"USDCLP":884.320491,"USDCNY":7.099602,"USDCOP":3889.23,"USDCRC":519.788437,"USDCUC":1,"USDCUP":26.5,"USDCVE":100.149596,"USDCZK":22.543297,"USDDJF":177.719565,"USDDKK":6.81438,"USDDOP":57.919916,"USDDZD":134.679875,"USDEGP":30.925201,"USDERN":15,"USDETB":56.195264,"USDEUR":0.91396,"USDFJD":2.228702,"USDFKP":0.786705,"USDGBP":0.79224,"USDGEL":2.680173,"USDGGP":0.786705,"USDGHS":11.949598,"USDGIP":0.786705,"USDGMD":67.225002,"USDGNF":8600.000003,"USDGTQ":7.825096,"USDGYD":209.270303,"USDHKD":7.81532,"USDHNL":24.749457,"USDHRK":6.98177,"USDHTG":131.911323,"USDHUF":348.829813,"USDIDR":15505,"USDILS":3.639696,"USDIMP":0.786705,"USDINR":83.25725,"USDIQD":1310,"USDIRR":42047.496316,"USDISK":137.709983,"USDJEP":0.786705,"USDJMD":154.316147,"USDJOD":0.709602,"USDJPY":142.156502,"USDKES":157.349704,"USDKGS":89.085304,"USDKHR":4090.000036,"USDKMF":450.513757,"USDKPW":900.008743,"USDKRW":1308.849868,"USDKWD":0.30748,"USDKYD":0.833615,"USDKZT":455.620708,"USDLAK":20562.465494,"USDLBP":15062.499188,"USDLKR":322.110562,"USDLRD":188.494157,"USDLSL":18.570097,"USDLTL":2.95274,"USDLVL":0.60489,"USDLYD":4.775014,"USDMAD":9.929013,"USDMDL":17.464573,"USDMGA":4589.99995,"USDMKD":56.219156,"USDMMK":2100.602778,"USDMNT":3439.712623,"USDMOP":8.050829,"USDMRU":39.649989,"USDMUR":44.020085,"USDMVR":15.394981,"USDMWK":1682.000329,"USDMXN":17.034397,"USDMYR":4.603498,"USDMZN":63.24995,"USDNAD":18.569884,"USDNGN":884.818945,"USDNIO":36.720003,"USDNOK":10.349175,"USDNPR":134.441314,"USDNZD":1.60014,"USDOMR":0.384895,"USDPAB":1.000301,"USDPEN":3.713497,"USDPGK":3.70803,"USDPHP":55.580372,"USDPKR":281.950354,"USDPLN":3.991717,"USDPYG":7287.202028,"USDQAR":3.640497,"USDRON":4.542902,"USDRSD":107.091975,"USDRUB":90.430359,"USDRWF":1260.86,"USDSAR":3.750007,"USDSBD":8.404697,"USDSCR":14.197264,"USDSDG":601.000196,"USDSEK":10.20999,"USDSGD":1.326405,"USDSHP":1.262304,"USDSLE":22.795066,"USDSLL":19749.999899,"USDSOS":570.999787,"USDSRD":36.745499,"USDSTD":20697.981008,"USDSYP":13001.797058,"USDSZL":18.570217,"USDTHB":34.263001,"USDTJS":10.948303,"USDTMT":3.51,"USDTND":3.093498,"USDTOP":2.33115,"USDTRY":29.753575,"USDTTD":6.789167,"USDTWD":30.894018,"USDTZS":2514.999877,"USDUAH":38.150158,"USDUGX":3789.053238,"USDUYU":39.075858,"USDUZS":12349.999723,"USDVEF":3587972.932726,"USDVES":35.822194,"USDVND":24335,"USDVUV":117.373873,"USDWST":2.698297,"USDXAF":598.184355,"USDXAG":0.042301,"USDXAU":0.000486,"USDXCD":2.70255,"USDXDR":0.745598,"USDXOF":594.504833,"USDXPF":109.374992,"USDYER":250.250298,"USDZAR":18.56645,"USDZMK":9001.202091,"USDZMW":25.731794,"USDZWL":321.999592}}}
[2025-02-27T10:13:45.732+0000] {python.py:201} INFO - Done. Returned value was: None
[2025-02-27T10:13:45.739+0000] {taskinstance.py:1138} INFO - Marking task as SUCCESS. dag_id=3_4_2_homework_assignment, task_id=extract_task, execution_date=20240102T000000, start_date=20250227T101344, end_date=20250227T101345
[2025-02-27T10:13:45.786+0000] {local_task_job_runner.py:234} INFO - Task exited with return code 0
[2025-02-27T10:13:45.797+0000] {taskinstance.py:3280} INFO - 0 downstream tasks scheduled from follow-on schedule check
[2025-02-27T10:18:57.717+0000] {taskinstance.py:1956} INFO - Dependencies all met for dep_context=non-requeueable deps ti=<TaskInstance: 3_4_2_homework_assignment.extract_task scheduled__2024-01-02T00:00:00+00:00 [queued]>
[2025-02-27T10:18:57.722+0000] {taskinstance.py:1956} INFO - Dependencies all met for dep_context=requeueable deps ti=<TaskInstance: 3_4_2_homework_assignment.extract_task scheduled__2024-01-02T00:00:00+00:00 [queued]>
[2025-02-27T10:18:57.722+0000] {taskinstance.py:2170} INFO - Starting attempt 1 of 1
[2025-02-27T10:18:57.736+0000] {taskinstance.py:2191} INFO - Executing <Task(PythonOperator): extract_task> on 2024-01-02 00:00:00+00:00
[2025-02-27T10:18:57.741+0000] {standard_task_runner.py:60} INFO - Started process 4827 to run task
[2025-02-27T10:18:57.743+0000] {standard_task_runner.py:87} INFO - Running: ['airflow', 'tasks', 'run', '3_4_2_homework_assignment', 'extract_task', 'scheduled__2024-01-02T00:00:00+00:00', '--job-id', '5', '--raw', '--subdir', 'DAGS_FOLDER/3_4_2_homework_assignment.py', '--cfg-path', '/tmp/tmpbl4uulyu']
[2025-02-27T10:18:57.744+0000] {standard_task_runner.py:88} INFO - Job 5: Subtask extract_task
[2025-02-27T10:18:57.770+0000] {task_command.py:423} INFO - Running <TaskInstance: 3_4_2_homework_assignment.extract_task scheduled__2024-01-02T00:00:00+00:00 [running]> on host ea5964584459
[2025-02-27T10:18:57.813+0000] {taskinstance.py:2480} INFO - Exporting env vars: AIRFLOW_CTX_DAG_OWNER='airflow' AIRFLOW_CTX_DAG_ID='3_4_2_homework_assignment' AIRFLOW_CTX_TASK_ID='extract_task' AIRFLOW_CTX_EXECUTION_DATE='2024-01-02T00:00:00+00:00' AIRFLOW_CTX_TRY_NUMBER='1' AIRFLOW_CTX_DAG_RUN_ID='scheduled__2024-01-02T00:00:00+00:00'
[2025-02-27T10:18:57.814+0000] {3_4_2_homework_assignment.py:40} INFO - https://api.exchangerate.host/timeframe?access_key=422bab0c9e08a5476912061877017b8d&source=USD&start_date=2024-01-02&end_date=2024-01-02
[2025-02-27T10:18:58.499+0000] {logging_mixin.py:188} INFO - Ответ API: {"success":true,"terms":"https:\/\/currencylayer.com\/terms","privacy":"https:\/\/currencylayer.com\/privacy","timeframe":true,"start_date":"2024-01-02","end_date":"2024-01-02","source":"USD","quotes":{"2024-01-02":{"USDAED":3.672796,"USDAFN":69.999838,"USDALL":94.18978,"USDAMD":404.880451,"USDANG":1.802754,"USDAOA":832.497707,"USDARS":810.561155,"USDAUD":1.478066,"USDAWG":1.8025,"USDAZN":1.696139,"USDBAM":1.783545,"USDBBD":2.019734,"USDBDT":109.786792,"USDBGN":1.787597,"USDBHD":0.376845,"USDBIF":2855,"USDBMD":1,"USDBND":1.325497,"USDBOB":6.912148,"USDBRL":4.923979,"USDBSD":1.000292,"USDBTC":2.2239327e-5,"USDBTN":84.025935,"USDBWP":13.364278,"USDBYN":3.303209,"USDBYR":19600,"USDBZD":2.016378,"USDCAD":1.332265,"USDCDF":2680.000256,"USDCHF":0.850195,"USDCLF":0.032049,"USDCLP":884.320491,"USDCNY":7.099602,"USDCOP":3889.23,"USDCRC":519.788437,"USDCUC":1,"USDCUP":26.5,"USDCVE":100.149596,"USDCZK":22.543297,"USDDJF":177.719565,"USDDKK":6.81438,"USDDOP":57.919916,"USDDZD":134.679875,"USDEGP":30.925201,"USDERN":15,"USDETB":56.195264,"USDEUR":0.91396,"USDFJD":2.228702,"USDFKP":0.786705,"USDGBP":0.79224,"USDGEL":2.680173,"USDGGP":0.786705,"USDGHS":11.949598,"USDGIP":0.786705,"USDGMD":67.225002,"USDGNF":8600.000003,"USDGTQ":7.825096,"USDGYD":209.270303,"USDHKD":7.81532,"USDHNL":24.749457,"USDHRK":6.98177,"USDHTG":131.911323,"USDHUF":348.829813,"USDIDR":15505,"USDILS":3.639696,"USDIMP":0.786705,"USDINR":83.25725,"USDIQD":1310,"USDIRR":42047.496316,"USDISK":137.709983,"USDJEP":0.786705,"USDJMD":154.316147,"USDJOD":0.709602,"USDJPY":142.156502,"USDKES":157.349704,"USDKGS":89.085304,"USDKHR":4090.000036,"USDKMF":450.513757,"USDKPW":900.008743,"USDKRW":1308.849868,"USDKWD":0.30748,"USDKYD":0.833615,"USDKZT":455.620708,"USDLAK":20562.465494,"USDLBP":15062.499188,"USDLKR":322.110562,"USDLRD":188.494157,"USDLSL":18.570097,"USDLTL":2.95274,"USDLVL":0.60489,"USDLYD":4.775014,"USDMAD":9.929013,"USDMDL":17.464573,"USDMGA":4589.99995,"USDMKD":56.219156,"USDMMK":2100.602778,"USDMNT":3439.712623,"USDMOP":8.050829,"USDMRU":39.649989,"USDMUR":44.020085,"USDMVR":15.394981,"USDMWK":1682.000329,"USDMXN":17.034397,"USDMYR":4.603498,"USDMZN":63.24995,"USDNAD":18.569884,"USDNGN":884.818945,"USDNIO":36.720003,"USDNOK":10.349175,"USDNPR":134.441314,"USDNZD":1.60014,"USDOMR":0.384895,"USDPAB":1.000301,"USDPEN":3.713497,"USDPGK":3.70803,"USDPHP":55.580372,"USDPKR":281.950354,"USDPLN":3.991717,"USDPYG":7287.202028,"USDQAR":3.640497,"USDRON":4.542902,"USDRSD":107.091975,"USDRUB":90.430359,"USDRWF":1260.86,"USDSAR":3.750007,"USDSBD":8.404697,"USDSCR":14.197264,"USDSDG":601.000196,"USDSEK":10.20999,"USDSGD":1.326405,"USDSHP":1.262304,"USDSLE":22.795066,"USDSLL":19749.999899,"USDSOS":570.999787,"USDSRD":36.745499,"USDSTD":20697.981008,"USDSYP":13001.797058,"USDSZL":18.570217,"USDTHB":34.263001,"USDTJS":10.948303,"USDTMT":3.51,"USDTND":3.093498,"USDTOP":2.33115,"USDTRY":29.753575,"USDTTD":6.789167,"USDTWD":30.894018,"USDTZS":2514.999877,"USDUAH":38.150158,"USDUGX":3789.053238,"USDUYU":39.075858,"USDUZS":12349.999723,"USDVEF":3587972.932726,"USDVES":35.822194,"USDVND":24335,"USDVUV":117.373873,"USDWST":2.698297,"USDXAF":598.184355,"USDXAG":0.042301,"USDXAU":0.000486,"USDXCD":2.70255,"USDXDR":0.745598,"USDXOF":594.504833,"USDXPF":109.374992,"USDYER":250.250298,"USDZAR":18.56645,"USDZMK":9001.202091,"USDZMW":25.731794,"USDZWL":321.999592}}}
[2025-02-27T10:18:58.501+0000] {python.py:201} INFO - Done. Returned value was: None
[2025-02-27T10:18:58.507+0000] {taskinstance.py:1138} INFO - Marking task as SUCCESS. dag_id=3_4_2_homework_assignment, task_id=extract_task, execution_date=20240102T000000, start_date=20250227T101857, end_date=20250227T101858
[2025-02-27T10:18:58.561+0000] {local_task_job_runner.py:234} INFO - Task exited with return code 0
[2025-02-27T10:23:35.557+0000] {taskinstance.py:1956} INFO - Dependencies all met for dep_context=non-requeueable deps ti=<TaskInstance: 3_4_2_homework_assignment.extract_task scheduled__2024-01-02T00:00:00+00:00 [queued]>
[2025-02-27T10:23:35.563+0000] {taskinstance.py:1956} INFO - Dependencies all met for dep_context=requeueable deps ti=<TaskInstance: 3_4_2_homework_assignment.extract_task scheduled__2024-01-02T00:00:00+00:00 [queued]>
[2025-02-27T10:23:35.563+0000] {taskinstance.py:2170} INFO - Starting attempt 1 of 1
[2025-02-27T10:23:35.576+0000] {taskinstance.py:2191} INFO - Executing <Task(PythonOperator): extract_task> on 2024-01-02 00:00:00+00:00
[2025-02-27T10:23:35.582+0000] {standard_task_runner.py:60} INFO - Started process 5278 to run task
[2025-02-27T10:23:35.585+0000] {standard_task_runner.py:87} INFO - Running: ['airflow', 'tasks', 'run', '3_4_2_homework_assignment', 'extract_task', 'scheduled__2024-01-02T00:00:00+00:00', '--job-id', '5', '--raw', '--subdir', 'DAGS_FOLDER/3_4_2_homework_assignment.py', '--cfg-path', '/tmp/tmpr11osk4s']
[2025-02-27T10:23:35.586+0000] {standard_task_runner.py:88} INFO - Job 5: Subtask extract_task
[2025-02-27T10:23:35.619+0000] {task_command.py:423} INFO - Running <TaskInstance: 3_4_2_homework_assignment.extract_task scheduled__2024-01-02T00:00:00+00:00 [running]> on host ea5964584459
[2025-02-27T10:23:35.662+0000] {taskinstance.py:2480} INFO - Exporting env vars: AIRFLOW_CTX_DAG_OWNER='airflow' AIRFLOW_CTX_DAG_ID='3_4_2_homework_assignment' AIRFLOW_CTX_TASK_ID='extract_task' AIRFLOW_CTX_EXECUTION_DATE='2024-01-02T00:00:00+00:00' AIRFLOW_CTX_TRY_NUMBER='1' AIRFLOW_CTX_DAG_RUN_ID='scheduled__2024-01-02T00:00:00+00:00'
[2025-02-27T10:23:35.663+0000] {3_4_2_homework_assignment.py:40} INFO - https://api.exchangerate.host/timeframe?access_key=422bab0c9e08a5476912061877017b8d&source=USD&start_date=2024-01-02&end_date=2024-01-02
[2025-02-27T10:23:36.329+0000] {logging_mixin.py:188} INFO - Ответ API: {"success":true,"terms":"https:\/\/currencylayer.com\/terms","privacy":"https:\/\/currencylayer.com\/privacy","timeframe":true,"start_date":"2024-01-02","end_date":"2024-01-02","source":"USD","quotes":{"2024-01-02":{"USDAED":3.672796,"USDAFN":69.999838,"USDALL":94.18978,"USDAMD":404.880451,"USDANG":1.802754,"USDAOA":832.497707,"USDARS":810.561155,"USDAUD":1.478066,"USDAWG":1.8025,"USDAZN":1.696139,"USDBAM":1.783545,"USDBBD":2.019734,"USDBDT":109.786792,"USDBGN":1.787597,"USDBHD":0.376845,"USDBIF":2855,"USDBMD":1,"USDBND":1.325497,"USDBOB":6.912148,"USDBRL":4.923979,"USDBSD":1.000292,"USDBTC":2.2239327e-5,"USDBTN":84.025935,"USDBWP":13.364278,"USDBYN":3.303209,"USDBYR":19600,"USDBZD":2.016378,"USDCAD":1.332265,"USDCDF":2680.000256,"USDCHF":0.850195,"USDCLF":0.032049,"USDCLP":884.320491,"USDCNY":7.099602,"USDCOP":3889.23,"USDCRC":519.788437,"USDCUC":1,"USDCUP":26.5,"USDCVE":100.149596,"USDCZK":22.543297,"USDDJF":177.719565,"USDDKK":6.81438,"USDDOP":57.919916,"USDDZD":134.679875,"USDEGP":30.925201,"USDERN":15,"USDETB":56.195264,"USDEUR":0.91396,"USDFJD":2.228702,"USDFKP":0.786705,"USDGBP":0.79224,"USDGEL":2.680173,"USDGGP":0.786705,"USDGHS":11.949598,"USDGIP":0.786705,"USDGMD":67.225002,"USDGNF":8600.000003,"USDGTQ":7.825096,"USDGYD":209.270303,"USDHKD":7.81532,"USDHNL":24.749457,"USDHRK":6.98177,"USDHTG":131.911323,"USDHUF":348.829813,"USDIDR":15505,"USDILS":3.639696,"USDIMP":0.786705,"USDINR":83.25725,"USDIQD":1310,"USDIRR":42047.496316,"USDISK":137.709983,"USDJEP":0.786705,"USDJMD":154.316147,"USDJOD":0.709602,"USDJPY":142.156502,"USDKES":157.349704,"USDKGS":89.085304,"USDKHR":4090.000036,"USDKMF":450.513757,"USDKPW":900.008743,"USDKRW":1308.849868,"USDKWD":0.30748,"USDKYD":0.833615,"USDKZT":455.620708,"USDLAK":20562.465494,"USDLBP":15062.499188,"USDLKR":322.110562,"USDLRD":188.494157,"USDLSL":18.570097,"USDLTL":2.95274,"USDLVL":0.60489,"USDLYD":4.775014,"USDMAD":9.929013,"USDMDL":17.464573,"USDMGA":4589.99995,"USDMKD":56.219156,"USDMMK":2100.602778,"USDMNT":3439.712623,"USDMOP":8.050829,"USDMRU":39.649989,"USDMUR":44.020085,"USDMVR":15.394981,"USDMWK":1682.000329,"USDMXN":17.034397,"USDMYR":4.603498,"USDMZN":63.24995,"USDNAD":18.569884,"USDNGN":884.818945,"USDNIO":36.720003,"USDNOK":10.349175,"USDNPR":134.441314,"USDNZD":1.60014,"USDOMR":0.384895,"USDPAB":1.000301,"USDPEN":3.713497,"USDPGK":3.70803,"USDPHP":55.580372,"USDPKR":281.950354,"USDPLN":3.991717,"USDPYG":7287.202028,"USDQAR":3.640497,"USDRON":4.542902,"USDRSD":107.091975,"USDRUB":90.430359,"USDRWF":1260.86,"USDSAR":3.750007,"USDSBD":8.404697,"USDSCR":14.197264,"USDSDG":601.000196,"USDSEK":10.20999,"USDSGD":1.326405,"USDSHP":1.262304,"USDSLE":22.795066,"USDSLL":19749.999899,"USDSOS":570.999787,"USDSRD":36.745499,"USDSTD":20697.981008,"USDSYP":13001.797058,"USDSZL":18.570217,"USDTHB":34.263001,"USDTJS":10.948303,"USDTMT":3.51,"USDTND":3.093498,"USDTOP":2.33115,"USDTRY":29.753575,"USDTTD":6.789167,"USDTWD":30.894018,"USDTZS":2514.999877,"USDUAH":38.150158,"USDUGX":3789.053238,"USDUYU":39.075858,"USDUZS":12349.999723,"USDVEF":3587972.932726,"USDVES":35.822194,"USDVND":24335,"USDVUV":117.373873,"USDWST":2.698297,"USDXAF":598.184355,"USDXAG":0.042301,"USDXAU":0.000486,"USDXCD":2.70255,"USDXDR":0.745598,"USDXOF":594.504833,"USDXPF":109.374992,"USDYER":250.250298,"USDZAR":18.56645,"USDZMK":9001.202091,"USDZMW":25.731794,"USDZWL":321.999592}}}
[2025-02-27T10:23:36.331+0000] {python.py:201} INFO - Done. Returned value was: None
[2025-02-27T10:23:36.335+0000] {taskinstance.py:1138} INFO - Marking task as SUCCESS. dag_id=3_4_2_homework_assignment, task_id=extract_task, execution_date=20240102T000000, start_date=20250227T102335, end_date=20250227T102336
[2025-02-27T10:23:36.375+0000] {local_task_job_runner.py:234} INFO - Task exited with return code 0
[2025-02-27T10:26:23.838+0000] {taskinstance.py:1956} INFO - Dependencies all met for dep_context=non-requeueable deps ti=<TaskInstance: 3_4_2_homework_assignment.extract_task scheduled__2024-01-02T00:00:00+00:00 [queued]>
[2025-02-27T10:26:23.843+0000] {taskinstance.py:1956} INFO - Dependencies all met for dep_context=requeueable deps ti=<TaskInstance: 3_4_2_homework_assignment.extract_task scheduled__2024-01-02T00:00:00+00:00 [queued]>
[2025-02-27T10:26:23.844+0000] {taskinstance.py:2170} INFO - Starting attempt 1 of 1
[2025-02-27T10:26:23.855+0000] {taskinstance.py:2191} INFO - Executing <Task(PythonOperator): extract_task> on 2024-01-02 00:00:00+00:00
[2025-02-27T10:26:23.860+0000] {standard_task_runner.py:60} INFO - Started process 5569 to run task
[2025-02-27T10:26:23.862+0000] {standard_task_runner.py:87} INFO - Running: ['airflow', 'tasks', 'run', '3_4_2_homework_assignment', 'extract_task', 'scheduled__2024-01-02T00:00:00+00:00', '--job-id', '5', '--raw', '--subdir', 'DAGS_FOLDER/3_4_2_homework_assignment.py', '--cfg-path', '/tmp/tmpg5zy5zhu']
[2025-02-27T10:26:23.863+0000] {standard_task_runner.py:88} INFO - Job 5: Subtask extract_task
[2025-02-27T10:26:23.888+0000] {task_command.py:423} INFO - Running <TaskInstance: 3_4_2_homework_assignment.extract_task scheduled__2024-01-02T00:00:00+00:00 [running]> on host ea5964584459
[2025-02-27T10:26:23.926+0000] {taskinstance.py:2480} INFO - Exporting env vars: AIRFLOW_CTX_DAG_OWNER='airflow' AIRFLOW_CTX_DAG_ID='3_4_2_homework_assignment' AIRFLOW_CTX_TASK_ID='extract_task' AIRFLOW_CTX_EXECUTION_DATE='2024-01-02T00:00:00+00:00' AIRFLOW_CTX_TRY_NUMBER='1' AIRFLOW_CTX_DAG_RUN_ID='scheduled__2024-01-02T00:00:00+00:00'
[2025-02-27T10:26:23.927+0000] {3_4_2_homework_assignment.py:40} INFO - https://api.exchangerate.host/timeframe?access_key=422bab0c9e08a5476912061877017b8d&source=USD&start_date=2024-01-02&end_date=2024-01-02
[2025-02-27T10:26:24.701+0000] {logging_mixin.py:188} INFO - Ответ API: {"success":true,"terms":"https:\/\/currencylayer.com\/terms","privacy":"https:\/\/currencylayer.com\/privacy","timeframe":true,"start_date":"2024-01-02","end_date":"2024-01-02","source":"USD","quotes":{"2024-01-02":{"USDAED":3.672796,"USDAFN":69.999838,"USDALL":94.18978,"USDAMD":404.880451,"USDANG":1.802754,"USDAOA":832.497707,"USDARS":810.561155,"USDAUD":1.478066,"USDAWG":1.8025,"USDAZN":1.696139,"USDBAM":1.783545,"USDBBD":2.019734,"USDBDT":109.786792,"USDBGN":1.787597,"USDBHD":0.376845,"USDBIF":2855,"USDBMD":1,"USDBND":1.325497,"USDBOB":6.912148,"USDBRL":4.923979,"USDBSD":1.000292,"USDBTC":2.2239327e-5,"USDBTN":84.025935,"USDBWP":13.364278,"USDBYN":3.303209,"USDBYR":19600,"USDBZD":2.016378,"USDCAD":1.332265,"USDCDF":2680.000256,"USDCHF":0.850195,"USDCLF":0.032049,"USDCLP":884.320491,"USDCNY":7.099602,"USDCOP":3889.23,"USDCRC":519.788437,"USDCUC":1,"USDCUP":26.5,"USDCVE":100.149596,"USDCZK":22.543297,"USDDJF":177.719565,"USDDKK":6.81438,"USDDOP":57.919916,"USDDZD":134.679875,"USDEGP":30.925201,"USDERN":15,"USDETB":56.195264,"USDEUR":0.91396,"USDFJD":2.228702,"USDFKP":0.786705,"USDGBP":0.79224,"USDGEL":2.680173,"USDGGP":0.786705,"USDGHS":11.949598,"USDGIP":0.786705,"USDGMD":67.225002,"USDGNF":8600.000003,"USDGTQ":7.825096,"USDGYD":209.270303,"USDHKD":7.81532,"USDHNL":24.749457,"USDHRK":6.98177,"USDHTG":131.911323,"USDHUF":348.829813,"USDIDR":15505,"USDILS":3.639696,"USDIMP":0.786705,"USDINR":83.25725,"USDIQD":1310,"USDIRR":42047.496316,"USDISK":137.709983,"USDJEP":0.786705,"USDJMD":154.316147,"USDJOD":0.709602,"USDJPY":142.156502,"USDKES":157.349704,"USDKGS":89.085304,"USDKHR":4090.000036,"USDKMF":450.513757,"USDKPW":900.008743,"USDKRW":1308.849868,"USDKWD":0.30748,"USDKYD":0.833615,"USDKZT":455.620708,"USDLAK":20562.465494,"USDLBP":15062.499188,"USDLKR":322.110562,"USDLRD":188.494157,"USDLSL":18.570097,"USDLTL":2.95274,"USDLVL":0.60489,"USDLYD":4.775014,"USDMAD":9.929013,"USDMDL":17.464573,"USDMGA":4589.99995,"USDMKD":56.219156,"USDMMK":2100.602778,"USDMNT":3439.712623,"USDMOP":8.050829,"USDMRU":39.649989,"USDMUR":44.020085,"USDMVR":15.394981,"USDMWK":1682.000329,"USDMXN":17.034397,"USDMYR":4.603498,"USDMZN":63.24995,"USDNAD":18.569884,"USDNGN":884.818945,"USDNIO":36.720003,"USDNOK":10.349175,"USDNPR":134.441314,"USDNZD":1.60014,"USDOMR":0.384895,"USDPAB":1.000301,"USDPEN":3.713497,"USDPGK":3.70803,"USDPHP":55.580372,"USDPKR":281.950354,"USDPLN":3.991717,"USDPYG":7287.202028,"USDQAR":3.640497,"USDRON":4.542902,"USDRSD":107.091975,"USDRUB":90.430359,"USDRWF":1260.86,"USDSAR":3.750007,"USDSBD":8.404697,"USDSCR":14.197264,"USDSDG":601.000196,"USDSEK":10.20999,"USDSGD":1.326405,"USDSHP":1.262304,"USDSLE":22.795066,"USDSLL":19749.999899,"USDSOS":570.999787,"USDSRD":36.745499,"USDSTD":20697.981008,"USDSYP":13001.797058,"USDSZL":18.570217,"USDTHB":34.263001,"USDTJS":10.948303,"USDTMT":3.51,"USDTND":3.093498,"USDTOP":2.33115,"USDTRY":29.753575,"USDTTD":6.789167,"USDTWD":30.894018,"USDTZS":2514.999877,"USDUAH":38.150158,"USDUGX":3789.053238,"USDUYU":39.075858,"USDUZS":12349.999723,"USDVEF":3587972.932726,"USDVES":35.822194,"USDVND":24335,"USDVUV":117.373873,"USDWST":2.698297,"USDXAF":598.184355,"USDXAG":0.042301,"USDXAU":0.000486,"USDXCD":2.70255,"USDXDR":0.745598,"USDXOF":594.504833,"USDXPF":109.374992,"USDYER":250.250298,"USDZAR":18.56645,"USDZMK":9001.202091,"USDZMW":25.731794,"USDZWL":321.999592}}}
[2025-02-27T10:26:24.703+0000] {python.py:201} INFO - Done. Returned value was: None
[2025-02-27T10:26:24.707+0000] {taskinstance.py:1138} INFO - Marking task as SUCCESS. dag_id=3_4_2_homework_assignment, task_id=extract_task, execution_date=20240102T000000, start_date=20250227T102623, end_date=20250227T102624
[2025-02-27T10:26:24.729+0000] {local_task_job_runner.py:234} INFO - Task exited with return code 0
[2025-02-27T10:34:46.930+0000] {taskinstance.py:1956} INFO - Dependencies all met for dep_context=non-requeueable deps ti=<TaskInstance: 3_4_2_homework_assignment.extract_task scheduled__2024-01-02T00:00:00+00:00 [queued]>
[2025-02-27T10:34:46.935+0000] {taskinstance.py:1956} INFO - Dependencies all met for dep_context=requeueable deps ti=<TaskInstance: 3_4_2_homework_assignment.extract_task scheduled__2024-01-02T00:00:00+00:00 [queued]>
[2025-02-27T10:34:46.935+0000] {taskinstance.py:2170} INFO - Starting attempt 1 of 1
[2025-02-27T10:34:46.951+0000] {taskinstance.py:2191} INFO - Executing <Task(PythonOperator): extract_task> on 2024-01-02 00:00:00+00:00
[2025-02-27T10:34:46.956+0000] {standard_task_runner.py:60} INFO - Started process 6229 to run task
[2025-02-27T10:34:46.958+0000] {standard_task_runner.py:87} INFO - Running: ['airflow', 'tasks', 'run', '3_4_2_homework_assignment', 'extract_task', 'scheduled__2024-01-02T00:00:00+00:00', '--job-id', '5', '--raw', '--subdir', 'DAGS_FOLDER/3_4_2_homework_assignment.py', '--cfg-path', '/tmp/tmpadraoi9a']
[2025-02-27T10:34:46.960+0000] {standard_task_runner.py:88} INFO - Job 5: Subtask extract_task
[2025-02-27T10:34:46.990+0000] {task_command.py:423} INFO - Running <TaskInstance: 3_4_2_homework_assignment.extract_task scheduled__2024-01-02T00:00:00+00:00 [running]> on host ea5964584459
[2025-02-27T10:34:47.034+0000] {taskinstance.py:2480} INFO - Exporting env vars: AIRFLOW_CTX_DAG_OWNER='airflow' AIRFLOW_CTX_DAG_ID='3_4_2_homework_assignment' AIRFLOW_CTX_TASK_ID='extract_task' AIRFLOW_CTX_EXECUTION_DATE='2024-01-02T00:00:00+00:00' AIRFLOW_CTX_TRY_NUMBER='1' AIRFLOW_CTX_DAG_RUN_ID='scheduled__2024-01-02T00:00:00+00:00'
[2025-02-27T10:34:47.035+0000] {3_4_2_homework_assignment.py:40} INFO - https://api.exchangerate.host/timeframe?access_key=422bab0c9e08a5476912061877017b8d&source=USD&start_date=2024-01-02&end_date=2024-01-02
[2025-02-27T10:34:47.701+0000] {logging_mixin.py:188} INFO - Ответ API: {"success":true,"terms":"https:\/\/currencylayer.com\/terms","privacy":"https:\/\/currencylayer.com\/privacy","timeframe":true,"start_date":"2024-01-02","end_date":"2024-01-02","source":"USD","quotes":{"2024-01-02":{"USDAED":3.672796,"USDAFN":69.999838,"USDALL":94.18978,"USDAMD":404.880451,"USDANG":1.802754,"USDAOA":832.497707,"USDARS":810.561155,"USDAUD":1.478066,"USDAWG":1.8025,"USDAZN":1.696139,"USDBAM":1.783545,"USDBBD":2.019734,"USDBDT":109.786792,"USDBGN":1.787597,"USDBHD":0.376845,"USDBIF":2855,"USDBMD":1,"USDBND":1.325497,"USDBOB":6.912148,"USDBRL":4.923979,"USDBSD":1.000292,"USDBTC":2.2239327e-5,"USDBTN":84.025935,"USDBWP":13.364278,"USDBYN":3.303209,"USDBYR":19600,"USDBZD":2.016378,"USDCAD":1.332265,"USDCDF":2680.000256,"USDCHF":0.850195,"USDCLF":0.032049,"USDCLP":884.320491,"USDCNY":7.099602,"USDCOP":3889.23,"USDCRC":519.788437,"USDCUC":1,"USDCUP":26.5,"USDCVE":100.149596,"USDCZK":22.543297,"USDDJF":177.719565,"USDDKK":6.81438,"USDDOP":57.919916,"USDDZD":134.679875,"USDEGP":30.925201,"USDERN":15,"USDETB":56.195264,"USDEUR":0.91396,"USDFJD":2.228702,"USDFKP":0.786705,"USDGBP":0.79224,"USDGEL":2.680173,"USDGGP":0.786705,"USDGHS":11.949598,"USDGIP":0.786705,"USDGMD":67.225002,"USDGNF":8600.000003,"USDGTQ":7.825096,"USDGYD":209.270303,"USDHKD":7.81532,"USDHNL":24.749457,"USDHRK":6.98177,"USDHTG":131.911323,"USDHUF":348.829813,"USDIDR":15505,"USDILS":3.639696,"USDIMP":0.786705,"USDINR":83.25725,"USDIQD":1310,"USDIRR":42047.496316,"USDISK":137.709983,"USDJEP":0.786705,"USDJMD":154.316147,"USDJOD":0.709602,"USDJPY":142.156502,"USDKES":157.349704,"USDKGS":89.085304,"USDKHR":4090.000036,"USDKMF":450.513757,"USDKPW":900.008743,"USDKRW":1308.849868,"USDKWD":0.30748,"USDKYD":0.833615,"USDKZT":455.620708,"USDLAK":20562.465494,"USDLBP":15062.499188,"USDLKR":322.110562,"USDLRD":188.494157,"USDLSL":18.570097,"USDLTL":2.95274,"USDLVL":0.60489,"USDLYD":4.775014,"USDMAD":9.929013,"USDMDL":17.464573,"USDMGA":4589.99995,"USDMKD":56.219156,"USDMMK":2100.602778,"USDMNT":3439.712623,"USDMOP":8.050829,"USDMRU":39.649989,"USDMUR":44.020085,"USDMVR":15.394981,"USDMWK":1682.000329,"USDMXN":17.034397,"USDMYR":4.603498,"USDMZN":63.24995,"USDNAD":18.569884,"USDNGN":884.818945,"USDNIO":36.720003,"USDNOK":10.349175,"USDNPR":134.441314,"USDNZD":1.60014,"USDOMR":0.384895,"USDPAB":1.000301,"USDPEN":3.713497,"USDPGK":3.70803,"USDPHP":55.580372,"USDPKR":281.950354,"USDPLN":3.991717,"USDPYG":7287.202028,"USDQAR":3.640497,"USDRON":4.542902,"USDRSD":107.091975,"USDRUB":90.430359,"USDRWF":1260.86,"USDSAR":3.750007,"USDSBD":8.404697,"USDSCR":14.197264,"USDSDG":601.000196,"USDSEK":10.20999,"USDSGD":1.326405,"USDSHP":1.262304,"USDSLE":22.795066,"USDSLL":19749.999899,"USDSOS":570.999787,"USDSRD":36.745499,"USDSTD":20697.981008,"USDSYP":13001.797058,"USDSZL":18.570217,"USDTHB":34.263001,"USDTJS":10.948303,"USDTMT":3.51,"USDTND":3.093498,"USDTOP":2.33115,"USDTRY":29.753575,"USDTTD":6.789167,"USDTWD":30.894018,"USDTZS":2514.999877,"USDUAH":38.150158,"USDUGX":3789.053238,"USDUYU":39.075858,"USDUZS":12349.999723,"USDVEF":3587972.932726,"USDVES":35.822194,"USDVND":24335,"USDVUV":117.373873,"USDWST":2.698297,"USDXAF":598.184355,"USDXAG":0.042301,"USDXAU":0.000486,"USDXCD":2.70255,"USDXDR":0.745598,"USDXOF":594.504833,"USDXPF":109.374992,"USDYER":250.250298,"USDZAR":18.56645,"USDZMK":9001.202091,"USDZMW":25.731794,"USDZWL":321.999592}}}
[2025-02-27T10:34:47.703+0000] {python.py:201} INFO - Done. Returned value was: None
[2025-02-27T10:34:47.710+0000] {taskinstance.py:1138} INFO - Marking task as SUCCESS. dag_id=3_4_2_homework_assignment, task_id=extract_task, execution_date=20240102T000000, start_date=20250227T103446, end_date=20250227T103447
[2025-02-27T10:34:47.751+0000] {local_task_job_runner.py:234} INFO - Task exited with return code 0
[2025-02-27T10:44:38.684+0000] {taskinstance.py:1956} INFO - Dependencies all met for dep_context=non-requeueable deps ti=<TaskInstance: 3_4_2_homework_assignment.extract_task scheduled__2024-01-02T00:00:00+00:00 [queued]>
[2025-02-27T10:44:38.690+0000] {taskinstance.py:1956} INFO - Dependencies all met for dep_context=requeueable deps ti=<TaskInstance: 3_4_2_homework_assignment.extract_task scheduled__2024-01-02T00:00:00+00:00 [queued]>
[2025-02-27T10:44:38.690+0000] {taskinstance.py:2170} INFO - Starting attempt 1 of 1
[2025-02-27T10:44:38.701+0000] {taskinstance.py:2191} INFO - Executing <Task(PythonOperator): extract_task> on 2024-01-02 00:00:00+00:00
[2025-02-27T10:44:38.707+0000] {standard_task_runner.py:60} INFO - Started process 6914 to run task
[2025-02-27T10:44:38.709+0000] {standard_task_runner.py:87} INFO - Running: ['airflow', 'tasks', 'run', '3_4_2_homework_assignment', 'extract_task', 'scheduled__2024-01-02T00:00:00+00:00', '--job-id', '5', '--raw', '--subdir', 'DAGS_FOLDER/3_4_2_homework_assignment.py', '--cfg-path', '/tmp/tmp8mj2l0j2']
[2025-02-27T10:44:38.710+0000] {standard_task_runner.py:88} INFO - Job 5: Subtask extract_task
[2025-02-27T10:44:38.736+0000] {task_command.py:423} INFO - Running <TaskInstance: 3_4_2_homework_assignment.extract_task scheduled__2024-01-02T00:00:00+00:00 [running]> on host ea5964584459
[2025-02-27T10:44:38.781+0000] {taskinstance.py:2480} INFO - Exporting env vars: AIRFLOW_CTX_DAG_OWNER='airflow' AIRFLOW_CTX_DAG_ID='3_4_2_homework_assignment' AIRFLOW_CTX_TASK_ID='extract_task' AIRFLOW_CTX_EXECUTION_DATE='2024-01-02T00:00:00+00:00' AIRFLOW_CTX_TRY_NUMBER='1' AIRFLOW_CTX_DAG_RUN_ID='scheduled__2024-01-02T00:00:00+00:00'
[2025-02-27T10:44:38.782+0000] {3_4_2_homework_assignment.py:40} INFO - https://api.exchangerate.host/timeframe?access_key=422bab0c9e08a5476912061877017b8d&source=USD&start_date=2024-01-02&end_date=2024-01-02
[2025-02-27T10:44:39.405+0000] {logging_mixin.py:188} INFO - Ответ API: {"success":true,"terms":"https:\/\/currencylayer.com\/terms","privacy":"https:\/\/currencylayer.com\/privacy","timeframe":true,"start_date":"2024-01-02","end_date":"2024-01-02","source":"USD","quotes":{"2024-01-02":{"USDAED":3.672796,"USDAFN":69.999838,"USDALL":94.18978,"USDAMD":404.880451,"USDANG":1.802754,"USDAOA":832.497707,"USDARS":810.561155,"USDAUD":1.478066,"USDAWG":1.8025,"USDAZN":1.696139,"USDBAM":1.783545,"USDBBD":2.019734,"USDBDT":109.786792,"USDBGN":1.787597,"USDBHD":0.376845,"USDBIF":2855,"USDBMD":1,"USDBND":1.325497,"USDBOB":6.912148,"USDBRL":4.923979,"USDBSD":1.000292,"USDBTC":2.2239327e-5,"USDBTN":84.025935,"USDBWP":13.364278,"USDBYN":3.303209,"USDBYR":19600,"USDBZD":2.016378,"USDCAD":1.332265,"USDCDF":2680.000256,"USDCHF":0.850195,"USDCLF":0.032049,"USDCLP":884.320491,"USDCNY":7.099602,"USDCOP":3889.23,"USDCRC":519.788437,"USDCUC":1,"USDCUP":26.5,"USDCVE":100.149596,"USDCZK":22.543297,"USDDJF":177.719565,"USDDKK":6.81438,"USDDOP":57.919916,"USDDZD":134.679875,"USDEGP":30.925201,"USDERN":15,"USDETB":56.195264,"USDEUR":0.91396,"USDFJD":2.228702,"USDFKP":0.786705,"USDGBP":0.79224,"USDGEL":2.680173,"USDGGP":0.786705,"USDGHS":11.949598,"USDGIP":0.786705,"USDGMD":67.225002,"USDGNF":8600.000003,"USDGTQ":7.825096,"USDGYD":209.270303,"USDHKD":7.81532,"USDHNL":24.749457,"USDHRK":6.98177,"USDHTG":131.911323,"USDHUF":348.829813,"USDIDR":15505,"USDILS":3.639696,"USDIMP":0.786705,"USDINR":83.25725,"USDIQD":1310,"USDIRR":42047.496316,"USDISK":137.709983,"USDJEP":0.786705,"USDJMD":154.316147,"USDJOD":0.709602,"USDJPY":142.156502,"USDKES":157.349704,"USDKGS":89.085304,"USDKHR":4090.000036,"USDKMF":450.513757,"USDKPW":900.008743,"USDKRW":1308.849868,"USDKWD":0.30748,"USDKYD":0.833615,"USDKZT":455.620708,"USDLAK":20562.465494,"USDLBP":15062.499188,"USDLKR":322.110562,"USDLRD":188.494157,"USDLSL":18.570097,"USDLTL":2.95274,"USDLVL":0.60489,"USDLYD":4.775014,"USDMAD":9.929013,"USDMDL":17.464573,"USDMGA":4589.99995,"USDMKD":56.219156,"USDMMK":2100.602778,"USDMNT":3439.712623,"USDMOP":8.050829,"USDMRU":39.649989,"USDMUR":44.020085,"USDMVR":15.394981,"USDMWK":1682.000329,"USDMXN":17.034397,"USDMYR":4.603498,"USDMZN":63.24995,"USDNAD":18.569884,"USDNGN":884.818945,"USDNIO":36.720003,"USDNOK":10.349175,"USDNPR":134.441314,"USDNZD":1.60014,"USDOMR":0.384895,"USDPAB":1.000301,"USDPEN":3.713497,"USDPGK":3.70803,"USDPHP":55.580372,"USDPKR":281.950354,"USDPLN":3.991717,"USDPYG":7287.202028,"USDQAR":3.640497,"USDRON":4.542902,"USDRSD":107.091975,"USDRUB":90.430359,"USDRWF":1260.86,"USDSAR":3.750007,"USDSBD":8.404697,"USDSCR":14.197264,"USDSDG":601.000196,"USDSEK":10.20999,"USDSGD":1.326405,"USDSHP":1.262304,"USDSLE":22.795066,"USDSLL":19749.999899,"USDSOS":570.999787,"USDSRD":36.745499,"USDSTD":20697.981008,"USDSYP":13001.797058,"USDSZL":18.570217,"USDTHB":34.263001,"USDTJS":10.948303,"USDTMT":3.51,"USDTND":3.093498,"USDTOP":2.33115,"USDTRY":29.753575,"USDTTD":6.789167,"USDTWD":30.894018,"USDTZS":2514.999877,"USDUAH":38.150158,"USDUGX":3789.053238,"USDUYU":39.075858,"USDUZS":12349.999723,"USDVEF":3587972.932726,"USDVES":35.822194,"USDVND":24335,"USDVUV":117.373873,"USDWST":2.698297,"USDXAF":598.184355,"USDXAG":0.042301,"USDXAU":0.000486,"USDXCD":2.70255,"USDXDR":0.745598,"USDXOF":594.504833,"USDXPF":109.374992,"USDYER":250.250298,"USDZAR":18.56645,"USDZMK":9001.202091,"USDZMW":25.731794,"USDZWL":321.999592}}}
[2025-02-27T10:44:39.407+0000] {python.py:201} INFO - Done. Returned value was: None
[2025-02-27T10:44:39.411+0000] {taskinstance.py:1138} INFO - Marking task as SUCCESS. dag_id=3_4_2_homework_assignment, task_id=extract_task, execution_date=20240102T000000, start_date=20250227T104438, end_date=20250227T104439
[2025-02-27T10:44:39.451+0000] {local_task_job_runner.py:234} INFO - Task exited with return code 0
