[2025-02-26T09:55:03.908+0000] {taskinstance.py:1956} INFO - Dependencies all met for dep_context=non-requeueable deps ti=<TaskInstance: 0_Examples_3_4_1_ETL_2.transform_data scheduled__2024-01-02T00:00:00+00:00 [queued]>
[2025-02-26T09:55:03.913+0000] {taskinstance.py:1956} INFO - Dependencies all met for dep_context=requeueable deps ti=<TaskInstance: 0_Examples_3_4_1_ETL_2.transform_data scheduled__2024-01-02T00:00:00+00:00 [queued]>
[2025-02-26T09:55:03.913+0000] {taskinstance.py:2170} INFO - Starting attempt 1 of 1
[2025-02-26T09:55:03.925+0000] {taskinstance.py:2191} INFO - Executing <Task(PythonOperator): transform_data> on 2024-01-02 00:00:00+00:00
[2025-02-26T09:55:03.931+0000] {standard_task_runner.py:60} INFO - Started process 186 to run task
[2025-02-26T09:55:03.933+0000] {standard_task_runner.py:87} INFO - Running: ['airflow', 'tasks', 'run', '0_Examples_3_4_1_ETL_2', 'transform_data', 'scheduled__2024-01-02T00:00:00+00:00', '--job-id', '6', '--raw', '--subdir', 'DAGS_FOLDER/exchangerate_api_work.py', '--cfg-path', '/tmp/tmpep0qdyw3']
[2025-02-26T09:55:03.934+0000] {standard_task_runner.py:88} INFO - Job 6: Subtask transform_data
[2025-02-26T09:55:03.964+0000] {task_command.py:423} INFO - Running <TaskInstance: 0_Examples_3_4_1_ETL_2.transform_data scheduled__2024-01-02T00:00:00+00:00 [running]> on host 8b59c4dac072
[2025-02-26T09:55:04.013+0000] {taskinstance.py:2480} INFO - Exporting env vars: AIRFLOW_CTX_DAG_OWNER='airflow' AIRFLOW_CTX_DAG_ID='0_Examples_3_4_1_ETL_2' AIRFLOW_CTX_TASK_ID='transform_data' AIRFLOW_CTX_EXECUTION_DATE='2024-01-02T00:00:00+00:00' AIRFLOW_CTX_TRY_NUMBER='1' AIRFLOW_CTX_DAG_RUN_ID='scheduled__2024-01-02T00:00:00+00:00'
[2025-02-26T09:55:04.022+0000] {python.py:201} INFO - Done. Returned value was: None
[2025-02-26T09:55:04.027+0000] {taskinstance.py:1138} INFO - Marking task as SUCCESS. dag_id=0_Examples_3_4_1_ETL_2, task_id=transform_data, execution_date=20240102T000000, start_date=20250226T095503, end_date=20250226T095504
[2025-02-26T09:55:04.066+0000] {local_task_job_runner.py:234} INFO - Task exited with return code 0
[2025-02-26T09:57:26.930+0000] {taskinstance.py:1956} INFO - Dependencies all met for dep_context=non-requeueable deps ti=<TaskInstance: 0_Examples_3_4_1_ETL_2.transform_data scheduled__2024-01-02T00:00:00+00:00 [queued]>
[2025-02-26T09:57:26.936+0000] {taskinstance.py:1956} INFO - Dependencies all met for dep_context=requeueable deps ti=<TaskInstance: 0_Examples_3_4_1_ETL_2.transform_data scheduled__2024-01-02T00:00:00+00:00 [queued]>
[2025-02-26T09:57:26.936+0000] {taskinstance.py:2170} INFO - Starting attempt 1 of 1
[2025-02-26T09:57:26.949+0000] {taskinstance.py:2191} INFO - Executing <Task(PythonOperator): transform_data> on 2024-01-02 00:00:00+00:00
[2025-02-26T09:57:26.954+0000] {standard_task_runner.py:60} INFO - Started process 427 to run task
[2025-02-26T09:57:26.956+0000] {standard_task_runner.py:87} INFO - Running: ['airflow', 'tasks', 'run', '0_Examples_3_4_1_ETL_2', 'transform_data', 'scheduled__2024-01-02T00:00:00+00:00', '--job-id', '18', '--raw', '--subdir', 'DAGS_FOLDER/exchangerate_api_work.py', '--cfg-path', '/tmp/tmp8f7z2gs_']
[2025-02-26T09:57:26.958+0000] {standard_task_runner.py:88} INFO - Job 18: Subtask transform_data
[2025-02-26T09:57:26.985+0000] {task_command.py:423} INFO - Running <TaskInstance: 0_Examples_3_4_1_ETL_2.transform_data scheduled__2024-01-02T00:00:00+00:00 [running]> on host 8b59c4dac072
[2025-02-26T09:57:27.027+0000] {taskinstance.py:2480} INFO - Exporting env vars: AIRFLOW_CTX_DAG_OWNER='airflow' AIRFLOW_CTX_DAG_ID='0_Examples_3_4_1_ETL_2' AIRFLOW_CTX_TASK_ID='transform_data' AIRFLOW_CTX_EXECUTION_DATE='2024-01-02T00:00:00+00:00' AIRFLOW_CTX_TRY_NUMBER='1' AIRFLOW_CTX_DAG_RUN_ID='scheduled__2024-01-02T00:00:00+00:00'
[2025-02-26T09:57:27.034+0000] {python.py:201} INFO - Done. Returned value was: None
[2025-02-26T09:57:27.038+0000] {taskinstance.py:1138} INFO - Marking task as SUCCESS. dag_id=0_Examples_3_4_1_ETL_2, task_id=transform_data, execution_date=20240102T000000, start_date=20250226T095726, end_date=20250226T095727
[2025-02-26T09:57:27.089+0000] {local_task_job_runner.py:234} INFO - Task exited with return code 0
[2025-02-26T10:04:46.008+0000] {taskinstance.py:1956} INFO - Dependencies all met for dep_context=non-requeueable deps ti=<TaskInstance: 0_Examples_3_4_1_ETL_2.transform_data scheduled__2024-01-02T00:00:00+00:00 [queued]>
[2025-02-26T10:04:46.016+0000] {taskinstance.py:1956} INFO - Dependencies all met for dep_context=requeueable deps ti=<TaskInstance: 0_Examples_3_4_1_ETL_2.transform_data scheduled__2024-01-02T00:00:00+00:00 [queued]>
[2025-02-26T10:04:46.016+0000] {taskinstance.py:2170} INFO - Starting attempt 1 of 1
[2025-02-26T10:04:46.031+0000] {taskinstance.py:2191} INFO - Executing <Task(PythonOperator): transform_data> on 2024-01-02 00:00:00+00:00
[2025-02-26T10:04:46.037+0000] {standard_task_runner.py:60} INFO - Started process 295 to run task
[2025-02-26T10:04:46.040+0000] {standard_task_runner.py:87} INFO - Running: ['airflow', 'tasks', 'run', '0_Examples_3_4_1_ETL_2', 'transform_data', 'scheduled__2024-01-02T00:00:00+00:00', '--job-id', '6', '--raw', '--subdir', 'DAGS_FOLDER/exchangerate_api_work.py', '--cfg-path', '/tmp/tmpce3opqon']
[2025-02-26T10:04:46.042+0000] {standard_task_runner.py:88} INFO - Job 6: Subtask transform_data
[2025-02-26T10:04:46.080+0000] {task_command.py:423} INFO - Running <TaskInstance: 0_Examples_3_4_1_ETL_2.transform_data scheduled__2024-01-02T00:00:00+00:00 [running]> on host a57e69d73574
[2025-02-26T10:04:46.130+0000] {taskinstance.py:2480} INFO - Exporting env vars: AIRFLOW_CTX_DAG_OWNER='airflow' AIRFLOW_CTX_DAG_ID='0_Examples_3_4_1_ETL_2' AIRFLOW_CTX_TASK_ID='transform_data' AIRFLOW_CTX_EXECUTION_DATE='2024-01-02T00:00:00+00:00' AIRFLOW_CTX_TRY_NUMBER='1' AIRFLOW_CTX_DAG_RUN_ID='scheduled__2024-01-02T00:00:00+00:00'
[2025-02-26T10:04:46.137+0000] {python.py:201} INFO - Done. Returned value was: None
[2025-02-26T10:04:46.142+0000] {taskinstance.py:1138} INFO - Marking task as SUCCESS. dag_id=0_Examples_3_4_1_ETL_2, task_id=transform_data, execution_date=20240102T000000, start_date=20250226T100446, end_date=20250226T100446
[2025-02-26T10:04:46.173+0000] {local_task_job_runner.py:234} INFO - Task exited with return code 0
[2025-02-26T10:08:32.988+0000] {taskinstance.py:1956} INFO - Dependencies all met for dep_context=non-requeueable deps ti=<TaskInstance: 0_Examples_3_4_1_ETL_2.transform_data scheduled__2024-01-02T00:00:00+00:00 [queued]>
[2025-02-26T10:08:32.994+0000] {taskinstance.py:1956} INFO - Dependencies all met for dep_context=requeueable deps ti=<TaskInstance: 0_Examples_3_4_1_ETL_2.transform_data scheduled__2024-01-02T00:00:00+00:00 [queued]>
[2025-02-26T10:08:32.994+0000] {taskinstance.py:2170} INFO - Starting attempt 1 of 1
[2025-02-26T10:08:33.006+0000] {taskinstance.py:2191} INFO - Executing <Task(PythonOperator): transform_data> on 2024-01-02 00:00:00+00:00
[2025-02-26T10:08:33.011+0000] {standard_task_runner.py:60} INFO - Started process 585 to run task
[2025-02-26T10:08:33.014+0000] {standard_task_runner.py:87} INFO - Running: ['airflow', 'tasks', 'run', '0_Examples_3_4_1_ETL_2', 'transform_data', 'scheduled__2024-01-02T00:00:00+00:00', '--job-id', '6', '--raw', '--subdir', 'DAGS_FOLDER/exchangerate_api_work.py', '--cfg-path', '/tmp/tmpcd89wafs']
[2025-02-26T10:08:33.015+0000] {standard_task_runner.py:88} INFO - Job 6: Subtask transform_data
[2025-02-26T10:08:33.041+0000] {task_command.py:423} INFO - Running <TaskInstance: 0_Examples_3_4_1_ETL_2.transform_data scheduled__2024-01-02T00:00:00+00:00 [running]> on host a57e69d73574
[2025-02-26T10:08:33.093+0000] {taskinstance.py:2480} INFO - Exporting env vars: AIRFLOW_CTX_DAG_OWNER='airflow' AIRFLOW_CTX_DAG_ID='0_Examples_3_4_1_ETL_2' AIRFLOW_CTX_TASK_ID='transform_data' AIRFLOW_CTX_EXECUTION_DATE='2024-01-02T00:00:00+00:00' AIRFLOW_CTX_TRY_NUMBER='1' AIRFLOW_CTX_DAG_RUN_ID='scheduled__2024-01-02T00:00:00+00:00'
[2025-02-26T10:08:33.104+0000] {python.py:201} INFO - Done. Returned value was: None
[2025-02-26T10:08:33.109+0000] {taskinstance.py:1138} INFO - Marking task as SUCCESS. dag_id=0_Examples_3_4_1_ETL_2, task_id=transform_data, execution_date=20240102T000000, start_date=20250226T100832, end_date=20250226T100833
[2025-02-26T10:08:33.147+0000] {local_task_job_runner.py:234} INFO - Task exited with return code 0
[2025-03-12T11:45:38.708+0000] {taskinstance.py:1956} INFO - Dependencies all met for dep_context=non-requeueable deps ti=<TaskInstance: 0_Examples_3_4_1_ETL_2.transform_data scheduled__2024-01-02T00:00:00+00:00 [queued]>
[2025-03-12T11:45:38.715+0000] {taskinstance.py:1956} INFO - Dependencies all met for dep_context=requeueable deps ti=<TaskInstance: 0_Examples_3_4_1_ETL_2.transform_data scheduled__2024-01-02T00:00:00+00:00 [queued]>
[2025-03-12T11:45:38.715+0000] {taskinstance.py:2170} INFO - Starting attempt 1 of 1
[2025-03-12T11:45:38.728+0000] {taskinstance.py:2191} INFO - Executing <Task(PythonOperator): transform_data> on 2024-01-02 00:00:00+00:00
[2025-03-12T11:45:38.734+0000] {standard_task_runner.py:60} INFO - Started process 2748 to run task
[2025-03-12T11:45:38.737+0000] {standard_task_runner.py:87} INFO - Running: ['airflow', 'tasks', 'run', '0_Examples_3_4_1_ETL_2', 'transform_data', 'scheduled__2024-01-02T00:00:00+00:00', '--job-id', '6', '--raw', '--subdir', 'DAGS_FOLDER/exchangerate_api_work.py', '--cfg-path', '/tmp/tmpzxiaser3']
[2025-03-12T11:45:38.739+0000] {standard_task_runner.py:88} INFO - Job 6: Subtask transform_data
[2025-03-12T11:45:38.768+0000] {task_command.py:423} INFO - Running <TaskInstance: 0_Examples_3_4_1_ETL_2.transform_data scheduled__2024-01-02T00:00:00+00:00 [running]> on host 727edeb5f419
[2025-03-12T11:45:38.816+0000] {taskinstance.py:2480} INFO - Exporting env vars: AIRFLOW_CTX_DAG_OWNER='airflow' AIRFLOW_CTX_DAG_ID='0_Examples_3_4_1_ETL_2' AIRFLOW_CTX_TASK_ID='transform_data' AIRFLOW_CTX_EXECUTION_DATE='2024-01-02T00:00:00+00:00' AIRFLOW_CTX_TRY_NUMBER='1' AIRFLOW_CTX_DAG_RUN_ID='scheduled__2024-01-02T00:00:00+00:00'
[2025-03-12T11:45:38.824+0000] {python.py:201} INFO - Done. Returned value was: None
[2025-03-12T11:45:38.828+0000] {taskinstance.py:1138} INFO - Marking task as SUCCESS. dag_id=0_Examples_3_4_1_ETL_2, task_id=transform_data, execution_date=20240102T000000, start_date=20250312T114538, end_date=20250312T114538
[2025-03-12T11:45:38.869+0000] {local_task_job_runner.py:234} INFO - Task exited with return code 0
