[2025-03-12T14:39:39.030+0000] {taskinstance.py:1956} INFO - Dependencies all met for dep_context=non-requeueable deps ti=<TaskInstance: 5_2_2_house_assignment.extract_data scheduled__2024-01-01T00:00:00+00:00 [queued]>
[2025-03-12T14:39:39.035+0000] {taskinstance.py:1956} INFO - Dependencies all met for dep_context=requeueable deps ti=<TaskInstance: 5_2_2_house_assignment.extract_data scheduled__2024-01-01T00:00:00+00:00 [queued]>
[2025-03-12T14:39:39.036+0000] {taskinstance.py:2170} INFO - Starting attempt 1 of 1
[2025-03-12T14:39:39.051+0000] {taskinstance.py:2191} INFO - Executing <Task(PythonOperator): extract_data> on 2024-01-01 00:00:00+00:00
[2025-03-12T14:39:39.057+0000] {standard_task_runner.py:60} INFO - Started process 1631 to run task
[2025-03-12T14:39:39.060+0000] {standard_task_runner.py:87} INFO - Running: ['airflow', 'tasks', 'run', '5_2_2_house_assignment', 'extract_data', 'scheduled__2024-01-01T00:00:00+00:00', '--job-id', '5', '--raw', '--subdir', 'DAGS_FOLDER/5_2_2_house_assignment.py', '--cfg-path', '/tmp/tmpk3xv0ylu']
[2025-03-12T14:39:39.061+0000] {standard_task_runner.py:88} INFO - Job 5: Subtask extract_data
[2025-03-12T14:39:39.094+0000] {task_command.py:423} INFO - Running <TaskInstance: 5_2_2_house_assignment.extract_data scheduled__2024-01-01T00:00:00+00:00 [running]> on host 13d00b3af9e0
[2025-03-12T14:39:39.143+0000] {taskinstance.py:2480} INFO - Exporting env vars: AIRFLOW_CTX_DAG_OWNER='airflow' AIRFLOW_CTX_DAG_ID='5_2_2_house_assignment' AIRFLOW_CTX_TASK_ID='extract_data' AIRFLOW_CTX_EXECUTION_DATE='2024-01-01T00:00:00+00:00' AIRFLOW_CTX_TRY_NUMBER='1' AIRFLOW_CTX_DAG_RUN_ID='scheduled__2024-01-01T00:00:00+00:00'
[2025-03-12T14:39:39.983+0000] {python.py:201} INFO - Done. Returned value was: None
[2025-03-12T14:39:39.988+0000] {taskinstance.py:1138} INFO - Marking task as SUCCESS. dag_id=5_2_2_house_assignment, task_id=extract_data, execution_date=20240101T000000, start_date=20250312T143939, end_date=20250312T143939
[2025-03-12T14:39:40.034+0000] {local_task_job_runner.py:234} INFO - Task exited with return code 0
[2025-03-12T14:50:23.189+0000] {taskinstance.py:1956} INFO - Dependencies all met for dep_context=non-requeueable deps ti=<TaskInstance: 5_2_2_house_assignment.extract_data scheduled__2024-01-01T00:00:00+00:00 [queued]>
[2025-03-12T14:50:23.196+0000] {taskinstance.py:1956} INFO - Dependencies all met for dep_context=requeueable deps ti=<TaskInstance: 5_2_2_house_assignment.extract_data scheduled__2024-01-01T00:00:00+00:00 [queued]>
[2025-03-12T14:50:23.197+0000] {taskinstance.py:2170} INFO - Starting attempt 1 of 1
[2025-03-12T14:50:23.212+0000] {taskinstance.py:2191} INFO - Executing <Task(PythonOperator): extract_data> on 2024-01-01 00:00:00+00:00
[2025-03-12T14:50:23.219+0000] {standard_task_runner.py:60} INFO - Started process 2429 to run task
[2025-03-12T14:50:23.223+0000] {standard_task_runner.py:87} INFO - Running: ['airflow', 'tasks', 'run', '5_2_2_house_assignment', 'extract_data', 'scheduled__2024-01-01T00:00:00+00:00', '--job-id', '19', '--raw', '--subdir', 'DAGS_FOLDER/5_2_2_house_assignment.py', '--cfg-path', '/tmp/tmpo0v9udda']
[2025-03-12T14:50:23.225+0000] {standard_task_runner.py:88} INFO - Job 19: Subtask extract_data
[2025-03-12T14:50:23.266+0000] {task_command.py:423} INFO - Running <TaskInstance: 5_2_2_house_assignment.extract_data scheduled__2024-01-01T00:00:00+00:00 [running]> on host 13d00b3af9e0
[2025-03-12T14:50:23.343+0000] {taskinstance.py:2480} INFO - Exporting env vars: AIRFLOW_CTX_DAG_OWNER='airflow' AIRFLOW_CTX_DAG_ID='5_2_2_house_assignment' AIRFLOW_CTX_TASK_ID='extract_data' AIRFLOW_CTX_EXECUTION_DATE='2024-01-01T00:00:00+00:00' AIRFLOW_CTX_TRY_NUMBER='1' AIRFLOW_CTX_DAG_RUN_ID='scheduled__2024-01-01T00:00:00+00:00'
[2025-03-12T14:50:23.811+0000] {python.py:201} INFO - Done. Returned value was: None
[2025-03-12T14:50:23.816+0000] {taskinstance.py:1138} INFO - Marking task as SUCCESS. dag_id=5_2_2_house_assignment, task_id=extract_data, execution_date=20240101T000000, start_date=20250312T145023, end_date=20250312T145023
[2025-03-12T14:50:23.878+0000] {local_task_job_runner.py:234} INFO - Task exited with return code 0
[2025-03-12T14:52:29.124+0000] {taskinstance.py:1956} INFO - Dependencies all met for dep_context=non-requeueable deps ti=<TaskInstance: 5_2_2_house_assignment.extract_data scheduled__2024-01-01T00:00:00+00:00 [queued]>
[2025-03-12T14:52:29.130+0000] {taskinstance.py:1956} INFO - Dependencies all met for dep_context=requeueable deps ti=<TaskInstance: 5_2_2_house_assignment.extract_data scheduled__2024-01-01T00:00:00+00:00 [queued]>
[2025-03-12T14:52:29.131+0000] {taskinstance.py:2170} INFO - Starting attempt 1 of 1
[2025-03-12T14:52:29.143+0000] {taskinstance.py:2191} INFO - Executing <Task(PythonOperator): extract_data> on 2024-01-01 00:00:00+00:00
[2025-03-12T14:52:29.149+0000] {standard_task_runner.py:60} INFO - Started process 2791 to run task
[2025-03-12T14:52:29.152+0000] {standard_task_runner.py:87} INFO - Running: ['airflow', 'tasks', 'run', '5_2_2_house_assignment', 'extract_data', 'scheduled__2024-01-01T00:00:00+00:00', '--job-id', '5', '--raw', '--subdir', 'DAGS_FOLDER/5_2_2_house_assignment.py', '--cfg-path', '/tmp/tmpov1zfq1b']
[2025-03-12T14:52:29.154+0000] {standard_task_runner.py:88} INFO - Job 5: Subtask extract_data
[2025-03-12T14:52:29.184+0000] {task_command.py:423} INFO - Running <TaskInstance: 5_2_2_house_assignment.extract_data scheduled__2024-01-01T00:00:00+00:00 [running]> on host 13d00b3af9e0
[2025-03-12T14:52:29.231+0000] {taskinstance.py:2480} INFO - Exporting env vars: AIRFLOW_CTX_DAG_OWNER='airflow' AIRFLOW_CTX_DAG_ID='5_2_2_house_assignment' AIRFLOW_CTX_TASK_ID='extract_data' AIRFLOW_CTX_EXECUTION_DATE='2024-01-01T00:00:00+00:00' AIRFLOW_CTX_TRY_NUMBER='1' AIRFLOW_CTX_DAG_RUN_ID='scheduled__2024-01-01T00:00:00+00:00'
[2025-03-12T14:52:29.559+0000] {python.py:201} INFO - Done. Returned value was: None
[2025-03-12T14:52:29.563+0000] {taskinstance.py:1138} INFO - Marking task as SUCCESS. dag_id=5_2_2_house_assignment, task_id=extract_data, execution_date=20240101T000000, start_date=20250312T145229, end_date=20250312T145229
[2025-03-12T14:52:29.605+0000] {local_task_job_runner.py:234} INFO - Task exited with return code 0
