[2025-02-26T09:54:14.835+0000] {taskinstance.py:1956} INFO - Dependencies all met for dep_context=non-requeueable deps ti=<TaskInstance: 0_Examples_3_4_1_ETL_2.extract_data scheduled__2024-01-01T00:00:00+00:00 [queued]>
[2025-02-26T09:54:14.855+0000] {taskinstance.py:1956} INFO - Dependencies all met for dep_context=requeueable deps ti=<TaskInstance: 0_Examples_3_4_1_ETL_2.extract_data scheduled__2024-01-01T00:00:00+00:00 [queued]>
[2025-02-26T09:54:14.856+0000] {taskinstance.py:2170} INFO - Starting attempt 1 of 1
[2025-02-26T09:54:14.877+0000] {taskinstance.py:2191} INFO - Executing <Task(PythonOperator): extract_data> on 2024-01-01 00:00:00+00:00
[2025-02-26T09:54:14.889+0000] {standard_task_runner.py:60} INFO - Started process 110 to run task
[2025-02-26T09:54:14.894+0000] {standard_task_runner.py:87} INFO - Running: ['airflow', 'tasks', 'run', '0_Examples_3_4_1_ETL_2', 'extract_data', 'scheduled__2024-01-01T00:00:00+00:00', '--job-id', '2', '--raw', '--subdir', 'DAGS_FOLDER/exchangerate_api_work.py', '--cfg-path', '/tmp/tmppjmvzjbh']
[2025-02-26T09:54:14.897+0000] {standard_task_runner.py:88} INFO - Job 2: Subtask extract_data
[2025-02-26T09:54:14.937+0000] {task_command.py:423} INFO - Running <TaskInstance: 0_Examples_3_4_1_ETL_2.extract_data scheduled__2024-01-01T00:00:00+00:00 [running]> on host 8b59c4dac072
[2025-02-26T09:54:14.994+0000] {taskinstance.py:2480} INFO - Exporting env vars: AIRFLOW_CTX_DAG_OWNER='airflow' AIRFLOW_CTX_DAG_ID='0_Examples_3_4_1_ETL_2' AIRFLOW_CTX_TASK_ID='extract_data' AIRFLOW_CTX_EXECUTION_DATE='2024-01-01T00:00:00+00:00' AIRFLOW_CTX_TRY_NUMBER='1' AIRFLOW_CTX_DAG_RUN_ID='scheduled__2024-01-01T00:00:00+00:00'
[2025-02-26T09:54:15.327+0000] {python.py:201} INFO - Done. Returned value was: None
[2025-02-26T09:54:15.332+0000] {taskinstance.py:1138} INFO - Marking task as SUCCESS. dag_id=0_Examples_3_4_1_ETL_2, task_id=extract_data, execution_date=20240101T000000, start_date=20250226T095414, end_date=20250226T095415
[2025-02-26T09:54:15.352+0000] {local_task_job_runner.py:234} INFO - Task exited with return code 0
[2025-02-26T09:56:53.143+0000] {taskinstance.py:1956} INFO - Dependencies all met for dep_context=non-requeueable deps ti=<TaskInstance: 0_Examples_3_4_1_ETL_2.extract_data scheduled__2024-01-01T00:00:00+00:00 [queued]>
[2025-02-26T09:56:53.148+0000] {taskinstance.py:1956} INFO - Dependencies all met for dep_context=requeueable deps ti=<TaskInstance: 0_Examples_3_4_1_ETL_2.extract_data scheduled__2024-01-01T00:00:00+00:00 [queued]>
[2025-02-26T09:56:53.149+0000] {taskinstance.py:2170} INFO - Starting attempt 1 of 1
[2025-02-26T09:56:53.166+0000] {taskinstance.py:2191} INFO - Executing <Task(PythonOperator): extract_data> on 2024-01-01 00:00:00+00:00
[2025-02-26T09:56:53.172+0000] {standard_task_runner.py:60} INFO - Started process 353 to run task
[2025-02-26T09:56:53.176+0000] {standard_task_runner.py:87} INFO - Running: ['airflow', 'tasks', 'run', '0_Examples_3_4_1_ETL_2', 'extract_data', 'scheduled__2024-01-01T00:00:00+00:00', '--job-id', '14', '--raw', '--subdir', 'DAGS_FOLDER/exchangerate_api_work.py', '--cfg-path', '/tmp/tmp20ovk82k']
[2025-02-26T09:56:53.178+0000] {standard_task_runner.py:88} INFO - Job 14: Subtask extract_data
[2025-02-26T09:56:53.219+0000] {task_command.py:423} INFO - Running <TaskInstance: 0_Examples_3_4_1_ETL_2.extract_data scheduled__2024-01-01T00:00:00+00:00 [running]> on host 8b59c4dac072
[2025-02-26T09:56:53.277+0000] {taskinstance.py:2480} INFO - Exporting env vars: AIRFLOW_CTX_DAG_OWNER='airflow' AIRFLOW_CTX_DAG_ID='0_Examples_3_4_1_ETL_2' AIRFLOW_CTX_TASK_ID='extract_data' AIRFLOW_CTX_EXECUTION_DATE='2024-01-01T00:00:00+00:00' AIRFLOW_CTX_TRY_NUMBER='1' AIRFLOW_CTX_DAG_RUN_ID='scheduled__2024-01-01T00:00:00+00:00'
[2025-02-26T09:56:53.659+0000] {python.py:201} INFO - Done. Returned value was: None
[2025-02-26T09:56:53.664+0000] {taskinstance.py:1138} INFO - Marking task as SUCCESS. dag_id=0_Examples_3_4_1_ETL_2, task_id=extract_data, execution_date=20240101T000000, start_date=20250226T095653, end_date=20250226T095653
[2025-02-26T09:56:53.714+0000] {local_task_job_runner.py:234} INFO - Task exited with return code 0
[2025-02-26T10:02:59.232+0000] {taskinstance.py:1956} INFO - Dependencies all met for dep_context=non-requeueable deps ti=<TaskInstance: 0_Examples_3_4_1_ETL_2.extract_data scheduled__2024-01-01T00:00:00+00:00 [queued]>
[2025-02-26T10:02:59.236+0000] {taskinstance.py:1956} INFO - Dependencies all met for dep_context=requeueable deps ti=<TaskInstance: 0_Examples_3_4_1_ETL_2.extract_data scheduled__2024-01-01T00:00:00+00:00 [queued]>
[2025-02-26T10:02:59.237+0000] {taskinstance.py:2170} INFO - Starting attempt 1 of 1
[2025-02-26T10:02:59.249+0000] {taskinstance.py:2191} INFO - Executing <Task(PythonOperator): extract_data> on 2024-01-01 00:00:00+00:00
[2025-02-26T10:02:59.254+0000] {standard_task_runner.py:60} INFO - Started process 126 to run task
[2025-02-26T10:02:59.257+0000] {standard_task_runner.py:87} INFO - Running: ['airflow', 'tasks', 'run', '0_Examples_3_4_1_ETL_2', 'extract_data', 'scheduled__2024-01-01T00:00:00+00:00', '--job-id', '2', '--raw', '--subdir', 'DAGS_FOLDER/exchangerate_api_work.py', '--cfg-path', '/tmp/tmp8ckj3z56']
[2025-02-26T10:02:59.259+0000] {standard_task_runner.py:88} INFO - Job 2: Subtask extract_data
[2025-02-26T10:02:59.294+0000] {task_command.py:423} INFO - Running <TaskInstance: 0_Examples_3_4_1_ETL_2.extract_data scheduled__2024-01-01T00:00:00+00:00 [running]> on host a57e69d73574
[2025-02-26T10:02:59.361+0000] {taskinstance.py:2480} INFO - Exporting env vars: AIRFLOW_CTX_DAG_OWNER='airflow' AIRFLOW_CTX_DAG_ID='0_Examples_3_4_1_ETL_2' AIRFLOW_CTX_TASK_ID='extract_data' AIRFLOW_CTX_EXECUTION_DATE='2024-01-01T00:00:00+00:00' AIRFLOW_CTX_TRY_NUMBER='1' AIRFLOW_CTX_DAG_RUN_ID='scheduled__2024-01-01T00:00:00+00:00'
[2025-02-26T10:02:59.652+0000] {python.py:201} INFO - Done. Returned value was: None
[2025-02-26T10:02:59.657+0000] {taskinstance.py:1138} INFO - Marking task as SUCCESS. dag_id=0_Examples_3_4_1_ETL_2, task_id=extract_data, execution_date=20240101T000000, start_date=20250226T100259, end_date=20250226T100259
[2025-02-26T10:02:59.711+0000] {local_task_job_runner.py:234} INFO - Task exited with return code 0
[2025-02-26T10:04:14.597+0000] {taskinstance.py:1956} INFO - Dependencies all met for dep_context=non-requeueable deps ti=<TaskInstance: 0_Examples_3_4_1_ETL_2.extract_data scheduled__2024-01-01T00:00:00+00:00 [queued]>
[2025-02-26T10:04:14.601+0000] {taskinstance.py:1956} INFO - Dependencies all met for dep_context=requeueable deps ti=<TaskInstance: 0_Examples_3_4_1_ETL_2.extract_data scheduled__2024-01-01T00:00:00+00:00 [queued]>
[2025-02-26T10:04:14.602+0000] {taskinstance.py:2170} INFO - Starting attempt 1 of 1
[2025-02-26T10:04:14.613+0000] {taskinstance.py:2191} INFO - Executing <Task(PythonOperator): extract_data> on 2024-01-01 00:00:00+00:00
[2025-02-26T10:04:14.618+0000] {standard_task_runner.py:60} INFO - Started process 221 to run task
[2025-02-26T10:04:14.621+0000] {standard_task_runner.py:87} INFO - Running: ['airflow', 'tasks', 'run', '0_Examples_3_4_1_ETL_2', 'extract_data', 'scheduled__2024-01-01T00:00:00+00:00', '--job-id', '2', '--raw', '--subdir', 'DAGS_FOLDER/exchangerate_api_work.py', '--cfg-path', '/tmp/tmpaoijq0b9']
[2025-02-26T10:04:14.623+0000] {standard_task_runner.py:88} INFO - Job 2: Subtask extract_data
[2025-02-26T10:04:14.653+0000] {task_command.py:423} INFO - Running <TaskInstance: 0_Examples_3_4_1_ETL_2.extract_data scheduled__2024-01-01T00:00:00+00:00 [running]> on host a57e69d73574
[2025-02-26T10:04:14.700+0000] {taskinstance.py:2480} INFO - Exporting env vars: AIRFLOW_CTX_DAG_OWNER='airflow' AIRFLOW_CTX_DAG_ID='0_Examples_3_4_1_ETL_2' AIRFLOW_CTX_TASK_ID='extract_data' AIRFLOW_CTX_EXECUTION_DATE='2024-01-01T00:00:00+00:00' AIRFLOW_CTX_TRY_NUMBER='1' AIRFLOW_CTX_DAG_RUN_ID='scheduled__2024-01-01T00:00:00+00:00'
[2025-02-26T10:04:15.063+0000] {python.py:201} INFO - Done. Returned value was: None
[2025-02-26T10:04:15.070+0000] {taskinstance.py:1138} INFO - Marking task as SUCCESS. dag_id=0_Examples_3_4_1_ETL_2, task_id=extract_data, execution_date=20240101T000000, start_date=20250226T100414, end_date=20250226T100415
[2025-02-26T10:04:15.116+0000] {local_task_job_runner.py:234} INFO - Task exited with return code 0
[2025-02-26T10:08:04.542+0000] {taskinstance.py:1956} INFO - Dependencies all met for dep_context=non-requeueable deps ti=<TaskInstance: 0_Examples_3_4_1_ETL_2.extract_data scheduled__2024-01-01T00:00:00+00:00 [queued]>
[2025-02-26T10:08:04.548+0000] {taskinstance.py:1956} INFO - Dependencies all met for dep_context=requeueable deps ti=<TaskInstance: 0_Examples_3_4_1_ETL_2.extract_data scheduled__2024-01-01T00:00:00+00:00 [queued]>
[2025-02-26T10:08:04.548+0000] {taskinstance.py:2170} INFO - Starting attempt 1 of 1
[2025-02-26T10:08:04.562+0000] {taskinstance.py:2191} INFO - Executing <Task(PythonOperator): extract_data> on 2024-01-01 00:00:00+00:00
[2025-02-26T10:08:04.566+0000] {standard_task_runner.py:60} INFO - Started process 511 to run task
[2025-02-26T10:08:04.569+0000] {standard_task_runner.py:87} INFO - Running: ['airflow', 'tasks', 'run', '0_Examples_3_4_1_ETL_2', 'extract_data', 'scheduled__2024-01-01T00:00:00+00:00', '--job-id', '2', '--raw', '--subdir', 'DAGS_FOLDER/exchangerate_api_work.py', '--cfg-path', '/tmp/tmpu2yi1sgq']
[2025-02-26T10:08:04.571+0000] {standard_task_runner.py:88} INFO - Job 2: Subtask extract_data
[2025-02-26T10:08:04.604+0000] {task_command.py:423} INFO - Running <TaskInstance: 0_Examples_3_4_1_ETL_2.extract_data scheduled__2024-01-01T00:00:00+00:00 [running]> on host a57e69d73574
[2025-02-26T10:08:04.660+0000] {taskinstance.py:2480} INFO - Exporting env vars: AIRFLOW_CTX_DAG_OWNER='airflow' AIRFLOW_CTX_DAG_ID='0_Examples_3_4_1_ETL_2' AIRFLOW_CTX_TASK_ID='extract_data' AIRFLOW_CTX_EXECUTION_DATE='2024-01-01T00:00:00+00:00' AIRFLOW_CTX_TRY_NUMBER='1' AIRFLOW_CTX_DAG_RUN_ID='scheduled__2024-01-01T00:00:00+00:00'
[2025-02-26T10:08:04.950+0000] {python.py:201} INFO - Done. Returned value was: None
[2025-02-26T10:08:04.956+0000] {taskinstance.py:1138} INFO - Marking task as SUCCESS. dag_id=0_Examples_3_4_1_ETL_2, task_id=extract_data, execution_date=20240101T000000, start_date=20250226T100804, end_date=20250226T100804
[2025-02-26T10:08:04.983+0000] {local_task_job_runner.py:234} INFO - Task exited with return code 0
[2025-03-12T11:45:13.333+0000] {taskinstance.py:1956} INFO - Dependencies all met for dep_context=non-requeueable deps ti=<TaskInstance: 0_Examples_3_4_1_ETL_2.extract_data scheduled__2024-01-01T00:00:00+00:00 [queued]>
[2025-03-12T11:45:13.339+0000] {taskinstance.py:1956} INFO - Dependencies all met for dep_context=requeueable deps ti=<TaskInstance: 0_Examples_3_4_1_ETL_2.extract_data scheduled__2024-01-01T00:00:00+00:00 [queued]>
[2025-03-12T11:45:13.339+0000] {taskinstance.py:2170} INFO - Starting attempt 1 of 1
[2025-03-12T11:45:13.355+0000] {taskinstance.py:2191} INFO - Executing <Task(PythonOperator): extract_data> on 2024-01-01 00:00:00+00:00
[2025-03-12T11:45:13.362+0000] {standard_task_runner.py:60} INFO - Started process 2664 to run task
[2025-03-12T11:45:13.365+0000] {standard_task_runner.py:87} INFO - Running: ['airflow', 'tasks', 'run', '0_Examples_3_4_1_ETL_2', 'extract_data', 'scheduled__2024-01-01T00:00:00+00:00', '--job-id', '2', '--raw', '--subdir', 'DAGS_FOLDER/exchangerate_api_work.py', '--cfg-path', '/tmp/tmp2yzsdcai']
[2025-03-12T11:45:13.366+0000] {standard_task_runner.py:88} INFO - Job 2: Subtask extract_data
[2025-03-12T11:45:13.422+0000] {task_command.py:423} INFO - Running <TaskInstance: 0_Examples_3_4_1_ETL_2.extract_data scheduled__2024-01-01T00:00:00+00:00 [running]> on host 727edeb5f419
[2025-03-12T11:45:13.490+0000] {taskinstance.py:2480} INFO - Exporting env vars: AIRFLOW_CTX_DAG_OWNER='airflow' AIRFLOW_CTX_DAG_ID='0_Examples_3_4_1_ETL_2' AIRFLOW_CTX_TASK_ID='extract_data' AIRFLOW_CTX_EXECUTION_DATE='2024-01-01T00:00:00+00:00' AIRFLOW_CTX_TRY_NUMBER='1' AIRFLOW_CTX_DAG_RUN_ID='scheduled__2024-01-01T00:00:00+00:00'
[2025-03-12T11:45:13.927+0000] {python.py:201} INFO - Done. Returned value was: None
[2025-03-12T11:45:13.933+0000] {taskinstance.py:1138} INFO - Marking task as SUCCESS. dag_id=0_Examples_3_4_1_ETL_2, task_id=extract_data, execution_date=20240101T000000, start_date=20250312T114513, end_date=20250312T114513
[2025-03-12T11:45:13.979+0000] {local_task_job_runner.py:234} INFO - Task exited with return code 0
