[2025-03-17T10:47:59.336+0000] {processor.py:161} INFO - Started process (PID=150) to work on /opt/airflow/dags/4_4_house_assignment.py
[2025-03-17T10:47:59.337+0000] {processor.py:830} INFO - Processing file /opt/airflow/dags/4_4_house_assignment.py for tasks to queue
[2025-03-17T10:47:59.338+0000] {logging_mixin.py:188} INFO - [2025-03-17T10:47:59.338+0000] {dagbag.py:538} INFO - Filling up the DagBag from /opt/airflow/dags/4_4_house_assignment.py
[2025-03-17T10:48:00.232+0000] {logging_mixin.py:188} INFO - [2025-03-17T10:48:00.231+0000] {base.py:83} INFO - Using connection ID 'clickhouse_default' for task execution.
[2025-03-17T10:48:00.235+0000] {logging_mixin.py:188} INFO - [2025-03-17T10:48:00.235+0000] {base.py:83} INFO - Using connection ID 'clickhouse_default' for task execution.
[2025-03-17T10:48:00.238+0000] {logging_mixin.py:188} INFO - [2025-03-17T10:48:00.237+0000] {base.py:83} INFO - Using connection ID 'clickhouse_default' for task execution.
[2025-03-17T10:48:00.242+0000] {logging_mixin.py:188} INFO - [2025-03-17T10:48:00.241+0000] {base.py:83} INFO - Using connection ID 'clickhouse_default' for task execution.
[2025-03-17T10:48:00.258+0000] {processor.py:840} INFO - DAG(s) '4_4_house_assignment' retrieved from /opt/airflow/dags/4_4_house_assignment.py
[2025-03-17T10:48:00.265+0000] {logging_mixin.py:188} INFO - [2025-03-17T10:48:00.264+0000] {dag.py:3036} INFO - Sync 1 DAGs
[2025-03-17T10:48:00.287+0000] {logging_mixin.py:188} INFO - [2025-03-17T10:48:00.287+0000] {dag.py:3823} INFO - Setting next_dagrun for 4_4_house_assignment to 2024-01-01 00:00:00+00:00, run_after=2024-01-02 00:00:00+00:00
[2025-03-17T10:48:00.338+0000] {processor.py:183} INFO - Processing /opt/airflow/dags/4_4_house_assignment.py took 1.006 seconds
[2025-03-17T10:48:32.989+0000] {processor.py:161} INFO - Started process (PID=197) to work on /opt/airflow/dags/4_4_house_assignment.py
[2025-03-17T10:48:32.991+0000] {processor.py:830} INFO - Processing file /opt/airflow/dags/4_4_house_assignment.py for tasks to queue
[2025-03-17T10:48:32.993+0000] {logging_mixin.py:188} INFO - [2025-03-17T10:48:32.992+0000] {dagbag.py:538} INFO - Filling up the DagBag from /opt/airflow/dags/4_4_house_assignment.py
[2025-03-17T10:48:33.646+0000] {logging_mixin.py:188} INFO - [2025-03-17T10:48:33.645+0000] {base.py:83} INFO - Using connection ID 'clickhouse_default' for task execution.
[2025-03-17T10:48:33.649+0000] {logging_mixin.py:188} INFO - [2025-03-17T10:48:33.649+0000] {base.py:83} INFO - Using connection ID 'clickhouse_default' for task execution.
[2025-03-17T10:48:33.653+0000] {logging_mixin.py:188} INFO - [2025-03-17T10:48:33.653+0000] {base.py:83} INFO - Using connection ID 'clickhouse_default' for task execution.
[2025-03-17T10:48:33.655+0000] {logging_mixin.py:188} INFO - [2025-03-17T10:48:33.655+0000] {base.py:83} INFO - Using connection ID 'clickhouse_default' for task execution.
[2025-03-17T10:48:33.663+0000] {processor.py:840} INFO - DAG(s) '4_4_house_assignment' retrieved from /opt/airflow/dags/4_4_house_assignment.py
[2025-03-17T10:48:33.731+0000] {logging_mixin.py:188} INFO - [2025-03-17T10:48:33.731+0000] {dag.py:3036} INFO - Sync 1 DAGs
[2025-03-17T10:48:33.746+0000] {logging_mixin.py:188} INFO - [2025-03-17T10:48:33.746+0000] {dag.py:3823} INFO - Setting next_dagrun for 4_4_house_assignment to 2024-01-01 00:00:00+00:00, run_after=2024-01-02 00:00:00+00:00
[2025-03-17T10:48:33.784+0000] {processor.py:183} INFO - Processing /opt/airflow/dags/4_4_house_assignment.py took 0.798 seconds
[2025-03-17T10:49:04.896+0000] {processor.py:161} INFO - Started process (PID=221) to work on /opt/airflow/dags/4_4_house_assignment.py
[2025-03-17T10:49:04.898+0000] {processor.py:830} INFO - Processing file /opt/airflow/dags/4_4_house_assignment.py for tasks to queue
[2025-03-17T10:49:04.899+0000] {logging_mixin.py:188} INFO - [2025-03-17T10:49:04.898+0000] {dagbag.py:538} INFO - Filling up the DagBag from /opt/airflow/dags/4_4_house_assignment.py
[2025-03-17T10:49:05.513+0000] {logging_mixin.py:188} INFO - [2025-03-17T10:49:05.513+0000] {base.py:83} INFO - Using connection ID 'clickhouse_default' for task execution.
[2025-03-17T10:49:05.516+0000] {logging_mixin.py:188} INFO - [2025-03-17T10:49:05.515+0000] {base.py:83} INFO - Using connection ID 'clickhouse_default' for task execution.
[2025-03-17T10:49:05.518+0000] {logging_mixin.py:188} INFO - [2025-03-17T10:49:05.517+0000] {base.py:83} INFO - Using connection ID 'clickhouse_default' for task execution.
[2025-03-17T10:49:05.520+0000] {logging_mixin.py:188} INFO - [2025-03-17T10:49:05.519+0000] {base.py:83} INFO - Using connection ID 'clickhouse_default' for task execution.
[2025-03-17T10:49:05.530+0000] {processor.py:840} INFO - DAG(s) '4_4_house_assignment' retrieved from /opt/airflow/dags/4_4_house_assignment.py
[2025-03-17T10:49:05.609+0000] {logging_mixin.py:188} INFO - [2025-03-17T10:49:05.609+0000] {dag.py:3036} INFO - Sync 1 DAGs
[2025-03-17T10:49:05.625+0000] {logging_mixin.py:188} INFO - [2025-03-17T10:49:05.625+0000] {dag.py:3823} INFO - Setting next_dagrun for 4_4_house_assignment to 2024-01-01 00:00:00+00:00, run_after=2024-01-02 00:00:00+00:00
[2025-03-17T10:49:05.657+0000] {processor.py:183} INFO - Processing /opt/airflow/dags/4_4_house_assignment.py took 0.763 seconds
[2025-03-17T10:49:36.122+0000] {processor.py:161} INFO - Started process (PID=245) to work on /opt/airflow/dags/4_4_house_assignment.py
[2025-03-17T10:49:36.123+0000] {processor.py:830} INFO - Processing file /opt/airflow/dags/4_4_house_assignment.py for tasks to queue
[2025-03-17T10:49:36.124+0000] {logging_mixin.py:188} INFO - [2025-03-17T10:49:36.124+0000] {dagbag.py:538} INFO - Filling up the DagBag from /opt/airflow/dags/4_4_house_assignment.py
[2025-03-17T10:49:36.657+0000] {logging_mixin.py:188} INFO - [2025-03-17T10:49:36.656+0000] {base.py:83} INFO - Using connection ID 'clickhouse_default' for task execution.
[2025-03-17T10:49:36.660+0000] {logging_mixin.py:188} INFO - [2025-03-17T10:49:36.660+0000] {base.py:83} INFO - Using connection ID 'clickhouse_default' for task execution.
[2025-03-17T10:49:36.662+0000] {logging_mixin.py:188} INFO - [2025-03-17T10:49:36.662+0000] {base.py:83} INFO - Using connection ID 'clickhouse_default' for task execution.
[2025-03-17T10:49:36.664+0000] {logging_mixin.py:188} INFO - [2025-03-17T10:49:36.664+0000] {base.py:83} INFO - Using connection ID 'clickhouse_default' for task execution.
[2025-03-17T10:49:36.672+0000] {processor.py:840} INFO - DAG(s) '4_4_house_assignment' retrieved from /opt/airflow/dags/4_4_house_assignment.py
[2025-03-17T10:49:36.755+0000] {logging_mixin.py:188} INFO - [2025-03-17T10:49:36.754+0000] {dag.py:3036} INFO - Sync 1 DAGs
[2025-03-17T10:49:36.768+0000] {logging_mixin.py:188} INFO - [2025-03-17T10:49:36.768+0000] {dag.py:3823} INFO - Setting next_dagrun for 4_4_house_assignment to 2024-01-01 00:00:00+00:00, run_after=2024-01-02 00:00:00+00:00
[2025-03-17T10:49:36.808+0000] {processor.py:183} INFO - Processing /opt/airflow/dags/4_4_house_assignment.py took 0.689 seconds
[2025-03-17T10:50:07.098+0000] {processor.py:161} INFO - Started process (PID=269) to work on /opt/airflow/dags/4_4_house_assignment.py
[2025-03-17T10:50:07.099+0000] {processor.py:830} INFO - Processing file /opt/airflow/dags/4_4_house_assignment.py for tasks to queue
[2025-03-17T10:50:07.100+0000] {logging_mixin.py:188} INFO - [2025-03-17T10:50:07.099+0000] {dagbag.py:538} INFO - Filling up the DagBag from /opt/airflow/dags/4_4_house_assignment.py
[2025-03-17T10:50:07.751+0000] {logging_mixin.py:188} INFO - [2025-03-17T10:50:07.751+0000] {base.py:83} INFO - Using connection ID 'clickhouse_default' for task execution.
[2025-03-17T10:50:07.754+0000] {logging_mixin.py:188} INFO - [2025-03-17T10:50:07.753+0000] {base.py:83} INFO - Using connection ID 'clickhouse_default' for task execution.
[2025-03-17T10:50:07.756+0000] {logging_mixin.py:188} INFO - [2025-03-17T10:50:07.756+0000] {base.py:83} INFO - Using connection ID 'clickhouse_default' for task execution.
[2025-03-17T10:50:07.758+0000] {logging_mixin.py:188} INFO - [2025-03-17T10:50:07.758+0000] {base.py:83} INFO - Using connection ID 'clickhouse_default' for task execution.
[2025-03-17T10:50:07.767+0000] {processor.py:840} INFO - DAG(s) '4_4_house_assignment' retrieved from /opt/airflow/dags/4_4_house_assignment.py
[2025-03-17T10:50:07.896+0000] {logging_mixin.py:188} INFO - [2025-03-17T10:50:07.895+0000] {dag.py:3036} INFO - Sync 1 DAGs
[2025-03-17T10:50:07.916+0000] {logging_mixin.py:188} INFO - [2025-03-17T10:50:07.916+0000] {dag.py:3823} INFO - Setting next_dagrun for 4_4_house_assignment to 2024-01-01 00:00:00+00:00, run_after=2024-01-02 00:00:00+00:00
[2025-03-17T10:50:07.962+0000] {processor.py:183} INFO - Processing /opt/airflow/dags/4_4_house_assignment.py took 0.867 seconds
[2025-03-17T10:50:38.068+0000] {processor.py:161} INFO - Started process (PID=293) to work on /opt/airflow/dags/4_4_house_assignment.py
[2025-03-17T10:50:38.069+0000] {processor.py:830} INFO - Processing file /opt/airflow/dags/4_4_house_assignment.py for tasks to queue
[2025-03-17T10:50:38.071+0000] {logging_mixin.py:188} INFO - [2025-03-17T10:50:38.070+0000] {dagbag.py:538} INFO - Filling up the DagBag from /opt/airflow/dags/4_4_house_assignment.py
[2025-03-17T10:50:38.637+0000] {logging_mixin.py:188} INFO - [2025-03-17T10:50:38.636+0000] {base.py:83} INFO - Using connection ID 'clickhouse_default' for task execution.
[2025-03-17T10:50:38.641+0000] {logging_mixin.py:188} INFO - [2025-03-17T10:50:38.640+0000] {base.py:83} INFO - Using connection ID 'clickhouse_default' for task execution.
[2025-03-17T10:50:38.643+0000] {logging_mixin.py:188} INFO - [2025-03-17T10:50:38.643+0000] {base.py:83} INFO - Using connection ID 'clickhouse_default' for task execution.
[2025-03-17T10:50:38.645+0000] {logging_mixin.py:188} INFO - [2025-03-17T10:50:38.645+0000] {base.py:83} INFO - Using connection ID 'clickhouse_default' for task execution.
[2025-03-17T10:50:38.656+0000] {processor.py:840} INFO - DAG(s) '4_4_house_assignment' retrieved from /opt/airflow/dags/4_4_house_assignment.py
[2025-03-17T10:50:38.735+0000] {logging_mixin.py:188} INFO - [2025-03-17T10:50:38.735+0000] {dag.py:3036} INFO - Sync 1 DAGs
[2025-03-17T10:50:38.756+0000] {logging_mixin.py:188} INFO - [2025-03-17T10:50:38.756+0000] {dag.py:3823} INFO - Setting next_dagrun for 4_4_house_assignment to 2024-01-01 00:00:00+00:00, run_after=2024-01-02 00:00:00+00:00
[2025-03-17T10:50:38.800+0000] {processor.py:183} INFO - Processing /opt/airflow/dags/4_4_house_assignment.py took 0.735 seconds
[2025-03-17T10:51:09.158+0000] {processor.py:161} INFO - Started process (PID=317) to work on /opt/airflow/dags/4_4_house_assignment.py
[2025-03-17T10:51:09.159+0000] {processor.py:830} INFO - Processing file /opt/airflow/dags/4_4_house_assignment.py for tasks to queue
[2025-03-17T10:51:09.160+0000] {logging_mixin.py:188} INFO - [2025-03-17T10:51:09.159+0000] {dagbag.py:538} INFO - Filling up the DagBag from /opt/airflow/dags/4_4_house_assignment.py
[2025-03-17T10:51:09.676+0000] {logging_mixin.py:188} INFO - [2025-03-17T10:51:09.676+0000] {base.py:83} INFO - Using connection ID 'clickhouse_default' for task execution.
[2025-03-17T10:51:09.678+0000] {logging_mixin.py:188} INFO - [2025-03-17T10:51:09.678+0000] {base.py:83} INFO - Using connection ID 'clickhouse_default' for task execution.
[2025-03-17T10:51:09.680+0000] {logging_mixin.py:188} INFO - [2025-03-17T10:51:09.680+0000] {base.py:83} INFO - Using connection ID 'clickhouse_default' for task execution.
[2025-03-17T10:51:09.681+0000] {logging_mixin.py:188} INFO - [2025-03-17T10:51:09.681+0000] {base.py:83} INFO - Using connection ID 'clickhouse_default' for task execution.
[2025-03-17T10:51:09.689+0000] {processor.py:840} INFO - DAG(s) '4_4_house_assignment' retrieved from /opt/airflow/dags/4_4_house_assignment.py
[2025-03-17T10:51:09.751+0000] {logging_mixin.py:188} INFO - [2025-03-17T10:51:09.751+0000] {dag.py:3036} INFO - Sync 1 DAGs
[2025-03-17T10:51:09.764+0000] {logging_mixin.py:188} INFO - [2025-03-17T10:51:09.764+0000] {dag.py:3823} INFO - Setting next_dagrun for 4_4_house_assignment to 2024-01-01 00:00:00+00:00, run_after=2024-01-02 00:00:00+00:00
[2025-03-17T10:51:09.790+0000] {processor.py:183} INFO - Processing /opt/airflow/dags/4_4_house_assignment.py took 0.635 seconds
[2025-03-17T10:51:40.095+0000] {processor.py:161} INFO - Started process (PID=341) to work on /opt/airflow/dags/4_4_house_assignment.py
[2025-03-17T10:51:40.097+0000] {processor.py:830} INFO - Processing file /opt/airflow/dags/4_4_house_assignment.py for tasks to queue
[2025-03-17T10:51:40.098+0000] {logging_mixin.py:188} INFO - [2025-03-17T10:51:40.097+0000] {dagbag.py:538} INFO - Filling up the DagBag from /opt/airflow/dags/4_4_house_assignment.py
[2025-03-17T10:51:40.601+0000] {logging_mixin.py:188} INFO - [2025-03-17T10:51:40.600+0000] {base.py:83} INFO - Using connection ID 'clickhouse_default' for task execution.
[2025-03-17T10:51:40.603+0000] {logging_mixin.py:188} INFO - [2025-03-17T10:51:40.603+0000] {base.py:83} INFO - Using connection ID 'clickhouse_default' for task execution.
[2025-03-17T10:51:40.605+0000] {logging_mixin.py:188} INFO - [2025-03-17T10:51:40.605+0000] {base.py:83} INFO - Using connection ID 'clickhouse_default' for task execution.
[2025-03-17T10:51:40.606+0000] {logging_mixin.py:188} INFO - [2025-03-17T10:51:40.606+0000] {base.py:83} INFO - Using connection ID 'clickhouse_default' for task execution.
[2025-03-17T10:51:40.614+0000] {processor.py:840} INFO - DAG(s) '4_4_house_assignment' retrieved from /opt/airflow/dags/4_4_house_assignment.py
[2025-03-17T10:51:40.677+0000] {logging_mixin.py:188} INFO - [2025-03-17T10:51:40.677+0000] {dag.py:3036} INFO - Sync 1 DAGs
[2025-03-17T10:51:40.691+0000] {logging_mixin.py:188} INFO - [2025-03-17T10:51:40.691+0000] {dag.py:3823} INFO - Setting next_dagrun for 4_4_house_assignment to 2024-01-01 00:00:00+00:00, run_after=2024-01-02 00:00:00+00:00
[2025-03-17T10:51:40.712+0000] {processor.py:183} INFO - Processing /opt/airflow/dags/4_4_house_assignment.py took 0.619 seconds
[2025-03-17T10:52:11.219+0000] {processor.py:161} INFO - Started process (PID=365) to work on /opt/airflow/dags/4_4_house_assignment.py
[2025-03-17T10:52:11.220+0000] {processor.py:830} INFO - Processing file /opt/airflow/dags/4_4_house_assignment.py for tasks to queue
[2025-03-17T10:52:11.221+0000] {logging_mixin.py:188} INFO - [2025-03-17T10:52:11.220+0000] {dagbag.py:538} INFO - Filling up the DagBag from /opt/airflow/dags/4_4_house_assignment.py
[2025-03-17T10:52:11.735+0000] {logging_mixin.py:188} INFO - [2025-03-17T10:52:11.734+0000] {base.py:83} INFO - Using connection ID 'clickhouse_default' for task execution.
[2025-03-17T10:52:11.737+0000] {logging_mixin.py:188} INFO - [2025-03-17T10:52:11.737+0000] {base.py:83} INFO - Using connection ID 'clickhouse_default' for task execution.
[2025-03-17T10:52:11.738+0000] {logging_mixin.py:188} INFO - [2025-03-17T10:52:11.738+0000] {base.py:83} INFO - Using connection ID 'clickhouse_default' for task execution.
[2025-03-17T10:52:11.740+0000] {logging_mixin.py:188} INFO - [2025-03-17T10:52:11.740+0000] {base.py:83} INFO - Using connection ID 'clickhouse_default' for task execution.
[2025-03-17T10:52:11.746+0000] {processor.py:840} INFO - DAG(s) '4_4_house_assignment' retrieved from /opt/airflow/dags/4_4_house_assignment.py
[2025-03-17T10:52:11.807+0000] {logging_mixin.py:188} INFO - [2025-03-17T10:52:11.807+0000] {dag.py:3036} INFO - Sync 1 DAGs
[2025-03-17T10:52:11.821+0000] {logging_mixin.py:188} INFO - [2025-03-17T10:52:11.821+0000] {dag.py:3823} INFO - Setting next_dagrun for 4_4_house_assignment to 2024-01-01 00:00:00+00:00, run_after=2024-01-02 00:00:00+00:00
[2025-03-17T10:52:11.843+0000] {processor.py:183} INFO - Processing /opt/airflow/dags/4_4_house_assignment.py took 0.627 seconds
[2025-03-17T10:52:41.978+0000] {processor.py:161} INFO - Started process (PID=389) to work on /opt/airflow/dags/4_4_house_assignment.py
[2025-03-17T10:52:41.979+0000] {processor.py:830} INFO - Processing file /opt/airflow/dags/4_4_house_assignment.py for tasks to queue
[2025-03-17T10:52:41.980+0000] {logging_mixin.py:188} INFO - [2025-03-17T10:52:41.979+0000] {dagbag.py:538} INFO - Filling up the DagBag from /opt/airflow/dags/4_4_house_assignment.py
[2025-03-17T10:52:42.516+0000] {logging_mixin.py:188} INFO - [2025-03-17T10:52:42.515+0000] {base.py:83} INFO - Using connection ID 'clickhouse_default' for task execution.
[2025-03-17T10:52:42.518+0000] {logging_mixin.py:188} INFO - [2025-03-17T10:52:42.518+0000] {base.py:83} INFO - Using connection ID 'clickhouse_default' for task execution.
[2025-03-17T10:52:42.520+0000] {logging_mixin.py:188} INFO - [2025-03-17T10:52:42.519+0000] {base.py:83} INFO - Using connection ID 'clickhouse_default' for task execution.
[2025-03-17T10:52:42.521+0000] {logging_mixin.py:188} INFO - [2025-03-17T10:52:42.521+0000] {base.py:83} INFO - Using connection ID 'clickhouse_default' for task execution.
[2025-03-17T10:52:42.529+0000] {processor.py:840} INFO - DAG(s) '4_4_house_assignment' retrieved from /opt/airflow/dags/4_4_house_assignment.py
[2025-03-17T10:52:42.603+0000] {logging_mixin.py:188} INFO - [2025-03-17T10:52:42.603+0000] {dag.py:3036} INFO - Sync 1 DAGs
[2025-03-17T10:52:42.619+0000] {logging_mixin.py:188} INFO - [2025-03-17T10:52:42.618+0000] {dag.py:3823} INFO - Setting next_dagrun for 4_4_house_assignment to 2024-01-01 00:00:00+00:00, run_after=2024-01-02 00:00:00+00:00
[2025-03-17T10:52:42.642+0000] {processor.py:183} INFO - Processing /opt/airflow/dags/4_4_house_assignment.py took 0.667 seconds
[2025-03-17T10:53:13.316+0000] {processor.py:161} INFO - Started process (PID=413) to work on /opt/airflow/dags/4_4_house_assignment.py
[2025-03-17T10:53:13.317+0000] {processor.py:830} INFO - Processing file /opt/airflow/dags/4_4_house_assignment.py for tasks to queue
[2025-03-17T10:53:13.318+0000] {logging_mixin.py:188} INFO - [2025-03-17T10:53:13.318+0000] {dagbag.py:538} INFO - Filling up the DagBag from /opt/airflow/dags/4_4_house_assignment.py
[2025-03-17T10:53:13.931+0000] {logging_mixin.py:188} INFO - [2025-03-17T10:53:13.930+0000] {base.py:83} INFO - Using connection ID 'clickhouse_default' for task execution.
[2025-03-17T10:53:13.934+0000] {logging_mixin.py:188} INFO - [2025-03-17T10:53:13.934+0000] {base.py:83} INFO - Using connection ID 'clickhouse_default' for task execution.
[2025-03-17T10:53:13.936+0000] {logging_mixin.py:188} INFO - [2025-03-17T10:53:13.936+0000] {base.py:83} INFO - Using connection ID 'clickhouse_default' for task execution.
[2025-03-17T10:53:13.938+0000] {logging_mixin.py:188} INFO - [2025-03-17T10:53:13.938+0000] {base.py:83} INFO - Using connection ID 'clickhouse_default' for task execution.
[2025-03-17T10:53:13.946+0000] {processor.py:840} INFO - DAG(s) '4_4_house_assignment' retrieved from /opt/airflow/dags/4_4_house_assignment.py
[2025-03-17T10:53:14.019+0000] {logging_mixin.py:188} INFO - [2025-03-17T10:53:14.019+0000] {dag.py:3036} INFO - Sync 1 DAGs
[2025-03-17T10:53:14.036+0000] {logging_mixin.py:188} INFO - [2025-03-17T10:53:14.036+0000] {dag.py:3823} INFO - Setting next_dagrun for 4_4_house_assignment to 2024-01-01 00:00:00+00:00, run_after=2024-01-02 00:00:00+00:00
[2025-03-17T10:53:14.062+0000] {processor.py:183} INFO - Processing /opt/airflow/dags/4_4_house_assignment.py took 0.748 seconds
[2025-03-17T10:53:46.488+0000] {processor.py:161} INFO - Started process (PID=439) to work on /opt/airflow/dags/4_4_house_assignment.py
[2025-03-17T10:53:46.489+0000] {processor.py:830} INFO - Processing file /opt/airflow/dags/4_4_house_assignment.py for tasks to queue
[2025-03-17T10:53:46.490+0000] {logging_mixin.py:188} INFO - [2025-03-17T10:53:46.489+0000] {dagbag.py:538} INFO - Filling up the DagBag from /opt/airflow/dags/4_4_house_assignment.py
[2025-03-17T10:53:47.178+0000] {logging_mixin.py:188} INFO - [2025-03-17T10:53:47.177+0000] {base.py:83} INFO - Using connection ID 'clickhouse_default' for task execution.
[2025-03-17T10:53:47.182+0000] {logging_mixin.py:188} INFO - [2025-03-17T10:53:47.182+0000] {base.py:83} INFO - Using connection ID 'clickhouse_default' for task execution.
[2025-03-17T10:53:47.186+0000] {logging_mixin.py:188} INFO - [2025-03-17T10:53:47.185+0000] {base.py:83} INFO - Using connection ID 'clickhouse_default' for task execution.
[2025-03-17T10:53:47.192+0000] {logging_mixin.py:188} INFO - [2025-03-17T10:53:47.191+0000] {base.py:83} INFO - Using connection ID 'clickhouse_default' for task execution.
[2025-03-17T10:53:47.206+0000] {processor.py:840} INFO - DAG(s) '4_4_house_assignment' retrieved from /opt/airflow/dags/4_4_house_assignment.py
[2025-03-17T10:53:47.316+0000] {logging_mixin.py:188} INFO - [2025-03-17T10:53:47.315+0000] {dag.py:3036} INFO - Sync 1 DAGs
[2025-03-17T10:53:47.343+0000] {logging_mixin.py:188} INFO - [2025-03-17T10:53:47.342+0000] {dag.py:3823} INFO - Setting next_dagrun for 4_4_house_assignment to 2024-01-01 00:00:00+00:00, run_after=2024-01-02 00:00:00+00:00
[2025-03-17T10:53:47.376+0000] {processor.py:183} INFO - Processing /opt/airflow/dags/4_4_house_assignment.py took 0.890 seconds
[2025-03-17T10:54:17.742+0000] {processor.py:161} INFO - Started process (PID=464) to work on /opt/airflow/dags/4_4_house_assignment.py
[2025-03-17T10:54:17.743+0000] {processor.py:830} INFO - Processing file /opt/airflow/dags/4_4_house_assignment.py for tasks to queue
[2025-03-17T10:54:17.744+0000] {logging_mixin.py:188} INFO - [2025-03-17T10:54:17.744+0000] {dagbag.py:538} INFO - Filling up the DagBag from /opt/airflow/dags/4_4_house_assignment.py
[2025-03-17T10:54:18.401+0000] {logging_mixin.py:188} INFO - [2025-03-17T10:54:18.400+0000] {base.py:83} INFO - Using connection ID 'clickhouse_default' for task execution.
[2025-03-17T10:54:18.404+0000] {logging_mixin.py:188} INFO - [2025-03-17T10:54:18.404+0000] {base.py:83} INFO - Using connection ID 'clickhouse_default' for task execution.
[2025-03-17T10:54:18.407+0000] {logging_mixin.py:188} INFO - [2025-03-17T10:54:18.407+0000] {base.py:83} INFO - Using connection ID 'clickhouse_default' for task execution.
[2025-03-17T10:54:18.409+0000] {logging_mixin.py:188} INFO - [2025-03-17T10:54:18.409+0000] {base.py:83} INFO - Using connection ID 'clickhouse_default' for task execution.
[2025-03-17T10:54:18.418+0000] {processor.py:840} INFO - DAG(s) '4_4_house_assignment' retrieved from /opt/airflow/dags/4_4_house_assignment.py
[2025-03-17T10:54:18.498+0000] {logging_mixin.py:188} INFO - [2025-03-17T10:54:18.497+0000] {dag.py:3036} INFO - Sync 1 DAGs
[2025-03-17T10:54:18.519+0000] {logging_mixin.py:188} INFO - [2025-03-17T10:54:18.518+0000] {dag.py:3823} INFO - Setting next_dagrun for 4_4_house_assignment to 2024-01-01 00:00:00+00:00, run_after=2024-01-02 00:00:00+00:00
[2025-03-17T10:54:18.549+0000] {processor.py:183} INFO - Processing /opt/airflow/dags/4_4_house_assignment.py took 0.812 seconds
[2025-03-17T10:54:49.439+0000] {processor.py:161} INFO - Started process (PID=489) to work on /opt/airflow/dags/4_4_house_assignment.py
[2025-03-17T10:54:49.440+0000] {processor.py:830} INFO - Processing file /opt/airflow/dags/4_4_house_assignment.py for tasks to queue
[2025-03-17T10:54:49.441+0000] {logging_mixin.py:188} INFO - [2025-03-17T10:54:49.441+0000] {dagbag.py:538} INFO - Filling up the DagBag from /opt/airflow/dags/4_4_house_assignment.py
[2025-03-17T10:54:49.980+0000] {logging_mixin.py:188} INFO - [2025-03-17T10:54:49.980+0000] {base.py:83} INFO - Using connection ID 'clickhouse_default' for task execution.
[2025-03-17T10:54:49.982+0000] {logging_mixin.py:188} INFO - [2025-03-17T10:54:49.982+0000] {base.py:83} INFO - Using connection ID 'clickhouse_default' for task execution.
[2025-03-17T10:54:49.983+0000] {logging_mixin.py:188} INFO - [2025-03-17T10:54:49.983+0000] {base.py:83} INFO - Using connection ID 'clickhouse_default' for task execution.
[2025-03-17T10:54:49.985+0000] {logging_mixin.py:188} INFO - [2025-03-17T10:54:49.985+0000] {base.py:83} INFO - Using connection ID 'clickhouse_default' for task execution.
[2025-03-17T10:54:49.991+0000] {processor.py:840} INFO - DAG(s) '4_4_house_assignment' retrieved from /opt/airflow/dags/4_4_house_assignment.py
[2025-03-17T10:54:50.051+0000] {logging_mixin.py:188} INFO - [2025-03-17T10:54:50.050+0000] {dag.py:3036} INFO - Sync 1 DAGs
[2025-03-17T10:54:50.062+0000] {logging_mixin.py:188} INFO - [2025-03-17T10:54:50.062+0000] {dag.py:3823} INFO - Setting next_dagrun for 4_4_house_assignment to 2024-01-01 00:00:00+00:00, run_after=2024-01-02 00:00:00+00:00
[2025-03-17T10:54:50.080+0000] {processor.py:183} INFO - Processing /opt/airflow/dags/4_4_house_assignment.py took 0.644 seconds
[2025-03-17T10:55:20.255+0000] {processor.py:161} INFO - Started process (PID=514) to work on /opt/airflow/dags/4_4_house_assignment.py
[2025-03-17T10:55:20.256+0000] {processor.py:830} INFO - Processing file /opt/airflow/dags/4_4_house_assignment.py for tasks to queue
[2025-03-17T10:55:20.257+0000] {logging_mixin.py:188} INFO - [2025-03-17T10:55:20.257+0000] {dagbag.py:538} INFO - Filling up the DagBag from /opt/airflow/dags/4_4_house_assignment.py
[2025-03-17T10:55:20.718+0000] {logging_mixin.py:188} INFO - [2025-03-17T10:55:20.717+0000] {base.py:83} INFO - Using connection ID 'clickhouse_default' for task execution.
[2025-03-17T10:55:20.720+0000] {logging_mixin.py:188} INFO - [2025-03-17T10:55:20.719+0000] {base.py:83} INFO - Using connection ID 'clickhouse_default' for task execution.
[2025-03-17T10:55:20.721+0000] {logging_mixin.py:188} INFO - [2025-03-17T10:55:20.721+0000] {base.py:83} INFO - Using connection ID 'clickhouse_default' for task execution.
[2025-03-17T10:55:20.723+0000] {logging_mixin.py:188} INFO - [2025-03-17T10:55:20.722+0000] {base.py:83} INFO - Using connection ID 'clickhouse_default' for task execution.
[2025-03-17T10:55:20.729+0000] {processor.py:840} INFO - DAG(s) '4_4_house_assignment' retrieved from /opt/airflow/dags/4_4_house_assignment.py
[2025-03-17T10:55:20.790+0000] {logging_mixin.py:188} INFO - [2025-03-17T10:55:20.789+0000] {dag.py:3036} INFO - Sync 1 DAGs
[2025-03-17T10:55:20.801+0000] {logging_mixin.py:188} INFO - [2025-03-17T10:55:20.801+0000] {dag.py:3823} INFO - Setting next_dagrun for 4_4_house_assignment to 2024-01-01 00:00:00+00:00, run_after=2024-01-02 00:00:00+00:00
[2025-03-17T10:55:20.819+0000] {processor.py:183} INFO - Processing /opt/airflow/dags/4_4_house_assignment.py took 0.566 seconds
[2025-03-17T10:55:51.220+0000] {processor.py:161} INFO - Started process (PID=539) to work on /opt/airflow/dags/4_4_house_assignment.py
[2025-03-17T10:55:51.221+0000] {processor.py:830} INFO - Processing file /opt/airflow/dags/4_4_house_assignment.py for tasks to queue
[2025-03-17T10:55:51.222+0000] {logging_mixin.py:188} INFO - [2025-03-17T10:55:51.222+0000] {dagbag.py:538} INFO - Filling up the DagBag from /opt/airflow/dags/4_4_house_assignment.py
[2025-03-17T10:55:51.705+0000] {logging_mixin.py:188} INFO - [2025-03-17T10:55:51.705+0000] {base.py:83} INFO - Using connection ID 'clickhouse_default' for task execution.
[2025-03-17T10:55:51.707+0000] {logging_mixin.py:188} INFO - [2025-03-17T10:55:51.707+0000] {base.py:83} INFO - Using connection ID 'clickhouse_default' for task execution.
[2025-03-17T10:55:51.708+0000] {logging_mixin.py:188} INFO - [2025-03-17T10:55:51.708+0000] {base.py:83} INFO - Using connection ID 'clickhouse_default' for task execution.
[2025-03-17T10:55:51.710+0000] {logging_mixin.py:188} INFO - [2025-03-17T10:55:51.710+0000] {base.py:83} INFO - Using connection ID 'clickhouse_default' for task execution.
[2025-03-17T10:55:51.716+0000] {processor.py:840} INFO - DAG(s) '4_4_house_assignment' retrieved from /opt/airflow/dags/4_4_house_assignment.py
[2025-03-17T10:55:51.776+0000] {logging_mixin.py:188} INFO - [2025-03-17T10:55:51.775+0000] {dag.py:3036} INFO - Sync 1 DAGs
[2025-03-17T10:55:51.789+0000] {logging_mixin.py:188} INFO - [2025-03-17T10:55:51.788+0000] {dag.py:3823} INFO - Setting next_dagrun for 4_4_house_assignment to 2024-01-01 00:00:00+00:00, run_after=2024-01-02 00:00:00+00:00
[2025-03-17T10:55:51.806+0000] {processor.py:183} INFO - Processing /opt/airflow/dags/4_4_house_assignment.py took 0.589 seconds
[2025-03-17T10:56:22.334+0000] {processor.py:161} INFO - Started process (PID=564) to work on /opt/airflow/dags/4_4_house_assignment.py
[2025-03-17T10:56:22.335+0000] {processor.py:830} INFO - Processing file /opt/airflow/dags/4_4_house_assignment.py for tasks to queue
[2025-03-17T10:56:22.335+0000] {logging_mixin.py:188} INFO - [2025-03-17T10:56:22.335+0000] {dagbag.py:538} INFO - Filling up the DagBag from /opt/airflow/dags/4_4_house_assignment.py
[2025-03-17T10:56:22.833+0000] {logging_mixin.py:188} INFO - [2025-03-17T10:56:22.832+0000] {base.py:83} INFO - Using connection ID 'clickhouse_default' for task execution.
[2025-03-17T10:56:22.835+0000] {logging_mixin.py:188} INFO - [2025-03-17T10:56:22.835+0000] {base.py:83} INFO - Using connection ID 'clickhouse_default' for task execution.
[2025-03-17T10:56:22.837+0000] {logging_mixin.py:188} INFO - [2025-03-17T10:56:22.837+0000] {base.py:83} INFO - Using connection ID 'clickhouse_default' for task execution.
[2025-03-17T10:56:22.839+0000] {logging_mixin.py:188} INFO - [2025-03-17T10:56:22.839+0000] {base.py:83} INFO - Using connection ID 'clickhouse_default' for task execution.
[2025-03-17T10:56:22.847+0000] {processor.py:840} INFO - DAG(s) '4_4_house_assignment' retrieved from /opt/airflow/dags/4_4_house_assignment.py
[2025-03-17T10:56:22.915+0000] {logging_mixin.py:188} INFO - [2025-03-17T10:56:22.915+0000] {dag.py:3036} INFO - Sync 1 DAGs
[2025-03-17T10:56:22.930+0000] {logging_mixin.py:188} INFO - [2025-03-17T10:56:22.929+0000] {dag.py:3823} INFO - Setting next_dagrun for 4_4_house_assignment to 2024-01-01 00:00:00+00:00, run_after=2024-01-02 00:00:00+00:00
[2025-03-17T10:56:22.956+0000] {processor.py:183} INFO - Processing /opt/airflow/dags/4_4_house_assignment.py took 0.625 seconds
[2025-03-17T10:56:53.296+0000] {processor.py:161} INFO - Started process (PID=589) to work on /opt/airflow/dags/4_4_house_assignment.py
[2025-03-17T10:56:53.297+0000] {processor.py:830} INFO - Processing file /opt/airflow/dags/4_4_house_assignment.py for tasks to queue
[2025-03-17T10:56:53.298+0000] {logging_mixin.py:188} INFO - [2025-03-17T10:56:53.297+0000] {dagbag.py:538} INFO - Filling up the DagBag from /opt/airflow/dags/4_4_house_assignment.py
[2025-03-17T10:56:54.021+0000] {logging_mixin.py:188} INFO - [2025-03-17T10:56:54.021+0000] {base.py:83} INFO - Using connection ID 'clickhouse_default' for task execution.
[2025-03-17T10:56:54.023+0000] {logging_mixin.py:188} INFO - [2025-03-17T10:56:54.023+0000] {base.py:83} INFO - Using connection ID 'clickhouse_default' for task execution.
[2025-03-17T10:56:54.025+0000] {logging_mixin.py:188} INFO - [2025-03-17T10:56:54.025+0000] {base.py:83} INFO - Using connection ID 'clickhouse_default' for task execution.
[2025-03-17T10:56:54.026+0000] {logging_mixin.py:188} INFO - [2025-03-17T10:56:54.026+0000] {base.py:83} INFO - Using connection ID 'clickhouse_default' for task execution.
[2025-03-17T10:56:54.034+0000] {processor.py:840} INFO - DAG(s) '4_4_house_assignment' retrieved from /opt/airflow/dags/4_4_house_assignment.py
[2025-03-17T10:56:54.102+0000] {logging_mixin.py:188} INFO - [2025-03-17T10:56:54.101+0000] {dag.py:3036} INFO - Sync 1 DAGs
[2025-03-17T10:56:54.116+0000] {logging_mixin.py:188} INFO - [2025-03-17T10:56:54.115+0000] {dag.py:3823} INFO - Setting next_dagrun for 4_4_house_assignment to 2024-01-01 00:00:00+00:00, run_after=2024-01-02 00:00:00+00:00
[2025-03-17T10:56:54.142+0000] {processor.py:183} INFO - Processing /opt/airflow/dags/4_4_house_assignment.py took 0.849 seconds
[2025-03-17T10:57:24.377+0000] {processor.py:161} INFO - Started process (PID=614) to work on /opt/airflow/dags/4_4_house_assignment.py
[2025-03-17T10:57:24.378+0000] {processor.py:830} INFO - Processing file /opt/airflow/dags/4_4_house_assignment.py for tasks to queue
[2025-03-17T10:57:24.379+0000] {logging_mixin.py:188} INFO - [2025-03-17T10:57:24.379+0000] {dagbag.py:538} INFO - Filling up the DagBag from /opt/airflow/dags/4_4_house_assignment.py
[2025-03-17T10:57:24.891+0000] {logging_mixin.py:188} INFO - [2025-03-17T10:57:24.891+0000] {base.py:83} INFO - Using connection ID 'clickhouse_default' for task execution.
[2025-03-17T10:57:24.893+0000] {logging_mixin.py:188} INFO - [2025-03-17T10:57:24.893+0000] {base.py:83} INFO - Using connection ID 'clickhouse_default' for task execution.
[2025-03-17T10:57:24.895+0000] {logging_mixin.py:188} INFO - [2025-03-17T10:57:24.895+0000] {base.py:83} INFO - Using connection ID 'clickhouse_default' for task execution.
[2025-03-17T10:57:24.897+0000] {logging_mixin.py:188} INFO - [2025-03-17T10:57:24.897+0000] {base.py:83} INFO - Using connection ID 'clickhouse_default' for task execution.
[2025-03-17T10:57:24.904+0000] {processor.py:840} INFO - DAG(s) '4_4_house_assignment' retrieved from /opt/airflow/dags/4_4_house_assignment.py
[2025-03-17T10:57:24.966+0000] {logging_mixin.py:188} INFO - [2025-03-17T10:57:24.965+0000] {dag.py:3036} INFO - Sync 1 DAGs
[2025-03-17T10:57:24.979+0000] {logging_mixin.py:188} INFO - [2025-03-17T10:57:24.979+0000] {dag.py:3823} INFO - Setting next_dagrun for 4_4_house_assignment to 2024-01-01 00:00:00+00:00, run_after=2024-01-02 00:00:00+00:00
[2025-03-17T10:57:24.999+0000] {processor.py:183} INFO - Processing /opt/airflow/dags/4_4_house_assignment.py took 0.625 seconds
[2025-03-17T10:57:55.773+0000] {processor.py:161} INFO - Started process (PID=639) to work on /opt/airflow/dags/4_4_house_assignment.py
[2025-03-17T10:57:55.774+0000] {processor.py:830} INFO - Processing file /opt/airflow/dags/4_4_house_assignment.py for tasks to queue
[2025-03-17T10:57:55.775+0000] {logging_mixin.py:188} INFO - [2025-03-17T10:57:55.775+0000] {dagbag.py:538} INFO - Filling up the DagBag from /opt/airflow/dags/4_4_house_assignment.py
[2025-03-17T10:57:56.275+0000] {logging_mixin.py:188} INFO - [2025-03-17T10:57:56.274+0000] {base.py:83} INFO - Using connection ID 'clickhouse_default' for task execution.
[2025-03-17T10:57:56.278+0000] {logging_mixin.py:188} INFO - [2025-03-17T10:57:56.278+0000] {base.py:83} INFO - Using connection ID 'clickhouse_default' for task execution.
[2025-03-17T10:57:56.280+0000] {logging_mixin.py:188} INFO - [2025-03-17T10:57:56.280+0000] {base.py:83} INFO - Using connection ID 'clickhouse_default' for task execution.
[2025-03-17T10:57:56.282+0000] {logging_mixin.py:188} INFO - [2025-03-17T10:57:56.282+0000] {base.py:83} INFO - Using connection ID 'clickhouse_default' for task execution.
[2025-03-17T10:57:56.291+0000] {processor.py:840} INFO - DAG(s) '4_4_house_assignment' retrieved from /opt/airflow/dags/4_4_house_assignment.py
[2025-03-17T10:57:56.367+0000] {logging_mixin.py:188} INFO - [2025-03-17T10:57:56.367+0000] {dag.py:3036} INFO - Sync 1 DAGs
[2025-03-17T10:57:56.381+0000] {logging_mixin.py:188} INFO - [2025-03-17T10:57:56.381+0000] {dag.py:3823} INFO - Setting next_dagrun for 4_4_house_assignment to 2024-01-01 00:00:00+00:00, run_after=2024-01-02 00:00:00+00:00
[2025-03-17T10:57:56.402+0000] {processor.py:183} INFO - Processing /opt/airflow/dags/4_4_house_assignment.py took 0.632 seconds
[2025-03-17T10:58:27.539+0000] {processor.py:161} INFO - Started process (PID=664) to work on /opt/airflow/dags/4_4_house_assignment.py
[2025-03-17T10:58:27.540+0000] {processor.py:830} INFO - Processing file /opt/airflow/dags/4_4_house_assignment.py for tasks to queue
[2025-03-17T10:58:27.541+0000] {logging_mixin.py:188} INFO - [2025-03-17T10:58:27.540+0000] {dagbag.py:538} INFO - Filling up the DagBag from /opt/airflow/dags/4_4_house_assignment.py
[2025-03-17T10:58:28.132+0000] {logging_mixin.py:188} INFO - [2025-03-17T10:58:28.131+0000] {base.py:83} INFO - Using connection ID 'clickhouse_default' for task execution.
[2025-03-17T10:58:28.135+0000] {logging_mixin.py:188} INFO - [2025-03-17T10:58:28.135+0000] {base.py:83} INFO - Using connection ID 'clickhouse_default' for task execution.
[2025-03-17T10:58:28.137+0000] {logging_mixin.py:188} INFO - [2025-03-17T10:58:28.137+0000] {base.py:83} INFO - Using connection ID 'clickhouse_default' for task execution.
[2025-03-17T10:58:28.139+0000] {logging_mixin.py:188} INFO - [2025-03-17T10:58:28.139+0000] {base.py:83} INFO - Using connection ID 'clickhouse_default' for task execution.
[2025-03-17T10:58:28.147+0000] {processor.py:840} INFO - DAG(s) '4_4_house_assignment' retrieved from /opt/airflow/dags/4_4_house_assignment.py
[2025-03-17T10:58:28.227+0000] {logging_mixin.py:188} INFO - [2025-03-17T10:58:28.227+0000] {dag.py:3036} INFO - Sync 1 DAGs
[2025-03-17T10:58:28.245+0000] {logging_mixin.py:188} INFO - [2025-03-17T10:58:28.245+0000] {dag.py:3823} INFO - Setting next_dagrun for 4_4_house_assignment to 2024-01-01 00:00:00+00:00, run_after=2024-01-02 00:00:00+00:00
[2025-03-17T10:58:28.276+0000] {processor.py:183} INFO - Processing /opt/airflow/dags/4_4_house_assignment.py took 0.739 seconds
[2025-03-17T10:58:59.006+0000] {processor.py:161} INFO - Started process (PID=689) to work on /opt/airflow/dags/4_4_house_assignment.py
[2025-03-17T10:58:59.007+0000] {processor.py:830} INFO - Processing file /opt/airflow/dags/4_4_house_assignment.py for tasks to queue
[2025-03-17T10:58:59.008+0000] {logging_mixin.py:188} INFO - [2025-03-17T10:58:59.008+0000] {dagbag.py:538} INFO - Filling up the DagBag from /opt/airflow/dags/4_4_house_assignment.py
[2025-03-17T10:58:59.579+0000] {logging_mixin.py:188} INFO - [2025-03-17T10:58:59.578+0000] {base.py:83} INFO - Using connection ID 'clickhouse_default' for task execution.
[2025-03-17T10:58:59.582+0000] {logging_mixin.py:188} INFO - [2025-03-17T10:58:59.582+0000] {base.py:83} INFO - Using connection ID 'clickhouse_default' for task execution.
[2025-03-17T10:58:59.584+0000] {logging_mixin.py:188} INFO - [2025-03-17T10:58:59.584+0000] {base.py:83} INFO - Using connection ID 'clickhouse_default' for task execution.
[2025-03-17T10:58:59.587+0000] {logging_mixin.py:188} INFO - [2025-03-17T10:58:59.586+0000] {base.py:83} INFO - Using connection ID 'clickhouse_default' for task execution.
[2025-03-17T10:58:59.594+0000] {processor.py:840} INFO - DAG(s) '4_4_house_assignment' retrieved from /opt/airflow/dags/4_4_house_assignment.py
[2025-03-17T10:58:59.669+0000] {logging_mixin.py:188} INFO - [2025-03-17T10:58:59.669+0000] {dag.py:3036} INFO - Sync 1 DAGs
[2025-03-17T10:58:59.684+0000] {logging_mixin.py:188} INFO - [2025-03-17T10:58:59.683+0000] {dag.py:3823} INFO - Setting next_dagrun for 4_4_house_assignment to 2024-01-01 00:00:00+00:00, run_after=2024-01-02 00:00:00+00:00
[2025-03-17T10:58:59.706+0000] {processor.py:183} INFO - Processing /opt/airflow/dags/4_4_house_assignment.py took 0.703 seconds
[2025-03-17T10:59:30.516+0000] {processor.py:161} INFO - Started process (PID=714) to work on /opt/airflow/dags/4_4_house_assignment.py
[2025-03-17T10:59:30.517+0000] {processor.py:830} INFO - Processing file /opt/airflow/dags/4_4_house_assignment.py for tasks to queue
[2025-03-17T10:59:30.518+0000] {logging_mixin.py:188} INFO - [2025-03-17T10:59:30.518+0000] {dagbag.py:538} INFO - Filling up the DagBag from /opt/airflow/dags/4_4_house_assignment.py
[2025-03-17T10:59:31.402+0000] {logging_mixin.py:188} INFO - [2025-03-17T10:59:31.401+0000] {base.py:83} INFO - Using connection ID 'clickhouse_default' for task execution.
[2025-03-17T10:59:31.407+0000] {logging_mixin.py:188} INFO - [2025-03-17T10:59:31.406+0000] {base.py:83} INFO - Using connection ID 'clickhouse_default' for task execution.
[2025-03-17T10:59:31.412+0000] {logging_mixin.py:188} INFO - [2025-03-17T10:59:31.412+0000] {base.py:83} INFO - Using connection ID 'clickhouse_default' for task execution.
[2025-03-17T10:59:31.417+0000] {logging_mixin.py:188} INFO - [2025-03-17T10:59:31.417+0000] {base.py:83} INFO - Using connection ID 'clickhouse_default' for task execution.
[2025-03-17T10:59:31.432+0000] {processor.py:840} INFO - DAG(s) '4_4_house_assignment' retrieved from /opt/airflow/dags/4_4_house_assignment.py
[2025-03-17T10:59:31.449+0000] {logging_mixin.py:188} INFO - [2025-03-17T10:59:31.448+0000] {dag.py:3036} INFO - Sync 1 DAGs
[2025-03-17T10:59:31.478+0000] {logging_mixin.py:188} INFO - [2025-03-17T10:59:31.477+0000] {dag.py:3823} INFO - Setting next_dagrun for 4_4_house_assignment to 2024-01-01 00:00:00+00:00, run_after=2024-01-02 00:00:00+00:00
[2025-03-17T10:59:31.520+0000] {processor.py:183} INFO - Processing /opt/airflow/dags/4_4_house_assignment.py took 1.007 seconds
[2025-03-17T11:00:02.385+0000] {processor.py:161} INFO - Started process (PID=739) to work on /opt/airflow/dags/4_4_house_assignment.py
[2025-03-17T11:00:02.387+0000] {processor.py:830} INFO - Processing file /opt/airflow/dags/4_4_house_assignment.py for tasks to queue
[2025-03-17T11:00:02.389+0000] {logging_mixin.py:188} INFO - [2025-03-17T11:00:02.388+0000] {dagbag.py:538} INFO - Filling up the DagBag from /opt/airflow/dags/4_4_house_assignment.py
[2025-03-17T11:00:03.010+0000] {logging_mixin.py:188} INFO - [2025-03-17T11:00:03.009+0000] {base.py:83} INFO - Using connection ID 'clickhouse_default' for task execution.
[2025-03-17T11:00:03.013+0000] {logging_mixin.py:188} INFO - [2025-03-17T11:00:03.013+0000] {base.py:83} INFO - Using connection ID 'clickhouse_default' for task execution.
[2025-03-17T11:00:03.016+0000] {logging_mixin.py:188} INFO - [2025-03-17T11:00:03.016+0000] {base.py:83} INFO - Using connection ID 'clickhouse_default' for task execution.
[2025-03-17T11:00:03.020+0000] {logging_mixin.py:188} INFO - [2025-03-17T11:00:03.019+0000] {base.py:83} INFO - Using connection ID 'clickhouse_default' for task execution.
[2025-03-17T11:00:03.035+0000] {processor.py:840} INFO - DAG(s) '4_4_house_assignment' retrieved from /opt/airflow/dags/4_4_house_assignment.py
[2025-03-17T11:00:03.054+0000] {logging_mixin.py:188} INFO - [2025-03-17T11:00:03.053+0000] {dag.py:3036} INFO - Sync 1 DAGs
[2025-03-17T11:00:03.073+0000] {logging_mixin.py:188} INFO - [2025-03-17T11:00:03.073+0000] {dag.py:3823} INFO - Setting next_dagrun for 4_4_house_assignment to 2024-01-01 00:00:00+00:00, run_after=2024-01-02 00:00:00+00:00
[2025-03-17T11:00:03.103+0000] {processor.py:183} INFO - Processing /opt/airflow/dags/4_4_house_assignment.py took 0.722 seconds
[2025-03-17T11:00:35.948+0000] {processor.py:161} INFO - Started process (PID=768) to work on /opt/airflow/dags/4_4_house_assignment.py
[2025-03-17T11:00:35.949+0000] {processor.py:830} INFO - Processing file /opt/airflow/dags/4_4_house_assignment.py for tasks to queue
[2025-03-17T11:00:35.949+0000] {logging_mixin.py:188} INFO - [2025-03-17T11:00:35.949+0000] {dagbag.py:538} INFO - Filling up the DagBag from /opt/airflow/dags/4_4_house_assignment.py
[2025-03-17T11:00:36.436+0000] {logging_mixin.py:188} INFO - [2025-03-17T11:00:36.435+0000] {base.py:83} INFO - Using connection ID 'clickhouse_default' for task execution.
[2025-03-17T11:00:36.438+0000] {logging_mixin.py:188} INFO - [2025-03-17T11:00:36.438+0000] {base.py:83} INFO - Using connection ID 'clickhouse_default' for task execution.
[2025-03-17T11:00:36.441+0000] {logging_mixin.py:188} INFO - [2025-03-17T11:00:36.441+0000] {base.py:83} INFO - Using connection ID 'clickhouse_default' for task execution.
[2025-03-17T11:00:36.444+0000] {logging_mixin.py:188} INFO - [2025-03-17T11:00:36.444+0000] {base.py:83} INFO - Using connection ID 'clickhouse_default' for task execution.
[2025-03-17T11:00:36.459+0000] {processor.py:840} INFO - DAG(s) '4_4_house_assignment' retrieved from /opt/airflow/dags/4_4_house_assignment.py
[2025-03-17T11:00:36.613+0000] {logging_mixin.py:188} INFO - [2025-03-17T11:00:36.613+0000] {dag.py:3036} INFO - Sync 1 DAGs
[2025-03-17T11:00:36.632+0000] {logging_mixin.py:188} INFO - [2025-03-17T11:00:36.632+0000] {dag.py:3823} INFO - Setting next_dagrun for 4_4_house_assignment to 2024-01-01 00:00:00+00:00, run_after=2024-01-02 00:00:00+00:00
[2025-03-17T11:00:36.673+0000] {processor.py:183} INFO - Processing /opt/airflow/dags/4_4_house_assignment.py took 0.728 seconds
[2025-03-17T11:01:07.614+0000] {processor.py:161} INFO - Started process (PID=793) to work on /opt/airflow/dags/4_4_house_assignment.py
[2025-03-17T11:01:07.615+0000] {processor.py:830} INFO - Processing file /opt/airflow/dags/4_4_house_assignment.py for tasks to queue
[2025-03-17T11:01:07.616+0000] {logging_mixin.py:188} INFO - [2025-03-17T11:01:07.615+0000] {dagbag.py:538} INFO - Filling up the DagBag from /opt/airflow/dags/4_4_house_assignment.py
[2025-03-17T11:01:08.220+0000] {logging_mixin.py:188} INFO - [2025-03-17T11:01:08.219+0000] {base.py:83} INFO - Using connection ID 'clickhouse_default' for task execution.
[2025-03-17T11:01:08.222+0000] {logging_mixin.py:188} INFO - [2025-03-17T11:01:08.222+0000] {base.py:83} INFO - Using connection ID 'clickhouse_default' for task execution.
[2025-03-17T11:01:08.224+0000] {logging_mixin.py:188} INFO - [2025-03-17T11:01:08.224+0000] {base.py:83} INFO - Using connection ID 'clickhouse_default' for task execution.
[2025-03-17T11:01:08.226+0000] {logging_mixin.py:188} INFO - [2025-03-17T11:01:08.226+0000] {base.py:83} INFO - Using connection ID 'clickhouse_default' for task execution.
[2025-03-17T11:01:08.236+0000] {processor.py:840} INFO - DAG(s) '4_4_house_assignment' retrieved from /opt/airflow/dags/4_4_house_assignment.py
[2025-03-17T11:01:08.310+0000] {logging_mixin.py:188} INFO - [2025-03-17T11:01:08.309+0000] {dag.py:3036} INFO - Sync 1 DAGs
[2025-03-17T11:01:08.325+0000] {logging_mixin.py:188} INFO - [2025-03-17T11:01:08.325+0000] {dag.py:3823} INFO - Setting next_dagrun for 4_4_house_assignment to 2024-01-01 00:00:00+00:00, run_after=2024-01-02 00:00:00+00:00
[2025-03-17T11:01:08.350+0000] {processor.py:183} INFO - Processing /opt/airflow/dags/4_4_house_assignment.py took 0.739 seconds
[2025-03-17T11:01:38.596+0000] {processor.py:161} INFO - Started process (PID=820) to work on /opt/airflow/dags/4_4_house_assignment.py
[2025-03-17T11:01:38.597+0000] {processor.py:830} INFO - Processing file /opt/airflow/dags/4_4_house_assignment.py for tasks to queue
[2025-03-17T11:01:38.598+0000] {logging_mixin.py:188} INFO - [2025-03-17T11:01:38.597+0000] {dagbag.py:538} INFO - Filling up the DagBag from /opt/airflow/dags/4_4_house_assignment.py
[2025-03-17T11:01:39.185+0000] {logging_mixin.py:188} INFO - [2025-03-17T11:01:39.184+0000] {base.py:83} INFO - Using connection ID 'clickhouse_default' for task execution.
[2025-03-17T11:01:39.188+0000] {logging_mixin.py:188} INFO - [2025-03-17T11:01:39.188+0000] {base.py:83} INFO - Using connection ID 'clickhouse_default' for task execution.
[2025-03-17T11:01:39.193+0000] {logging_mixin.py:188} INFO - [2025-03-17T11:01:39.192+0000] {base.py:83} INFO - Using connection ID 'clickhouse_default' for task execution.
[2025-03-17T11:01:39.196+0000] {logging_mixin.py:188} INFO - [2025-03-17T11:01:39.195+0000] {base.py:83} INFO - Using connection ID 'clickhouse_default' for task execution.
[2025-03-17T11:01:39.206+0000] {processor.py:840} INFO - DAG(s) '4_4_house_assignment' retrieved from /opt/airflow/dags/4_4_house_assignment.py
[2025-03-17T11:01:39.280+0000] {logging_mixin.py:188} INFO - [2025-03-17T11:01:39.280+0000] {dag.py:3036} INFO - Sync 1 DAGs
[2025-03-17T11:01:39.294+0000] {logging_mixin.py:188} INFO - [2025-03-17T11:01:39.294+0000] {dag.py:3823} INFO - Setting next_dagrun for 4_4_house_assignment to 2024-01-01 00:00:00+00:00, run_after=2024-01-02 00:00:00+00:00
[2025-03-17T11:01:39.319+0000] {processor.py:183} INFO - Processing /opt/airflow/dags/4_4_house_assignment.py took 0.725 seconds
[2025-03-17T11:02:11.249+0000] {processor.py:161} INFO - Started process (PID=849) to work on /opt/airflow/dags/4_4_house_assignment.py
[2025-03-17T11:02:11.250+0000] {processor.py:830} INFO - Processing file /opt/airflow/dags/4_4_house_assignment.py for tasks to queue
[2025-03-17T11:02:11.251+0000] {logging_mixin.py:188} INFO - [2025-03-17T11:02:11.251+0000] {dagbag.py:538} INFO - Filling up the DagBag from /opt/airflow/dags/4_4_house_assignment.py
[2025-03-17T11:02:11.777+0000] {logging_mixin.py:188} INFO - [2025-03-17T11:02:11.777+0000] {base.py:83} INFO - Using connection ID 'clickhouse_default' for task execution.
[2025-03-17T11:02:11.779+0000] {logging_mixin.py:188} INFO - [2025-03-17T11:02:11.779+0000] {base.py:83} INFO - Using connection ID 'clickhouse_default' for task execution.
[2025-03-17T11:02:11.781+0000] {logging_mixin.py:188} INFO - [2025-03-17T11:02:11.781+0000] {base.py:83} INFO - Using connection ID 'clickhouse_default' for task execution.
[2025-03-17T11:02:11.783+0000] {logging_mixin.py:188} INFO - [2025-03-17T11:02:11.783+0000] {base.py:83} INFO - Using connection ID 'clickhouse_default' for task execution.
[2025-03-17T11:02:11.791+0000] {processor.py:840} INFO - DAG(s) '4_4_house_assignment' retrieved from /opt/airflow/dags/4_4_house_assignment.py
[2025-03-17T11:02:11.859+0000] {logging_mixin.py:188} INFO - [2025-03-17T11:02:11.859+0000] {dag.py:3036} INFO - Sync 1 DAGs
[2025-03-17T11:02:11.876+0000] {logging_mixin.py:188} INFO - [2025-03-17T11:02:11.876+0000] {dag.py:3823} INFO - Setting next_dagrun for 4_4_house_assignment to 2024-01-01 00:00:00+00:00, run_after=2024-01-02 00:00:00+00:00
[2025-03-17T11:02:11.902+0000] {processor.py:183} INFO - Processing /opt/airflow/dags/4_4_house_assignment.py took 0.655 seconds
[2025-03-17T11:02:42.737+0000] {processor.py:161} INFO - Started process (PID=874) to work on /opt/airflow/dags/4_4_house_assignment.py
[2025-03-17T11:02:42.738+0000] {processor.py:830} INFO - Processing file /opt/airflow/dags/4_4_house_assignment.py for tasks to queue
[2025-03-17T11:02:42.739+0000] {logging_mixin.py:188} INFO - [2025-03-17T11:02:42.739+0000] {dagbag.py:538} INFO - Filling up the DagBag from /opt/airflow/dags/4_4_house_assignment.py
[2025-03-17T11:02:43.282+0000] {logging_mixin.py:188} INFO - [2025-03-17T11:02:43.282+0000] {base.py:83} INFO - Using connection ID 'clickhouse_default' for task execution.
[2025-03-17T11:02:43.285+0000] {logging_mixin.py:188} INFO - [2025-03-17T11:02:43.284+0000] {base.py:83} INFO - Using connection ID 'clickhouse_default' for task execution.
[2025-03-17T11:02:43.286+0000] {logging_mixin.py:188} INFO - [2025-03-17T11:02:43.286+0000] {base.py:83} INFO - Using connection ID 'clickhouse_default' for task execution.
[2025-03-17T11:02:43.289+0000] {logging_mixin.py:188} INFO - [2025-03-17T11:02:43.289+0000] {base.py:83} INFO - Using connection ID 'clickhouse_default' for task execution.
[2025-03-17T11:02:43.297+0000] {processor.py:840} INFO - DAG(s) '4_4_house_assignment' retrieved from /opt/airflow/dags/4_4_house_assignment.py
[2025-03-17T11:02:43.370+0000] {logging_mixin.py:188} INFO - [2025-03-17T11:02:43.369+0000] {dag.py:3036} INFO - Sync 1 DAGs
[2025-03-17T11:02:43.383+0000] {logging_mixin.py:188} INFO - [2025-03-17T11:02:43.383+0000] {dag.py:3823} INFO - Setting next_dagrun for 4_4_house_assignment to 2024-01-01 00:00:00+00:00, run_after=2024-01-02 00:00:00+00:00
[2025-03-17T11:02:43.408+0000] {processor.py:183} INFO - Processing /opt/airflow/dags/4_4_house_assignment.py took 0.674 seconds
[2025-03-17T11:03:13.623+0000] {processor.py:161} INFO - Started process (PID=899) to work on /opt/airflow/dags/4_4_house_assignment.py
[2025-03-17T11:03:13.624+0000] {processor.py:830} INFO - Processing file /opt/airflow/dags/4_4_house_assignment.py for tasks to queue
[2025-03-17T11:03:13.625+0000] {logging_mixin.py:188} INFO - [2025-03-17T11:03:13.625+0000] {dagbag.py:538} INFO - Filling up the DagBag from /opt/airflow/dags/4_4_house_assignment.py
[2025-03-17T11:03:14.307+0000] {logging_mixin.py:188} INFO - [2025-03-17T11:03:14.306+0000] {base.py:83} INFO - Using connection ID 'clickhouse_default' for task execution.
[2025-03-17T11:03:14.309+0000] {logging_mixin.py:188} INFO - [2025-03-17T11:03:14.309+0000] {base.py:83} INFO - Using connection ID 'clickhouse_default' for task execution.
[2025-03-17T11:03:14.311+0000] {logging_mixin.py:188} INFO - [2025-03-17T11:03:14.311+0000] {base.py:83} INFO - Using connection ID 'clickhouse_default' for task execution.
[2025-03-17T11:03:14.313+0000] {logging_mixin.py:188} INFO - [2025-03-17T11:03:14.313+0000] {base.py:83} INFO - Using connection ID 'clickhouse_default' for task execution.
[2025-03-17T11:03:14.320+0000] {processor.py:840} INFO - DAG(s) '4_4_house_assignment' retrieved from /opt/airflow/dags/4_4_house_assignment.py
[2025-03-17T11:03:14.390+0000] {logging_mixin.py:188} INFO - [2025-03-17T11:03:14.390+0000] {dag.py:3036} INFO - Sync 1 DAGs
[2025-03-17T11:03:14.406+0000] {logging_mixin.py:188} INFO - [2025-03-17T11:03:14.406+0000] {dag.py:3823} INFO - Setting next_dagrun for 4_4_house_assignment to 2024-01-01 00:00:00+00:00, run_after=2024-01-02 00:00:00+00:00
[2025-03-17T11:03:14.431+0000] {processor.py:183} INFO - Processing /opt/airflow/dags/4_4_house_assignment.py took 0.812 seconds
[2025-03-17T11:03:44.817+0000] {processor.py:161} INFO - Started process (PID=924) to work on /opt/airflow/dags/4_4_house_assignment.py
[2025-03-17T11:03:44.818+0000] {processor.py:830} INFO - Processing file /opt/airflow/dags/4_4_house_assignment.py for tasks to queue
[2025-03-17T11:03:44.819+0000] {logging_mixin.py:188} INFO - [2025-03-17T11:03:44.819+0000] {dagbag.py:538} INFO - Filling up the DagBag from /opt/airflow/dags/4_4_house_assignment.py
[2025-03-17T11:03:45.337+0000] {logging_mixin.py:188} INFO - [2025-03-17T11:03:45.336+0000] {base.py:83} INFO - Using connection ID 'clickhouse_default' for task execution.
[2025-03-17T11:03:45.339+0000] {logging_mixin.py:188} INFO - [2025-03-17T11:03:45.339+0000] {base.py:83} INFO - Using connection ID 'clickhouse_default' for task execution.
[2025-03-17T11:03:45.341+0000] {logging_mixin.py:188} INFO - [2025-03-17T11:03:45.341+0000] {base.py:83} INFO - Using connection ID 'clickhouse_default' for task execution.
[2025-03-17T11:03:45.343+0000] {logging_mixin.py:188} INFO - [2025-03-17T11:03:45.342+0000] {base.py:83} INFO - Using connection ID 'clickhouse_default' for task execution.
[2025-03-17T11:03:45.350+0000] {processor.py:840} INFO - DAG(s) '4_4_house_assignment' retrieved from /opt/airflow/dags/4_4_house_assignment.py
[2025-03-17T11:03:45.415+0000] {logging_mixin.py:188} INFO - [2025-03-17T11:03:45.415+0000] {dag.py:3036} INFO - Sync 1 DAGs
[2025-03-17T11:03:45.429+0000] {logging_mixin.py:188} INFO - [2025-03-17T11:03:45.429+0000] {dag.py:3823} INFO - Setting next_dagrun for 4_4_house_assignment to 2024-01-01 00:00:00+00:00, run_after=2024-01-02 00:00:00+00:00
[2025-03-17T11:03:45.453+0000] {processor.py:183} INFO - Processing /opt/airflow/dags/4_4_house_assignment.py took 0.639 seconds
[2025-03-17T11:04:15.788+0000] {processor.py:161} INFO - Started process (PID=949) to work on /opt/airflow/dags/4_4_house_assignment.py
[2025-03-17T11:04:15.789+0000] {processor.py:830} INFO - Processing file /opt/airflow/dags/4_4_house_assignment.py for tasks to queue
[2025-03-17T11:04:15.790+0000] {logging_mixin.py:188} INFO - [2025-03-17T11:04:15.790+0000] {dagbag.py:538} INFO - Filling up the DagBag from /opt/airflow/dags/4_4_house_assignment.py
[2025-03-17T11:04:16.337+0000] {logging_mixin.py:188} INFO - [2025-03-17T11:04:16.336+0000] {base.py:83} INFO - Using connection ID 'clickhouse_default' for task execution.
[2025-03-17T11:04:16.340+0000] {logging_mixin.py:188} INFO - [2025-03-17T11:04:16.340+0000] {base.py:83} INFO - Using connection ID 'clickhouse_default' for task execution.
[2025-03-17T11:04:16.343+0000] {logging_mixin.py:188} INFO - [2025-03-17T11:04:16.343+0000] {base.py:83} INFO - Using connection ID 'clickhouse_default' for task execution.
[2025-03-17T11:04:16.346+0000] {logging_mixin.py:188} INFO - [2025-03-17T11:04:16.346+0000] {base.py:83} INFO - Using connection ID 'clickhouse_default' for task execution.
[2025-03-17T11:04:16.357+0000] {processor.py:840} INFO - DAG(s) '4_4_house_assignment' retrieved from /opt/airflow/dags/4_4_house_assignment.py
[2025-03-17T11:04:16.442+0000] {logging_mixin.py:188} INFO - [2025-03-17T11:04:16.441+0000] {dag.py:3036} INFO - Sync 1 DAGs
[2025-03-17T11:04:16.456+0000] {logging_mixin.py:188} INFO - [2025-03-17T11:04:16.456+0000] {dag.py:3823} INFO - Setting next_dagrun for 4_4_house_assignment to 2024-01-01 00:00:00+00:00, run_after=2024-01-02 00:00:00+00:00
[2025-03-17T11:04:16.482+0000] {processor.py:183} INFO - Processing /opt/airflow/dags/4_4_house_assignment.py took 0.697 seconds
[2025-03-17T11:04:49.094+0000] {processor.py:161} INFO - Started process (PID=976) to work on /opt/airflow/dags/4_4_house_assignment.py
[2025-03-17T11:04:49.095+0000] {processor.py:830} INFO - Processing file /opt/airflow/dags/4_4_house_assignment.py for tasks to queue
[2025-03-17T11:04:49.096+0000] {logging_mixin.py:188} INFO - [2025-03-17T11:04:49.096+0000] {dagbag.py:538} INFO - Filling up the DagBag from /opt/airflow/dags/4_4_house_assignment.py
[2025-03-17T11:04:49.688+0000] {logging_mixin.py:188} INFO - [2025-03-17T11:04:49.687+0000] {base.py:83} INFO - Using connection ID 'clickhouse_default' for task execution.
[2025-03-17T11:04:49.691+0000] {logging_mixin.py:188} INFO - [2025-03-17T11:04:49.690+0000] {base.py:83} INFO - Using connection ID 'clickhouse_default' for task execution.
[2025-03-17T11:04:49.695+0000] {logging_mixin.py:188} INFO - [2025-03-17T11:04:49.695+0000] {base.py:83} INFO - Using connection ID 'clickhouse_default' for task execution.
[2025-03-17T11:04:49.698+0000] {logging_mixin.py:188} INFO - [2025-03-17T11:04:49.698+0000] {base.py:83} INFO - Using connection ID 'clickhouse_default' for task execution.
[2025-03-17T11:04:49.708+0000] {processor.py:840} INFO - DAG(s) '4_4_house_assignment' retrieved from /opt/airflow/dags/4_4_house_assignment.py
[2025-03-17T11:04:49.778+0000] {logging_mixin.py:188} INFO - [2025-03-17T11:04:49.778+0000] {dag.py:3036} INFO - Sync 1 DAGs
[2025-03-17T11:04:49.793+0000] {logging_mixin.py:188} INFO - [2025-03-17T11:04:49.793+0000] {dag.py:3823} INFO - Setting next_dagrun for 4_4_house_assignment to 2024-01-01 00:00:00+00:00, run_after=2024-01-02 00:00:00+00:00
[2025-03-17T11:04:49.813+0000] {processor.py:183} INFO - Processing /opt/airflow/dags/4_4_house_assignment.py took 0.722 seconds
[2025-03-17T11:05:20.252+0000] {processor.py:161} INFO - Started process (PID=1001) to work on /opt/airflow/dags/4_4_house_assignment.py
[2025-03-17T11:05:20.254+0000] {processor.py:830} INFO - Processing file /opt/airflow/dags/4_4_house_assignment.py for tasks to queue
[2025-03-17T11:05:20.256+0000] {logging_mixin.py:188} INFO - [2025-03-17T11:05:20.255+0000] {dagbag.py:538} INFO - Filling up the DagBag from /opt/airflow/dags/4_4_house_assignment.py
[2025-03-17T11:05:21.257+0000] {logging_mixin.py:188} INFO - [2025-03-17T11:05:21.255+0000] {base.py:83} INFO - Using connection ID 'clickhouse_default' for task execution.
[2025-03-17T11:05:21.265+0000] {logging_mixin.py:188} INFO - [2025-03-17T11:05:21.264+0000] {base.py:83} INFO - Using connection ID 'clickhouse_default' for task execution.
[2025-03-17T11:05:21.274+0000] {logging_mixin.py:188} INFO - [2025-03-17T11:05:21.273+0000] {base.py:83} INFO - Using connection ID 'clickhouse_default' for task execution.
[2025-03-17T11:05:21.282+0000] {logging_mixin.py:188} INFO - [2025-03-17T11:05:21.281+0000] {base.py:83} INFO - Using connection ID 'clickhouse_default' for task execution.
[2025-03-17T11:05:21.308+0000] {processor.py:840} INFO - DAG(s) '4_4_house_assignment' retrieved from /opt/airflow/dags/4_4_house_assignment.py
[2025-03-17T11:05:21.523+0000] {logging_mixin.py:188} INFO - [2025-03-17T11:05:21.521+0000] {dag.py:3036} INFO - Sync 1 DAGs
[2025-03-17T11:05:21.567+0000] {logging_mixin.py:188} INFO - [2025-03-17T11:05:21.567+0000] {dag.py:3823} INFO - Setting next_dagrun for 4_4_house_assignment to 2024-01-01 00:00:00+00:00, run_after=2024-01-02 00:00:00+00:00
[2025-03-17T11:05:21.601+0000] {processor.py:183} INFO - Processing /opt/airflow/dags/4_4_house_assignment.py took 1.353 seconds
[2025-03-17T11:05:52.541+0000] {processor.py:161} INFO - Started process (PID=1028) to work on /opt/airflow/dags/4_4_house_assignment.py
[2025-03-17T11:05:52.543+0000] {processor.py:830} INFO - Processing file /opt/airflow/dags/4_4_house_assignment.py for tasks to queue
[2025-03-17T11:05:52.544+0000] {logging_mixin.py:188} INFO - [2025-03-17T11:05:52.543+0000] {dagbag.py:538} INFO - Filling up the DagBag from /opt/airflow/dags/4_4_house_assignment.py
[2025-03-17T11:05:53.093+0000] {logging_mixin.py:188} INFO - [2025-03-17T11:05:53.092+0000] {base.py:83} INFO - Using connection ID 'clickhouse_default' for task execution.
[2025-03-17T11:05:53.095+0000] {logging_mixin.py:188} INFO - [2025-03-17T11:05:53.095+0000] {base.py:83} INFO - Using connection ID 'clickhouse_default' for task execution.
[2025-03-17T11:05:53.097+0000] {logging_mixin.py:188} INFO - [2025-03-17T11:05:53.097+0000] {base.py:83} INFO - Using connection ID 'clickhouse_default' for task execution.
[2025-03-17T11:05:53.098+0000] {logging_mixin.py:188} INFO - [2025-03-17T11:05:53.098+0000] {base.py:83} INFO - Using connection ID 'clickhouse_default' for task execution.
[2025-03-17T11:05:53.105+0000] {processor.py:840} INFO - DAG(s) '4_4_house_assignment' retrieved from /opt/airflow/dags/4_4_house_assignment.py
[2025-03-17T11:05:53.165+0000] {logging_mixin.py:188} INFO - [2025-03-17T11:05:53.165+0000] {dag.py:3036} INFO - Sync 1 DAGs
[2025-03-17T11:05:53.179+0000] {logging_mixin.py:188} INFO - [2025-03-17T11:05:53.179+0000] {dag.py:3823} INFO - Setting next_dagrun for 4_4_house_assignment to 2024-01-01 00:00:00+00:00, run_after=2024-01-02 00:00:00+00:00
[2025-03-17T11:05:53.202+0000] {processor.py:183} INFO - Processing /opt/airflow/dags/4_4_house_assignment.py took 0.664 seconds
[2025-03-17T11:06:23.648+0000] {processor.py:161} INFO - Started process (PID=1053) to work on /opt/airflow/dags/4_4_house_assignment.py
[2025-03-17T11:06:23.649+0000] {processor.py:830} INFO - Processing file /opt/airflow/dags/4_4_house_assignment.py for tasks to queue
[2025-03-17T11:06:23.650+0000] {logging_mixin.py:188} INFO - [2025-03-17T11:06:23.650+0000] {dagbag.py:538} INFO - Filling up the DagBag from /opt/airflow/dags/4_4_house_assignment.py
[2025-03-17T11:06:24.231+0000] {logging_mixin.py:188} INFO - [2025-03-17T11:06:24.231+0000] {base.py:83} INFO - Using connection ID 'clickhouse_default' for task execution.
[2025-03-17T11:06:24.234+0000] {logging_mixin.py:188} INFO - [2025-03-17T11:06:24.234+0000] {base.py:83} INFO - Using connection ID 'clickhouse_default' for task execution.
[2025-03-17T11:06:24.236+0000] {logging_mixin.py:188} INFO - [2025-03-17T11:06:24.236+0000] {base.py:83} INFO - Using connection ID 'clickhouse_default' for task execution.
[2025-03-17T11:06:24.238+0000] {logging_mixin.py:188} INFO - [2025-03-17T11:06:24.238+0000] {base.py:83} INFO - Using connection ID 'clickhouse_default' for task execution.
[2025-03-17T11:06:24.247+0000] {processor.py:840} INFO - DAG(s) '4_4_house_assignment' retrieved from /opt/airflow/dags/4_4_house_assignment.py
[2025-03-17T11:06:24.329+0000] {logging_mixin.py:188} INFO - [2025-03-17T11:06:24.328+0000] {dag.py:3036} INFO - Sync 1 DAGs
[2025-03-17T11:06:24.344+0000] {logging_mixin.py:188} INFO - [2025-03-17T11:06:24.344+0000] {dag.py:3823} INFO - Setting next_dagrun for 4_4_house_assignment to 2024-01-01 00:00:00+00:00, run_after=2024-01-02 00:00:00+00:00
[2025-03-17T11:06:24.364+0000] {processor.py:183} INFO - Processing /opt/airflow/dags/4_4_house_assignment.py took 0.719 seconds
[2025-03-17T11:06:54.618+0000] {processor.py:161} INFO - Started process (PID=1078) to work on /opt/airflow/dags/4_4_house_assignment.py
[2025-03-17T11:06:54.619+0000] {processor.py:830} INFO - Processing file /opt/airflow/dags/4_4_house_assignment.py for tasks to queue
[2025-03-17T11:06:54.620+0000] {logging_mixin.py:188} INFO - [2025-03-17T11:06:54.619+0000] {dagbag.py:538} INFO - Filling up the DagBag from /opt/airflow/dags/4_4_house_assignment.py
[2025-03-17T11:06:55.151+0000] {logging_mixin.py:188} INFO - [2025-03-17T11:06:55.150+0000] {base.py:83} INFO - Using connection ID 'clickhouse_default' for task execution.
[2025-03-17T11:06:55.153+0000] {logging_mixin.py:188} INFO - [2025-03-17T11:06:55.152+0000] {base.py:83} INFO - Using connection ID 'clickhouse_default' for task execution.
[2025-03-17T11:06:55.154+0000] {logging_mixin.py:188} INFO - [2025-03-17T11:06:55.154+0000] {base.py:83} INFO - Using connection ID 'clickhouse_default' for task execution.
[2025-03-17T11:06:55.156+0000] {logging_mixin.py:188} INFO - [2025-03-17T11:06:55.156+0000] {base.py:83} INFO - Using connection ID 'clickhouse_default' for task execution.
[2025-03-17T11:06:55.165+0000] {processor.py:840} INFO - DAG(s) '4_4_house_assignment' retrieved from /opt/airflow/dags/4_4_house_assignment.py
[2025-03-17T11:06:55.230+0000] {logging_mixin.py:188} INFO - [2025-03-17T11:06:55.229+0000] {dag.py:3036} INFO - Sync 1 DAGs
[2025-03-17T11:06:55.243+0000] {logging_mixin.py:188} INFO - [2025-03-17T11:06:55.243+0000] {dag.py:3823} INFO - Setting next_dagrun for 4_4_house_assignment to 2024-01-01 00:00:00+00:00, run_after=2024-01-02 00:00:00+00:00
[2025-03-17T11:06:55.267+0000] {processor.py:183} INFO - Processing /opt/airflow/dags/4_4_house_assignment.py took 0.652 seconds
[2025-03-17T11:07:47.969+0000] {processor.py:161} INFO - Started process (PID=1221) to work on /opt/airflow/dags/4_4_house_assignment.py
[2025-03-17T11:07:47.970+0000] {processor.py:830} INFO - Processing file /opt/airflow/dags/4_4_house_assignment.py for tasks to queue
[2025-03-17T11:07:47.970+0000] {logging_mixin.py:188} INFO - [2025-03-17T11:07:47.970+0000] {dagbag.py:538} INFO - Filling up the DagBag from /opt/airflow/dags/4_4_house_assignment.py
[2025-03-17T11:07:48.454+0000] {logging_mixin.py:188} INFO - [2025-03-17T11:07:48.453+0000] {base.py:83} INFO - Using connection ID 'clickhouse_default' for task execution.
[2025-03-17T11:07:48.456+0000] {logging_mixin.py:188} INFO - [2025-03-17T11:07:48.456+0000] {base.py:83} INFO - Using connection ID 'clickhouse_default' for task execution.
[2025-03-17T11:07:48.457+0000] {logging_mixin.py:188} INFO - [2025-03-17T11:07:48.457+0000] {base.py:83} INFO - Using connection ID 'clickhouse_default' for task execution.
[2025-03-17T11:07:48.459+0000] {logging_mixin.py:188} INFO - [2025-03-17T11:07:48.459+0000] {base.py:83} INFO - Using connection ID 'clickhouse_default' for task execution.
[2025-03-17T11:07:48.466+0000] {processor.py:840} INFO - DAG(s) '4_4_house_assignment' retrieved from /opt/airflow/dags/4_4_house_assignment.py
[2025-03-17T11:07:48.534+0000] {logging_mixin.py:188} INFO - [2025-03-17T11:07:48.533+0000] {dag.py:3036} INFO - Sync 1 DAGs
[2025-03-17T11:07:48.547+0000] {logging_mixin.py:188} INFO - [2025-03-17T11:07:48.547+0000] {dag.py:3823} INFO - Setting next_dagrun for 4_4_house_assignment to 2024-01-01 00:00:00+00:00, run_after=2024-01-02 00:00:00+00:00
[2025-03-17T11:07:48.568+0000] {processor.py:183} INFO - Processing /opt/airflow/dags/4_4_house_assignment.py took 0.602 seconds
[2025-03-17T11:09:02.936+0000] {processor.py:161} INFO - Started process (PID=1469) to work on /opt/airflow/dags/4_4_house_assignment.py
[2025-03-17T11:09:02.938+0000] {processor.py:830} INFO - Processing file /opt/airflow/dags/4_4_house_assignment.py for tasks to queue
[2025-03-17T11:09:02.939+0000] {logging_mixin.py:188} INFO - [2025-03-17T11:09:02.939+0000] {dagbag.py:538} INFO - Filling up the DagBag from /opt/airflow/dags/4_4_house_assignment.py
[2025-03-17T11:09:03.503+0000] {logging_mixin.py:188} INFO - [2025-03-17T11:09:03.503+0000] {base.py:83} INFO - Using connection ID 'clickhouse_default' for task execution.
[2025-03-17T11:09:03.506+0000] {logging_mixin.py:188} INFO - [2025-03-17T11:09:03.506+0000] {base.py:83} INFO - Using connection ID 'clickhouse_default' for task execution.
[2025-03-17T11:09:03.509+0000] {logging_mixin.py:188} INFO - [2025-03-17T11:09:03.508+0000] {base.py:83} INFO - Using connection ID 'clickhouse_default' for task execution.
[2025-03-17T11:09:03.511+0000] {logging_mixin.py:188} INFO - [2025-03-17T11:09:03.511+0000] {base.py:83} INFO - Using connection ID 'clickhouse_default' for task execution.
[2025-03-17T11:09:03.519+0000] {processor.py:840} INFO - DAG(s) '4_4_house_assignment' retrieved from /opt/airflow/dags/4_4_house_assignment.py
[2025-03-17T11:09:03.596+0000] {logging_mixin.py:188} INFO - [2025-03-17T11:09:03.595+0000] {dag.py:3036} INFO - Sync 1 DAGs
[2025-03-17T11:09:03.610+0000] {logging_mixin.py:188} INFO - [2025-03-17T11:09:03.610+0000] {dag.py:3823} INFO - Setting next_dagrun for 4_4_house_assignment to 2024-01-01 00:00:00+00:00, run_after=2024-01-02 00:00:00+00:00
[2025-03-17T11:09:03.639+0000] {processor.py:183} INFO - Processing /opt/airflow/dags/4_4_house_assignment.py took 0.706 seconds
[2025-03-17T11:09:55.422+0000] {processor.py:161} INFO - Started process (PID=1674) to work on /opt/airflow/dags/4_4_house_assignment.py
[2025-03-17T11:09:55.423+0000] {processor.py:830} INFO - Processing file /opt/airflow/dags/4_4_house_assignment.py for tasks to queue
[2025-03-17T11:09:55.424+0000] {logging_mixin.py:188} INFO - [2025-03-17T11:09:55.424+0000] {dagbag.py:538} INFO - Filling up the DagBag from /opt/airflow/dags/4_4_house_assignment.py
[2025-03-17T11:09:55.921+0000] {logging_mixin.py:188} INFO - [2025-03-17T11:09:55.920+0000] {base.py:83} INFO - Using connection ID 'clickhouse_default' for task execution.
[2025-03-17T11:09:55.923+0000] {logging_mixin.py:188} INFO - [2025-03-17T11:09:55.923+0000] {base.py:83} INFO - Using connection ID 'clickhouse_default' for task execution.
[2025-03-17T11:09:55.925+0000] {logging_mixin.py:188} INFO - [2025-03-17T11:09:55.925+0000] {base.py:83} INFO - Using connection ID 'clickhouse_default' for task execution.
[2025-03-17T11:09:55.927+0000] {logging_mixin.py:188} INFO - [2025-03-17T11:09:55.927+0000] {base.py:83} INFO - Using connection ID 'clickhouse_default' for task execution.
[2025-03-17T11:09:55.935+0000] {processor.py:840} INFO - DAG(s) '4_4_house_assignment' retrieved from /opt/airflow/dags/4_4_house_assignment.py
[2025-03-17T11:09:56.003+0000] {logging_mixin.py:188} INFO - [2025-03-17T11:09:56.002+0000] {dag.py:3036} INFO - Sync 1 DAGs
[2025-03-17T11:09:56.017+0000] {logging_mixin.py:188} INFO - [2025-03-17T11:09:56.017+0000] {dag.py:3823} INFO - Setting next_dagrun for 4_4_house_assignment to 2024-01-01 00:00:00+00:00, run_after=2024-01-02 00:00:00+00:00
[2025-03-17T11:09:56.040+0000] {processor.py:183} INFO - Processing /opt/airflow/dags/4_4_house_assignment.py took 0.620 seconds
[2025-03-17T11:10:28.007+0000] {processor.py:161} INFO - Started process (PID=1699) to work on /opt/airflow/dags/4_4_house_assignment.py
[2025-03-17T11:10:28.008+0000] {processor.py:830} INFO - Processing file /opt/airflow/dags/4_4_house_assignment.py for tasks to queue
[2025-03-17T11:10:28.009+0000] {logging_mixin.py:188} INFO - [2025-03-17T11:10:28.009+0000] {dagbag.py:538} INFO - Filling up the DagBag from /opt/airflow/dags/4_4_house_assignment.py
[2025-03-17T11:10:28.628+0000] {logging_mixin.py:188} INFO - [2025-03-17T11:10:28.628+0000] {base.py:83} INFO - Using connection ID 'clickhouse_default' for task execution.
[2025-03-17T11:10:28.631+0000] {logging_mixin.py:188} INFO - [2025-03-17T11:10:28.631+0000] {base.py:83} INFO - Using connection ID 'clickhouse_default' for task execution.
[2025-03-17T11:10:28.633+0000] {logging_mixin.py:188} INFO - [2025-03-17T11:10:28.633+0000] {base.py:83} INFO - Using connection ID 'clickhouse_default' for task execution.
[2025-03-17T11:10:28.635+0000] {logging_mixin.py:188} INFO - [2025-03-17T11:10:28.635+0000] {base.py:83} INFO - Using connection ID 'clickhouse_default' for task execution.
[2025-03-17T11:10:28.645+0000] {processor.py:840} INFO - DAG(s) '4_4_house_assignment' retrieved from /opt/airflow/dags/4_4_house_assignment.py
[2025-03-17T11:10:28.715+0000] {logging_mixin.py:188} INFO - [2025-03-17T11:10:28.715+0000] {dag.py:3036} INFO - Sync 1 DAGs
[2025-03-17T11:10:28.729+0000] {logging_mixin.py:188} INFO - [2025-03-17T11:10:28.728+0000] {dag.py:3823} INFO - Setting next_dagrun for 4_4_house_assignment to 2024-01-01 00:00:00+00:00, run_after=2024-01-02 00:00:00+00:00
[2025-03-17T11:10:28.754+0000] {processor.py:183} INFO - Processing /opt/airflow/dags/4_4_house_assignment.py took 0.675 seconds
[2025-03-17T11:10:59.163+0000] {processor.py:161} INFO - Started process (PID=1724) to work on /opt/airflow/dags/4_4_house_assignment.py
[2025-03-17T11:10:59.164+0000] {processor.py:830} INFO - Processing file /opt/airflow/dags/4_4_house_assignment.py for tasks to queue
[2025-03-17T11:10:59.165+0000] {logging_mixin.py:188} INFO - [2025-03-17T11:10:59.165+0000] {dagbag.py:538} INFO - Filling up the DagBag from /opt/airflow/dags/4_4_house_assignment.py
[2025-03-17T11:10:59.687+0000] {logging_mixin.py:188} INFO - [2025-03-17T11:10:59.687+0000] {base.py:83} INFO - Using connection ID 'clickhouse_default' for task execution.
[2025-03-17T11:10:59.689+0000] {logging_mixin.py:188} INFO - [2025-03-17T11:10:59.689+0000] {base.py:83} INFO - Using connection ID 'clickhouse_default' for task execution.
[2025-03-17T11:10:59.692+0000] {logging_mixin.py:188} INFO - [2025-03-17T11:10:59.691+0000] {base.py:83} INFO - Using connection ID 'clickhouse_default' for task execution.
[2025-03-17T11:10:59.693+0000] {logging_mixin.py:188} INFO - [2025-03-17T11:10:59.693+0000] {base.py:83} INFO - Using connection ID 'clickhouse_default' for task execution.
[2025-03-17T11:10:59.701+0000] {processor.py:840} INFO - DAG(s) '4_4_house_assignment' retrieved from /opt/airflow/dags/4_4_house_assignment.py
[2025-03-17T11:10:59.767+0000] {logging_mixin.py:188} INFO - [2025-03-17T11:10:59.767+0000] {dag.py:3036} INFO - Sync 1 DAGs
[2025-03-17T11:10:59.781+0000] {logging_mixin.py:188} INFO - [2025-03-17T11:10:59.781+0000] {dag.py:3823} INFO - Setting next_dagrun for 4_4_house_assignment to 2024-01-01 00:00:00+00:00, run_after=2024-01-02 00:00:00+00:00
[2025-03-17T11:10:59.808+0000] {processor.py:183} INFO - Processing /opt/airflow/dags/4_4_house_assignment.py took 0.647 seconds
[2025-03-17T11:11:30.806+0000] {processor.py:161} INFO - Started process (PID=1749) to work on /opt/airflow/dags/4_4_house_assignment.py
[2025-03-17T11:11:30.807+0000] {processor.py:830} INFO - Processing file /opt/airflow/dags/4_4_house_assignment.py for tasks to queue
[2025-03-17T11:11:30.808+0000] {logging_mixin.py:188} INFO - [2025-03-17T11:11:30.807+0000] {dagbag.py:538} INFO - Filling up the DagBag from /opt/airflow/dags/4_4_house_assignment.py
[2025-03-17T11:11:31.646+0000] {logging_mixin.py:188} INFO - [2025-03-17T11:11:31.645+0000] {base.py:83} INFO - Using connection ID 'clickhouse_default' for task execution.
[2025-03-17T11:11:31.653+0000] {logging_mixin.py:188} INFO - [2025-03-17T11:11:31.652+0000] {base.py:83} INFO - Using connection ID 'clickhouse_default' for task execution.
[2025-03-17T11:11:31.658+0000] {logging_mixin.py:188} INFO - [2025-03-17T11:11:31.658+0000] {base.py:83} INFO - Using connection ID 'clickhouse_default' for task execution.
[2025-03-17T11:11:31.664+0000] {logging_mixin.py:188} INFO - [2025-03-17T11:11:31.663+0000] {base.py:83} INFO - Using connection ID 'clickhouse_default' for task execution.
[2025-03-17T11:11:31.678+0000] {processor.py:840} INFO - DAG(s) '4_4_house_assignment' retrieved from /opt/airflow/dags/4_4_house_assignment.py
[2025-03-17T11:11:31.813+0000] {logging_mixin.py:188} INFO - [2025-03-17T11:11:31.812+0000] {dag.py:3036} INFO - Sync 1 DAGs
[2025-03-17T11:11:31.838+0000] {logging_mixin.py:188} INFO - [2025-03-17T11:11:31.837+0000] {dag.py:3823} INFO - Setting next_dagrun for 4_4_house_assignment to 2024-01-01 00:00:00+00:00, run_after=2024-01-02 00:00:00+00:00
[2025-03-17T11:11:31.902+0000] {processor.py:183} INFO - Processing /opt/airflow/dags/4_4_house_assignment.py took 1.098 seconds
[2025-03-17T11:12:02.368+0000] {processor.py:161} INFO - Started process (PID=1774) to work on /opt/airflow/dags/4_4_house_assignment.py
[2025-03-17T11:12:02.371+0000] {processor.py:830} INFO - Processing file /opt/airflow/dags/4_4_house_assignment.py for tasks to queue
[2025-03-17T11:12:02.375+0000] {logging_mixin.py:188} INFO - [2025-03-17T11:12:02.374+0000] {dagbag.py:538} INFO - Filling up the DagBag from /opt/airflow/dags/4_4_house_assignment.py
[2025-03-17T11:12:04.389+0000] {logging_mixin.py:188} INFO - [2025-03-17T11:12:04.387+0000] {base.py:83} INFO - Using connection ID 'clickhouse_default' for task execution.
[2025-03-17T11:12:04.393+0000] {logging_mixin.py:188} INFO - [2025-03-17T11:12:04.392+0000] {base.py:83} INFO - Using connection ID 'clickhouse_default' for task execution.
[2025-03-17T11:12:04.396+0000] {logging_mixin.py:188} INFO - [2025-03-17T11:12:04.395+0000] {base.py:83} INFO - Using connection ID 'clickhouse_default' for task execution.
[2025-03-17T11:12:04.399+0000] {logging_mixin.py:188} INFO - [2025-03-17T11:12:04.398+0000] {base.py:83} INFO - Using connection ID 'clickhouse_default' for task execution.
[2025-03-17T11:12:04.416+0000] {processor.py:840} INFO - DAG(s) '4_4_house_assignment' retrieved from /opt/airflow/dags/4_4_house_assignment.py
[2025-03-17T11:12:04.520+0000] {logging_mixin.py:188} INFO - [2025-03-17T11:12:04.519+0000] {dag.py:3036} INFO - Sync 1 DAGs
[2025-03-17T11:12:04.548+0000] {logging_mixin.py:188} INFO - [2025-03-17T11:12:04.548+0000] {dag.py:3823} INFO - Setting next_dagrun for 4_4_house_assignment to 2024-01-01 00:00:00+00:00, run_after=2024-01-02 00:00:00+00:00
[2025-03-17T11:12:04.594+0000] {processor.py:183} INFO - Processing /opt/airflow/dags/4_4_house_assignment.py took 2.239 seconds
