[2025-03-17T10:47:48.954+0000] {processor.py:161} INFO - Started process (PID=88) to work on /opt/airflow/dags/5_1_house_assignment.py
[2025-03-17T10:47:48.956+0000] {processor.py:830} INFO - Processing file /opt/airflow/dags/5_1_house_assignment.py for tasks to queue
[2025-03-17T10:47:48.958+0000] {logging_mixin.py:188} INFO - [2025-03-17T10:47:48.958+0000] {dagbag.py:538} INFO - Filling up the DagBag from /opt/airflow/dags/5_1_house_assignment.py
[2025-03-17T10:47:48.989+0000] {processor.py:840} INFO - DAG(s) 'Telegram' retrieved from /opt/airflow/dags/5_1_house_assignment.py
[2025-03-17T10:47:49.003+0000] {logging_mixin.py:188} INFO - [2025-03-17T10:47:49.002+0000] {dag.py:3036} INFO - Sync 1 DAGs
[2025-03-17T10:47:49.045+0000] {logging_mixin.py:188} INFO - [2025-03-17T10:47:49.044+0000] {dag.py:3823} INFO - Setting next_dagrun for Telegram to 2025-03-16 00:00:00+00:00, run_after=2025-03-17 00:00:00+00:00
[2025-03-17T10:47:49.211+0000] {processor.py:183} INFO - Processing /opt/airflow/dags/5_1_house_assignment.py took 0.262 seconds
[2025-03-17T10:48:22.071+0000] {processor.py:161} INFO - Started process (PID=187) to work on /opt/airflow/dags/5_1_house_assignment.py
[2025-03-17T10:48:22.072+0000] {processor.py:830} INFO - Processing file /opt/airflow/dags/5_1_house_assignment.py for tasks to queue
[2025-03-17T10:48:22.073+0000] {logging_mixin.py:188} INFO - [2025-03-17T10:48:22.073+0000] {dagbag.py:538} INFO - Filling up the DagBag from /opt/airflow/dags/5_1_house_assignment.py
[2025-03-17T10:48:22.091+0000] {processor.py:840} INFO - DAG(s) 'Telegram' retrieved from /opt/airflow/dags/5_1_house_assignment.py
[2025-03-17T10:48:22.200+0000] {logging_mixin.py:188} INFO - [2025-03-17T10:48:22.199+0000] {dag.py:3036} INFO - Sync 1 DAGs
[2025-03-17T10:48:22.230+0000] {logging_mixin.py:188} INFO - [2025-03-17T10:48:22.229+0000] {dag.py:3823} INFO - Setting next_dagrun for Telegram to 2025-03-16 00:00:00+00:00, run_after=2025-03-17 00:00:00+00:00
[2025-03-17T10:48:22.284+0000] {processor.py:183} INFO - Processing /opt/airflow/dags/5_1_house_assignment.py took 0.216 seconds
[2025-03-17T10:48:53.569+0000] {processor.py:161} INFO - Started process (PID=211) to work on /opt/airflow/dags/5_1_house_assignment.py
[2025-03-17T10:48:53.570+0000] {processor.py:830} INFO - Processing file /opt/airflow/dags/5_1_house_assignment.py for tasks to queue
[2025-03-17T10:48:53.571+0000] {logging_mixin.py:188} INFO - [2025-03-17T10:48:53.571+0000] {dagbag.py:538} INFO - Filling up the DagBag from /opt/airflow/dags/5_1_house_assignment.py
[2025-03-17T10:48:53.587+0000] {processor.py:840} INFO - DAG(s) 'Telegram' retrieved from /opt/airflow/dags/5_1_house_assignment.py
[2025-03-17T10:48:53.607+0000] {logging_mixin.py:188} INFO - [2025-03-17T10:48:53.607+0000] {dag.py:3036} INFO - Sync 1 DAGs
[2025-03-17T10:48:53.625+0000] {logging_mixin.py:188} INFO - [2025-03-17T10:48:53.624+0000] {dag.py:3823} INFO - Setting next_dagrun for Telegram to 2025-03-16 00:00:00+00:00, run_after=2025-03-17 00:00:00+00:00
[2025-03-17T10:48:53.672+0000] {processor.py:183} INFO - Processing /opt/airflow/dags/5_1_house_assignment.py took 0.105 seconds
[2025-03-17T10:49:24.844+0000] {processor.py:161} INFO - Started process (PID=235) to work on /opt/airflow/dags/5_1_house_assignment.py
[2025-03-17T10:49:24.845+0000] {processor.py:830} INFO - Processing file /opt/airflow/dags/5_1_house_assignment.py for tasks to queue
[2025-03-17T10:49:24.846+0000] {logging_mixin.py:188} INFO - [2025-03-17T10:49:24.845+0000] {dagbag.py:538} INFO - Filling up the DagBag from /opt/airflow/dags/5_1_house_assignment.py
[2025-03-17T10:49:24.860+0000] {processor.py:840} INFO - DAG(s) 'Telegram' retrieved from /opt/airflow/dags/5_1_house_assignment.py
[2025-03-17T10:49:24.880+0000] {logging_mixin.py:188} INFO - [2025-03-17T10:49:24.880+0000] {dag.py:3036} INFO - Sync 1 DAGs
[2025-03-17T10:49:24.901+0000] {logging_mixin.py:188} INFO - [2025-03-17T10:49:24.900+0000] {dag.py:3823} INFO - Setting next_dagrun for Telegram to 2025-03-16 00:00:00+00:00, run_after=2025-03-17 00:00:00+00:00
[2025-03-17T10:49:24.935+0000] {processor.py:183} INFO - Processing /opt/airflow/dags/5_1_house_assignment.py took 0.093 seconds
[2025-03-17T10:49:55.909+0000] {processor.py:161} INFO - Started process (PID=259) to work on /opt/airflow/dags/5_1_house_assignment.py
[2025-03-17T10:49:55.910+0000] {processor.py:830} INFO - Processing file /opt/airflow/dags/5_1_house_assignment.py for tasks to queue
[2025-03-17T10:49:55.910+0000] {logging_mixin.py:188} INFO - [2025-03-17T10:49:55.910+0000] {dagbag.py:538} INFO - Filling up the DagBag from /opt/airflow/dags/5_1_house_assignment.py
[2025-03-17T10:49:55.925+0000] {processor.py:840} INFO - DAG(s) 'Telegram' retrieved from /opt/airflow/dags/5_1_house_assignment.py
[2025-03-17T10:49:55.944+0000] {logging_mixin.py:188} INFO - [2025-03-17T10:49:55.943+0000] {dag.py:3036} INFO - Sync 1 DAGs
[2025-03-17T10:49:55.961+0000] {logging_mixin.py:188} INFO - [2025-03-17T10:49:55.961+0000] {dag.py:3823} INFO - Setting next_dagrun for Telegram to 2025-03-16 00:00:00+00:00, run_after=2025-03-17 00:00:00+00:00
[2025-03-17T10:49:55.989+0000] {processor.py:183} INFO - Processing /opt/airflow/dags/5_1_house_assignment.py took 0.083 seconds
[2025-03-17T10:50:26.898+0000] {processor.py:161} INFO - Started process (PID=283) to work on /opt/airflow/dags/5_1_house_assignment.py
[2025-03-17T10:50:26.899+0000] {processor.py:830} INFO - Processing file /opt/airflow/dags/5_1_house_assignment.py for tasks to queue
[2025-03-17T10:50:26.900+0000] {logging_mixin.py:188} INFO - [2025-03-17T10:50:26.900+0000] {dagbag.py:538} INFO - Filling up the DagBag from /opt/airflow/dags/5_1_house_assignment.py
[2025-03-17T10:50:26.917+0000] {processor.py:840} INFO - DAG(s) 'Telegram' retrieved from /opt/airflow/dags/5_1_house_assignment.py
[2025-03-17T10:50:26.937+0000] {logging_mixin.py:188} INFO - [2025-03-17T10:50:26.937+0000] {dag.py:3036} INFO - Sync 1 DAGs
[2025-03-17T10:50:26.957+0000] {logging_mixin.py:188} INFO - [2025-03-17T10:50:26.957+0000] {dag.py:3823} INFO - Setting next_dagrun for Telegram to 2025-03-16 00:00:00+00:00, run_after=2025-03-17 00:00:00+00:00
[2025-03-17T10:50:26.997+0000] {processor.py:183} INFO - Processing /opt/airflow/dags/5_1_house_assignment.py took 0.102 seconds
[2025-03-17T10:50:57.969+0000] {processor.py:161} INFO - Started process (PID=307) to work on /opt/airflow/dags/5_1_house_assignment.py
[2025-03-17T10:50:57.970+0000] {processor.py:830} INFO - Processing file /opt/airflow/dags/5_1_house_assignment.py for tasks to queue
[2025-03-17T10:50:57.971+0000] {logging_mixin.py:188} INFO - [2025-03-17T10:50:57.971+0000] {dagbag.py:538} INFO - Filling up the DagBag from /opt/airflow/dags/5_1_house_assignment.py
[2025-03-17T10:50:57.985+0000] {processor.py:840} INFO - DAG(s) 'Telegram' retrieved from /opt/airflow/dags/5_1_house_assignment.py
[2025-03-17T10:50:58.003+0000] {logging_mixin.py:188} INFO - [2025-03-17T10:50:58.002+0000] {dag.py:3036} INFO - Sync 1 DAGs
[2025-03-17T10:50:58.019+0000] {logging_mixin.py:188} INFO - [2025-03-17T10:50:58.019+0000] {dag.py:3823} INFO - Setting next_dagrun for Telegram to 2025-03-16 00:00:00+00:00, run_after=2025-03-17 00:00:00+00:00
[2025-03-17T10:50:58.047+0000] {processor.py:183} INFO - Processing /opt/airflow/dags/5_1_house_assignment.py took 0.080 seconds
[2025-03-17T10:51:29.071+0000] {processor.py:161} INFO - Started process (PID=331) to work on /opt/airflow/dags/5_1_house_assignment.py
[2025-03-17T10:51:29.072+0000] {processor.py:830} INFO - Processing file /opt/airflow/dags/5_1_house_assignment.py for tasks to queue
[2025-03-17T10:51:29.073+0000] {logging_mixin.py:188} INFO - [2025-03-17T10:51:29.073+0000] {dagbag.py:538} INFO - Filling up the DagBag from /opt/airflow/dags/5_1_house_assignment.py
[2025-03-17T10:51:29.091+0000] {processor.py:840} INFO - DAG(s) 'Telegram' retrieved from /opt/airflow/dags/5_1_house_assignment.py
[2025-03-17T10:51:29.113+0000] {logging_mixin.py:188} INFO - [2025-03-17T10:51:29.113+0000] {dag.py:3036} INFO - Sync 1 DAGs
[2025-03-17T10:51:29.137+0000] {logging_mixin.py:188} INFO - [2025-03-17T10:51:29.137+0000] {dag.py:3823} INFO - Setting next_dagrun for Telegram to 2025-03-16 00:00:00+00:00, run_after=2025-03-17 00:00:00+00:00
[2025-03-17T10:51:29.160+0000] {processor.py:183} INFO - Processing /opt/airflow/dags/5_1_house_assignment.py took 0.093 seconds
[2025-03-17T10:52:00.036+0000] {processor.py:161} INFO - Started process (PID=355) to work on /opt/airflow/dags/5_1_house_assignment.py
[2025-03-17T10:52:00.037+0000] {processor.py:830} INFO - Processing file /opt/airflow/dags/5_1_house_assignment.py for tasks to queue
[2025-03-17T10:52:00.037+0000] {logging_mixin.py:188} INFO - [2025-03-17T10:52:00.037+0000] {dagbag.py:538} INFO - Filling up the DagBag from /opt/airflow/dags/5_1_house_assignment.py
[2025-03-17T10:52:00.051+0000] {processor.py:840} INFO - DAG(s) 'Telegram' retrieved from /opt/airflow/dags/5_1_house_assignment.py
[2025-03-17T10:52:00.076+0000] {logging_mixin.py:188} INFO - [2025-03-17T10:52:00.076+0000] {dag.py:3036} INFO - Sync 1 DAGs
[2025-03-17T10:52:00.094+0000] {logging_mixin.py:188} INFO - [2025-03-17T10:52:00.094+0000] {dag.py:3823} INFO - Setting next_dagrun for Telegram to 2025-03-16 00:00:00+00:00, run_after=2025-03-17 00:00:00+00:00
[2025-03-17T10:52:00.115+0000] {processor.py:183} INFO - Processing /opt/airflow/dags/5_1_house_assignment.py took 0.081 seconds
[2025-03-17T10:52:31.017+0000] {processor.py:161} INFO - Started process (PID=379) to work on /opt/airflow/dags/5_1_house_assignment.py
[2025-03-17T10:52:31.018+0000] {processor.py:830} INFO - Processing file /opt/airflow/dags/5_1_house_assignment.py for tasks to queue
[2025-03-17T10:52:31.019+0000] {logging_mixin.py:188} INFO - [2025-03-17T10:52:31.018+0000] {dagbag.py:538} INFO - Filling up the DagBag from /opt/airflow/dags/5_1_house_assignment.py
[2025-03-17T10:52:31.033+0000] {processor.py:840} INFO - DAG(s) 'Telegram' retrieved from /opt/airflow/dags/5_1_house_assignment.py
[2025-03-17T10:52:31.053+0000] {logging_mixin.py:188} INFO - [2025-03-17T10:52:31.053+0000] {dag.py:3036} INFO - Sync 1 DAGs
[2025-03-17T10:52:31.071+0000] {logging_mixin.py:188} INFO - [2025-03-17T10:52:31.070+0000] {dag.py:3823} INFO - Setting next_dagrun for Telegram to 2025-03-16 00:00:00+00:00, run_after=2025-03-17 00:00:00+00:00
[2025-03-17T10:52:31.095+0000] {processor.py:183} INFO - Processing /opt/airflow/dags/5_1_house_assignment.py took 0.080 seconds
[2025-03-17T10:53:01.915+0000] {processor.py:161} INFO - Started process (PID=403) to work on /opt/airflow/dags/5_1_house_assignment.py
[2025-03-17T10:53:01.916+0000] {processor.py:830} INFO - Processing file /opt/airflow/dags/5_1_house_assignment.py for tasks to queue
[2025-03-17T10:53:01.917+0000] {logging_mixin.py:188} INFO - [2025-03-17T10:53:01.917+0000] {dagbag.py:538} INFO - Filling up the DagBag from /opt/airflow/dags/5_1_house_assignment.py
[2025-03-17T10:53:01.933+0000] {processor.py:840} INFO - DAG(s) 'Telegram' retrieved from /opt/airflow/dags/5_1_house_assignment.py
[2025-03-17T10:53:01.957+0000] {logging_mixin.py:188} INFO - [2025-03-17T10:53:01.956+0000] {dag.py:3036} INFO - Sync 1 DAGs
[2025-03-17T10:53:01.981+0000] {logging_mixin.py:188} INFO - [2025-03-17T10:53:01.981+0000] {dag.py:3823} INFO - Setting next_dagrun for Telegram to 2025-03-16 00:00:00+00:00, run_after=2025-03-17 00:00:00+00:00
[2025-03-17T10:53:02.010+0000] {processor.py:183} INFO - Processing /opt/airflow/dags/5_1_house_assignment.py took 0.098 seconds
[2025-03-17T10:53:35.408+0000] {processor.py:161} INFO - Started process (PID=429) to work on /opt/airflow/dags/5_1_house_assignment.py
[2025-03-17T10:53:35.410+0000] {processor.py:830} INFO - Processing file /opt/airflow/dags/5_1_house_assignment.py for tasks to queue
[2025-03-17T10:53:35.412+0000] {logging_mixin.py:188} INFO - [2025-03-17T10:53:35.412+0000] {dagbag.py:538} INFO - Filling up the DagBag from /opt/airflow/dags/5_1_house_assignment.py
[2025-03-17T10:53:35.430+0000] {processor.py:840} INFO - DAG(s) 'Telegram' retrieved from /opt/airflow/dags/5_1_house_assignment.py
[2025-03-17T10:53:35.455+0000] {logging_mixin.py:188} INFO - [2025-03-17T10:53:35.455+0000] {dag.py:3036} INFO - Sync 1 DAGs
[2025-03-17T10:53:35.478+0000] {logging_mixin.py:188} INFO - [2025-03-17T10:53:35.478+0000] {dag.py:3823} INFO - Setting next_dagrun for Telegram to 2025-03-16 00:00:00+00:00, run_after=2025-03-17 00:00:00+00:00
[2025-03-17T10:53:35.511+0000] {processor.py:183} INFO - Processing /opt/airflow/dags/5_1_house_assignment.py took 0.107 seconds
[2025-03-17T10:54:07.318+0000] {processor.py:161} INFO - Started process (PID=454) to work on /opt/airflow/dags/5_1_house_assignment.py
[2025-03-17T10:54:07.319+0000] {processor.py:830} INFO - Processing file /opt/airflow/dags/5_1_house_assignment.py for tasks to queue
[2025-03-17T10:54:07.320+0000] {logging_mixin.py:188} INFO - [2025-03-17T10:54:07.320+0000] {dagbag.py:538} INFO - Filling up the DagBag from /opt/airflow/dags/5_1_house_assignment.py
[2025-03-17T10:54:07.335+0000] {processor.py:840} INFO - DAG(s) 'Telegram' retrieved from /opt/airflow/dags/5_1_house_assignment.py
[2025-03-17T10:54:07.355+0000] {logging_mixin.py:188} INFO - [2025-03-17T10:54:07.354+0000] {dag.py:3036} INFO - Sync 1 DAGs
[2025-03-17T10:54:07.373+0000] {logging_mixin.py:188} INFO - [2025-03-17T10:54:07.372+0000] {dag.py:3823} INFO - Setting next_dagrun for Telegram to 2025-03-16 00:00:00+00:00, run_after=2025-03-17 00:00:00+00:00
[2025-03-17T10:54:07.392+0000] {processor.py:183} INFO - Processing /opt/airflow/dags/5_1_house_assignment.py took 0.076 seconds
[2025-03-17T10:54:39.195+0000] {processor.py:161} INFO - Started process (PID=479) to work on /opt/airflow/dags/5_1_house_assignment.py
[2025-03-17T10:54:39.195+0000] {processor.py:830} INFO - Processing file /opt/airflow/dags/5_1_house_assignment.py for tasks to queue
[2025-03-17T10:54:39.197+0000] {logging_mixin.py:188} INFO - [2025-03-17T10:54:39.196+0000] {dagbag.py:538} INFO - Filling up the DagBag from /opt/airflow/dags/5_1_house_assignment.py
[2025-03-17T10:54:39.214+0000] {processor.py:840} INFO - DAG(s) 'Telegram' retrieved from /opt/airflow/dags/5_1_house_assignment.py
[2025-03-17T10:54:39.238+0000] {logging_mixin.py:188} INFO - [2025-03-17T10:54:39.238+0000] {dag.py:3036} INFO - Sync 1 DAGs
[2025-03-17T10:54:39.260+0000] {logging_mixin.py:188} INFO - [2025-03-17T10:54:39.260+0000] {dag.py:3823} INFO - Setting next_dagrun for Telegram to 2025-03-16 00:00:00+00:00, run_after=2025-03-17 00:00:00+00:00
[2025-03-17T10:54:39.286+0000] {processor.py:183} INFO - Processing /opt/airflow/dags/5_1_house_assignment.py took 0.094 seconds
[2025-03-17T10:55:10.026+0000] {processor.py:161} INFO - Started process (PID=504) to work on /opt/airflow/dags/5_1_house_assignment.py
[2025-03-17T10:55:10.028+0000] {processor.py:830} INFO - Processing file /opt/airflow/dags/5_1_house_assignment.py for tasks to queue
[2025-03-17T10:55:10.029+0000] {logging_mixin.py:188} INFO - [2025-03-17T10:55:10.028+0000] {dagbag.py:538} INFO - Filling up the DagBag from /opt/airflow/dags/5_1_house_assignment.py
[2025-03-17T10:55:10.048+0000] {processor.py:840} INFO - DAG(s) 'Telegram' retrieved from /opt/airflow/dags/5_1_house_assignment.py
[2025-03-17T10:55:10.068+0000] {logging_mixin.py:188} INFO - [2025-03-17T10:55:10.068+0000] {dag.py:3036} INFO - Sync 1 DAGs
[2025-03-17T10:55:10.086+0000] {logging_mixin.py:188} INFO - [2025-03-17T10:55:10.086+0000] {dag.py:3823} INFO - Setting next_dagrun for Telegram to 2025-03-16 00:00:00+00:00, run_after=2025-03-17 00:00:00+00:00
[2025-03-17T10:55:10.115+0000] {processor.py:183} INFO - Processing /opt/airflow/dags/5_1_house_assignment.py took 0.091 seconds
[2025-03-17T10:55:40.971+0000] {processor.py:161} INFO - Started process (PID=529) to work on /opt/airflow/dags/5_1_house_assignment.py
[2025-03-17T10:55:40.972+0000] {processor.py:830} INFO - Processing file /opt/airflow/dags/5_1_house_assignment.py for tasks to queue
[2025-03-17T10:55:40.973+0000] {logging_mixin.py:188} INFO - [2025-03-17T10:55:40.972+0000] {dagbag.py:538} INFO - Filling up the DagBag from /opt/airflow/dags/5_1_house_assignment.py
[2025-03-17T10:55:40.988+0000] {processor.py:840} INFO - DAG(s) 'Telegram' retrieved from /opt/airflow/dags/5_1_house_assignment.py
[2025-03-17T10:55:41.010+0000] {logging_mixin.py:188} INFO - [2025-03-17T10:55:41.010+0000] {dag.py:3036} INFO - Sync 1 DAGs
[2025-03-17T10:55:41.029+0000] {logging_mixin.py:188} INFO - [2025-03-17T10:55:41.029+0000] {dag.py:3823} INFO - Setting next_dagrun for Telegram to 2025-03-16 00:00:00+00:00, run_after=2025-03-17 00:00:00+00:00
[2025-03-17T10:55:41.059+0000] {processor.py:183} INFO - Processing /opt/airflow/dags/5_1_house_assignment.py took 0.092 seconds
[2025-03-17T10:56:11.807+0000] {processor.py:161} INFO - Started process (PID=554) to work on /opt/airflow/dags/5_1_house_assignment.py
[2025-03-17T10:56:11.809+0000] {processor.py:830} INFO - Processing file /opt/airflow/dags/5_1_house_assignment.py for tasks to queue
[2025-03-17T10:56:11.811+0000] {logging_mixin.py:188} INFO - [2025-03-17T10:56:11.810+0000] {dagbag.py:538} INFO - Filling up the DagBag from /opt/airflow/dags/5_1_house_assignment.py
[2025-03-17T10:56:11.833+0000] {processor.py:840} INFO - DAG(s) 'Telegram' retrieved from /opt/airflow/dags/5_1_house_assignment.py
[2025-03-17T10:56:11.855+0000] {logging_mixin.py:188} INFO - [2025-03-17T10:56:11.854+0000] {dag.py:3036} INFO - Sync 1 DAGs
[2025-03-17T10:56:11.884+0000] {logging_mixin.py:188} INFO - [2025-03-17T10:56:11.883+0000] {dag.py:3823} INFO - Setting next_dagrun for Telegram to 2025-03-16 00:00:00+00:00, run_after=2025-03-17 00:00:00+00:00
[2025-03-17T10:56:11.909+0000] {processor.py:183} INFO - Processing /opt/airflow/dags/5_1_house_assignment.py took 0.106 seconds
[2025-03-17T10:56:42.855+0000] {processor.py:161} INFO - Started process (PID=579) to work on /opt/airflow/dags/5_1_house_assignment.py
[2025-03-17T10:56:42.856+0000] {processor.py:830} INFO - Processing file /opt/airflow/dags/5_1_house_assignment.py for tasks to queue
[2025-03-17T10:56:42.857+0000] {logging_mixin.py:188} INFO - [2025-03-17T10:56:42.857+0000] {dagbag.py:538} INFO - Filling up the DagBag from /opt/airflow/dags/5_1_house_assignment.py
[2025-03-17T10:56:42.872+0000] {processor.py:840} INFO - DAG(s) 'Telegram' retrieved from /opt/airflow/dags/5_1_house_assignment.py
[2025-03-17T10:56:42.890+0000] {logging_mixin.py:188} INFO - [2025-03-17T10:56:42.890+0000] {dag.py:3036} INFO - Sync 1 DAGs
[2025-03-17T10:56:42.906+0000] {logging_mixin.py:188} INFO - [2025-03-17T10:56:42.906+0000] {dag.py:3823} INFO - Setting next_dagrun for Telegram to 2025-03-16 00:00:00+00:00, run_after=2025-03-17 00:00:00+00:00
[2025-03-17T10:56:42.927+0000] {processor.py:183} INFO - Processing /opt/airflow/dags/5_1_house_assignment.py took 0.074 seconds
[2025-03-17T10:57:13.776+0000] {processor.py:161} INFO - Started process (PID=604) to work on /opt/airflow/dags/5_1_house_assignment.py
[2025-03-17T10:57:13.777+0000] {processor.py:830} INFO - Processing file /opt/airflow/dags/5_1_house_assignment.py for tasks to queue
[2025-03-17T10:57:13.778+0000] {logging_mixin.py:188} INFO - [2025-03-17T10:57:13.777+0000] {dagbag.py:538} INFO - Filling up the DagBag from /opt/airflow/dags/5_1_house_assignment.py
[2025-03-17T10:57:13.792+0000] {processor.py:840} INFO - DAG(s) 'Telegram' retrieved from /opt/airflow/dags/5_1_house_assignment.py
[2025-03-17T10:57:13.809+0000] {logging_mixin.py:188} INFO - [2025-03-17T10:57:13.809+0000] {dag.py:3036} INFO - Sync 1 DAGs
[2025-03-17T10:57:13.826+0000] {logging_mixin.py:188} INFO - [2025-03-17T10:57:13.825+0000] {dag.py:3823} INFO - Setting next_dagrun for Telegram to 2025-03-16 00:00:00+00:00, run_after=2025-03-17 00:00:00+00:00
[2025-03-17T10:57:13.859+0000] {processor.py:183} INFO - Processing /opt/airflow/dags/5_1_house_assignment.py took 0.086 seconds
[2025-03-17T10:57:44.770+0000] {processor.py:161} INFO - Started process (PID=629) to work on /opt/airflow/dags/5_1_house_assignment.py
[2025-03-17T10:57:44.771+0000] {processor.py:830} INFO - Processing file /opt/airflow/dags/5_1_house_assignment.py for tasks to queue
[2025-03-17T10:57:44.772+0000] {logging_mixin.py:188} INFO - [2025-03-17T10:57:44.772+0000] {dagbag.py:538} INFO - Filling up the DagBag from /opt/airflow/dags/5_1_house_assignment.py
[2025-03-17T10:57:44.787+0000] {processor.py:840} INFO - DAG(s) 'Telegram' retrieved from /opt/airflow/dags/5_1_house_assignment.py
[2025-03-17T10:57:44.805+0000] {logging_mixin.py:188} INFO - [2025-03-17T10:57:44.805+0000] {dag.py:3036} INFO - Sync 1 DAGs
[2025-03-17T10:57:44.823+0000] {logging_mixin.py:188} INFO - [2025-03-17T10:57:44.823+0000] {dag.py:3823} INFO - Setting next_dagrun for Telegram to 2025-03-16 00:00:00+00:00, run_after=2025-03-17 00:00:00+00:00
[2025-03-17T10:57:44.847+0000] {processor.py:183} INFO - Processing /opt/airflow/dags/5_1_house_assignment.py took 0.080 seconds
[2025-03-17T10:58:15.998+0000] {processor.py:161} INFO - Started process (PID=654) to work on /opt/airflow/dags/5_1_house_assignment.py
[2025-03-17T10:58:15.999+0000] {processor.py:830} INFO - Processing file /opt/airflow/dags/5_1_house_assignment.py for tasks to queue
[2025-03-17T10:58:16.000+0000] {logging_mixin.py:188} INFO - [2025-03-17T10:58:15.999+0000] {dagbag.py:538} INFO - Filling up the DagBag from /opt/airflow/dags/5_1_house_assignment.py
[2025-03-17T10:58:16.016+0000] {processor.py:840} INFO - DAG(s) 'Telegram' retrieved from /opt/airflow/dags/5_1_house_assignment.py
[2025-03-17T10:58:16.035+0000] {logging_mixin.py:188} INFO - [2025-03-17T10:58:16.035+0000] {dag.py:3036} INFO - Sync 1 DAGs
[2025-03-17T10:58:16.051+0000] {logging_mixin.py:188} INFO - [2025-03-17T10:58:16.051+0000] {dag.py:3823} INFO - Setting next_dagrun for Telegram to 2025-03-16 00:00:00+00:00, run_after=2025-03-17 00:00:00+00:00
[2025-03-17T10:58:16.072+0000] {processor.py:183} INFO - Processing /opt/airflow/dags/5_1_house_assignment.py took 0.077 seconds
[2025-03-17T10:58:47.541+0000] {processor.py:161} INFO - Started process (PID=679) to work on /opt/airflow/dags/5_1_house_assignment.py
[2025-03-17T10:58:47.542+0000] {processor.py:830} INFO - Processing file /opt/airflow/dags/5_1_house_assignment.py for tasks to queue
[2025-03-17T10:58:47.543+0000] {logging_mixin.py:188} INFO - [2025-03-17T10:58:47.543+0000] {dagbag.py:538} INFO - Filling up the DagBag from /opt/airflow/dags/5_1_house_assignment.py
[2025-03-17T10:58:47.559+0000] {processor.py:840} INFO - DAG(s) 'Telegram' retrieved from /opt/airflow/dags/5_1_house_assignment.py
[2025-03-17T10:58:47.583+0000] {logging_mixin.py:188} INFO - [2025-03-17T10:58:47.583+0000] {dag.py:3036} INFO - Sync 1 DAGs
[2025-03-17T10:58:47.603+0000] {logging_mixin.py:188} INFO - [2025-03-17T10:58:47.603+0000] {dag.py:3823} INFO - Setting next_dagrun for Telegram to 2025-03-16 00:00:00+00:00, run_after=2025-03-17 00:00:00+00:00
[2025-03-17T10:58:47.629+0000] {processor.py:183} INFO - Processing /opt/airflow/dags/5_1_house_assignment.py took 0.090 seconds
[2025-03-17T10:59:18.898+0000] {processor.py:161} INFO - Started process (PID=704) to work on /opt/airflow/dags/5_1_house_assignment.py
[2025-03-17T10:59:18.899+0000] {processor.py:830} INFO - Processing file /opt/airflow/dags/5_1_house_assignment.py for tasks to queue
[2025-03-17T10:59:18.900+0000] {logging_mixin.py:188} INFO - [2025-03-17T10:59:18.900+0000] {dagbag.py:538} INFO - Filling up the DagBag from /opt/airflow/dags/5_1_house_assignment.py
[2025-03-17T10:59:18.914+0000] {processor.py:840} INFO - DAG(s) 'Telegram' retrieved from /opt/airflow/dags/5_1_house_assignment.py
[2025-03-17T10:59:18.931+0000] {logging_mixin.py:188} INFO - [2025-03-17T10:59:18.931+0000] {dag.py:3036} INFO - Sync 1 DAGs
[2025-03-17T10:59:18.947+0000] {logging_mixin.py:188} INFO - [2025-03-17T10:59:18.947+0000] {dag.py:3823} INFO - Setting next_dagrun for Telegram to 2025-03-16 00:00:00+00:00, run_after=2025-03-17 00:00:00+00:00
[2025-03-17T10:59:18.979+0000] {processor.py:183} INFO - Processing /opt/airflow/dags/5_1_house_assignment.py took 0.083 seconds
[2025-03-17T10:59:50.787+0000] {processor.py:161} INFO - Started process (PID=729) to work on /opt/airflow/dags/5_1_house_assignment.py
[2025-03-17T10:59:50.788+0000] {processor.py:830} INFO - Processing file /opt/airflow/dags/5_1_house_assignment.py for tasks to queue
[2025-03-17T10:59:50.789+0000] {logging_mixin.py:188} INFO - [2025-03-17T10:59:50.788+0000] {dagbag.py:538} INFO - Filling up the DagBag from /opt/airflow/dags/5_1_house_assignment.py
[2025-03-17T10:59:50.803+0000] {processor.py:840} INFO - DAG(s) 'Telegram' retrieved from /opt/airflow/dags/5_1_house_assignment.py
[2025-03-17T10:59:50.821+0000] {logging_mixin.py:188} INFO - [2025-03-17T10:59:50.821+0000] {dag.py:3036} INFO - Sync 1 DAGs
[2025-03-17T10:59:50.838+0000] {logging_mixin.py:188} INFO - [2025-03-17T10:59:50.837+0000] {dag.py:3823} INFO - Setting next_dagrun for Telegram to 2025-03-16 00:00:00+00:00, run_after=2025-03-17 00:00:00+00:00
[2025-03-17T10:59:50.858+0000] {processor.py:183} INFO - Processing /opt/airflow/dags/5_1_house_assignment.py took 0.073 seconds
[2025-03-17T11:00:22.444+0000] {processor.py:161} INFO - Started process (PID=754) to work on /opt/airflow/dags/5_1_house_assignment.py
[2025-03-17T11:00:22.445+0000] {processor.py:830} INFO - Processing file /opt/airflow/dags/5_1_house_assignment.py for tasks to queue
[2025-03-17T11:00:22.446+0000] {logging_mixin.py:188} INFO - [2025-03-17T11:00:22.446+0000] {dagbag.py:538} INFO - Filling up the DagBag from /opt/airflow/dags/5_1_house_assignment.py
[2025-03-17T11:00:22.461+0000] {processor.py:840} INFO - DAG(s) 'Telegram' retrieved from /opt/airflow/dags/5_1_house_assignment.py
[2025-03-17T11:00:22.480+0000] {logging_mixin.py:188} INFO - [2025-03-17T11:00:22.480+0000] {dag.py:3036} INFO - Sync 1 DAGs
[2025-03-17T11:00:22.496+0000] {logging_mixin.py:188} INFO - [2025-03-17T11:00:22.496+0000] {dag.py:3823} INFO - Setting next_dagrun for Telegram to 2025-03-16 00:00:00+00:00, run_after=2025-03-17 00:00:00+00:00
[2025-03-17T11:00:22.517+0000] {processor.py:183} INFO - Processing /opt/airflow/dags/5_1_house_assignment.py took 0.076 seconds
[2025-03-17T11:00:53.570+0000] {processor.py:161} INFO - Started process (PID=781) to work on /opt/airflow/dags/5_1_house_assignment.py
[2025-03-17T11:00:53.572+0000] {processor.py:830} INFO - Processing file /opt/airflow/dags/5_1_house_assignment.py for tasks to queue
[2025-03-17T11:00:53.575+0000] {logging_mixin.py:188} INFO - [2025-03-17T11:00:53.574+0000] {dagbag.py:538} INFO - Filling up the DagBag from /opt/airflow/dags/5_1_house_assignment.py
[2025-03-17T11:00:53.606+0000] {processor.py:840} INFO - DAG(s) 'Telegram' retrieved from /opt/airflow/dags/5_1_house_assignment.py
[2025-03-17T11:00:53.638+0000] {logging_mixin.py:188} INFO - [2025-03-17T11:00:53.637+0000] {dag.py:3036} INFO - Sync 1 DAGs
[2025-03-17T11:00:53.665+0000] {logging_mixin.py:188} INFO - [2025-03-17T11:00:53.664+0000] {dag.py:3823} INFO - Setting next_dagrun for Telegram to 2025-03-16 00:00:00+00:00, run_after=2025-03-17 00:00:00+00:00
[2025-03-17T11:00:53.707+0000] {processor.py:183} INFO - Processing /opt/airflow/dags/5_1_house_assignment.py took 0.146 seconds
[2025-03-17T11:01:24.517+0000] {processor.py:161} INFO - Started process (PID=808) to work on /opt/airflow/dags/5_1_house_assignment.py
[2025-03-17T11:01:24.518+0000] {processor.py:830} INFO - Processing file /opt/airflow/dags/5_1_house_assignment.py for tasks to queue
[2025-03-17T11:01:24.519+0000] {logging_mixin.py:188} INFO - [2025-03-17T11:01:24.519+0000] {dagbag.py:538} INFO - Filling up the DagBag from /opt/airflow/dags/5_1_house_assignment.py
[2025-03-17T11:01:24.535+0000] {processor.py:840} INFO - DAG(s) 'Telegram' retrieved from /opt/airflow/dags/5_1_house_assignment.py
[2025-03-17T11:01:24.556+0000] {logging_mixin.py:188} INFO - [2025-03-17T11:01:24.556+0000] {dag.py:3036} INFO - Sync 1 DAGs
[2025-03-17T11:01:24.574+0000] {logging_mixin.py:188} INFO - [2025-03-17T11:01:24.574+0000] {dag.py:3823} INFO - Setting next_dagrun for Telegram to 2025-03-16 00:00:00+00:00, run_after=2025-03-17 00:00:00+00:00
[2025-03-17T11:01:24.597+0000] {processor.py:183} INFO - Processing /opt/airflow/dags/5_1_house_assignment.py took 0.082 seconds
[2025-03-17T11:01:56.041+0000] {processor.py:161} INFO - Started process (PID=833) to work on /opt/airflow/dags/5_1_house_assignment.py
[2025-03-17T11:01:56.042+0000] {processor.py:830} INFO - Processing file /opt/airflow/dags/5_1_house_assignment.py for tasks to queue
[2025-03-17T11:01:56.044+0000] {logging_mixin.py:188} INFO - [2025-03-17T11:01:56.043+0000] {dagbag.py:538} INFO - Filling up the DagBag from /opt/airflow/dags/5_1_house_assignment.py
[2025-03-17T11:01:56.083+0000] {processor.py:840} INFO - DAG(s) 'Telegram' retrieved from /opt/airflow/dags/5_1_house_assignment.py
[2025-03-17T11:01:56.114+0000] {logging_mixin.py:188} INFO - [2025-03-17T11:01:56.114+0000] {dag.py:3036} INFO - Sync 1 DAGs
[2025-03-17T11:01:56.159+0000] {logging_mixin.py:188} INFO - [2025-03-17T11:01:56.159+0000] {dag.py:3823} INFO - Setting next_dagrun for Telegram to 2025-03-16 00:00:00+00:00, run_after=2025-03-17 00:00:00+00:00
[2025-03-17T11:01:56.191+0000] {processor.py:183} INFO - Processing /opt/airflow/dags/5_1_house_assignment.py took 0.154 seconds
[2025-03-17T11:02:27.289+0000] {processor.py:161} INFO - Started process (PID=862) to work on /opt/airflow/dags/5_1_house_assignment.py
[2025-03-17T11:02:27.290+0000] {processor.py:830} INFO - Processing file /opt/airflow/dags/5_1_house_assignment.py for tasks to queue
[2025-03-17T11:02:27.291+0000] {logging_mixin.py:188} INFO - [2025-03-17T11:02:27.291+0000] {dagbag.py:538} INFO - Filling up the DagBag from /opt/airflow/dags/5_1_house_assignment.py
[2025-03-17T11:02:27.309+0000] {processor.py:840} INFO - DAG(s) 'Telegram' retrieved from /opt/airflow/dags/5_1_house_assignment.py
[2025-03-17T11:02:27.332+0000] {logging_mixin.py:188} INFO - [2025-03-17T11:02:27.332+0000] {dag.py:3036} INFO - Sync 1 DAGs
[2025-03-17T11:02:27.355+0000] {logging_mixin.py:188} INFO - [2025-03-17T11:02:27.355+0000] {dag.py:3823} INFO - Setting next_dagrun for Telegram to 2025-03-16 00:00:00+00:00, run_after=2025-03-17 00:00:00+00:00
[2025-03-17T11:02:27.382+0000] {processor.py:183} INFO - Processing /opt/airflow/dags/5_1_house_assignment.py took 0.096 seconds
[2025-03-17T11:02:58.407+0000] {processor.py:161} INFO - Started process (PID=887) to work on /opt/airflow/dags/5_1_house_assignment.py
[2025-03-17T11:02:58.409+0000] {processor.py:830} INFO - Processing file /opt/airflow/dags/5_1_house_assignment.py for tasks to queue
[2025-03-17T11:02:58.411+0000] {logging_mixin.py:188} INFO - [2025-03-17T11:02:58.410+0000] {dagbag.py:538} INFO - Filling up the DagBag from /opt/airflow/dags/5_1_house_assignment.py
[2025-03-17T11:02:58.441+0000] {processor.py:840} INFO - DAG(s) 'Telegram' retrieved from /opt/airflow/dags/5_1_house_assignment.py
[2025-03-17T11:02:58.519+0000] {logging_mixin.py:188} INFO - [2025-03-17T11:02:58.519+0000] {dag.py:3036} INFO - Sync 1 DAGs
[2025-03-17T11:02:58.598+0000] {logging_mixin.py:188} INFO - [2025-03-17T11:02:58.598+0000] {dag.py:3823} INFO - Setting next_dagrun for Telegram to 2025-03-16 00:00:00+00:00, run_after=2025-03-17 00:00:00+00:00
[2025-03-17T11:02:58.808+0000] {processor.py:183} INFO - Processing /opt/airflow/dags/5_1_house_assignment.py took 0.406 seconds
[2025-03-17T11:03:29.560+0000] {processor.py:161} INFO - Started process (PID=912) to work on /opt/airflow/dags/5_1_house_assignment.py
[2025-03-17T11:03:29.561+0000] {processor.py:830} INFO - Processing file /opt/airflow/dags/5_1_house_assignment.py for tasks to queue
[2025-03-17T11:03:29.562+0000] {logging_mixin.py:188} INFO - [2025-03-17T11:03:29.561+0000] {dagbag.py:538} INFO - Filling up the DagBag from /opt/airflow/dags/5_1_house_assignment.py
[2025-03-17T11:03:29.579+0000] {processor.py:840} INFO - DAG(s) 'Telegram' retrieved from /opt/airflow/dags/5_1_house_assignment.py
[2025-03-17T11:03:29.602+0000] {logging_mixin.py:188} INFO - [2025-03-17T11:03:29.602+0000] {dag.py:3036} INFO - Sync 1 DAGs
[2025-03-17T11:03:29.623+0000] {logging_mixin.py:188} INFO - [2025-03-17T11:03:29.623+0000] {dag.py:3823} INFO - Setting next_dagrun for Telegram to 2025-03-16 00:00:00+00:00, run_after=2025-03-17 00:00:00+00:00
[2025-03-17T11:03:29.656+0000] {processor.py:183} INFO - Processing /opt/airflow/dags/5_1_house_assignment.py took 0.099 seconds
[2025-03-17T11:04:00.525+0000] {processor.py:161} INFO - Started process (PID=937) to work on /opt/airflow/dags/5_1_house_assignment.py
[2025-03-17T11:04:00.527+0000] {processor.py:830} INFO - Processing file /opt/airflow/dags/5_1_house_assignment.py for tasks to queue
[2025-03-17T11:04:00.528+0000] {logging_mixin.py:188} INFO - [2025-03-17T11:04:00.527+0000] {dagbag.py:538} INFO - Filling up the DagBag from /opt/airflow/dags/5_1_house_assignment.py
[2025-03-17T11:04:00.552+0000] {processor.py:840} INFO - DAG(s) 'Telegram' retrieved from /opt/airflow/dags/5_1_house_assignment.py
[2025-03-17T11:04:00.579+0000] {logging_mixin.py:188} INFO - [2025-03-17T11:04:00.579+0000] {dag.py:3036} INFO - Sync 1 DAGs
[2025-03-17T11:04:00.599+0000] {logging_mixin.py:188} INFO - [2025-03-17T11:04:00.599+0000] {dag.py:3823} INFO - Setting next_dagrun for Telegram to 2025-03-16 00:00:00+00:00, run_after=2025-03-17 00:00:00+00:00
[2025-03-17T11:04:00.627+0000] {processor.py:183} INFO - Processing /opt/airflow/dags/5_1_house_assignment.py took 0.105 seconds
[2025-03-17T11:04:30.771+0000] {processor.py:161} INFO - Started process (PID=962) to work on /opt/airflow/dags/5_1_house_assignment.py
[2025-03-17T11:04:30.772+0000] {processor.py:830} INFO - Processing file /opt/airflow/dags/5_1_house_assignment.py for tasks to queue
[2025-03-17T11:04:30.773+0000] {logging_mixin.py:188} INFO - [2025-03-17T11:04:30.773+0000] {dagbag.py:538} INFO - Filling up the DagBag from /opt/airflow/dags/5_1_house_assignment.py
[2025-03-17T11:04:30.792+0000] {processor.py:840} INFO - DAG(s) 'Telegram' retrieved from /opt/airflow/dags/5_1_house_assignment.py
[2025-03-17T11:04:30.820+0000] {logging_mixin.py:188} INFO - [2025-03-17T11:04:30.819+0000] {dag.py:3036} INFO - Sync 1 DAGs
[2025-03-17T11:04:30.844+0000] {logging_mixin.py:188} INFO - [2025-03-17T11:04:30.843+0000] {dag.py:3823} INFO - Setting next_dagrun for Telegram to 2025-03-16 00:00:00+00:00, run_after=2025-03-17 00:00:00+00:00
[2025-03-17T11:04:30.873+0000] {processor.py:183} INFO - Processing /opt/airflow/dags/5_1_house_assignment.py took 0.105 seconds
[2025-03-17T11:05:02.673+0000] {processor.py:161} INFO - Started process (PID=989) to work on /opt/airflow/dags/5_1_house_assignment.py
[2025-03-17T11:05:02.674+0000] {processor.py:830} INFO - Processing file /opt/airflow/dags/5_1_house_assignment.py for tasks to queue
[2025-03-17T11:05:02.675+0000] {logging_mixin.py:188} INFO - [2025-03-17T11:05:02.675+0000] {dagbag.py:538} INFO - Filling up the DagBag from /opt/airflow/dags/5_1_house_assignment.py
[2025-03-17T11:05:02.690+0000] {processor.py:840} INFO - DAG(s) 'Telegram' retrieved from /opt/airflow/dags/5_1_house_assignment.py
[2025-03-17T11:05:02.709+0000] {logging_mixin.py:188} INFO - [2025-03-17T11:05:02.708+0000] {dag.py:3036} INFO - Sync 1 DAGs
[2025-03-17T11:05:02.725+0000] {logging_mixin.py:188} INFO - [2025-03-17T11:05:02.725+0000] {dag.py:3823} INFO - Setting next_dagrun for Telegram to 2025-03-16 00:00:00+00:00, run_after=2025-03-17 00:00:00+00:00
[2025-03-17T11:05:02.745+0000] {processor.py:183} INFO - Processing /opt/airflow/dags/5_1_house_assignment.py took 0.074 seconds
[2025-03-17T11:05:35.100+0000] {processor.py:161} INFO - Started process (PID=1016) to work on /opt/airflow/dags/5_1_house_assignment.py
[2025-03-17T11:05:35.101+0000] {processor.py:830} INFO - Processing file /opt/airflow/dags/5_1_house_assignment.py for tasks to queue
[2025-03-17T11:05:35.102+0000] {logging_mixin.py:188} INFO - [2025-03-17T11:05:35.101+0000] {dagbag.py:538} INFO - Filling up the DagBag from /opt/airflow/dags/5_1_house_assignment.py
[2025-03-17T11:05:35.119+0000] {processor.py:840} INFO - DAG(s) 'Telegram' retrieved from /opt/airflow/dags/5_1_house_assignment.py
[2025-03-17T11:05:35.143+0000] {logging_mixin.py:188} INFO - [2025-03-17T11:05:35.142+0000] {dag.py:3036} INFO - Sync 1 DAGs
[2025-03-17T11:05:35.165+0000] {logging_mixin.py:188} INFO - [2025-03-17T11:05:35.165+0000] {dag.py:3823} INFO - Setting next_dagrun for Telegram to 2025-03-16 00:00:00+00:00, run_after=2025-03-17 00:00:00+00:00
[2025-03-17T11:05:35.192+0000] {processor.py:183} INFO - Processing /opt/airflow/dags/5_1_house_assignment.py took 0.096 seconds
[2025-03-17T11:06:06.848+0000] {processor.py:161} INFO - Started process (PID=1041) to work on /opt/airflow/dags/5_1_house_assignment.py
[2025-03-17T11:06:06.849+0000] {processor.py:830} INFO - Processing file /opt/airflow/dags/5_1_house_assignment.py for tasks to queue
[2025-03-17T11:06:06.850+0000] {logging_mixin.py:188} INFO - [2025-03-17T11:06:06.850+0000] {dagbag.py:538} INFO - Filling up the DagBag from /opt/airflow/dags/5_1_house_assignment.py
[2025-03-17T11:06:06.869+0000] {processor.py:840} INFO - DAG(s) 'Telegram' retrieved from /opt/airflow/dags/5_1_house_assignment.py
[2025-03-17T11:06:06.891+0000] {logging_mixin.py:188} INFO - [2025-03-17T11:06:06.891+0000] {dag.py:3036} INFO - Sync 1 DAGs
[2025-03-17T11:06:06.911+0000] {logging_mixin.py:188} INFO - [2025-03-17T11:06:06.910+0000] {dag.py:3823} INFO - Setting next_dagrun for Telegram to 2025-03-16 00:00:00+00:00, run_after=2025-03-17 00:00:00+00:00
[2025-03-17T11:06:06.937+0000] {processor.py:183} INFO - Processing /opt/airflow/dags/5_1_house_assignment.py took 0.092 seconds
[2025-03-17T11:06:37.893+0000] {processor.py:161} INFO - Started process (PID=1066) to work on /opt/airflow/dags/5_1_house_assignment.py
[2025-03-17T11:06:37.894+0000] {processor.py:830} INFO - Processing file /opt/airflow/dags/5_1_house_assignment.py for tasks to queue
[2025-03-17T11:06:37.895+0000] {logging_mixin.py:188} INFO - [2025-03-17T11:06:37.894+0000] {dagbag.py:538} INFO - Filling up the DagBag from /opt/airflow/dags/5_1_house_assignment.py
[2025-03-17T11:06:37.915+0000] {processor.py:840} INFO - DAG(s) 'Telegram' retrieved from /opt/airflow/dags/5_1_house_assignment.py
[2025-03-17T11:06:37.938+0000] {logging_mixin.py:188} INFO - [2025-03-17T11:06:37.938+0000] {dag.py:3036} INFO - Sync 1 DAGs
[2025-03-17T11:06:37.959+0000] {logging_mixin.py:188} INFO - [2025-03-17T11:06:37.959+0000] {dag.py:3823} INFO - Setting next_dagrun for Telegram to 2025-03-16 00:00:00+00:00, run_after=2025-03-17 00:00:00+00:00
[2025-03-17T11:06:37.985+0000] {processor.py:183} INFO - Processing /opt/airflow/dags/5_1_house_assignment.py took 0.100 seconds
[2025-03-17T11:07:11.342+0000] {processor.py:161} INFO - Started process (PID=1095) to work on /opt/airflow/dags/5_1_house_assignment.py
[2025-03-17T11:07:11.346+0000] {processor.py:830} INFO - Processing file /opt/airflow/dags/5_1_house_assignment.py for tasks to queue
[2025-03-17T11:07:11.349+0000] {logging_mixin.py:188} INFO - [2025-03-17T11:07:11.348+0000] {dagbag.py:538} INFO - Filling up the DagBag from /opt/airflow/dags/5_1_house_assignment.py
[2025-03-17T11:07:11.387+0000] {processor.py:840} INFO - DAG(s) 'Telegram' retrieved from /opt/airflow/dags/5_1_house_assignment.py
[2025-03-17T11:07:11.434+0000] {logging_mixin.py:188} INFO - [2025-03-17T11:07:11.433+0000] {dag.py:3036} INFO - Sync 1 DAGs
[2025-03-17T11:07:11.501+0000] {logging_mixin.py:188} INFO - [2025-03-17T11:07:11.500+0000] {dag.py:3823} INFO - Setting next_dagrun for Telegram to 2025-03-16 00:00:00+00:00, run_after=2025-03-17 00:00:00+00:00
[2025-03-17T11:07:11.565+0000] {processor.py:183} INFO - Processing /opt/airflow/dags/5_1_house_assignment.py took 0.229 seconds
[2025-03-17T11:07:53.826+0000] {processor.py:161} INFO - Started process (PID=1228) to work on /opt/airflow/dags/5_1_house_assignment.py
[2025-03-17T11:07:53.827+0000] {processor.py:830} INFO - Processing file /opt/airflow/dags/5_1_house_assignment.py for tasks to queue
[2025-03-17T11:07:53.828+0000] {logging_mixin.py:188} INFO - [2025-03-17T11:07:53.828+0000] {dagbag.py:538} INFO - Filling up the DagBag from /opt/airflow/dags/5_1_house_assignment.py
[2025-03-17T11:07:53.847+0000] {processor.py:840} INFO - DAG(s) 'Telegram' retrieved from /opt/airflow/dags/5_1_house_assignment.py
[2025-03-17T11:07:53.872+0000] {logging_mixin.py:188} INFO - [2025-03-17T11:07:53.872+0000] {dag.py:3036} INFO - Sync 1 DAGs
[2025-03-17T11:07:53.892+0000] {logging_mixin.py:188} INFO - [2025-03-17T11:07:53.891+0000] {dag.py:3823} INFO - Setting next_dagrun for Telegram to 2025-03-16 00:00:00+00:00, run_after=2025-03-17 00:00:00+00:00
[2025-03-17T11:07:53.920+0000] {processor.py:183} INFO - Processing /opt/airflow/dags/5_1_house_assignment.py took 0.097 seconds
[2025-03-17T11:08:36.585+0000] {processor.py:161} INFO - Started process (PID=1354) to work on /opt/airflow/dags/5_1_house_assignment.py
[2025-03-17T11:08:36.589+0000] {processor.py:830} INFO - Processing file /opt/airflow/dags/5_1_house_assignment.py for tasks to queue
[2025-03-17T11:08:36.593+0000] {logging_mixin.py:188} INFO - [2025-03-17T11:08:36.591+0000] {dagbag.py:538} INFO - Filling up the DagBag from /opt/airflow/dags/5_1_house_assignment.py
[2025-03-17T11:08:36.630+0000] {processor.py:840} INFO - DAG(s) 'Telegram' retrieved from /opt/airflow/dags/5_1_house_assignment.py
[2025-03-17T11:08:36.660+0000] {logging_mixin.py:188} INFO - [2025-03-17T11:08:36.660+0000] {dag.py:3036} INFO - Sync 1 DAGs
[2025-03-17T11:08:36.686+0000] {logging_mixin.py:188} INFO - [2025-03-17T11:08:36.685+0000] {dag.py:3823} INFO - Setting next_dagrun for Telegram to 2025-03-16 00:00:00+00:00, run_after=2025-03-17 00:00:00+00:00
[2025-03-17T11:08:36.717+0000] {processor.py:183} INFO - Processing /opt/airflow/dags/5_1_house_assignment.py took 0.139 seconds
[2025-03-17T11:09:38.918+0000] {processor.py:161} INFO - Started process (PID=1628) to work on /opt/airflow/dags/5_1_house_assignment.py
[2025-03-17T11:09:38.918+0000] {processor.py:830} INFO - Processing file /opt/airflow/dags/5_1_house_assignment.py for tasks to queue
[2025-03-17T11:09:38.919+0000] {logging_mixin.py:188} INFO - [2025-03-17T11:09:38.919+0000] {dagbag.py:538} INFO - Filling up the DagBag from /opt/airflow/dags/5_1_house_assignment.py
[2025-03-17T11:09:38.935+0000] {processor.py:840} INFO - DAG(s) 'Telegram' retrieved from /opt/airflow/dags/5_1_house_assignment.py
[2025-03-17T11:09:38.954+0000] {logging_mixin.py:188} INFO - [2025-03-17T11:09:38.954+0000] {dag.py:3036} INFO - Sync 1 DAGs
[2025-03-17T11:09:38.972+0000] {logging_mixin.py:188} INFO - [2025-03-17T11:09:38.971+0000] {dag.py:3823} INFO - Setting next_dagrun for Telegram to 2025-03-16 00:00:00+00:00, run_after=2025-03-17 00:00:00+00:00
[2025-03-17T11:09:38.991+0000] {processor.py:183} INFO - Processing /opt/airflow/dags/5_1_house_assignment.py took 0.076 seconds
[2025-03-17T11:10:09.068+0000] {processor.py:161} INFO - Started process (PID=1687) to work on /opt/airflow/dags/5_1_house_assignment.py
[2025-03-17T11:10:09.069+0000] {processor.py:830} INFO - Processing file /opt/airflow/dags/5_1_house_assignment.py for tasks to queue
[2025-03-17T11:10:09.070+0000] {logging_mixin.py:188} INFO - [2025-03-17T11:10:09.070+0000] {dagbag.py:538} INFO - Filling up the DagBag from /opt/airflow/dags/5_1_house_assignment.py
[2025-03-17T11:10:09.085+0000] {processor.py:840} INFO - DAG(s) 'Telegram' retrieved from /opt/airflow/dags/5_1_house_assignment.py
[2025-03-17T11:10:09.104+0000] {logging_mixin.py:188} INFO - [2025-03-17T11:10:09.104+0000] {dag.py:3036} INFO - Sync 1 DAGs
[2025-03-17T11:10:09.121+0000] {logging_mixin.py:188} INFO - [2025-03-17T11:10:09.121+0000] {dag.py:3823} INFO - Setting next_dagrun for Telegram to 2025-03-16 00:00:00+00:00, run_after=2025-03-17 00:00:00+00:00
[2025-03-17T11:10:09.142+0000] {processor.py:183} INFO - Processing /opt/airflow/dags/5_1_house_assignment.py took 0.076 seconds
[2025-03-17T11:10:39.799+0000] {processor.py:161} INFO - Started process (PID=1712) to work on /opt/airflow/dags/5_1_house_assignment.py
[2025-03-17T11:10:39.800+0000] {processor.py:830} INFO - Processing file /opt/airflow/dags/5_1_house_assignment.py for tasks to queue
[2025-03-17T11:10:39.801+0000] {logging_mixin.py:188} INFO - [2025-03-17T11:10:39.800+0000] {dagbag.py:538} INFO - Filling up the DagBag from /opt/airflow/dags/5_1_house_assignment.py
[2025-03-17T11:10:39.819+0000] {processor.py:840} INFO - DAG(s) 'Telegram' retrieved from /opt/airflow/dags/5_1_house_assignment.py
[2025-03-17T11:10:39.841+0000] {logging_mixin.py:188} INFO - [2025-03-17T11:10:39.841+0000] {dag.py:3036} INFO - Sync 1 DAGs
[2025-03-17T11:10:39.858+0000] {logging_mixin.py:188} INFO - [2025-03-17T11:10:39.858+0000] {dag.py:3823} INFO - Setting next_dagrun for Telegram to 2025-03-16 00:00:00+00:00, run_after=2025-03-17 00:00:00+00:00
[2025-03-17T11:10:39.879+0000] {processor.py:183} INFO - Processing /opt/airflow/dags/5_1_house_assignment.py took 0.083 seconds
[2025-03-17T11:11:11.249+0000] {processor.py:161} INFO - Started process (PID=1737) to work on /opt/airflow/dags/5_1_house_assignment.py
[2025-03-17T11:11:11.250+0000] {processor.py:830} INFO - Processing file /opt/airflow/dags/5_1_house_assignment.py for tasks to queue
[2025-03-17T11:11:11.251+0000] {logging_mixin.py:188} INFO - [2025-03-17T11:11:11.251+0000] {dagbag.py:538} INFO - Filling up the DagBag from /opt/airflow/dags/5_1_house_assignment.py
[2025-03-17T11:11:11.267+0000] {processor.py:840} INFO - DAG(s) 'Telegram' retrieved from /opt/airflow/dags/5_1_house_assignment.py
[2025-03-17T11:11:11.288+0000] {logging_mixin.py:188} INFO - [2025-03-17T11:11:11.288+0000] {dag.py:3036} INFO - Sync 1 DAGs
[2025-03-17T11:11:11.305+0000] {logging_mixin.py:188} INFO - [2025-03-17T11:11:11.304+0000] {dag.py:3823} INFO - Setting next_dagrun for Telegram to 2025-03-16 00:00:00+00:00, run_after=2025-03-17 00:00:00+00:00
[2025-03-17T11:11:11.325+0000] {processor.py:183} INFO - Processing /opt/airflow/dags/5_1_house_assignment.py took 0.079 seconds
[2025-03-17T11:11:42.447+0000] {processor.py:161} INFO - Started process (PID=1762) to work on /opt/airflow/dags/5_1_house_assignment.py
[2025-03-17T11:11:42.449+0000] {processor.py:830} INFO - Processing file /opt/airflow/dags/5_1_house_assignment.py for tasks to queue
[2025-03-17T11:11:42.450+0000] {logging_mixin.py:188} INFO - [2025-03-17T11:11:42.449+0000] {dagbag.py:538} INFO - Filling up the DagBag from /opt/airflow/dags/5_1_house_assignment.py
[2025-03-17T11:11:42.465+0000] {processor.py:840} INFO - DAG(s) 'Telegram' retrieved from /opt/airflow/dags/5_1_house_assignment.py
[2025-03-17T11:11:42.486+0000] {logging_mixin.py:188} INFO - [2025-03-17T11:11:42.486+0000] {dag.py:3036} INFO - Sync 1 DAGs
[2025-03-17T11:11:42.505+0000] {logging_mixin.py:188} INFO - [2025-03-17T11:11:42.505+0000] {dag.py:3823} INFO - Setting next_dagrun for Telegram to 2025-03-16 00:00:00+00:00, run_after=2025-03-17 00:00:00+00:00
[2025-03-17T11:11:42.527+0000] {processor.py:183} INFO - Processing /opt/airflow/dags/5_1_house_assignment.py took 0.083 seconds
[2025-03-17T11:12:14.705+0000] {processor.py:161} INFO - Started process (PID=1787) to work on /opt/airflow/dags/5_1_house_assignment.py
[2025-03-17T11:12:14.707+0000] {processor.py:830} INFO - Processing file /opt/airflow/dags/5_1_house_assignment.py for tasks to queue
[2025-03-17T11:12:14.708+0000] {logging_mixin.py:188} INFO - [2025-03-17T11:12:14.707+0000] {dagbag.py:538} INFO - Filling up the DagBag from /opt/airflow/dags/5_1_house_assignment.py
[2025-03-17T11:12:14.724+0000] {processor.py:840} INFO - DAG(s) 'Telegram' retrieved from /opt/airflow/dags/5_1_house_assignment.py
[2025-03-17T11:12:14.744+0000] {logging_mixin.py:188} INFO - [2025-03-17T11:12:14.743+0000] {dag.py:3036} INFO - Sync 1 DAGs
[2025-03-17T11:12:14.762+0000] {logging_mixin.py:188} INFO - [2025-03-17T11:12:14.761+0000] {dag.py:3823} INFO - Setting next_dagrun for Telegram to 2025-03-16 00:00:00+00:00, run_after=2025-03-17 00:00:00+00:00
[2025-03-17T11:12:14.785+0000] {processor.py:183} INFO - Processing /opt/airflow/dags/5_1_house_assignment.py took 0.082 seconds
