[2025-03-17T10:47:58.713+0000] {processor.py:161} INFO - Started process (PID=149) to work on /opt/airflow/dags/5_1_xcom.py
[2025-03-17T10:47:58.715+0000] {processor.py:830} INFO - Processing file /opt/airflow/dags/5_1_xcom.py for tasks to queue
[2025-03-17T10:47:58.716+0000] {logging_mixin.py:188} INFO - [2025-03-17T10:47:58.716+0000] {dagbag.py:538} INFO - Filling up the DagBag from /opt/airflow/dags/5_1_xcom.py
[2025-03-17T10:47:58.736+0000] {processor.py:840} INFO - DAG(s) 'dag' retrieved from /opt/airflow/dags/5_1_xcom.py
[2025-03-17T10:47:58.744+0000] {logging_mixin.py:188} INFO - [2025-03-17T10:47:58.744+0000] {dag.py:3036} INFO - Sync 1 DAGs
[2025-03-17T10:47:58.756+0000] {logging_mixin.py:188} INFO - [2025-03-17T10:47:58.756+0000] {dag.py:3823} INFO - Setting next_dagrun for dag to None, run_after=None
[2025-03-17T10:47:58.800+0000] {processor.py:183} INFO - Processing /opt/airflow/dags/5_1_xcom.py took 0.090 seconds
[2025-03-17T10:48:31.760+0000] {processor.py:161} INFO - Started process (PID=196) to work on /opt/airflow/dags/5_1_xcom.py
[2025-03-17T10:48:31.762+0000] {processor.py:830} INFO - Processing file /opt/airflow/dags/5_1_xcom.py for tasks to queue
[2025-03-17T10:48:31.763+0000] {logging_mixin.py:188} INFO - [2025-03-17T10:48:31.763+0000] {dagbag.py:538} INFO - Filling up the DagBag from /opt/airflow/dags/5_1_xcom.py
[2025-03-17T10:48:31.782+0000] {processor.py:840} INFO - DAG(s) 'dag' retrieved from /opt/airflow/dags/5_1_xcom.py
[2025-03-17T10:48:31.894+0000] {logging_mixin.py:188} INFO - [2025-03-17T10:48:31.893+0000] {dag.py:3036} INFO - Sync 1 DAGs
[2025-03-17T10:48:31.905+0000] {logging_mixin.py:188} INFO - [2025-03-17T10:48:31.905+0000] {dag.py:3823} INFO - Setting next_dagrun for dag to None, run_after=None
[2025-03-17T10:48:31.944+0000] {processor.py:183} INFO - Processing /opt/airflow/dags/5_1_xcom.py took 0.188 seconds
[2025-03-17T10:49:02.600+0000] {processor.py:161} INFO - Started process (PID=220) to work on /opt/airflow/dags/5_1_xcom.py
[2025-03-17T10:49:02.601+0000] {processor.py:830} INFO - Processing file /opt/airflow/dags/5_1_xcom.py for tasks to queue
[2025-03-17T10:49:02.602+0000] {logging_mixin.py:188} INFO - [2025-03-17T10:49:02.601+0000] {dagbag.py:538} INFO - Filling up the DagBag from /opt/airflow/dags/5_1_xcom.py
[2025-03-17T10:49:02.618+0000] {processor.py:840} INFO - DAG(s) 'dag' retrieved from /opt/airflow/dags/5_1_xcom.py
[2025-03-17T10:49:02.636+0000] {logging_mixin.py:188} INFO - [2025-03-17T10:49:02.636+0000] {dag.py:3036} INFO - Sync 1 DAGs
[2025-03-17T10:49:02.648+0000] {logging_mixin.py:188} INFO - [2025-03-17T10:49:02.648+0000] {dag.py:3823} INFO - Setting next_dagrun for dag to None, run_after=None
[2025-03-17T10:49:02.690+0000] {processor.py:183} INFO - Processing /opt/airflow/dags/5_1_xcom.py took 0.093 seconds
[2025-03-17T10:49:33.933+0000] {processor.py:161} INFO - Started process (PID=244) to work on /opt/airflow/dags/5_1_xcom.py
[2025-03-17T10:49:33.934+0000] {processor.py:830} INFO - Processing file /opt/airflow/dags/5_1_xcom.py for tasks to queue
[2025-03-17T10:49:33.935+0000] {logging_mixin.py:188} INFO - [2025-03-17T10:49:33.935+0000] {dagbag.py:538} INFO - Filling up the DagBag from /opt/airflow/dags/5_1_xcom.py
[2025-03-17T10:49:33.951+0000] {processor.py:840} INFO - DAG(s) 'dag' retrieved from /opt/airflow/dags/5_1_xcom.py
[2025-03-17T10:49:33.968+0000] {logging_mixin.py:188} INFO - [2025-03-17T10:49:33.968+0000] {dag.py:3036} INFO - Sync 1 DAGs
[2025-03-17T10:49:33.978+0000] {logging_mixin.py:188} INFO - [2025-03-17T10:49:33.977+0000] {dag.py:3823} INFO - Setting next_dagrun for dag to None, run_after=None
[2025-03-17T10:49:34.017+0000] {processor.py:183} INFO - Processing /opt/airflow/dags/5_1_xcom.py took 0.086 seconds
[2025-03-17T10:50:04.909+0000] {processor.py:161} INFO - Started process (PID=268) to work on /opt/airflow/dags/5_1_xcom.py
[2025-03-17T10:50:04.909+0000] {processor.py:830} INFO - Processing file /opt/airflow/dags/5_1_xcom.py for tasks to queue
[2025-03-17T10:50:04.910+0000] {logging_mixin.py:188} INFO - [2025-03-17T10:50:04.910+0000] {dagbag.py:538} INFO - Filling up the DagBag from /opt/airflow/dags/5_1_xcom.py
[2025-03-17T10:50:04.925+0000] {processor.py:840} INFO - DAG(s) 'dag' retrieved from /opt/airflow/dags/5_1_xcom.py
[2025-03-17T10:50:04.940+0000] {logging_mixin.py:188} INFO - [2025-03-17T10:50:04.940+0000] {dag.py:3036} INFO - Sync 1 DAGs
[2025-03-17T10:50:04.949+0000] {logging_mixin.py:188} INFO - [2025-03-17T10:50:04.949+0000] {dag.py:3823} INFO - Setting next_dagrun for dag to None, run_after=None
[2025-03-17T10:50:04.983+0000] {processor.py:183} INFO - Processing /opt/airflow/dags/5_1_xcom.py took 0.076 seconds
[2025-03-17T10:50:35.886+0000] {processor.py:161} INFO - Started process (PID=292) to work on /opt/airflow/dags/5_1_xcom.py
[2025-03-17T10:50:35.887+0000] {processor.py:830} INFO - Processing file /opt/airflow/dags/5_1_xcom.py for tasks to queue
[2025-03-17T10:50:35.888+0000] {logging_mixin.py:188} INFO - [2025-03-17T10:50:35.888+0000] {dagbag.py:538} INFO - Filling up the DagBag from /opt/airflow/dags/5_1_xcom.py
[2025-03-17T10:50:35.901+0000] {processor.py:840} INFO - DAG(s) 'dag' retrieved from /opt/airflow/dags/5_1_xcom.py
[2025-03-17T10:50:35.916+0000] {logging_mixin.py:188} INFO - [2025-03-17T10:50:35.916+0000] {dag.py:3036} INFO - Sync 1 DAGs
[2025-03-17T10:50:35.925+0000] {logging_mixin.py:188} INFO - [2025-03-17T10:50:35.925+0000] {dag.py:3823} INFO - Setting next_dagrun for dag to None, run_after=None
[2025-03-17T10:50:35.955+0000] {processor.py:183} INFO - Processing /opt/airflow/dags/5_1_xcom.py took 0.071 seconds
[2025-03-17T10:51:06.964+0000] {processor.py:161} INFO - Started process (PID=316) to work on /opt/airflow/dags/5_1_xcom.py
[2025-03-17T10:51:06.965+0000] {processor.py:830} INFO - Processing file /opt/airflow/dags/5_1_xcom.py for tasks to queue
[2025-03-17T10:51:06.966+0000] {logging_mixin.py:188} INFO - [2025-03-17T10:51:06.965+0000] {dagbag.py:538} INFO - Filling up the DagBag from /opt/airflow/dags/5_1_xcom.py
[2025-03-17T10:51:06.979+0000] {processor.py:840} INFO - DAG(s) 'dag' retrieved from /opt/airflow/dags/5_1_xcom.py
[2025-03-17T10:51:06.993+0000] {logging_mixin.py:188} INFO - [2025-03-17T10:51:06.993+0000] {dag.py:3036} INFO - Sync 1 DAGs
[2025-03-17T10:51:07.002+0000] {logging_mixin.py:188} INFO - [2025-03-17T10:51:07.002+0000] {dag.py:3823} INFO - Setting next_dagrun for dag to None, run_after=None
[2025-03-17T10:51:07.029+0000] {processor.py:183} INFO - Processing /opt/airflow/dags/5_1_xcom.py took 0.067 seconds
[2025-03-17T10:51:38.064+0000] {processor.py:161} INFO - Started process (PID=340) to work on /opt/airflow/dags/5_1_xcom.py
[2025-03-17T10:51:38.066+0000] {processor.py:830} INFO - Processing file /opt/airflow/dags/5_1_xcom.py for tasks to queue
[2025-03-17T10:51:38.067+0000] {logging_mixin.py:188} INFO - [2025-03-17T10:51:38.067+0000] {dagbag.py:538} INFO - Filling up the DagBag from /opt/airflow/dags/5_1_xcom.py
[2025-03-17T10:51:38.085+0000] {processor.py:840} INFO - DAG(s) 'dag' retrieved from /opt/airflow/dags/5_1_xcom.py
[2025-03-17T10:51:38.102+0000] {logging_mixin.py:188} INFO - [2025-03-17T10:51:38.102+0000] {dag.py:3036} INFO - Sync 1 DAGs
[2025-03-17T10:51:38.114+0000] {logging_mixin.py:188} INFO - [2025-03-17T10:51:38.114+0000] {dag.py:3823} INFO - Setting next_dagrun for dag to None, run_after=None
[2025-03-17T10:51:38.141+0000] {processor.py:183} INFO - Processing /opt/airflow/dags/5_1_xcom.py took 0.080 seconds
[2025-03-17T10:52:09.035+0000] {processor.py:161} INFO - Started process (PID=364) to work on /opt/airflow/dags/5_1_xcom.py
[2025-03-17T10:52:09.035+0000] {processor.py:830} INFO - Processing file /opt/airflow/dags/5_1_xcom.py for tasks to queue
[2025-03-17T10:52:09.036+0000] {logging_mixin.py:188} INFO - [2025-03-17T10:52:09.036+0000] {dagbag.py:538} INFO - Filling up the DagBag from /opt/airflow/dags/5_1_xcom.py
[2025-03-17T10:52:09.051+0000] {processor.py:840} INFO - DAG(s) 'dag' retrieved from /opt/airflow/dags/5_1_xcom.py
[2025-03-17T10:52:09.071+0000] {logging_mixin.py:188} INFO - [2025-03-17T10:52:09.071+0000] {dag.py:3036} INFO - Sync 1 DAGs
[2025-03-17T10:52:09.082+0000] {logging_mixin.py:188} INFO - [2025-03-17T10:52:09.082+0000] {dag.py:3823} INFO - Setting next_dagrun for dag to None, run_after=None
[2025-03-17T10:52:09.108+0000] {processor.py:183} INFO - Processing /opt/airflow/dags/5_1_xcom.py took 0.076 seconds
[2025-03-17T10:52:39.428+0000] {processor.py:161} INFO - Started process (PID=388) to work on /opt/airflow/dags/5_1_xcom.py
[2025-03-17T10:52:39.429+0000] {processor.py:830} INFO - Processing file /opt/airflow/dags/5_1_xcom.py for tasks to queue
[2025-03-17T10:52:39.430+0000] {logging_mixin.py:188} INFO - [2025-03-17T10:52:39.430+0000] {dagbag.py:538} INFO - Filling up the DagBag from /opt/airflow/dags/5_1_xcom.py
[2025-03-17T10:52:39.446+0000] {processor.py:840} INFO - DAG(s) 'dag' retrieved from /opt/airflow/dags/5_1_xcom.py
[2025-03-17T10:52:39.463+0000] {logging_mixin.py:188} INFO - [2025-03-17T10:52:39.462+0000] {dag.py:3036} INFO - Sync 1 DAGs
[2025-03-17T10:52:39.473+0000] {logging_mixin.py:188} INFO - [2025-03-17T10:52:39.472+0000] {dag.py:3823} INFO - Setting next_dagrun for dag to None, run_after=None
[2025-03-17T10:52:39.492+0000] {processor.py:183} INFO - Processing /opt/airflow/dags/5_1_xcom.py took 0.066 seconds
[2025-03-17T10:53:10.936+0000] {processor.py:161} INFO - Started process (PID=412) to work on /opt/airflow/dags/5_1_xcom.py
[2025-03-17T10:53:10.939+0000] {processor.py:830} INFO - Processing file /opt/airflow/dags/5_1_xcom.py for tasks to queue
[2025-03-17T10:53:10.944+0000] {logging_mixin.py:188} INFO - [2025-03-17T10:53:10.942+0000] {dagbag.py:538} INFO - Filling up the DagBag from /opt/airflow/dags/5_1_xcom.py
[2025-03-17T10:53:10.989+0000] {processor.py:840} INFO - DAG(s) 'dag' retrieved from /opt/airflow/dags/5_1_xcom.py
[2025-03-17T10:53:11.041+0000] {logging_mixin.py:188} INFO - [2025-03-17T10:53:11.040+0000] {dag.py:3036} INFO - Sync 1 DAGs
[2025-03-17T10:53:11.072+0000] {logging_mixin.py:188} INFO - [2025-03-17T10:53:11.071+0000] {dag.py:3823} INFO - Setting next_dagrun for dag to None, run_after=None
[2025-03-17T10:53:11.126+0000] {processor.py:183} INFO - Processing /opt/airflow/dags/5_1_xcom.py took 0.198 seconds
[2025-03-17T10:53:45.347+0000] {processor.py:161} INFO - Started process (PID=438) to work on /opt/airflow/dags/5_1_xcom.py
[2025-03-17T10:53:45.347+0000] {processor.py:830} INFO - Processing file /opt/airflow/dags/5_1_xcom.py for tasks to queue
[2025-03-17T10:53:45.348+0000] {logging_mixin.py:188} INFO - [2025-03-17T10:53:45.348+0000] {dagbag.py:538} INFO - Filling up the DagBag from /opt/airflow/dags/5_1_xcom.py
[2025-03-17T10:53:45.364+0000] {processor.py:840} INFO - DAG(s) 'dag' retrieved from /opt/airflow/dags/5_1_xcom.py
[2025-03-17T10:53:45.383+0000] {logging_mixin.py:188} INFO - [2025-03-17T10:53:45.382+0000] {dag.py:3036} INFO - Sync 1 DAGs
[2025-03-17T10:53:45.395+0000] {logging_mixin.py:188} INFO - [2025-03-17T10:53:45.394+0000] {dag.py:3823} INFO - Setting next_dagrun for dag to None, run_after=None
[2025-03-17T10:53:45.418+0000] {processor.py:183} INFO - Processing /opt/airflow/dags/5_1_xcom.py took 0.074 seconds
[2025-03-17T10:54:16.580+0000] {processor.py:161} INFO - Started process (PID=463) to work on /opt/airflow/dags/5_1_xcom.py
[2025-03-17T10:54:16.581+0000] {processor.py:830} INFO - Processing file /opt/airflow/dags/5_1_xcom.py for tasks to queue
[2025-03-17T10:54:16.583+0000] {logging_mixin.py:188} INFO - [2025-03-17T10:54:16.582+0000] {dagbag.py:538} INFO - Filling up the DagBag from /opt/airflow/dags/5_1_xcom.py
[2025-03-17T10:54:16.599+0000] {processor.py:840} INFO - DAG(s) 'dag' retrieved from /opt/airflow/dags/5_1_xcom.py
[2025-03-17T10:54:16.620+0000] {logging_mixin.py:188} INFO - [2025-03-17T10:54:16.620+0000] {dag.py:3036} INFO - Sync 1 DAGs
[2025-03-17T10:54:16.631+0000] {logging_mixin.py:188} INFO - [2025-03-17T10:54:16.631+0000] {dag.py:3823} INFO - Setting next_dagrun for dag to None, run_after=None
[2025-03-17T10:54:16.658+0000] {processor.py:183} INFO - Processing /opt/airflow/dags/5_1_xcom.py took 0.081 seconds
[2025-03-17T10:54:47.254+0000] {processor.py:161} INFO - Started process (PID=488) to work on /opt/airflow/dags/5_1_xcom.py
[2025-03-17T10:54:47.255+0000] {processor.py:830} INFO - Processing file /opt/airflow/dags/5_1_xcom.py for tasks to queue
[2025-03-17T10:54:47.256+0000] {logging_mixin.py:188} INFO - [2025-03-17T10:54:47.256+0000] {dagbag.py:538} INFO - Filling up the DagBag from /opt/airflow/dags/5_1_xcom.py
[2025-03-17T10:54:47.273+0000] {processor.py:840} INFO - DAG(s) 'dag' retrieved from /opt/airflow/dags/5_1_xcom.py
[2025-03-17T10:54:47.294+0000] {logging_mixin.py:188} INFO - [2025-03-17T10:54:47.293+0000] {dag.py:3036} INFO - Sync 1 DAGs
[2025-03-17T10:54:47.304+0000] {logging_mixin.py:188} INFO - [2025-03-17T10:54:47.304+0000] {dag.py:3823} INFO - Setting next_dagrun for dag to None, run_after=None
[2025-03-17T10:54:47.328+0000] {processor.py:183} INFO - Processing /opt/airflow/dags/5_1_xcom.py took 0.077 seconds
[2025-03-17T10:55:18.076+0000] {processor.py:161} INFO - Started process (PID=513) to work on /opt/airflow/dags/5_1_xcom.py
[2025-03-17T10:55:18.077+0000] {processor.py:830} INFO - Processing file /opt/airflow/dags/5_1_xcom.py for tasks to queue
[2025-03-17T10:55:18.078+0000] {logging_mixin.py:188} INFO - [2025-03-17T10:55:18.077+0000] {dagbag.py:538} INFO - Filling up the DagBag from /opt/airflow/dags/5_1_xcom.py
[2025-03-17T10:55:18.093+0000] {processor.py:840} INFO - DAG(s) 'dag' retrieved from /opt/airflow/dags/5_1_xcom.py
[2025-03-17T10:55:18.109+0000] {logging_mixin.py:188} INFO - [2025-03-17T10:55:18.109+0000] {dag.py:3036} INFO - Sync 1 DAGs
[2025-03-17T10:55:18.119+0000] {logging_mixin.py:188} INFO - [2025-03-17T10:55:18.119+0000] {dag.py:3823} INFO - Setting next_dagrun for dag to None, run_after=None
[2025-03-17T10:55:18.141+0000] {processor.py:183} INFO - Processing /opt/airflow/dags/5_1_xcom.py took 0.067 seconds
[2025-03-17T10:55:49.043+0000] {processor.py:161} INFO - Started process (PID=538) to work on /opt/airflow/dags/5_1_xcom.py
[2025-03-17T10:55:49.044+0000] {processor.py:830} INFO - Processing file /opt/airflow/dags/5_1_xcom.py for tasks to queue
[2025-03-17T10:55:49.045+0000] {logging_mixin.py:188} INFO - [2025-03-17T10:55:49.045+0000] {dagbag.py:538} INFO - Filling up the DagBag from /opt/airflow/dags/5_1_xcom.py
[2025-03-17T10:55:49.059+0000] {processor.py:840} INFO - DAG(s) 'dag' retrieved from /opt/airflow/dags/5_1_xcom.py
[2025-03-17T10:55:49.073+0000] {logging_mixin.py:188} INFO - [2025-03-17T10:55:49.073+0000] {dag.py:3036} INFO - Sync 1 DAGs
[2025-03-17T10:55:49.085+0000] {logging_mixin.py:188} INFO - [2025-03-17T10:55:49.085+0000] {dag.py:3823} INFO - Setting next_dagrun for dag to None, run_after=None
[2025-03-17T10:55:49.111+0000] {processor.py:183} INFO - Processing /opt/airflow/dags/5_1_xcom.py took 0.071 seconds
[2025-03-17T10:56:20.151+0000] {processor.py:161} INFO - Started process (PID=563) to work on /opt/airflow/dags/5_1_xcom.py
[2025-03-17T10:56:20.152+0000] {processor.py:830} INFO - Processing file /opt/airflow/dags/5_1_xcom.py for tasks to queue
[2025-03-17T10:56:20.153+0000] {logging_mixin.py:188} INFO - [2025-03-17T10:56:20.153+0000] {dagbag.py:538} INFO - Filling up the DagBag from /opt/airflow/dags/5_1_xcom.py
[2025-03-17T10:56:20.168+0000] {processor.py:840} INFO - DAG(s) 'dag' retrieved from /opt/airflow/dags/5_1_xcom.py
[2025-03-17T10:56:20.183+0000] {logging_mixin.py:188} INFO - [2025-03-17T10:56:20.183+0000] {dag.py:3036} INFO - Sync 1 DAGs
[2025-03-17T10:56:20.193+0000] {logging_mixin.py:188} INFO - [2025-03-17T10:56:20.193+0000] {dag.py:3823} INFO - Setting next_dagrun for dag to None, run_after=None
[2025-03-17T10:56:20.215+0000] {processor.py:183} INFO - Processing /opt/airflow/dags/5_1_xcom.py took 0.067 seconds
[2025-03-17T10:56:51.107+0000] {processor.py:161} INFO - Started process (PID=588) to work on /opt/airflow/dags/5_1_xcom.py
[2025-03-17T10:56:51.108+0000] {processor.py:830} INFO - Processing file /opt/airflow/dags/5_1_xcom.py for tasks to queue
[2025-03-17T10:56:51.109+0000] {logging_mixin.py:188} INFO - [2025-03-17T10:56:51.108+0000] {dagbag.py:538} INFO - Filling up the DagBag from /opt/airflow/dags/5_1_xcom.py
[2025-03-17T10:56:51.125+0000] {processor.py:840} INFO - DAG(s) 'dag' retrieved from /opt/airflow/dags/5_1_xcom.py
[2025-03-17T10:56:51.143+0000] {logging_mixin.py:188} INFO - [2025-03-17T10:56:51.143+0000] {dag.py:3036} INFO - Sync 1 DAGs
[2025-03-17T10:56:51.154+0000] {logging_mixin.py:188} INFO - [2025-03-17T10:56:51.154+0000] {dag.py:3823} INFO - Setting next_dagrun for dag to None, run_after=None
[2025-03-17T10:56:51.178+0000] {processor.py:183} INFO - Processing /opt/airflow/dags/5_1_xcom.py took 0.075 seconds
[2025-03-17T10:57:22.070+0000] {processor.py:161} INFO - Started process (PID=613) to work on /opt/airflow/dags/5_1_xcom.py
[2025-03-17T10:57:22.072+0000] {processor.py:830} INFO - Processing file /opt/airflow/dags/5_1_xcom.py for tasks to queue
[2025-03-17T10:57:22.073+0000] {logging_mixin.py:188} INFO - [2025-03-17T10:57:22.072+0000] {dagbag.py:538} INFO - Filling up the DagBag from /opt/airflow/dags/5_1_xcom.py
[2025-03-17T10:57:22.092+0000] {processor.py:840} INFO - DAG(s) 'dag' retrieved from /opt/airflow/dags/5_1_xcom.py
[2025-03-17T10:57:22.117+0000] {logging_mixin.py:188} INFO - [2025-03-17T10:57:22.116+0000] {dag.py:3036} INFO - Sync 1 DAGs
[2025-03-17T10:57:22.128+0000] {logging_mixin.py:188} INFO - [2025-03-17T10:57:22.128+0000] {dag.py:3823} INFO - Setting next_dagrun for dag to None, run_after=None
[2025-03-17T10:57:22.166+0000] {processor.py:183} INFO - Processing /opt/airflow/dags/5_1_xcom.py took 0.099 seconds
[2025-03-17T10:57:54.550+0000] {processor.py:161} INFO - Started process (PID=638) to work on /opt/airflow/dags/5_1_xcom.py
[2025-03-17T10:57:54.552+0000] {processor.py:830} INFO - Processing file /opt/airflow/dags/5_1_xcom.py for tasks to queue
[2025-03-17T10:57:54.555+0000] {logging_mixin.py:188} INFO - [2025-03-17T10:57:54.554+0000] {dagbag.py:538} INFO - Filling up the DagBag from /opt/airflow/dags/5_1_xcom.py
[2025-03-17T10:57:54.592+0000] {processor.py:840} INFO - DAG(s) 'dag' retrieved from /opt/airflow/dags/5_1_xcom.py
[2025-03-17T10:57:54.619+0000] {logging_mixin.py:188} INFO - [2025-03-17T10:57:54.619+0000] {dag.py:3036} INFO - Sync 1 DAGs
[2025-03-17T10:57:54.632+0000] {logging_mixin.py:188} INFO - [2025-03-17T10:57:54.632+0000] {dag.py:3823} INFO - Setting next_dagrun for dag to None, run_after=None
[2025-03-17T10:57:54.667+0000] {processor.py:183} INFO - Processing /opt/airflow/dags/5_1_xcom.py took 0.126 seconds
[2025-03-17T10:58:25.312+0000] {processor.py:161} INFO - Started process (PID=663) to work on /opt/airflow/dags/5_1_xcom.py
[2025-03-17T10:58:25.313+0000] {processor.py:830} INFO - Processing file /opt/airflow/dags/5_1_xcom.py for tasks to queue
[2025-03-17T10:58:25.314+0000] {logging_mixin.py:188} INFO - [2025-03-17T10:58:25.313+0000] {dagbag.py:538} INFO - Filling up the DagBag from /opt/airflow/dags/5_1_xcom.py
[2025-03-17T10:58:25.328+0000] {processor.py:840} INFO - DAG(s) 'dag' retrieved from /opt/airflow/dags/5_1_xcom.py
[2025-03-17T10:58:25.343+0000] {logging_mixin.py:188} INFO - [2025-03-17T10:58:25.343+0000] {dag.py:3036} INFO - Sync 1 DAGs
[2025-03-17T10:58:25.352+0000] {logging_mixin.py:188} INFO - [2025-03-17T10:58:25.352+0000] {dag.py:3823} INFO - Setting next_dagrun for dag to None, run_after=None
[2025-03-17T10:58:25.374+0000] {processor.py:183} INFO - Processing /opt/airflow/dags/5_1_xcom.py took 0.065 seconds
[2025-03-17T10:58:56.827+0000] {processor.py:161} INFO - Started process (PID=688) to work on /opt/airflow/dags/5_1_xcom.py
[2025-03-17T10:58:56.828+0000] {processor.py:830} INFO - Processing file /opt/airflow/dags/5_1_xcom.py for tasks to queue
[2025-03-17T10:58:56.829+0000] {logging_mixin.py:188} INFO - [2025-03-17T10:58:56.828+0000] {dagbag.py:538} INFO - Filling up the DagBag from /opt/airflow/dags/5_1_xcom.py
[2025-03-17T10:58:56.842+0000] {processor.py:840} INFO - DAG(s) 'dag' retrieved from /opt/airflow/dags/5_1_xcom.py
[2025-03-17T10:58:56.857+0000] {logging_mixin.py:188} INFO - [2025-03-17T10:58:56.857+0000] {dag.py:3036} INFO - Sync 1 DAGs
[2025-03-17T10:58:56.866+0000] {logging_mixin.py:188} INFO - [2025-03-17T10:58:56.866+0000] {dag.py:3823} INFO - Setting next_dagrun for dag to None, run_after=None
[2025-03-17T10:58:56.887+0000] {processor.py:183} INFO - Processing /opt/airflow/dags/5_1_xcom.py took 0.062 seconds
[2025-03-17T10:59:28.326+0000] {processor.py:161} INFO - Started process (PID=713) to work on /opt/airflow/dags/5_1_xcom.py
[2025-03-17T10:59:28.327+0000] {processor.py:830} INFO - Processing file /opt/airflow/dags/5_1_xcom.py for tasks to queue
[2025-03-17T10:59:28.328+0000] {logging_mixin.py:188} INFO - [2025-03-17T10:59:28.328+0000] {dagbag.py:538} INFO - Filling up the DagBag from /opt/airflow/dags/5_1_xcom.py
[2025-03-17T10:59:28.342+0000] {processor.py:840} INFO - DAG(s) 'dag' retrieved from /opt/airflow/dags/5_1_xcom.py
[2025-03-17T10:59:28.360+0000] {logging_mixin.py:188} INFO - [2025-03-17T10:59:28.359+0000] {dag.py:3036} INFO - Sync 1 DAGs
[2025-03-17T10:59:28.373+0000] {logging_mixin.py:188} INFO - [2025-03-17T10:59:28.373+0000] {dag.py:3823} INFO - Setting next_dagrun for dag to None, run_after=None
[2025-03-17T10:59:28.404+0000] {processor.py:183} INFO - Processing /opt/airflow/dags/5_1_xcom.py took 0.080 seconds
[2025-03-17T11:00:00.191+0000] {processor.py:161} INFO - Started process (PID=738) to work on /opt/airflow/dags/5_1_xcom.py
[2025-03-17T11:00:00.192+0000] {processor.py:830} INFO - Processing file /opt/airflow/dags/5_1_xcom.py for tasks to queue
[2025-03-17T11:00:00.192+0000] {logging_mixin.py:188} INFO - [2025-03-17T11:00:00.192+0000] {dagbag.py:538} INFO - Filling up the DagBag from /opt/airflow/dags/5_1_xcom.py
[2025-03-17T11:00:00.207+0000] {processor.py:840} INFO - DAG(s) 'dag' retrieved from /opt/airflow/dags/5_1_xcom.py
[2025-03-17T11:00:00.224+0000] {logging_mixin.py:188} INFO - [2025-03-17T11:00:00.223+0000] {dag.py:3036} INFO - Sync 1 DAGs
[2025-03-17T11:00:00.233+0000] {logging_mixin.py:188} INFO - [2025-03-17T11:00:00.233+0000] {dag.py:3823} INFO - Setting next_dagrun for dag to None, run_after=None
[2025-03-17T11:00:00.254+0000] {processor.py:183} INFO - Processing /opt/airflow/dags/5_1_xcom.py took 0.066 seconds
[2025-03-17T11:00:34.799+0000] {processor.py:161} INFO - Started process (PID=767) to work on /opt/airflow/dags/5_1_xcom.py
[2025-03-17T11:00:34.800+0000] {processor.py:830} INFO - Processing file /opt/airflow/dags/5_1_xcom.py for tasks to queue
[2025-03-17T11:00:34.800+0000] {logging_mixin.py:188} INFO - [2025-03-17T11:00:34.800+0000] {dagbag.py:538} INFO - Filling up the DagBag from /opt/airflow/dags/5_1_xcom.py
[2025-03-17T11:00:34.816+0000] {processor.py:840} INFO - DAG(s) 'dag' retrieved from /opt/airflow/dags/5_1_xcom.py
[2025-03-17T11:00:34.836+0000] {logging_mixin.py:188} INFO - [2025-03-17T11:00:34.836+0000] {dag.py:3036} INFO - Sync 1 DAGs
[2025-03-17T11:00:34.848+0000] {logging_mixin.py:188} INFO - [2025-03-17T11:00:34.848+0000] {dag.py:3823} INFO - Setting next_dagrun for dag to None, run_after=None
[2025-03-17T11:00:34.875+0000] {processor.py:183} INFO - Processing /opt/airflow/dags/5_1_xcom.py took 0.079 seconds
[2025-03-17T11:01:06.461+0000] {processor.py:161} INFO - Started process (PID=792) to work on /opt/airflow/dags/5_1_xcom.py
[2025-03-17T11:01:06.462+0000] {processor.py:830} INFO - Processing file /opt/airflow/dags/5_1_xcom.py for tasks to queue
[2025-03-17T11:01:06.463+0000] {logging_mixin.py:188} INFO - [2025-03-17T11:01:06.463+0000] {dagbag.py:538} INFO - Filling up the DagBag from /opt/airflow/dags/5_1_xcom.py
[2025-03-17T11:01:06.478+0000] {processor.py:840} INFO - DAG(s) 'dag' retrieved from /opt/airflow/dags/5_1_xcom.py
[2025-03-17T11:01:06.493+0000] {logging_mixin.py:188} INFO - [2025-03-17T11:01:06.493+0000] {dag.py:3036} INFO - Sync 1 DAGs
[2025-03-17T11:01:06.503+0000] {logging_mixin.py:188} INFO - [2025-03-17T11:01:06.503+0000] {dag.py:3823} INFO - Setting next_dagrun for dag to None, run_after=None
[2025-03-17T11:01:06.525+0000] {processor.py:183} INFO - Processing /opt/airflow/dags/5_1_xcom.py took 0.067 seconds
[2025-03-17T11:01:37.137+0000] {processor.py:161} INFO - Started process (PID=819) to work on /opt/airflow/dags/5_1_xcom.py
[2025-03-17T11:01:37.138+0000] {processor.py:830} INFO - Processing file /opt/airflow/dags/5_1_xcom.py for tasks to queue
[2025-03-17T11:01:37.139+0000] {logging_mixin.py:188} INFO - [2025-03-17T11:01:37.139+0000] {dagbag.py:538} INFO - Filling up the DagBag from /opt/airflow/dags/5_1_xcom.py
[2025-03-17T11:01:37.154+0000] {processor.py:840} INFO - DAG(s) 'dag' retrieved from /opt/airflow/dags/5_1_xcom.py
[2025-03-17T11:01:37.172+0000] {logging_mixin.py:188} INFO - [2025-03-17T11:01:37.171+0000] {dag.py:3036} INFO - Sync 1 DAGs
[2025-03-17T11:01:37.182+0000] {logging_mixin.py:188} INFO - [2025-03-17T11:01:37.182+0000] {dag.py:3823} INFO - Setting next_dagrun for dag to None, run_after=None
[2025-03-17T11:01:37.210+0000] {processor.py:183} INFO - Processing /opt/airflow/dags/5_1_xcom.py took 0.076 seconds
[2025-03-17T11:02:10.091+0000] {processor.py:161} INFO - Started process (PID=848) to work on /opt/airflow/dags/5_1_xcom.py
[2025-03-17T11:02:10.092+0000] {processor.py:830} INFO - Processing file /opt/airflow/dags/5_1_xcom.py for tasks to queue
[2025-03-17T11:02:10.093+0000] {logging_mixin.py:188} INFO - [2025-03-17T11:02:10.092+0000] {dagbag.py:538} INFO - Filling up the DagBag from /opt/airflow/dags/5_1_xcom.py
[2025-03-17T11:02:10.108+0000] {processor.py:840} INFO - DAG(s) 'dag' retrieved from /opt/airflow/dags/5_1_xcom.py
[2025-03-17T11:02:10.124+0000] {logging_mixin.py:188} INFO - [2025-03-17T11:02:10.124+0000] {dag.py:3036} INFO - Sync 1 DAGs
[2025-03-17T11:02:10.134+0000] {logging_mixin.py:188} INFO - [2025-03-17T11:02:10.134+0000] {dag.py:3823} INFO - Setting next_dagrun for dag to None, run_after=None
[2025-03-17T11:02:10.160+0000] {processor.py:183} INFO - Processing /opt/airflow/dags/5_1_xcom.py took 0.072 seconds
[2025-03-17T11:02:41.308+0000] {processor.py:161} INFO - Started process (PID=873) to work on /opt/airflow/dags/5_1_xcom.py
[2025-03-17T11:02:41.311+0000] {processor.py:830} INFO - Processing file /opt/airflow/dags/5_1_xcom.py for tasks to queue
[2025-03-17T11:02:41.313+0000] {logging_mixin.py:188} INFO - [2025-03-17T11:02:41.313+0000] {dagbag.py:538} INFO - Filling up the DagBag from /opt/airflow/dags/5_1_xcom.py
[2025-03-17T11:02:41.341+0000] {processor.py:840} INFO - DAG(s) 'dag' retrieved from /opt/airflow/dags/5_1_xcom.py
[2025-03-17T11:02:41.374+0000] {logging_mixin.py:188} INFO - [2025-03-17T11:02:41.373+0000] {dag.py:3036} INFO - Sync 1 DAGs
[2025-03-17T11:02:41.400+0000] {logging_mixin.py:188} INFO - [2025-03-17T11:02:41.399+0000] {dag.py:3823} INFO - Setting next_dagrun for dag to None, run_after=None
[2025-03-17T11:02:41.494+0000] {processor.py:183} INFO - Processing /opt/airflow/dags/5_1_xcom.py took 0.193 seconds
[2025-03-17T11:03:12.356+0000] {processor.py:161} INFO - Started process (PID=898) to work on /opt/airflow/dags/5_1_xcom.py
[2025-03-17T11:03:12.359+0000] {processor.py:830} INFO - Processing file /opt/airflow/dags/5_1_xcom.py for tasks to queue
[2025-03-17T11:03:12.361+0000] {logging_mixin.py:188} INFO - [2025-03-17T11:03:12.361+0000] {dagbag.py:538} INFO - Filling up the DagBag from /opt/airflow/dags/5_1_xcom.py
[2025-03-17T11:03:12.391+0000] {processor.py:840} INFO - DAG(s) 'dag' retrieved from /opt/airflow/dags/5_1_xcom.py
[2025-03-17T11:03:12.431+0000] {logging_mixin.py:188} INFO - [2025-03-17T11:03:12.430+0000] {dag.py:3036} INFO - Sync 1 DAGs
[2025-03-17T11:03:12.452+0000] {logging_mixin.py:188} INFO - [2025-03-17T11:03:12.452+0000] {dag.py:3823} INFO - Setting next_dagrun for dag to None, run_after=None
[2025-03-17T11:03:12.488+0000] {processor.py:183} INFO - Processing /opt/airflow/dags/5_1_xcom.py took 0.140 seconds
[2025-03-17T11:03:43.556+0000] {processor.py:161} INFO - Started process (PID=923) to work on /opt/airflow/dags/5_1_xcom.py
[2025-03-17T11:03:43.557+0000] {processor.py:830} INFO - Processing file /opt/airflow/dags/5_1_xcom.py for tasks to queue
[2025-03-17T11:03:43.558+0000] {logging_mixin.py:188} INFO - [2025-03-17T11:03:43.558+0000] {dagbag.py:538} INFO - Filling up the DagBag from /opt/airflow/dags/5_1_xcom.py
[2025-03-17T11:03:43.572+0000] {processor.py:840} INFO - DAG(s) 'dag' retrieved from /opt/airflow/dags/5_1_xcom.py
[2025-03-17T11:03:43.588+0000] {logging_mixin.py:188} INFO - [2025-03-17T11:03:43.588+0000] {dag.py:3036} INFO - Sync 1 DAGs
[2025-03-17T11:03:43.597+0000] {logging_mixin.py:188} INFO - [2025-03-17T11:03:43.597+0000] {dag.py:3823} INFO - Setting next_dagrun for dag to None, run_after=None
[2025-03-17T11:03:43.618+0000] {processor.py:183} INFO - Processing /opt/airflow/dags/5_1_xcom.py took 0.064 seconds
[2025-03-17T11:04:14.523+0000] {processor.py:161} INFO - Started process (PID=948) to work on /opt/airflow/dags/5_1_xcom.py
[2025-03-17T11:04:14.524+0000] {processor.py:830} INFO - Processing file /opt/airflow/dags/5_1_xcom.py for tasks to queue
[2025-03-17T11:04:14.525+0000] {logging_mixin.py:188} INFO - [2025-03-17T11:04:14.525+0000] {dagbag.py:538} INFO - Filling up the DagBag from /opt/airflow/dags/5_1_xcom.py
[2025-03-17T11:04:14.545+0000] {processor.py:840} INFO - DAG(s) 'dag' retrieved from /opt/airflow/dags/5_1_xcom.py
[2025-03-17T11:04:14.579+0000] {logging_mixin.py:188} INFO - [2025-03-17T11:04:14.578+0000] {dag.py:3036} INFO - Sync 1 DAGs
[2025-03-17T11:04:14.594+0000] {logging_mixin.py:188} INFO - [2025-03-17T11:04:14.594+0000] {dag.py:3823} INFO - Setting next_dagrun for dag to None, run_after=None
[2025-03-17T11:04:14.625+0000] {processor.py:183} INFO - Processing /opt/airflow/dags/5_1_xcom.py took 0.105 seconds
[2025-03-17T11:04:45.722+0000] {processor.py:161} INFO - Started process (PID=973) to work on /opt/airflow/dags/5_1_xcom.py
[2025-03-17T11:04:45.723+0000] {processor.py:830} INFO - Processing file /opt/airflow/dags/5_1_xcom.py for tasks to queue
[2025-03-17T11:04:45.724+0000] {logging_mixin.py:188} INFO - [2025-03-17T11:04:45.724+0000] {dagbag.py:538} INFO - Filling up the DagBag from /opt/airflow/dags/5_1_xcom.py
[2025-03-17T11:04:45.738+0000] {processor.py:840} INFO - DAG(s) 'dag' retrieved from /opt/airflow/dags/5_1_xcom.py
[2025-03-17T11:04:45.753+0000] {logging_mixin.py:188} INFO - [2025-03-17T11:04:45.753+0000] {dag.py:3036} INFO - Sync 1 DAGs
[2025-03-17T11:04:45.762+0000] {logging_mixin.py:188} INFO - [2025-03-17T11:04:45.762+0000] {dag.py:3823} INFO - Setting next_dagrun for dag to None, run_after=None
[2025-03-17T11:04:45.782+0000] {processor.py:183} INFO - Processing /opt/airflow/dags/5_1_xcom.py took 0.062 seconds
[2025-03-17T11:05:16.722+0000] {processor.py:161} INFO - Started process (PID=998) to work on /opt/airflow/dags/5_1_xcom.py
[2025-03-17T11:05:16.724+0000] {processor.py:830} INFO - Processing file /opt/airflow/dags/5_1_xcom.py for tasks to queue
[2025-03-17T11:05:16.725+0000] {logging_mixin.py:188} INFO - [2025-03-17T11:05:16.724+0000] {dagbag.py:538} INFO - Filling up the DagBag from /opt/airflow/dags/5_1_xcom.py
[2025-03-17T11:05:16.745+0000] {processor.py:840} INFO - DAG(s) 'dag' retrieved from /opt/airflow/dags/5_1_xcom.py
[2025-03-17T11:05:16.772+0000] {logging_mixin.py:188} INFO - [2025-03-17T11:05:16.772+0000] {dag.py:3036} INFO - Sync 1 DAGs
[2025-03-17T11:05:16.788+0000] {logging_mixin.py:188} INFO - [2025-03-17T11:05:16.787+0000] {dag.py:3823} INFO - Setting next_dagrun for dag to None, run_after=None
[2025-03-17T11:05:16.823+0000] {processor.py:183} INFO - Processing /opt/airflow/dags/5_1_xcom.py took 0.105 seconds
[2025-03-17T11:05:47.440+0000] {processor.py:161} INFO - Started process (PID=1025) to work on /opt/airflow/dags/5_1_xcom.py
[2025-03-17T11:05:47.441+0000] {processor.py:830} INFO - Processing file /opt/airflow/dags/5_1_xcom.py for tasks to queue
[2025-03-17T11:05:47.442+0000] {logging_mixin.py:188} INFO - [2025-03-17T11:05:47.441+0000] {dagbag.py:538} INFO - Filling up the DagBag from /opt/airflow/dags/5_1_xcom.py
[2025-03-17T11:05:47.459+0000] {processor.py:840} INFO - DAG(s) 'dag' retrieved from /opt/airflow/dags/5_1_xcom.py
[2025-03-17T11:05:47.477+0000] {logging_mixin.py:188} INFO - [2025-03-17T11:05:47.477+0000] {dag.py:3036} INFO - Sync 1 DAGs
[2025-03-17T11:05:47.491+0000] {logging_mixin.py:188} INFO - [2025-03-17T11:05:47.491+0000] {dag.py:3823} INFO - Setting next_dagrun for dag to None, run_after=None
[2025-03-17T11:05:47.523+0000] {processor.py:183} INFO - Processing /opt/airflow/dags/5_1_xcom.py took 0.086 seconds
[2025-03-17T11:06:18.020+0000] {processor.py:161} INFO - Started process (PID=1050) to work on /opt/airflow/dags/5_1_xcom.py
[2025-03-17T11:06:18.021+0000] {processor.py:830} INFO - Processing file /opt/airflow/dags/5_1_xcom.py for tasks to queue
[2025-03-17T11:06:18.022+0000] {logging_mixin.py:188} INFO - [2025-03-17T11:06:18.022+0000] {dagbag.py:538} INFO - Filling up the DagBag from /opt/airflow/dags/5_1_xcom.py
[2025-03-17T11:06:18.037+0000] {processor.py:840} INFO - DAG(s) 'dag' retrieved from /opt/airflow/dags/5_1_xcom.py
[2025-03-17T11:06:18.053+0000] {logging_mixin.py:188} INFO - [2025-03-17T11:06:18.052+0000] {dag.py:3036} INFO - Sync 1 DAGs
[2025-03-17T11:06:18.062+0000] {logging_mixin.py:188} INFO - [2025-03-17T11:06:18.062+0000] {dag.py:3823} INFO - Setting next_dagrun for dag to None, run_after=None
[2025-03-17T11:06:18.088+0000] {processor.py:183} INFO - Processing /opt/airflow/dags/5_1_xcom.py took 0.071 seconds
[2025-03-17T11:06:48.187+0000] {processor.py:161} INFO - Started process (PID=1075) to work on /opt/airflow/dags/5_1_xcom.py
[2025-03-17T11:06:48.189+0000] {processor.py:830} INFO - Processing file /opt/airflow/dags/5_1_xcom.py for tasks to queue
[2025-03-17T11:06:48.190+0000] {logging_mixin.py:188} INFO - [2025-03-17T11:06:48.189+0000] {dagbag.py:538} INFO - Filling up the DagBag from /opt/airflow/dags/5_1_xcom.py
[2025-03-17T11:06:48.212+0000] {processor.py:840} INFO - DAG(s) 'dag' retrieved from /opt/airflow/dags/5_1_xcom.py
[2025-03-17T11:06:48.234+0000] {logging_mixin.py:188} INFO - [2025-03-17T11:06:48.234+0000] {dag.py:3036} INFO - Sync 1 DAGs
[2025-03-17T11:06:48.246+0000] {logging_mixin.py:188} INFO - [2025-03-17T11:06:48.245+0000] {dag.py:3823} INFO - Setting next_dagrun for dag to None, run_after=None
[2025-03-17T11:06:48.273+0000] {processor.py:183} INFO - Processing /opt/airflow/dags/5_1_xcom.py took 0.089 seconds
[2025-03-17T11:07:46.814+0000] {processor.py:161} INFO - Started process (PID=1220) to work on /opt/airflow/dags/5_1_xcom.py
[2025-03-17T11:07:46.815+0000] {processor.py:830} INFO - Processing file /opt/airflow/dags/5_1_xcom.py for tasks to queue
[2025-03-17T11:07:46.816+0000] {logging_mixin.py:188} INFO - [2025-03-17T11:07:46.816+0000] {dagbag.py:538} INFO - Filling up the DagBag from /opt/airflow/dags/5_1_xcom.py
[2025-03-17T11:07:46.832+0000] {processor.py:840} INFO - DAG(s) 'dag' retrieved from /opt/airflow/dags/5_1_xcom.py
[2025-03-17T11:07:46.851+0000] {logging_mixin.py:188} INFO - [2025-03-17T11:07:46.851+0000] {dag.py:3036} INFO - Sync 1 DAGs
[2025-03-17T11:07:46.865+0000] {logging_mixin.py:188} INFO - [2025-03-17T11:07:46.864+0000] {dag.py:3823} INFO - Setting next_dagrun for dag to None, run_after=None
[2025-03-17T11:07:46.896+0000] {processor.py:183} INFO - Processing /opt/airflow/dags/5_1_xcom.py took 0.085 seconds
[2025-03-17T11:08:59.198+0000] {processor.py:161} INFO - Started process (PID=1450) to work on /opt/airflow/dags/5_1_xcom.py
[2025-03-17T11:08:59.199+0000] {processor.py:830} INFO - Processing file /opt/airflow/dags/5_1_xcom.py for tasks to queue
[2025-03-17T11:08:59.200+0000] {logging_mixin.py:188} INFO - [2025-03-17T11:08:59.200+0000] {dagbag.py:538} INFO - Filling up the DagBag from /opt/airflow/dags/5_1_xcom.py
[2025-03-17T11:08:59.216+0000] {processor.py:840} INFO - DAG(s) 'dag' retrieved from /opt/airflow/dags/5_1_xcom.py
[2025-03-17T11:08:59.234+0000] {logging_mixin.py:188} INFO - [2025-03-17T11:08:59.234+0000] {dag.py:3036} INFO - Sync 1 DAGs
[2025-03-17T11:08:59.245+0000] {logging_mixin.py:188} INFO - [2025-03-17T11:08:59.244+0000] {dag.py:3823} INFO - Setting next_dagrun for dag to None, run_after=None
[2025-03-17T11:08:59.267+0000] {processor.py:183} INFO - Processing /opt/airflow/dags/5_1_xcom.py took 0.072 seconds
[2025-03-17T11:09:55.260+0000] {processor.py:161} INFO - Started process (PID=1673) to work on /opt/airflow/dags/5_1_xcom.py
[2025-03-17T11:09:55.261+0000] {processor.py:830} INFO - Processing file /opt/airflow/dags/5_1_xcom.py for tasks to queue
[2025-03-17T11:09:55.262+0000] {logging_mixin.py:188} INFO - [2025-03-17T11:09:55.262+0000] {dagbag.py:538} INFO - Filling up the DagBag from /opt/airflow/dags/5_1_xcom.py
[2025-03-17T11:09:55.277+0000] {processor.py:840} INFO - DAG(s) 'dag' retrieved from /opt/airflow/dags/5_1_xcom.py
[2025-03-17T11:09:55.294+0000] {logging_mixin.py:188} INFO - [2025-03-17T11:09:55.294+0000] {dag.py:3036} INFO - Sync 1 DAGs
[2025-03-17T11:09:55.304+0000] {logging_mixin.py:188} INFO - [2025-03-17T11:09:55.304+0000] {dag.py:3823} INFO - Setting next_dagrun for dag to None, run_after=None
[2025-03-17T11:09:55.323+0000] {processor.py:183} INFO - Processing /opt/airflow/dags/5_1_xcom.py took 0.066 seconds
[2025-03-17T11:10:27.736+0000] {processor.py:161} INFO - Started process (PID=1698) to work on /opt/airflow/dags/5_1_xcom.py
[2025-03-17T11:10:27.737+0000] {processor.py:830} INFO - Processing file /opt/airflow/dags/5_1_xcom.py for tasks to queue
[2025-03-17T11:10:27.738+0000] {logging_mixin.py:188} INFO - [2025-03-17T11:10:27.738+0000] {dagbag.py:538} INFO - Filling up the DagBag from /opt/airflow/dags/5_1_xcom.py
[2025-03-17T11:10:27.753+0000] {processor.py:840} INFO - DAG(s) 'dag' retrieved from /opt/airflow/dags/5_1_xcom.py
[2025-03-17T11:10:27.769+0000] {logging_mixin.py:188} INFO - [2025-03-17T11:10:27.769+0000] {dag.py:3036} INFO - Sync 1 DAGs
[2025-03-17T11:10:27.778+0000] {logging_mixin.py:188} INFO - [2025-03-17T11:10:27.778+0000] {dag.py:3823} INFO - Setting next_dagrun for dag to None, run_after=None
[2025-03-17T11:10:27.801+0000] {processor.py:183} INFO - Processing /opt/airflow/dags/5_1_xcom.py took 0.068 seconds
[2025-03-17T11:10:58.686+0000] {processor.py:161} INFO - Started process (PID=1723) to work on /opt/airflow/dags/5_1_xcom.py
[2025-03-17T11:10:58.688+0000] {processor.py:830} INFO - Processing file /opt/airflow/dags/5_1_xcom.py for tasks to queue
[2025-03-17T11:10:58.689+0000] {logging_mixin.py:188} INFO - [2025-03-17T11:10:58.689+0000] {dagbag.py:538} INFO - Filling up the DagBag from /opt/airflow/dags/5_1_xcom.py
[2025-03-17T11:10:58.706+0000] {processor.py:840} INFO - DAG(s) 'dag' retrieved from /opt/airflow/dags/5_1_xcom.py
[2025-03-17T11:10:58.724+0000] {logging_mixin.py:188} INFO - [2025-03-17T11:10:58.724+0000] {dag.py:3036} INFO - Sync 1 DAGs
[2025-03-17T11:10:58.736+0000] {logging_mixin.py:188} INFO - [2025-03-17T11:10:58.735+0000] {dag.py:3823} INFO - Setting next_dagrun for dag to None, run_after=None
[2025-03-17T11:10:58.760+0000] {processor.py:183} INFO - Processing /opt/airflow/dags/5_1_xcom.py took 0.077 seconds
[2025-03-17T11:11:29.805+0000] {processor.py:161} INFO - Started process (PID=1748) to work on /opt/airflow/dags/5_1_xcom.py
[2025-03-17T11:11:29.806+0000] {processor.py:830} INFO - Processing file /opt/airflow/dags/5_1_xcom.py for tasks to queue
[2025-03-17T11:11:29.808+0000] {logging_mixin.py:188} INFO - [2025-03-17T11:11:29.807+0000] {dagbag.py:538} INFO - Filling up the DagBag from /opt/airflow/dags/5_1_xcom.py
[2025-03-17T11:11:29.823+0000] {processor.py:840} INFO - DAG(s) 'dag' retrieved from /opt/airflow/dags/5_1_xcom.py
[2025-03-17T11:11:29.843+0000] {logging_mixin.py:188} INFO - [2025-03-17T11:11:29.843+0000] {dag.py:3036} INFO - Sync 1 DAGs
[2025-03-17T11:11:29.856+0000] {logging_mixin.py:188} INFO - [2025-03-17T11:11:29.856+0000] {dag.py:3823} INFO - Setting next_dagrun for dag to None, run_after=None
[2025-03-17T11:11:29.884+0000] {processor.py:183} INFO - Processing /opt/airflow/dags/5_1_xcom.py took 0.083 seconds
[2025-03-17T11:12:00.251+0000] {processor.py:161} INFO - Started process (PID=1773) to work on /opt/airflow/dags/5_1_xcom.py
[2025-03-17T11:12:00.252+0000] {processor.py:830} INFO - Processing file /opt/airflow/dags/5_1_xcom.py for tasks to queue
[2025-03-17T11:12:00.253+0000] {logging_mixin.py:188} INFO - [2025-03-17T11:12:00.253+0000] {dagbag.py:538} INFO - Filling up the DagBag from /opt/airflow/dags/5_1_xcom.py
[2025-03-17T11:12:00.269+0000] {processor.py:840} INFO - DAG(s) 'dag' retrieved from /opt/airflow/dags/5_1_xcom.py
[2025-03-17T11:12:00.287+0000] {logging_mixin.py:188} INFO - [2025-03-17T11:12:00.287+0000] {dag.py:3036} INFO - Sync 1 DAGs
[2025-03-17T11:12:00.298+0000] {logging_mixin.py:188} INFO - [2025-03-17T11:12:00.298+0000] {dag.py:3823} INFO - Setting next_dagrun for dag to None, run_after=None
[2025-03-17T11:12:00.330+0000] {processor.py:183} INFO - Processing /opt/airflow/dags/5_1_xcom.py took 0.082 seconds
