[2025-03-17T10:47:46.890+0000] {processor.py:161} INFO - Started process (PID=86) to work on /opt/airflow/dags/5_2_2_house_assignment.py
[2025-03-17T10:47:46.891+0000] {processor.py:830} INFO - Processing file /opt/airflow/dags/5_2_2_house_assignment.py for tasks to queue
[2025-03-17T10:47:46.892+0000] {logging_mixin.py:188} INFO - [2025-03-17T10:47:46.892+0000] {dagbag.py:538} INFO - Filling up the DagBag from /opt/airflow/dags/5_2_2_house_assignment.py
[2025-03-17T10:47:47.737+0000] {logging_mixin.py:188} INFO - [2025-03-17T10:47:47.737+0000] {base.py:83} INFO - Using connection ID 'clickhouse_default' for task execution.
[2025-03-17T10:47:47.739+0000] {logging_mixin.py:188} INFO - [2025-03-17T10:47:47.739+0000] {base.py:83} INFO - Using connection ID 'clickhouse_default' for task execution.
[2025-03-17T10:47:47.741+0000] {logging_mixin.py:188} INFO - [2025-03-17T10:47:47.741+0000] {base.py:83} INFO - Using connection ID 'clickhouse_default' for task execution.
[2025-03-17T10:47:47.743+0000] {logging_mixin.py:188} INFO - [2025-03-17T10:47:47.743+0000] {base.py:83} INFO - Using connection ID 'clickhouse_default' for task execution.
[2025-03-17T10:47:47.752+0000] {processor.py:840} INFO - DAG(s) '5_2_2_house_assignment' retrieved from /opt/airflow/dags/5_2_2_house_assignment.py
[2025-03-17T10:47:47.756+0000] {logging_mixin.py:188} INFO - [2025-03-17T10:47:47.755+0000] {dag.py:3036} INFO - Sync 1 DAGs
[2025-03-17T10:47:47.772+0000] {logging_mixin.py:188} INFO - [2025-03-17T10:47:47.771+0000] {dag.py:3823} INFO - Setting next_dagrun for 5_2_2_house_assignment to None, run_after=None
[2025-03-17T10:47:47.798+0000] {processor.py:183} INFO - Processing /opt/airflow/dags/5_2_2_house_assignment.py took 0.912 seconds
[2025-03-17T10:48:20.566+0000] {processor.py:161} INFO - Started process (PID=185) to work on /opt/airflow/dags/5_2_2_house_assignment.py
[2025-03-17T10:48:20.568+0000] {processor.py:830} INFO - Processing file /opt/airflow/dags/5_2_2_house_assignment.py for tasks to queue
[2025-03-17T10:48:20.570+0000] {logging_mixin.py:188} INFO - [2025-03-17T10:48:20.570+0000] {dagbag.py:538} INFO - Filling up the DagBag from /opt/airflow/dags/5_2_2_house_assignment.py
[2025-03-17T10:48:21.389+0000] {logging_mixin.py:188} INFO - [2025-03-17T10:48:21.388+0000] {base.py:83} INFO - Using connection ID 'clickhouse_default' for task execution.
[2025-03-17T10:48:21.392+0000] {logging_mixin.py:188} INFO - [2025-03-17T10:48:21.392+0000] {base.py:83} INFO - Using connection ID 'clickhouse_default' for task execution.
[2025-03-17T10:48:21.394+0000] {logging_mixin.py:188} INFO - [2025-03-17T10:48:21.394+0000] {base.py:83} INFO - Using connection ID 'clickhouse_default' for task execution.
[2025-03-17T10:48:21.397+0000] {logging_mixin.py:188} INFO - [2025-03-17T10:48:21.396+0000] {base.py:83} INFO - Using connection ID 'clickhouse_default' for task execution.
[2025-03-17T10:48:21.407+0000] {processor.py:840} INFO - DAG(s) '5_2_2_house_assignment' retrieved from /opt/airflow/dags/5_2_2_house_assignment.py
[2025-03-17T10:48:21.539+0000] {logging_mixin.py:188} INFO - [2025-03-17T10:48:21.538+0000] {dag.py:3036} INFO - Sync 1 DAGs
[2025-03-17T10:48:21.559+0000] {logging_mixin.py:188} INFO - [2025-03-17T10:48:21.558+0000] {dag.py:3823} INFO - Setting next_dagrun for 5_2_2_house_assignment to None, run_after=None
[2025-03-17T10:48:21.608+0000] {processor.py:183} INFO - Processing /opt/airflow/dags/5_2_2_house_assignment.py took 1.047 seconds
[2025-03-17T10:48:51.724+0000] {processor.py:161} INFO - Started process (PID=209) to work on /opt/airflow/dags/5_2_2_house_assignment.py
[2025-03-17T10:48:51.725+0000] {processor.py:830} INFO - Processing file /opt/airflow/dags/5_2_2_house_assignment.py for tasks to queue
[2025-03-17T10:48:51.726+0000] {logging_mixin.py:188} INFO - [2025-03-17T10:48:51.726+0000] {dagbag.py:538} INFO - Filling up the DagBag from /opt/airflow/dags/5_2_2_house_assignment.py
[2025-03-17T10:48:52.305+0000] {logging_mixin.py:188} INFO - [2025-03-17T10:48:52.304+0000] {base.py:83} INFO - Using connection ID 'clickhouse_default' for task execution.
[2025-03-17T10:48:52.309+0000] {logging_mixin.py:188} INFO - [2025-03-17T10:48:52.308+0000] {base.py:83} INFO - Using connection ID 'clickhouse_default' for task execution.
[2025-03-17T10:48:52.312+0000] {logging_mixin.py:188} INFO - [2025-03-17T10:48:52.312+0000] {base.py:83} INFO - Using connection ID 'clickhouse_default' for task execution.
[2025-03-17T10:48:52.316+0000] {logging_mixin.py:188} INFO - [2025-03-17T10:48:52.315+0000] {base.py:83} INFO - Using connection ID 'clickhouse_default' for task execution.
[2025-03-17T10:48:52.327+0000] {processor.py:840} INFO - DAG(s) '5_2_2_house_assignment' retrieved from /opt/airflow/dags/5_2_2_house_assignment.py
[2025-03-17T10:48:52.406+0000] {logging_mixin.py:188} INFO - [2025-03-17T10:48:52.405+0000] {dag.py:3036} INFO - Sync 1 DAGs
[2025-03-17T10:48:52.420+0000] {logging_mixin.py:188} INFO - [2025-03-17T10:48:52.420+0000] {dag.py:3823} INFO - Setting next_dagrun for 5_2_2_house_assignment to None, run_after=None
[2025-03-17T10:48:52.448+0000] {processor.py:183} INFO - Processing /opt/airflow/dags/5_2_2_house_assignment.py took 0.726 seconds
[2025-03-17T10:49:22.860+0000] {processor.py:161} INFO - Started process (PID=233) to work on /opt/airflow/dags/5_2_2_house_assignment.py
[2025-03-17T10:49:22.861+0000] {processor.py:830} INFO - Processing file /opt/airflow/dags/5_2_2_house_assignment.py for tasks to queue
[2025-03-17T10:49:22.862+0000] {logging_mixin.py:188} INFO - [2025-03-17T10:49:22.862+0000] {dagbag.py:538} INFO - Filling up the DagBag from /opt/airflow/dags/5_2_2_house_assignment.py
[2025-03-17T10:49:23.592+0000] {logging_mixin.py:188} INFO - [2025-03-17T10:49:23.592+0000] {base.py:83} INFO - Using connection ID 'clickhouse_default' for task execution.
[2025-03-17T10:49:23.595+0000] {logging_mixin.py:188} INFO - [2025-03-17T10:49:23.595+0000] {base.py:83} INFO - Using connection ID 'clickhouse_default' for task execution.
[2025-03-17T10:49:23.598+0000] {logging_mixin.py:188} INFO - [2025-03-17T10:49:23.597+0000] {base.py:83} INFO - Using connection ID 'clickhouse_default' for task execution.
[2025-03-17T10:49:23.601+0000] {logging_mixin.py:188} INFO - [2025-03-17T10:49:23.600+0000] {base.py:83} INFO - Using connection ID 'clickhouse_default' for task execution.
[2025-03-17T10:49:23.611+0000] {processor.py:840} INFO - DAG(s) '5_2_2_house_assignment' retrieved from /opt/airflow/dags/5_2_2_house_assignment.py
[2025-03-17T10:49:23.695+0000] {logging_mixin.py:188} INFO - [2025-03-17T10:49:23.694+0000] {dag.py:3036} INFO - Sync 1 DAGs
[2025-03-17T10:49:23.708+0000] {logging_mixin.py:188} INFO - [2025-03-17T10:49:23.708+0000] {dag.py:3823} INFO - Setting next_dagrun for 5_2_2_house_assignment to None, run_after=None
[2025-03-17T10:49:23.746+0000] {processor.py:183} INFO - Processing /opt/airflow/dags/5_2_2_house_assignment.py took 0.889 seconds
[2025-03-17T10:49:54.128+0000] {processor.py:161} INFO - Started process (PID=257) to work on /opt/airflow/dags/5_2_2_house_assignment.py
[2025-03-17T10:49:54.129+0000] {processor.py:830} INFO - Processing file /opt/airflow/dags/5_2_2_house_assignment.py for tasks to queue
[2025-03-17T10:49:54.130+0000] {logging_mixin.py:188} INFO - [2025-03-17T10:49:54.130+0000] {dagbag.py:538} INFO - Filling up the DagBag from /opt/airflow/dags/5_2_2_house_assignment.py
[2025-03-17T10:49:54.623+0000] {logging_mixin.py:188} INFO - [2025-03-17T10:49:54.622+0000] {base.py:83} INFO - Using connection ID 'clickhouse_default' for task execution.
[2025-03-17T10:49:54.625+0000] {logging_mixin.py:188} INFO - [2025-03-17T10:49:54.625+0000] {base.py:83} INFO - Using connection ID 'clickhouse_default' for task execution.
[2025-03-17T10:49:54.627+0000] {logging_mixin.py:188} INFO - [2025-03-17T10:49:54.626+0000] {base.py:83} INFO - Using connection ID 'clickhouse_default' for task execution.
[2025-03-17T10:49:54.628+0000] {logging_mixin.py:188} INFO - [2025-03-17T10:49:54.628+0000] {base.py:83} INFO - Using connection ID 'clickhouse_default' for task execution.
[2025-03-17T10:49:54.635+0000] {processor.py:840} INFO - DAG(s) '5_2_2_house_assignment' retrieved from /opt/airflow/dags/5_2_2_house_assignment.py
[2025-03-17T10:49:54.703+0000] {logging_mixin.py:188} INFO - [2025-03-17T10:49:54.703+0000] {dag.py:3036} INFO - Sync 1 DAGs
[2025-03-17T10:49:54.715+0000] {logging_mixin.py:188} INFO - [2025-03-17T10:49:54.715+0000] {dag.py:3823} INFO - Setting next_dagrun for 5_2_2_house_assignment to None, run_after=None
[2025-03-17T10:49:54.744+0000] {processor.py:183} INFO - Processing /opt/airflow/dags/5_2_2_house_assignment.py took 0.620 seconds
[2025-03-17T10:50:25.099+0000] {processor.py:161} INFO - Started process (PID=281) to work on /opt/airflow/dags/5_2_2_house_assignment.py
[2025-03-17T10:50:25.100+0000] {processor.py:830} INFO - Processing file /opt/airflow/dags/5_2_2_house_assignment.py for tasks to queue
[2025-03-17T10:50:25.101+0000] {logging_mixin.py:188} INFO - [2025-03-17T10:50:25.101+0000] {dagbag.py:538} INFO - Filling up the DagBag from /opt/airflow/dags/5_2_2_house_assignment.py
[2025-03-17T10:50:25.597+0000] {logging_mixin.py:188} INFO - [2025-03-17T10:50:25.596+0000] {base.py:83} INFO - Using connection ID 'clickhouse_default' for task execution.
[2025-03-17T10:50:25.599+0000] {logging_mixin.py:188} INFO - [2025-03-17T10:50:25.599+0000] {base.py:83} INFO - Using connection ID 'clickhouse_default' for task execution.
[2025-03-17T10:50:25.601+0000] {logging_mixin.py:188} INFO - [2025-03-17T10:50:25.601+0000] {base.py:83} INFO - Using connection ID 'clickhouse_default' for task execution.
[2025-03-17T10:50:25.603+0000] {logging_mixin.py:188} INFO - [2025-03-17T10:50:25.602+0000] {base.py:83} INFO - Using connection ID 'clickhouse_default' for task execution.
[2025-03-17T10:50:25.611+0000] {processor.py:840} INFO - DAG(s) '5_2_2_house_assignment' retrieved from /opt/airflow/dags/5_2_2_house_assignment.py
[2025-03-17T10:50:25.751+0000] {logging_mixin.py:188} INFO - [2025-03-17T10:50:25.750+0000] {dag.py:3036} INFO - Sync 1 DAGs
[2025-03-17T10:50:25.768+0000] {logging_mixin.py:188} INFO - [2025-03-17T10:50:25.768+0000] {dag.py:3823} INFO - Setting next_dagrun for 5_2_2_house_assignment to None, run_after=None
[2025-03-17T10:50:25.813+0000] {processor.py:183} INFO - Processing /opt/airflow/dags/5_2_2_house_assignment.py took 0.668 seconds
[2025-03-17T10:50:56.124+0000] {processor.py:161} INFO - Started process (PID=305) to work on /opt/airflow/dags/5_2_2_house_assignment.py
[2025-03-17T10:50:56.125+0000] {processor.py:830} INFO - Processing file /opt/airflow/dags/5_2_2_house_assignment.py for tasks to queue
[2025-03-17T10:50:56.126+0000] {logging_mixin.py:188} INFO - [2025-03-17T10:50:56.125+0000] {dagbag.py:538} INFO - Filling up the DagBag from /opt/airflow/dags/5_2_2_house_assignment.py
[2025-03-17T10:50:56.728+0000] {logging_mixin.py:188} INFO - [2025-03-17T10:50:56.727+0000] {base.py:83} INFO - Using connection ID 'clickhouse_default' for task execution.
[2025-03-17T10:50:56.731+0000] {logging_mixin.py:188} INFO - [2025-03-17T10:50:56.730+0000] {base.py:83} INFO - Using connection ID 'clickhouse_default' for task execution.
[2025-03-17T10:50:56.732+0000] {logging_mixin.py:188} INFO - [2025-03-17T10:50:56.732+0000] {base.py:83} INFO - Using connection ID 'clickhouse_default' for task execution.
[2025-03-17T10:50:56.734+0000] {logging_mixin.py:188} INFO - [2025-03-17T10:50:56.734+0000] {base.py:83} INFO - Using connection ID 'clickhouse_default' for task execution.
[2025-03-17T10:50:56.742+0000] {processor.py:840} INFO - DAG(s) '5_2_2_house_assignment' retrieved from /opt/airflow/dags/5_2_2_house_assignment.py
[2025-03-17T10:50:56.824+0000] {logging_mixin.py:188} INFO - [2025-03-17T10:50:56.823+0000] {dag.py:3036} INFO - Sync 1 DAGs
[2025-03-17T10:50:56.838+0000] {logging_mixin.py:188} INFO - [2025-03-17T10:50:56.837+0000] {dag.py:3823} INFO - Setting next_dagrun for 5_2_2_house_assignment to None, run_after=None
[2025-03-17T10:50:56.873+0000] {processor.py:183} INFO - Processing /opt/airflow/dags/5_2_2_house_assignment.py took 0.752 seconds
[2025-03-17T10:51:27.216+0000] {processor.py:161} INFO - Started process (PID=329) to work on /opt/airflow/dags/5_2_2_house_assignment.py
[2025-03-17T10:51:27.217+0000] {processor.py:830} INFO - Processing file /opt/airflow/dags/5_2_2_house_assignment.py for tasks to queue
[2025-03-17T10:51:27.218+0000] {logging_mixin.py:188} INFO - [2025-03-17T10:51:27.218+0000] {dagbag.py:538} INFO - Filling up the DagBag from /opt/airflow/dags/5_2_2_house_assignment.py
[2025-03-17T10:51:27.799+0000] {logging_mixin.py:188} INFO - [2025-03-17T10:51:27.798+0000] {base.py:83} INFO - Using connection ID 'clickhouse_default' for task execution.
[2025-03-17T10:51:27.803+0000] {logging_mixin.py:188} INFO - [2025-03-17T10:51:27.802+0000] {base.py:83} INFO - Using connection ID 'clickhouse_default' for task execution.
[2025-03-17T10:51:27.807+0000] {logging_mixin.py:188} INFO - [2025-03-17T10:51:27.806+0000] {base.py:83} INFO - Using connection ID 'clickhouse_default' for task execution.
[2025-03-17T10:51:27.810+0000] {logging_mixin.py:188} INFO - [2025-03-17T10:51:27.810+0000] {base.py:83} INFO - Using connection ID 'clickhouse_default' for task execution.
[2025-03-17T10:51:27.822+0000] {processor.py:840} INFO - DAG(s) '5_2_2_house_assignment' retrieved from /opt/airflow/dags/5_2_2_house_assignment.py
[2025-03-17T10:51:27.917+0000] {logging_mixin.py:188} INFO - [2025-03-17T10:51:27.916+0000] {dag.py:3036} INFO - Sync 1 DAGs
[2025-03-17T10:51:27.933+0000] {logging_mixin.py:188} INFO - [2025-03-17T10:51:27.933+0000] {dag.py:3823} INFO - Setting next_dagrun for 5_2_2_house_assignment to None, run_after=None
[2025-03-17T10:51:27.958+0000] {processor.py:183} INFO - Processing /opt/airflow/dags/5_2_2_house_assignment.py took 0.744 seconds
[2025-03-17T10:51:58.289+0000] {processor.py:161} INFO - Started process (PID=353) to work on /opt/airflow/dags/5_2_2_house_assignment.py
[2025-03-17T10:51:58.290+0000] {processor.py:830} INFO - Processing file /opt/airflow/dags/5_2_2_house_assignment.py for tasks to queue
[2025-03-17T10:51:58.291+0000] {logging_mixin.py:188} INFO - [2025-03-17T10:51:58.290+0000] {dagbag.py:538} INFO - Filling up the DagBag from /opt/airflow/dags/5_2_2_house_assignment.py
[2025-03-17T10:51:58.790+0000] {logging_mixin.py:188} INFO - [2025-03-17T10:51:58.789+0000] {base.py:83} INFO - Using connection ID 'clickhouse_default' for task execution.
[2025-03-17T10:51:58.792+0000] {logging_mixin.py:188} INFO - [2025-03-17T10:51:58.792+0000] {base.py:83} INFO - Using connection ID 'clickhouse_default' for task execution.
[2025-03-17T10:51:58.794+0000] {logging_mixin.py:188} INFO - [2025-03-17T10:51:58.793+0000] {base.py:83} INFO - Using connection ID 'clickhouse_default' for task execution.
[2025-03-17T10:51:58.795+0000] {logging_mixin.py:188} INFO - [2025-03-17T10:51:58.795+0000] {base.py:83} INFO - Using connection ID 'clickhouse_default' for task execution.
[2025-03-17T10:51:58.803+0000] {processor.py:840} INFO - DAG(s) '5_2_2_house_assignment' retrieved from /opt/airflow/dags/5_2_2_house_assignment.py
[2025-03-17T10:51:58.876+0000] {logging_mixin.py:188} INFO - [2025-03-17T10:51:58.875+0000] {dag.py:3036} INFO - Sync 1 DAGs
[2025-03-17T10:51:58.889+0000] {logging_mixin.py:188} INFO - [2025-03-17T10:51:58.888+0000] {dag.py:3823} INFO - Setting next_dagrun for 5_2_2_house_assignment to None, run_after=None
[2025-03-17T10:51:58.909+0000] {processor.py:183} INFO - Processing /opt/airflow/dags/5_2_2_house_assignment.py took 0.622 seconds
[2025-03-17T10:52:29.268+0000] {processor.py:161} INFO - Started process (PID=377) to work on /opt/airflow/dags/5_2_2_house_assignment.py
[2025-03-17T10:52:29.269+0000] {processor.py:830} INFO - Processing file /opt/airflow/dags/5_2_2_house_assignment.py for tasks to queue
[2025-03-17T10:52:29.270+0000] {logging_mixin.py:188} INFO - [2025-03-17T10:52:29.270+0000] {dagbag.py:538} INFO - Filling up the DagBag from /opt/airflow/dags/5_2_2_house_assignment.py
[2025-03-17T10:52:29.736+0000] {logging_mixin.py:188} INFO - [2025-03-17T10:52:29.736+0000] {base.py:83} INFO - Using connection ID 'clickhouse_default' for task execution.
[2025-03-17T10:52:29.739+0000] {logging_mixin.py:188} INFO - [2025-03-17T10:52:29.738+0000] {base.py:83} INFO - Using connection ID 'clickhouse_default' for task execution.
[2025-03-17T10:52:29.740+0000] {logging_mixin.py:188} INFO - [2025-03-17T10:52:29.740+0000] {base.py:83} INFO - Using connection ID 'clickhouse_default' for task execution.
[2025-03-17T10:52:29.742+0000] {logging_mixin.py:188} INFO - [2025-03-17T10:52:29.742+0000] {base.py:83} INFO - Using connection ID 'clickhouse_default' for task execution.
[2025-03-17T10:52:29.752+0000] {processor.py:840} INFO - DAG(s) '5_2_2_house_assignment' retrieved from /opt/airflow/dags/5_2_2_house_assignment.py
[2025-03-17T10:52:29.824+0000] {logging_mixin.py:188} INFO - [2025-03-17T10:52:29.824+0000] {dag.py:3036} INFO - Sync 1 DAGs
[2025-03-17T10:52:29.840+0000] {logging_mixin.py:188} INFO - [2025-03-17T10:52:29.840+0000] {dag.py:3823} INFO - Setting next_dagrun for 5_2_2_house_assignment to None, run_after=None
[2025-03-17T10:52:29.862+0000] {processor.py:183} INFO - Processing /opt/airflow/dags/5_2_2_house_assignment.py took 0.596 seconds
[2025-03-17T10:53:00.152+0000] {processor.py:161} INFO - Started process (PID=401) to work on /opt/airflow/dags/5_2_2_house_assignment.py
[2025-03-17T10:53:00.153+0000] {processor.py:830} INFO - Processing file /opt/airflow/dags/5_2_2_house_assignment.py for tasks to queue
[2025-03-17T10:53:00.154+0000] {logging_mixin.py:188} INFO - [2025-03-17T10:53:00.154+0000] {dagbag.py:538} INFO - Filling up the DagBag from /opt/airflow/dags/5_2_2_house_assignment.py
[2025-03-17T10:53:00.642+0000] {logging_mixin.py:188} INFO - [2025-03-17T10:53:00.642+0000] {base.py:83} INFO - Using connection ID 'clickhouse_default' for task execution.
[2025-03-17T10:53:00.644+0000] {logging_mixin.py:188} INFO - [2025-03-17T10:53:00.644+0000] {base.py:83} INFO - Using connection ID 'clickhouse_default' for task execution.
[2025-03-17T10:53:00.646+0000] {logging_mixin.py:188} INFO - [2025-03-17T10:53:00.646+0000] {base.py:83} INFO - Using connection ID 'clickhouse_default' for task execution.
[2025-03-17T10:53:00.648+0000] {logging_mixin.py:188} INFO - [2025-03-17T10:53:00.648+0000] {base.py:83} INFO - Using connection ID 'clickhouse_default' for task execution.
[2025-03-17T10:53:00.655+0000] {processor.py:840} INFO - DAG(s) '5_2_2_house_assignment' retrieved from /opt/airflow/dags/5_2_2_house_assignment.py
[2025-03-17T10:53:00.726+0000] {logging_mixin.py:188} INFO - [2025-03-17T10:53:00.726+0000] {dag.py:3036} INFO - Sync 1 DAGs
[2025-03-17T10:53:00.741+0000] {logging_mixin.py:188} INFO - [2025-03-17T10:53:00.741+0000] {dag.py:3823} INFO - Setting next_dagrun for 5_2_2_house_assignment to None, run_after=None
[2025-03-17T10:53:00.759+0000] {processor.py:183} INFO - Processing /opt/airflow/dags/5_2_2_house_assignment.py took 0.610 seconds
[2025-03-17T10:53:33.981+0000] {processor.py:161} INFO - Started process (PID=427) to work on /opt/airflow/dags/5_2_2_house_assignment.py
[2025-03-17T10:53:33.983+0000] {processor.py:830} INFO - Processing file /opt/airflow/dags/5_2_2_house_assignment.py for tasks to queue
[2025-03-17T10:53:33.985+0000] {logging_mixin.py:188} INFO - [2025-03-17T10:53:33.984+0000] {dagbag.py:538} INFO - Filling up the DagBag from /opt/airflow/dags/5_2_2_house_assignment.py
[2025-03-17T10:53:34.650+0000] {logging_mixin.py:188} INFO - [2025-03-17T10:53:34.649+0000] {base.py:83} INFO - Using connection ID 'clickhouse_default' for task execution.
[2025-03-17T10:53:34.652+0000] {logging_mixin.py:188} INFO - [2025-03-17T10:53:34.652+0000] {base.py:83} INFO - Using connection ID 'clickhouse_default' for task execution.
[2025-03-17T10:53:34.654+0000] {logging_mixin.py:188} INFO - [2025-03-17T10:53:34.654+0000] {base.py:83} INFO - Using connection ID 'clickhouse_default' for task execution.
[2025-03-17T10:53:34.655+0000] {logging_mixin.py:188} INFO - [2025-03-17T10:53:34.655+0000] {base.py:83} INFO - Using connection ID 'clickhouse_default' for task execution.
[2025-03-17T10:53:34.663+0000] {processor.py:840} INFO - DAG(s) '5_2_2_house_assignment' retrieved from /opt/airflow/dags/5_2_2_house_assignment.py
[2025-03-17T10:53:34.742+0000] {logging_mixin.py:188} INFO - [2025-03-17T10:53:34.741+0000] {dag.py:3036} INFO - Sync 1 DAGs
[2025-03-17T10:53:34.757+0000] {logging_mixin.py:188} INFO - [2025-03-17T10:53:34.757+0000] {dag.py:3823} INFO - Setting next_dagrun for 5_2_2_house_assignment to None, run_after=None
[2025-03-17T10:53:34.781+0000] {processor.py:183} INFO - Processing /opt/airflow/dags/5_2_2_house_assignment.py took 0.805 seconds
[2025-03-17T10:54:05.369+0000] {processor.py:161} INFO - Started process (PID=452) to work on /opt/airflow/dags/5_2_2_house_assignment.py
[2025-03-17T10:54:05.370+0000] {processor.py:830} INFO - Processing file /opt/airflow/dags/5_2_2_house_assignment.py for tasks to queue
[2025-03-17T10:54:05.371+0000] {logging_mixin.py:188} INFO - [2025-03-17T10:54:05.370+0000] {dagbag.py:538} INFO - Filling up the DagBag from /opt/airflow/dags/5_2_2_house_assignment.py
[2025-03-17T10:54:06.026+0000] {logging_mixin.py:188} INFO - [2025-03-17T10:54:06.025+0000] {base.py:83} INFO - Using connection ID 'clickhouse_default' for task execution.
[2025-03-17T10:54:06.030+0000] {logging_mixin.py:188} INFO - [2025-03-17T10:54:06.030+0000] {base.py:83} INFO - Using connection ID 'clickhouse_default' for task execution.
[2025-03-17T10:54:06.034+0000] {logging_mixin.py:188} INFO - [2025-03-17T10:54:06.033+0000] {base.py:83} INFO - Using connection ID 'clickhouse_default' for task execution.
[2025-03-17T10:54:06.038+0000] {logging_mixin.py:188} INFO - [2025-03-17T10:54:06.038+0000] {base.py:83} INFO - Using connection ID 'clickhouse_default' for task execution.
[2025-03-17T10:54:06.051+0000] {processor.py:840} INFO - DAG(s) '5_2_2_house_assignment' retrieved from /opt/airflow/dags/5_2_2_house_assignment.py
[2025-03-17T10:54:06.167+0000] {logging_mixin.py:188} INFO - [2025-03-17T10:54:06.167+0000] {dag.py:3036} INFO - Sync 1 DAGs
[2025-03-17T10:54:06.189+0000] {logging_mixin.py:188} INFO - [2025-03-17T10:54:06.189+0000] {dag.py:3823} INFO - Setting next_dagrun for 5_2_2_house_assignment to None, run_after=None
[2025-03-17T10:54:06.219+0000] {processor.py:183} INFO - Processing /opt/airflow/dags/5_2_2_house_assignment.py took 0.853 seconds
[2025-03-17T10:54:37.034+0000] {processor.py:161} INFO - Started process (PID=477) to work on /opt/airflow/dags/5_2_2_house_assignment.py
[2025-03-17T10:54:37.037+0000] {processor.py:830} INFO - Processing file /opt/airflow/dags/5_2_2_house_assignment.py for tasks to queue
[2025-03-17T10:54:37.039+0000] {logging_mixin.py:188} INFO - [2025-03-17T10:54:37.038+0000] {dagbag.py:538} INFO - Filling up the DagBag from /opt/airflow/dags/5_2_2_house_assignment.py
[2025-03-17T10:54:37.785+0000] {logging_mixin.py:188} INFO - [2025-03-17T10:54:37.784+0000] {base.py:83} INFO - Using connection ID 'clickhouse_default' for task execution.
[2025-03-17T10:54:37.795+0000] {logging_mixin.py:188} INFO - [2025-03-17T10:54:37.794+0000] {base.py:83} INFO - Using connection ID 'clickhouse_default' for task execution.
[2025-03-17T10:54:37.803+0000] {logging_mixin.py:188} INFO - [2025-03-17T10:54:37.803+0000] {base.py:83} INFO - Using connection ID 'clickhouse_default' for task execution.
[2025-03-17T10:54:37.810+0000] {logging_mixin.py:188} INFO - [2025-03-17T10:54:37.809+0000] {base.py:83} INFO - Using connection ID 'clickhouse_default' for task execution.
[2025-03-17T10:54:37.829+0000] {processor.py:840} INFO - DAG(s) '5_2_2_house_assignment' retrieved from /opt/airflow/dags/5_2_2_house_assignment.py
[2025-03-17T10:54:38.018+0000] {logging_mixin.py:188} INFO - [2025-03-17T10:54:38.017+0000] {dag.py:3036} INFO - Sync 1 DAGs
[2025-03-17T10:54:38.055+0000] {logging_mixin.py:188} INFO - [2025-03-17T10:54:38.055+0000] {dag.py:3823} INFO - Setting next_dagrun for 5_2_2_house_assignment to None, run_after=None
[2025-03-17T10:54:38.103+0000] {processor.py:183} INFO - Processing /opt/airflow/dags/5_2_2_house_assignment.py took 1.072 seconds
[2025-03-17T10:55:08.279+0000] {processor.py:161} INFO - Started process (PID=502) to work on /opt/airflow/dags/5_2_2_house_assignment.py
[2025-03-17T10:55:08.280+0000] {processor.py:830} INFO - Processing file /opt/airflow/dags/5_2_2_house_assignment.py for tasks to queue
[2025-03-17T10:55:08.281+0000] {logging_mixin.py:188} INFO - [2025-03-17T10:55:08.281+0000] {dagbag.py:538} INFO - Filling up the DagBag from /opt/airflow/dags/5_2_2_house_assignment.py
[2025-03-17T10:55:08.792+0000] {logging_mixin.py:188} INFO - [2025-03-17T10:55:08.791+0000] {base.py:83} INFO - Using connection ID 'clickhouse_default' for task execution.
[2025-03-17T10:55:08.794+0000] {logging_mixin.py:188} INFO - [2025-03-17T10:55:08.794+0000] {base.py:83} INFO - Using connection ID 'clickhouse_default' for task execution.
[2025-03-17T10:55:08.796+0000] {logging_mixin.py:188} INFO - [2025-03-17T10:55:08.795+0000] {base.py:83} INFO - Using connection ID 'clickhouse_default' for task execution.
[2025-03-17T10:55:08.797+0000] {logging_mixin.py:188} INFO - [2025-03-17T10:55:08.797+0000] {base.py:83} INFO - Using connection ID 'clickhouse_default' for task execution.
[2025-03-17T10:55:08.804+0000] {processor.py:840} INFO - DAG(s) '5_2_2_house_assignment' retrieved from /opt/airflow/dags/5_2_2_house_assignment.py
[2025-03-17T10:55:08.875+0000] {logging_mixin.py:188} INFO - [2025-03-17T10:55:08.874+0000] {dag.py:3036} INFO - Sync 1 DAGs
[2025-03-17T10:55:08.887+0000] {logging_mixin.py:188} INFO - [2025-03-17T10:55:08.887+0000] {dag.py:3823} INFO - Setting next_dagrun for 5_2_2_house_assignment to None, run_after=None
[2025-03-17T10:55:08.907+0000] {processor.py:183} INFO - Processing /opt/airflow/dags/5_2_2_house_assignment.py took 0.632 seconds
[2025-03-17T10:55:39.118+0000] {processor.py:161} INFO - Started process (PID=527) to work on /opt/airflow/dags/5_2_2_house_assignment.py
[2025-03-17T10:55:39.119+0000] {processor.py:830} INFO - Processing file /opt/airflow/dags/5_2_2_house_assignment.py for tasks to queue
[2025-03-17T10:55:39.120+0000] {logging_mixin.py:188} INFO - [2025-03-17T10:55:39.120+0000] {dagbag.py:538} INFO - Filling up the DagBag from /opt/airflow/dags/5_2_2_house_assignment.py
[2025-03-17T10:55:39.694+0000] {logging_mixin.py:188} INFO - [2025-03-17T10:55:39.693+0000] {base.py:83} INFO - Using connection ID 'clickhouse_default' for task execution.
[2025-03-17T10:55:39.696+0000] {logging_mixin.py:188} INFO - [2025-03-17T10:55:39.696+0000] {base.py:83} INFO - Using connection ID 'clickhouse_default' for task execution.
[2025-03-17T10:55:39.698+0000] {logging_mixin.py:188} INFO - [2025-03-17T10:55:39.698+0000] {base.py:83} INFO - Using connection ID 'clickhouse_default' for task execution.
[2025-03-17T10:55:39.700+0000] {logging_mixin.py:188} INFO - [2025-03-17T10:55:39.699+0000] {base.py:83} INFO - Using connection ID 'clickhouse_default' for task execution.
[2025-03-17T10:55:39.707+0000] {processor.py:840} INFO - DAG(s) '5_2_2_house_assignment' retrieved from /opt/airflow/dags/5_2_2_house_assignment.py
[2025-03-17T10:55:39.790+0000] {logging_mixin.py:188} INFO - [2025-03-17T10:55:39.790+0000] {dag.py:3036} INFO - Sync 1 DAGs
[2025-03-17T10:55:39.806+0000] {logging_mixin.py:188} INFO - [2025-03-17T10:55:39.806+0000] {dag.py:3823} INFO - Setting next_dagrun for 5_2_2_house_assignment to None, run_after=None
[2025-03-17T10:55:39.829+0000] {processor.py:183} INFO - Processing /opt/airflow/dags/5_2_2_house_assignment.py took 0.713 seconds
[2025-03-17T10:56:10.054+0000] {processor.py:161} INFO - Started process (PID=552) to work on /opt/airflow/dags/5_2_2_house_assignment.py
[2025-03-17T10:56:10.055+0000] {processor.py:830} INFO - Processing file /opt/airflow/dags/5_2_2_house_assignment.py for tasks to queue
[2025-03-17T10:56:10.056+0000] {logging_mixin.py:188} INFO - [2025-03-17T10:56:10.056+0000] {dagbag.py:538} INFO - Filling up the DagBag from /opt/airflow/dags/5_2_2_house_assignment.py
[2025-03-17T10:56:10.595+0000] {logging_mixin.py:188} INFO - [2025-03-17T10:56:10.594+0000] {base.py:83} INFO - Using connection ID 'clickhouse_default' for task execution.
[2025-03-17T10:56:10.597+0000] {logging_mixin.py:188} INFO - [2025-03-17T10:56:10.596+0000] {base.py:83} INFO - Using connection ID 'clickhouse_default' for task execution.
[2025-03-17T10:56:10.598+0000] {logging_mixin.py:188} INFO - [2025-03-17T10:56:10.598+0000] {base.py:83} INFO - Using connection ID 'clickhouse_default' for task execution.
[2025-03-17T10:56:10.600+0000] {logging_mixin.py:188} INFO - [2025-03-17T10:56:10.600+0000] {base.py:83} INFO - Using connection ID 'clickhouse_default' for task execution.
[2025-03-17T10:56:10.607+0000] {processor.py:840} INFO - DAG(s) '5_2_2_house_assignment' retrieved from /opt/airflow/dags/5_2_2_house_assignment.py
[2025-03-17T10:56:10.682+0000] {logging_mixin.py:188} INFO - [2025-03-17T10:56:10.681+0000] {dag.py:3036} INFO - Sync 1 DAGs
[2025-03-17T10:56:10.694+0000] {logging_mixin.py:188} INFO - [2025-03-17T10:56:10.694+0000] {dag.py:3823} INFO - Setting next_dagrun for 5_2_2_house_assignment to None, run_after=None
[2025-03-17T10:56:10.713+0000] {processor.py:183} INFO - Processing /opt/airflow/dags/5_2_2_house_assignment.py took 0.661 seconds
[2025-03-17T10:56:41.052+0000] {processor.py:161} INFO - Started process (PID=577) to work on /opt/airflow/dags/5_2_2_house_assignment.py
[2025-03-17T10:56:41.053+0000] {processor.py:830} INFO - Processing file /opt/airflow/dags/5_2_2_house_assignment.py for tasks to queue
[2025-03-17T10:56:41.054+0000] {logging_mixin.py:188} INFO - [2025-03-17T10:56:41.054+0000] {dagbag.py:538} INFO - Filling up the DagBag from /opt/airflow/dags/5_2_2_house_assignment.py
[2025-03-17T10:56:41.679+0000] {logging_mixin.py:188} INFO - [2025-03-17T10:56:41.679+0000] {base.py:83} INFO - Using connection ID 'clickhouse_default' for task execution.
[2025-03-17T10:56:41.681+0000] {logging_mixin.py:188} INFO - [2025-03-17T10:56:41.681+0000] {base.py:83} INFO - Using connection ID 'clickhouse_default' for task execution.
[2025-03-17T10:56:41.683+0000] {logging_mixin.py:188} INFO - [2025-03-17T10:56:41.683+0000] {base.py:83} INFO - Using connection ID 'clickhouse_default' for task execution.
[2025-03-17T10:56:41.685+0000] {logging_mixin.py:188} INFO - [2025-03-17T10:56:41.685+0000] {base.py:83} INFO - Using connection ID 'clickhouse_default' for task execution.
[2025-03-17T10:56:41.693+0000] {processor.py:840} INFO - DAG(s) '5_2_2_house_assignment' retrieved from /opt/airflow/dags/5_2_2_house_assignment.py
[2025-03-17T10:56:41.714+0000] {logging_mixin.py:188} INFO - [2025-03-17T10:56:41.714+0000] {dag.py:3036} INFO - Sync 1 DAGs
[2025-03-17T10:56:41.729+0000] {logging_mixin.py:188} INFO - [2025-03-17T10:56:41.729+0000] {dag.py:3823} INFO - Setting next_dagrun for 5_2_2_house_assignment to None, run_after=None
[2025-03-17T10:56:41.758+0000] {processor.py:183} INFO - Processing /opt/airflow/dags/5_2_2_house_assignment.py took 0.710 seconds
[2025-03-17T10:57:12.030+0000] {processor.py:161} INFO - Started process (PID=602) to work on /opt/airflow/dags/5_2_2_house_assignment.py
[2025-03-17T10:57:12.032+0000] {processor.py:830} INFO - Processing file /opt/airflow/dags/5_2_2_house_assignment.py for tasks to queue
[2025-03-17T10:57:12.033+0000] {logging_mixin.py:188} INFO - [2025-03-17T10:57:12.033+0000] {dagbag.py:538} INFO - Filling up the DagBag from /opt/airflow/dags/5_2_2_house_assignment.py
[2025-03-17T10:57:12.503+0000] {logging_mixin.py:188} INFO - [2025-03-17T10:57:12.502+0000] {base.py:83} INFO - Using connection ID 'clickhouse_default' for task execution.
[2025-03-17T10:57:12.504+0000] {logging_mixin.py:188} INFO - [2025-03-17T10:57:12.504+0000] {base.py:83} INFO - Using connection ID 'clickhouse_default' for task execution.
[2025-03-17T10:57:12.506+0000] {logging_mixin.py:188} INFO - [2025-03-17T10:57:12.506+0000] {base.py:83} INFO - Using connection ID 'clickhouse_default' for task execution.
[2025-03-17T10:57:12.508+0000] {logging_mixin.py:188} INFO - [2025-03-17T10:57:12.507+0000] {base.py:83} INFO - Using connection ID 'clickhouse_default' for task execution.
[2025-03-17T10:57:12.514+0000] {processor.py:840} INFO - DAG(s) '5_2_2_house_assignment' retrieved from /opt/airflow/dags/5_2_2_house_assignment.py
[2025-03-17T10:57:12.589+0000] {logging_mixin.py:188} INFO - [2025-03-17T10:57:12.589+0000] {dag.py:3036} INFO - Sync 1 DAGs
[2025-03-17T10:57:12.606+0000] {logging_mixin.py:188} INFO - [2025-03-17T10:57:12.606+0000] {dag.py:3823} INFO - Setting next_dagrun for 5_2_2_house_assignment to None, run_after=None
[2025-03-17T10:57:12.630+0000] {processor.py:183} INFO - Processing /opt/airflow/dags/5_2_2_house_assignment.py took 0.602 seconds
[2025-03-17T10:57:42.919+0000] {processor.py:161} INFO - Started process (PID=627) to work on /opt/airflow/dags/5_2_2_house_assignment.py
[2025-03-17T10:57:42.920+0000] {processor.py:830} INFO - Processing file /opt/airflow/dags/5_2_2_house_assignment.py for tasks to queue
[2025-03-17T10:57:42.922+0000] {logging_mixin.py:188} INFO - [2025-03-17T10:57:42.921+0000] {dagbag.py:538} INFO - Filling up the DagBag from /opt/airflow/dags/5_2_2_house_assignment.py
[2025-03-17T10:57:43.513+0000] {logging_mixin.py:188} INFO - [2025-03-17T10:57:43.513+0000] {base.py:83} INFO - Using connection ID 'clickhouse_default' for task execution.
[2025-03-17T10:57:43.517+0000] {logging_mixin.py:188} INFO - [2025-03-17T10:57:43.517+0000] {base.py:83} INFO - Using connection ID 'clickhouse_default' for task execution.
[2025-03-17T10:57:43.520+0000] {logging_mixin.py:188} INFO - [2025-03-17T10:57:43.520+0000] {base.py:83} INFO - Using connection ID 'clickhouse_default' for task execution.
[2025-03-17T10:57:43.523+0000] {logging_mixin.py:188} INFO - [2025-03-17T10:57:43.523+0000] {base.py:83} INFO - Using connection ID 'clickhouse_default' for task execution.
[2025-03-17T10:57:43.536+0000] {processor.py:840} INFO - DAG(s) '5_2_2_house_assignment' retrieved from /opt/airflow/dags/5_2_2_house_assignment.py
[2025-03-17T10:57:43.631+0000] {logging_mixin.py:188} INFO - [2025-03-17T10:57:43.630+0000] {dag.py:3036} INFO - Sync 1 DAGs
[2025-03-17T10:57:43.646+0000] {logging_mixin.py:188} INFO - [2025-03-17T10:57:43.645+0000] {dag.py:3823} INFO - Setting next_dagrun for 5_2_2_house_assignment to None, run_after=None
[2025-03-17T10:57:43.672+0000] {processor.py:183} INFO - Processing /opt/airflow/dags/5_2_2_house_assignment.py took 0.757 seconds
[2025-03-17T10:58:14.245+0000] {processor.py:161} INFO - Started process (PID=652) to work on /opt/airflow/dags/5_2_2_house_assignment.py
[2025-03-17T10:58:14.246+0000] {processor.py:830} INFO - Processing file /opt/airflow/dags/5_2_2_house_assignment.py for tasks to queue
[2025-03-17T10:58:14.247+0000] {logging_mixin.py:188} INFO - [2025-03-17T10:58:14.247+0000] {dagbag.py:538} INFO - Filling up the DagBag from /opt/airflow/dags/5_2_2_house_assignment.py
[2025-03-17T10:58:14.762+0000] {logging_mixin.py:188} INFO - [2025-03-17T10:58:14.761+0000] {base.py:83} INFO - Using connection ID 'clickhouse_default' for task execution.
[2025-03-17T10:58:14.764+0000] {logging_mixin.py:188} INFO - [2025-03-17T10:58:14.764+0000] {base.py:83} INFO - Using connection ID 'clickhouse_default' for task execution.
[2025-03-17T10:58:14.766+0000] {logging_mixin.py:188} INFO - [2025-03-17T10:58:14.766+0000] {base.py:83} INFO - Using connection ID 'clickhouse_default' for task execution.
[2025-03-17T10:58:14.767+0000] {logging_mixin.py:188} INFO - [2025-03-17T10:58:14.767+0000] {base.py:83} INFO - Using connection ID 'clickhouse_default' for task execution.
[2025-03-17T10:58:14.775+0000] {processor.py:840} INFO - DAG(s) '5_2_2_house_assignment' retrieved from /opt/airflow/dags/5_2_2_house_assignment.py
[2025-03-17T10:58:14.858+0000] {logging_mixin.py:188} INFO - [2025-03-17T10:58:14.858+0000] {dag.py:3036} INFO - Sync 1 DAGs
[2025-03-17T10:58:14.875+0000] {logging_mixin.py:188} INFO - [2025-03-17T10:58:14.875+0000] {dag.py:3823} INFO - Setting next_dagrun for 5_2_2_house_assignment to None, run_after=None
[2025-03-17T10:58:14.900+0000] {processor.py:183} INFO - Processing /opt/airflow/dags/5_2_2_house_assignment.py took 0.658 seconds
[2025-03-17T10:58:45.797+0000] {processor.py:161} INFO - Started process (PID=677) to work on /opt/airflow/dags/5_2_2_house_assignment.py
[2025-03-17T10:58:45.798+0000] {processor.py:830} INFO - Processing file /opt/airflow/dags/5_2_2_house_assignment.py for tasks to queue
[2025-03-17T10:58:45.799+0000] {logging_mixin.py:188} INFO - [2025-03-17T10:58:45.799+0000] {dagbag.py:538} INFO - Filling up the DagBag from /opt/airflow/dags/5_2_2_house_assignment.py
[2025-03-17T10:58:46.327+0000] {logging_mixin.py:188} INFO - [2025-03-17T10:58:46.327+0000] {base.py:83} INFO - Using connection ID 'clickhouse_default' for task execution.
[2025-03-17T10:58:46.329+0000] {logging_mixin.py:188} INFO - [2025-03-17T10:58:46.329+0000] {base.py:83} INFO - Using connection ID 'clickhouse_default' for task execution.
[2025-03-17T10:58:46.331+0000] {logging_mixin.py:188} INFO - [2025-03-17T10:58:46.331+0000] {base.py:83} INFO - Using connection ID 'clickhouse_default' for task execution.
[2025-03-17T10:58:46.333+0000] {logging_mixin.py:188} INFO - [2025-03-17T10:58:46.332+0000] {base.py:83} INFO - Using connection ID 'clickhouse_default' for task execution.
[2025-03-17T10:58:46.339+0000] {processor.py:840} INFO - DAG(s) '5_2_2_house_assignment' retrieved from /opt/airflow/dags/5_2_2_house_assignment.py
[2025-03-17T10:58:46.408+0000] {logging_mixin.py:188} INFO - [2025-03-17T10:58:46.407+0000] {dag.py:3036} INFO - Sync 1 DAGs
[2025-03-17T10:58:46.421+0000] {logging_mixin.py:188} INFO - [2025-03-17T10:58:46.421+0000] {dag.py:3823} INFO - Setting next_dagrun for 5_2_2_house_assignment to None, run_after=None
[2025-03-17T10:58:46.443+0000] {processor.py:183} INFO - Processing /opt/airflow/dags/5_2_2_house_assignment.py took 0.650 seconds
[2025-03-17T10:59:17.048+0000] {processor.py:161} INFO - Started process (PID=702) to work on /opt/airflow/dags/5_2_2_house_assignment.py
[2025-03-17T10:59:17.049+0000] {processor.py:830} INFO - Processing file /opt/airflow/dags/5_2_2_house_assignment.py for tasks to queue
[2025-03-17T10:59:17.050+0000] {logging_mixin.py:188} INFO - [2025-03-17T10:59:17.050+0000] {dagbag.py:538} INFO - Filling up the DagBag from /opt/airflow/dags/5_2_2_house_assignment.py
[2025-03-17T10:59:17.675+0000] {logging_mixin.py:188} INFO - [2025-03-17T10:59:17.674+0000] {base.py:83} INFO - Using connection ID 'clickhouse_default' for task execution.
[2025-03-17T10:59:17.678+0000] {logging_mixin.py:188} INFO - [2025-03-17T10:59:17.678+0000] {base.py:83} INFO - Using connection ID 'clickhouse_default' for task execution.
[2025-03-17T10:59:17.681+0000] {logging_mixin.py:188} INFO - [2025-03-17T10:59:17.680+0000] {base.py:83} INFO - Using connection ID 'clickhouse_default' for task execution.
[2025-03-17T10:59:17.683+0000] {logging_mixin.py:188} INFO - [2025-03-17T10:59:17.683+0000] {base.py:83} INFO - Using connection ID 'clickhouse_default' for task execution.
[2025-03-17T10:59:17.692+0000] {processor.py:840} INFO - DAG(s) '5_2_2_house_assignment' retrieved from /opt/airflow/dags/5_2_2_house_assignment.py
[2025-03-17T10:59:17.783+0000] {logging_mixin.py:188} INFO - [2025-03-17T10:59:17.782+0000] {dag.py:3036} INFO - Sync 1 DAGs
[2025-03-17T10:59:17.799+0000] {logging_mixin.py:188} INFO - [2025-03-17T10:59:17.799+0000] {dag.py:3823} INFO - Setting next_dagrun for 5_2_2_house_assignment to None, run_after=None
[2025-03-17T10:59:17.824+0000] {processor.py:183} INFO - Processing /opt/airflow/dags/5_2_2_house_assignment.py took 0.779 seconds
[2025-03-17T10:59:48.731+0000] {processor.py:161} INFO - Started process (PID=727) to work on /opt/airflow/dags/5_2_2_house_assignment.py
[2025-03-17T10:59:48.734+0000] {processor.py:830} INFO - Processing file /opt/airflow/dags/5_2_2_house_assignment.py for tasks to queue
[2025-03-17T10:59:48.737+0000] {logging_mixin.py:188} INFO - [2025-03-17T10:59:48.737+0000] {dagbag.py:538} INFO - Filling up the DagBag from /opt/airflow/dags/5_2_2_house_assignment.py
[2025-03-17T10:59:49.542+0000] {logging_mixin.py:188} INFO - [2025-03-17T10:59:49.542+0000] {base.py:83} INFO - Using connection ID 'clickhouse_default' for task execution.
[2025-03-17T10:59:49.545+0000] {logging_mixin.py:188} INFO - [2025-03-17T10:59:49.545+0000] {base.py:83} INFO - Using connection ID 'clickhouse_default' for task execution.
[2025-03-17T10:59:49.547+0000] {logging_mixin.py:188} INFO - [2025-03-17T10:59:49.547+0000] {base.py:83} INFO - Using connection ID 'clickhouse_default' for task execution.
[2025-03-17T10:59:49.550+0000] {logging_mixin.py:188} INFO - [2025-03-17T10:59:49.550+0000] {base.py:83} INFO - Using connection ID 'clickhouse_default' for task execution.
[2025-03-17T10:59:49.561+0000] {processor.py:840} INFO - DAG(s) '5_2_2_house_assignment' retrieved from /opt/airflow/dags/5_2_2_house_assignment.py
[2025-03-17T10:59:49.652+0000] {logging_mixin.py:188} INFO - [2025-03-17T10:59:49.651+0000] {dag.py:3036} INFO - Sync 1 DAGs
[2025-03-17T10:59:49.670+0000] {logging_mixin.py:188} INFO - [2025-03-17T10:59:49.670+0000] {dag.py:3823} INFO - Setting next_dagrun for 5_2_2_house_assignment to None, run_after=None
[2025-03-17T10:59:49.697+0000] {processor.py:183} INFO - Processing /opt/airflow/dags/5_2_2_house_assignment.py took 0.973 seconds
[2025-03-17T11:00:20.485+0000] {processor.py:161} INFO - Started process (PID=752) to work on /opt/airflow/dags/5_2_2_house_assignment.py
[2025-03-17T11:00:20.486+0000] {processor.py:830} INFO - Processing file /opt/airflow/dags/5_2_2_house_assignment.py for tasks to queue
[2025-03-17T11:00:20.488+0000] {logging_mixin.py:188} INFO - [2025-03-17T11:00:20.487+0000] {dagbag.py:538} INFO - Filling up the DagBag from /opt/airflow/dags/5_2_2_house_assignment.py
[2025-03-17T11:00:21.168+0000] {logging_mixin.py:188} INFO - [2025-03-17T11:00:21.167+0000] {base.py:83} INFO - Using connection ID 'clickhouse_default' for task execution.
[2025-03-17T11:00:21.171+0000] {logging_mixin.py:188} INFO - [2025-03-17T11:00:21.171+0000] {base.py:83} INFO - Using connection ID 'clickhouse_default' for task execution.
[2025-03-17T11:00:21.175+0000] {logging_mixin.py:188} INFO - [2025-03-17T11:00:21.175+0000] {base.py:83} INFO - Using connection ID 'clickhouse_default' for task execution.
[2025-03-17T11:00:21.178+0000] {logging_mixin.py:188} INFO - [2025-03-17T11:00:21.178+0000] {base.py:83} INFO - Using connection ID 'clickhouse_default' for task execution.
[2025-03-17T11:00:21.190+0000] {processor.py:840} INFO - DAG(s) '5_2_2_house_assignment' retrieved from /opt/airflow/dags/5_2_2_house_assignment.py
[2025-03-17T11:00:21.306+0000] {logging_mixin.py:188} INFO - [2025-03-17T11:00:21.305+0000] {dag.py:3036} INFO - Sync 1 DAGs
[2025-03-17T11:00:21.330+0000] {logging_mixin.py:188} INFO - [2025-03-17T11:00:21.330+0000] {dag.py:3823} INFO - Setting next_dagrun for 5_2_2_house_assignment to None, run_after=None
[2025-03-17T11:00:21.361+0000] {processor.py:183} INFO - Processing /opt/airflow/dags/5_2_2_house_assignment.py took 0.879 seconds
[2025-03-17T11:00:51.798+0000] {processor.py:161} INFO - Started process (PID=779) to work on /opt/airflow/dags/5_2_2_house_assignment.py
[2025-03-17T11:00:51.799+0000] {processor.py:830} INFO - Processing file /opt/airflow/dags/5_2_2_house_assignment.py for tasks to queue
[2025-03-17T11:00:51.800+0000] {logging_mixin.py:188} INFO - [2025-03-17T11:00:51.800+0000] {dagbag.py:538} INFO - Filling up the DagBag from /opt/airflow/dags/5_2_2_house_assignment.py
[2025-03-17T11:00:52.352+0000] {logging_mixin.py:188} INFO - [2025-03-17T11:00:52.351+0000] {base.py:83} INFO - Using connection ID 'clickhouse_default' for task execution.
[2025-03-17T11:00:52.354+0000] {logging_mixin.py:188} INFO - [2025-03-17T11:00:52.354+0000] {base.py:83} INFO - Using connection ID 'clickhouse_default' for task execution.
[2025-03-17T11:00:52.356+0000] {logging_mixin.py:188} INFO - [2025-03-17T11:00:52.355+0000] {base.py:83} INFO - Using connection ID 'clickhouse_default' for task execution.
[2025-03-17T11:00:52.357+0000] {logging_mixin.py:188} INFO - [2025-03-17T11:00:52.357+0000] {base.py:83} INFO - Using connection ID 'clickhouse_default' for task execution.
[2025-03-17T11:00:52.365+0000] {processor.py:840} INFO - DAG(s) '5_2_2_house_assignment' retrieved from /opt/airflow/dags/5_2_2_house_assignment.py
[2025-03-17T11:00:52.438+0000] {logging_mixin.py:188} INFO - [2025-03-17T11:00:52.438+0000] {dag.py:3036} INFO - Sync 1 DAGs
[2025-03-17T11:00:52.451+0000] {logging_mixin.py:188} INFO - [2025-03-17T11:00:52.451+0000] {dag.py:3823} INFO - Setting next_dagrun for 5_2_2_house_assignment to None, run_after=None
[2025-03-17T11:00:52.473+0000] {processor.py:183} INFO - Processing /opt/airflow/dags/5_2_2_house_assignment.py took 0.678 seconds
[2025-03-17T11:01:22.751+0000] {processor.py:161} INFO - Started process (PID=806) to work on /opt/airflow/dags/5_2_2_house_assignment.py
[2025-03-17T11:01:22.752+0000] {processor.py:830} INFO - Processing file /opt/airflow/dags/5_2_2_house_assignment.py for tasks to queue
[2025-03-17T11:01:22.753+0000] {logging_mixin.py:188} INFO - [2025-03-17T11:01:22.753+0000] {dagbag.py:538} INFO - Filling up the DagBag from /opt/airflow/dags/5_2_2_house_assignment.py
[2025-03-17T11:01:23.241+0000] {logging_mixin.py:188} INFO - [2025-03-17T11:01:23.240+0000] {base.py:83} INFO - Using connection ID 'clickhouse_default' for task execution.
[2025-03-17T11:01:23.244+0000] {logging_mixin.py:188} INFO - [2025-03-17T11:01:23.243+0000] {base.py:83} INFO - Using connection ID 'clickhouse_default' for task execution.
[2025-03-17T11:01:23.246+0000] {logging_mixin.py:188} INFO - [2025-03-17T11:01:23.246+0000] {base.py:83} INFO - Using connection ID 'clickhouse_default' for task execution.
[2025-03-17T11:01:23.249+0000] {logging_mixin.py:188} INFO - [2025-03-17T11:01:23.248+0000] {base.py:83} INFO - Using connection ID 'clickhouse_default' for task execution.
[2025-03-17T11:01:23.261+0000] {processor.py:840} INFO - DAG(s) '5_2_2_house_assignment' retrieved from /opt/airflow/dags/5_2_2_house_assignment.py
[2025-03-17T11:01:23.355+0000] {logging_mixin.py:188} INFO - [2025-03-17T11:01:23.354+0000] {dag.py:3036} INFO - Sync 1 DAGs
[2025-03-17T11:01:23.374+0000] {logging_mixin.py:188} INFO - [2025-03-17T11:01:23.374+0000] {dag.py:3823} INFO - Setting next_dagrun for 5_2_2_house_assignment to None, run_after=None
[2025-03-17T11:01:23.403+0000] {processor.py:183} INFO - Processing /opt/airflow/dags/5_2_2_house_assignment.py took 0.655 seconds
[2025-03-17T11:01:53.985+0000] {processor.py:161} INFO - Started process (PID=831) to work on /opt/airflow/dags/5_2_2_house_assignment.py
[2025-03-17T11:01:53.986+0000] {processor.py:830} INFO - Processing file /opt/airflow/dags/5_2_2_house_assignment.py for tasks to queue
[2025-03-17T11:01:53.988+0000] {logging_mixin.py:188} INFO - [2025-03-17T11:01:53.987+0000] {dagbag.py:538} INFO - Filling up the DagBag from /opt/airflow/dags/5_2_2_house_assignment.py
[2025-03-17T11:01:54.741+0000] {logging_mixin.py:188} INFO - [2025-03-17T11:01:54.741+0000] {base.py:83} INFO - Using connection ID 'clickhouse_default' for task execution.
[2025-03-17T11:01:54.743+0000] {logging_mixin.py:188} INFO - [2025-03-17T11:01:54.743+0000] {base.py:83} INFO - Using connection ID 'clickhouse_default' for task execution.
[2025-03-17T11:01:54.747+0000] {logging_mixin.py:188} INFO - [2025-03-17T11:01:54.746+0000] {base.py:83} INFO - Using connection ID 'clickhouse_default' for task execution.
[2025-03-17T11:01:54.749+0000] {logging_mixin.py:188} INFO - [2025-03-17T11:01:54.749+0000] {base.py:83} INFO - Using connection ID 'clickhouse_default' for task execution.
[2025-03-17T11:01:54.759+0000] {processor.py:840} INFO - DAG(s) '5_2_2_house_assignment' retrieved from /opt/airflow/dags/5_2_2_house_assignment.py
[2025-03-17T11:01:54.848+0000] {logging_mixin.py:188} INFO - [2025-03-17T11:01:54.848+0000] {dag.py:3036} INFO - Sync 1 DAGs
[2025-03-17T11:01:54.863+0000] {logging_mixin.py:188} INFO - [2025-03-17T11:01:54.863+0000] {dag.py:3823} INFO - Setting next_dagrun for 5_2_2_house_assignment to None, run_after=None
[2025-03-17T11:01:54.886+0000] {processor.py:183} INFO - Processing /opt/airflow/dags/5_2_2_house_assignment.py took 0.905 seconds
[2025-03-17T11:02:25.242+0000] {processor.py:161} INFO - Started process (PID=860) to work on /opt/airflow/dags/5_2_2_house_assignment.py
[2025-03-17T11:02:25.243+0000] {processor.py:830} INFO - Processing file /opt/airflow/dags/5_2_2_house_assignment.py for tasks to queue
[2025-03-17T11:02:25.244+0000] {logging_mixin.py:188} INFO - [2025-03-17T11:02:25.243+0000] {dagbag.py:538} INFO - Filling up the DagBag from /opt/airflow/dags/5_2_2_house_assignment.py
[2025-03-17T11:02:25.985+0000] {logging_mixin.py:188} INFO - [2025-03-17T11:02:25.984+0000] {base.py:83} INFO - Using connection ID 'clickhouse_default' for task execution.
[2025-03-17T11:02:25.988+0000] {logging_mixin.py:188} INFO - [2025-03-17T11:02:25.988+0000] {base.py:83} INFO - Using connection ID 'clickhouse_default' for task execution.
[2025-03-17T11:02:25.991+0000] {logging_mixin.py:188} INFO - [2025-03-17T11:02:25.991+0000] {base.py:83} INFO - Using connection ID 'clickhouse_default' for task execution.
[2025-03-17T11:02:25.996+0000] {logging_mixin.py:188} INFO - [2025-03-17T11:02:25.996+0000] {base.py:83} INFO - Using connection ID 'clickhouse_default' for task execution.
[2025-03-17T11:02:26.007+0000] {processor.py:840} INFO - DAG(s) '5_2_2_house_assignment' retrieved from /opt/airflow/dags/5_2_2_house_assignment.py
[2025-03-17T11:02:26.028+0000] {logging_mixin.py:188} INFO - [2025-03-17T11:02:26.027+0000] {dag.py:3036} INFO - Sync 1 DAGs
[2025-03-17T11:02:26.047+0000] {logging_mixin.py:188} INFO - [2025-03-17T11:02:26.046+0000] {dag.py:3823} INFO - Setting next_dagrun for 5_2_2_house_assignment to None, run_after=None
[2025-03-17T11:02:26.073+0000] {processor.py:183} INFO - Processing /opt/airflow/dags/5_2_2_house_assignment.py took 0.834 seconds
[2025-03-17T11:02:56.593+0000] {processor.py:161} INFO - Started process (PID=885) to work on /opt/airflow/dags/5_2_2_house_assignment.py
[2025-03-17T11:02:56.594+0000] {processor.py:830} INFO - Processing file /opt/airflow/dags/5_2_2_house_assignment.py for tasks to queue
[2025-03-17T11:02:56.595+0000] {logging_mixin.py:188} INFO - [2025-03-17T11:02:56.595+0000] {dagbag.py:538} INFO - Filling up the DagBag from /opt/airflow/dags/5_2_2_house_assignment.py
[2025-03-17T11:02:57.115+0000] {logging_mixin.py:188} INFO - [2025-03-17T11:02:57.114+0000] {base.py:83} INFO - Using connection ID 'clickhouse_default' for task execution.
[2025-03-17T11:02:57.117+0000] {logging_mixin.py:188} INFO - [2025-03-17T11:02:57.117+0000] {base.py:83} INFO - Using connection ID 'clickhouse_default' for task execution.
[2025-03-17T11:02:57.119+0000] {logging_mixin.py:188} INFO - [2025-03-17T11:02:57.119+0000] {base.py:83} INFO - Using connection ID 'clickhouse_default' for task execution.
[2025-03-17T11:02:57.120+0000] {logging_mixin.py:188} INFO - [2025-03-17T11:02:57.120+0000] {base.py:83} INFO - Using connection ID 'clickhouse_default' for task execution.
[2025-03-17T11:02:57.127+0000] {processor.py:840} INFO - DAG(s) '5_2_2_house_assignment' retrieved from /opt/airflow/dags/5_2_2_house_assignment.py
[2025-03-17T11:02:57.146+0000] {logging_mixin.py:188} INFO - [2025-03-17T11:02:57.145+0000] {dag.py:3036} INFO - Sync 1 DAGs
[2025-03-17T11:02:57.159+0000] {logging_mixin.py:188} INFO - [2025-03-17T11:02:57.159+0000] {dag.py:3823} INFO - Setting next_dagrun for 5_2_2_house_assignment to None, run_after=None
[2025-03-17T11:02:57.251+0000] {processor.py:183} INFO - Processing /opt/airflow/dags/5_2_2_house_assignment.py took 0.589 seconds
[2025-03-17T11:03:27.704+0000] {processor.py:161} INFO - Started process (PID=910) to work on /opt/airflow/dags/5_2_2_house_assignment.py
[2025-03-17T11:03:27.705+0000] {processor.py:830} INFO - Processing file /opt/airflow/dags/5_2_2_house_assignment.py for tasks to queue
[2025-03-17T11:03:27.707+0000] {logging_mixin.py:188} INFO - [2025-03-17T11:03:27.706+0000] {dagbag.py:538} INFO - Filling up the DagBag from /opt/airflow/dags/5_2_2_house_assignment.py
[2025-03-17T11:03:28.387+0000] {logging_mixin.py:188} INFO - [2025-03-17T11:03:28.386+0000] {base.py:83} INFO - Using connection ID 'clickhouse_default' for task execution.
[2025-03-17T11:03:28.389+0000] {logging_mixin.py:188} INFO - [2025-03-17T11:03:28.389+0000] {base.py:83} INFO - Using connection ID 'clickhouse_default' for task execution.
[2025-03-17T11:03:28.391+0000] {logging_mixin.py:188} INFO - [2025-03-17T11:03:28.391+0000] {base.py:83} INFO - Using connection ID 'clickhouse_default' for task execution.
[2025-03-17T11:03:28.392+0000] {logging_mixin.py:188} INFO - [2025-03-17T11:03:28.392+0000] {base.py:83} INFO - Using connection ID 'clickhouse_default' for task execution.
[2025-03-17T11:03:28.400+0000] {processor.py:840} INFO - DAG(s) '5_2_2_house_assignment' retrieved from /opt/airflow/dags/5_2_2_house_assignment.py
[2025-03-17T11:03:28.418+0000] {logging_mixin.py:188} INFO - [2025-03-17T11:03:28.417+0000] {dag.py:3036} INFO - Sync 1 DAGs
[2025-03-17T11:03:28.430+0000] {logging_mixin.py:188} INFO - [2025-03-17T11:03:28.430+0000] {dag.py:3823} INFO - Setting next_dagrun for 5_2_2_house_assignment to None, run_after=None
[2025-03-17T11:03:28.451+0000] {processor.py:183} INFO - Processing /opt/airflow/dags/5_2_2_house_assignment.py took 0.751 seconds
[2025-03-17T11:03:58.759+0000] {processor.py:161} INFO - Started process (PID=935) to work on /opt/airflow/dags/5_2_2_house_assignment.py
[2025-03-17T11:03:58.760+0000] {processor.py:830} INFO - Processing file /opt/airflow/dags/5_2_2_house_assignment.py for tasks to queue
[2025-03-17T11:03:58.761+0000] {logging_mixin.py:188} INFO - [2025-03-17T11:03:58.761+0000] {dagbag.py:538} INFO - Filling up the DagBag from /opt/airflow/dags/5_2_2_house_assignment.py
[2025-03-17T11:03:59.291+0000] {logging_mixin.py:188} INFO - [2025-03-17T11:03:59.291+0000] {base.py:83} INFO - Using connection ID 'clickhouse_default' for task execution.
[2025-03-17T11:03:59.294+0000] {logging_mixin.py:188} INFO - [2025-03-17T11:03:59.293+0000] {base.py:83} INFO - Using connection ID 'clickhouse_default' for task execution.
[2025-03-17T11:03:59.296+0000] {logging_mixin.py:188} INFO - [2025-03-17T11:03:59.296+0000] {base.py:83} INFO - Using connection ID 'clickhouse_default' for task execution.
[2025-03-17T11:03:59.298+0000] {logging_mixin.py:188} INFO - [2025-03-17T11:03:59.298+0000] {base.py:83} INFO - Using connection ID 'clickhouse_default' for task execution.
[2025-03-17T11:03:59.305+0000] {processor.py:840} INFO - DAG(s) '5_2_2_house_assignment' retrieved from /opt/airflow/dags/5_2_2_house_assignment.py
[2025-03-17T11:03:59.383+0000] {logging_mixin.py:188} INFO - [2025-03-17T11:03:59.383+0000] {dag.py:3036} INFO - Sync 1 DAGs
[2025-03-17T11:03:59.401+0000] {logging_mixin.py:188} INFO - [2025-03-17T11:03:59.401+0000] {dag.py:3823} INFO - Setting next_dagrun for 5_2_2_house_assignment to None, run_after=None
[2025-03-17T11:03:59.426+0000] {processor.py:183} INFO - Processing /opt/airflow/dags/5_2_2_house_assignment.py took 0.670 seconds
[2025-03-17T11:04:29.859+0000] {processor.py:161} INFO - Started process (PID=960) to work on /opt/airflow/dags/5_2_2_house_assignment.py
[2025-03-17T11:04:29.860+0000] {processor.py:830} INFO - Processing file /opt/airflow/dags/5_2_2_house_assignment.py for tasks to queue
[2025-03-17T11:04:29.862+0000] {logging_mixin.py:188} INFO - [2025-03-17T11:04:29.861+0000] {dagbag.py:538} INFO - Filling up the DagBag from /opt/airflow/dags/5_2_2_house_assignment.py
[2025-03-17T11:04:30.455+0000] {logging_mixin.py:188} INFO - [2025-03-17T11:04:30.454+0000] {base.py:83} INFO - Using connection ID 'clickhouse_default' for task execution.
[2025-03-17T11:04:30.457+0000] {logging_mixin.py:188} INFO - [2025-03-17T11:04:30.457+0000] {base.py:83} INFO - Using connection ID 'clickhouse_default' for task execution.
[2025-03-17T11:04:30.459+0000] {logging_mixin.py:188} INFO - [2025-03-17T11:04:30.459+0000] {base.py:83} INFO - Using connection ID 'clickhouse_default' for task execution.
[2025-03-17T11:04:30.461+0000] {logging_mixin.py:188} INFO - [2025-03-17T11:04:30.461+0000] {base.py:83} INFO - Using connection ID 'clickhouse_default' for task execution.
[2025-03-17T11:04:30.469+0000] {processor.py:840} INFO - DAG(s) '5_2_2_house_assignment' retrieved from /opt/airflow/dags/5_2_2_house_assignment.py
[2025-03-17T11:04:30.551+0000] {logging_mixin.py:188} INFO - [2025-03-17T11:04:30.551+0000] {dag.py:3036} INFO - Sync 1 DAGs
[2025-03-17T11:04:30.568+0000] {logging_mixin.py:188} INFO - [2025-03-17T11:04:30.568+0000] {dag.py:3823} INFO - Setting next_dagrun for 5_2_2_house_assignment to None, run_after=None
[2025-03-17T11:04:30.591+0000] {processor.py:183} INFO - Processing /opt/airflow/dags/5_2_2_house_assignment.py took 0.735 seconds
[2025-03-17T11:05:00.953+0000] {processor.py:161} INFO - Started process (PID=987) to work on /opt/airflow/dags/5_2_2_house_assignment.py
[2025-03-17T11:05:00.954+0000] {processor.py:830} INFO - Processing file /opt/airflow/dags/5_2_2_house_assignment.py for tasks to queue
[2025-03-17T11:05:00.955+0000] {logging_mixin.py:188} INFO - [2025-03-17T11:05:00.955+0000] {dagbag.py:538} INFO - Filling up the DagBag from /opt/airflow/dags/5_2_2_house_assignment.py
[2025-03-17T11:05:01.490+0000] {logging_mixin.py:188} INFO - [2025-03-17T11:05:01.490+0000] {base.py:83} INFO - Using connection ID 'clickhouse_default' for task execution.
[2025-03-17T11:05:01.492+0000] {logging_mixin.py:188} INFO - [2025-03-17T11:05:01.492+0000] {base.py:83} INFO - Using connection ID 'clickhouse_default' for task execution.
[2025-03-17T11:05:01.494+0000] {logging_mixin.py:188} INFO - [2025-03-17T11:05:01.494+0000] {base.py:83} INFO - Using connection ID 'clickhouse_default' for task execution.
[2025-03-17T11:05:01.497+0000] {logging_mixin.py:188} INFO - [2025-03-17T11:05:01.496+0000] {base.py:83} INFO - Using connection ID 'clickhouse_default' for task execution.
[2025-03-17T11:05:01.507+0000] {processor.py:840} INFO - DAG(s) '5_2_2_house_assignment' retrieved from /opt/airflow/dags/5_2_2_house_assignment.py
[2025-03-17T11:05:01.600+0000] {logging_mixin.py:188} INFO - [2025-03-17T11:05:01.600+0000] {dag.py:3036} INFO - Sync 1 DAGs
[2025-03-17T11:05:01.615+0000] {logging_mixin.py:188} INFO - [2025-03-17T11:05:01.615+0000] {dag.py:3823} INFO - Setting next_dagrun for 5_2_2_house_assignment to None, run_after=None
[2025-03-17T11:05:01.636+0000] {processor.py:183} INFO - Processing /opt/airflow/dags/5_2_2_house_assignment.py took 0.686 seconds
[2025-03-17T11:05:33.434+0000] {processor.py:161} INFO - Started process (PID=1014) to work on /opt/airflow/dags/5_2_2_house_assignment.py
[2025-03-17T11:05:33.435+0000] {processor.py:830} INFO - Processing file /opt/airflow/dags/5_2_2_house_assignment.py for tasks to queue
[2025-03-17T11:05:33.436+0000] {logging_mixin.py:188} INFO - [2025-03-17T11:05:33.435+0000] {dagbag.py:538} INFO - Filling up the DagBag from /opt/airflow/dags/5_2_2_house_assignment.py
[2025-03-17T11:05:34.076+0000] {logging_mixin.py:188} INFO - [2025-03-17T11:05:34.076+0000] {base.py:83} INFO - Using connection ID 'clickhouse_default' for task execution.
[2025-03-17T11:05:34.079+0000] {logging_mixin.py:188} INFO - [2025-03-17T11:05:34.079+0000] {base.py:83} INFO - Using connection ID 'clickhouse_default' for task execution.
[2025-03-17T11:05:34.081+0000] {logging_mixin.py:188} INFO - [2025-03-17T11:05:34.081+0000] {base.py:83} INFO - Using connection ID 'clickhouse_default' for task execution.
[2025-03-17T11:05:34.083+0000] {logging_mixin.py:188} INFO - [2025-03-17T11:05:34.083+0000] {base.py:83} INFO - Using connection ID 'clickhouse_default' for task execution.
[2025-03-17T11:05:34.095+0000] {processor.py:840} INFO - DAG(s) '5_2_2_house_assignment' retrieved from /opt/airflow/dags/5_2_2_house_assignment.py
[2025-03-17T11:05:34.200+0000] {logging_mixin.py:188} INFO - [2025-03-17T11:05:34.199+0000] {dag.py:3036} INFO - Sync 1 DAGs
[2025-03-17T11:05:34.229+0000] {logging_mixin.py:188} INFO - [2025-03-17T11:05:34.229+0000] {dag.py:3823} INFO - Setting next_dagrun for 5_2_2_house_assignment to None, run_after=None
[2025-03-17T11:05:34.253+0000] {processor.py:183} INFO - Processing /opt/airflow/dags/5_2_2_house_assignment.py took 0.821 seconds
[2025-03-17T11:06:05.060+0000] {processor.py:161} INFO - Started process (PID=1039) to work on /opt/airflow/dags/5_2_2_house_assignment.py
[2025-03-17T11:06:05.061+0000] {processor.py:830} INFO - Processing file /opt/airflow/dags/5_2_2_house_assignment.py for tasks to queue
[2025-03-17T11:06:05.063+0000] {logging_mixin.py:188} INFO - [2025-03-17T11:06:05.062+0000] {dagbag.py:538} INFO - Filling up the DagBag from /opt/airflow/dags/5_2_2_house_assignment.py
[2025-03-17T11:06:05.633+0000] {logging_mixin.py:188} INFO - [2025-03-17T11:06:05.633+0000] {base.py:83} INFO - Using connection ID 'clickhouse_default' for task execution.
[2025-03-17T11:06:05.636+0000] {logging_mixin.py:188} INFO - [2025-03-17T11:06:05.636+0000] {base.py:83} INFO - Using connection ID 'clickhouse_default' for task execution.
[2025-03-17T11:06:05.638+0000] {logging_mixin.py:188} INFO - [2025-03-17T11:06:05.637+0000] {base.py:83} INFO - Using connection ID 'clickhouse_default' for task execution.
[2025-03-17T11:06:05.639+0000] {logging_mixin.py:188} INFO - [2025-03-17T11:06:05.639+0000] {base.py:83} INFO - Using connection ID 'clickhouse_default' for task execution.
[2025-03-17T11:06:05.648+0000] {processor.py:840} INFO - DAG(s) '5_2_2_house_assignment' retrieved from /opt/airflow/dags/5_2_2_house_assignment.py
[2025-03-17T11:06:05.723+0000] {logging_mixin.py:188} INFO - [2025-03-17T11:06:05.723+0000] {dag.py:3036} INFO - Sync 1 DAGs
[2025-03-17T11:06:05.738+0000] {logging_mixin.py:188} INFO - [2025-03-17T11:06:05.738+0000] {dag.py:3823} INFO - Setting next_dagrun for 5_2_2_house_assignment to None, run_after=None
[2025-03-17T11:06:05.762+0000] {processor.py:183} INFO - Processing /opt/airflow/dags/5_2_2_house_assignment.py took 0.705 seconds
[2025-03-17T11:06:36.695+0000] {processor.py:161} INFO - Started process (PID=1064) to work on /opt/airflow/dags/5_2_2_house_assignment.py
[2025-03-17T11:06:36.696+0000] {processor.py:830} INFO - Processing file /opt/airflow/dags/5_2_2_house_assignment.py for tasks to queue
[2025-03-17T11:06:36.698+0000] {logging_mixin.py:188} INFO - [2025-03-17T11:06:36.697+0000] {dagbag.py:538} INFO - Filling up the DagBag from /opt/airflow/dags/5_2_2_house_assignment.py
[2025-03-17T11:06:37.467+0000] {logging_mixin.py:188} INFO - [2025-03-17T11:06:37.466+0000] {base.py:83} INFO - Using connection ID 'clickhouse_default' for task execution.
[2025-03-17T11:06:37.470+0000] {logging_mixin.py:188} INFO - [2025-03-17T11:06:37.470+0000] {base.py:83} INFO - Using connection ID 'clickhouse_default' for task execution.
[2025-03-17T11:06:37.472+0000] {logging_mixin.py:188} INFO - [2025-03-17T11:06:37.472+0000] {base.py:83} INFO - Using connection ID 'clickhouse_default' for task execution.
[2025-03-17T11:06:37.474+0000] {logging_mixin.py:188} INFO - [2025-03-17T11:06:37.474+0000] {base.py:83} INFO - Using connection ID 'clickhouse_default' for task execution.
[2025-03-17T11:06:37.484+0000] {processor.py:840} INFO - DAG(s) '5_2_2_house_assignment' retrieved from /opt/airflow/dags/5_2_2_house_assignment.py
[2025-03-17T11:06:37.511+0000] {logging_mixin.py:188} INFO - [2025-03-17T11:06:37.511+0000] {dag.py:3036} INFO - Sync 1 DAGs
[2025-03-17T11:06:37.530+0000] {logging_mixin.py:188} INFO - [2025-03-17T11:06:37.529+0000] {dag.py:3823} INFO - Setting next_dagrun for 5_2_2_house_assignment to None, run_after=None
[2025-03-17T11:06:37.562+0000] {processor.py:183} INFO - Processing /opt/airflow/dags/5_2_2_house_assignment.py took 0.871 seconds
[2025-03-17T11:07:09.570+0000] {processor.py:161} INFO - Started process (PID=1093) to work on /opt/airflow/dags/5_2_2_house_assignment.py
[2025-03-17T11:07:09.572+0000] {processor.py:830} INFO - Processing file /opt/airflow/dags/5_2_2_house_assignment.py for tasks to queue
[2025-03-17T11:07:09.573+0000] {logging_mixin.py:188} INFO - [2025-03-17T11:07:09.572+0000] {dagbag.py:538} INFO - Filling up the DagBag from /opt/airflow/dags/5_2_2_house_assignment.py
[2025-03-17T11:07:10.131+0000] {logging_mixin.py:188} INFO - [2025-03-17T11:07:10.131+0000] {base.py:83} INFO - Using connection ID 'clickhouse_default' for task execution.
[2025-03-17T11:07:10.133+0000] {logging_mixin.py:188} INFO - [2025-03-17T11:07:10.133+0000] {base.py:83} INFO - Using connection ID 'clickhouse_default' for task execution.
[2025-03-17T11:07:10.135+0000] {logging_mixin.py:188} INFO - [2025-03-17T11:07:10.135+0000] {base.py:83} INFO - Using connection ID 'clickhouse_default' for task execution.
[2025-03-17T11:07:10.136+0000] {logging_mixin.py:188} INFO - [2025-03-17T11:07:10.136+0000] {base.py:83} INFO - Using connection ID 'clickhouse_default' for task execution.
[2025-03-17T11:07:10.144+0000] {processor.py:840} INFO - DAG(s) '5_2_2_house_assignment' retrieved from /opt/airflow/dags/5_2_2_house_assignment.py
[2025-03-17T11:07:10.163+0000] {logging_mixin.py:188} INFO - [2025-03-17T11:07:10.162+0000] {dag.py:3036} INFO - Sync 1 DAGs
[2025-03-17T11:07:10.179+0000] {logging_mixin.py:188} INFO - [2025-03-17T11:07:10.178+0000] {dag.py:3823} INFO - Setting next_dagrun for 5_2_2_house_assignment to None, run_after=None
[2025-03-17T11:07:10.201+0000] {processor.py:183} INFO - Processing /opt/airflow/dags/5_2_2_house_assignment.py took 0.635 seconds
[2025-03-17T11:07:51.978+0000] {processor.py:161} INFO - Started process (PID=1226) to work on /opt/airflow/dags/5_2_2_house_assignment.py
[2025-03-17T11:07:51.979+0000] {processor.py:830} INFO - Processing file /opt/airflow/dags/5_2_2_house_assignment.py for tasks to queue
[2025-03-17T11:07:51.980+0000] {logging_mixin.py:188} INFO - [2025-03-17T11:07:51.980+0000] {dagbag.py:538} INFO - Filling up the DagBag from /opt/airflow/dags/5_2_2_house_assignment.py
[2025-03-17T11:07:52.513+0000] {logging_mixin.py:188} INFO - [2025-03-17T11:07:52.512+0000] {base.py:83} INFO - Using connection ID 'clickhouse_default' for task execution.
[2025-03-17T11:07:52.515+0000] {logging_mixin.py:188} INFO - [2025-03-17T11:07:52.515+0000] {base.py:83} INFO - Using connection ID 'clickhouse_default' for task execution.
[2025-03-17T11:07:52.517+0000] {logging_mixin.py:188} INFO - [2025-03-17T11:07:52.517+0000] {base.py:83} INFO - Using connection ID 'clickhouse_default' for task execution.
[2025-03-17T11:07:52.520+0000] {logging_mixin.py:188} INFO - [2025-03-17T11:07:52.519+0000] {base.py:83} INFO - Using connection ID 'clickhouse_default' for task execution.
[2025-03-17T11:07:52.528+0000] {processor.py:840} INFO - DAG(s) '5_2_2_house_assignment' retrieved from /opt/airflow/dags/5_2_2_house_assignment.py
[2025-03-17T11:07:52.620+0000] {logging_mixin.py:188} INFO - [2025-03-17T11:07:52.620+0000] {dag.py:3036} INFO - Sync 1 DAGs
[2025-03-17T11:07:52.634+0000] {logging_mixin.py:188} INFO - [2025-03-17T11:07:52.634+0000] {dag.py:3823} INFO - Setting next_dagrun for 5_2_2_house_assignment to None, run_after=None
[2025-03-17T11:07:52.674+0000] {processor.py:183} INFO - Processing /opt/airflow/dags/5_2_2_house_assignment.py took 0.699 seconds
[2025-03-17T11:08:34.568+0000] {processor.py:161} INFO - Started process (PID=1352) to work on /opt/airflow/dags/5_2_2_house_assignment.py
[2025-03-17T11:08:34.569+0000] {processor.py:830} INFO - Processing file /opt/airflow/dags/5_2_2_house_assignment.py for tasks to queue
[2025-03-17T11:08:34.570+0000] {logging_mixin.py:188} INFO - [2025-03-17T11:08:34.570+0000] {dagbag.py:538} INFO - Filling up the DagBag from /opt/airflow/dags/5_2_2_house_assignment.py
[2025-03-17T11:08:35.196+0000] {logging_mixin.py:188} INFO - [2025-03-17T11:08:35.194+0000] {base.py:83} INFO - Using connection ID 'clickhouse_default' for task execution.
[2025-03-17T11:08:35.200+0000] {logging_mixin.py:188} INFO - [2025-03-17T11:08:35.199+0000] {base.py:83} INFO - Using connection ID 'clickhouse_default' for task execution.
[2025-03-17T11:08:35.202+0000] {logging_mixin.py:188} INFO - [2025-03-17T11:08:35.202+0000] {base.py:83} INFO - Using connection ID 'clickhouse_default' for task execution.
[2025-03-17T11:08:35.204+0000] {logging_mixin.py:188} INFO - [2025-03-17T11:08:35.204+0000] {base.py:83} INFO - Using connection ID 'clickhouse_default' for task execution.
[2025-03-17T11:08:35.216+0000] {processor.py:840} INFO - DAG(s) '5_2_2_house_assignment' retrieved from /opt/airflow/dags/5_2_2_house_assignment.py
[2025-03-17T11:08:35.319+0000] {logging_mixin.py:188} INFO - [2025-03-17T11:08:35.318+0000] {dag.py:3036} INFO - Sync 1 DAGs
[2025-03-17T11:08:35.338+0000] {logging_mixin.py:188} INFO - [2025-03-17T11:08:35.338+0000] {dag.py:3823} INFO - Setting next_dagrun for 5_2_2_house_assignment to None, run_after=None
[2025-03-17T11:08:35.368+0000] {processor.py:183} INFO - Processing /opt/airflow/dags/5_2_2_house_assignment.py took 0.803 seconds
[2025-03-17T11:09:34.841+0000] {processor.py:161} INFO - Started process (PID=1608) to work on /opt/airflow/dags/5_2_2_house_assignment.py
[2025-03-17T11:09:34.842+0000] {processor.py:830} INFO - Processing file /opt/airflow/dags/5_2_2_house_assignment.py for tasks to queue
[2025-03-17T11:09:34.844+0000] {logging_mixin.py:188} INFO - [2025-03-17T11:09:34.843+0000] {dagbag.py:538} INFO - Filling up the DagBag from /opt/airflow/dags/5_2_2_house_assignment.py
[2025-03-17T11:09:35.448+0000] {logging_mixin.py:188} INFO - [2025-03-17T11:09:35.447+0000] {base.py:83} INFO - Using connection ID 'clickhouse_default' for task execution.
[2025-03-17T11:09:35.450+0000] {logging_mixin.py:188} INFO - [2025-03-17T11:09:35.450+0000] {base.py:83} INFO - Using connection ID 'clickhouse_default' for task execution.
[2025-03-17T11:09:35.452+0000] {logging_mixin.py:188} INFO - [2025-03-17T11:09:35.452+0000] {base.py:83} INFO - Using connection ID 'clickhouse_default' for task execution.
[2025-03-17T11:09:35.454+0000] {logging_mixin.py:188} INFO - [2025-03-17T11:09:35.454+0000] {base.py:83} INFO - Using connection ID 'clickhouse_default' for task execution.
[2025-03-17T11:09:35.465+0000] {processor.py:840} INFO - DAG(s) '5_2_2_house_assignment' retrieved from /opt/airflow/dags/5_2_2_house_assignment.py
[2025-03-17T11:09:35.543+0000] {logging_mixin.py:188} INFO - [2025-03-17T11:09:35.542+0000] {dag.py:3036} INFO - Sync 1 DAGs
[2025-03-17T11:09:35.560+0000] {logging_mixin.py:188} INFO - [2025-03-17T11:09:35.560+0000] {dag.py:3823} INFO - Setting next_dagrun for 5_2_2_house_assignment to None, run_after=None
[2025-03-17T11:09:35.582+0000] {processor.py:183} INFO - Processing /opt/airflow/dags/5_2_2_house_assignment.py took 0.743 seconds
[2025-03-17T11:10:06.126+0000] {processor.py:161} INFO - Started process (PID=1685) to work on /opt/airflow/dags/5_2_2_house_assignment.py
[2025-03-17T11:10:06.129+0000] {processor.py:830} INFO - Processing file /opt/airflow/dags/5_2_2_house_assignment.py for tasks to queue
[2025-03-17T11:10:06.133+0000] {logging_mixin.py:188} INFO - [2025-03-17T11:10:06.132+0000] {dagbag.py:538} INFO - Filling up the DagBag from /opt/airflow/dags/5_2_2_house_assignment.py
[2025-03-17T11:10:06.837+0000] {logging_mixin.py:188} INFO - [2025-03-17T11:10:06.836+0000] {base.py:83} INFO - Using connection ID 'clickhouse_default' for task execution.
[2025-03-17T11:10:06.840+0000] {logging_mixin.py:188} INFO - [2025-03-17T11:10:06.840+0000] {base.py:83} INFO - Using connection ID 'clickhouse_default' for task execution.
[2025-03-17T11:10:06.843+0000] {logging_mixin.py:188} INFO - [2025-03-17T11:10:06.843+0000] {base.py:83} INFO - Using connection ID 'clickhouse_default' for task execution.
[2025-03-17T11:10:06.846+0000] {logging_mixin.py:188} INFO - [2025-03-17T11:10:06.845+0000] {base.py:83} INFO - Using connection ID 'clickhouse_default' for task execution.
[2025-03-17T11:10:06.856+0000] {processor.py:840} INFO - DAG(s) '5_2_2_house_assignment' retrieved from /opt/airflow/dags/5_2_2_house_assignment.py
[2025-03-17T11:10:06.964+0000] {logging_mixin.py:188} INFO - [2025-03-17T11:10:06.964+0000] {dag.py:3036} INFO - Sync 1 DAGs
[2025-03-17T11:10:06.984+0000] {logging_mixin.py:188} INFO - [2025-03-17T11:10:06.984+0000] {dag.py:3823} INFO - Setting next_dagrun for 5_2_2_house_assignment to None, run_after=None
[2025-03-17T11:10:07.016+0000] {processor.py:183} INFO - Processing /opt/airflow/dags/5_2_2_house_assignment.py took 0.900 seconds
[2025-03-17T11:10:38.201+0000] {processor.py:161} INFO - Started process (PID=1710) to work on /opt/airflow/dags/5_2_2_house_assignment.py
[2025-03-17T11:10:38.203+0000] {processor.py:830} INFO - Processing file /opt/airflow/dags/5_2_2_house_assignment.py for tasks to queue
[2025-03-17T11:10:38.204+0000] {logging_mixin.py:188} INFO - [2025-03-17T11:10:38.204+0000] {dagbag.py:538} INFO - Filling up the DagBag from /opt/airflow/dags/5_2_2_house_assignment.py
[2025-03-17T11:10:38.815+0000] {logging_mixin.py:188} INFO - [2025-03-17T11:10:38.814+0000] {base.py:83} INFO - Using connection ID 'clickhouse_default' for task execution.
[2025-03-17T11:10:38.817+0000] {logging_mixin.py:188} INFO - [2025-03-17T11:10:38.817+0000] {base.py:83} INFO - Using connection ID 'clickhouse_default' for task execution.
[2025-03-17T11:10:38.819+0000] {logging_mixin.py:188} INFO - [2025-03-17T11:10:38.818+0000] {base.py:83} INFO - Using connection ID 'clickhouse_default' for task execution.
[2025-03-17T11:10:38.820+0000] {logging_mixin.py:188} INFO - [2025-03-17T11:10:38.820+0000] {base.py:83} INFO - Using connection ID 'clickhouse_default' for task execution.
[2025-03-17T11:10:38.829+0000] {processor.py:840} INFO - DAG(s) '5_2_2_house_assignment' retrieved from /opt/airflow/dags/5_2_2_house_assignment.py
[2025-03-17T11:10:38.850+0000] {logging_mixin.py:188} INFO - [2025-03-17T11:10:38.849+0000] {dag.py:3036} INFO - Sync 1 DAGs
[2025-03-17T11:10:38.864+0000] {logging_mixin.py:188} INFO - [2025-03-17T11:10:38.864+0000] {dag.py:3823} INFO - Setting next_dagrun for 5_2_2_house_assignment to None, run_after=None
[2025-03-17T11:10:38.886+0000] {processor.py:183} INFO - Processing /opt/airflow/dags/5_2_2_house_assignment.py took 0.690 seconds
[2025-03-17T11:11:09.910+0000] {processor.py:161} INFO - Started process (PID=1735) to work on /opt/airflow/dags/5_2_2_house_assignment.py
[2025-03-17T11:11:09.912+0000] {processor.py:830} INFO - Processing file /opt/airflow/dags/5_2_2_house_assignment.py for tasks to queue
[2025-03-17T11:11:09.913+0000] {logging_mixin.py:188} INFO - [2025-03-17T11:11:09.912+0000] {dagbag.py:538} INFO - Filling up the DagBag from /opt/airflow/dags/5_2_2_house_assignment.py
[2025-03-17T11:11:10.510+0000] {logging_mixin.py:188} INFO - [2025-03-17T11:11:10.510+0000] {base.py:83} INFO - Using connection ID 'clickhouse_default' for task execution.
[2025-03-17T11:11:10.514+0000] {logging_mixin.py:188} INFO - [2025-03-17T11:11:10.514+0000] {base.py:83} INFO - Using connection ID 'clickhouse_default' for task execution.
[2025-03-17T11:11:10.517+0000] {logging_mixin.py:188} INFO - [2025-03-17T11:11:10.516+0000] {base.py:83} INFO - Using connection ID 'clickhouse_default' for task execution.
[2025-03-17T11:11:10.519+0000] {logging_mixin.py:188} INFO - [2025-03-17T11:11:10.519+0000] {base.py:83} INFO - Using connection ID 'clickhouse_default' for task execution.
[2025-03-17T11:11:10.531+0000] {processor.py:840} INFO - DAG(s) '5_2_2_house_assignment' retrieved from /opt/airflow/dags/5_2_2_house_assignment.py
[2025-03-17T11:11:10.553+0000] {logging_mixin.py:188} INFO - [2025-03-17T11:11:10.552+0000] {dag.py:3036} INFO - Sync 1 DAGs
[2025-03-17T11:11:10.573+0000] {logging_mixin.py:188} INFO - [2025-03-17T11:11:10.573+0000] {dag.py:3823} INFO - Setting next_dagrun for 5_2_2_house_assignment to None, run_after=None
[2025-03-17T11:11:10.601+0000] {processor.py:183} INFO - Processing /opt/airflow/dags/5_2_2_house_assignment.py took 0.694 seconds
[2025-03-17T11:11:41.461+0000] {processor.py:161} INFO - Started process (PID=1760) to work on /opt/airflow/dags/5_2_2_house_assignment.py
[2025-03-17T11:11:41.462+0000] {processor.py:830} INFO - Processing file /opt/airflow/dags/5_2_2_house_assignment.py for tasks to queue
[2025-03-17T11:11:41.463+0000] {logging_mixin.py:188} INFO - [2025-03-17T11:11:41.463+0000] {dagbag.py:538} INFO - Filling up the DagBag from /opt/airflow/dags/5_2_2_house_assignment.py
[2025-03-17T11:11:41.978+0000] {logging_mixin.py:188} INFO - [2025-03-17T11:11:41.978+0000] {base.py:83} INFO - Using connection ID 'clickhouse_default' for task execution.
[2025-03-17T11:11:41.980+0000] {logging_mixin.py:188} INFO - [2025-03-17T11:11:41.980+0000] {base.py:83} INFO - Using connection ID 'clickhouse_default' for task execution.
[2025-03-17T11:11:41.982+0000] {logging_mixin.py:188} INFO - [2025-03-17T11:11:41.982+0000] {base.py:83} INFO - Using connection ID 'clickhouse_default' for task execution.
[2025-03-17T11:11:41.983+0000] {logging_mixin.py:188} INFO - [2025-03-17T11:11:41.983+0000] {base.py:83} INFO - Using connection ID 'clickhouse_default' for task execution.
[2025-03-17T11:11:41.991+0000] {processor.py:840} INFO - DAG(s) '5_2_2_house_assignment' retrieved from /opt/airflow/dags/5_2_2_house_assignment.py
[2025-03-17T11:11:42.012+0000] {logging_mixin.py:188} INFO - [2025-03-17T11:11:42.012+0000] {dag.py:3036} INFO - Sync 1 DAGs
[2025-03-17T11:11:42.028+0000] {logging_mixin.py:188} INFO - [2025-03-17T11:11:42.027+0000] {dag.py:3823} INFO - Setting next_dagrun for 5_2_2_house_assignment to None, run_after=None
[2025-03-17T11:11:42.048+0000] {processor.py:183} INFO - Processing /opt/airflow/dags/5_2_2_house_assignment.py took 0.589 seconds
[2025-03-17T11:12:13.438+0000] {processor.py:161} INFO - Started process (PID=1785) to work on /opt/airflow/dags/5_2_2_house_assignment.py
[2025-03-17T11:12:13.439+0000] {processor.py:830} INFO - Processing file /opt/airflow/dags/5_2_2_house_assignment.py for tasks to queue
[2025-03-17T11:12:13.440+0000] {logging_mixin.py:188} INFO - [2025-03-17T11:12:13.440+0000] {dagbag.py:538} INFO - Filling up the DagBag from /opt/airflow/dags/5_2_2_house_assignment.py
[2025-03-17T11:12:13.941+0000] {logging_mixin.py:188} INFO - [2025-03-17T11:12:13.940+0000] {base.py:83} INFO - Using connection ID 'clickhouse_default' for task execution.
[2025-03-17T11:12:13.943+0000] {logging_mixin.py:188} INFO - [2025-03-17T11:12:13.943+0000] {base.py:83} INFO - Using connection ID 'clickhouse_default' for task execution.
[2025-03-17T11:12:13.945+0000] {logging_mixin.py:188} INFO - [2025-03-17T11:12:13.945+0000] {base.py:83} INFO - Using connection ID 'clickhouse_default' for task execution.
[2025-03-17T11:12:13.947+0000] {logging_mixin.py:188} INFO - [2025-03-17T11:12:13.947+0000] {base.py:83} INFO - Using connection ID 'clickhouse_default' for task execution.
[2025-03-17T11:12:13.954+0000] {processor.py:840} INFO - DAG(s) '5_2_2_house_assignment' retrieved from /opt/airflow/dags/5_2_2_house_assignment.py
[2025-03-17T11:12:13.972+0000] {logging_mixin.py:188} INFO - [2025-03-17T11:12:13.971+0000] {dag.py:3036} INFO - Sync 1 DAGs
[2025-03-17T11:12:13.985+0000] {logging_mixin.py:188} INFO - [2025-03-17T11:12:13.985+0000] {dag.py:3823} INFO - Setting next_dagrun for 5_2_2_house_assignment to None, run_after=None
[2025-03-17T11:12:14.006+0000] {processor.py:183} INFO - Processing /opt/airflow/dags/5_2_2_house_assignment.py took 0.570 seconds
