[2025-03-17T10:47:55.993+0000] {processor.py:161} INFO - Started process (PID=146) to work on /opt/airflow/dags/5_2_sencor.py
[2025-03-17T10:47:55.995+0000] {processor.py:830} INFO - Processing file /opt/airflow/dags/5_2_sencor.py for tasks to queue
[2025-03-17T10:47:55.996+0000] {logging_mixin.py:188} INFO - [2025-03-17T10:47:55.996+0000] {dagbag.py:538} INFO - Filling up the DagBag from /opt/airflow/dags/5_2_sencor.py
[2025-03-17T10:47:56.017+0000] {logging_mixin.py:188} WARNING - /home/airflow/.local/lib/python3.9/site-packages/airflow/models/baseoperator.py:437 AirflowProviderDeprecationWarning: Class `SimpleHttpOperator` is deprecated and will be removed in a future release. Please use `HttpOperator` instead.
[2025-03-17T10:47:56.024+0000] {processor.py:840} INFO - DAG(s) '5_2_sencor' retrieved from /opt/airflow/dags/5_2_sencor.py
[2025-03-17T10:47:56.034+0000] {logging_mixin.py:188} INFO - [2025-03-17T10:47:56.034+0000] {dag.py:3036} INFO - Sync 1 DAGs
[2025-03-17T10:47:56.053+0000] {logging_mixin.py:188} INFO - [2025-03-17T10:47:56.052+0000] {dag.py:3823} INFO - Setting next_dagrun for 5_2_sencor to None, run_after=None
[2025-03-17T10:47:56.113+0000] {processor.py:183} INFO - Processing /opt/airflow/dags/5_2_sencor.py took 0.124 seconds
[2025-03-17T10:48:28.983+0000] {processor.py:161} INFO - Started process (PID=194) to work on /opt/airflow/dags/5_2_sencor.py
[2025-03-17T10:48:28.986+0000] {processor.py:830} INFO - Processing file /opt/airflow/dags/5_2_sencor.py for tasks to queue
[2025-03-17T10:48:28.988+0000] {logging_mixin.py:188} INFO - [2025-03-17T10:48:28.987+0000] {dagbag.py:538} INFO - Filling up the DagBag from /opt/airflow/dags/5_2_sencor.py
[2025-03-17T10:48:29.011+0000] {logging_mixin.py:188} WARNING - /home/airflow/.local/lib/python3.9/site-packages/airflow/models/baseoperator.py:437 AirflowProviderDeprecationWarning: Class `SimpleHttpOperator` is deprecated and will be removed in a future release. Please use `HttpOperator` instead.
[2025-03-17T10:48:29.018+0000] {processor.py:840} INFO - DAG(s) '5_2_sencor' retrieved from /opt/airflow/dags/5_2_sencor.py
[2025-03-17T10:48:29.117+0000] {logging_mixin.py:188} INFO - [2025-03-17T10:48:29.117+0000] {dag.py:3036} INFO - Sync 1 DAGs
[2025-03-17T10:48:29.127+0000] {logging_mixin.py:188} INFO - [2025-03-17T10:48:29.126+0000] {dag.py:3823} INFO - Setting next_dagrun for 5_2_sencor to None, run_after=None
[2025-03-17T10:48:29.173+0000] {processor.py:183} INFO - Processing /opt/airflow/dags/5_2_sencor.py took 0.196 seconds
[2025-03-17T10:49:00.266+0000] {processor.py:161} INFO - Started process (PID=218) to work on /opt/airflow/dags/5_2_sencor.py
[2025-03-17T10:49:00.267+0000] {processor.py:830} INFO - Processing file /opt/airflow/dags/5_2_sencor.py for tasks to queue
[2025-03-17T10:49:00.268+0000] {logging_mixin.py:188} INFO - [2025-03-17T10:49:00.267+0000] {dagbag.py:538} INFO - Filling up the DagBag from /opt/airflow/dags/5_2_sencor.py
[2025-03-17T10:49:00.281+0000] {logging_mixin.py:188} WARNING - /home/airflow/.local/lib/python3.9/site-packages/airflow/models/baseoperator.py:437 AirflowProviderDeprecationWarning: Class `SimpleHttpOperator` is deprecated and will be removed in a future release. Please use `HttpOperator` instead.
[2025-03-17T10:49:00.285+0000] {processor.py:840} INFO - DAG(s) '5_2_sencor' retrieved from /opt/airflow/dags/5_2_sencor.py
[2025-03-17T10:49:00.299+0000] {logging_mixin.py:188} INFO - [2025-03-17T10:49:00.299+0000] {dag.py:3036} INFO - Sync 1 DAGs
[2025-03-17T10:49:00.309+0000] {logging_mixin.py:188} INFO - [2025-03-17T10:49:00.309+0000] {dag.py:3823} INFO - Setting next_dagrun for 5_2_sencor to None, run_after=None
[2025-03-17T10:49:00.342+0000] {processor.py:183} INFO - Processing /opt/airflow/dags/5_2_sencor.py took 0.079 seconds
[2025-03-17T10:49:31.779+0000] {processor.py:161} INFO - Started process (PID=242) to work on /opt/airflow/dags/5_2_sencor.py
[2025-03-17T10:49:31.780+0000] {processor.py:830} INFO - Processing file /opt/airflow/dags/5_2_sencor.py for tasks to queue
[2025-03-17T10:49:31.781+0000] {logging_mixin.py:188} INFO - [2025-03-17T10:49:31.780+0000] {dagbag.py:538} INFO - Filling up the DagBag from /opt/airflow/dags/5_2_sencor.py
[2025-03-17T10:49:31.796+0000] {logging_mixin.py:188} WARNING - /home/airflow/.local/lib/python3.9/site-packages/airflow/models/baseoperator.py:437 AirflowProviderDeprecationWarning: Class `SimpleHttpOperator` is deprecated and will be removed in a future release. Please use `HttpOperator` instead.
[2025-03-17T10:49:31.801+0000] {processor.py:840} INFO - DAG(s) '5_2_sencor' retrieved from /opt/airflow/dags/5_2_sencor.py
[2025-03-17T10:49:31.819+0000] {logging_mixin.py:188} INFO - [2025-03-17T10:49:31.819+0000] {dag.py:3036} INFO - Sync 1 DAGs
[2025-03-17T10:49:31.830+0000] {logging_mixin.py:188} INFO - [2025-03-17T10:49:31.829+0000] {dag.py:3823} INFO - Setting next_dagrun for 5_2_sencor to None, run_after=None
[2025-03-17T10:49:31.874+0000] {processor.py:183} INFO - Processing /opt/airflow/dags/5_2_sencor.py took 0.097 seconds
[2025-03-17T10:50:02.809+0000] {processor.py:161} INFO - Started process (PID=266) to work on /opt/airflow/dags/5_2_sencor.py
[2025-03-17T10:50:02.810+0000] {processor.py:830} INFO - Processing file /opt/airflow/dags/5_2_sencor.py for tasks to queue
[2025-03-17T10:50:02.811+0000] {logging_mixin.py:188} INFO - [2025-03-17T10:50:02.810+0000] {dagbag.py:538} INFO - Filling up the DagBag from /opt/airflow/dags/5_2_sencor.py
[2025-03-17T10:50:02.825+0000] {logging_mixin.py:188} WARNING - /home/airflow/.local/lib/python3.9/site-packages/airflow/models/baseoperator.py:437 AirflowProviderDeprecationWarning: Class `SimpleHttpOperator` is deprecated and will be removed in a future release. Please use `HttpOperator` instead.
[2025-03-17T10:50:02.829+0000] {processor.py:840} INFO - DAG(s) '5_2_sencor' retrieved from /opt/airflow/dags/5_2_sencor.py
[2025-03-17T10:50:02.845+0000] {logging_mixin.py:188} INFO - [2025-03-17T10:50:02.845+0000] {dag.py:3036} INFO - Sync 1 DAGs
[2025-03-17T10:50:02.856+0000] {logging_mixin.py:188} INFO - [2025-03-17T10:50:02.856+0000] {dag.py:3823} INFO - Setting next_dagrun for 5_2_sencor to None, run_after=None
[2025-03-17T10:50:02.884+0000] {processor.py:183} INFO - Processing /opt/airflow/dags/5_2_sencor.py took 0.078 seconds
[2025-03-17T10:50:33.869+0000] {processor.py:161} INFO - Started process (PID=290) to work on /opt/airflow/dags/5_2_sencor.py
[2025-03-17T10:50:33.870+0000] {processor.py:830} INFO - Processing file /opt/airflow/dags/5_2_sencor.py for tasks to queue
[2025-03-17T10:50:33.871+0000] {logging_mixin.py:188} INFO - [2025-03-17T10:50:33.871+0000] {dagbag.py:538} INFO - Filling up the DagBag from /opt/airflow/dags/5_2_sencor.py
[2025-03-17T10:50:33.885+0000] {logging_mixin.py:188} WARNING - /home/airflow/.local/lib/python3.9/site-packages/airflow/models/baseoperator.py:437 AirflowProviderDeprecationWarning: Class `SimpleHttpOperator` is deprecated and will be removed in a future release. Please use `HttpOperator` instead.
[2025-03-17T10:50:33.890+0000] {processor.py:840} INFO - DAG(s) '5_2_sencor' retrieved from /opt/airflow/dags/5_2_sencor.py
[2025-03-17T10:50:33.907+0000] {logging_mixin.py:188} INFO - [2025-03-17T10:50:33.906+0000] {dag.py:3036} INFO - Sync 1 DAGs
[2025-03-17T10:50:33.922+0000] {logging_mixin.py:188} INFO - [2025-03-17T10:50:33.921+0000] {dag.py:3823} INFO - Setting next_dagrun for 5_2_sencor to None, run_after=None
[2025-03-17T10:50:33.961+0000] {processor.py:183} INFO - Processing /opt/airflow/dags/5_2_sencor.py took 0.094 seconds
[2025-03-17T10:51:04.932+0000] {processor.py:161} INFO - Started process (PID=314) to work on /opt/airflow/dags/5_2_sencor.py
[2025-03-17T10:51:04.933+0000] {processor.py:830} INFO - Processing file /opt/airflow/dags/5_2_sencor.py for tasks to queue
[2025-03-17T10:51:04.933+0000] {logging_mixin.py:188} INFO - [2025-03-17T10:51:04.933+0000] {dagbag.py:538} INFO - Filling up the DagBag from /opt/airflow/dags/5_2_sencor.py
[2025-03-17T10:51:04.947+0000] {logging_mixin.py:188} WARNING - /home/airflow/.local/lib/python3.9/site-packages/airflow/models/baseoperator.py:437 AirflowProviderDeprecationWarning: Class `SimpleHttpOperator` is deprecated and will be removed in a future release. Please use `HttpOperator` instead.
[2025-03-17T10:51:04.952+0000] {processor.py:840} INFO - DAG(s) '5_2_sencor' retrieved from /opt/airflow/dags/5_2_sencor.py
[2025-03-17T10:51:04.967+0000] {logging_mixin.py:188} INFO - [2025-03-17T10:51:04.967+0000] {dag.py:3036} INFO - Sync 1 DAGs
[2025-03-17T10:51:04.978+0000] {logging_mixin.py:188} INFO - [2025-03-17T10:51:04.978+0000] {dag.py:3823} INFO - Setting next_dagrun for 5_2_sencor to None, run_after=None
[2025-03-17T10:51:05.015+0000] {processor.py:183} INFO - Processing /opt/airflow/dags/5_2_sencor.py took 0.086 seconds
[2025-03-17T10:51:35.928+0000] {processor.py:161} INFO - Started process (PID=338) to work on /opt/airflow/dags/5_2_sencor.py
[2025-03-17T10:51:35.929+0000] {processor.py:830} INFO - Processing file /opt/airflow/dags/5_2_sencor.py for tasks to queue
[2025-03-17T10:51:35.930+0000] {logging_mixin.py:188} INFO - [2025-03-17T10:51:35.930+0000] {dagbag.py:538} INFO - Filling up the DagBag from /opt/airflow/dags/5_2_sencor.py
[2025-03-17T10:51:35.944+0000] {logging_mixin.py:188} WARNING - /home/airflow/.local/lib/python3.9/site-packages/airflow/models/baseoperator.py:437 AirflowProviderDeprecationWarning: Class `SimpleHttpOperator` is deprecated and will be removed in a future release. Please use `HttpOperator` instead.
[2025-03-17T10:51:35.947+0000] {processor.py:840} INFO - DAG(s) '5_2_sencor' retrieved from /opt/airflow/dags/5_2_sencor.py
[2025-03-17T10:51:35.964+0000] {logging_mixin.py:188} INFO - [2025-03-17T10:51:35.964+0000] {dag.py:3036} INFO - Sync 1 DAGs
[2025-03-17T10:51:35.974+0000] {logging_mixin.py:188} INFO - [2025-03-17T10:51:35.974+0000] {dag.py:3823} INFO - Setting next_dagrun for 5_2_sencor to None, run_after=None
[2025-03-17T10:51:35.994+0000] {processor.py:183} INFO - Processing /opt/airflow/dags/5_2_sencor.py took 0.068 seconds
[2025-03-17T10:52:06.987+0000] {processor.py:161} INFO - Started process (PID=362) to work on /opt/airflow/dags/5_2_sencor.py
[2025-03-17T10:52:06.988+0000] {processor.py:830} INFO - Processing file /opt/airflow/dags/5_2_sencor.py for tasks to queue
[2025-03-17T10:52:06.989+0000] {logging_mixin.py:188} INFO - [2025-03-17T10:52:06.988+0000] {dagbag.py:538} INFO - Filling up the DagBag from /opt/airflow/dags/5_2_sencor.py
[2025-03-17T10:52:07.003+0000] {logging_mixin.py:188} WARNING - /home/airflow/.local/lib/python3.9/site-packages/airflow/models/baseoperator.py:437 AirflowProviderDeprecationWarning: Class `SimpleHttpOperator` is deprecated and will be removed in a future release. Please use `HttpOperator` instead.
[2025-03-17T10:52:07.007+0000] {processor.py:840} INFO - DAG(s) '5_2_sencor' retrieved from /opt/airflow/dags/5_2_sencor.py
[2025-03-17T10:52:07.023+0000] {logging_mixin.py:188} INFO - [2025-03-17T10:52:07.022+0000] {dag.py:3036} INFO - Sync 1 DAGs
[2025-03-17T10:52:07.032+0000] {logging_mixin.py:188} INFO - [2025-03-17T10:52:07.032+0000] {dag.py:3823} INFO - Setting next_dagrun for 5_2_sencor to None, run_after=None
[2025-03-17T10:52:07.054+0000] {processor.py:183} INFO - Processing /opt/airflow/dags/5_2_sencor.py took 0.069 seconds
[2025-03-17T10:52:37.920+0000] {processor.py:161} INFO - Started process (PID=386) to work on /opt/airflow/dags/5_2_sencor.py
[2025-03-17T10:52:37.921+0000] {processor.py:830} INFO - Processing file /opt/airflow/dags/5_2_sencor.py for tasks to queue
[2025-03-17T10:52:37.922+0000] {logging_mixin.py:188} INFO - [2025-03-17T10:52:37.922+0000] {dagbag.py:538} INFO - Filling up the DagBag from /opt/airflow/dags/5_2_sencor.py
[2025-03-17T10:52:37.935+0000] {logging_mixin.py:188} WARNING - /home/airflow/.local/lib/python3.9/site-packages/airflow/models/baseoperator.py:437 AirflowProviderDeprecationWarning: Class `SimpleHttpOperator` is deprecated and will be removed in a future release. Please use `HttpOperator` instead.
[2025-03-17T10:52:37.939+0000] {processor.py:840} INFO - DAG(s) '5_2_sencor' retrieved from /opt/airflow/dags/5_2_sencor.py
[2025-03-17T10:52:37.954+0000] {logging_mixin.py:188} INFO - [2025-03-17T10:52:37.953+0000] {dag.py:3036} INFO - Sync 1 DAGs
[2025-03-17T10:52:37.963+0000] {logging_mixin.py:188} INFO - [2025-03-17T10:52:37.962+0000] {dag.py:3823} INFO - Setting next_dagrun for 5_2_sencor to None, run_after=None
[2025-03-17T10:52:37.984+0000] {processor.py:183} INFO - Processing /opt/airflow/dags/5_2_sencor.py took 0.066 seconds
[2025-03-17T10:53:09.076+0000] {processor.py:161} INFO - Started process (PID=410) to work on /opt/airflow/dags/5_2_sencor.py
[2025-03-17T10:53:09.077+0000] {processor.py:830} INFO - Processing file /opt/airflow/dags/5_2_sencor.py for tasks to queue
[2025-03-17T10:53:09.078+0000] {logging_mixin.py:188} INFO - [2025-03-17T10:53:09.078+0000] {dagbag.py:538} INFO - Filling up the DagBag from /opt/airflow/dags/5_2_sencor.py
[2025-03-17T10:53:09.095+0000] {logging_mixin.py:188} WARNING - /home/airflow/.local/lib/python3.9/site-packages/airflow/models/baseoperator.py:437 AirflowProviderDeprecationWarning: Class `SimpleHttpOperator` is deprecated and will be removed in a future release. Please use `HttpOperator` instead.
[2025-03-17T10:53:09.099+0000] {processor.py:840} INFO - DAG(s) '5_2_sencor' retrieved from /opt/airflow/dags/5_2_sencor.py
[2025-03-17T10:53:09.118+0000] {logging_mixin.py:188} INFO - [2025-03-17T10:53:09.118+0000] {dag.py:3036} INFO - Sync 1 DAGs
[2025-03-17T10:53:09.129+0000] {logging_mixin.py:188} INFO - [2025-03-17T10:53:09.129+0000] {dag.py:3823} INFO - Setting next_dagrun for 5_2_sencor to None, run_after=None
[2025-03-17T10:53:09.155+0000] {processor.py:183} INFO - Processing /opt/airflow/dags/5_2_sencor.py took 0.084 seconds
[2025-03-17T10:53:42.748+0000] {processor.py:161} INFO - Started process (PID=436) to work on /opt/airflow/dags/5_2_sencor.py
[2025-03-17T10:53:42.749+0000] {processor.py:830} INFO - Processing file /opt/airflow/dags/5_2_sencor.py for tasks to queue
[2025-03-17T10:53:42.750+0000] {logging_mixin.py:188} INFO - [2025-03-17T10:53:42.750+0000] {dagbag.py:538} INFO - Filling up the DagBag from /opt/airflow/dags/5_2_sencor.py
[2025-03-17T10:53:42.769+0000] {logging_mixin.py:188} WARNING - /home/airflow/.local/lib/python3.9/site-packages/airflow/models/baseoperator.py:437 AirflowProviderDeprecationWarning: Class `SimpleHttpOperator` is deprecated and will be removed in a future release. Please use `HttpOperator` instead.
[2025-03-17T10:53:42.776+0000] {processor.py:840} INFO - DAG(s) '5_2_sencor' retrieved from /opt/airflow/dags/5_2_sencor.py
[2025-03-17T10:53:42.804+0000] {logging_mixin.py:188} INFO - [2025-03-17T10:53:42.804+0000] {dag.py:3036} INFO - Sync 1 DAGs
[2025-03-17T10:53:42.826+0000] {logging_mixin.py:188} INFO - [2025-03-17T10:53:42.825+0000] {dag.py:3823} INFO - Setting next_dagrun for 5_2_sencor to None, run_after=None
[2025-03-17T10:53:42.880+0000] {processor.py:183} INFO - Processing /opt/airflow/dags/5_2_sencor.py took 0.135 seconds
[2025-03-17T10:54:13.041+0000] {processor.py:161} INFO - Started process (PID=461) to work on /opt/airflow/dags/5_2_sencor.py
[2025-03-17T10:54:13.042+0000] {processor.py:830} INFO - Processing file /opt/airflow/dags/5_2_sencor.py for tasks to queue
[2025-03-17T10:54:13.043+0000] {logging_mixin.py:188} INFO - [2025-03-17T10:54:13.043+0000] {dagbag.py:538} INFO - Filling up the DagBag from /opt/airflow/dags/5_2_sencor.py
[2025-03-17T10:54:13.058+0000] {logging_mixin.py:188} WARNING - /home/airflow/.local/lib/python3.9/site-packages/airflow/models/baseoperator.py:437 AirflowProviderDeprecationWarning: Class `SimpleHttpOperator` is deprecated and will be removed in a future release. Please use `HttpOperator` instead.
[2025-03-17T10:54:13.062+0000] {processor.py:840} INFO - DAG(s) '5_2_sencor' retrieved from /opt/airflow/dags/5_2_sencor.py
[2025-03-17T10:54:13.085+0000] {logging_mixin.py:188} INFO - [2025-03-17T10:54:13.084+0000] {dag.py:3036} INFO - Sync 1 DAGs
[2025-03-17T10:54:13.095+0000] {logging_mixin.py:188} INFO - [2025-03-17T10:54:13.095+0000] {dag.py:3823} INFO - Setting next_dagrun for 5_2_sencor to None, run_after=None
[2025-03-17T10:54:13.124+0000] {processor.py:183} INFO - Processing /opt/airflow/dags/5_2_sencor.py took 0.085 seconds
[2025-03-17T10:54:45.342+0000] {processor.py:161} INFO - Started process (PID=486) to work on /opt/airflow/dags/5_2_sencor.py
[2025-03-17T10:54:45.343+0000] {processor.py:830} INFO - Processing file /opt/airflow/dags/5_2_sencor.py for tasks to queue
[2025-03-17T10:54:45.344+0000] {logging_mixin.py:188} INFO - [2025-03-17T10:54:45.344+0000] {dagbag.py:538} INFO - Filling up the DagBag from /opt/airflow/dags/5_2_sencor.py
[2025-03-17T10:54:45.358+0000] {logging_mixin.py:188} WARNING - /home/airflow/.local/lib/python3.9/site-packages/airflow/models/baseoperator.py:437 AirflowProviderDeprecationWarning: Class `SimpleHttpOperator` is deprecated and will be removed in a future release. Please use `HttpOperator` instead.
[2025-03-17T10:54:45.362+0000] {processor.py:840} INFO - DAG(s) '5_2_sencor' retrieved from /opt/airflow/dags/5_2_sencor.py
[2025-03-17T10:54:45.376+0000] {logging_mixin.py:188} INFO - [2025-03-17T10:54:45.376+0000] {dag.py:3036} INFO - Sync 1 DAGs
[2025-03-17T10:54:45.385+0000] {logging_mixin.py:188} INFO - [2025-03-17T10:54:45.385+0000] {dag.py:3823} INFO - Setting next_dagrun for 5_2_sencor to None, run_after=None
[2025-03-17T10:54:45.405+0000] {processor.py:183} INFO - Processing /opt/airflow/dags/5_2_sencor.py took 0.065 seconds
[2025-03-17T10:55:16.332+0000] {processor.py:161} INFO - Started process (PID=511) to work on /opt/airflow/dags/5_2_sencor.py
[2025-03-17T10:55:16.333+0000] {processor.py:830} INFO - Processing file /opt/airflow/dags/5_2_sencor.py for tasks to queue
[2025-03-17T10:55:16.334+0000] {logging_mixin.py:188} INFO - [2025-03-17T10:55:16.333+0000] {dagbag.py:538} INFO - Filling up the DagBag from /opt/airflow/dags/5_2_sencor.py
[2025-03-17T10:55:16.348+0000] {logging_mixin.py:188} WARNING - /home/airflow/.local/lib/python3.9/site-packages/airflow/models/baseoperator.py:437 AirflowProviderDeprecationWarning: Class `SimpleHttpOperator` is deprecated and will be removed in a future release. Please use `HttpOperator` instead.
[2025-03-17T10:55:16.351+0000] {processor.py:840} INFO - DAG(s) '5_2_sencor' retrieved from /opt/airflow/dags/5_2_sencor.py
[2025-03-17T10:55:16.366+0000] {logging_mixin.py:188} INFO - [2025-03-17T10:55:16.365+0000] {dag.py:3036} INFO - Sync 1 DAGs
[2025-03-17T10:55:16.375+0000] {logging_mixin.py:188} INFO - [2025-03-17T10:55:16.374+0000] {dag.py:3823} INFO - Setting next_dagrun for 5_2_sencor to None, run_after=None
[2025-03-17T10:55:16.393+0000] {processor.py:183} INFO - Processing /opt/airflow/dags/5_2_sencor.py took 0.064 seconds
[2025-03-17T10:55:47.235+0000] {processor.py:161} INFO - Started process (PID=536) to work on /opt/airflow/dags/5_2_sencor.py
[2025-03-17T10:55:47.236+0000] {processor.py:830} INFO - Processing file /opt/airflow/dags/5_2_sencor.py for tasks to queue
[2025-03-17T10:55:47.236+0000] {logging_mixin.py:188} INFO - [2025-03-17T10:55:47.236+0000] {dagbag.py:538} INFO - Filling up the DagBag from /opt/airflow/dags/5_2_sencor.py
[2025-03-17T10:55:47.249+0000] {logging_mixin.py:188} WARNING - /home/airflow/.local/lib/python3.9/site-packages/airflow/models/baseoperator.py:437 AirflowProviderDeprecationWarning: Class `SimpleHttpOperator` is deprecated and will be removed in a future release. Please use `HttpOperator` instead.
[2025-03-17T10:55:47.253+0000] {processor.py:840} INFO - DAG(s) '5_2_sencor' retrieved from /opt/airflow/dags/5_2_sencor.py
[2025-03-17T10:55:47.267+0000] {logging_mixin.py:188} INFO - [2025-03-17T10:55:47.267+0000] {dag.py:3036} INFO - Sync 1 DAGs
[2025-03-17T10:55:47.276+0000] {logging_mixin.py:188} INFO - [2025-03-17T10:55:47.276+0000] {dag.py:3823} INFO - Setting next_dagrun for 5_2_sencor to None, run_after=None
[2025-03-17T10:55:47.298+0000] {processor.py:183} INFO - Processing /opt/airflow/dags/5_2_sencor.py took 0.066 seconds
[2025-03-17T10:56:18.294+0000] {processor.py:161} INFO - Started process (PID=561) to work on /opt/airflow/dags/5_2_sencor.py
[2025-03-17T10:56:18.294+0000] {processor.py:830} INFO - Processing file /opt/airflow/dags/5_2_sencor.py for tasks to queue
[2025-03-17T10:56:18.295+0000] {logging_mixin.py:188} INFO - [2025-03-17T10:56:18.295+0000] {dagbag.py:538} INFO - Filling up the DagBag from /opt/airflow/dags/5_2_sencor.py
[2025-03-17T10:56:18.310+0000] {logging_mixin.py:188} WARNING - /home/airflow/.local/lib/python3.9/site-packages/airflow/models/baseoperator.py:437 AirflowProviderDeprecationWarning: Class `SimpleHttpOperator` is deprecated and will be removed in a future release. Please use `HttpOperator` instead.
[2025-03-17T10:56:18.314+0000] {processor.py:840} INFO - DAG(s) '5_2_sencor' retrieved from /opt/airflow/dags/5_2_sencor.py
[2025-03-17T10:56:18.335+0000] {logging_mixin.py:188} INFO - [2025-03-17T10:56:18.335+0000] {dag.py:3036} INFO - Sync 1 DAGs
[2025-03-17T10:56:18.345+0000] {logging_mixin.py:188} INFO - [2025-03-17T10:56:18.345+0000] {dag.py:3823} INFO - Setting next_dagrun for 5_2_sencor to None, run_after=None
[2025-03-17T10:56:18.367+0000] {processor.py:183} INFO - Processing /opt/airflow/dags/5_2_sencor.py took 0.076 seconds
[2025-03-17T10:56:49.162+0000] {processor.py:161} INFO - Started process (PID=586) to work on /opt/airflow/dags/5_2_sencor.py
[2025-03-17T10:56:49.163+0000] {processor.py:830} INFO - Processing file /opt/airflow/dags/5_2_sencor.py for tasks to queue
[2025-03-17T10:56:49.164+0000] {logging_mixin.py:188} INFO - [2025-03-17T10:56:49.164+0000] {dagbag.py:538} INFO - Filling up the DagBag from /opt/airflow/dags/5_2_sencor.py
[2025-03-17T10:56:49.180+0000] {logging_mixin.py:188} WARNING - /home/airflow/.local/lib/python3.9/site-packages/airflow/models/baseoperator.py:437 AirflowProviderDeprecationWarning: Class `SimpleHttpOperator` is deprecated and will be removed in a future release. Please use `HttpOperator` instead.
[2025-03-17T10:56:49.185+0000] {processor.py:840} INFO - DAG(s) '5_2_sencor' retrieved from /opt/airflow/dags/5_2_sencor.py
[2025-03-17T10:56:49.205+0000] {logging_mixin.py:188} INFO - [2025-03-17T10:56:49.204+0000] {dag.py:3036} INFO - Sync 1 DAGs
[2025-03-17T10:56:49.216+0000] {logging_mixin.py:188} INFO - [2025-03-17T10:56:49.216+0000] {dag.py:3823} INFO - Setting next_dagrun for 5_2_sencor to None, run_after=None
[2025-03-17T10:56:49.241+0000] {processor.py:183} INFO - Processing /opt/airflow/dags/5_2_sencor.py took 0.083 seconds
[2025-03-17T10:57:20.080+0000] {processor.py:161} INFO - Started process (PID=611) to work on /opt/airflow/dags/5_2_sencor.py
[2025-03-17T10:57:20.081+0000] {processor.py:830} INFO - Processing file /opt/airflow/dags/5_2_sencor.py for tasks to queue
[2025-03-17T10:57:20.082+0000] {logging_mixin.py:188} INFO - [2025-03-17T10:57:20.082+0000] {dagbag.py:538} INFO - Filling up the DagBag from /opt/airflow/dags/5_2_sencor.py
[2025-03-17T10:57:20.099+0000] {logging_mixin.py:188} WARNING - /home/airflow/.local/lib/python3.9/site-packages/airflow/models/baseoperator.py:437 AirflowProviderDeprecationWarning: Class `SimpleHttpOperator` is deprecated and will be removed in a future release. Please use `HttpOperator` instead.
[2025-03-17T10:57:20.104+0000] {processor.py:840} INFO - DAG(s) '5_2_sencor' retrieved from /opt/airflow/dags/5_2_sencor.py
[2025-03-17T10:57:20.121+0000] {logging_mixin.py:188} INFO - [2025-03-17T10:57:20.121+0000] {dag.py:3036} INFO - Sync 1 DAGs
[2025-03-17T10:57:20.134+0000] {logging_mixin.py:188} INFO - [2025-03-17T10:57:20.134+0000] {dag.py:3823} INFO - Setting next_dagrun for 5_2_sencor to None, run_after=None
[2025-03-17T10:57:20.169+0000] {processor.py:183} INFO - Processing /opt/airflow/dags/5_2_sencor.py took 0.092 seconds
[2025-03-17T10:57:51.788+0000] {processor.py:161} INFO - Started process (PID=636) to work on /opt/airflow/dags/5_2_sencor.py
[2025-03-17T10:57:51.790+0000] {processor.py:830} INFO - Processing file /opt/airflow/dags/5_2_sencor.py for tasks to queue
[2025-03-17T10:57:51.792+0000] {logging_mixin.py:188} INFO - [2025-03-17T10:57:51.791+0000] {dagbag.py:538} INFO - Filling up the DagBag from /opt/airflow/dags/5_2_sencor.py
[2025-03-17T10:57:51.809+0000] {logging_mixin.py:188} WARNING - /home/airflow/.local/lib/python3.9/site-packages/airflow/models/baseoperator.py:437 AirflowProviderDeprecationWarning: Class `SimpleHttpOperator` is deprecated and will be removed in a future release. Please use `HttpOperator` instead.
[2025-03-17T10:57:51.816+0000] {processor.py:840} INFO - DAG(s) '5_2_sencor' retrieved from /opt/airflow/dags/5_2_sencor.py
[2025-03-17T10:57:51.843+0000] {logging_mixin.py:188} INFO - [2025-03-17T10:57:51.840+0000] {dag.py:3036} INFO - Sync 1 DAGs
[2025-03-17T10:57:51.859+0000] {logging_mixin.py:188} INFO - [2025-03-17T10:57:51.858+0000] {dag.py:3823} INFO - Setting next_dagrun for 5_2_sencor to None, run_after=None
[2025-03-17T10:57:51.896+0000] {processor.py:183} INFO - Processing /opt/airflow/dags/5_2_sencor.py took 0.110 seconds
[2025-03-17T10:58:22.815+0000] {processor.py:161} INFO - Started process (PID=661) to work on /opt/airflow/dags/5_2_sencor.py
[2025-03-17T10:58:22.816+0000] {processor.py:830} INFO - Processing file /opt/airflow/dags/5_2_sencor.py for tasks to queue
[2025-03-17T10:58:22.817+0000] {logging_mixin.py:188} INFO - [2025-03-17T10:58:22.816+0000] {dagbag.py:538} INFO - Filling up the DagBag from /opt/airflow/dags/5_2_sencor.py
[2025-03-17T10:58:22.831+0000] {logging_mixin.py:188} WARNING - /home/airflow/.local/lib/python3.9/site-packages/airflow/models/baseoperator.py:437 AirflowProviderDeprecationWarning: Class `SimpleHttpOperator` is deprecated and will be removed in a future release. Please use `HttpOperator` instead.
[2025-03-17T10:58:22.835+0000] {processor.py:840} INFO - DAG(s) '5_2_sencor' retrieved from /opt/airflow/dags/5_2_sencor.py
[2025-03-17T10:58:22.851+0000] {logging_mixin.py:188} INFO - [2025-03-17T10:58:22.851+0000] {dag.py:3036} INFO - Sync 1 DAGs
[2025-03-17T10:58:22.860+0000] {logging_mixin.py:188} INFO - [2025-03-17T10:58:22.860+0000] {dag.py:3823} INFO - Setting next_dagrun for 5_2_sencor to None, run_after=None
[2025-03-17T10:58:22.886+0000] {processor.py:183} INFO - Processing /opt/airflow/dags/5_2_sencor.py took 0.074 seconds
[2025-03-17T10:58:54.273+0000] {processor.py:161} INFO - Started process (PID=686) to work on /opt/airflow/dags/5_2_sencor.py
[2025-03-17T10:58:54.275+0000] {processor.py:830} INFO - Processing file /opt/airflow/dags/5_2_sencor.py for tasks to queue
[2025-03-17T10:58:54.276+0000] {logging_mixin.py:188} INFO - [2025-03-17T10:58:54.276+0000] {dagbag.py:538} INFO - Filling up the DagBag from /opt/airflow/dags/5_2_sencor.py
[2025-03-17T10:58:54.296+0000] {logging_mixin.py:188} WARNING - /home/airflow/.local/lib/python3.9/site-packages/airflow/models/baseoperator.py:437 AirflowProviderDeprecationWarning: Class `SimpleHttpOperator` is deprecated and will be removed in a future release. Please use `HttpOperator` instead.
[2025-03-17T10:58:54.301+0000] {processor.py:840} INFO - DAG(s) '5_2_sencor' retrieved from /opt/airflow/dags/5_2_sencor.py
[2025-03-17T10:58:54.320+0000] {logging_mixin.py:188} INFO - [2025-03-17T10:58:54.320+0000] {dag.py:3036} INFO - Sync 1 DAGs
[2025-03-17T10:58:54.332+0000] {logging_mixin.py:188} INFO - [2025-03-17T10:58:54.332+0000] {dag.py:3823} INFO - Setting next_dagrun for 5_2_sencor to None, run_after=None
[2025-03-17T10:58:54.364+0000] {processor.py:183} INFO - Processing /opt/airflow/dags/5_2_sencor.py took 0.095 seconds
[2025-03-17T10:59:25.770+0000] {processor.py:161} INFO - Started process (PID=711) to work on /opt/airflow/dags/5_2_sencor.py
[2025-03-17T10:59:25.771+0000] {processor.py:830} INFO - Processing file /opt/airflow/dags/5_2_sencor.py for tasks to queue
[2025-03-17T10:59:25.772+0000] {logging_mixin.py:188} INFO - [2025-03-17T10:59:25.772+0000] {dagbag.py:538} INFO - Filling up the DagBag from /opt/airflow/dags/5_2_sencor.py
[2025-03-17T10:59:25.786+0000] {logging_mixin.py:188} WARNING - /home/airflow/.local/lib/python3.9/site-packages/airflow/models/baseoperator.py:437 AirflowProviderDeprecationWarning: Class `SimpleHttpOperator` is deprecated and will be removed in a future release. Please use `HttpOperator` instead.
[2025-03-17T10:59:25.791+0000] {processor.py:840} INFO - DAG(s) '5_2_sencor' retrieved from /opt/airflow/dags/5_2_sencor.py
[2025-03-17T10:59:25.812+0000] {logging_mixin.py:188} INFO - [2025-03-17T10:59:25.811+0000] {dag.py:3036} INFO - Sync 1 DAGs
[2025-03-17T10:59:25.826+0000] {logging_mixin.py:188} INFO - [2025-03-17T10:59:25.826+0000] {dag.py:3823} INFO - Setting next_dagrun for 5_2_sencor to None, run_after=None
[2025-03-17T10:59:25.850+0000] {processor.py:183} INFO - Processing /opt/airflow/dags/5_2_sencor.py took 0.082 seconds
[2025-03-17T10:59:57.555+0000] {processor.py:161} INFO - Started process (PID=736) to work on /opt/airflow/dags/5_2_sencor.py
[2025-03-17T10:59:57.556+0000] {processor.py:830} INFO - Processing file /opt/airflow/dags/5_2_sencor.py for tasks to queue
[2025-03-17T10:59:57.558+0000] {logging_mixin.py:188} INFO - [2025-03-17T10:59:57.557+0000] {dagbag.py:538} INFO - Filling up the DagBag from /opt/airflow/dags/5_2_sencor.py
[2025-03-17T10:59:57.574+0000] {logging_mixin.py:188} WARNING - /home/airflow/.local/lib/python3.9/site-packages/airflow/models/baseoperator.py:437 AirflowProviderDeprecationWarning: Class `SimpleHttpOperator` is deprecated and will be removed in a future release. Please use `HttpOperator` instead.
[2025-03-17T10:59:57.579+0000] {processor.py:840} INFO - DAG(s) '5_2_sencor' retrieved from /opt/airflow/dags/5_2_sencor.py
[2025-03-17T10:59:57.600+0000] {logging_mixin.py:188} INFO - [2025-03-17T10:59:57.599+0000] {dag.py:3036} INFO - Sync 1 DAGs
[2025-03-17T10:59:57.612+0000] {logging_mixin.py:188} INFO - [2025-03-17T10:59:57.612+0000] {dag.py:3823} INFO - Setting next_dagrun for 5_2_sencor to None, run_after=None
[2025-03-17T10:59:57.640+0000] {processor.py:183} INFO - Processing /opt/airflow/dags/5_2_sencor.py took 0.088 seconds
[2025-03-17T11:00:30.804+0000] {processor.py:161} INFO - Started process (PID=763) to work on /opt/airflow/dags/5_2_sencor.py
[2025-03-17T11:00:30.805+0000] {processor.py:830} INFO - Processing file /opt/airflow/dags/5_2_sencor.py for tasks to queue
[2025-03-17T11:00:30.806+0000] {logging_mixin.py:188} INFO - [2025-03-17T11:00:30.805+0000] {dagbag.py:538} INFO - Filling up the DagBag from /opt/airflow/dags/5_2_sencor.py
[2025-03-17T11:00:30.825+0000] {logging_mixin.py:188} WARNING - /home/airflow/.local/lib/python3.9/site-packages/airflow/models/baseoperator.py:437 AirflowProviderDeprecationWarning: Class `SimpleHttpOperator` is deprecated and will be removed in a future release. Please use `HttpOperator` instead.
[2025-03-17T11:00:30.831+0000] {processor.py:840} INFO - DAG(s) '5_2_sencor' retrieved from /opt/airflow/dags/5_2_sencor.py
[2025-03-17T11:00:30.853+0000] {logging_mixin.py:188} INFO - [2025-03-17T11:00:30.853+0000] {dag.py:3036} INFO - Sync 1 DAGs
[2025-03-17T11:00:30.864+0000] {logging_mixin.py:188} INFO - [2025-03-17T11:00:30.863+0000] {dag.py:3823} INFO - Setting next_dagrun for 5_2_sencor to None, run_after=None
[2025-03-17T11:00:30.892+0000] {processor.py:183} INFO - Processing /opt/airflow/dags/5_2_sencor.py took 0.092 seconds
[2025-03-17T11:01:02.470+0000] {processor.py:161} INFO - Started process (PID=788) to work on /opt/airflow/dags/5_2_sencor.py
[2025-03-17T11:01:02.471+0000] {processor.py:830} INFO - Processing file /opt/airflow/dags/5_2_sencor.py for tasks to queue
[2025-03-17T11:01:02.472+0000] {logging_mixin.py:188} INFO - [2025-03-17T11:01:02.471+0000] {dagbag.py:538} INFO - Filling up the DagBag from /opt/airflow/dags/5_2_sencor.py
[2025-03-17T11:01:02.486+0000] {logging_mixin.py:188} WARNING - /home/airflow/.local/lib/python3.9/site-packages/airflow/models/baseoperator.py:437 AirflowProviderDeprecationWarning: Class `SimpleHttpOperator` is deprecated and will be removed in a future release. Please use `HttpOperator` instead.
[2025-03-17T11:01:02.491+0000] {processor.py:840} INFO - DAG(s) '5_2_sencor' retrieved from /opt/airflow/dags/5_2_sencor.py
[2025-03-17T11:01:02.507+0000] {logging_mixin.py:188} INFO - [2025-03-17T11:01:02.506+0000] {dag.py:3036} INFO - Sync 1 DAGs
[2025-03-17T11:01:02.517+0000] {logging_mixin.py:188} INFO - [2025-03-17T11:01:02.517+0000] {dag.py:3823} INFO - Setting next_dagrun for 5_2_sencor to None, run_after=None
[2025-03-17T11:01:02.540+0000] {processor.py:183} INFO - Processing /opt/airflow/dags/5_2_sencor.py took 0.073 seconds
[2025-03-17T11:01:33.380+0000] {processor.py:161} INFO - Started process (PID=817) to work on /opt/airflow/dags/5_2_sencor.py
[2025-03-17T11:01:33.381+0000] {processor.py:830} INFO - Processing file /opt/airflow/dags/5_2_sencor.py for tasks to queue
[2025-03-17T11:01:33.382+0000] {logging_mixin.py:188} INFO - [2025-03-17T11:01:33.382+0000] {dagbag.py:538} INFO - Filling up the DagBag from /opt/airflow/dags/5_2_sencor.py
[2025-03-17T11:01:33.406+0000] {logging_mixin.py:188} WARNING - /home/airflow/.local/lib/python3.9/site-packages/airflow/models/baseoperator.py:437 AirflowProviderDeprecationWarning: Class `SimpleHttpOperator` is deprecated and will be removed in a future release. Please use `HttpOperator` instead.
[2025-03-17T11:01:33.416+0000] {processor.py:840} INFO - DAG(s) '5_2_sencor' retrieved from /opt/airflow/dags/5_2_sencor.py
[2025-03-17T11:01:33.451+0000] {logging_mixin.py:188} INFO - [2025-03-17T11:01:33.450+0000] {dag.py:3036} INFO - Sync 1 DAGs
[2025-03-17T11:01:33.465+0000] {logging_mixin.py:188} INFO - [2025-03-17T11:01:33.465+0000] {dag.py:3823} INFO - Setting next_dagrun for 5_2_sencor to None, run_after=None
[2025-03-17T11:01:33.506+0000] {processor.py:183} INFO - Processing /opt/airflow/dags/5_2_sencor.py took 0.130 seconds
[2025-03-17T11:02:04.776+0000] {processor.py:161} INFO - Started process (PID=842) to work on /opt/airflow/dags/5_2_sencor.py
[2025-03-17T11:02:04.777+0000] {processor.py:830} INFO - Processing file /opt/airflow/dags/5_2_sencor.py for tasks to queue
[2025-03-17T11:02:04.778+0000] {logging_mixin.py:188} INFO - [2025-03-17T11:02:04.778+0000] {dagbag.py:538} INFO - Filling up the DagBag from /opt/airflow/dags/5_2_sencor.py
[2025-03-17T11:02:04.793+0000] {logging_mixin.py:188} WARNING - /home/airflow/.local/lib/python3.9/site-packages/airflow/models/baseoperator.py:437 AirflowProviderDeprecationWarning: Class `SimpleHttpOperator` is deprecated and will be removed in a future release. Please use `HttpOperator` instead.
[2025-03-17T11:02:04.798+0000] {processor.py:840} INFO - DAG(s) '5_2_sencor' retrieved from /opt/airflow/dags/5_2_sencor.py
[2025-03-17T11:02:04.812+0000] {logging_mixin.py:188} INFO - [2025-03-17T11:02:04.812+0000] {dag.py:3036} INFO - Sync 1 DAGs
[2025-03-17T11:02:04.821+0000] {logging_mixin.py:188} INFO - [2025-03-17T11:02:04.821+0000] {dag.py:3823} INFO - Setting next_dagrun for 5_2_sencor to None, run_after=None
[2025-03-17T11:02:04.843+0000] {processor.py:183} INFO - Processing /opt/airflow/dags/5_2_sencor.py took 0.070 seconds
[2025-03-17T11:02:36.350+0000] {processor.py:161} INFO - Started process (PID=869) to work on /opt/airflow/dags/5_2_sencor.py
[2025-03-17T11:02:36.352+0000] {processor.py:830} INFO - Processing file /opt/airflow/dags/5_2_sencor.py for tasks to queue
[2025-03-17T11:02:36.353+0000] {logging_mixin.py:188} INFO - [2025-03-17T11:02:36.353+0000] {dagbag.py:538} INFO - Filling up the DagBag from /opt/airflow/dags/5_2_sencor.py
[2025-03-17T11:02:36.380+0000] {logging_mixin.py:188} WARNING - /home/airflow/.local/lib/python3.9/site-packages/airflow/models/baseoperator.py:437 AirflowProviderDeprecationWarning: Class `SimpleHttpOperator` is deprecated and will be removed in a future release. Please use `HttpOperator` instead.
[2025-03-17T11:02:36.386+0000] {processor.py:840} INFO - DAG(s) '5_2_sencor' retrieved from /opt/airflow/dags/5_2_sencor.py
[2025-03-17T11:02:36.409+0000] {logging_mixin.py:188} INFO - [2025-03-17T11:02:36.409+0000] {dag.py:3036} INFO - Sync 1 DAGs
[2025-03-17T11:02:36.421+0000] {logging_mixin.py:188} INFO - [2025-03-17T11:02:36.421+0000] {dag.py:3823} INFO - Setting next_dagrun for 5_2_sencor to None, run_after=None
[2025-03-17T11:02:36.452+0000] {processor.py:183} INFO - Processing /opt/airflow/dags/5_2_sencor.py took 0.106 seconds
[2025-03-17T11:03:07.392+0000] {processor.py:161} INFO - Started process (PID=894) to work on /opt/airflow/dags/5_2_sencor.py
[2025-03-17T11:03:07.393+0000] {processor.py:830} INFO - Processing file /opt/airflow/dags/5_2_sencor.py for tasks to queue
[2025-03-17T11:03:07.395+0000] {logging_mixin.py:188} INFO - [2025-03-17T11:03:07.394+0000] {dagbag.py:538} INFO - Filling up the DagBag from /opt/airflow/dags/5_2_sencor.py
[2025-03-17T11:03:07.411+0000] {logging_mixin.py:188} WARNING - /home/airflow/.local/lib/python3.9/site-packages/airflow/models/baseoperator.py:437 AirflowProviderDeprecationWarning: Class `SimpleHttpOperator` is deprecated and will be removed in a future release. Please use `HttpOperator` instead.
[2025-03-17T11:03:07.416+0000] {processor.py:840} INFO - DAG(s) '5_2_sencor' retrieved from /opt/airflow/dags/5_2_sencor.py
[2025-03-17T11:03:07.435+0000] {logging_mixin.py:188} INFO - [2025-03-17T11:03:07.435+0000] {dag.py:3036} INFO - Sync 1 DAGs
[2025-03-17T11:03:07.446+0000] {logging_mixin.py:188} INFO - [2025-03-17T11:03:07.446+0000] {dag.py:3823} INFO - Setting next_dagrun for 5_2_sencor to None, run_after=None
[2025-03-17T11:03:07.478+0000] {processor.py:183} INFO - Processing /opt/airflow/dags/5_2_sencor.py took 0.088 seconds
[2025-03-17T11:03:38.624+0000] {processor.py:161} INFO - Started process (PID=919) to work on /opt/airflow/dags/5_2_sencor.py
[2025-03-17T11:03:38.625+0000] {processor.py:830} INFO - Processing file /opt/airflow/dags/5_2_sencor.py for tasks to queue
[2025-03-17T11:03:38.626+0000] {logging_mixin.py:188} INFO - [2025-03-17T11:03:38.626+0000] {dagbag.py:538} INFO - Filling up the DagBag from /opt/airflow/dags/5_2_sencor.py
[2025-03-17T11:03:38.642+0000] {logging_mixin.py:188} WARNING - /home/airflow/.local/lib/python3.9/site-packages/airflow/models/baseoperator.py:437 AirflowProviderDeprecationWarning: Class `SimpleHttpOperator` is deprecated and will be removed in a future release. Please use `HttpOperator` instead.
[2025-03-17T11:03:38.646+0000] {processor.py:840} INFO - DAG(s) '5_2_sencor' retrieved from /opt/airflow/dags/5_2_sencor.py
[2025-03-17T11:03:38.666+0000] {logging_mixin.py:188} INFO - [2025-03-17T11:03:38.666+0000] {dag.py:3036} INFO - Sync 1 DAGs
[2025-03-17T11:03:38.677+0000] {logging_mixin.py:188} INFO - [2025-03-17T11:03:38.677+0000] {dag.py:3823} INFO - Setting next_dagrun for 5_2_sencor to None, run_after=None
[2025-03-17T11:03:38.705+0000] {processor.py:183} INFO - Processing /opt/airflow/dags/5_2_sencor.py took 0.084 seconds
[2025-03-17T11:04:09.572+0000] {processor.py:161} INFO - Started process (PID=944) to work on /opt/airflow/dags/5_2_sencor.py
[2025-03-17T11:04:09.573+0000] {processor.py:830} INFO - Processing file /opt/airflow/dags/5_2_sencor.py for tasks to queue
[2025-03-17T11:04:09.574+0000] {logging_mixin.py:188} INFO - [2025-03-17T11:04:09.573+0000] {dagbag.py:538} INFO - Filling up the DagBag from /opt/airflow/dags/5_2_sencor.py
[2025-03-17T11:04:09.588+0000] {logging_mixin.py:188} WARNING - /home/airflow/.local/lib/python3.9/site-packages/airflow/models/baseoperator.py:437 AirflowProviderDeprecationWarning: Class `SimpleHttpOperator` is deprecated and will be removed in a future release. Please use `HttpOperator` instead.
[2025-03-17T11:04:09.592+0000] {processor.py:840} INFO - DAG(s) '5_2_sencor' retrieved from /opt/airflow/dags/5_2_sencor.py
[2025-03-17T11:04:09.607+0000] {logging_mixin.py:188} INFO - [2025-03-17T11:04:09.607+0000] {dag.py:3036} INFO - Sync 1 DAGs
[2025-03-17T11:04:09.617+0000] {logging_mixin.py:188} INFO - [2025-03-17T11:04:09.617+0000] {dag.py:3823} INFO - Setting next_dagrun for 5_2_sencor to None, run_after=None
[2025-03-17T11:04:09.639+0000] {processor.py:183} INFO - Processing /opt/airflow/dags/5_2_sencor.py took 0.070 seconds
[2025-03-17T11:04:41.060+0000] {processor.py:161} INFO - Started process (PID=969) to work on /opt/airflow/dags/5_2_sencor.py
[2025-03-17T11:04:41.060+0000] {processor.py:830} INFO - Processing file /opt/airflow/dags/5_2_sencor.py for tasks to queue
[2025-03-17T11:04:41.061+0000] {logging_mixin.py:188} INFO - [2025-03-17T11:04:41.061+0000] {dagbag.py:538} INFO - Filling up the DagBag from /opt/airflow/dags/5_2_sencor.py
[2025-03-17T11:04:41.076+0000] {logging_mixin.py:188} WARNING - /home/airflow/.local/lib/python3.9/site-packages/airflow/models/baseoperator.py:437 AirflowProviderDeprecationWarning: Class `SimpleHttpOperator` is deprecated and will be removed in a future release. Please use `HttpOperator` instead.
[2025-03-17T11:04:41.080+0000] {processor.py:840} INFO - DAG(s) '5_2_sencor' retrieved from /opt/airflow/dags/5_2_sencor.py
[2025-03-17T11:04:41.095+0000] {logging_mixin.py:188} INFO - [2025-03-17T11:04:41.095+0000] {dag.py:3036} INFO - Sync 1 DAGs
[2025-03-17T11:04:41.104+0000] {logging_mixin.py:188} INFO - [2025-03-17T11:04:41.104+0000] {dag.py:3823} INFO - Setting next_dagrun for 5_2_sencor to None, run_after=None
[2025-03-17T11:04:41.123+0000] {processor.py:183} INFO - Processing /opt/airflow/dags/5_2_sencor.py took 0.066 seconds
[2025-03-17T11:05:12.272+0000] {processor.py:161} INFO - Started process (PID=996) to work on /opt/airflow/dags/5_2_sencor.py
[2025-03-17T11:05:12.273+0000] {processor.py:830} INFO - Processing file /opt/airflow/dags/5_2_sencor.py for tasks to queue
[2025-03-17T11:05:12.274+0000] {logging_mixin.py:188} INFO - [2025-03-17T11:05:12.273+0000] {dagbag.py:538} INFO - Filling up the DagBag from /opt/airflow/dags/5_2_sencor.py
[2025-03-17T11:05:12.289+0000] {logging_mixin.py:188} WARNING - /home/airflow/.local/lib/python3.9/site-packages/airflow/models/baseoperator.py:437 AirflowProviderDeprecationWarning: Class `SimpleHttpOperator` is deprecated and will be removed in a future release. Please use `HttpOperator` instead.
[2025-03-17T11:05:12.294+0000] {processor.py:840} INFO - DAG(s) '5_2_sencor' retrieved from /opt/airflow/dags/5_2_sencor.py
[2025-03-17T11:05:12.320+0000] {logging_mixin.py:188} INFO - [2025-03-17T11:05:12.320+0000] {dag.py:3036} INFO - Sync 1 DAGs
[2025-03-17T11:05:12.333+0000] {logging_mixin.py:188} INFO - [2025-03-17T11:05:12.332+0000] {dag.py:3823} INFO - Setting next_dagrun for 5_2_sencor to None, run_after=None
[2025-03-17T11:05:12.362+0000] {processor.py:183} INFO - Processing /opt/airflow/dags/5_2_sencor.py took 0.092 seconds
[2025-03-17T11:05:43.159+0000] {processor.py:161} INFO - Started process (PID=1023) to work on /opt/airflow/dags/5_2_sencor.py
[2025-03-17T11:05:43.160+0000] {processor.py:830} INFO - Processing file /opt/airflow/dags/5_2_sencor.py for tasks to queue
[2025-03-17T11:05:43.161+0000] {logging_mixin.py:188} INFO - [2025-03-17T11:05:43.161+0000] {dagbag.py:538} INFO - Filling up the DagBag from /opt/airflow/dags/5_2_sencor.py
[2025-03-17T11:05:43.178+0000] {logging_mixin.py:188} WARNING - /home/airflow/.local/lib/python3.9/site-packages/airflow/models/baseoperator.py:437 AirflowProviderDeprecationWarning: Class `SimpleHttpOperator` is deprecated and will be removed in a future release. Please use `HttpOperator` instead.
[2025-03-17T11:05:43.185+0000] {processor.py:840} INFO - DAG(s) '5_2_sencor' retrieved from /opt/airflow/dags/5_2_sencor.py
[2025-03-17T11:05:43.205+0000] {logging_mixin.py:188} INFO - [2025-03-17T11:05:43.205+0000] {dag.py:3036} INFO - Sync 1 DAGs
[2025-03-17T11:05:43.217+0000] {logging_mixin.py:188} INFO - [2025-03-17T11:05:43.217+0000] {dag.py:3823} INFO - Setting next_dagrun for 5_2_sencor to None, run_after=None
[2025-03-17T11:05:43.243+0000] {processor.py:183} INFO - Processing /opt/airflow/dags/5_2_sencor.py took 0.086 seconds
[2025-03-17T11:06:14.831+0000] {processor.py:161} INFO - Started process (PID=1048) to work on /opt/airflow/dags/5_2_sencor.py
[2025-03-17T11:06:14.833+0000] {processor.py:830} INFO - Processing file /opt/airflow/dags/5_2_sencor.py for tasks to queue
[2025-03-17T11:06:14.834+0000] {logging_mixin.py:188} INFO - [2025-03-17T11:06:14.834+0000] {dagbag.py:538} INFO - Filling up the DagBag from /opt/airflow/dags/5_2_sencor.py
[2025-03-17T11:06:14.878+0000] {logging_mixin.py:188} WARNING - /home/airflow/.local/lib/python3.9/site-packages/airflow/models/baseoperator.py:437 AirflowProviderDeprecationWarning: Class `SimpleHttpOperator` is deprecated and will be removed in a future release. Please use `HttpOperator` instead.
[2025-03-17T11:06:14.891+0000] {processor.py:840} INFO - DAG(s) '5_2_sencor' retrieved from /opt/airflow/dags/5_2_sencor.py
[2025-03-17T11:06:14.974+0000] {logging_mixin.py:188} INFO - [2025-03-17T11:06:14.972+0000] {dag.py:3036} INFO - Sync 1 DAGs
[2025-03-17T11:06:14.994+0000] {logging_mixin.py:188} INFO - [2025-03-17T11:06:14.994+0000] {dag.py:3823} INFO - Setting next_dagrun for 5_2_sencor to None, run_after=None
[2025-03-17T11:06:15.113+0000] {processor.py:183} INFO - Processing /opt/airflow/dags/5_2_sencor.py took 0.287 seconds
[2025-03-17T11:06:46.031+0000] {processor.py:161} INFO - Started process (PID=1073) to work on /opt/airflow/dags/5_2_sencor.py
[2025-03-17T11:06:46.032+0000] {processor.py:830} INFO - Processing file /opt/airflow/dags/5_2_sencor.py for tasks to queue
[2025-03-17T11:06:46.033+0000] {logging_mixin.py:188} INFO - [2025-03-17T11:06:46.033+0000] {dagbag.py:538} INFO - Filling up the DagBag from /opt/airflow/dags/5_2_sencor.py
[2025-03-17T11:06:46.049+0000] {logging_mixin.py:188} WARNING - /home/airflow/.local/lib/python3.9/site-packages/airflow/models/baseoperator.py:437 AirflowProviderDeprecationWarning: Class `SimpleHttpOperator` is deprecated and will be removed in a future release. Please use `HttpOperator` instead.
[2025-03-17T11:06:46.054+0000] {processor.py:840} INFO - DAG(s) '5_2_sencor' retrieved from /opt/airflow/dags/5_2_sencor.py
[2025-03-17T11:06:46.072+0000] {logging_mixin.py:188} INFO - [2025-03-17T11:06:46.072+0000] {dag.py:3036} INFO - Sync 1 DAGs
[2025-03-17T11:06:46.082+0000] {logging_mixin.py:188} INFO - [2025-03-17T11:06:46.082+0000] {dag.py:3823} INFO - Setting next_dagrun for 5_2_sencor to None, run_after=None
[2025-03-17T11:06:46.106+0000] {processor.py:183} INFO - Processing /opt/airflow/dags/5_2_sencor.py took 0.078 seconds
[2025-03-17T11:07:35.578+0000] {processor.py:161} INFO - Started process (PID=1192) to work on /opt/airflow/dags/5_2_sencor.py
[2025-03-17T11:07:35.579+0000] {processor.py:830} INFO - Processing file /opt/airflow/dags/5_2_sencor.py for tasks to queue
[2025-03-17T11:07:35.581+0000] {logging_mixin.py:188} INFO - [2025-03-17T11:07:35.580+0000] {dagbag.py:538} INFO - Filling up the DagBag from /opt/airflow/dags/5_2_sencor.py
[2025-03-17T11:07:35.597+0000] {logging_mixin.py:188} WARNING - /home/airflow/.local/lib/python3.9/site-packages/airflow/models/baseoperator.py:437 AirflowProviderDeprecationWarning: Class `SimpleHttpOperator` is deprecated and will be removed in a future release. Please use `HttpOperator` instead.
[2025-03-17T11:07:35.602+0000] {processor.py:840} INFO - DAG(s) '5_2_sencor' retrieved from /opt/airflow/dags/5_2_sencor.py
[2025-03-17T11:07:35.621+0000] {logging_mixin.py:188} INFO - [2025-03-17T11:07:35.620+0000] {dag.py:3036} INFO - Sync 1 DAGs
[2025-03-17T11:07:35.632+0000] {logging_mixin.py:188} INFO - [2025-03-17T11:07:35.631+0000] {dag.py:3823} INFO - Setting next_dagrun for 5_2_sencor to None, run_after=None
[2025-03-17T11:07:35.664+0000] {processor.py:183} INFO - Processing /opt/airflow/dags/5_2_sencor.py took 0.089 seconds
[2025-03-17T11:08:06.393+0000] {processor.py:161} INFO - Started process (PID=1235) to work on /opt/airflow/dags/5_2_sencor.py
[2025-03-17T11:08:06.394+0000] {processor.py:830} INFO - Processing file /opt/airflow/dags/5_2_sencor.py for tasks to queue
[2025-03-17T11:08:06.395+0000] {logging_mixin.py:188} INFO - [2025-03-17T11:08:06.394+0000] {dagbag.py:538} INFO - Filling up the DagBag from /opt/airflow/dags/5_2_sencor.py
[2025-03-17T11:08:06.410+0000] {logging_mixin.py:188} WARNING - /home/airflow/.local/lib/python3.9/site-packages/airflow/models/baseoperator.py:437 AirflowProviderDeprecationWarning: Class `SimpleHttpOperator` is deprecated and will be removed in a future release. Please use `HttpOperator` instead.
[2025-03-17T11:08:06.414+0000] {processor.py:840} INFO - DAG(s) '5_2_sencor' retrieved from /opt/airflow/dags/5_2_sencor.py
[2025-03-17T11:08:06.429+0000] {logging_mixin.py:188} INFO - [2025-03-17T11:08:06.429+0000] {dag.py:3036} INFO - Sync 1 DAGs
[2025-03-17T11:08:06.439+0000] {logging_mixin.py:188} INFO - [2025-03-17T11:08:06.439+0000] {dag.py:3823} INFO - Setting next_dagrun for 5_2_sencor to None, run_after=None
[2025-03-17T11:08:06.459+0000] {processor.py:183} INFO - Processing /opt/airflow/dags/5_2_sencor.py took 0.069 seconds
[2025-03-17T11:09:49.926+0000] {processor.py:161} INFO - Started process (PID=1667) to work on /opt/airflow/dags/5_2_sencor.py
[2025-03-17T11:09:49.927+0000] {processor.py:830} INFO - Processing file /opt/airflow/dags/5_2_sencor.py for tasks to queue
[2025-03-17T11:09:49.928+0000] {logging_mixin.py:188} INFO - [2025-03-17T11:09:49.928+0000] {dagbag.py:538} INFO - Filling up the DagBag from /opt/airflow/dags/5_2_sencor.py
[2025-03-17T11:09:49.947+0000] {logging_mixin.py:188} WARNING - /home/airflow/.local/lib/python3.9/site-packages/airflow/models/baseoperator.py:437 AirflowProviderDeprecationWarning: Class `SimpleHttpOperator` is deprecated and will be removed in a future release. Please use `HttpOperator` instead.
[2025-03-17T11:09:49.955+0000] {processor.py:840} INFO - DAG(s) '5_2_sencor' retrieved from /opt/airflow/dags/5_2_sencor.py
[2025-03-17T11:09:49.975+0000] {logging_mixin.py:188} INFO - [2025-03-17T11:09:49.975+0000] {dag.py:3036} INFO - Sync 1 DAGs
[2025-03-17T11:09:49.986+0000] {logging_mixin.py:188} INFO - [2025-03-17T11:09:49.986+0000] {dag.py:3823} INFO - Setting next_dagrun for 5_2_sencor to None, run_after=None
[2025-03-17T11:09:50.013+0000] {processor.py:183} INFO - Processing /opt/airflow/dags/5_2_sencor.py took 0.091 seconds
[2025-03-17T11:10:20.904+0000] {processor.py:161} INFO - Started process (PID=1692) to work on /opt/airflow/dags/5_2_sencor.py
[2025-03-17T11:10:20.906+0000] {processor.py:830} INFO - Processing file /opt/airflow/dags/5_2_sencor.py for tasks to queue
[2025-03-17T11:10:20.907+0000] {logging_mixin.py:188} INFO - [2025-03-17T11:10:20.906+0000] {dagbag.py:538} INFO - Filling up the DagBag from /opt/airflow/dags/5_2_sencor.py
[2025-03-17T11:10:20.923+0000] {logging_mixin.py:188} WARNING - /home/airflow/.local/lib/python3.9/site-packages/airflow/models/baseoperator.py:437 AirflowProviderDeprecationWarning: Class `SimpleHttpOperator` is deprecated and will be removed in a future release. Please use `HttpOperator` instead.
[2025-03-17T11:10:20.929+0000] {processor.py:840} INFO - DAG(s) '5_2_sencor' retrieved from /opt/airflow/dags/5_2_sencor.py
[2025-03-17T11:10:20.949+0000] {logging_mixin.py:188} INFO - [2025-03-17T11:10:20.949+0000] {dag.py:3036} INFO - Sync 1 DAGs
[2025-03-17T11:10:20.962+0000] {logging_mixin.py:188} INFO - [2025-03-17T11:10:20.962+0000] {dag.py:3823} INFO - Setting next_dagrun for 5_2_sencor to None, run_after=None
[2025-03-17T11:10:20.995+0000] {processor.py:183} INFO - Processing /opt/airflow/dags/5_2_sencor.py took 0.094 seconds
[2025-03-17T11:10:51.849+0000] {processor.py:161} INFO - Started process (PID=1717) to work on /opt/airflow/dags/5_2_sencor.py
[2025-03-17T11:10:51.850+0000] {processor.py:830} INFO - Processing file /opt/airflow/dags/5_2_sencor.py for tasks to queue
[2025-03-17T11:10:51.851+0000] {logging_mixin.py:188} INFO - [2025-03-17T11:10:51.851+0000] {dagbag.py:538} INFO - Filling up the DagBag from /opt/airflow/dags/5_2_sencor.py
[2025-03-17T11:10:51.865+0000] {logging_mixin.py:188} WARNING - /home/airflow/.local/lib/python3.9/site-packages/airflow/models/baseoperator.py:437 AirflowProviderDeprecationWarning: Class `SimpleHttpOperator` is deprecated and will be removed in a future release. Please use `HttpOperator` instead.
[2025-03-17T11:10:51.869+0000] {processor.py:840} INFO - DAG(s) '5_2_sencor' retrieved from /opt/airflow/dags/5_2_sencor.py
[2025-03-17T11:10:51.884+0000] {logging_mixin.py:188} INFO - [2025-03-17T11:10:51.884+0000] {dag.py:3036} INFO - Sync 1 DAGs
[2025-03-17T11:10:51.893+0000] {logging_mixin.py:188} INFO - [2025-03-17T11:10:51.893+0000] {dag.py:3823} INFO - Setting next_dagrun for 5_2_sencor to None, run_after=None
[2025-03-17T11:10:51.914+0000] {processor.py:183} INFO - Processing /opt/airflow/dags/5_2_sencor.py took 0.067 seconds
[2025-03-17T11:11:23.305+0000] {processor.py:161} INFO - Started process (PID=1742) to work on /opt/airflow/dags/5_2_sencor.py
[2025-03-17T11:11:23.307+0000] {processor.py:830} INFO - Processing file /opt/airflow/dags/5_2_sencor.py for tasks to queue
[2025-03-17T11:11:23.308+0000] {logging_mixin.py:188} INFO - [2025-03-17T11:11:23.308+0000] {dagbag.py:538} INFO - Filling up the DagBag from /opt/airflow/dags/5_2_sencor.py
[2025-03-17T11:11:23.323+0000] {logging_mixin.py:188} WARNING - /home/airflow/.local/lib/python3.9/site-packages/airflow/models/baseoperator.py:437 AirflowProviderDeprecationWarning: Class `SimpleHttpOperator` is deprecated and will be removed in a future release. Please use `HttpOperator` instead.
[2025-03-17T11:11:23.328+0000] {processor.py:840} INFO - DAG(s) '5_2_sencor' retrieved from /opt/airflow/dags/5_2_sencor.py
[2025-03-17T11:11:23.344+0000] {logging_mixin.py:188} INFO - [2025-03-17T11:11:23.344+0000] {dag.py:3036} INFO - Sync 1 DAGs
[2025-03-17T11:11:23.354+0000] {logging_mixin.py:188} INFO - [2025-03-17T11:11:23.354+0000] {dag.py:3823} INFO - Setting next_dagrun for 5_2_sencor to None, run_after=None
[2025-03-17T11:11:23.381+0000] {processor.py:183} INFO - Processing /opt/airflow/dags/5_2_sencor.py took 0.079 seconds
[2025-03-17T11:11:54.813+0000] {processor.py:161} INFO - Started process (PID=1767) to work on /opt/airflow/dags/5_2_sencor.py
[2025-03-17T11:11:54.814+0000] {processor.py:830} INFO - Processing file /opt/airflow/dags/5_2_sencor.py for tasks to queue
[2025-03-17T11:11:54.815+0000] {logging_mixin.py:188} INFO - [2025-03-17T11:11:54.814+0000] {dagbag.py:538} INFO - Filling up the DagBag from /opt/airflow/dags/5_2_sencor.py
[2025-03-17T11:11:54.829+0000] {logging_mixin.py:188} WARNING - /home/airflow/.local/lib/python3.9/site-packages/airflow/models/baseoperator.py:437 AirflowProviderDeprecationWarning: Class `SimpleHttpOperator` is deprecated and will be removed in a future release. Please use `HttpOperator` instead.
[2025-03-17T11:11:54.833+0000] {processor.py:840} INFO - DAG(s) '5_2_sencor' retrieved from /opt/airflow/dags/5_2_sencor.py
[2025-03-17T11:11:54.849+0000] {logging_mixin.py:188} INFO - [2025-03-17T11:11:54.849+0000] {dag.py:3036} INFO - Sync 1 DAGs
[2025-03-17T11:11:54.860+0000] {logging_mixin.py:188} INFO - [2025-03-17T11:11:54.859+0000] {dag.py:3823} INFO - Setting next_dagrun for 5_2_sencor to None, run_after=None
[2025-03-17T11:11:54.882+0000] {processor.py:183} INFO - Processing /opt/airflow/dags/5_2_sencor.py took 0.073 seconds
[2025-03-17T11:12:25.592+0000] {processor.py:161} INFO - Started process (PID=1792) to work on /opt/airflow/dags/5_2_sencor.py
[2025-03-17T11:12:25.594+0000] {processor.py:830} INFO - Processing file /opt/airflow/dags/5_2_sencor.py for tasks to queue
[2025-03-17T11:12:25.595+0000] {logging_mixin.py:188} INFO - [2025-03-17T11:12:25.594+0000] {dagbag.py:538} INFO - Filling up the DagBag from /opt/airflow/dags/5_2_sencor.py
[2025-03-17T11:12:25.613+0000] {logging_mixin.py:188} WARNING - /home/airflow/.local/lib/python3.9/site-packages/airflow/models/baseoperator.py:437 AirflowProviderDeprecationWarning: Class `SimpleHttpOperator` is deprecated and will be removed in a future release. Please use `HttpOperator` instead.
[2025-03-17T11:12:25.618+0000] {processor.py:840} INFO - DAG(s) '5_2_sencor' retrieved from /opt/airflow/dags/5_2_sencor.py
[2025-03-17T11:12:25.635+0000] {logging_mixin.py:188} INFO - [2025-03-17T11:12:25.635+0000] {dag.py:3036} INFO - Sync 1 DAGs
[2025-03-17T11:12:25.647+0000] {logging_mixin.py:188} INFO - [2025-03-17T11:12:25.647+0000] {dag.py:3823} INFO - Setting next_dagrun for 5_2_sencor to None, run_after=None
[2025-03-17T11:12:25.673+0000] {processor.py:183} INFO - Processing /opt/airflow/dags/5_2_sencor.py took 0.084 seconds
