[2025-03-17T10:47:52.595+0000] {processor.py:161} INFO - Started process (PID=125) to work on /opt/airflow/dags/5_5_house_assignment.py
[2025-03-17T10:47:52.597+0000] {processor.py:830} INFO - Processing file /opt/airflow/dags/5_5_house_assignment.py for tasks to queue
[2025-03-17T10:47:52.599+0000] {logging_mixin.py:188} INFO - [2025-03-17T10:47:52.598+0000] {dagbag.py:538} INFO - Filling up the DagBag from /opt/airflow/dags/5_5_house_assignment.py
[2025-03-17T10:47:53.245+0000] {logging_mixin.py:188} INFO - [2025-03-17T10:47:53.245+0000] {base.py:83} INFO - Using connection ID 'clickhouse_default' for task execution.
[2025-03-17T10:47:53.249+0000] {logging_mixin.py:188} INFO - [2025-03-17T10:47:53.248+0000] {base.py:83} INFO - Using connection ID 'clickhouse_default' for task execution.
[2025-03-17T10:47:53.254+0000] {logging_mixin.py:188} INFO - [2025-03-17T10:47:53.254+0000] {base.py:83} INFO - Using connection ID 'clickhouse_default' for task execution.
[2025-03-17T10:47:53.257+0000] {logging_mixin.py:188} INFO - [2025-03-17T10:47:53.256+0000] {base.py:83} INFO - Using connection ID 'clickhouse_default' for task execution.
[2025-03-17T10:47:53.269+0000] {processor.py:840} INFO - DAG(s) '0_Examples_5_4_1_ETL_3' retrieved from /opt/airflow/dags/5_5_house_assignment.py
[2025-03-17T10:47:53.277+0000] {logging_mixin.py:188} INFO - [2025-03-17T10:47:53.276+0000] {dag.py:3036} INFO - Sync 1 DAGs
[2025-03-17T10:47:53.305+0000] {logging_mixin.py:188} INFO - [2025-03-17T10:47:53.305+0000] {dag.py:3823} INFO - Setting next_dagrun for 0_Examples_5_4_1_ETL_3 to 2024-01-01 00:00:00+00:00, run_after=2024-01-02 00:00:00+00:00
[2025-03-17T10:47:53.359+0000] {processor.py:183} INFO - Processing /opt/airflow/dags/5_5_house_assignment.py took 0.768 seconds
[2025-03-17T10:48:24.977+0000] {processor.py:161} INFO - Started process (PID=190) to work on /opt/airflow/dags/5_5_house_assignment.py
[2025-03-17T10:48:24.978+0000] {processor.py:830} INFO - Processing file /opt/airflow/dags/5_5_house_assignment.py for tasks to queue
[2025-03-17T10:48:24.979+0000] {logging_mixin.py:188} INFO - [2025-03-17T10:48:24.979+0000] {dagbag.py:538} INFO - Filling up the DagBag from /opt/airflow/dags/5_5_house_assignment.py
[2025-03-17T10:48:25.645+0000] {logging_mixin.py:188} INFO - [2025-03-17T10:48:25.644+0000] {base.py:83} INFO - Using connection ID 'clickhouse_default' for task execution.
[2025-03-17T10:48:25.648+0000] {logging_mixin.py:188} INFO - [2025-03-17T10:48:25.648+0000] {base.py:83} INFO - Using connection ID 'clickhouse_default' for task execution.
[2025-03-17T10:48:25.651+0000] {logging_mixin.py:188} INFO - [2025-03-17T10:48:25.650+0000] {base.py:83} INFO - Using connection ID 'clickhouse_default' for task execution.
[2025-03-17T10:48:25.653+0000] {logging_mixin.py:188} INFO - [2025-03-17T10:48:25.653+0000] {base.py:83} INFO - Using connection ID 'clickhouse_default' for task execution.
[2025-03-17T10:48:25.663+0000] {processor.py:840} INFO - DAG(s) '0_Examples_5_4_1_ETL_3' retrieved from /opt/airflow/dags/5_5_house_assignment.py
[2025-03-17T10:48:25.747+0000] {logging_mixin.py:188} INFO - [2025-03-17T10:48:25.747+0000] {dag.py:3036} INFO - Sync 1 DAGs
[2025-03-17T10:48:25.765+0000] {logging_mixin.py:188} INFO - [2025-03-17T10:48:25.765+0000] {dag.py:3823} INFO - Setting next_dagrun for 0_Examples_5_4_1_ETL_3 to 2024-01-01 00:00:00+00:00, run_after=2024-01-02 00:00:00+00:00
[2025-03-17T10:48:25.805+0000] {processor.py:183} INFO - Processing /opt/airflow/dags/5_5_house_assignment.py took 0.795 seconds
[2025-03-17T10:48:56.042+0000] {processor.py:161} INFO - Started process (PID=214) to work on /opt/airflow/dags/5_5_house_assignment.py
[2025-03-17T10:48:56.043+0000] {processor.py:830} INFO - Processing file /opt/airflow/dags/5_5_house_assignment.py for tasks to queue
[2025-03-17T10:48:56.044+0000] {logging_mixin.py:188} INFO - [2025-03-17T10:48:56.044+0000] {dagbag.py:538} INFO - Filling up the DagBag from /opt/airflow/dags/5_5_house_assignment.py
[2025-03-17T10:48:56.588+0000] {logging_mixin.py:188} INFO - [2025-03-17T10:48:56.587+0000] {base.py:83} INFO - Using connection ID 'clickhouse_default' for task execution.
[2025-03-17T10:48:56.590+0000] {logging_mixin.py:188} INFO - [2025-03-17T10:48:56.589+0000] {base.py:83} INFO - Using connection ID 'clickhouse_default' for task execution.
[2025-03-17T10:48:56.591+0000] {logging_mixin.py:188} INFO - [2025-03-17T10:48:56.591+0000] {base.py:83} INFO - Using connection ID 'clickhouse_default' for task execution.
[2025-03-17T10:48:56.593+0000] {logging_mixin.py:188} INFO - [2025-03-17T10:48:56.593+0000] {base.py:83} INFO - Using connection ID 'clickhouse_default' for task execution.
[2025-03-17T10:48:56.600+0000] {processor.py:840} INFO - DAG(s) '0_Examples_5_4_1_ETL_3' retrieved from /opt/airflow/dags/5_5_house_assignment.py
[2025-03-17T10:48:56.665+0000] {logging_mixin.py:188} INFO - [2025-03-17T10:48:56.665+0000] {dag.py:3036} INFO - Sync 1 DAGs
[2025-03-17T10:48:56.678+0000] {logging_mixin.py:188} INFO - [2025-03-17T10:48:56.678+0000] {dag.py:3823} INFO - Setting next_dagrun for 0_Examples_5_4_1_ETL_3 to 2024-01-01 00:00:00+00:00, run_after=2024-01-02 00:00:00+00:00
[2025-03-17T10:48:56.707+0000] {processor.py:183} INFO - Processing /opt/airflow/dags/5_5_house_assignment.py took 0.667 seconds
[2025-03-17T10:49:27.975+0000] {processor.py:161} INFO - Started process (PID=238) to work on /opt/airflow/dags/5_5_house_assignment.py
[2025-03-17T10:49:27.977+0000] {processor.py:830} INFO - Processing file /opt/airflow/dags/5_5_house_assignment.py for tasks to queue
[2025-03-17T10:49:27.979+0000] {logging_mixin.py:188} INFO - [2025-03-17T10:49:27.978+0000] {dagbag.py:538} INFO - Filling up the DagBag from /opt/airflow/dags/5_5_house_assignment.py
[2025-03-17T10:49:28.781+0000] {logging_mixin.py:188} INFO - [2025-03-17T10:49:28.780+0000] {base.py:83} INFO - Using connection ID 'clickhouse_default' for task execution.
[2025-03-17T10:49:28.784+0000] {logging_mixin.py:188} INFO - [2025-03-17T10:49:28.784+0000] {base.py:83} INFO - Using connection ID 'clickhouse_default' for task execution.
[2025-03-17T10:49:28.786+0000] {logging_mixin.py:188} INFO - [2025-03-17T10:49:28.786+0000] {base.py:83} INFO - Using connection ID 'clickhouse_default' for task execution.
[2025-03-17T10:49:28.789+0000] {logging_mixin.py:188} INFO - [2025-03-17T10:49:28.789+0000] {base.py:83} INFO - Using connection ID 'clickhouse_default' for task execution.
[2025-03-17T10:49:28.799+0000] {processor.py:840} INFO - DAG(s) '0_Examples_5_4_1_ETL_3' retrieved from /opt/airflow/dags/5_5_house_assignment.py
[2025-03-17T10:49:28.812+0000] {logging_mixin.py:188} INFO - [2025-03-17T10:49:28.811+0000] {dag.py:3036} INFO - Sync 1 DAGs
[2025-03-17T10:49:28.834+0000] {logging_mixin.py:188} INFO - [2025-03-17T10:49:28.833+0000] {dag.py:3823} INFO - Setting next_dagrun for 0_Examples_5_4_1_ETL_3 to 2024-01-01 00:00:00+00:00, run_after=2024-01-02 00:00:00+00:00
[2025-03-17T10:49:28.874+0000] {processor.py:183} INFO - Processing /opt/airflow/dags/5_5_house_assignment.py took 0.903 seconds
[2025-03-17T10:49:59.844+0000] {processor.py:161} INFO - Started process (PID=262) to work on /opt/airflow/dags/5_5_house_assignment.py
[2025-03-17T10:49:59.845+0000] {processor.py:830} INFO - Processing file /opt/airflow/dags/5_5_house_assignment.py for tasks to queue
[2025-03-17T10:49:59.845+0000] {logging_mixin.py:188} INFO - [2025-03-17T10:49:59.845+0000] {dagbag.py:538} INFO - Filling up the DagBag from /opt/airflow/dags/5_5_house_assignment.py
[2025-03-17T10:50:00.383+0000] {logging_mixin.py:188} INFO - [2025-03-17T10:50:00.382+0000] {base.py:83} INFO - Using connection ID 'clickhouse_default' for task execution.
[2025-03-17T10:50:00.386+0000] {logging_mixin.py:188} INFO - [2025-03-17T10:50:00.386+0000] {base.py:83} INFO - Using connection ID 'clickhouse_default' for task execution.
[2025-03-17T10:50:00.389+0000] {logging_mixin.py:188} INFO - [2025-03-17T10:50:00.388+0000] {base.py:83} INFO - Using connection ID 'clickhouse_default' for task execution.
[2025-03-17T10:50:00.391+0000] {logging_mixin.py:188} INFO - [2025-03-17T10:50:00.391+0000] {base.py:83} INFO - Using connection ID 'clickhouse_default' for task execution.
[2025-03-17T10:50:00.400+0000] {processor.py:840} INFO - DAG(s) '0_Examples_5_4_1_ETL_3' retrieved from /opt/airflow/dags/5_5_house_assignment.py
[2025-03-17T10:50:00.413+0000] {logging_mixin.py:188} INFO - [2025-03-17T10:50:00.413+0000] {dag.py:3036} INFO - Sync 1 DAGs
[2025-03-17T10:50:00.430+0000] {logging_mixin.py:188} INFO - [2025-03-17T10:50:00.430+0000] {dag.py:3823} INFO - Setting next_dagrun for 0_Examples_5_4_1_ETL_3 to 2024-01-01 00:00:00+00:00, run_after=2024-01-02 00:00:00+00:00
[2025-03-17T10:50:00.468+0000] {processor.py:183} INFO - Processing /opt/airflow/dags/5_5_house_assignment.py took 0.627 seconds
[2025-03-17T10:50:30.918+0000] {processor.py:161} INFO - Started process (PID=286) to work on /opt/airflow/dags/5_5_house_assignment.py
[2025-03-17T10:50:30.919+0000] {processor.py:830} INFO - Processing file /opt/airflow/dags/5_5_house_assignment.py for tasks to queue
[2025-03-17T10:50:30.920+0000] {logging_mixin.py:188} INFO - [2025-03-17T10:50:30.920+0000] {dagbag.py:538} INFO - Filling up the DagBag from /opt/airflow/dags/5_5_house_assignment.py
[2025-03-17T10:50:31.424+0000] {logging_mixin.py:188} INFO - [2025-03-17T10:50:31.423+0000] {base.py:83} INFO - Using connection ID 'clickhouse_default' for task execution.
[2025-03-17T10:50:31.425+0000] {logging_mixin.py:188} INFO - [2025-03-17T10:50:31.425+0000] {base.py:83} INFO - Using connection ID 'clickhouse_default' for task execution.
[2025-03-17T10:50:31.427+0000] {logging_mixin.py:188} INFO - [2025-03-17T10:50:31.427+0000] {base.py:83} INFO - Using connection ID 'clickhouse_default' for task execution.
[2025-03-17T10:50:31.428+0000] {logging_mixin.py:188} INFO - [2025-03-17T10:50:31.428+0000] {base.py:83} INFO - Using connection ID 'clickhouse_default' for task execution.
[2025-03-17T10:50:31.435+0000] {processor.py:840} INFO - DAG(s) '0_Examples_5_4_1_ETL_3' retrieved from /opt/airflow/dags/5_5_house_assignment.py
[2025-03-17T10:50:31.495+0000] {logging_mixin.py:188} INFO - [2025-03-17T10:50:31.494+0000] {dag.py:3036} INFO - Sync 1 DAGs
[2025-03-17T10:50:31.508+0000] {logging_mixin.py:188} INFO - [2025-03-17T10:50:31.507+0000] {dag.py:3823} INFO - Setting next_dagrun for 0_Examples_5_4_1_ETL_3 to 2024-01-01 00:00:00+00:00, run_after=2024-01-02 00:00:00+00:00
[2025-03-17T10:50:31.535+0000] {processor.py:183} INFO - Processing /opt/airflow/dags/5_5_house_assignment.py took 0.619 seconds
[2025-03-17T10:51:01.978+0000] {processor.py:161} INFO - Started process (PID=310) to work on /opt/airflow/dags/5_5_house_assignment.py
[2025-03-17T10:51:01.979+0000] {processor.py:830} INFO - Processing file /opt/airflow/dags/5_5_house_assignment.py for tasks to queue
[2025-03-17T10:51:01.980+0000] {logging_mixin.py:188} INFO - [2025-03-17T10:51:01.980+0000] {dagbag.py:538} INFO - Filling up the DagBag from /opt/airflow/dags/5_5_house_assignment.py
[2025-03-17T10:51:02.455+0000] {logging_mixin.py:188} INFO - [2025-03-17T10:51:02.455+0000] {base.py:83} INFO - Using connection ID 'clickhouse_default' for task execution.
[2025-03-17T10:51:02.457+0000] {logging_mixin.py:188} INFO - [2025-03-17T10:51:02.457+0000] {base.py:83} INFO - Using connection ID 'clickhouse_default' for task execution.
[2025-03-17T10:51:02.458+0000] {logging_mixin.py:188} INFO - [2025-03-17T10:51:02.458+0000] {base.py:83} INFO - Using connection ID 'clickhouse_default' for task execution.
[2025-03-17T10:51:02.460+0000] {logging_mixin.py:188} INFO - [2025-03-17T10:51:02.460+0000] {base.py:83} INFO - Using connection ID 'clickhouse_default' for task execution.
[2025-03-17T10:51:02.468+0000] {processor.py:840} INFO - DAG(s) '0_Examples_5_4_1_ETL_3' retrieved from /opt/airflow/dags/5_5_house_assignment.py
[2025-03-17T10:51:02.549+0000] {logging_mixin.py:188} INFO - [2025-03-17T10:51:02.548+0000] {dag.py:3036} INFO - Sync 1 DAGs
[2025-03-17T10:51:02.562+0000] {logging_mixin.py:188} INFO - [2025-03-17T10:51:02.561+0000] {dag.py:3823} INFO - Setting next_dagrun for 0_Examples_5_4_1_ETL_3 to 2024-01-01 00:00:00+00:00, run_after=2024-01-02 00:00:00+00:00
[2025-03-17T10:51:02.589+0000] {processor.py:183} INFO - Processing /opt/airflow/dags/5_5_house_assignment.py took 0.613 seconds
[2025-03-17T10:51:32.958+0000] {processor.py:161} INFO - Started process (PID=334) to work on /opt/airflow/dags/5_5_house_assignment.py
[2025-03-17T10:51:32.959+0000] {processor.py:830} INFO - Processing file /opt/airflow/dags/5_5_house_assignment.py for tasks to queue
[2025-03-17T10:51:32.960+0000] {logging_mixin.py:188} INFO - [2025-03-17T10:51:32.959+0000] {dagbag.py:538} INFO - Filling up the DagBag from /opt/airflow/dags/5_5_house_assignment.py
[2025-03-17T10:51:33.500+0000] {logging_mixin.py:188} INFO - [2025-03-17T10:51:33.499+0000] {base.py:83} INFO - Using connection ID 'clickhouse_default' for task execution.
[2025-03-17T10:51:33.502+0000] {logging_mixin.py:188} INFO - [2025-03-17T10:51:33.502+0000] {base.py:83} INFO - Using connection ID 'clickhouse_default' for task execution.
[2025-03-17T10:51:33.504+0000] {logging_mixin.py:188} INFO - [2025-03-17T10:51:33.504+0000] {base.py:83} INFO - Using connection ID 'clickhouse_default' for task execution.
[2025-03-17T10:51:33.506+0000] {logging_mixin.py:188} INFO - [2025-03-17T10:51:33.506+0000] {base.py:83} INFO - Using connection ID 'clickhouse_default' for task execution.
[2025-03-17T10:51:33.514+0000] {processor.py:840} INFO - DAG(s) '0_Examples_5_4_1_ETL_3' retrieved from /opt/airflow/dags/5_5_house_assignment.py
[2025-03-17T10:51:33.599+0000] {logging_mixin.py:188} INFO - [2025-03-17T10:51:33.599+0000] {dag.py:3036} INFO - Sync 1 DAGs
[2025-03-17T10:51:33.621+0000] {logging_mixin.py:188} INFO - [2025-03-17T10:51:33.621+0000] {dag.py:3823} INFO - Setting next_dagrun for 0_Examples_5_4_1_ETL_3 to 2024-01-01 00:00:00+00:00, run_after=2024-01-02 00:00:00+00:00
[2025-03-17T10:51:33.646+0000] {processor.py:183} INFO - Processing /opt/airflow/dags/5_5_house_assignment.py took 0.690 seconds
[2025-03-17T10:52:04.026+0000] {processor.py:161} INFO - Started process (PID=358) to work on /opt/airflow/dags/5_5_house_assignment.py
[2025-03-17T10:52:04.027+0000] {processor.py:830} INFO - Processing file /opt/airflow/dags/5_5_house_assignment.py for tasks to queue
[2025-03-17T10:52:04.028+0000] {logging_mixin.py:188} INFO - [2025-03-17T10:52:04.027+0000] {dagbag.py:538} INFO - Filling up the DagBag from /opt/airflow/dags/5_5_house_assignment.py
[2025-03-17T10:52:04.518+0000] {logging_mixin.py:188} INFO - [2025-03-17T10:52:04.518+0000] {base.py:83} INFO - Using connection ID 'clickhouse_default' for task execution.
[2025-03-17T10:52:04.520+0000] {logging_mixin.py:188} INFO - [2025-03-17T10:52:04.520+0000] {base.py:83} INFO - Using connection ID 'clickhouse_default' for task execution.
[2025-03-17T10:52:04.521+0000] {logging_mixin.py:188} INFO - [2025-03-17T10:52:04.521+0000] {base.py:83} INFO - Using connection ID 'clickhouse_default' for task execution.
[2025-03-17T10:52:04.523+0000] {logging_mixin.py:188} INFO - [2025-03-17T10:52:04.523+0000] {base.py:83} INFO - Using connection ID 'clickhouse_default' for task execution.
[2025-03-17T10:52:04.530+0000] {processor.py:840} INFO - DAG(s) '0_Examples_5_4_1_ETL_3' retrieved from /opt/airflow/dags/5_5_house_assignment.py
[2025-03-17T10:52:04.593+0000] {logging_mixin.py:188} INFO - [2025-03-17T10:52:04.592+0000] {dag.py:3036} INFO - Sync 1 DAGs
[2025-03-17T10:52:04.604+0000] {logging_mixin.py:188} INFO - [2025-03-17T10:52:04.604+0000] {dag.py:3823} INFO - Setting next_dagrun for 0_Examples_5_4_1_ETL_3 to 2024-01-01 00:00:00+00:00, run_after=2024-01-02 00:00:00+00:00
[2025-03-17T10:52:04.621+0000] {processor.py:183} INFO - Processing /opt/airflow/dags/5_5_house_assignment.py took 0.598 seconds
[2025-03-17T10:52:34.953+0000] {processor.py:161} INFO - Started process (PID=382) to work on /opt/airflow/dags/5_5_house_assignment.py
[2025-03-17T10:52:34.954+0000] {processor.py:830} INFO - Processing file /opt/airflow/dags/5_5_house_assignment.py for tasks to queue
[2025-03-17T10:52:34.955+0000] {logging_mixin.py:188} INFO - [2025-03-17T10:52:34.955+0000] {dagbag.py:538} INFO - Filling up the DagBag from /opt/airflow/dags/5_5_house_assignment.py
[2025-03-17T10:52:35.496+0000] {logging_mixin.py:188} INFO - [2025-03-17T10:52:35.495+0000] {base.py:83} INFO - Using connection ID 'clickhouse_default' for task execution.
[2025-03-17T10:52:35.499+0000] {logging_mixin.py:188} INFO - [2025-03-17T10:52:35.499+0000] {base.py:83} INFO - Using connection ID 'clickhouse_default' for task execution.
[2025-03-17T10:52:35.501+0000] {logging_mixin.py:188} INFO - [2025-03-17T10:52:35.501+0000] {base.py:83} INFO - Using connection ID 'clickhouse_default' for task execution.
[2025-03-17T10:52:35.502+0000] {logging_mixin.py:188} INFO - [2025-03-17T10:52:35.502+0000] {base.py:83} INFO - Using connection ID 'clickhouse_default' for task execution.
[2025-03-17T10:52:35.510+0000] {processor.py:840} INFO - DAG(s) '0_Examples_5_4_1_ETL_3' retrieved from /opt/airflow/dags/5_5_house_assignment.py
[2025-03-17T10:52:35.521+0000] {logging_mixin.py:188} INFO - [2025-03-17T10:52:35.521+0000] {dag.py:3036} INFO - Sync 1 DAGs
[2025-03-17T10:52:35.538+0000] {logging_mixin.py:188} INFO - [2025-03-17T10:52:35.537+0000] {dag.py:3823} INFO - Setting next_dagrun for 0_Examples_5_4_1_ETL_3 to 2024-01-01 00:00:00+00:00, run_after=2024-01-02 00:00:00+00:00
[2025-03-17T10:52:35.563+0000] {processor.py:183} INFO - Processing /opt/airflow/dags/5_5_house_assignment.py took 0.612 seconds
[2025-03-17T10:53:06.133+0000] {processor.py:161} INFO - Started process (PID=406) to work on /opt/airflow/dags/5_5_house_assignment.py
[2025-03-17T10:53:06.135+0000] {processor.py:830} INFO - Processing file /opt/airflow/dags/5_5_house_assignment.py for tasks to queue
[2025-03-17T10:53:06.137+0000] {logging_mixin.py:188} INFO - [2025-03-17T10:53:06.136+0000] {dagbag.py:538} INFO - Filling up the DagBag from /opt/airflow/dags/5_5_house_assignment.py
[2025-03-17T10:53:06.936+0000] {logging_mixin.py:188} INFO - [2025-03-17T10:53:06.935+0000] {base.py:83} INFO - Using connection ID 'clickhouse_default' for task execution.
[2025-03-17T10:53:06.940+0000] {logging_mixin.py:188} INFO - [2025-03-17T10:53:06.940+0000] {base.py:83} INFO - Using connection ID 'clickhouse_default' for task execution.
[2025-03-17T10:53:06.944+0000] {logging_mixin.py:188} INFO - [2025-03-17T10:53:06.944+0000] {base.py:83} INFO - Using connection ID 'clickhouse_default' for task execution.
[2025-03-17T10:53:06.949+0000] {logging_mixin.py:188} INFO - [2025-03-17T10:53:06.949+0000] {base.py:83} INFO - Using connection ID 'clickhouse_default' for task execution.
[2025-03-17T10:53:06.968+0000] {processor.py:840} INFO - DAG(s) '0_Examples_5_4_1_ETL_3' retrieved from /opt/airflow/dags/5_5_house_assignment.py
[2025-03-17T10:53:07.054+0000] {logging_mixin.py:188} INFO - [2025-03-17T10:53:07.053+0000] {dag.py:3036} INFO - Sync 1 DAGs
[2025-03-17T10:53:07.070+0000] {logging_mixin.py:188} INFO - [2025-03-17T10:53:07.069+0000] {dag.py:3823} INFO - Setting next_dagrun for 0_Examples_5_4_1_ETL_3 to 2024-01-01 00:00:00+00:00, run_after=2024-01-02 00:00:00+00:00
[2025-03-17T10:53:07.099+0000] {processor.py:183} INFO - Processing /opt/airflow/dags/5_5_house_assignment.py took 0.971 seconds
[2025-03-17T10:53:38.651+0000] {processor.py:161} INFO - Started process (PID=432) to work on /opt/airflow/dags/5_5_house_assignment.py
[2025-03-17T10:53:38.653+0000] {processor.py:830} INFO - Processing file /opt/airflow/dags/5_5_house_assignment.py for tasks to queue
[2025-03-17T10:53:38.655+0000] {logging_mixin.py:188} INFO - [2025-03-17T10:53:38.654+0000] {dagbag.py:538} INFO - Filling up the DagBag from /opt/airflow/dags/5_5_house_assignment.py
[2025-03-17T10:53:39.307+0000] {logging_mixin.py:188} INFO - [2025-03-17T10:53:39.307+0000] {base.py:83} INFO - Using connection ID 'clickhouse_default' for task execution.
[2025-03-17T10:53:39.310+0000] {logging_mixin.py:188} INFO - [2025-03-17T10:53:39.310+0000] {base.py:83} INFO - Using connection ID 'clickhouse_default' for task execution.
[2025-03-17T10:53:39.312+0000] {logging_mixin.py:188} INFO - [2025-03-17T10:53:39.312+0000] {base.py:83} INFO - Using connection ID 'clickhouse_default' for task execution.
[2025-03-17T10:53:39.313+0000] {logging_mixin.py:188} INFO - [2025-03-17T10:53:39.313+0000] {base.py:83} INFO - Using connection ID 'clickhouse_default' for task execution.
[2025-03-17T10:53:39.323+0000] {processor.py:840} INFO - DAG(s) '0_Examples_5_4_1_ETL_3' retrieved from /opt/airflow/dags/5_5_house_assignment.py
[2025-03-17T10:53:39.489+0000] {logging_mixin.py:188} INFO - [2025-03-17T10:53:39.489+0000] {dag.py:3036} INFO - Sync 1 DAGs
[2025-03-17T10:53:39.515+0000] {logging_mixin.py:188} INFO - [2025-03-17T10:53:39.514+0000] {dag.py:3823} INFO - Setting next_dagrun for 0_Examples_5_4_1_ETL_3 to 2024-01-01 00:00:00+00:00, run_after=2024-01-02 00:00:00+00:00
[2025-03-17T10:53:39.580+0000] {processor.py:183} INFO - Processing /opt/airflow/dags/5_5_house_assignment.py took 0.933 seconds
[2025-03-17T10:54:10.070+0000] {processor.py:161} INFO - Started process (PID=457) to work on /opt/airflow/dags/5_5_house_assignment.py
[2025-03-17T10:54:10.071+0000] {processor.py:830} INFO - Processing file /opt/airflow/dags/5_5_house_assignment.py for tasks to queue
[2025-03-17T10:54:10.072+0000] {logging_mixin.py:188} INFO - [2025-03-17T10:54:10.071+0000] {dagbag.py:538} INFO - Filling up the DagBag from /opt/airflow/dags/5_5_house_assignment.py
[2025-03-17T10:54:10.798+0000] {logging_mixin.py:188} INFO - [2025-03-17T10:54:10.797+0000] {base.py:83} INFO - Using connection ID 'clickhouse_default' for task execution.
[2025-03-17T10:54:10.801+0000] {logging_mixin.py:188} INFO - [2025-03-17T10:54:10.801+0000] {base.py:83} INFO - Using connection ID 'clickhouse_default' for task execution.
[2025-03-17T10:54:10.804+0000] {logging_mixin.py:188} INFO - [2025-03-17T10:54:10.804+0000] {base.py:83} INFO - Using connection ID 'clickhouse_default' for task execution.
[2025-03-17T10:54:10.809+0000] {logging_mixin.py:188} INFO - [2025-03-17T10:54:10.808+0000] {base.py:83} INFO - Using connection ID 'clickhouse_default' for task execution.
[2025-03-17T10:54:10.821+0000] {processor.py:840} INFO - DAG(s) '0_Examples_5_4_1_ETL_3' retrieved from /opt/airflow/dags/5_5_house_assignment.py
[2025-03-17T10:54:10.930+0000] {logging_mixin.py:188} INFO - [2025-03-17T10:54:10.929+0000] {dag.py:3036} INFO - Sync 1 DAGs
[2025-03-17T10:54:10.980+0000] {logging_mixin.py:188} INFO - [2025-03-17T10:54:10.980+0000] {dag.py:3823} INFO - Setting next_dagrun for 0_Examples_5_4_1_ETL_3 to 2024-01-01 00:00:00+00:00, run_after=2024-01-02 00:00:00+00:00
[2025-03-17T10:54:11.087+0000] {processor.py:183} INFO - Processing /opt/airflow/dags/5_5_house_assignment.py took 1.020 seconds
[2025-03-17T10:54:41.837+0000] {processor.py:161} INFO - Started process (PID=482) to work on /opt/airflow/dags/5_5_house_assignment.py
[2025-03-17T10:54:41.838+0000] {processor.py:830} INFO - Processing file /opt/airflow/dags/5_5_house_assignment.py for tasks to queue
[2025-03-17T10:54:41.839+0000] {logging_mixin.py:188} INFO - [2025-03-17T10:54:41.839+0000] {dagbag.py:538} INFO - Filling up the DagBag from /opt/airflow/dags/5_5_house_assignment.py
[2025-03-17T10:54:42.385+0000] {logging_mixin.py:188} INFO - [2025-03-17T10:54:42.384+0000] {base.py:83} INFO - Using connection ID 'clickhouse_default' for task execution.
[2025-03-17T10:54:42.387+0000] {logging_mixin.py:188} INFO - [2025-03-17T10:54:42.387+0000] {base.py:83} INFO - Using connection ID 'clickhouse_default' for task execution.
[2025-03-17T10:54:42.389+0000] {logging_mixin.py:188} INFO - [2025-03-17T10:54:42.389+0000] {base.py:83} INFO - Using connection ID 'clickhouse_default' for task execution.
[2025-03-17T10:54:42.390+0000] {logging_mixin.py:188} INFO - [2025-03-17T10:54:42.390+0000] {base.py:83} INFO - Using connection ID 'clickhouse_default' for task execution.
[2025-03-17T10:54:42.398+0000] {processor.py:840} INFO - DAG(s) '0_Examples_5_4_1_ETL_3' retrieved from /opt/airflow/dags/5_5_house_assignment.py
[2025-03-17T10:54:42.470+0000] {logging_mixin.py:188} INFO - [2025-03-17T10:54:42.470+0000] {dag.py:3036} INFO - Sync 1 DAGs
[2025-03-17T10:54:42.486+0000] {logging_mixin.py:188} INFO - [2025-03-17T10:54:42.486+0000] {dag.py:3823} INFO - Setting next_dagrun for 0_Examples_5_4_1_ETL_3 to 2024-01-01 00:00:00+00:00, run_after=2024-01-02 00:00:00+00:00
[2025-03-17T10:54:42.515+0000] {processor.py:183} INFO - Processing /opt/airflow/dags/5_5_house_assignment.py took 0.680 seconds
[2025-03-17T10:55:12.841+0000] {processor.py:161} INFO - Started process (PID=507) to work on /opt/airflow/dags/5_5_house_assignment.py
[2025-03-17T10:55:12.843+0000] {processor.py:830} INFO - Processing file /opt/airflow/dags/5_5_house_assignment.py for tasks to queue
[2025-03-17T10:55:12.844+0000] {logging_mixin.py:188} INFO - [2025-03-17T10:55:12.844+0000] {dagbag.py:538} INFO - Filling up the DagBag from /opt/airflow/dags/5_5_house_assignment.py
[2025-03-17T10:55:13.373+0000] {logging_mixin.py:188} INFO - [2025-03-17T10:55:13.372+0000] {base.py:83} INFO - Using connection ID 'clickhouse_default' for task execution.
[2025-03-17T10:55:13.375+0000] {logging_mixin.py:188} INFO - [2025-03-17T10:55:13.375+0000] {base.py:83} INFO - Using connection ID 'clickhouse_default' for task execution.
[2025-03-17T10:55:13.377+0000] {logging_mixin.py:188} INFO - [2025-03-17T10:55:13.377+0000] {base.py:83} INFO - Using connection ID 'clickhouse_default' for task execution.
[2025-03-17T10:55:13.379+0000] {logging_mixin.py:188} INFO - [2025-03-17T10:55:13.378+0000] {base.py:83} INFO - Using connection ID 'clickhouse_default' for task execution.
[2025-03-17T10:55:13.386+0000] {processor.py:840} INFO - DAG(s) '0_Examples_5_4_1_ETL_3' retrieved from /opt/airflow/dags/5_5_house_assignment.py
[2025-03-17T10:55:13.453+0000] {logging_mixin.py:188} INFO - [2025-03-17T10:55:13.453+0000] {dag.py:3036} INFO - Sync 1 DAGs
[2025-03-17T10:55:13.466+0000] {logging_mixin.py:188} INFO - [2025-03-17T10:55:13.466+0000] {dag.py:3823} INFO - Setting next_dagrun for 0_Examples_5_4_1_ETL_3 to 2024-01-01 00:00:00+00:00, run_after=2024-01-02 00:00:00+00:00
[2025-03-17T10:55:13.488+0000] {processor.py:183} INFO - Processing /opt/airflow/dags/5_5_house_assignment.py took 0.651 seconds
[2025-03-17T10:55:43.744+0000] {processor.py:161} INFO - Started process (PID=532) to work on /opt/airflow/dags/5_5_house_assignment.py
[2025-03-17T10:55:43.745+0000] {processor.py:830} INFO - Processing file /opt/airflow/dags/5_5_house_assignment.py for tasks to queue
[2025-03-17T10:55:43.746+0000] {logging_mixin.py:188} INFO - [2025-03-17T10:55:43.746+0000] {dagbag.py:538} INFO - Filling up the DagBag from /opt/airflow/dags/5_5_house_assignment.py
[2025-03-17T10:55:44.341+0000] {logging_mixin.py:188} INFO - [2025-03-17T10:55:44.340+0000] {base.py:83} INFO - Using connection ID 'clickhouse_default' for task execution.
[2025-03-17T10:55:44.343+0000] {logging_mixin.py:188} INFO - [2025-03-17T10:55:44.343+0000] {base.py:83} INFO - Using connection ID 'clickhouse_default' for task execution.
[2025-03-17T10:55:44.345+0000] {logging_mixin.py:188} INFO - [2025-03-17T10:55:44.345+0000] {base.py:83} INFO - Using connection ID 'clickhouse_default' for task execution.
[2025-03-17T10:55:44.347+0000] {logging_mixin.py:188} INFO - [2025-03-17T10:55:44.347+0000] {base.py:83} INFO - Using connection ID 'clickhouse_default' for task execution.
[2025-03-17T10:55:44.354+0000] {processor.py:840} INFO - DAG(s) '0_Examples_5_4_1_ETL_3' retrieved from /opt/airflow/dags/5_5_house_assignment.py
[2025-03-17T10:55:44.424+0000] {logging_mixin.py:188} INFO - [2025-03-17T10:55:44.423+0000] {dag.py:3036} INFO - Sync 1 DAGs
[2025-03-17T10:55:44.440+0000] {logging_mixin.py:188} INFO - [2025-03-17T10:55:44.439+0000] {dag.py:3823} INFO - Setting next_dagrun for 0_Examples_5_4_1_ETL_3 to 2024-01-01 00:00:00+00:00, run_after=2024-01-02 00:00:00+00:00
[2025-03-17T10:55:44.459+0000] {processor.py:183} INFO - Processing /opt/airflow/dags/5_5_house_assignment.py took 0.718 seconds
[2025-03-17T10:56:14.801+0000] {processor.py:161} INFO - Started process (PID=557) to work on /opt/airflow/dags/5_5_house_assignment.py
[2025-03-17T10:56:14.802+0000] {processor.py:830} INFO - Processing file /opt/airflow/dags/5_5_house_assignment.py for tasks to queue
[2025-03-17T10:56:14.803+0000] {logging_mixin.py:188} INFO - [2025-03-17T10:56:14.803+0000] {dagbag.py:538} INFO - Filling up the DagBag from /opt/airflow/dags/5_5_house_assignment.py
[2025-03-17T10:56:15.340+0000] {logging_mixin.py:188} INFO - [2025-03-17T10:56:15.340+0000] {base.py:83} INFO - Using connection ID 'clickhouse_default' for task execution.
[2025-03-17T10:56:15.342+0000] {logging_mixin.py:188} INFO - [2025-03-17T10:56:15.342+0000] {base.py:83} INFO - Using connection ID 'clickhouse_default' for task execution.
[2025-03-17T10:56:15.344+0000] {logging_mixin.py:188} INFO - [2025-03-17T10:56:15.344+0000] {base.py:83} INFO - Using connection ID 'clickhouse_default' for task execution.
[2025-03-17T10:56:15.346+0000] {logging_mixin.py:188} INFO - [2025-03-17T10:56:15.346+0000] {base.py:83} INFO - Using connection ID 'clickhouse_default' for task execution.
[2025-03-17T10:56:15.356+0000] {processor.py:840} INFO - DAG(s) '0_Examples_5_4_1_ETL_3' retrieved from /opt/airflow/dags/5_5_house_assignment.py
[2025-03-17T10:56:15.366+0000] {logging_mixin.py:188} INFO - [2025-03-17T10:56:15.366+0000] {dag.py:3036} INFO - Sync 1 DAGs
[2025-03-17T10:56:15.384+0000] {logging_mixin.py:188} INFO - [2025-03-17T10:56:15.384+0000] {dag.py:3823} INFO - Setting next_dagrun for 0_Examples_5_4_1_ETL_3 to 2024-01-01 00:00:00+00:00, run_after=2024-01-02 00:00:00+00:00
[2025-03-17T10:56:15.409+0000] {processor.py:183} INFO - Processing /opt/airflow/dags/5_5_house_assignment.py took 0.610 seconds
[2025-03-17T10:56:45.754+0000] {processor.py:161} INFO - Started process (PID=582) to work on /opt/airflow/dags/5_5_house_assignment.py
[2025-03-17T10:56:45.755+0000] {processor.py:830} INFO - Processing file /opt/airflow/dags/5_5_house_assignment.py for tasks to queue
[2025-03-17T10:56:45.756+0000] {logging_mixin.py:188} INFO - [2025-03-17T10:56:45.755+0000] {dagbag.py:538} INFO - Filling up the DagBag from /opt/airflow/dags/5_5_house_assignment.py
[2025-03-17T10:56:46.285+0000] {logging_mixin.py:188} INFO - [2025-03-17T10:56:46.285+0000] {base.py:83} INFO - Using connection ID 'clickhouse_default' for task execution.
[2025-03-17T10:56:46.287+0000] {logging_mixin.py:188} INFO - [2025-03-17T10:56:46.287+0000] {base.py:83} INFO - Using connection ID 'clickhouse_default' for task execution.
[2025-03-17T10:56:46.289+0000] {logging_mixin.py:188} INFO - [2025-03-17T10:56:46.289+0000] {base.py:83} INFO - Using connection ID 'clickhouse_default' for task execution.
[2025-03-17T10:56:46.291+0000] {logging_mixin.py:188} INFO - [2025-03-17T10:56:46.291+0000] {base.py:83} INFO - Using connection ID 'clickhouse_default' for task execution.
[2025-03-17T10:56:46.299+0000] {processor.py:840} INFO - DAG(s) '0_Examples_5_4_1_ETL_3' retrieved from /opt/airflow/dags/5_5_house_assignment.py
[2025-03-17T10:56:46.308+0000] {logging_mixin.py:188} INFO - [2025-03-17T10:56:46.308+0000] {dag.py:3036} INFO - Sync 1 DAGs
[2025-03-17T10:56:46.321+0000] {logging_mixin.py:188} INFO - [2025-03-17T10:56:46.321+0000] {dag.py:3823} INFO - Setting next_dagrun for 0_Examples_5_4_1_ETL_3 to 2024-01-01 00:00:00+00:00, run_after=2024-01-02 00:00:00+00:00
[2025-03-17T10:56:46.342+0000] {processor.py:183} INFO - Processing /opt/airflow/dags/5_5_house_assignment.py took 0.591 seconds
[2025-03-17T10:57:16.684+0000] {processor.py:161} INFO - Started process (PID=607) to work on /opt/airflow/dags/5_5_house_assignment.py
[2025-03-17T10:57:16.685+0000] {processor.py:830} INFO - Processing file /opt/airflow/dags/5_5_house_assignment.py for tasks to queue
[2025-03-17T10:57:16.686+0000] {logging_mixin.py:188} INFO - [2025-03-17T10:57:16.686+0000] {dagbag.py:538} INFO - Filling up the DagBag from /opt/airflow/dags/5_5_house_assignment.py
[2025-03-17T10:57:17.170+0000] {logging_mixin.py:188} INFO - [2025-03-17T10:57:17.170+0000] {base.py:83} INFO - Using connection ID 'clickhouse_default' for task execution.
[2025-03-17T10:57:17.173+0000] {logging_mixin.py:188} INFO - [2025-03-17T10:57:17.172+0000] {base.py:83} INFO - Using connection ID 'clickhouse_default' for task execution.
[2025-03-17T10:57:17.174+0000] {logging_mixin.py:188} INFO - [2025-03-17T10:57:17.174+0000] {base.py:83} INFO - Using connection ID 'clickhouse_default' for task execution.
[2025-03-17T10:57:17.176+0000] {logging_mixin.py:188} INFO - [2025-03-17T10:57:17.176+0000] {base.py:83} INFO - Using connection ID 'clickhouse_default' for task execution.
[2025-03-17T10:57:17.184+0000] {processor.py:840} INFO - DAG(s) '0_Examples_5_4_1_ETL_3' retrieved from /opt/airflow/dags/5_5_house_assignment.py
[2025-03-17T10:57:17.195+0000] {logging_mixin.py:188} INFO - [2025-03-17T10:57:17.194+0000] {dag.py:3036} INFO - Sync 1 DAGs
[2025-03-17T10:57:17.216+0000] {logging_mixin.py:188} INFO - [2025-03-17T10:57:17.216+0000] {dag.py:3823} INFO - Setting next_dagrun for 0_Examples_5_4_1_ETL_3 to 2024-01-01 00:00:00+00:00, run_after=2024-01-02 00:00:00+00:00
[2025-03-17T10:57:17.241+0000] {processor.py:183} INFO - Processing /opt/airflow/dags/5_5_house_assignment.py took 0.559 seconds
[2025-03-17T10:57:47.803+0000] {processor.py:161} INFO - Started process (PID=632) to work on /opt/airflow/dags/5_5_house_assignment.py
[2025-03-17T10:57:47.805+0000] {processor.py:830} INFO - Processing file /opt/airflow/dags/5_5_house_assignment.py for tasks to queue
[2025-03-17T10:57:47.808+0000] {logging_mixin.py:188} INFO - [2025-03-17T10:57:47.807+0000] {dagbag.py:538} INFO - Filling up the DagBag from /opt/airflow/dags/5_5_house_assignment.py
[2025-03-17T10:57:48.736+0000] {logging_mixin.py:188} INFO - [2025-03-17T10:57:48.735+0000] {base.py:83} INFO - Using connection ID 'clickhouse_default' for task execution.
[2025-03-17T10:57:48.738+0000] {logging_mixin.py:188} INFO - [2025-03-17T10:57:48.738+0000] {base.py:83} INFO - Using connection ID 'clickhouse_default' for task execution.
[2025-03-17T10:57:48.739+0000] {logging_mixin.py:188} INFO - [2025-03-17T10:57:48.739+0000] {base.py:83} INFO - Using connection ID 'clickhouse_default' for task execution.
[2025-03-17T10:57:48.741+0000] {logging_mixin.py:188} INFO - [2025-03-17T10:57:48.741+0000] {base.py:83} INFO - Using connection ID 'clickhouse_default' for task execution.
[2025-03-17T10:57:48.748+0000] {processor.py:840} INFO - DAG(s) '0_Examples_5_4_1_ETL_3' retrieved from /opt/airflow/dags/5_5_house_assignment.py
[2025-03-17T10:57:48.757+0000] {logging_mixin.py:188} INFO - [2025-03-17T10:57:48.757+0000] {dag.py:3036} INFO - Sync 1 DAGs
[2025-03-17T10:57:48.771+0000] {logging_mixin.py:188} INFO - [2025-03-17T10:57:48.771+0000] {dag.py:3823} INFO - Setting next_dagrun for 0_Examples_5_4_1_ETL_3 to 2024-01-01 00:00:00+00:00, run_after=2024-01-02 00:00:00+00:00
[2025-03-17T10:57:48.791+0000] {processor.py:183} INFO - Processing /opt/airflow/dags/5_5_house_assignment.py took 0.998 seconds
[2025-03-17T10:58:19.853+0000] {processor.py:161} INFO - Started process (PID=657) to work on /opt/airflow/dags/5_5_house_assignment.py
[2025-03-17T10:58:19.854+0000] {processor.py:830} INFO - Processing file /opt/airflow/dags/5_5_house_assignment.py for tasks to queue
[2025-03-17T10:58:19.855+0000] {logging_mixin.py:188} INFO - [2025-03-17T10:58:19.855+0000] {dagbag.py:538} INFO - Filling up the DagBag from /opt/airflow/dags/5_5_house_assignment.py
[2025-03-17T10:58:20.558+0000] {logging_mixin.py:188} INFO - [2025-03-17T10:58:20.557+0000] {base.py:83} INFO - Using connection ID 'clickhouse_default' for task execution.
[2025-03-17T10:58:20.560+0000] {logging_mixin.py:188} INFO - [2025-03-17T10:58:20.560+0000] {base.py:83} INFO - Using connection ID 'clickhouse_default' for task execution.
[2025-03-17T10:58:20.562+0000] {logging_mixin.py:188} INFO - [2025-03-17T10:58:20.562+0000] {base.py:83} INFO - Using connection ID 'clickhouse_default' for task execution.
[2025-03-17T10:58:20.564+0000] {logging_mixin.py:188} INFO - [2025-03-17T10:58:20.564+0000] {base.py:83} INFO - Using connection ID 'clickhouse_default' for task execution.
[2025-03-17T10:58:20.575+0000] {processor.py:840} INFO - DAG(s) '0_Examples_5_4_1_ETL_3' retrieved from /opt/airflow/dags/5_5_house_assignment.py
[2025-03-17T10:58:20.588+0000] {logging_mixin.py:188} INFO - [2025-03-17T10:58:20.588+0000] {dag.py:3036} INFO - Sync 1 DAGs
[2025-03-17T10:58:20.609+0000] {logging_mixin.py:188} INFO - [2025-03-17T10:58:20.608+0000] {dag.py:3823} INFO - Setting next_dagrun for 0_Examples_5_4_1_ETL_3 to 2024-01-01 00:00:00+00:00, run_after=2024-01-02 00:00:00+00:00
[2025-03-17T10:58:20.645+0000] {processor.py:183} INFO - Processing /opt/airflow/dags/5_5_house_assignment.py took 0.795 seconds
[2025-03-17T10:58:51.496+0000] {processor.py:161} INFO - Started process (PID=682) to work on /opt/airflow/dags/5_5_house_assignment.py
[2025-03-17T10:58:51.497+0000] {processor.py:830} INFO - Processing file /opt/airflow/dags/5_5_house_assignment.py for tasks to queue
[2025-03-17T10:58:51.499+0000] {logging_mixin.py:188} INFO - [2025-03-17T10:58:51.498+0000] {dagbag.py:538} INFO - Filling up the DagBag from /opt/airflow/dags/5_5_house_assignment.py
[2025-03-17T10:58:51.994+0000] {logging_mixin.py:188} INFO - [2025-03-17T10:58:51.994+0000] {base.py:83} INFO - Using connection ID 'clickhouse_default' for task execution.
[2025-03-17T10:58:51.996+0000] {logging_mixin.py:188} INFO - [2025-03-17T10:58:51.996+0000] {base.py:83} INFO - Using connection ID 'clickhouse_default' for task execution.
[2025-03-17T10:58:51.998+0000] {logging_mixin.py:188} INFO - [2025-03-17T10:58:51.998+0000] {base.py:83} INFO - Using connection ID 'clickhouse_default' for task execution.
[2025-03-17T10:58:51.999+0000] {logging_mixin.py:188} INFO - [2025-03-17T10:58:51.999+0000] {base.py:83} INFO - Using connection ID 'clickhouse_default' for task execution.
[2025-03-17T10:58:52.006+0000] {processor.py:840} INFO - DAG(s) '0_Examples_5_4_1_ETL_3' retrieved from /opt/airflow/dags/5_5_house_assignment.py
[2025-03-17T10:58:52.015+0000] {logging_mixin.py:188} INFO - [2025-03-17T10:58:52.015+0000] {dag.py:3036} INFO - Sync 1 DAGs
[2025-03-17T10:58:52.030+0000] {logging_mixin.py:188} INFO - [2025-03-17T10:58:52.029+0000] {dag.py:3823} INFO - Setting next_dagrun for 0_Examples_5_4_1_ETL_3 to 2024-01-01 00:00:00+00:00, run_after=2024-01-02 00:00:00+00:00
[2025-03-17T10:58:52.051+0000] {processor.py:183} INFO - Processing /opt/airflow/dags/5_5_house_assignment.py took 0.558 seconds
[2025-03-17T10:59:22.815+0000] {processor.py:161} INFO - Started process (PID=707) to work on /opt/airflow/dags/5_5_house_assignment.py
[2025-03-17T10:59:22.815+0000] {processor.py:830} INFO - Processing file /opt/airflow/dags/5_5_house_assignment.py for tasks to queue
[2025-03-17T10:59:22.816+0000] {logging_mixin.py:188} INFO - [2025-03-17T10:59:22.816+0000] {dagbag.py:538} INFO - Filling up the DagBag from /opt/airflow/dags/5_5_house_assignment.py
[2025-03-17T10:59:23.385+0000] {logging_mixin.py:188} INFO - [2025-03-17T10:59:23.384+0000] {base.py:83} INFO - Using connection ID 'clickhouse_default' for task execution.
[2025-03-17T10:59:23.389+0000] {logging_mixin.py:188} INFO - [2025-03-17T10:59:23.389+0000] {base.py:83} INFO - Using connection ID 'clickhouse_default' for task execution.
[2025-03-17T10:59:23.394+0000] {logging_mixin.py:188} INFO - [2025-03-17T10:59:23.393+0000] {base.py:83} INFO - Using connection ID 'clickhouse_default' for task execution.
[2025-03-17T10:59:23.397+0000] {logging_mixin.py:188} INFO - [2025-03-17T10:59:23.397+0000] {base.py:83} INFO - Using connection ID 'clickhouse_default' for task execution.
[2025-03-17T10:59:23.408+0000] {processor.py:840} INFO - DAG(s) '0_Examples_5_4_1_ETL_3' retrieved from /opt/airflow/dags/5_5_house_assignment.py
[2025-03-17T10:59:23.426+0000] {logging_mixin.py:188} INFO - [2025-03-17T10:59:23.425+0000] {dag.py:3036} INFO - Sync 1 DAGs
[2025-03-17T10:59:23.445+0000] {logging_mixin.py:188} INFO - [2025-03-17T10:59:23.445+0000] {dag.py:3823} INFO - Setting next_dagrun for 0_Examples_5_4_1_ETL_3 to 2024-01-01 00:00:00+00:00, run_after=2024-01-02 00:00:00+00:00
[2025-03-17T10:59:23.480+0000] {processor.py:183} INFO - Processing /opt/airflow/dags/5_5_house_assignment.py took 0.668 seconds
[2025-03-17T10:59:54.563+0000] {processor.py:161} INFO - Started process (PID=732) to work on /opt/airflow/dags/5_5_house_assignment.py
[2025-03-17T10:59:54.564+0000] {processor.py:830} INFO - Processing file /opt/airflow/dags/5_5_house_assignment.py for tasks to queue
[2025-03-17T10:59:54.565+0000] {logging_mixin.py:188} INFO - [2025-03-17T10:59:54.565+0000] {dagbag.py:538} INFO - Filling up the DagBag from /opt/airflow/dags/5_5_house_assignment.py
[2025-03-17T10:59:55.151+0000] {logging_mixin.py:188} INFO - [2025-03-17T10:59:55.150+0000] {base.py:83} INFO - Using connection ID 'clickhouse_default' for task execution.
[2025-03-17T10:59:55.153+0000] {logging_mixin.py:188} INFO - [2025-03-17T10:59:55.153+0000] {base.py:83} INFO - Using connection ID 'clickhouse_default' for task execution.
[2025-03-17T10:59:55.155+0000] {logging_mixin.py:188} INFO - [2025-03-17T10:59:55.154+0000] {base.py:83} INFO - Using connection ID 'clickhouse_default' for task execution.
[2025-03-17T10:59:55.156+0000] {logging_mixin.py:188} INFO - [2025-03-17T10:59:55.156+0000] {base.py:83} INFO - Using connection ID 'clickhouse_default' for task execution.
[2025-03-17T10:59:55.164+0000] {processor.py:840} INFO - DAG(s) '0_Examples_5_4_1_ETL_3' retrieved from /opt/airflow/dags/5_5_house_assignment.py
[2025-03-17T10:59:55.175+0000] {logging_mixin.py:188} INFO - [2025-03-17T10:59:55.175+0000] {dag.py:3036} INFO - Sync 1 DAGs
[2025-03-17T10:59:55.192+0000] {logging_mixin.py:188} INFO - [2025-03-17T10:59:55.192+0000] {dag.py:3823} INFO - Setting next_dagrun for 0_Examples_5_4_1_ETL_3 to 2024-01-01 00:00:00+00:00, run_after=2024-01-02 00:00:00+00:00
[2025-03-17T10:59:55.220+0000] {processor.py:183} INFO - Processing /opt/airflow/dags/5_5_house_assignment.py took 0.660 seconds
[2025-03-17T11:00:27.164+0000] {processor.py:161} INFO - Started process (PID=759) to work on /opt/airflow/dags/5_5_house_assignment.py
[2025-03-17T11:00:27.166+0000] {processor.py:830} INFO - Processing file /opt/airflow/dags/5_5_house_assignment.py for tasks to queue
[2025-03-17T11:00:27.167+0000] {logging_mixin.py:188} INFO - [2025-03-17T11:00:27.167+0000] {dagbag.py:538} INFO - Filling up the DagBag from /opt/airflow/dags/5_5_house_assignment.py
[2025-03-17T11:00:27.809+0000] {logging_mixin.py:188} INFO - [2025-03-17T11:00:27.808+0000] {base.py:83} INFO - Using connection ID 'clickhouse_default' for task execution.
[2025-03-17T11:00:27.812+0000] {logging_mixin.py:188} INFO - [2025-03-17T11:00:27.811+0000] {base.py:83} INFO - Using connection ID 'clickhouse_default' for task execution.
[2025-03-17T11:00:27.814+0000] {logging_mixin.py:188} INFO - [2025-03-17T11:00:27.814+0000] {base.py:83} INFO - Using connection ID 'clickhouse_default' for task execution.
[2025-03-17T11:00:27.816+0000] {logging_mixin.py:188} INFO - [2025-03-17T11:00:27.816+0000] {base.py:83} INFO - Using connection ID 'clickhouse_default' for task execution.
[2025-03-17T11:00:27.824+0000] {processor.py:840} INFO - DAG(s) '0_Examples_5_4_1_ETL_3' retrieved from /opt/airflow/dags/5_5_house_assignment.py
[2025-03-17T11:00:27.838+0000] {logging_mixin.py:188} INFO - [2025-03-17T11:00:27.836+0000] {dag.py:3036} INFO - Sync 1 DAGs
[2025-03-17T11:00:27.854+0000] {logging_mixin.py:188} INFO - [2025-03-17T11:00:27.854+0000] {dag.py:3823} INFO - Setting next_dagrun for 0_Examples_5_4_1_ETL_3 to 2024-01-01 00:00:00+00:00, run_after=2024-01-02 00:00:00+00:00
[2025-03-17T11:00:27.880+0000] {processor.py:183} INFO - Processing /opt/airflow/dags/5_5_house_assignment.py took 0.719 seconds
[2025-03-17T11:00:58.835+0000] {processor.py:161} INFO - Started process (PID=784) to work on /opt/airflow/dags/5_5_house_assignment.py
[2025-03-17T11:00:58.836+0000] {processor.py:830} INFO - Processing file /opt/airflow/dags/5_5_house_assignment.py for tasks to queue
[2025-03-17T11:00:58.837+0000] {logging_mixin.py:188} INFO - [2025-03-17T11:00:58.837+0000] {dagbag.py:538} INFO - Filling up the DagBag from /opt/airflow/dags/5_5_house_assignment.py
[2025-03-17T11:00:59.446+0000] {logging_mixin.py:188} INFO - [2025-03-17T11:00:59.446+0000] {base.py:83} INFO - Using connection ID 'clickhouse_default' for task execution.
[2025-03-17T11:00:59.449+0000] {logging_mixin.py:188} INFO - [2025-03-17T11:00:59.448+0000] {base.py:83} INFO - Using connection ID 'clickhouse_default' for task execution.
[2025-03-17T11:00:59.451+0000] {logging_mixin.py:188} INFO - [2025-03-17T11:00:59.450+0000] {base.py:83} INFO - Using connection ID 'clickhouse_default' for task execution.
[2025-03-17T11:00:59.453+0000] {logging_mixin.py:188} INFO - [2025-03-17T11:00:59.453+0000] {base.py:83} INFO - Using connection ID 'clickhouse_default' for task execution.
[2025-03-17T11:00:59.461+0000] {processor.py:840} INFO - DAG(s) '0_Examples_5_4_1_ETL_3' retrieved from /opt/airflow/dags/5_5_house_assignment.py
[2025-03-17T11:00:59.473+0000] {logging_mixin.py:188} INFO - [2025-03-17T11:00:59.473+0000] {dag.py:3036} INFO - Sync 1 DAGs
[2025-03-17T11:00:59.491+0000] {logging_mixin.py:188} INFO - [2025-03-17T11:00:59.491+0000] {dag.py:3823} INFO - Setting next_dagrun for 0_Examples_5_4_1_ETL_3 to 2024-01-01 00:00:00+00:00, run_after=2024-01-02 00:00:00+00:00
[2025-03-17T11:00:59.521+0000] {processor.py:183} INFO - Processing /opt/airflow/dags/5_5_house_assignment.py took 0.689 seconds
[2025-03-17T11:01:29.663+0000] {processor.py:161} INFO - Started process (PID=813) to work on /opt/airflow/dags/5_5_house_assignment.py
[2025-03-17T11:01:29.665+0000] {processor.py:830} INFO - Processing file /opt/airflow/dags/5_5_house_assignment.py for tasks to queue
[2025-03-17T11:01:29.666+0000] {logging_mixin.py:188} INFO - [2025-03-17T11:01:29.665+0000] {dagbag.py:538} INFO - Filling up the DagBag from /opt/airflow/dags/5_5_house_assignment.py
[2025-03-17T11:01:30.373+0000] {logging_mixin.py:188} INFO - [2025-03-17T11:01:30.372+0000] {base.py:83} INFO - Using connection ID 'clickhouse_default' for task execution.
[2025-03-17T11:01:30.375+0000] {logging_mixin.py:188} INFO - [2025-03-17T11:01:30.375+0000] {base.py:83} INFO - Using connection ID 'clickhouse_default' for task execution.
[2025-03-17T11:01:30.377+0000] {logging_mixin.py:188} INFO - [2025-03-17T11:01:30.377+0000] {base.py:83} INFO - Using connection ID 'clickhouse_default' for task execution.
[2025-03-17T11:01:30.379+0000] {logging_mixin.py:188} INFO - [2025-03-17T11:01:30.379+0000] {base.py:83} INFO - Using connection ID 'clickhouse_default' for task execution.
[2025-03-17T11:01:30.390+0000] {processor.py:840} INFO - DAG(s) '0_Examples_5_4_1_ETL_3' retrieved from /opt/airflow/dags/5_5_house_assignment.py
[2025-03-17T11:01:30.408+0000] {logging_mixin.py:188} INFO - [2025-03-17T11:01:30.407+0000] {dag.py:3036} INFO - Sync 1 DAGs
[2025-03-17T11:01:30.430+0000] {logging_mixin.py:188} INFO - [2025-03-17T11:01:30.430+0000] {dag.py:3823} INFO - Setting next_dagrun for 0_Examples_5_4_1_ETL_3 to 2024-01-01 00:00:00+00:00, run_after=2024-01-02 00:00:00+00:00
[2025-03-17T11:01:30.463+0000] {processor.py:183} INFO - Processing /opt/airflow/dags/5_5_house_assignment.py took 0.803 seconds
[2025-03-17T11:02:00.960+0000] {processor.py:161} INFO - Started process (PID=838) to work on /opt/airflow/dags/5_5_house_assignment.py
[2025-03-17T11:02:00.961+0000] {processor.py:830} INFO - Processing file /opt/airflow/dags/5_5_house_assignment.py for tasks to queue
[2025-03-17T11:02:00.962+0000] {logging_mixin.py:188} INFO - [2025-03-17T11:02:00.962+0000] {dagbag.py:538} INFO - Filling up the DagBag from /opt/airflow/dags/5_5_house_assignment.py
[2025-03-17T11:02:01.551+0000] {logging_mixin.py:188} INFO - [2025-03-17T11:02:01.549+0000] {base.py:83} INFO - Using connection ID 'clickhouse_default' for task execution.
[2025-03-17T11:02:01.560+0000] {logging_mixin.py:188} INFO - [2025-03-17T11:02:01.559+0000] {base.py:83} INFO - Using connection ID 'clickhouse_default' for task execution.
[2025-03-17T11:02:01.570+0000] {logging_mixin.py:188} INFO - [2025-03-17T11:02:01.569+0000] {base.py:83} INFO - Using connection ID 'clickhouse_default' for task execution.
[2025-03-17T11:02:01.577+0000] {logging_mixin.py:188} INFO - [2025-03-17T11:02:01.577+0000] {base.py:83} INFO - Using connection ID 'clickhouse_default' for task execution.
[2025-03-17T11:02:01.609+0000] {processor.py:840} INFO - DAG(s) '0_Examples_5_4_1_ETL_3' retrieved from /opt/airflow/dags/5_5_house_assignment.py
[2025-03-17T11:02:01.777+0000] {logging_mixin.py:188} INFO - [2025-03-17T11:02:01.776+0000] {dag.py:3036} INFO - Sync 1 DAGs
[2025-03-17T11:02:01.816+0000] {logging_mixin.py:188} INFO - [2025-03-17T11:02:01.816+0000] {dag.py:3823} INFO - Setting next_dagrun for 0_Examples_5_4_1_ETL_3 to 2024-01-01 00:00:00+00:00, run_after=2024-01-02 00:00:00+00:00
[2025-03-17T11:02:01.869+0000] {processor.py:183} INFO - Processing /opt/airflow/dags/5_5_house_assignment.py took 0.912 seconds
[2025-03-17T11:02:32.280+0000] {processor.py:161} INFO - Started process (PID=865) to work on /opt/airflow/dags/5_5_house_assignment.py
[2025-03-17T11:02:32.281+0000] {processor.py:830} INFO - Processing file /opt/airflow/dags/5_5_house_assignment.py for tasks to queue
[2025-03-17T11:02:32.282+0000] {logging_mixin.py:188} INFO - [2025-03-17T11:02:32.282+0000] {dagbag.py:538} INFO - Filling up the DagBag from /opt/airflow/dags/5_5_house_assignment.py
[2025-03-17T11:02:33.077+0000] {logging_mixin.py:188} INFO - [2025-03-17T11:02:33.077+0000] {base.py:83} INFO - Using connection ID 'clickhouse_default' for task execution.
[2025-03-17T11:02:33.080+0000] {logging_mixin.py:188} INFO - [2025-03-17T11:02:33.080+0000] {base.py:83} INFO - Using connection ID 'clickhouse_default' for task execution.
[2025-03-17T11:02:33.083+0000] {logging_mixin.py:188} INFO - [2025-03-17T11:02:33.083+0000] {base.py:83} INFO - Using connection ID 'clickhouse_default' for task execution.
[2025-03-17T11:02:33.085+0000] {logging_mixin.py:188} INFO - [2025-03-17T11:02:33.085+0000] {base.py:83} INFO - Using connection ID 'clickhouse_default' for task execution.
[2025-03-17T11:02:33.098+0000] {processor.py:840} INFO - DAG(s) '0_Examples_5_4_1_ETL_3' retrieved from /opt/airflow/dags/5_5_house_assignment.py
[2025-03-17T11:02:33.115+0000] {logging_mixin.py:188} INFO - [2025-03-17T11:02:33.114+0000] {dag.py:3036} INFO - Sync 1 DAGs
[2025-03-17T11:02:33.152+0000] {logging_mixin.py:188} INFO - [2025-03-17T11:02:33.151+0000] {dag.py:3823} INFO - Setting next_dagrun for 0_Examples_5_4_1_ETL_3 to 2024-01-01 00:00:00+00:00, run_after=2024-01-02 00:00:00+00:00
[2025-03-17T11:02:33.236+0000] {processor.py:183} INFO - Processing /opt/airflow/dags/5_5_house_assignment.py took 0.959 seconds
[2025-03-17T11:03:03.402+0000] {processor.py:161} INFO - Started process (PID=890) to work on /opt/airflow/dags/5_5_house_assignment.py
[2025-03-17T11:03:03.403+0000] {processor.py:830} INFO - Processing file /opt/airflow/dags/5_5_house_assignment.py for tasks to queue
[2025-03-17T11:03:03.405+0000] {logging_mixin.py:188} INFO - [2025-03-17T11:03:03.405+0000] {dagbag.py:538} INFO - Filling up the DagBag from /opt/airflow/dags/5_5_house_assignment.py
[2025-03-17T11:03:04.223+0000] {logging_mixin.py:188} INFO - [2025-03-17T11:03:04.223+0000] {base.py:83} INFO - Using connection ID 'clickhouse_default' for task execution.
[2025-03-17T11:03:04.226+0000] {logging_mixin.py:188} INFO - [2025-03-17T11:03:04.226+0000] {base.py:83} INFO - Using connection ID 'clickhouse_default' for task execution.
[2025-03-17T11:03:04.230+0000] {logging_mixin.py:188} INFO - [2025-03-17T11:03:04.230+0000] {base.py:83} INFO - Using connection ID 'clickhouse_default' for task execution.
[2025-03-17T11:03:04.233+0000] {logging_mixin.py:188} INFO - [2025-03-17T11:03:04.233+0000] {base.py:83} INFO - Using connection ID 'clickhouse_default' for task execution.
[2025-03-17T11:03:04.246+0000] {processor.py:840} INFO - DAG(s) '0_Examples_5_4_1_ETL_3' retrieved from /opt/airflow/dags/5_5_house_assignment.py
[2025-03-17T11:03:04.341+0000] {logging_mixin.py:188} INFO - [2025-03-17T11:03:04.341+0000] {dag.py:3036} INFO - Sync 1 DAGs
[2025-03-17T11:03:04.359+0000] {logging_mixin.py:188} INFO - [2025-03-17T11:03:04.358+0000] {dag.py:3823} INFO - Setting next_dagrun for 0_Examples_5_4_1_ETL_3 to 2024-01-01 00:00:00+00:00, run_after=2024-01-02 00:00:00+00:00
[2025-03-17T11:03:04.388+0000] {processor.py:183} INFO - Processing /opt/airflow/dags/5_5_house_assignment.py took 0.990 seconds
[2025-03-17T11:03:34.627+0000] {processor.py:161} INFO - Started process (PID=915) to work on /opt/airflow/dags/5_5_house_assignment.py
[2025-03-17T11:03:34.628+0000] {processor.py:830} INFO - Processing file /opt/airflow/dags/5_5_house_assignment.py for tasks to queue
[2025-03-17T11:03:34.629+0000] {logging_mixin.py:188} INFO - [2025-03-17T11:03:34.629+0000] {dagbag.py:538} INFO - Filling up the DagBag from /opt/airflow/dags/5_5_house_assignment.py
[2025-03-17T11:03:35.166+0000] {logging_mixin.py:188} INFO - [2025-03-17T11:03:35.165+0000] {base.py:83} INFO - Using connection ID 'clickhouse_default' for task execution.
[2025-03-17T11:03:35.167+0000] {logging_mixin.py:188} INFO - [2025-03-17T11:03:35.167+0000] {base.py:83} INFO - Using connection ID 'clickhouse_default' for task execution.
[2025-03-17T11:03:35.169+0000] {logging_mixin.py:188} INFO - [2025-03-17T11:03:35.169+0000] {base.py:83} INFO - Using connection ID 'clickhouse_default' for task execution.
[2025-03-17T11:03:35.170+0000] {logging_mixin.py:188} INFO - [2025-03-17T11:03:35.170+0000] {base.py:83} INFO - Using connection ID 'clickhouse_default' for task execution.
[2025-03-17T11:03:35.177+0000] {processor.py:840} INFO - DAG(s) '0_Examples_5_4_1_ETL_3' retrieved from /opt/airflow/dags/5_5_house_assignment.py
[2025-03-17T11:03:35.246+0000] {logging_mixin.py:188} INFO - [2025-03-17T11:03:35.245+0000] {dag.py:3036} INFO - Sync 1 DAGs
[2025-03-17T11:03:35.263+0000] {logging_mixin.py:188} INFO - [2025-03-17T11:03:35.262+0000] {dag.py:3823} INFO - Setting next_dagrun for 0_Examples_5_4_1_ETL_3 to 2024-01-01 00:00:00+00:00, run_after=2024-01-02 00:00:00+00:00
[2025-03-17T11:03:35.283+0000] {processor.py:183} INFO - Processing /opt/airflow/dags/5_5_house_assignment.py took 0.660 seconds
[2025-03-17T11:04:05.571+0000] {processor.py:161} INFO - Started process (PID=940) to work on /opt/airflow/dags/5_5_house_assignment.py
[2025-03-17T11:04:05.572+0000] {processor.py:830} INFO - Processing file /opt/airflow/dags/5_5_house_assignment.py for tasks to queue
[2025-03-17T11:04:05.573+0000] {logging_mixin.py:188} INFO - [2025-03-17T11:04:05.573+0000] {dagbag.py:538} INFO - Filling up the DagBag from /opt/airflow/dags/5_5_house_assignment.py
[2025-03-17T11:04:06.146+0000] {logging_mixin.py:188} INFO - [2025-03-17T11:04:06.146+0000] {base.py:83} INFO - Using connection ID 'clickhouse_default' for task execution.
[2025-03-17T11:04:06.148+0000] {logging_mixin.py:188} INFO - [2025-03-17T11:04:06.148+0000] {base.py:83} INFO - Using connection ID 'clickhouse_default' for task execution.
[2025-03-17T11:04:06.150+0000] {logging_mixin.py:188} INFO - [2025-03-17T11:04:06.150+0000] {base.py:83} INFO - Using connection ID 'clickhouse_default' for task execution.
[2025-03-17T11:04:06.152+0000] {logging_mixin.py:188} INFO - [2025-03-17T11:04:06.152+0000] {base.py:83} INFO - Using connection ID 'clickhouse_default' for task execution.
[2025-03-17T11:04:06.159+0000] {processor.py:840} INFO - DAG(s) '0_Examples_5_4_1_ETL_3' retrieved from /opt/airflow/dags/5_5_house_assignment.py
[2025-03-17T11:04:06.170+0000] {logging_mixin.py:188} INFO - [2025-03-17T11:04:06.169+0000] {dag.py:3036} INFO - Sync 1 DAGs
[2025-03-17T11:04:06.183+0000] {logging_mixin.py:188} INFO - [2025-03-17T11:04:06.183+0000] {dag.py:3823} INFO - Setting next_dagrun for 0_Examples_5_4_1_ETL_3 to 2024-01-01 00:00:00+00:00, run_after=2024-01-02 00:00:00+00:00
[2025-03-17T11:04:06.204+0000] {processor.py:183} INFO - Processing /opt/airflow/dags/5_5_house_assignment.py took 0.636 seconds
[2025-03-17T11:04:36.968+0000] {processor.py:161} INFO - Started process (PID=965) to work on /opt/airflow/dags/5_5_house_assignment.py
[2025-03-17T11:04:36.969+0000] {processor.py:830} INFO - Processing file /opt/airflow/dags/5_5_house_assignment.py for tasks to queue
[2025-03-17T11:04:36.970+0000] {logging_mixin.py:188} INFO - [2025-03-17T11:04:36.970+0000] {dagbag.py:538} INFO - Filling up the DagBag from /opt/airflow/dags/5_5_house_assignment.py
[2025-03-17T11:04:37.474+0000] {logging_mixin.py:188} INFO - [2025-03-17T11:04:37.474+0000] {base.py:83} INFO - Using connection ID 'clickhouse_default' for task execution.
[2025-03-17T11:04:37.476+0000] {logging_mixin.py:188} INFO - [2025-03-17T11:04:37.476+0000] {base.py:83} INFO - Using connection ID 'clickhouse_default' for task execution.
[2025-03-17T11:04:37.477+0000] {logging_mixin.py:188} INFO - [2025-03-17T11:04:37.477+0000] {base.py:83} INFO - Using connection ID 'clickhouse_default' for task execution.
[2025-03-17T11:04:37.479+0000] {logging_mixin.py:188} INFO - [2025-03-17T11:04:37.478+0000] {base.py:83} INFO - Using connection ID 'clickhouse_default' for task execution.
[2025-03-17T11:04:37.485+0000] {processor.py:840} INFO - DAG(s) '0_Examples_5_4_1_ETL_3' retrieved from /opt/airflow/dags/5_5_house_assignment.py
[2025-03-17T11:04:37.546+0000] {logging_mixin.py:188} INFO - [2025-03-17T11:04:37.546+0000] {dag.py:3036} INFO - Sync 1 DAGs
[2025-03-17T11:04:37.560+0000] {logging_mixin.py:188} INFO - [2025-03-17T11:04:37.559+0000] {dag.py:3823} INFO - Setting next_dagrun for 0_Examples_5_4_1_ETL_3 to 2024-01-01 00:00:00+00:00, run_after=2024-01-02 00:00:00+00:00
[2025-03-17T11:04:37.584+0000] {processor.py:183} INFO - Processing /opt/airflow/dags/5_5_house_assignment.py took 0.619 seconds
[2025-03-17T11:05:07.760+0000] {processor.py:161} INFO - Started process (PID=992) to work on /opt/airflow/dags/5_5_house_assignment.py
[2025-03-17T11:05:07.761+0000] {processor.py:830} INFO - Processing file /opt/airflow/dags/5_5_house_assignment.py for tasks to queue
[2025-03-17T11:05:07.762+0000] {logging_mixin.py:188} INFO - [2025-03-17T11:05:07.762+0000] {dagbag.py:538} INFO - Filling up the DagBag from /opt/airflow/dags/5_5_house_assignment.py
[2025-03-17T11:05:08.353+0000] {logging_mixin.py:188} INFO - [2025-03-17T11:05:08.352+0000] {base.py:83} INFO - Using connection ID 'clickhouse_default' for task execution.
[2025-03-17T11:05:08.355+0000] {logging_mixin.py:188} INFO - [2025-03-17T11:05:08.355+0000] {base.py:83} INFO - Using connection ID 'clickhouse_default' for task execution.
[2025-03-17T11:05:08.357+0000] {logging_mixin.py:188} INFO - [2025-03-17T11:05:08.357+0000] {base.py:83} INFO - Using connection ID 'clickhouse_default' for task execution.
[2025-03-17T11:05:08.359+0000] {logging_mixin.py:188} INFO - [2025-03-17T11:05:08.359+0000] {base.py:83} INFO - Using connection ID 'clickhouse_default' for task execution.
[2025-03-17T11:05:08.367+0000] {processor.py:840} INFO - DAG(s) '0_Examples_5_4_1_ETL_3' retrieved from /opt/airflow/dags/5_5_house_assignment.py
[2025-03-17T11:05:08.381+0000] {logging_mixin.py:188} INFO - [2025-03-17T11:05:08.379+0000] {dag.py:3036} INFO - Sync 1 DAGs
[2025-03-17T11:05:08.396+0000] {logging_mixin.py:188} INFO - [2025-03-17T11:05:08.396+0000] {dag.py:3823} INFO - Setting next_dagrun for 0_Examples_5_4_1_ETL_3 to 2024-01-01 00:00:00+00:00, run_after=2024-01-02 00:00:00+00:00
[2025-03-17T11:05:08.422+0000] {processor.py:183} INFO - Processing /opt/airflow/dags/5_5_house_assignment.py took 0.665 seconds
[2025-03-17T11:05:39.156+0000] {processor.py:161} INFO - Started process (PID=1019) to work on /opt/airflow/dags/5_5_house_assignment.py
[2025-03-17T11:05:39.157+0000] {processor.py:830} INFO - Processing file /opt/airflow/dags/5_5_house_assignment.py for tasks to queue
[2025-03-17T11:05:39.158+0000] {logging_mixin.py:188} INFO - [2025-03-17T11:05:39.158+0000] {dagbag.py:538} INFO - Filling up the DagBag from /opt/airflow/dags/5_5_house_assignment.py
[2025-03-17T11:05:39.754+0000] {logging_mixin.py:188} INFO - [2025-03-17T11:05:39.753+0000] {base.py:83} INFO - Using connection ID 'clickhouse_default' for task execution.
[2025-03-17T11:05:39.756+0000] {logging_mixin.py:188} INFO - [2025-03-17T11:05:39.756+0000] {base.py:83} INFO - Using connection ID 'clickhouse_default' for task execution.
[2025-03-17T11:05:39.759+0000] {logging_mixin.py:188} INFO - [2025-03-17T11:05:39.759+0000] {base.py:83} INFO - Using connection ID 'clickhouse_default' for task execution.
[2025-03-17T11:05:39.761+0000] {logging_mixin.py:188} INFO - [2025-03-17T11:05:39.761+0000] {base.py:83} INFO - Using connection ID 'clickhouse_default' for task execution.
[2025-03-17T11:05:39.773+0000] {processor.py:840} INFO - DAG(s) '0_Examples_5_4_1_ETL_3' retrieved from /opt/airflow/dags/5_5_house_assignment.py
[2025-03-17T11:05:39.852+0000] {logging_mixin.py:188} INFO - [2025-03-17T11:05:39.851+0000] {dag.py:3036} INFO - Sync 1 DAGs
[2025-03-17T11:05:39.874+0000] {logging_mixin.py:188} INFO - [2025-03-17T11:05:39.874+0000] {dag.py:3823} INFO - Setting next_dagrun for 0_Examples_5_4_1_ETL_3 to 2024-01-01 00:00:00+00:00, run_after=2024-01-02 00:00:00+00:00
[2025-03-17T11:05:39.901+0000] {processor.py:183} INFO - Processing /opt/airflow/dags/5_5_house_assignment.py took 0.750 seconds
[2025-03-17T11:06:10.913+0000] {processor.py:161} INFO - Started process (PID=1044) to work on /opt/airflow/dags/5_5_house_assignment.py
[2025-03-17T11:06:10.914+0000] {processor.py:830} INFO - Processing file /opt/airflow/dags/5_5_house_assignment.py for tasks to queue
[2025-03-17T11:06:10.916+0000] {logging_mixin.py:188} INFO - [2025-03-17T11:06:10.915+0000] {dagbag.py:538} INFO - Filling up the DagBag from /opt/airflow/dags/5_5_house_assignment.py
[2025-03-17T11:06:11.485+0000] {logging_mixin.py:188} INFO - [2025-03-17T11:06:11.484+0000] {base.py:83} INFO - Using connection ID 'clickhouse_default' for task execution.
[2025-03-17T11:06:11.487+0000] {logging_mixin.py:188} INFO - [2025-03-17T11:06:11.487+0000] {base.py:83} INFO - Using connection ID 'clickhouse_default' for task execution.
[2025-03-17T11:06:11.489+0000] {logging_mixin.py:188} INFO - [2025-03-17T11:06:11.489+0000] {base.py:83} INFO - Using connection ID 'clickhouse_default' for task execution.
[2025-03-17T11:06:11.492+0000] {logging_mixin.py:188} INFO - [2025-03-17T11:06:11.491+0000] {base.py:83} INFO - Using connection ID 'clickhouse_default' for task execution.
[2025-03-17T11:06:11.500+0000] {processor.py:840} INFO - DAG(s) '0_Examples_5_4_1_ETL_3' retrieved from /opt/airflow/dags/5_5_house_assignment.py
[2025-03-17T11:06:11.578+0000] {logging_mixin.py:188} INFO - [2025-03-17T11:06:11.578+0000] {dag.py:3036} INFO - Sync 1 DAGs
[2025-03-17T11:06:11.596+0000] {logging_mixin.py:188} INFO - [2025-03-17T11:06:11.595+0000] {dag.py:3823} INFO - Setting next_dagrun for 0_Examples_5_4_1_ETL_3 to 2024-01-01 00:00:00+00:00, run_after=2024-01-02 00:00:00+00:00
[2025-03-17T11:06:11.623+0000] {processor.py:183} INFO - Processing /opt/airflow/dags/5_5_house_assignment.py took 0.714 seconds
[2025-03-17T11:06:42.125+0000] {processor.py:161} INFO - Started process (PID=1069) to work on /opt/airflow/dags/5_5_house_assignment.py
[2025-03-17T11:06:42.126+0000] {processor.py:830} INFO - Processing file /opt/airflow/dags/5_5_house_assignment.py for tasks to queue
[2025-03-17T11:06:42.127+0000] {logging_mixin.py:188} INFO - [2025-03-17T11:06:42.127+0000] {dagbag.py:538} INFO - Filling up the DagBag from /opt/airflow/dags/5_5_house_assignment.py
[2025-03-17T11:06:42.667+0000] {logging_mixin.py:188} INFO - [2025-03-17T11:06:42.666+0000] {base.py:83} INFO - Using connection ID 'clickhouse_default' for task execution.
[2025-03-17T11:06:42.669+0000] {logging_mixin.py:188} INFO - [2025-03-17T11:06:42.668+0000] {base.py:83} INFO - Using connection ID 'clickhouse_default' for task execution.
[2025-03-17T11:06:42.670+0000] {logging_mixin.py:188} INFO - [2025-03-17T11:06:42.670+0000] {base.py:83} INFO - Using connection ID 'clickhouse_default' for task execution.
[2025-03-17T11:06:42.672+0000] {logging_mixin.py:188} INFO - [2025-03-17T11:06:42.672+0000] {base.py:83} INFO - Using connection ID 'clickhouse_default' for task execution.
[2025-03-17T11:06:42.680+0000] {processor.py:840} INFO - DAG(s) '0_Examples_5_4_1_ETL_3' retrieved from /opt/airflow/dags/5_5_house_assignment.py
[2025-03-17T11:06:42.742+0000] {logging_mixin.py:188} INFO - [2025-03-17T11:06:42.742+0000] {dag.py:3036} INFO - Sync 1 DAGs
[2025-03-17T11:06:42.755+0000] {logging_mixin.py:188} INFO - [2025-03-17T11:06:42.754+0000] {dag.py:3823} INFO - Setting next_dagrun for 0_Examples_5_4_1_ETL_3 to 2024-01-01 00:00:00+00:00, run_after=2024-01-02 00:00:00+00:00
[2025-03-17T11:06:42.774+0000] {processor.py:183} INFO - Processing /opt/airflow/dags/5_5_house_assignment.py took 0.653 seconds
[2025-03-17T11:07:22.742+0000] {processor.py:161} INFO - Started process (PID=1134) to work on /opt/airflow/dags/5_5_house_assignment.py
[2025-03-17T11:07:22.743+0000] {processor.py:830} INFO - Processing file /opt/airflow/dags/5_5_house_assignment.py for tasks to queue
[2025-03-17T11:07:22.744+0000] {logging_mixin.py:188} INFO - [2025-03-17T11:07:22.744+0000] {dagbag.py:538} INFO - Filling up the DagBag from /opt/airflow/dags/5_5_house_assignment.py
[2025-03-17T11:07:23.298+0000] {logging_mixin.py:188} INFO - [2025-03-17T11:07:23.298+0000] {base.py:83} INFO - Using connection ID 'clickhouse_default' for task execution.
[2025-03-17T11:07:23.301+0000] {logging_mixin.py:188} INFO - [2025-03-17T11:07:23.301+0000] {base.py:83} INFO - Using connection ID 'clickhouse_default' for task execution.
[2025-03-17T11:07:23.303+0000] {logging_mixin.py:188} INFO - [2025-03-17T11:07:23.303+0000] {base.py:83} INFO - Using connection ID 'clickhouse_default' for task execution.
[2025-03-17T11:07:23.305+0000] {logging_mixin.py:188} INFO - [2025-03-17T11:07:23.305+0000] {base.py:83} INFO - Using connection ID 'clickhouse_default' for task execution.
[2025-03-17T11:07:23.315+0000] {processor.py:840} INFO - DAG(s) '0_Examples_5_4_1_ETL_3' retrieved from /opt/airflow/dags/5_5_house_assignment.py
[2025-03-17T11:07:23.327+0000] {logging_mixin.py:188} INFO - [2025-03-17T11:07:23.327+0000] {dag.py:3036} INFO - Sync 1 DAGs
[2025-03-17T11:07:23.348+0000] {logging_mixin.py:188} INFO - [2025-03-17T11:07:23.347+0000] {dag.py:3823} INFO - Setting next_dagrun for 0_Examples_5_4_1_ETL_3 to 2024-01-01 00:00:00+00:00, run_after=2024-01-02 00:00:00+00:00
[2025-03-17T11:07:23.375+0000] {processor.py:183} INFO - Processing /opt/airflow/dags/5_5_house_assignment.py took 0.635 seconds
[2025-03-17T11:07:56.231+0000] {processor.py:161} INFO - Started process (PID=1231) to work on /opt/airflow/dags/5_5_house_assignment.py
[2025-03-17T11:07:56.232+0000] {processor.py:830} INFO - Processing file /opt/airflow/dags/5_5_house_assignment.py for tasks to queue
[2025-03-17T11:07:56.233+0000] {logging_mixin.py:188} INFO - [2025-03-17T11:07:56.233+0000] {dagbag.py:538} INFO - Filling up the DagBag from /opt/airflow/dags/5_5_house_assignment.py
[2025-03-17T11:07:56.748+0000] {logging_mixin.py:188} INFO - [2025-03-17T11:07:56.747+0000] {base.py:83} INFO - Using connection ID 'clickhouse_default' for task execution.
[2025-03-17T11:07:56.749+0000] {logging_mixin.py:188} INFO - [2025-03-17T11:07:56.749+0000] {base.py:83} INFO - Using connection ID 'clickhouse_default' for task execution.
[2025-03-17T11:07:56.751+0000] {logging_mixin.py:188} INFO - [2025-03-17T11:07:56.751+0000] {base.py:83} INFO - Using connection ID 'clickhouse_default' for task execution.
[2025-03-17T11:07:56.753+0000] {logging_mixin.py:188} INFO - [2025-03-17T11:07:56.753+0000] {base.py:83} INFO - Using connection ID 'clickhouse_default' for task execution.
[2025-03-17T11:07:56.761+0000] {processor.py:840} INFO - DAG(s) '0_Examples_5_4_1_ETL_3' retrieved from /opt/airflow/dags/5_5_house_assignment.py
[2025-03-17T11:07:56.824+0000] {logging_mixin.py:188} INFO - [2025-03-17T11:07:56.824+0000] {dag.py:3036} INFO - Sync 1 DAGs
[2025-03-17T11:07:56.837+0000] {logging_mixin.py:188} INFO - [2025-03-17T11:07:56.836+0000] {dag.py:3823} INFO - Setting next_dagrun for 0_Examples_5_4_1_ETL_3 to 2024-01-01 00:00:00+00:00, run_after=2024-01-02 00:00:00+00:00
[2025-03-17T11:07:56.856+0000] {processor.py:183} INFO - Processing /opt/airflow/dags/5_5_house_assignment.py took 0.628 seconds
[2025-03-17T11:08:46.542+0000] {processor.py:161} INFO - Started process (PID=1393) to work on /opt/airflow/dags/5_5_house_assignment.py
[2025-03-17T11:08:46.543+0000] {processor.py:830} INFO - Processing file /opt/airflow/dags/5_5_house_assignment.py for tasks to queue
[2025-03-17T11:08:46.545+0000] {logging_mixin.py:188} INFO - [2025-03-17T11:08:46.544+0000] {dagbag.py:538} INFO - Filling up the DagBag from /opt/airflow/dags/5_5_house_assignment.py
[2025-03-17T11:08:47.102+0000] {logging_mixin.py:188} INFO - [2025-03-17T11:08:47.101+0000] {base.py:83} INFO - Using connection ID 'clickhouse_default' for task execution.
[2025-03-17T11:08:47.104+0000] {logging_mixin.py:188} INFO - [2025-03-17T11:08:47.104+0000] {base.py:83} INFO - Using connection ID 'clickhouse_default' for task execution.
[2025-03-17T11:08:47.107+0000] {logging_mixin.py:188} INFO - [2025-03-17T11:08:47.107+0000] {base.py:83} INFO - Using connection ID 'clickhouse_default' for task execution.
[2025-03-17T11:08:47.109+0000] {logging_mixin.py:188} INFO - [2025-03-17T11:08:47.109+0000] {base.py:83} INFO - Using connection ID 'clickhouse_default' for task execution.
[2025-03-17T11:08:47.123+0000] {processor.py:840} INFO - DAG(s) '0_Examples_5_4_1_ETL_3' retrieved from /opt/airflow/dags/5_5_house_assignment.py
[2025-03-17T11:08:47.207+0000] {logging_mixin.py:188} INFO - [2025-03-17T11:08:47.207+0000] {dag.py:3036} INFO - Sync 1 DAGs
[2025-03-17T11:08:47.225+0000] {logging_mixin.py:188} INFO - [2025-03-17T11:08:47.225+0000] {dag.py:3823} INFO - Setting next_dagrun for 0_Examples_5_4_1_ETL_3 to 2024-01-01 00:00:00+00:00, run_after=2024-01-02 00:00:00+00:00
[2025-03-17T11:08:47.253+0000] {processor.py:183} INFO - Processing /opt/airflow/dags/5_5_house_assignment.py took 0.714 seconds
[2025-03-17T11:09:52.919+0000] {processor.py:161} INFO - Started process (PID=1670) to work on /opt/airflow/dags/5_5_house_assignment.py
[2025-03-17T11:09:52.920+0000] {processor.py:830} INFO - Processing file /opt/airflow/dags/5_5_house_assignment.py for tasks to queue
[2025-03-17T11:09:52.921+0000] {logging_mixin.py:188} INFO - [2025-03-17T11:09:52.921+0000] {dagbag.py:538} INFO - Filling up the DagBag from /opt/airflow/dags/5_5_house_assignment.py
[2025-03-17T11:09:53.595+0000] {logging_mixin.py:188} INFO - [2025-03-17T11:09:53.594+0000] {base.py:83} INFO - Using connection ID 'clickhouse_default' for task execution.
[2025-03-17T11:09:53.597+0000] {logging_mixin.py:188} INFO - [2025-03-17T11:09:53.597+0000] {base.py:83} INFO - Using connection ID 'clickhouse_default' for task execution.
[2025-03-17T11:09:53.599+0000] {logging_mixin.py:188} INFO - [2025-03-17T11:09:53.599+0000] {base.py:83} INFO - Using connection ID 'clickhouse_default' for task execution.
[2025-03-17T11:09:53.601+0000] {logging_mixin.py:188} INFO - [2025-03-17T11:09:53.601+0000] {base.py:83} INFO - Using connection ID 'clickhouse_default' for task execution.
[2025-03-17T11:09:53.610+0000] {processor.py:840} INFO - DAG(s) '0_Examples_5_4_1_ETL_3' retrieved from /opt/airflow/dags/5_5_house_assignment.py
[2025-03-17T11:09:53.699+0000] {logging_mixin.py:188} INFO - [2025-03-17T11:09:53.698+0000] {dag.py:3036} INFO - Sync 1 DAGs
[2025-03-17T11:09:53.722+0000] {logging_mixin.py:188} INFO - [2025-03-17T11:09:53.721+0000] {dag.py:3823} INFO - Setting next_dagrun for 0_Examples_5_4_1_ETL_3 to 2024-01-01 00:00:00+00:00, run_after=2024-01-02 00:00:00+00:00
[2025-03-17T11:09:53.750+0000] {processor.py:183} INFO - Processing /opt/airflow/dags/5_5_house_assignment.py took 0.834 seconds
[2025-03-17T11:10:24.229+0000] {processor.py:161} INFO - Started process (PID=1695) to work on /opt/airflow/dags/5_5_house_assignment.py
[2025-03-17T11:10:24.231+0000] {processor.py:830} INFO - Processing file /opt/airflow/dags/5_5_house_assignment.py for tasks to queue
[2025-03-17T11:10:24.234+0000] {logging_mixin.py:188} INFO - [2025-03-17T11:10:24.233+0000] {dagbag.py:538} INFO - Filling up the DagBag from /opt/airflow/dags/5_5_house_assignment.py
[2025-03-17T11:10:25.074+0000] {logging_mixin.py:188} INFO - [2025-03-17T11:10:25.073+0000] {base.py:83} INFO - Using connection ID 'clickhouse_default' for task execution.
[2025-03-17T11:10:25.080+0000] {logging_mixin.py:188} INFO - [2025-03-17T11:10:25.079+0000] {base.py:83} INFO - Using connection ID 'clickhouse_default' for task execution.
[2025-03-17T11:10:25.084+0000] {logging_mixin.py:188} INFO - [2025-03-17T11:10:25.084+0000] {base.py:83} INFO - Using connection ID 'clickhouse_default' for task execution.
[2025-03-17T11:10:25.089+0000] {logging_mixin.py:188} INFO - [2025-03-17T11:10:25.089+0000] {base.py:83} INFO - Using connection ID 'clickhouse_default' for task execution.
[2025-03-17T11:10:25.104+0000] {processor.py:840} INFO - DAG(s) '0_Examples_5_4_1_ETL_3' retrieved from /opt/airflow/dags/5_5_house_assignment.py
[2025-03-17T11:10:25.217+0000] {logging_mixin.py:188} INFO - [2025-03-17T11:10:25.216+0000] {dag.py:3036} INFO - Sync 1 DAGs
[2025-03-17T11:10:25.241+0000] {logging_mixin.py:188} INFO - [2025-03-17T11:10:25.240+0000] {dag.py:3823} INFO - Setting next_dagrun for 0_Examples_5_4_1_ETL_3 to 2024-01-01 00:00:00+00:00, run_after=2024-01-02 00:00:00+00:00
[2025-03-17T11:10:25.282+0000] {processor.py:183} INFO - Processing /opt/airflow/dags/5_5_house_assignment.py took 1.060 seconds
[2025-03-17T11:10:55.510+0000] {processor.py:161} INFO - Started process (PID=1720) to work on /opt/airflow/dags/5_5_house_assignment.py
[2025-03-17T11:10:55.511+0000] {processor.py:830} INFO - Processing file /opt/airflow/dags/5_5_house_assignment.py for tasks to queue
[2025-03-17T11:10:55.512+0000] {logging_mixin.py:188} INFO - [2025-03-17T11:10:55.512+0000] {dagbag.py:538} INFO - Filling up the DagBag from /opt/airflow/dags/5_5_house_assignment.py
[2025-03-17T11:10:55.982+0000] {logging_mixin.py:188} INFO - [2025-03-17T11:10:55.981+0000] {base.py:83} INFO - Using connection ID 'clickhouse_default' for task execution.
[2025-03-17T11:10:55.984+0000] {logging_mixin.py:188} INFO - [2025-03-17T11:10:55.983+0000] {base.py:83} INFO - Using connection ID 'clickhouse_default' for task execution.
[2025-03-17T11:10:55.985+0000] {logging_mixin.py:188} INFO - [2025-03-17T11:10:55.985+0000] {base.py:83} INFO - Using connection ID 'clickhouse_default' for task execution.
[2025-03-17T11:10:55.987+0000] {logging_mixin.py:188} INFO - [2025-03-17T11:10:55.987+0000] {base.py:83} INFO - Using connection ID 'clickhouse_default' for task execution.
[2025-03-17T11:10:55.994+0000] {processor.py:840} INFO - DAG(s) '0_Examples_5_4_1_ETL_3' retrieved from /opt/airflow/dags/5_5_house_assignment.py
[2025-03-17T11:10:56.057+0000] {logging_mixin.py:188} INFO - [2025-03-17T11:10:56.056+0000] {dag.py:3036} INFO - Sync 1 DAGs
[2025-03-17T11:10:56.071+0000] {logging_mixin.py:188} INFO - [2025-03-17T11:10:56.071+0000] {dag.py:3823} INFO - Setting next_dagrun for 0_Examples_5_4_1_ETL_3 to 2024-01-01 00:00:00+00:00, run_after=2024-01-02 00:00:00+00:00
[2025-03-17T11:10:56.093+0000] {processor.py:183} INFO - Processing /opt/airflow/dags/5_5_house_assignment.py took 0.586 seconds
[2025-03-17T11:11:26.218+0000] {processor.py:161} INFO - Started process (PID=1745) to work on /opt/airflow/dags/5_5_house_assignment.py
[2025-03-17T11:11:26.220+0000] {processor.py:830} INFO - Processing file /opt/airflow/dags/5_5_house_assignment.py for tasks to queue
[2025-03-17T11:11:26.222+0000] {logging_mixin.py:188} INFO - [2025-03-17T11:11:26.222+0000] {dagbag.py:538} INFO - Filling up the DagBag from /opt/airflow/dags/5_5_house_assignment.py
[2025-03-17T11:11:27.153+0000] {logging_mixin.py:188} INFO - [2025-03-17T11:11:27.152+0000] {base.py:83} INFO - Using connection ID 'clickhouse_default' for task execution.
[2025-03-17T11:11:27.156+0000] {logging_mixin.py:188} INFO - [2025-03-17T11:11:27.155+0000] {base.py:83} INFO - Using connection ID 'clickhouse_default' for task execution.
[2025-03-17T11:11:27.158+0000] {logging_mixin.py:188} INFO - [2025-03-17T11:11:27.158+0000] {base.py:83} INFO - Using connection ID 'clickhouse_default' for task execution.
[2025-03-17T11:11:27.160+0000] {logging_mixin.py:188} INFO - [2025-03-17T11:11:27.160+0000] {base.py:83} INFO - Using connection ID 'clickhouse_default' for task execution.
[2025-03-17T11:11:27.169+0000] {processor.py:840} INFO - DAG(s) '0_Examples_5_4_1_ETL_3' retrieved from /opt/airflow/dags/5_5_house_assignment.py
[2025-03-17T11:11:27.238+0000] {logging_mixin.py:188} INFO - [2025-03-17T11:11:27.238+0000] {dag.py:3036} INFO - Sync 1 DAGs
[2025-03-17T11:11:27.252+0000] {logging_mixin.py:188} INFO - [2025-03-17T11:11:27.252+0000] {dag.py:3823} INFO - Setting next_dagrun for 0_Examples_5_4_1_ETL_3 to 2024-01-01 00:00:00+00:00, run_after=2024-01-02 00:00:00+00:00
[2025-03-17T11:11:27.276+0000] {processor.py:183} INFO - Processing /opt/airflow/dags/5_5_house_assignment.py took 1.063 seconds
[2025-03-17T11:11:57.591+0000] {processor.py:161} INFO - Started process (PID=1770) to work on /opt/airflow/dags/5_5_house_assignment.py
[2025-03-17T11:11:57.592+0000] {processor.py:830} INFO - Processing file /opt/airflow/dags/5_5_house_assignment.py for tasks to queue
[2025-03-17T11:11:57.593+0000] {logging_mixin.py:188} INFO - [2025-03-17T11:11:57.593+0000] {dagbag.py:538} INFO - Filling up the DagBag from /opt/airflow/dags/5_5_house_assignment.py
[2025-03-17T11:11:58.101+0000] {logging_mixin.py:188} INFO - [2025-03-17T11:11:58.100+0000] {base.py:83} INFO - Using connection ID 'clickhouse_default' for task execution.
[2025-03-17T11:11:58.103+0000] {logging_mixin.py:188} INFO - [2025-03-17T11:11:58.103+0000] {base.py:83} INFO - Using connection ID 'clickhouse_default' for task execution.
[2025-03-17T11:11:58.106+0000] {logging_mixin.py:188} INFO - [2025-03-17T11:11:58.105+0000] {base.py:83} INFO - Using connection ID 'clickhouse_default' for task execution.
[2025-03-17T11:11:58.108+0000] {logging_mixin.py:188} INFO - [2025-03-17T11:11:58.107+0000] {base.py:83} INFO - Using connection ID 'clickhouse_default' for task execution.
[2025-03-17T11:11:58.116+0000] {processor.py:840} INFO - DAG(s) '0_Examples_5_4_1_ETL_3' retrieved from /opt/airflow/dags/5_5_house_assignment.py
[2025-03-17T11:11:58.204+0000] {logging_mixin.py:188} INFO - [2025-03-17T11:11:58.204+0000] {dag.py:3036} INFO - Sync 1 DAGs
[2025-03-17T11:11:58.223+0000] {logging_mixin.py:188} INFO - [2025-03-17T11:11:58.223+0000] {dag.py:3823} INFO - Setting next_dagrun for 0_Examples_5_4_1_ETL_3 to 2024-01-01 00:00:00+00:00, run_after=2024-01-02 00:00:00+00:00
[2025-03-17T11:11:58.265+0000] {processor.py:183} INFO - Processing /opt/airflow/dags/5_5_house_assignment.py took 0.677 seconds
