[2025-03-17T10:47:45.250+0000] {processor.py:161} INFO - Started process (PID=68) to work on /opt/airflow/dags/6_1_autogeneration code.py
[2025-03-17T10:47:45.252+0000] {processor.py:830} INFO - Processing file /opt/airflow/dags/6_1_autogeneration code.py for tasks to queue
[2025-03-17T10:47:45.255+0000] {logging_mixin.py:188} INFO - [2025-03-17T10:47:45.254+0000] {dagbag.py:538} INFO - Filling up the DagBag from /opt/airflow/dags/6_1_autogeneration code.py
[2025-03-17T10:47:45.464+0000] {processor.py:840} INFO - DAG(s) '6_1_autogeneration_code' retrieved from /opt/airflow/dags/6_1_autogeneration code.py
[2025-03-17T10:47:45.472+0000] {logging_mixin.py:188} INFO - [2025-03-17T10:47:45.472+0000] {dag.py:3036} INFO - Sync 1 DAGs
[2025-03-17T10:47:45.504+0000] {logging_mixin.py:188} INFO - [2025-03-17T10:47:45.503+0000] {dag.py:3823} INFO - Setting next_dagrun for 6_1_autogeneration_code to 2025-03-16 00:00:00+00:00, run_after=2025-03-17 00:00:00+00:00
[2025-03-17T10:47:45.611+0000] {processor.py:183} INFO - Processing /opt/airflow/dags/6_1_autogeneration code.py took 0.368 seconds
[2025-03-17T10:48:19.419+0000] {processor.py:161} INFO - Started process (PID=184) to work on /opt/airflow/dags/6_1_autogeneration code.py
[2025-03-17T10:48:19.420+0000] {processor.py:830} INFO - Processing file /opt/airflow/dags/6_1_autogeneration code.py for tasks to queue
[2025-03-17T10:48:19.421+0000] {logging_mixin.py:188} INFO - [2025-03-17T10:48:19.421+0000] {dagbag.py:538} INFO - Filling up the DagBag from /opt/airflow/dags/6_1_autogeneration code.py
[2025-03-17T10:48:19.569+0000] {processor.py:840} INFO - DAG(s) '6_1_autogeneration_code' retrieved from /opt/airflow/dags/6_1_autogeneration code.py
[2025-03-17T10:48:19.664+0000] {logging_mixin.py:188} INFO - [2025-03-17T10:48:19.664+0000] {dag.py:3036} INFO - Sync 1 DAGs
[2025-03-17T10:48:19.687+0000] {logging_mixin.py:188} INFO - [2025-03-17T10:48:19.687+0000] {dag.py:3823} INFO - Setting next_dagrun for 6_1_autogeneration_code to 2025-03-16 00:00:00+00:00, run_after=2025-03-17 00:00:00+00:00
[2025-03-17T10:48:19.795+0000] {processor.py:183} INFO - Processing /opt/airflow/dags/6_1_autogeneration code.py took 0.378 seconds
[2025-03-17T10:48:50.376+0000] {processor.py:161} INFO - Started process (PID=208) to work on /opt/airflow/dags/6_1_autogeneration code.py
[2025-03-17T10:48:50.377+0000] {processor.py:830} INFO - Processing file /opt/airflow/dags/6_1_autogeneration code.py for tasks to queue
[2025-03-17T10:48:50.379+0000] {logging_mixin.py:188} INFO - [2025-03-17T10:48:50.378+0000] {dagbag.py:538} INFO - Filling up the DagBag from /opt/airflow/dags/6_1_autogeneration code.py
[2025-03-17T10:48:50.522+0000] {processor.py:840} INFO - DAG(s) '6_1_autogeneration_code' retrieved from /opt/airflow/dags/6_1_autogeneration code.py
[2025-03-17T10:48:50.539+0000] {logging_mixin.py:188} INFO - [2025-03-17T10:48:50.539+0000] {dag.py:3036} INFO - Sync 1 DAGs
[2025-03-17T10:48:50.558+0000] {logging_mixin.py:188} INFO - [2025-03-17T10:48:50.558+0000] {dag.py:3823} INFO - Setting next_dagrun for 6_1_autogeneration_code to 2025-03-16 00:00:00+00:00, run_after=2025-03-17 00:00:00+00:00
[2025-03-17T10:48:50.597+0000] {processor.py:183} INFO - Processing /opt/airflow/dags/6_1_autogeneration code.py took 0.224 seconds
[2025-03-17T10:49:22.170+0000] {processor.py:161} INFO - Started process (PID=232) to work on /opt/airflow/dags/6_1_autogeneration code.py
[2025-03-17T10:49:22.171+0000] {processor.py:830} INFO - Processing file /opt/airflow/dags/6_1_autogeneration code.py for tasks to queue
[2025-03-17T10:49:22.172+0000] {logging_mixin.py:188} INFO - [2025-03-17T10:49:22.171+0000] {dagbag.py:538} INFO - Filling up the DagBag from /opt/airflow/dags/6_1_autogeneration code.py
[2025-03-17T10:49:22.340+0000] {processor.py:840} INFO - DAG(s) '6_1_autogeneration_code' retrieved from /opt/airflow/dags/6_1_autogeneration code.py
[2025-03-17T10:49:22.366+0000] {logging_mixin.py:188} INFO - [2025-03-17T10:49:22.366+0000] {dag.py:3036} INFO - Sync 1 DAGs
[2025-03-17T10:49:22.402+0000] {logging_mixin.py:188} INFO - [2025-03-17T10:49:22.402+0000] {dag.py:3823} INFO - Setting next_dagrun for 6_1_autogeneration_code to 2025-03-16 00:00:00+00:00, run_after=2025-03-17 00:00:00+00:00
[2025-03-17T10:49:22.462+0000] {processor.py:183} INFO - Processing /opt/airflow/dags/6_1_autogeneration code.py took 0.295 seconds
[2025-03-17T10:49:53.471+0000] {processor.py:161} INFO - Started process (PID=256) to work on /opt/airflow/dags/6_1_autogeneration code.py
[2025-03-17T10:49:53.472+0000] {processor.py:830} INFO - Processing file /opt/airflow/dags/6_1_autogeneration code.py for tasks to queue
[2025-03-17T10:49:53.474+0000] {logging_mixin.py:188} INFO - [2025-03-17T10:49:53.473+0000] {dagbag.py:538} INFO - Filling up the DagBag from /opt/airflow/dags/6_1_autogeneration code.py
[2025-03-17T10:49:53.684+0000] {processor.py:840} INFO - DAG(s) '6_1_autogeneration_code' retrieved from /opt/airflow/dags/6_1_autogeneration code.py
[2025-03-17T10:49:53.700+0000] {logging_mixin.py:188} INFO - [2025-03-17T10:49:53.700+0000] {dag.py:3036} INFO - Sync 1 DAGs
[2025-03-17T10:49:53.719+0000] {logging_mixin.py:188} INFO - [2025-03-17T10:49:53.719+0000] {dag.py:3823} INFO - Setting next_dagrun for 6_1_autogeneration_code to 2025-03-16 00:00:00+00:00, run_after=2025-03-17 00:00:00+00:00
[2025-03-17T10:49:53.751+0000] {processor.py:183} INFO - Processing /opt/airflow/dags/6_1_autogeneration code.py took 0.284 seconds
[2025-03-17T10:50:24.462+0000] {processor.py:161} INFO - Started process (PID=280) to work on /opt/airflow/dags/6_1_autogeneration code.py
[2025-03-17T10:50:24.462+0000] {processor.py:830} INFO - Processing file /opt/airflow/dags/6_1_autogeneration code.py for tasks to queue
[2025-03-17T10:50:24.463+0000] {logging_mixin.py:188} INFO - [2025-03-17T10:50:24.463+0000] {dagbag.py:538} INFO - Filling up the DagBag from /opt/airflow/dags/6_1_autogeneration code.py
[2025-03-17T10:50:24.602+0000] {processor.py:840} INFO - DAG(s) '6_1_autogeneration_code' retrieved from /opt/airflow/dags/6_1_autogeneration code.py
[2025-03-17T10:50:24.620+0000] {logging_mixin.py:188} INFO - [2025-03-17T10:50:24.620+0000] {dag.py:3036} INFO - Sync 1 DAGs
[2025-03-17T10:50:24.637+0000] {logging_mixin.py:188} INFO - [2025-03-17T10:50:24.637+0000] {dag.py:3823} INFO - Setting next_dagrun for 6_1_autogeneration_code to 2025-03-16 00:00:00+00:00, run_after=2025-03-17 00:00:00+00:00
[2025-03-17T10:50:24.674+0000] {processor.py:183} INFO - Processing /opt/airflow/dags/6_1_autogeneration code.py took 0.215 seconds
[2025-03-17T10:50:55.468+0000] {processor.py:161} INFO - Started process (PID=304) to work on /opt/airflow/dags/6_1_autogeneration code.py
[2025-03-17T10:50:55.469+0000] {processor.py:830} INFO - Processing file /opt/airflow/dags/6_1_autogeneration code.py for tasks to queue
[2025-03-17T10:50:55.470+0000] {logging_mixin.py:188} INFO - [2025-03-17T10:50:55.470+0000] {dagbag.py:538} INFO - Filling up the DagBag from /opt/airflow/dags/6_1_autogeneration code.py
[2025-03-17T10:50:55.624+0000] {processor.py:840} INFO - DAG(s) '6_1_autogeneration_code' retrieved from /opt/airflow/dags/6_1_autogeneration code.py
[2025-03-17T10:50:55.645+0000] {logging_mixin.py:188} INFO - [2025-03-17T10:50:55.644+0000] {dag.py:3036} INFO - Sync 1 DAGs
[2025-03-17T10:50:55.665+0000] {logging_mixin.py:188} INFO - [2025-03-17T10:50:55.665+0000] {dag.py:3823} INFO - Setting next_dagrun for 6_1_autogeneration_code to 2025-03-16 00:00:00+00:00, run_after=2025-03-17 00:00:00+00:00
[2025-03-17T10:50:55.709+0000] {processor.py:183} INFO - Processing /opt/airflow/dags/6_1_autogeneration code.py took 0.243 seconds
[2025-03-17T10:51:26.563+0000] {processor.py:161} INFO - Started process (PID=328) to work on /opt/airflow/dags/6_1_autogeneration code.py
[2025-03-17T10:51:26.564+0000] {processor.py:830} INFO - Processing file /opt/airflow/dags/6_1_autogeneration code.py for tasks to queue
[2025-03-17T10:51:26.565+0000] {logging_mixin.py:188} INFO - [2025-03-17T10:51:26.565+0000] {dagbag.py:538} INFO - Filling up the DagBag from /opt/airflow/dags/6_1_autogeneration code.py
[2025-03-17T10:51:26.716+0000] {processor.py:840} INFO - DAG(s) '6_1_autogeneration_code' retrieved from /opt/airflow/dags/6_1_autogeneration code.py
[2025-03-17T10:51:26.735+0000] {logging_mixin.py:188} INFO - [2025-03-17T10:51:26.735+0000] {dag.py:3036} INFO - Sync 1 DAGs
[2025-03-17T10:51:26.754+0000] {logging_mixin.py:188} INFO - [2025-03-17T10:51:26.753+0000] {dag.py:3823} INFO - Setting next_dagrun for 6_1_autogeneration_code to 2025-03-16 00:00:00+00:00, run_after=2025-03-17 00:00:00+00:00
[2025-03-17T10:51:26.782+0000] {processor.py:183} INFO - Processing /opt/airflow/dags/6_1_autogeneration code.py took 0.221 seconds
[2025-03-17T10:51:57.544+0000] {processor.py:161} INFO - Started process (PID=352) to work on /opt/airflow/dags/6_1_autogeneration code.py
[2025-03-17T10:51:57.545+0000] {processor.py:830} INFO - Processing file /opt/airflow/dags/6_1_autogeneration code.py for tasks to queue
[2025-03-17T10:51:57.547+0000] {logging_mixin.py:188} INFO - [2025-03-17T10:51:57.546+0000] {dagbag.py:538} INFO - Filling up the DagBag from /opt/airflow/dags/6_1_autogeneration code.py
[2025-03-17T10:51:57.723+0000] {processor.py:840} INFO - DAG(s) '6_1_autogeneration_code' retrieved from /opt/airflow/dags/6_1_autogeneration code.py
[2025-03-17T10:51:57.741+0000] {logging_mixin.py:188} INFO - [2025-03-17T10:51:57.741+0000] {dag.py:3036} INFO - Sync 1 DAGs
[2025-03-17T10:51:57.760+0000] {logging_mixin.py:188} INFO - [2025-03-17T10:51:57.760+0000] {dag.py:3823} INFO - Setting next_dagrun for 6_1_autogeneration_code to 2025-03-16 00:00:00+00:00, run_after=2025-03-17 00:00:00+00:00
[2025-03-17T10:51:57.791+0000] {processor.py:183} INFO - Processing /opt/airflow/dags/6_1_autogeneration code.py took 0.250 seconds
[2025-03-17T10:52:28.594+0000] {processor.py:161} INFO - Started process (PID=376) to work on /opt/airflow/dags/6_1_autogeneration code.py
[2025-03-17T10:52:28.595+0000] {processor.py:830} INFO - Processing file /opt/airflow/dags/6_1_autogeneration code.py for tasks to queue
[2025-03-17T10:52:28.595+0000] {logging_mixin.py:188} INFO - [2025-03-17T10:52:28.595+0000] {dagbag.py:538} INFO - Filling up the DagBag from /opt/airflow/dags/6_1_autogeneration code.py
[2025-03-17T10:52:28.725+0000] {processor.py:840} INFO - DAG(s) '6_1_autogeneration_code' retrieved from /opt/airflow/dags/6_1_autogeneration code.py
[2025-03-17T10:52:28.744+0000] {logging_mixin.py:188} INFO - [2025-03-17T10:52:28.744+0000] {dag.py:3036} INFO - Sync 1 DAGs
[2025-03-17T10:52:28.765+0000] {logging_mixin.py:188} INFO - [2025-03-17T10:52:28.765+0000] {dag.py:3823} INFO - Setting next_dagrun for 6_1_autogeneration_code to 2025-03-16 00:00:00+00:00, run_after=2025-03-17 00:00:00+00:00
[2025-03-17T10:52:28.792+0000] {processor.py:183} INFO - Processing /opt/airflow/dags/6_1_autogeneration code.py took 0.200 seconds
[2025-03-17T10:52:59.545+0000] {processor.py:161} INFO - Started process (PID=400) to work on /opt/airflow/dags/6_1_autogeneration code.py
[2025-03-17T10:52:59.546+0000] {processor.py:830} INFO - Processing file /opt/airflow/dags/6_1_autogeneration code.py for tasks to queue
[2025-03-17T10:52:59.547+0000] {logging_mixin.py:188} INFO - [2025-03-17T10:52:59.547+0000] {dagbag.py:538} INFO - Filling up the DagBag from /opt/airflow/dags/6_1_autogeneration code.py
[2025-03-17T10:52:59.698+0000] {processor.py:840} INFO - DAG(s) '6_1_autogeneration_code' retrieved from /opt/airflow/dags/6_1_autogeneration code.py
[2025-03-17T10:52:59.716+0000] {logging_mixin.py:188} INFO - [2025-03-17T10:52:59.716+0000] {dag.py:3036} INFO - Sync 1 DAGs
[2025-03-17T10:52:59.736+0000] {logging_mixin.py:188} INFO - [2025-03-17T10:52:59.736+0000] {dag.py:3823} INFO - Setting next_dagrun for 6_1_autogeneration_code to 2025-03-16 00:00:00+00:00, run_after=2025-03-17 00:00:00+00:00
[2025-03-17T10:52:59.764+0000] {processor.py:183} INFO - Processing /opt/airflow/dags/6_1_autogeneration code.py took 0.222 seconds
[2025-03-17T10:53:32.610+0000] {processor.py:161} INFO - Started process (PID=426) to work on /opt/airflow/dags/6_1_autogeneration code.py
[2025-03-17T10:53:32.612+0000] {processor.py:830} INFO - Processing file /opt/airflow/dags/6_1_autogeneration code.py for tasks to queue
[2025-03-17T10:53:32.613+0000] {logging_mixin.py:188} INFO - [2025-03-17T10:53:32.613+0000] {dagbag.py:538} INFO - Filling up the DagBag from /opt/airflow/dags/6_1_autogeneration code.py
[2025-03-17T10:53:32.807+0000] {processor.py:840} INFO - DAG(s) '6_1_autogeneration_code' retrieved from /opt/airflow/dags/6_1_autogeneration code.py
[2025-03-17T10:53:32.827+0000] {logging_mixin.py:188} INFO - [2025-03-17T10:53:32.827+0000] {dag.py:3036} INFO - Sync 1 DAGs
[2025-03-17T10:53:32.861+0000] {logging_mixin.py:188} INFO - [2025-03-17T10:53:32.861+0000] {dag.py:3823} INFO - Setting next_dagrun for 6_1_autogeneration_code to 2025-03-16 00:00:00+00:00, run_after=2025-03-17 00:00:00+00:00
[2025-03-17T10:53:32.892+0000] {processor.py:183} INFO - Processing /opt/airflow/dags/6_1_autogeneration code.py took 0.287 seconds
[2025-03-17T10:54:03.063+0000] {processor.py:161} INFO - Started process (PID=451) to work on /opt/airflow/dags/6_1_autogeneration code.py
[2025-03-17T10:54:03.064+0000] {processor.py:830} INFO - Processing file /opt/airflow/dags/6_1_autogeneration code.py for tasks to queue
[2025-03-17T10:54:03.065+0000] {logging_mixin.py:188} INFO - [2025-03-17T10:54:03.064+0000] {dagbag.py:538} INFO - Filling up the DagBag from /opt/airflow/dags/6_1_autogeneration code.py
[2025-03-17T10:54:03.196+0000] {processor.py:840} INFO - DAG(s) '6_1_autogeneration_code' retrieved from /opt/airflow/dags/6_1_autogeneration code.py
[2025-03-17T10:54:03.213+0000] {logging_mixin.py:188} INFO - [2025-03-17T10:54:03.212+0000] {dag.py:3036} INFO - Sync 1 DAGs
[2025-03-17T10:54:03.231+0000] {logging_mixin.py:188} INFO - [2025-03-17T10:54:03.231+0000] {dag.py:3823} INFO - Setting next_dagrun for 6_1_autogeneration_code to 2025-03-16 00:00:00+00:00, run_after=2025-03-17 00:00:00+00:00
[2025-03-17T10:54:03.252+0000] {processor.py:183} INFO - Processing /opt/airflow/dags/6_1_autogeneration code.py took 0.192 seconds
[2025-03-17T10:54:34.525+0000] {processor.py:161} INFO - Started process (PID=476) to work on /opt/airflow/dags/6_1_autogeneration code.py
[2025-03-17T10:54:34.529+0000] {processor.py:830} INFO - Processing file /opt/airflow/dags/6_1_autogeneration code.py for tasks to queue
[2025-03-17T10:54:34.531+0000] {logging_mixin.py:188} INFO - [2025-03-17T10:54:34.531+0000] {dagbag.py:538} INFO - Filling up the DagBag from /opt/airflow/dags/6_1_autogeneration code.py
[2025-03-17T10:54:34.746+0000] {processor.py:840} INFO - DAG(s) '6_1_autogeneration_code' retrieved from /opt/airflow/dags/6_1_autogeneration code.py
[2025-03-17T10:54:34.766+0000] {logging_mixin.py:188} INFO - [2025-03-17T10:54:34.766+0000] {dag.py:3036} INFO - Sync 1 DAGs
[2025-03-17T10:54:34.786+0000] {logging_mixin.py:188} INFO - [2025-03-17T10:54:34.785+0000] {dag.py:3823} INFO - Setting next_dagrun for 6_1_autogeneration_code to 2025-03-16 00:00:00+00:00, run_after=2025-03-17 00:00:00+00:00
[2025-03-17T10:54:34.817+0000] {processor.py:183} INFO - Processing /opt/airflow/dags/6_1_autogeneration code.py took 0.296 seconds
[2025-03-17T10:55:06.183+0000] {processor.py:161} INFO - Started process (PID=501) to work on /opt/airflow/dags/6_1_autogeneration code.py
[2025-03-17T10:55:06.185+0000] {processor.py:830} INFO - Processing file /opt/airflow/dags/6_1_autogeneration code.py for tasks to queue
[2025-03-17T10:55:06.187+0000] {logging_mixin.py:188} INFO - [2025-03-17T10:55:06.186+0000] {dagbag.py:538} INFO - Filling up the DagBag from /opt/airflow/dags/6_1_autogeneration code.py
[2025-03-17T10:55:06.333+0000] {processor.py:840} INFO - DAG(s) '6_1_autogeneration_code' retrieved from /opt/airflow/dags/6_1_autogeneration code.py
[2025-03-17T10:55:06.350+0000] {logging_mixin.py:188} INFO - [2025-03-17T10:55:06.349+0000] {dag.py:3036} INFO - Sync 1 DAGs
[2025-03-17T10:55:06.369+0000] {logging_mixin.py:188} INFO - [2025-03-17T10:55:06.369+0000] {dag.py:3823} INFO - Setting next_dagrun for 6_1_autogeneration_code to 2025-03-16 00:00:00+00:00, run_after=2025-03-17 00:00:00+00:00
[2025-03-17T10:55:06.399+0000] {processor.py:183} INFO - Processing /opt/airflow/dags/6_1_autogeneration code.py took 0.221 seconds
[2025-03-17T10:55:36.918+0000] {processor.py:161} INFO - Started process (PID=526) to work on /opt/airflow/dags/6_1_autogeneration code.py
[2025-03-17T10:55:36.919+0000] {processor.py:830} INFO - Processing file /opt/airflow/dags/6_1_autogeneration code.py for tasks to queue
[2025-03-17T10:55:36.920+0000] {logging_mixin.py:188} INFO - [2025-03-17T10:55:36.919+0000] {dagbag.py:538} INFO - Filling up the DagBag from /opt/airflow/dags/6_1_autogeneration code.py
[2025-03-17T10:55:37.052+0000] {processor.py:840} INFO - DAG(s) '6_1_autogeneration_code' retrieved from /opt/airflow/dags/6_1_autogeneration code.py
[2025-03-17T10:55:37.068+0000] {logging_mixin.py:188} INFO - [2025-03-17T10:55:37.068+0000] {dag.py:3036} INFO - Sync 1 DAGs
[2025-03-17T10:55:37.090+0000] {logging_mixin.py:188} INFO - [2025-03-17T10:55:37.089+0000] {dag.py:3823} INFO - Setting next_dagrun for 6_1_autogeneration_code to 2025-03-16 00:00:00+00:00, run_after=2025-03-17 00:00:00+00:00
[2025-03-17T10:55:37.110+0000] {processor.py:183} INFO - Processing /opt/airflow/dags/6_1_autogeneration code.py took 0.195 seconds
[2025-03-17T10:56:07.848+0000] {processor.py:161} INFO - Started process (PID=551) to work on /opt/airflow/dags/6_1_autogeneration code.py
[2025-03-17T10:56:07.849+0000] {processor.py:830} INFO - Processing file /opt/airflow/dags/6_1_autogeneration code.py for tasks to queue
[2025-03-17T10:56:07.850+0000] {logging_mixin.py:188} INFO - [2025-03-17T10:56:07.850+0000] {dagbag.py:538} INFO - Filling up the DagBag from /opt/airflow/dags/6_1_autogeneration code.py
[2025-03-17T10:56:07.991+0000] {processor.py:840} INFO - DAG(s) '6_1_autogeneration_code' retrieved from /opt/airflow/dags/6_1_autogeneration code.py
[2025-03-17T10:56:08.006+0000] {logging_mixin.py:188} INFO - [2025-03-17T10:56:08.006+0000] {dag.py:3036} INFO - Sync 1 DAGs
[2025-03-17T10:56:08.024+0000] {logging_mixin.py:188} INFO - [2025-03-17T10:56:08.024+0000] {dag.py:3823} INFO - Setting next_dagrun for 6_1_autogeneration_code to 2025-03-16 00:00:00+00:00, run_after=2025-03-17 00:00:00+00:00
[2025-03-17T10:56:08.044+0000] {processor.py:183} INFO - Processing /opt/airflow/dags/6_1_autogeneration code.py took 0.200 seconds
[2025-03-17T10:56:38.943+0000] {processor.py:161} INFO - Started process (PID=576) to work on /opt/airflow/dags/6_1_autogeneration code.py
[2025-03-17T10:56:38.944+0000] {processor.py:830} INFO - Processing file /opt/airflow/dags/6_1_autogeneration code.py for tasks to queue
[2025-03-17T10:56:38.945+0000] {logging_mixin.py:188} INFO - [2025-03-17T10:56:38.945+0000] {dagbag.py:538} INFO - Filling up the DagBag from /opt/airflow/dags/6_1_autogeneration code.py
[2025-03-17T10:56:39.076+0000] {processor.py:840} INFO - DAG(s) '6_1_autogeneration_code' retrieved from /opt/airflow/dags/6_1_autogeneration code.py
[2025-03-17T10:56:39.093+0000] {logging_mixin.py:188} INFO - [2025-03-17T10:56:39.093+0000] {dag.py:3036} INFO - Sync 1 DAGs
[2025-03-17T10:56:39.113+0000] {logging_mixin.py:188} INFO - [2025-03-17T10:56:39.113+0000] {dag.py:3823} INFO - Setting next_dagrun for 6_1_autogeneration_code to 2025-03-16 00:00:00+00:00, run_after=2025-03-17 00:00:00+00:00
[2025-03-17T10:56:39.135+0000] {processor.py:183} INFO - Processing /opt/airflow/dags/6_1_autogeneration code.py took 0.194 seconds
[2025-03-17T10:57:10.062+0000] {processor.py:161} INFO - Started process (PID=601) to work on /opt/airflow/dags/6_1_autogeneration code.py
[2025-03-17T10:57:10.063+0000] {processor.py:830} INFO - Processing file /opt/airflow/dags/6_1_autogeneration code.py for tasks to queue
[2025-03-17T10:57:10.064+0000] {logging_mixin.py:188} INFO - [2025-03-17T10:57:10.063+0000] {dagbag.py:538} INFO - Filling up the DagBag from /opt/airflow/dags/6_1_autogeneration code.py
[2025-03-17T10:57:10.200+0000] {processor.py:840} INFO - DAG(s) '6_1_autogeneration_code' retrieved from /opt/airflow/dags/6_1_autogeneration code.py
[2025-03-17T10:57:10.215+0000] {logging_mixin.py:188} INFO - [2025-03-17T10:57:10.215+0000] {dag.py:3036} INFO - Sync 1 DAGs
[2025-03-17T10:57:10.231+0000] {logging_mixin.py:188} INFO - [2025-03-17T10:57:10.231+0000] {dag.py:3823} INFO - Setting next_dagrun for 6_1_autogeneration_code to 2025-03-16 00:00:00+00:00, run_after=2025-03-17 00:00:00+00:00
[2025-03-17T10:57:10.255+0000] {processor.py:183} INFO - Processing /opt/airflow/dags/6_1_autogeneration code.py took 0.196 seconds
[2025-03-17T10:57:41.205+0000] {processor.py:161} INFO - Started process (PID=626) to work on /opt/airflow/dags/6_1_autogeneration code.py
[2025-03-17T10:57:41.209+0000] {processor.py:830} INFO - Processing file /opt/airflow/dags/6_1_autogeneration code.py for tasks to queue
[2025-03-17T10:57:41.213+0000] {logging_mixin.py:188} INFO - [2025-03-17T10:57:41.211+0000] {dagbag.py:538} INFO - Filling up the DagBag from /opt/airflow/dags/6_1_autogeneration code.py
[2025-03-17T10:57:41.453+0000] {processor.py:840} INFO - DAG(s) '6_1_autogeneration_code' retrieved from /opt/airflow/dags/6_1_autogeneration code.py
[2025-03-17T10:57:41.480+0000] {logging_mixin.py:188} INFO - [2025-03-17T10:57:41.480+0000] {dag.py:3036} INFO - Sync 1 DAGs
[2025-03-17T10:57:41.503+0000] {logging_mixin.py:188} INFO - [2025-03-17T10:57:41.502+0000] {dag.py:3823} INFO - Setting next_dagrun for 6_1_autogeneration_code to 2025-03-16 00:00:00+00:00, run_after=2025-03-17 00:00:00+00:00
[2025-03-17T10:57:41.536+0000] {processor.py:183} INFO - Processing /opt/airflow/dags/6_1_autogeneration code.py took 0.340 seconds
[2025-03-17T10:58:12.263+0000] {processor.py:161} INFO - Started process (PID=651) to work on /opt/airflow/dags/6_1_autogeneration code.py
[2025-03-17T10:58:12.264+0000] {processor.py:830} INFO - Processing file /opt/airflow/dags/6_1_autogeneration code.py for tasks to queue
[2025-03-17T10:58:12.265+0000] {logging_mixin.py:188} INFO - [2025-03-17T10:58:12.264+0000] {dagbag.py:538} INFO - Filling up the DagBag from /opt/airflow/dags/6_1_autogeneration code.py
[2025-03-17T10:58:12.431+0000] {processor.py:840} INFO - DAG(s) '6_1_autogeneration_code' retrieved from /opt/airflow/dags/6_1_autogeneration code.py
[2025-03-17T10:58:12.459+0000] {logging_mixin.py:188} INFO - [2025-03-17T10:58:12.458+0000] {dag.py:3036} INFO - Sync 1 DAGs
[2025-03-17T10:58:12.487+0000] {logging_mixin.py:188} INFO - [2025-03-17T10:58:12.487+0000] {dag.py:3823} INFO - Setting next_dagrun for 6_1_autogeneration_code to 2025-03-16 00:00:00+00:00, run_after=2025-03-17 00:00:00+00:00
[2025-03-17T10:58:12.527+0000] {processor.py:183} INFO - Processing /opt/airflow/dags/6_1_autogeneration code.py took 0.267 seconds
[2025-03-17T10:58:43.511+0000] {processor.py:161} INFO - Started process (PID=676) to work on /opt/airflow/dags/6_1_autogeneration code.py
[2025-03-17T10:58:43.512+0000] {processor.py:830} INFO - Processing file /opt/airflow/dags/6_1_autogeneration code.py for tasks to queue
[2025-03-17T10:58:43.513+0000] {logging_mixin.py:188} INFO - [2025-03-17T10:58:43.513+0000] {dagbag.py:538} INFO - Filling up the DagBag from /opt/airflow/dags/6_1_autogeneration code.py
[2025-03-17T10:58:43.655+0000] {processor.py:840} INFO - DAG(s) '6_1_autogeneration_code' retrieved from /opt/airflow/dags/6_1_autogeneration code.py
[2025-03-17T10:58:43.670+0000] {logging_mixin.py:188} INFO - [2025-03-17T10:58:43.669+0000] {dag.py:3036} INFO - Sync 1 DAGs
[2025-03-17T10:58:43.685+0000] {logging_mixin.py:188} INFO - [2025-03-17T10:58:43.685+0000] {dag.py:3823} INFO - Setting next_dagrun for 6_1_autogeneration_code to 2025-03-16 00:00:00+00:00, run_after=2025-03-17 00:00:00+00:00
[2025-03-17T10:58:43.709+0000] {processor.py:183} INFO - Processing /opt/airflow/dags/6_1_autogeneration code.py took 0.201 seconds
[2025-03-17T10:59:13.982+0000] {processor.py:161} INFO - Started process (PID=701) to work on /opt/airflow/dags/6_1_autogeneration code.py
[2025-03-17T10:59:13.983+0000] {processor.py:830} INFO - Processing file /opt/airflow/dags/6_1_autogeneration code.py for tasks to queue
[2025-03-17T10:59:13.985+0000] {logging_mixin.py:188} INFO - [2025-03-17T10:59:13.984+0000] {dagbag.py:538} INFO - Filling up the DagBag from /opt/airflow/dags/6_1_autogeneration code.py
[2025-03-17T10:59:14.148+0000] {processor.py:840} INFO - DAG(s) '6_1_autogeneration_code' retrieved from /opt/airflow/dags/6_1_autogeneration code.py
[2025-03-17T10:59:14.164+0000] {logging_mixin.py:188} INFO - [2025-03-17T10:59:14.163+0000] {dag.py:3036} INFO - Sync 1 DAGs
[2025-03-17T10:59:14.183+0000] {logging_mixin.py:188} INFO - [2025-03-17T10:59:14.183+0000] {dag.py:3823} INFO - Setting next_dagrun for 6_1_autogeneration_code to 2025-03-16 00:00:00+00:00, run_after=2025-03-17 00:00:00+00:00
[2025-03-17T10:59:14.236+0000] {processor.py:183} INFO - Processing /opt/airflow/dags/6_1_autogeneration code.py took 0.259 seconds
[2025-03-17T10:59:45.400+0000] {processor.py:161} INFO - Started process (PID=726) to work on /opt/airflow/dags/6_1_autogeneration code.py
[2025-03-17T10:59:45.401+0000] {processor.py:830} INFO - Processing file /opt/airflow/dags/6_1_autogeneration code.py for tasks to queue
[2025-03-17T10:59:45.402+0000] {logging_mixin.py:188} INFO - [2025-03-17T10:59:45.402+0000] {dagbag.py:538} INFO - Filling up the DagBag from /opt/airflow/dags/6_1_autogeneration code.py
[2025-03-17T10:59:45.593+0000] {processor.py:840} INFO - DAG(s) '6_1_autogeneration_code' retrieved from /opt/airflow/dags/6_1_autogeneration code.py
[2025-03-17T10:59:45.612+0000] {logging_mixin.py:188} INFO - [2025-03-17T10:59:45.611+0000] {dag.py:3036} INFO - Sync 1 DAGs
[2025-03-17T10:59:45.633+0000] {logging_mixin.py:188} INFO - [2025-03-17T10:59:45.633+0000] {dag.py:3823} INFO - Setting next_dagrun for 6_1_autogeneration_code to 2025-03-16 00:00:00+00:00, run_after=2025-03-17 00:00:00+00:00
[2025-03-17T10:59:45.663+0000] {processor.py:183} INFO - Processing /opt/airflow/dags/6_1_autogeneration code.py took 0.268 seconds
[2025-03-17T11:00:17.314+0000] {processor.py:161} INFO - Started process (PID=751) to work on /opt/airflow/dags/6_1_autogeneration code.py
[2025-03-17T11:00:17.316+0000] {processor.py:830} INFO - Processing file /opt/airflow/dags/6_1_autogeneration code.py for tasks to queue
[2025-03-17T11:00:17.317+0000] {logging_mixin.py:188} INFO - [2025-03-17T11:00:17.317+0000] {dagbag.py:538} INFO - Filling up the DagBag from /opt/airflow/dags/6_1_autogeneration code.py
[2025-03-17T11:00:17.581+0000] {processor.py:840} INFO - DAG(s) '6_1_autogeneration_code' retrieved from /opt/airflow/dags/6_1_autogeneration code.py
[2025-03-17T11:00:17.609+0000] {logging_mixin.py:188} INFO - [2025-03-17T11:00:17.608+0000] {dag.py:3036} INFO - Sync 1 DAGs
[2025-03-17T11:00:17.640+0000] {logging_mixin.py:188} INFO - [2025-03-17T11:00:17.640+0000] {dag.py:3823} INFO - Setting next_dagrun for 6_1_autogeneration_code to 2025-03-16 00:00:00+00:00, run_after=2025-03-17 00:00:00+00:00
[2025-03-17T11:00:17.693+0000] {processor.py:183} INFO - Processing /opt/airflow/dags/6_1_autogeneration code.py took 0.386 seconds
[2025-03-17T11:00:48.773+0000] {processor.py:161} INFO - Started process (PID=778) to work on /opt/airflow/dags/6_1_autogeneration code.py
[2025-03-17T11:00:48.774+0000] {processor.py:830} INFO - Processing file /opt/airflow/dags/6_1_autogeneration code.py for tasks to queue
[2025-03-17T11:00:48.775+0000] {logging_mixin.py:188} INFO - [2025-03-17T11:00:48.775+0000] {dagbag.py:538} INFO - Filling up the DagBag from /opt/airflow/dags/6_1_autogeneration code.py
[2025-03-17T11:00:48.913+0000] {processor.py:840} INFO - DAG(s) '6_1_autogeneration_code' retrieved from /opt/airflow/dags/6_1_autogeneration code.py
[2025-03-17T11:00:48.928+0000] {logging_mixin.py:188} INFO - [2025-03-17T11:00:48.928+0000] {dag.py:3036} INFO - Sync 1 DAGs
[2025-03-17T11:00:48.945+0000] {logging_mixin.py:188} INFO - [2025-03-17T11:00:48.944+0000] {dag.py:3823} INFO - Setting next_dagrun for 6_1_autogeneration_code to 2025-03-16 00:00:00+00:00, run_after=2025-03-17 00:00:00+00:00
[2025-03-17T11:00:48.965+0000] {processor.py:183} INFO - Processing /opt/airflow/dags/6_1_autogeneration code.py took 0.195 seconds
[2025-03-17T11:01:19.608+0000] {processor.py:161} INFO - Started process (PID=805) to work on /opt/airflow/dags/6_1_autogeneration code.py
[2025-03-17T11:01:19.609+0000] {processor.py:830} INFO - Processing file /opt/airflow/dags/6_1_autogeneration code.py for tasks to queue
[2025-03-17T11:01:19.610+0000] {logging_mixin.py:188} INFO - [2025-03-17T11:01:19.610+0000] {dagbag.py:538} INFO - Filling up the DagBag from /opt/airflow/dags/6_1_autogeneration code.py
[2025-03-17T11:01:19.747+0000] {processor.py:840} INFO - DAG(s) '6_1_autogeneration_code' retrieved from /opt/airflow/dags/6_1_autogeneration code.py
[2025-03-17T11:01:19.762+0000] {logging_mixin.py:188} INFO - [2025-03-17T11:01:19.762+0000] {dag.py:3036} INFO - Sync 1 DAGs
[2025-03-17T11:01:19.778+0000] {logging_mixin.py:188} INFO - [2025-03-17T11:01:19.777+0000] {dag.py:3823} INFO - Setting next_dagrun for 6_1_autogeneration_code to 2025-03-16 00:00:00+00:00, run_after=2025-03-17 00:00:00+00:00
[2025-03-17T11:01:19.800+0000] {processor.py:183} INFO - Processing /opt/airflow/dags/6_1_autogeneration code.py took 0.194 seconds
[2025-03-17T11:01:50.647+0000] {processor.py:161} INFO - Started process (PID=830) to work on /opt/airflow/dags/6_1_autogeneration code.py
[2025-03-17T11:01:50.648+0000] {processor.py:830} INFO - Processing file /opt/airflow/dags/6_1_autogeneration code.py for tasks to queue
[2025-03-17T11:01:50.649+0000] {logging_mixin.py:188} INFO - [2025-03-17T11:01:50.648+0000] {dagbag.py:538} INFO - Filling up the DagBag from /opt/airflow/dags/6_1_autogeneration code.py
[2025-03-17T11:01:50.782+0000] {processor.py:840} INFO - DAG(s) '6_1_autogeneration_code' retrieved from /opt/airflow/dags/6_1_autogeneration code.py
[2025-03-17T11:01:50.797+0000] {logging_mixin.py:188} INFO - [2025-03-17T11:01:50.796+0000] {dag.py:3036} INFO - Sync 1 DAGs
[2025-03-17T11:01:50.815+0000] {logging_mixin.py:188} INFO - [2025-03-17T11:01:50.814+0000] {dag.py:3823} INFO - Setting next_dagrun for 6_1_autogeneration_code to 2025-03-16 00:00:00+00:00, run_after=2025-03-17 00:00:00+00:00
[2025-03-17T11:01:50.835+0000] {processor.py:183} INFO - Processing /opt/airflow/dags/6_1_autogeneration code.py took 0.191 seconds
[2025-03-17T11:02:21.448+0000] {processor.py:161} INFO - Started process (PID=859) to work on /opt/airflow/dags/6_1_autogeneration code.py
[2025-03-17T11:02:21.449+0000] {processor.py:830} INFO - Processing file /opt/airflow/dags/6_1_autogeneration code.py for tasks to queue
[2025-03-17T11:02:21.450+0000] {logging_mixin.py:188} INFO - [2025-03-17T11:02:21.450+0000] {dagbag.py:538} INFO - Filling up the DagBag from /opt/airflow/dags/6_1_autogeneration code.py
[2025-03-17T11:02:21.603+0000] {processor.py:840} INFO - DAG(s) '6_1_autogeneration_code' retrieved from /opt/airflow/dags/6_1_autogeneration code.py
[2025-03-17T11:02:21.624+0000] {logging_mixin.py:188} INFO - [2025-03-17T11:02:21.624+0000] {dag.py:3036} INFO - Sync 1 DAGs
[2025-03-17T11:02:21.654+0000] {logging_mixin.py:188} INFO - [2025-03-17T11:02:21.653+0000] {dag.py:3823} INFO - Setting next_dagrun for 6_1_autogeneration_code to 2025-03-16 00:00:00+00:00, run_after=2025-03-17 00:00:00+00:00
[2025-03-17T11:02:21.685+0000] {processor.py:183} INFO - Processing /opt/airflow/dags/6_1_autogeneration code.py took 0.241 seconds
[2025-03-17T11:02:52.998+0000] {processor.py:161} INFO - Started process (PID=884) to work on /opt/airflow/dags/6_1_autogeneration code.py
[2025-03-17T11:02:52.999+0000] {processor.py:830} INFO - Processing file /opt/airflow/dags/6_1_autogeneration code.py for tasks to queue
[2025-03-17T11:02:53.000+0000] {logging_mixin.py:188} INFO - [2025-03-17T11:02:53.000+0000] {dagbag.py:538} INFO - Filling up the DagBag from /opt/airflow/dags/6_1_autogeneration code.py
[2025-03-17T11:02:53.219+0000] {processor.py:840} INFO - DAG(s) '6_1_autogeneration_code' retrieved from /opt/airflow/dags/6_1_autogeneration code.py
[2025-03-17T11:02:53.244+0000] {logging_mixin.py:188} INFO - [2025-03-17T11:02:53.243+0000] {dag.py:3036} INFO - Sync 1 DAGs
[2025-03-17T11:02:53.267+0000] {logging_mixin.py:188} INFO - [2025-03-17T11:02:53.267+0000] {dag.py:3823} INFO - Setting next_dagrun for 6_1_autogeneration_code to 2025-03-16 00:00:00+00:00, run_after=2025-03-17 00:00:00+00:00
[2025-03-17T11:02:53.299+0000] {processor.py:183} INFO - Processing /opt/airflow/dags/6_1_autogeneration code.py took 0.303 seconds
[2025-03-17T11:03:24.123+0000] {processor.py:161} INFO - Started process (PID=909) to work on /opt/airflow/dags/6_1_autogeneration code.py
[2025-03-17T11:03:24.125+0000] {processor.py:830} INFO - Processing file /opt/airflow/dags/6_1_autogeneration code.py for tasks to queue
[2025-03-17T11:03:24.127+0000] {logging_mixin.py:188} INFO - [2025-03-17T11:03:24.126+0000] {dagbag.py:538} INFO - Filling up the DagBag from /opt/airflow/dags/6_1_autogeneration code.py
[2025-03-17T11:03:24.455+0000] {processor.py:840} INFO - DAG(s) '6_1_autogeneration_code' retrieved from /opt/airflow/dags/6_1_autogeneration code.py
[2025-03-17T11:03:24.520+0000] {logging_mixin.py:188} INFO - [2025-03-17T11:03:24.520+0000] {dag.py:3036} INFO - Sync 1 DAGs
[2025-03-17T11:03:24.575+0000] {logging_mixin.py:188} INFO - [2025-03-17T11:03:24.574+0000] {dag.py:3823} INFO - Setting next_dagrun for 6_1_autogeneration_code to 2025-03-16 00:00:00+00:00, run_after=2025-03-17 00:00:00+00:00
[2025-03-17T11:03:24.718+0000] {processor.py:183} INFO - Processing /opt/airflow/dags/6_1_autogeneration code.py took 0.600 seconds
[2025-03-17T11:03:55.005+0000] {processor.py:161} INFO - Started process (PID=934) to work on /opt/airflow/dags/6_1_autogeneration code.py
[2025-03-17T11:03:55.006+0000] {processor.py:830} INFO - Processing file /opt/airflow/dags/6_1_autogeneration code.py for tasks to queue
[2025-03-17T11:03:55.007+0000] {logging_mixin.py:188} INFO - [2025-03-17T11:03:55.007+0000] {dagbag.py:538} INFO - Filling up the DagBag from /opt/airflow/dags/6_1_autogeneration code.py
[2025-03-17T11:03:55.178+0000] {processor.py:840} INFO - DAG(s) '6_1_autogeneration_code' retrieved from /opt/airflow/dags/6_1_autogeneration code.py
[2025-03-17T11:03:55.196+0000] {logging_mixin.py:188} INFO - [2025-03-17T11:03:55.196+0000] {dag.py:3036} INFO - Sync 1 DAGs
[2025-03-17T11:03:55.217+0000] {logging_mixin.py:188} INFO - [2025-03-17T11:03:55.217+0000] {dag.py:3823} INFO - Setting next_dagrun for 6_1_autogeneration_code to 2025-03-16 00:00:00+00:00, run_after=2025-03-17 00:00:00+00:00
[2025-03-17T11:03:55.240+0000] {processor.py:183} INFO - Processing /opt/airflow/dags/6_1_autogeneration code.py took 0.239 seconds
[2025-03-17T11:04:26.642+0000] {processor.py:161} INFO - Started process (PID=959) to work on /opt/airflow/dags/6_1_autogeneration code.py
[2025-03-17T11:04:26.643+0000] {processor.py:830} INFO - Processing file /opt/airflow/dags/6_1_autogeneration code.py for tasks to queue
[2025-03-17T11:04:26.644+0000] {logging_mixin.py:188} INFO - [2025-03-17T11:04:26.644+0000] {dagbag.py:538} INFO - Filling up the DagBag from /opt/airflow/dags/6_1_autogeneration code.py
[2025-03-17T11:04:26.778+0000] {processor.py:840} INFO - DAG(s) '6_1_autogeneration_code' retrieved from /opt/airflow/dags/6_1_autogeneration code.py
[2025-03-17T11:04:26.792+0000] {logging_mixin.py:188} INFO - [2025-03-17T11:04:26.792+0000] {dag.py:3036} INFO - Sync 1 DAGs
[2025-03-17T11:04:26.808+0000] {logging_mixin.py:188} INFO - [2025-03-17T11:04:26.807+0000] {dag.py:3823} INFO - Setting next_dagrun for 6_1_autogeneration_code to 2025-03-16 00:00:00+00:00, run_after=2025-03-17 00:00:00+00:00
[2025-03-17T11:04:26.830+0000] {processor.py:183} INFO - Processing /opt/airflow/dags/6_1_autogeneration code.py took 0.191 seconds
[2025-03-17T11:04:58.182+0000] {processor.py:161} INFO - Started process (PID=986) to work on /opt/airflow/dags/6_1_autogeneration code.py
[2025-03-17T11:04:58.183+0000] {processor.py:830} INFO - Processing file /opt/airflow/dags/6_1_autogeneration code.py for tasks to queue
[2025-03-17T11:04:58.184+0000] {logging_mixin.py:188} INFO - [2025-03-17T11:04:58.183+0000] {dagbag.py:538} INFO - Filling up the DagBag from /opt/airflow/dags/6_1_autogeneration code.py
[2025-03-17T11:04:58.324+0000] {processor.py:840} INFO - DAG(s) '6_1_autogeneration_code' retrieved from /opt/airflow/dags/6_1_autogeneration code.py
[2025-03-17T11:04:58.343+0000] {logging_mixin.py:188} INFO - [2025-03-17T11:04:58.343+0000] {dag.py:3036} INFO - Sync 1 DAGs
[2025-03-17T11:04:58.364+0000] {logging_mixin.py:188} INFO - [2025-03-17T11:04:58.363+0000] {dag.py:3823} INFO - Setting next_dagrun for 6_1_autogeneration_code to 2025-03-16 00:00:00+00:00, run_after=2025-03-17 00:00:00+00:00
[2025-03-17T11:04:58.390+0000] {processor.py:183} INFO - Processing /opt/airflow/dags/6_1_autogeneration code.py took 0.212 seconds
[2025-03-17T11:05:32.063+0000] {processor.py:161} INFO - Started process (PID=1013) to work on /opt/airflow/dags/6_1_autogeneration code.py
[2025-03-17T11:05:32.064+0000] {processor.py:830} INFO - Processing file /opt/airflow/dags/6_1_autogeneration code.py for tasks to queue
[2025-03-17T11:05:32.065+0000] {logging_mixin.py:188} INFO - [2025-03-17T11:05:32.065+0000] {dagbag.py:538} INFO - Filling up the DagBag from /opt/airflow/dags/6_1_autogeneration code.py
[2025-03-17T11:05:32.226+0000] {processor.py:840} INFO - DAG(s) '6_1_autogeneration_code' retrieved from /opt/airflow/dags/6_1_autogeneration code.py
[2025-03-17T11:05:32.243+0000] {logging_mixin.py:188} INFO - [2025-03-17T11:05:32.243+0000] {dag.py:3036} INFO - Sync 1 DAGs
[2025-03-17T11:05:32.263+0000] {logging_mixin.py:188} INFO - [2025-03-17T11:05:32.263+0000] {dag.py:3823} INFO - Setting next_dagrun for 6_1_autogeneration_code to 2025-03-16 00:00:00+00:00, run_after=2025-03-17 00:00:00+00:00
[2025-03-17T11:05:32.287+0000] {processor.py:183} INFO - Processing /opt/airflow/dags/6_1_autogeneration code.py took 0.228 seconds
[2025-03-17T11:06:02.673+0000] {processor.py:161} INFO - Started process (PID=1038) to work on /opt/airflow/dags/6_1_autogeneration code.py
[2025-03-17T11:06:02.673+0000] {processor.py:830} INFO - Processing file /opt/airflow/dags/6_1_autogeneration code.py for tasks to queue
[2025-03-17T11:06:02.674+0000] {logging_mixin.py:188} INFO - [2025-03-17T11:06:02.674+0000] {dagbag.py:538} INFO - Filling up the DagBag from /opt/airflow/dags/6_1_autogeneration code.py
[2025-03-17T11:06:02.828+0000] {processor.py:840} INFO - DAG(s) '6_1_autogeneration_code' retrieved from /opt/airflow/dags/6_1_autogeneration code.py
[2025-03-17T11:06:02.846+0000] {logging_mixin.py:188} INFO - [2025-03-17T11:06:02.846+0000] {dag.py:3036} INFO - Sync 1 DAGs
[2025-03-17T11:06:02.870+0000] {logging_mixin.py:188} INFO - [2025-03-17T11:06:02.870+0000] {dag.py:3823} INFO - Setting next_dagrun for 6_1_autogeneration_code to 2025-03-16 00:00:00+00:00, run_after=2025-03-17 00:00:00+00:00
[2025-03-17T11:06:02.894+0000] {processor.py:183} INFO - Processing /opt/airflow/dags/6_1_autogeneration code.py took 0.224 seconds
[2025-03-17T11:06:33.247+0000] {processor.py:161} INFO - Started process (PID=1063) to work on /opt/airflow/dags/6_1_autogeneration code.py
[2025-03-17T11:06:33.248+0000] {processor.py:830} INFO - Processing file /opt/airflow/dags/6_1_autogeneration code.py for tasks to queue
[2025-03-17T11:06:33.249+0000] {logging_mixin.py:188} INFO - [2025-03-17T11:06:33.248+0000] {dagbag.py:538} INFO - Filling up the DagBag from /opt/airflow/dags/6_1_autogeneration code.py
[2025-03-17T11:06:33.416+0000] {processor.py:840} INFO - DAG(s) '6_1_autogeneration_code' retrieved from /opt/airflow/dags/6_1_autogeneration code.py
[2025-03-17T11:06:33.432+0000] {logging_mixin.py:188} INFO - [2025-03-17T11:06:33.432+0000] {dag.py:3036} INFO - Sync 1 DAGs
[2025-03-17T11:06:33.452+0000] {logging_mixin.py:188} INFO - [2025-03-17T11:06:33.451+0000] {dag.py:3823} INFO - Setting next_dagrun for 6_1_autogeneration_code to 2025-03-16 00:00:00+00:00, run_after=2025-03-17 00:00:00+00:00
[2025-03-17T11:06:33.478+0000] {processor.py:183} INFO - Processing /opt/airflow/dags/6_1_autogeneration code.py took 0.234 seconds
[2025-03-17T11:07:08.840+0000] {processor.py:161} INFO - Started process (PID=1092) to work on /opt/airflow/dags/6_1_autogeneration code.py
[2025-03-17T11:07:08.842+0000] {processor.py:830} INFO - Processing file /opt/airflow/dags/6_1_autogeneration code.py for tasks to queue
[2025-03-17T11:07:08.844+0000] {logging_mixin.py:188} INFO - [2025-03-17T11:07:08.844+0000] {dagbag.py:538} INFO - Filling up the DagBag from /opt/airflow/dags/6_1_autogeneration code.py
[2025-03-17T11:07:09.011+0000] {processor.py:840} INFO - DAG(s) '6_1_autogeneration_code' retrieved from /opt/airflow/dags/6_1_autogeneration code.py
[2025-03-17T11:07:09.034+0000] {logging_mixin.py:188} INFO - [2025-03-17T11:07:09.034+0000] {dag.py:3036} INFO - Sync 1 DAGs
[2025-03-17T11:07:09.069+0000] {logging_mixin.py:188} INFO - [2025-03-17T11:07:09.068+0000] {dag.py:3823} INFO - Setting next_dagrun for 6_1_autogeneration_code to 2025-03-16 00:00:00+00:00, run_after=2025-03-17 00:00:00+00:00
[2025-03-17T11:07:09.096+0000] {processor.py:183} INFO - Processing /opt/airflow/dags/6_1_autogeneration code.py took 0.259 seconds
[2025-03-17T11:07:45.520+0000] {processor.py:161} INFO - Started process (PID=1218) to work on /opt/airflow/dags/6_1_autogeneration code.py
[2025-03-17T11:07:45.521+0000] {processor.py:830} INFO - Processing file /opt/airflow/dags/6_1_autogeneration code.py for tasks to queue
[2025-03-17T11:07:45.522+0000] {logging_mixin.py:188} INFO - [2025-03-17T11:07:45.522+0000] {dagbag.py:538} INFO - Filling up the DagBag from /opt/airflow/dags/6_1_autogeneration code.py
[2025-03-17T11:07:45.685+0000] {processor.py:840} INFO - DAG(s) '6_1_autogeneration_code' retrieved from /opt/airflow/dags/6_1_autogeneration code.py
[2025-03-17T11:07:45.710+0000] {logging_mixin.py:188} INFO - [2025-03-17T11:07:45.710+0000] {dag.py:3036} INFO - Sync 1 DAGs
[2025-03-17T11:07:45.733+0000] {logging_mixin.py:188} INFO - [2025-03-17T11:07:45.732+0000] {dag.py:3823} INFO - Setting next_dagrun for 6_1_autogeneration_code to 2025-03-16 00:00:00+00:00, run_after=2025-03-17 00:00:00+00:00
[2025-03-17T11:07:45.764+0000] {processor.py:183} INFO - Processing /opt/airflow/dags/6_1_autogeneration code.py took 0.247 seconds
[2025-03-17T11:08:30.846+0000] {processor.py:161} INFO - Started process (PID=1333) to work on /opt/airflow/dags/6_1_autogeneration code.py
[2025-03-17T11:08:30.848+0000] {processor.py:830} INFO - Processing file /opt/airflow/dags/6_1_autogeneration code.py for tasks to queue
[2025-03-17T11:08:30.849+0000] {logging_mixin.py:188} INFO - [2025-03-17T11:08:30.848+0000] {dagbag.py:538} INFO - Filling up the DagBag from /opt/airflow/dags/6_1_autogeneration code.py
[2025-03-17T11:08:30.992+0000] {processor.py:840} INFO - DAG(s) '6_1_autogeneration_code' retrieved from /opt/airflow/dags/6_1_autogeneration code.py
[2025-03-17T11:08:31.010+0000] {logging_mixin.py:188} INFO - [2025-03-17T11:08:31.010+0000] {dag.py:3036} INFO - Sync 1 DAGs
[2025-03-17T11:08:31.029+0000] {logging_mixin.py:188} INFO - [2025-03-17T11:08:31.028+0000] {dag.py:3823} INFO - Setting next_dagrun for 6_1_autogeneration_code to 2025-03-16 00:00:00+00:00, run_after=2025-03-17 00:00:00+00:00
[2025-03-17T11:08:31.049+0000] {processor.py:183} INFO - Processing /opt/airflow/dags/6_1_autogeneration code.py took 0.206 seconds
[2025-03-17T11:09:30.955+0000] {processor.py:161} INFO - Started process (PID=1589) to work on /opt/airflow/dags/6_1_autogeneration code.py
[2025-03-17T11:09:30.956+0000] {processor.py:830} INFO - Processing file /opt/airflow/dags/6_1_autogeneration code.py for tasks to queue
[2025-03-17T11:09:30.957+0000] {logging_mixin.py:188} INFO - [2025-03-17T11:09:30.957+0000] {dagbag.py:538} INFO - Filling up the DagBag from /opt/airflow/dags/6_1_autogeneration code.py
[2025-03-17T11:09:31.146+0000] {processor.py:840} INFO - DAG(s) '6_1_autogeneration_code' retrieved from /opt/airflow/dags/6_1_autogeneration code.py
[2025-03-17T11:09:31.162+0000] {logging_mixin.py:188} INFO - [2025-03-17T11:09:31.162+0000] {dag.py:3036} INFO - Sync 1 DAGs
[2025-03-17T11:09:31.180+0000] {logging_mixin.py:188} INFO - [2025-03-17T11:09:31.180+0000] {dag.py:3823} INFO - Setting next_dagrun for 6_1_autogeneration_code to 2025-03-16 00:00:00+00:00, run_after=2025-03-17 00:00:00+00:00
[2025-03-17T11:09:31.204+0000] {processor.py:183} INFO - Processing /opt/airflow/dags/6_1_autogeneration code.py took 0.254 seconds
[2025-03-17T11:10:02.671+0000] {processor.py:161} INFO - Started process (PID=1684) to work on /opt/airflow/dags/6_1_autogeneration code.py
[2025-03-17T11:10:02.673+0000] {processor.py:830} INFO - Processing file /opt/airflow/dags/6_1_autogeneration code.py for tasks to queue
[2025-03-17T11:10:02.674+0000] {logging_mixin.py:188} INFO - [2025-03-17T11:10:02.674+0000] {dagbag.py:538} INFO - Filling up the DagBag from /opt/airflow/dags/6_1_autogeneration code.py
[2025-03-17T11:10:02.842+0000] {processor.py:840} INFO - DAG(s) '6_1_autogeneration_code' retrieved from /opt/airflow/dags/6_1_autogeneration code.py
[2025-03-17T11:10:02.858+0000] {logging_mixin.py:188} INFO - [2025-03-17T11:10:02.858+0000] {dag.py:3036} INFO - Sync 1 DAGs
[2025-03-17T11:10:02.874+0000] {logging_mixin.py:188} INFO - [2025-03-17T11:10:02.874+0000] {dag.py:3823} INFO - Setting next_dagrun for 6_1_autogeneration_code to 2025-03-16 00:00:00+00:00, run_after=2025-03-17 00:00:00+00:00
[2025-03-17T11:10:02.895+0000] {processor.py:183} INFO - Processing /opt/airflow/dags/6_1_autogeneration code.py took 0.227 seconds
[2025-03-17T11:10:36.938+0000] {processor.py:161} INFO - Started process (PID=1709) to work on /opt/airflow/dags/6_1_autogeneration code.py
[2025-03-17T11:10:36.939+0000] {processor.py:830} INFO - Processing file /opt/airflow/dags/6_1_autogeneration code.py for tasks to queue
[2025-03-17T11:10:36.940+0000] {logging_mixin.py:188} INFO - [2025-03-17T11:10:36.940+0000] {dagbag.py:538} INFO - Filling up the DagBag from /opt/airflow/dags/6_1_autogeneration code.py
[2025-03-17T11:10:37.073+0000] {processor.py:840} INFO - DAG(s) '6_1_autogeneration_code' retrieved from /opt/airflow/dags/6_1_autogeneration code.py
[2025-03-17T11:10:37.087+0000] {logging_mixin.py:188} INFO - [2025-03-17T11:10:37.087+0000] {dag.py:3036} INFO - Sync 1 DAGs
[2025-03-17T11:10:37.103+0000] {logging_mixin.py:188} INFO - [2025-03-17T11:10:37.103+0000] {dag.py:3823} INFO - Setting next_dagrun for 6_1_autogeneration_code to 2025-03-16 00:00:00+00:00, run_after=2025-03-17 00:00:00+00:00
[2025-03-17T11:10:37.123+0000] {processor.py:183} INFO - Processing /opt/airflow/dags/6_1_autogeneration code.py took 0.188 seconds
[2025-03-17T11:11:08.597+0000] {processor.py:161} INFO - Started process (PID=1734) to work on /opt/airflow/dags/6_1_autogeneration code.py
[2025-03-17T11:11:08.598+0000] {processor.py:830} INFO - Processing file /opt/airflow/dags/6_1_autogeneration code.py for tasks to queue
[2025-03-17T11:11:08.599+0000] {logging_mixin.py:188} INFO - [2025-03-17T11:11:08.599+0000] {dagbag.py:538} INFO - Filling up the DagBag from /opt/airflow/dags/6_1_autogeneration code.py
[2025-03-17T11:11:08.741+0000] {processor.py:840} INFO - DAG(s) '6_1_autogeneration_code' retrieved from /opt/airflow/dags/6_1_autogeneration code.py
[2025-03-17T11:11:08.758+0000] {logging_mixin.py:188} INFO - [2025-03-17T11:11:08.758+0000] {dag.py:3036} INFO - Sync 1 DAGs
[2025-03-17T11:11:08.776+0000] {logging_mixin.py:188} INFO - [2025-03-17T11:11:08.776+0000] {dag.py:3823} INFO - Setting next_dagrun for 6_1_autogeneration_code to 2025-03-16 00:00:00+00:00, run_after=2025-03-17 00:00:00+00:00
[2025-03-17T11:11:08.801+0000] {processor.py:183} INFO - Processing /opt/airflow/dags/6_1_autogeneration code.py took 0.207 seconds
[2025-03-17T11:11:40.117+0000] {processor.py:161} INFO - Started process (PID=1759) to work on /opt/airflow/dags/6_1_autogeneration code.py
[2025-03-17T11:11:40.118+0000] {processor.py:830} INFO - Processing file /opt/airflow/dags/6_1_autogeneration code.py for tasks to queue
[2025-03-17T11:11:40.119+0000] {logging_mixin.py:188} INFO - [2025-03-17T11:11:40.119+0000] {dagbag.py:538} INFO - Filling up the DagBag from /opt/airflow/dags/6_1_autogeneration code.py
[2025-03-17T11:11:40.258+0000] {processor.py:840} INFO - DAG(s) '6_1_autogeneration_code' retrieved from /opt/airflow/dags/6_1_autogeneration code.py
[2025-03-17T11:11:40.274+0000] {logging_mixin.py:188} INFO - [2025-03-17T11:11:40.274+0000] {dag.py:3036} INFO - Sync 1 DAGs
[2025-03-17T11:11:40.297+0000] {logging_mixin.py:188} INFO - [2025-03-17T11:11:40.296+0000] {dag.py:3823} INFO - Setting next_dagrun for 6_1_autogeneration_code to 2025-03-16 00:00:00+00:00, run_after=2025-03-17 00:00:00+00:00
[2025-03-17T11:11:40.325+0000] {processor.py:183} INFO - Processing /opt/airflow/dags/6_1_autogeneration code.py took 0.211 seconds
[2025-03-17T11:12:12.747+0000] {processor.py:161} INFO - Started process (PID=1784) to work on /opt/airflow/dags/6_1_autogeneration code.py
[2025-03-17T11:12:12.748+0000] {processor.py:830} INFO - Processing file /opt/airflow/dags/6_1_autogeneration code.py for tasks to queue
[2025-03-17T11:12:12.753+0000] {logging_mixin.py:188} INFO - [2025-03-17T11:12:12.751+0000] {dagbag.py:538} INFO - Filling up the DagBag from /opt/airflow/dags/6_1_autogeneration code.py
[2025-03-17T11:12:12.889+0000] {processor.py:840} INFO - DAG(s) '6_1_autogeneration_code' retrieved from /opt/airflow/dags/6_1_autogeneration code.py
[2025-03-17T11:12:12.905+0000] {logging_mixin.py:188} INFO - [2025-03-17T11:12:12.905+0000] {dag.py:3036} INFO - Sync 1 DAGs
[2025-03-17T11:12:12.938+0000] {logging_mixin.py:188} INFO - [2025-03-17T11:12:12.938+0000] {dag.py:3823} INFO - Setting next_dagrun for 6_1_autogeneration_code to 2025-03-16 00:00:00+00:00, run_after=2025-03-17 00:00:00+00:00
[2025-03-17T11:12:12.974+0000] {processor.py:183} INFO - Processing /opt/airflow/dags/6_1_autogeneration code.py took 0.230 seconds
