[2025-03-17T10:47:43.978+0000] {processor.py:161} INFO - Started process (PID=51) to work on /opt/airflow/dags/6_2_plagin.py
[2025-03-17T10:47:43.980+0000] {processor.py:830} INFO - Processing file /opt/airflow/dags/6_2_plagin.py for tasks to queue
[2025-03-17T10:47:43.981+0000] {logging_mixin.py:188} INFO - [2025-03-17T10:47:43.981+0000] {dagbag.py:538} INFO - Filling up the DagBag from /opt/airflow/dags/6_2_plagin.py
[2025-03-17T10:47:44.010+0000] {processor.py:840} INFO - DAG(s) '6_2_plagin' retrieved from /opt/airflow/dags/6_2_plagin.py
[2025-03-17T10:47:44.027+0000] {logging_mixin.py:188} INFO - [2025-03-17T10:47:44.026+0000] {dag.py:3036} INFO - Sync 1 DAGs
[2025-03-17T10:47:44.069+0000] {logging_mixin.py:188} INFO - [2025-03-17T10:47:44.068+0000] {dag.py:3823} INFO - Setting next_dagrun for 6_2_plagin to 2025-03-16 00:00:00+00:00, run_after=2025-03-17 00:00:00+00:00
[2025-03-17T10:47:44.100+0000] {processor.py:183} INFO - Processing /opt/airflow/dags/6_2_plagin.py took 0.125 seconds
[2025-03-17T10:48:18.074+0000] {processor.py:161} INFO - Started process (PID=183) to work on /opt/airflow/dags/6_2_plagin.py
[2025-03-17T10:48:18.078+0000] {processor.py:830} INFO - Processing file /opt/airflow/dags/6_2_plagin.py for tasks to queue
[2025-03-17T10:48:18.079+0000] {logging_mixin.py:188} INFO - [2025-03-17T10:48:18.079+0000] {dagbag.py:538} INFO - Filling up the DagBag from /opt/airflow/dags/6_2_plagin.py
[2025-03-17T10:48:18.106+0000] {processor.py:840} INFO - DAG(s) '6_2_plagin' retrieved from /opt/airflow/dags/6_2_plagin.py
[2025-03-17T10:48:18.244+0000] {logging_mixin.py:188} INFO - [2025-03-17T10:48:18.243+0000] {dag.py:3036} INFO - Sync 1 DAGs
[2025-03-17T10:48:18.270+0000] {logging_mixin.py:188} INFO - [2025-03-17T10:48:18.270+0000] {dag.py:3823} INFO - Setting next_dagrun for 6_2_plagin to 2025-03-16 00:00:00+00:00, run_after=2025-03-17 00:00:00+00:00
[2025-03-17T10:48:18.323+0000] {processor.py:183} INFO - Processing /opt/airflow/dags/6_2_plagin.py took 0.255 seconds
[2025-03-17T10:48:49.107+0000] {processor.py:161} INFO - Started process (PID=207) to work on /opt/airflow/dags/6_2_plagin.py
[2025-03-17T10:48:49.108+0000] {processor.py:830} INFO - Processing file /opt/airflow/dags/6_2_plagin.py for tasks to queue
[2025-03-17T10:48:49.110+0000] {logging_mixin.py:188} INFO - [2025-03-17T10:48:49.109+0000] {dagbag.py:538} INFO - Filling up the DagBag from /opt/airflow/dags/6_2_plagin.py
[2025-03-17T10:48:49.126+0000] {processor.py:840} INFO - DAG(s) '6_2_plagin' retrieved from /opt/airflow/dags/6_2_plagin.py
[2025-03-17T10:48:49.145+0000] {logging_mixin.py:188} INFO - [2025-03-17T10:48:49.145+0000] {dag.py:3036} INFO - Sync 1 DAGs
[2025-03-17T10:48:49.166+0000] {logging_mixin.py:188} INFO - [2025-03-17T10:48:49.165+0000] {dag.py:3823} INFO - Setting next_dagrun for 6_2_plagin to 2025-03-16 00:00:00+00:00, run_after=2025-03-17 00:00:00+00:00
[2025-03-17T10:48:49.201+0000] {processor.py:183} INFO - Processing /opt/airflow/dags/6_2_plagin.py took 0.098 seconds
[2025-03-17T10:49:20.901+0000] {processor.py:161} INFO - Started process (PID=231) to work on /opt/airflow/dags/6_2_plagin.py
[2025-03-17T10:49:20.902+0000] {processor.py:830} INFO - Processing file /opt/airflow/dags/6_2_plagin.py for tasks to queue
[2025-03-17T10:49:20.903+0000] {logging_mixin.py:188} INFO - [2025-03-17T10:49:20.902+0000] {dagbag.py:538} INFO - Filling up the DagBag from /opt/airflow/dags/6_2_plagin.py
[2025-03-17T10:49:20.917+0000] {processor.py:840} INFO - DAG(s) '6_2_plagin' retrieved from /opt/airflow/dags/6_2_plagin.py
[2025-03-17T10:49:20.936+0000] {logging_mixin.py:188} INFO - [2025-03-17T10:49:20.936+0000] {dag.py:3036} INFO - Sync 1 DAGs
[2025-03-17T10:49:20.956+0000] {logging_mixin.py:188} INFO - [2025-03-17T10:49:20.956+0000] {dag.py:3823} INFO - Setting next_dagrun for 6_2_plagin to 2025-03-16 00:00:00+00:00, run_after=2025-03-17 00:00:00+00:00
[2025-03-17T10:49:20.997+0000] {processor.py:183} INFO - Processing /opt/airflow/dags/6_2_plagin.py took 0.099 seconds
[2025-03-17T10:49:52.308+0000] {processor.py:161} INFO - Started process (PID=255) to work on /opt/airflow/dags/6_2_plagin.py
[2025-03-17T10:49:52.309+0000] {processor.py:830} INFO - Processing file /opt/airflow/dags/6_2_plagin.py for tasks to queue
[2025-03-17T10:49:52.310+0000] {logging_mixin.py:188} INFO - [2025-03-17T10:49:52.310+0000] {dagbag.py:538} INFO - Filling up the DagBag from /opt/airflow/dags/6_2_plagin.py
[2025-03-17T10:49:52.322+0000] {processor.py:840} INFO - DAG(s) '6_2_plagin' retrieved from /opt/airflow/dags/6_2_plagin.py
[2025-03-17T10:49:52.339+0000] {logging_mixin.py:188} INFO - [2025-03-17T10:49:52.339+0000] {dag.py:3036} INFO - Sync 1 DAGs
[2025-03-17T10:49:52.355+0000] {logging_mixin.py:188} INFO - [2025-03-17T10:49:52.354+0000] {dag.py:3823} INFO - Setting next_dagrun for 6_2_plagin to 2025-03-16 00:00:00+00:00, run_after=2025-03-17 00:00:00+00:00
[2025-03-17T10:49:52.384+0000] {processor.py:183} INFO - Processing /opt/airflow/dags/6_2_plagin.py took 0.078 seconds
[2025-03-17T10:50:23.194+0000] {processor.py:161} INFO - Started process (PID=279) to work on /opt/airflow/dags/6_2_plagin.py
[2025-03-17T10:50:23.195+0000] {processor.py:830} INFO - Processing file /opt/airflow/dags/6_2_plagin.py for tasks to queue
[2025-03-17T10:50:23.197+0000] {logging_mixin.py:188} INFO - [2025-03-17T10:50:23.196+0000] {dagbag.py:538} INFO - Filling up the DagBag from /opt/airflow/dags/6_2_plagin.py
[2025-03-17T10:50:23.217+0000] {processor.py:840} INFO - DAG(s) '6_2_plagin' retrieved from /opt/airflow/dags/6_2_plagin.py
[2025-03-17T10:50:23.240+0000] {logging_mixin.py:188} INFO - [2025-03-17T10:50:23.239+0000] {dag.py:3036} INFO - Sync 1 DAGs
[2025-03-17T10:50:23.268+0000] {logging_mixin.py:188} INFO - [2025-03-17T10:50:23.268+0000] {dag.py:3823} INFO - Setting next_dagrun for 6_2_plagin to 2025-03-16 00:00:00+00:00, run_after=2025-03-17 00:00:00+00:00
[2025-03-17T10:50:23.312+0000] {processor.py:183} INFO - Processing /opt/airflow/dags/6_2_plagin.py took 0.123 seconds
[2025-03-17T10:50:54.312+0000] {processor.py:161} INFO - Started process (PID=303) to work on /opt/airflow/dags/6_2_plagin.py
[2025-03-17T10:50:54.312+0000] {processor.py:830} INFO - Processing file /opt/airflow/dags/6_2_plagin.py for tasks to queue
[2025-03-17T10:50:54.313+0000] {logging_mixin.py:188} INFO - [2025-03-17T10:50:54.313+0000] {dagbag.py:538} INFO - Filling up the DagBag from /opt/airflow/dags/6_2_plagin.py
[2025-03-17T10:50:54.327+0000] {processor.py:840} INFO - DAG(s) '6_2_plagin' retrieved from /opt/airflow/dags/6_2_plagin.py
[2025-03-17T10:50:54.341+0000] {logging_mixin.py:188} INFO - [2025-03-17T10:50:54.341+0000] {dag.py:3036} INFO - Sync 1 DAGs
[2025-03-17T10:50:54.357+0000] {logging_mixin.py:188} INFO - [2025-03-17T10:50:54.357+0000] {dag.py:3823} INFO - Setting next_dagrun for 6_2_plagin to 2025-03-16 00:00:00+00:00, run_after=2025-03-17 00:00:00+00:00
[2025-03-17T10:50:54.392+0000] {processor.py:183} INFO - Processing /opt/airflow/dags/6_2_plagin.py took 0.083 seconds
[2025-03-17T10:51:25.342+0000] {processor.py:161} INFO - Started process (PID=327) to work on /opt/airflow/dags/6_2_plagin.py
[2025-03-17T10:51:25.343+0000] {processor.py:830} INFO - Processing file /opt/airflow/dags/6_2_plagin.py for tasks to queue
[2025-03-17T10:51:25.344+0000] {logging_mixin.py:188} INFO - [2025-03-17T10:51:25.344+0000] {dagbag.py:538} INFO - Filling up the DagBag from /opt/airflow/dags/6_2_plagin.py
[2025-03-17T10:51:25.361+0000] {processor.py:840} INFO - DAG(s) '6_2_plagin' retrieved from /opt/airflow/dags/6_2_plagin.py
[2025-03-17T10:51:25.379+0000] {logging_mixin.py:188} INFO - [2025-03-17T10:51:25.378+0000] {dag.py:3036} INFO - Sync 1 DAGs
[2025-03-17T10:51:25.397+0000] {logging_mixin.py:188} INFO - [2025-03-17T10:51:25.397+0000] {dag.py:3823} INFO - Setting next_dagrun for 6_2_plagin to 2025-03-16 00:00:00+00:00, run_after=2025-03-17 00:00:00+00:00
[2025-03-17T10:51:25.424+0000] {processor.py:183} INFO - Processing /opt/airflow/dags/6_2_plagin.py took 0.085 seconds
[2025-03-17T10:51:56.384+0000] {processor.py:161} INFO - Started process (PID=351) to work on /opt/airflow/dags/6_2_plagin.py
[2025-03-17T10:51:56.385+0000] {processor.py:830} INFO - Processing file /opt/airflow/dags/6_2_plagin.py for tasks to queue
[2025-03-17T10:51:56.386+0000] {logging_mixin.py:188} INFO - [2025-03-17T10:51:56.385+0000] {dagbag.py:538} INFO - Filling up the DagBag from /opt/airflow/dags/6_2_plagin.py
[2025-03-17T10:51:56.399+0000] {processor.py:840} INFO - DAG(s) '6_2_plagin' retrieved from /opt/airflow/dags/6_2_plagin.py
[2025-03-17T10:51:56.413+0000] {logging_mixin.py:188} INFO - [2025-03-17T10:51:56.413+0000] {dag.py:3036} INFO - Sync 1 DAGs
[2025-03-17T10:51:56.428+0000] {logging_mixin.py:188} INFO - [2025-03-17T10:51:56.428+0000] {dag.py:3823} INFO - Setting next_dagrun for 6_2_plagin to 2025-03-16 00:00:00+00:00, run_after=2025-03-17 00:00:00+00:00
[2025-03-17T10:51:56.448+0000] {processor.py:183} INFO - Processing /opt/airflow/dags/6_2_plagin.py took 0.066 seconds
[2025-03-17T10:52:27.427+0000] {processor.py:161} INFO - Started process (PID=375) to work on /opt/airflow/dags/6_2_plagin.py
[2025-03-17T10:52:27.428+0000] {processor.py:830} INFO - Processing file /opt/airflow/dags/6_2_plagin.py for tasks to queue
[2025-03-17T10:52:27.429+0000] {logging_mixin.py:188} INFO - [2025-03-17T10:52:27.428+0000] {dagbag.py:538} INFO - Filling up the DagBag from /opt/airflow/dags/6_2_plagin.py
[2025-03-17T10:52:27.445+0000] {processor.py:840} INFO - DAG(s) '6_2_plagin' retrieved from /opt/airflow/dags/6_2_plagin.py
[2025-03-17T10:52:27.465+0000] {logging_mixin.py:188} INFO - [2025-03-17T10:52:27.464+0000] {dag.py:3036} INFO - Sync 1 DAGs
[2025-03-17T10:52:27.490+0000] {logging_mixin.py:188} INFO - [2025-03-17T10:52:27.490+0000] {dag.py:3823} INFO - Setting next_dagrun for 6_2_plagin to 2025-03-16 00:00:00+00:00, run_after=2025-03-17 00:00:00+00:00
[2025-03-17T10:52:27.515+0000] {processor.py:183} INFO - Processing /opt/airflow/dags/6_2_plagin.py took 0.091 seconds
[2025-03-17T10:52:58.389+0000] {processor.py:161} INFO - Started process (PID=399) to work on /opt/airflow/dags/6_2_plagin.py
[2025-03-17T10:52:58.390+0000] {processor.py:830} INFO - Processing file /opt/airflow/dags/6_2_plagin.py for tasks to queue
[2025-03-17T10:52:58.392+0000] {logging_mixin.py:188} INFO - [2025-03-17T10:52:58.391+0000] {dagbag.py:538} INFO - Filling up the DagBag from /opt/airflow/dags/6_2_plagin.py
[2025-03-17T10:52:58.406+0000] {processor.py:840} INFO - DAG(s) '6_2_plagin' retrieved from /opt/airflow/dags/6_2_plagin.py
[2025-03-17T10:52:58.424+0000] {logging_mixin.py:188} INFO - [2025-03-17T10:52:58.424+0000] {dag.py:3036} INFO - Sync 1 DAGs
[2025-03-17T10:52:58.442+0000] {logging_mixin.py:188} INFO - [2025-03-17T10:52:58.442+0000] {dag.py:3823} INFO - Setting next_dagrun for 6_2_plagin to 2025-03-16 00:00:00+00:00, run_after=2025-03-17 00:00:00+00:00
[2025-03-17T10:52:58.468+0000] {processor.py:183} INFO - Processing /opt/airflow/dags/6_2_plagin.py took 0.081 seconds
[2025-03-17T10:53:31.350+0000] {processor.py:161} INFO - Started process (PID=425) to work on /opt/airflow/dags/6_2_plagin.py
[2025-03-17T10:53:31.351+0000] {processor.py:830} INFO - Processing file /opt/airflow/dags/6_2_plagin.py for tasks to queue
[2025-03-17T10:53:31.353+0000] {logging_mixin.py:188} INFO - [2025-03-17T10:53:31.352+0000] {dagbag.py:538} INFO - Filling up the DagBag from /opt/airflow/dags/6_2_plagin.py
[2025-03-17T10:53:31.371+0000] {processor.py:840} INFO - DAG(s) '6_2_plagin' retrieved from /opt/airflow/dags/6_2_plagin.py
[2025-03-17T10:53:31.392+0000] {logging_mixin.py:188} INFO - [2025-03-17T10:53:31.391+0000] {dag.py:3036} INFO - Sync 1 DAGs
[2025-03-17T10:53:31.416+0000] {logging_mixin.py:188} INFO - [2025-03-17T10:53:31.415+0000] {dag.py:3823} INFO - Setting next_dagrun for 6_2_plagin to 2025-03-16 00:00:00+00:00, run_after=2025-03-17 00:00:00+00:00
[2025-03-17T10:53:31.442+0000] {processor.py:183} INFO - Processing /opt/airflow/dags/6_2_plagin.py took 0.094 seconds
[2025-03-17T10:54:02.887+0000] {processor.py:161} INFO - Started process (PID=450) to work on /opt/airflow/dags/6_2_plagin.py
[2025-03-17T10:54:02.888+0000] {processor.py:830} INFO - Processing file /opt/airflow/dags/6_2_plagin.py for tasks to queue
[2025-03-17T10:54:02.889+0000] {logging_mixin.py:188} INFO - [2025-03-17T10:54:02.888+0000] {dagbag.py:538} INFO - Filling up the DagBag from /opt/airflow/dags/6_2_plagin.py
[2025-03-17T10:54:02.900+0000] {processor.py:840} INFO - DAG(s) '6_2_plagin' retrieved from /opt/airflow/dags/6_2_plagin.py
[2025-03-17T10:54:02.914+0000] {logging_mixin.py:188} INFO - [2025-03-17T10:54:02.914+0000] {dag.py:3036} INFO - Sync 1 DAGs
[2025-03-17T10:54:02.929+0000] {logging_mixin.py:188} INFO - [2025-03-17T10:54:02.929+0000] {dag.py:3823} INFO - Setting next_dagrun for 6_2_plagin to 2025-03-16 00:00:00+00:00, run_after=2025-03-17 00:00:00+00:00
[2025-03-17T10:54:02.948+0000] {processor.py:183} INFO - Processing /opt/airflow/dags/6_2_plagin.py took 0.064 seconds
[2025-03-17T10:54:34.096+0000] {processor.py:161} INFO - Started process (PID=475) to work on /opt/airflow/dags/6_2_plagin.py
[2025-03-17T10:54:34.097+0000] {processor.py:830} INFO - Processing file /opt/airflow/dags/6_2_plagin.py for tasks to queue
[2025-03-17T10:54:34.098+0000] {logging_mixin.py:188} INFO - [2025-03-17T10:54:34.098+0000] {dagbag.py:538} INFO - Filling up the DagBag from /opt/airflow/dags/6_2_plagin.py
[2025-03-17T10:54:34.112+0000] {processor.py:840} INFO - DAG(s) '6_2_plagin' retrieved from /opt/airflow/dags/6_2_plagin.py
[2025-03-17T10:54:34.130+0000] {logging_mixin.py:188} INFO - [2025-03-17T10:54:34.130+0000] {dag.py:3036} INFO - Sync 1 DAGs
[2025-03-17T10:54:34.152+0000] {logging_mixin.py:188} INFO - [2025-03-17T10:54:34.151+0000] {dag.py:3823} INFO - Setting next_dagrun for 6_2_plagin to 2025-03-16 00:00:00+00:00, run_after=2025-03-17 00:00:00+00:00
[2025-03-17T10:54:34.180+0000] {processor.py:183} INFO - Processing /opt/airflow/dags/6_2_plagin.py took 0.086 seconds
[2025-03-17T10:55:04.935+0000] {processor.py:161} INFO - Started process (PID=500) to work on /opt/airflow/dags/6_2_plagin.py
[2025-03-17T10:55:04.937+0000] {processor.py:830} INFO - Processing file /opt/airflow/dags/6_2_plagin.py for tasks to queue
[2025-03-17T10:55:04.938+0000] {logging_mixin.py:188} INFO - [2025-03-17T10:55:04.938+0000] {dagbag.py:538} INFO - Filling up the DagBag from /opt/airflow/dags/6_2_plagin.py
[2025-03-17T10:55:04.958+0000] {processor.py:840} INFO - DAG(s) '6_2_plagin' retrieved from /opt/airflow/dags/6_2_plagin.py
[2025-03-17T10:55:04.978+0000] {logging_mixin.py:188} INFO - [2025-03-17T10:55:04.978+0000] {dag.py:3036} INFO - Sync 1 DAGs
[2025-03-17T10:55:04.998+0000] {logging_mixin.py:188} INFO - [2025-03-17T10:55:04.998+0000] {dag.py:3823} INFO - Setting next_dagrun for 6_2_plagin to 2025-03-16 00:00:00+00:00, run_after=2025-03-17 00:00:00+00:00
[2025-03-17T10:55:05.027+0000] {processor.py:183} INFO - Processing /opt/airflow/dags/6_2_plagin.py took 0.097 seconds
[2025-03-17T10:55:35.768+0000] {processor.py:161} INFO - Started process (PID=525) to work on /opt/airflow/dags/6_2_plagin.py
[2025-03-17T10:55:35.769+0000] {processor.py:830} INFO - Processing file /opt/airflow/dags/6_2_plagin.py for tasks to queue
[2025-03-17T10:55:35.770+0000] {logging_mixin.py:188} INFO - [2025-03-17T10:55:35.770+0000] {dagbag.py:538} INFO - Filling up the DagBag from /opt/airflow/dags/6_2_plagin.py
[2025-03-17T10:55:35.784+0000] {processor.py:840} INFO - DAG(s) '6_2_plagin' retrieved from /opt/airflow/dags/6_2_plagin.py
[2025-03-17T10:55:35.800+0000] {logging_mixin.py:188} INFO - [2025-03-17T10:55:35.800+0000] {dag.py:3036} INFO - Sync 1 DAGs
[2025-03-17T10:55:35.818+0000] {logging_mixin.py:188} INFO - [2025-03-17T10:55:35.818+0000] {dag.py:3823} INFO - Setting next_dagrun for 6_2_plagin to 2025-03-16 00:00:00+00:00, run_after=2025-03-17 00:00:00+00:00
[2025-03-17T10:55:35.847+0000] {processor.py:183} INFO - Processing /opt/airflow/dags/6_2_plagin.py took 0.082 seconds
[2025-03-17T10:56:06.697+0000] {processor.py:161} INFO - Started process (PID=550) to work on /opt/airflow/dags/6_2_plagin.py
[2025-03-17T10:56:06.698+0000] {processor.py:830} INFO - Processing file /opt/airflow/dags/6_2_plagin.py for tasks to queue
[2025-03-17T10:56:06.699+0000] {logging_mixin.py:188} INFO - [2025-03-17T10:56:06.699+0000] {dagbag.py:538} INFO - Filling up the DagBag from /opt/airflow/dags/6_2_plagin.py
[2025-03-17T10:56:06.713+0000] {processor.py:840} INFO - DAG(s) '6_2_plagin' retrieved from /opt/airflow/dags/6_2_plagin.py
[2025-03-17T10:56:06.729+0000] {logging_mixin.py:188} INFO - [2025-03-17T10:56:06.728+0000] {dag.py:3036} INFO - Sync 1 DAGs
[2025-03-17T10:56:06.745+0000] {logging_mixin.py:188} INFO - [2025-03-17T10:56:06.745+0000] {dag.py:3823} INFO - Setting next_dagrun for 6_2_plagin to 2025-03-16 00:00:00+00:00, run_after=2025-03-17 00:00:00+00:00
[2025-03-17T10:56:06.767+0000] {processor.py:183} INFO - Processing /opt/airflow/dags/6_2_plagin.py took 0.072 seconds
[2025-03-17T10:56:37.800+0000] {processor.py:161} INFO - Started process (PID=575) to work on /opt/airflow/dags/6_2_plagin.py
[2025-03-17T10:56:37.801+0000] {processor.py:830} INFO - Processing file /opt/airflow/dags/6_2_plagin.py for tasks to queue
[2025-03-17T10:56:37.802+0000] {logging_mixin.py:188} INFO - [2025-03-17T10:56:37.802+0000] {dagbag.py:538} INFO - Filling up the DagBag from /opt/airflow/dags/6_2_plagin.py
[2025-03-17T10:56:37.815+0000] {processor.py:840} INFO - DAG(s) '6_2_plagin' retrieved from /opt/airflow/dags/6_2_plagin.py
[2025-03-17T10:56:37.831+0000] {logging_mixin.py:188} INFO - [2025-03-17T10:56:37.830+0000] {dag.py:3036} INFO - Sync 1 DAGs
[2025-03-17T10:56:37.847+0000] {logging_mixin.py:188} INFO - [2025-03-17T10:56:37.847+0000] {dag.py:3823} INFO - Setting next_dagrun for 6_2_plagin to 2025-03-16 00:00:00+00:00, run_after=2025-03-17 00:00:00+00:00
[2025-03-17T10:56:37.866+0000] {processor.py:183} INFO - Processing /opt/airflow/dags/6_2_plagin.py took 0.068 seconds
[2025-03-17T10:57:08.815+0000] {processor.py:161} INFO - Started process (PID=600) to work on /opt/airflow/dags/6_2_plagin.py
[2025-03-17T10:57:08.817+0000] {processor.py:830} INFO - Processing file /opt/airflow/dags/6_2_plagin.py for tasks to queue
[2025-03-17T10:57:08.818+0000] {logging_mixin.py:188} INFO - [2025-03-17T10:57:08.817+0000] {dagbag.py:538} INFO - Filling up the DagBag from /opt/airflow/dags/6_2_plagin.py
[2025-03-17T10:57:08.837+0000] {processor.py:840} INFO - DAG(s) '6_2_plagin' retrieved from /opt/airflow/dags/6_2_plagin.py
[2025-03-17T10:57:08.860+0000] {logging_mixin.py:188} INFO - [2025-03-17T10:57:08.860+0000] {dag.py:3036} INFO - Sync 1 DAGs
[2025-03-17T10:57:08.887+0000] {logging_mixin.py:188} INFO - [2025-03-17T10:57:08.886+0000] {dag.py:3823} INFO - Setting next_dagrun for 6_2_plagin to 2025-03-16 00:00:00+00:00, run_after=2025-03-17 00:00:00+00:00
[2025-03-17T10:57:08.916+0000] {processor.py:183} INFO - Processing /opt/airflow/dags/6_2_plagin.py took 0.107 seconds
[2025-03-17T10:57:39.993+0000] {processor.py:161} INFO - Started process (PID=625) to work on /opt/airflow/dags/6_2_plagin.py
[2025-03-17T10:57:39.994+0000] {processor.py:830} INFO - Processing file /opt/airflow/dags/6_2_plagin.py for tasks to queue
[2025-03-17T10:57:39.995+0000] {logging_mixin.py:188} INFO - [2025-03-17T10:57:39.995+0000] {dagbag.py:538} INFO - Filling up the DagBag from /opt/airflow/dags/6_2_plagin.py
[2025-03-17T10:57:40.008+0000] {processor.py:840} INFO - DAG(s) '6_2_plagin' retrieved from /opt/airflow/dags/6_2_plagin.py
[2025-03-17T10:57:40.022+0000] {logging_mixin.py:188} INFO - [2025-03-17T10:57:40.022+0000] {dag.py:3036} INFO - Sync 1 DAGs
[2025-03-17T10:57:40.038+0000] {logging_mixin.py:188} INFO - [2025-03-17T10:57:40.037+0000] {dag.py:3823} INFO - Setting next_dagrun for 6_2_plagin to 2025-03-16 00:00:00+00:00, run_after=2025-03-17 00:00:00+00:00
[2025-03-17T10:57:40.056+0000] {processor.py:183} INFO - Processing /opt/airflow/dags/6_2_plagin.py took 0.066 seconds
[2025-03-17T10:58:10.994+0000] {processor.py:161} INFO - Started process (PID=650) to work on /opt/airflow/dags/6_2_plagin.py
[2025-03-17T10:58:10.996+0000] {processor.py:830} INFO - Processing file /opt/airflow/dags/6_2_plagin.py for tasks to queue
[2025-03-17T10:58:10.997+0000] {logging_mixin.py:188} INFO - [2025-03-17T10:58:10.996+0000] {dagbag.py:538} INFO - Filling up the DagBag from /opt/airflow/dags/6_2_plagin.py
[2025-03-17T10:58:11.019+0000] {processor.py:840} INFO - DAG(s) '6_2_plagin' retrieved from /opt/airflow/dags/6_2_plagin.py
[2025-03-17T10:58:11.042+0000] {logging_mixin.py:188} INFO - [2025-03-17T10:58:11.042+0000] {dag.py:3036} INFO - Sync 1 DAGs
[2025-03-17T10:58:11.078+0000] {logging_mixin.py:188} INFO - [2025-03-17T10:58:11.077+0000] {dag.py:3823} INFO - Setting next_dagrun for 6_2_plagin to 2025-03-16 00:00:00+00:00, run_after=2025-03-17 00:00:00+00:00
[2025-03-17T10:58:11.158+0000] {processor.py:183} INFO - Processing /opt/airflow/dags/6_2_plagin.py took 0.168 seconds
[2025-03-17T10:58:42.194+0000] {processor.py:161} INFO - Started process (PID=675) to work on /opt/airflow/dags/6_2_plagin.py
[2025-03-17T10:58:42.195+0000] {processor.py:830} INFO - Processing file /opt/airflow/dags/6_2_plagin.py for tasks to queue
[2025-03-17T10:58:42.196+0000] {logging_mixin.py:188} INFO - [2025-03-17T10:58:42.195+0000] {dagbag.py:538} INFO - Filling up the DagBag from /opt/airflow/dags/6_2_plagin.py
[2025-03-17T10:58:42.209+0000] {processor.py:840} INFO - DAG(s) '6_2_plagin' retrieved from /opt/airflow/dags/6_2_plagin.py
[2025-03-17T10:58:42.224+0000] {logging_mixin.py:188} INFO - [2025-03-17T10:58:42.224+0000] {dag.py:3036} INFO - Sync 1 DAGs
[2025-03-17T10:58:42.241+0000] {logging_mixin.py:188} INFO - [2025-03-17T10:58:42.241+0000] {dag.py:3823} INFO - Setting next_dagrun for 6_2_plagin to 2025-03-16 00:00:00+00:00, run_after=2025-03-17 00:00:00+00:00
[2025-03-17T10:58:42.268+0000] {processor.py:183} INFO - Processing /opt/airflow/dags/6_2_plagin.py took 0.076 seconds
[2025-03-17T10:59:13.756+0000] {processor.py:161} INFO - Started process (PID=700) to work on /opt/airflow/dags/6_2_plagin.py
[2025-03-17T10:59:13.757+0000] {processor.py:830} INFO - Processing file /opt/airflow/dags/6_2_plagin.py for tasks to queue
[2025-03-17T10:59:13.758+0000] {logging_mixin.py:188} INFO - [2025-03-17T10:59:13.758+0000] {dagbag.py:538} INFO - Filling up the DagBag from /opt/airflow/dags/6_2_plagin.py
[2025-03-17T10:59:13.776+0000] {processor.py:840} INFO - DAG(s) '6_2_plagin' retrieved from /opt/airflow/dags/6_2_plagin.py
[2025-03-17T10:59:13.795+0000] {logging_mixin.py:188} INFO - [2025-03-17T10:59:13.794+0000] {dag.py:3036} INFO - Sync 1 DAGs
[2025-03-17T10:59:13.814+0000] {logging_mixin.py:188} INFO - [2025-03-17T10:59:13.813+0000] {dag.py:3823} INFO - Setting next_dagrun for 6_2_plagin to 2025-03-16 00:00:00+00:00, run_after=2025-03-17 00:00:00+00:00
[2025-03-17T10:59:13.840+0000] {processor.py:183} INFO - Processing /opt/airflow/dags/6_2_plagin.py took 0.087 seconds
[2025-03-17T10:59:44.028+0000] {processor.py:161} INFO - Started process (PID=725) to work on /opt/airflow/dags/6_2_plagin.py
[2025-03-17T10:59:44.030+0000] {processor.py:830} INFO - Processing file /opt/airflow/dags/6_2_plagin.py for tasks to queue
[2025-03-17T10:59:44.031+0000] {logging_mixin.py:188} INFO - [2025-03-17T10:59:44.031+0000] {dagbag.py:538} INFO - Filling up the DagBag from /opt/airflow/dags/6_2_plagin.py
[2025-03-17T10:59:44.064+0000] {processor.py:840} INFO - DAG(s) '6_2_plagin' retrieved from /opt/airflow/dags/6_2_plagin.py
[2025-03-17T10:59:44.112+0000] {logging_mixin.py:188} INFO - [2025-03-17T10:59:44.112+0000] {dag.py:3036} INFO - Sync 1 DAGs
[2025-03-17T10:59:44.150+0000] {logging_mixin.py:188} INFO - [2025-03-17T10:59:44.150+0000] {dag.py:3823} INFO - Setting next_dagrun for 6_2_plagin to 2025-03-16 00:00:00+00:00, run_after=2025-03-17 00:00:00+00:00
[2025-03-17T10:59:44.205+0000] {processor.py:183} INFO - Processing /opt/airflow/dags/6_2_plagin.py took 0.184 seconds
[2025-03-17T11:00:16.118+0000] {processor.py:161} INFO - Started process (PID=750) to work on /opt/airflow/dags/6_2_plagin.py
[2025-03-17T11:00:16.120+0000] {processor.py:830} INFO - Processing file /opt/airflow/dags/6_2_plagin.py for tasks to queue
[2025-03-17T11:00:16.122+0000] {logging_mixin.py:188} INFO - [2025-03-17T11:00:16.121+0000] {dagbag.py:538} INFO - Filling up the DagBag from /opt/airflow/dags/6_2_plagin.py
[2025-03-17T11:00:16.137+0000] {processor.py:840} INFO - DAG(s) '6_2_plagin' retrieved from /opt/airflow/dags/6_2_plagin.py
[2025-03-17T11:00:16.164+0000] {logging_mixin.py:188} INFO - [2025-03-17T11:00:16.164+0000] {dag.py:3036} INFO - Sync 1 DAGs
[2025-03-17T11:00:16.190+0000] {logging_mixin.py:188} INFO - [2025-03-17T11:00:16.189+0000] {dag.py:3823} INFO - Setting next_dagrun for 6_2_plagin to 2025-03-16 00:00:00+00:00, run_after=2025-03-17 00:00:00+00:00
[2025-03-17T11:00:16.225+0000] {processor.py:183} INFO - Processing /opt/airflow/dags/6_2_plagin.py took 0.113 seconds
[2025-03-17T11:00:47.803+0000] {processor.py:161} INFO - Started process (PID=777) to work on /opt/airflow/dags/6_2_plagin.py
[2025-03-17T11:00:47.804+0000] {processor.py:830} INFO - Processing file /opt/airflow/dags/6_2_plagin.py for tasks to queue
[2025-03-17T11:00:47.805+0000] {logging_mixin.py:188} INFO - [2025-03-17T11:00:47.805+0000] {dagbag.py:538} INFO - Filling up the DagBag from /opt/airflow/dags/6_2_plagin.py
[2025-03-17T11:00:47.819+0000] {processor.py:840} INFO - DAG(s) '6_2_plagin' retrieved from /opt/airflow/dags/6_2_plagin.py
[2025-03-17T11:00:47.834+0000] {logging_mixin.py:188} INFO - [2025-03-17T11:00:47.834+0000] {dag.py:3036} INFO - Sync 1 DAGs
[2025-03-17T11:00:47.851+0000] {logging_mixin.py:188} INFO - [2025-03-17T11:00:47.851+0000] {dag.py:3823} INFO - Setting next_dagrun for 6_2_plagin to 2025-03-16 00:00:00+00:00, run_after=2025-03-17 00:00:00+00:00
[2025-03-17T11:00:47.880+0000] {processor.py:183} INFO - Processing /opt/airflow/dags/6_2_plagin.py took 0.079 seconds
[2025-03-17T11:01:18.765+0000] {processor.py:161} INFO - Started process (PID=804) to work on /opt/airflow/dags/6_2_plagin.py
[2025-03-17T11:01:18.767+0000] {processor.py:830} INFO - Processing file /opt/airflow/dags/6_2_plagin.py for tasks to queue
[2025-03-17T11:01:18.768+0000] {logging_mixin.py:188} INFO - [2025-03-17T11:01:18.768+0000] {dagbag.py:538} INFO - Filling up the DagBag from /opt/airflow/dags/6_2_plagin.py
[2025-03-17T11:01:18.783+0000] {processor.py:840} INFO - DAG(s) '6_2_plagin' retrieved from /opt/airflow/dags/6_2_plagin.py
[2025-03-17T11:01:18.798+0000] {logging_mixin.py:188} INFO - [2025-03-17T11:01:18.798+0000] {dag.py:3036} INFO - Sync 1 DAGs
[2025-03-17T11:01:18.814+0000] {logging_mixin.py:188} INFO - [2025-03-17T11:01:18.814+0000] {dag.py:3823} INFO - Setting next_dagrun for 6_2_plagin to 2025-03-16 00:00:00+00:00, run_after=2025-03-17 00:00:00+00:00
[2025-03-17T11:01:18.838+0000] {processor.py:183} INFO - Processing /opt/airflow/dags/6_2_plagin.py took 0.077 seconds
[2025-03-17T11:01:49.498+0000] {processor.py:161} INFO - Started process (PID=829) to work on /opt/airflow/dags/6_2_plagin.py
[2025-03-17T11:01:49.499+0000] {processor.py:830} INFO - Processing file /opt/airflow/dags/6_2_plagin.py for tasks to queue
[2025-03-17T11:01:49.500+0000] {logging_mixin.py:188} INFO - [2025-03-17T11:01:49.499+0000] {dagbag.py:538} INFO - Filling up the DagBag from /opt/airflow/dags/6_2_plagin.py
[2025-03-17T11:01:49.514+0000] {processor.py:840} INFO - DAG(s) '6_2_plagin' retrieved from /opt/airflow/dags/6_2_plagin.py
[2025-03-17T11:01:49.531+0000] {logging_mixin.py:188} INFO - [2025-03-17T11:01:49.530+0000] {dag.py:3036} INFO - Sync 1 DAGs
[2025-03-17T11:01:49.550+0000] {logging_mixin.py:188} INFO - [2025-03-17T11:01:49.549+0000] {dag.py:3823} INFO - Setting next_dagrun for 6_2_plagin to 2025-03-16 00:00:00+00:00, run_after=2025-03-17 00:00:00+00:00
[2025-03-17T11:01:49.570+0000] {processor.py:183} INFO - Processing /opt/airflow/dags/6_2_plagin.py took 0.075 seconds
[2025-03-17T11:02:20.291+0000] {processor.py:161} INFO - Started process (PID=858) to work on /opt/airflow/dags/6_2_plagin.py
[2025-03-17T11:02:20.292+0000] {processor.py:830} INFO - Processing file /opt/airflow/dags/6_2_plagin.py for tasks to queue
[2025-03-17T11:02:20.293+0000] {logging_mixin.py:188} INFO - [2025-03-17T11:02:20.293+0000] {dagbag.py:538} INFO - Filling up the DagBag from /opt/airflow/dags/6_2_plagin.py
[2025-03-17T11:02:20.306+0000] {processor.py:840} INFO - DAG(s) '6_2_plagin' retrieved from /opt/airflow/dags/6_2_plagin.py
[2025-03-17T11:02:20.320+0000] {logging_mixin.py:188} INFO - [2025-03-17T11:02:20.320+0000] {dag.py:3036} INFO - Sync 1 DAGs
[2025-03-17T11:02:20.335+0000] {logging_mixin.py:188} INFO - [2025-03-17T11:02:20.335+0000] {dag.py:3823} INFO - Setting next_dagrun for 6_2_plagin to 2025-03-16 00:00:00+00:00, run_after=2025-03-17 00:00:00+00:00
[2025-03-17T11:02:20.352+0000] {processor.py:183} INFO - Processing /opt/airflow/dags/6_2_plagin.py took 0.063 seconds
[2025-03-17T11:02:51.840+0000] {processor.py:161} INFO - Started process (PID=883) to work on /opt/airflow/dags/6_2_plagin.py
[2025-03-17T11:02:51.840+0000] {processor.py:830} INFO - Processing file /opt/airflow/dags/6_2_plagin.py for tasks to queue
[2025-03-17T11:02:51.841+0000] {logging_mixin.py:188} INFO - [2025-03-17T11:02:51.841+0000] {dagbag.py:538} INFO - Filling up the DagBag from /opt/airflow/dags/6_2_plagin.py
[2025-03-17T11:02:51.855+0000] {processor.py:840} INFO - DAG(s) '6_2_plagin' retrieved from /opt/airflow/dags/6_2_plagin.py
[2025-03-17T11:02:51.871+0000] {logging_mixin.py:188} INFO - [2025-03-17T11:02:51.871+0000] {dag.py:3036} INFO - Sync 1 DAGs
[2025-03-17T11:02:51.889+0000] {logging_mixin.py:188} INFO - [2025-03-17T11:02:51.888+0000] {dag.py:3823} INFO - Setting next_dagrun for 6_2_plagin to 2025-03-16 00:00:00+00:00, run_after=2025-03-17 00:00:00+00:00
[2025-03-17T11:02:51.912+0000] {processor.py:183} INFO - Processing /opt/airflow/dags/6_2_plagin.py took 0.075 seconds
[2025-03-17T11:03:22.841+0000] {processor.py:161} INFO - Started process (PID=908) to work on /opt/airflow/dags/6_2_plagin.py
[2025-03-17T11:03:22.843+0000] {processor.py:830} INFO - Processing file /opt/airflow/dags/6_2_plagin.py for tasks to queue
[2025-03-17T11:03:22.844+0000] {logging_mixin.py:188} INFO - [2025-03-17T11:03:22.844+0000] {dagbag.py:538} INFO - Filling up the DagBag from /opt/airflow/dags/6_2_plagin.py
[2025-03-17T11:03:22.874+0000] {processor.py:840} INFO - DAG(s) '6_2_plagin' retrieved from /opt/airflow/dags/6_2_plagin.py
[2025-03-17T11:03:22.914+0000] {logging_mixin.py:188} INFO - [2025-03-17T11:03:22.913+0000] {dag.py:3036} INFO - Sync 1 DAGs
[2025-03-17T11:03:22.949+0000] {logging_mixin.py:188} INFO - [2025-03-17T11:03:22.949+0000] {dag.py:3823} INFO - Setting next_dagrun for 6_2_plagin to 2025-03-16 00:00:00+00:00, run_after=2025-03-17 00:00:00+00:00
[2025-03-17T11:03:22.988+0000] {processor.py:183} INFO - Processing /opt/airflow/dags/6_2_plagin.py took 0.153 seconds
[2025-03-17T11:03:53.849+0000] {processor.py:161} INFO - Started process (PID=933) to work on /opt/airflow/dags/6_2_plagin.py
[2025-03-17T11:03:53.849+0000] {processor.py:830} INFO - Processing file /opt/airflow/dags/6_2_plagin.py for tasks to queue
[2025-03-17T11:03:53.850+0000] {logging_mixin.py:188} INFO - [2025-03-17T11:03:53.850+0000] {dagbag.py:538} INFO - Filling up the DagBag from /opt/airflow/dags/6_2_plagin.py
[2025-03-17T11:03:53.863+0000] {processor.py:840} INFO - DAG(s) '6_2_plagin' retrieved from /opt/airflow/dags/6_2_plagin.py
[2025-03-17T11:03:53.877+0000] {logging_mixin.py:188} INFO - [2025-03-17T11:03:53.877+0000] {dag.py:3036} INFO - Sync 1 DAGs
[2025-03-17T11:03:53.893+0000] {logging_mixin.py:188} INFO - [2025-03-17T11:03:53.892+0000] {dag.py:3823} INFO - Setting next_dagrun for 6_2_plagin to 2025-03-16 00:00:00+00:00, run_after=2025-03-17 00:00:00+00:00
[2025-03-17T11:03:53.909+0000] {processor.py:183} INFO - Processing /opt/airflow/dags/6_2_plagin.py took 0.063 seconds
[2025-03-17T11:04:25.539+0000] {processor.py:161} INFO - Started process (PID=958) to work on /opt/airflow/dags/6_2_plagin.py
[2025-03-17T11:04:25.540+0000] {processor.py:830} INFO - Processing file /opt/airflow/dags/6_2_plagin.py for tasks to queue
[2025-03-17T11:04:25.541+0000] {logging_mixin.py:188} INFO - [2025-03-17T11:04:25.540+0000] {dagbag.py:538} INFO - Filling up the DagBag from /opt/airflow/dags/6_2_plagin.py
[2025-03-17T11:04:25.556+0000] {processor.py:840} INFO - DAG(s) '6_2_plagin' retrieved from /opt/airflow/dags/6_2_plagin.py
[2025-03-17T11:04:25.575+0000] {logging_mixin.py:188} INFO - [2025-03-17T11:04:25.575+0000] {dag.py:3036} INFO - Sync 1 DAGs
[2025-03-17T11:04:25.595+0000] {logging_mixin.py:188} INFO - [2025-03-17T11:04:25.595+0000] {dag.py:3823} INFO - Setting next_dagrun for 6_2_plagin to 2025-03-16 00:00:00+00:00, run_after=2025-03-17 00:00:00+00:00
[2025-03-17T11:04:25.619+0000] {processor.py:183} INFO - Processing /opt/airflow/dags/6_2_plagin.py took 0.083 seconds
[2025-03-17T11:04:57.442+0000] {processor.py:161} INFO - Started process (PID=985) to work on /opt/airflow/dags/6_2_plagin.py
[2025-03-17T11:04:57.443+0000] {processor.py:830} INFO - Processing file /opt/airflow/dags/6_2_plagin.py for tasks to queue
[2025-03-17T11:04:57.444+0000] {logging_mixin.py:188} INFO - [2025-03-17T11:04:57.443+0000] {dagbag.py:538} INFO - Filling up the DagBag from /opt/airflow/dags/6_2_plagin.py
[2025-03-17T11:04:57.459+0000] {processor.py:840} INFO - DAG(s) '6_2_plagin' retrieved from /opt/airflow/dags/6_2_plagin.py
[2025-03-17T11:04:57.473+0000] {logging_mixin.py:188} INFO - [2025-03-17T11:04:57.473+0000] {dag.py:3036} INFO - Sync 1 DAGs
[2025-03-17T11:04:57.488+0000] {logging_mixin.py:188} INFO - [2025-03-17T11:04:57.488+0000] {dag.py:3823} INFO - Setting next_dagrun for 6_2_plagin to 2025-03-16 00:00:00+00:00, run_after=2025-03-17 00:00:00+00:00
[2025-03-17T11:04:57.594+0000] {processor.py:183} INFO - Processing /opt/airflow/dags/6_2_plagin.py took 0.072 seconds
[2025-03-17T11:05:31.112+0000] {processor.py:161} INFO - Started process (PID=1012) to work on /opt/airflow/dags/6_2_plagin.py
[2025-03-17T11:05:31.114+0000] {processor.py:830} INFO - Processing file /opt/airflow/dags/6_2_plagin.py for tasks to queue
[2025-03-17T11:05:31.115+0000] {logging_mixin.py:188} INFO - [2025-03-17T11:05:31.115+0000] {dagbag.py:538} INFO - Filling up the DagBag from /opt/airflow/dags/6_2_plagin.py
[2025-03-17T11:05:31.133+0000] {processor.py:840} INFO - DAG(s) '6_2_plagin' retrieved from /opt/airflow/dags/6_2_plagin.py
[2025-03-17T11:05:31.155+0000] {logging_mixin.py:188} INFO - [2025-03-17T11:05:31.155+0000] {dag.py:3036} INFO - Sync 1 DAGs
[2025-03-17T11:05:31.179+0000] {logging_mixin.py:188} INFO - [2025-03-17T11:05:31.178+0000] {dag.py:3823} INFO - Setting next_dagrun for 6_2_plagin to 2025-03-16 00:00:00+00:00, run_after=2025-03-17 00:00:00+00:00
[2025-03-17T11:05:31.204+0000] {processor.py:183} INFO - Processing /opt/airflow/dags/6_2_plagin.py took 0.096 seconds
[2025-03-17T11:06:01.402+0000] {processor.py:161} INFO - Started process (PID=1037) to work on /opt/airflow/dags/6_2_plagin.py
[2025-03-17T11:06:01.405+0000] {processor.py:830} INFO - Processing file /opt/airflow/dags/6_2_plagin.py for tasks to queue
[2025-03-17T11:06:01.408+0000] {logging_mixin.py:188} INFO - [2025-03-17T11:06:01.407+0000] {dagbag.py:538} INFO - Filling up the DagBag from /opt/airflow/dags/6_2_plagin.py
[2025-03-17T11:06:01.448+0000] {processor.py:840} INFO - DAG(s) '6_2_plagin' retrieved from /opt/airflow/dags/6_2_plagin.py
[2025-03-17T11:06:01.507+0000] {logging_mixin.py:188} INFO - [2025-03-17T11:06:01.506+0000] {dag.py:3036} INFO - Sync 1 DAGs
[2025-03-17T11:06:01.580+0000] {logging_mixin.py:188} INFO - [2025-03-17T11:06:01.579+0000] {dag.py:3823} INFO - Setting next_dagrun for 6_2_plagin to 2025-03-16 00:00:00+00:00, run_after=2025-03-17 00:00:00+00:00
[2025-03-17T11:06:01.720+0000] {processor.py:183} INFO - Processing /opt/airflow/dags/6_2_plagin.py took 0.327 seconds
[2025-03-17T11:06:32.727+0000] {processor.py:161} INFO - Started process (PID=1062) to work on /opt/airflow/dags/6_2_plagin.py
[2025-03-17T11:06:32.728+0000] {processor.py:830} INFO - Processing file /opt/airflow/dags/6_2_plagin.py for tasks to queue
[2025-03-17T11:06:32.729+0000] {logging_mixin.py:188} INFO - [2025-03-17T11:06:32.728+0000] {dagbag.py:538} INFO - Filling up the DagBag from /opt/airflow/dags/6_2_plagin.py
[2025-03-17T11:06:32.744+0000] {processor.py:840} INFO - DAG(s) '6_2_plagin' retrieved from /opt/airflow/dags/6_2_plagin.py
[2025-03-17T11:06:32.760+0000] {logging_mixin.py:188} INFO - [2025-03-17T11:06:32.759+0000] {dag.py:3036} INFO - Sync 1 DAGs
[2025-03-17T11:06:32.777+0000] {logging_mixin.py:188} INFO - [2025-03-17T11:06:32.776+0000] {dag.py:3823} INFO - Setting next_dagrun for 6_2_plagin to 2025-03-16 00:00:00+00:00, run_after=2025-03-17 00:00:00+00:00
[2025-03-17T11:06:32.797+0000] {processor.py:183} INFO - Processing /opt/airflow/dags/6_2_plagin.py took 0.073 seconds
[2025-03-17T11:07:07.561+0000] {processor.py:161} INFO - Started process (PID=1091) to work on /opt/airflow/dags/6_2_plagin.py
[2025-03-17T11:07:07.563+0000] {processor.py:830} INFO - Processing file /opt/airflow/dags/6_2_plagin.py for tasks to queue
[2025-03-17T11:07:07.565+0000] {logging_mixin.py:188} INFO - [2025-03-17T11:07:07.564+0000] {dagbag.py:538} INFO - Filling up the DagBag from /opt/airflow/dags/6_2_plagin.py
[2025-03-17T11:07:07.590+0000] {processor.py:840} INFO - DAG(s) '6_2_plagin' retrieved from /opt/airflow/dags/6_2_plagin.py
[2025-03-17T11:07:07.621+0000] {logging_mixin.py:188} INFO - [2025-03-17T11:07:07.621+0000] {dag.py:3036} INFO - Sync 1 DAGs
[2025-03-17T11:07:07.658+0000] {logging_mixin.py:188} INFO - [2025-03-17T11:07:07.657+0000] {dag.py:3823} INFO - Setting next_dagrun for 6_2_plagin to 2025-03-16 00:00:00+00:00, run_after=2025-03-17 00:00:00+00:00
[2025-03-17T11:07:07.700+0000] {processor.py:183} INFO - Processing /opt/airflow/dags/6_2_plagin.py took 0.143 seconds
[2025-03-17T11:07:44.262+0000] {processor.py:161} INFO - Started process (PID=1217) to work on /opt/airflow/dags/6_2_plagin.py
[2025-03-17T11:07:44.264+0000] {processor.py:830} INFO - Processing file /opt/airflow/dags/6_2_plagin.py for tasks to queue
[2025-03-17T11:07:44.265+0000] {logging_mixin.py:188} INFO - [2025-03-17T11:07:44.265+0000] {dagbag.py:538} INFO - Filling up the DagBag from /opt/airflow/dags/6_2_plagin.py
[2025-03-17T11:07:44.288+0000] {processor.py:840} INFO - DAG(s) '6_2_plagin' retrieved from /opt/airflow/dags/6_2_plagin.py
[2025-03-17T11:07:44.317+0000] {logging_mixin.py:188} INFO - [2025-03-17T11:07:44.317+0000] {dag.py:3036} INFO - Sync 1 DAGs
[2025-03-17T11:07:44.345+0000] {logging_mixin.py:188} INFO - [2025-03-17T11:07:44.345+0000] {dag.py:3823} INFO - Setting next_dagrun for 6_2_plagin to 2025-03-16 00:00:00+00:00, run_after=2025-03-17 00:00:00+00:00
[2025-03-17T11:07:44.375+0000] {processor.py:183} INFO - Processing /opt/airflow/dags/6_2_plagin.py took 0.118 seconds
[2025-03-17T11:08:26.823+0000] {processor.py:161} INFO - Started process (PID=1314) to work on /opt/airflow/dags/6_2_plagin.py
[2025-03-17T11:08:26.823+0000] {processor.py:830} INFO - Processing file /opt/airflow/dags/6_2_plagin.py for tasks to queue
[2025-03-17T11:08:26.824+0000] {logging_mixin.py:188} INFO - [2025-03-17T11:08:26.824+0000] {dagbag.py:538} INFO - Filling up the DagBag from /opt/airflow/dags/6_2_plagin.py
[2025-03-17T11:08:26.838+0000] {processor.py:840} INFO - DAG(s) '6_2_plagin' retrieved from /opt/airflow/dags/6_2_plagin.py
[2025-03-17T11:08:26.854+0000] {logging_mixin.py:188} INFO - [2025-03-17T11:08:26.854+0000] {dag.py:3036} INFO - Sync 1 DAGs
[2025-03-17T11:08:26.891+0000] {logging_mixin.py:188} INFO - [2025-03-17T11:08:26.887+0000] {dag.py:3823} INFO - Setting next_dagrun for 6_2_plagin to 2025-03-16 00:00:00+00:00, run_after=2025-03-17 00:00:00+00:00
[2025-03-17T11:08:26.926+0000] {processor.py:183} INFO - Processing /opt/airflow/dags/6_2_plagin.py took 0.106 seconds
[2025-03-17T11:09:29.787+0000] {processor.py:161} INFO - Started process (PID=1588) to work on /opt/airflow/dags/6_2_plagin.py
[2025-03-17T11:09:29.788+0000] {processor.py:830} INFO - Processing file /opt/airflow/dags/6_2_plagin.py for tasks to queue
[2025-03-17T11:09:29.789+0000] {logging_mixin.py:188} INFO - [2025-03-17T11:09:29.789+0000] {dagbag.py:538} INFO - Filling up the DagBag from /opt/airflow/dags/6_2_plagin.py
[2025-03-17T11:09:29.806+0000] {processor.py:840} INFO - DAG(s) '6_2_plagin' retrieved from /opt/airflow/dags/6_2_plagin.py
[2025-03-17T11:09:29.826+0000] {logging_mixin.py:188} INFO - [2025-03-17T11:09:29.826+0000] {dag.py:3036} INFO - Sync 1 DAGs
[2025-03-17T11:09:29.846+0000] {logging_mixin.py:188} INFO - [2025-03-17T11:09:29.845+0000] {dag.py:3823} INFO - Setting next_dagrun for 6_2_plagin to 2025-03-16 00:00:00+00:00, run_after=2025-03-17 00:00:00+00:00
[2025-03-17T11:09:29.869+0000] {processor.py:183} INFO - Processing /opt/airflow/dags/6_2_plagin.py took 0.084 seconds
[2025-03-17T11:10:01.972+0000] {processor.py:161} INFO - Started process (PID=1683) to work on /opt/airflow/dags/6_2_plagin.py
[2025-03-17T11:10:01.973+0000] {processor.py:830} INFO - Processing file /opt/airflow/dags/6_2_plagin.py for tasks to queue
[2025-03-17T11:10:01.975+0000] {logging_mixin.py:188} INFO - [2025-03-17T11:10:01.974+0000] {dagbag.py:538} INFO - Filling up the DagBag from /opt/airflow/dags/6_2_plagin.py
[2025-03-17T11:10:01.991+0000] {processor.py:840} INFO - DAG(s) '6_2_plagin' retrieved from /opt/airflow/dags/6_2_plagin.py
[2025-03-17T11:10:02.014+0000] {logging_mixin.py:188} INFO - [2025-03-17T11:10:02.014+0000] {dag.py:3036} INFO - Sync 1 DAGs
[2025-03-17T11:10:02.036+0000] {logging_mixin.py:188} INFO - [2025-03-17T11:10:02.036+0000] {dag.py:3823} INFO - Setting next_dagrun for 6_2_plagin to 2025-03-16 00:00:00+00:00, run_after=2025-03-17 00:00:00+00:00
[2025-03-17T11:10:02.065+0000] {processor.py:183} INFO - Processing /opt/airflow/dags/6_2_plagin.py took 0.096 seconds
[2025-03-17T11:10:35.799+0000] {processor.py:161} INFO - Started process (PID=1708) to work on /opt/airflow/dags/6_2_plagin.py
[2025-03-17T11:10:35.800+0000] {processor.py:830} INFO - Processing file /opt/airflow/dags/6_2_plagin.py for tasks to queue
[2025-03-17T11:10:35.801+0000] {logging_mixin.py:188} INFO - [2025-03-17T11:10:35.800+0000] {dagbag.py:538} INFO - Filling up the DagBag from /opt/airflow/dags/6_2_plagin.py
[2025-03-17T11:10:35.815+0000] {processor.py:840} INFO - DAG(s) '6_2_plagin' retrieved from /opt/airflow/dags/6_2_plagin.py
[2025-03-17T11:10:35.836+0000] {logging_mixin.py:188} INFO - [2025-03-17T11:10:35.836+0000] {dag.py:3036} INFO - Sync 1 DAGs
[2025-03-17T11:10:35.853+0000] {logging_mixin.py:188} INFO - [2025-03-17T11:10:35.853+0000] {dag.py:3823} INFO - Setting next_dagrun for 6_2_plagin to 2025-03-16 00:00:00+00:00, run_after=2025-03-17 00:00:00+00:00
[2025-03-17T11:10:35.876+0000] {processor.py:183} INFO - Processing /opt/airflow/dags/6_2_plagin.py took 0.080 seconds
[2025-03-17T11:11:07.459+0000] {processor.py:161} INFO - Started process (PID=1733) to work on /opt/airflow/dags/6_2_plagin.py
[2025-03-17T11:11:07.460+0000] {processor.py:830} INFO - Processing file /opt/airflow/dags/6_2_plagin.py for tasks to queue
[2025-03-17T11:11:07.461+0000] {logging_mixin.py:188} INFO - [2025-03-17T11:11:07.461+0000] {dagbag.py:538} INFO - Filling up the DagBag from /opt/airflow/dags/6_2_plagin.py
[2025-03-17T11:11:07.473+0000] {processor.py:840} INFO - DAG(s) '6_2_plagin' retrieved from /opt/airflow/dags/6_2_plagin.py
[2025-03-17T11:11:07.489+0000] {logging_mixin.py:188} INFO - [2025-03-17T11:11:07.488+0000] {dag.py:3036} INFO - Sync 1 DAGs
[2025-03-17T11:11:07.504+0000] {logging_mixin.py:188} INFO - [2025-03-17T11:11:07.504+0000] {dag.py:3823} INFO - Setting next_dagrun for 6_2_plagin to 2025-03-16 00:00:00+00:00, run_after=2025-03-17 00:00:00+00:00
[2025-03-17T11:11:07.524+0000] {processor.py:183} INFO - Processing /opt/airflow/dags/6_2_plagin.py took 0.068 seconds
[2025-03-17T11:11:38.980+0000] {processor.py:161} INFO - Started process (PID=1758) to work on /opt/airflow/dags/6_2_plagin.py
[2025-03-17T11:11:38.982+0000] {processor.py:830} INFO - Processing file /opt/airflow/dags/6_2_plagin.py for tasks to queue
[2025-03-17T11:11:38.983+0000] {logging_mixin.py:188} INFO - [2025-03-17T11:11:38.982+0000] {dagbag.py:538} INFO - Filling up the DagBag from /opt/airflow/dags/6_2_plagin.py
[2025-03-17T11:11:38.998+0000] {processor.py:840} INFO - DAG(s) '6_2_plagin' retrieved from /opt/airflow/dags/6_2_plagin.py
[2025-03-17T11:11:39.015+0000] {logging_mixin.py:188} INFO - [2025-03-17T11:11:39.014+0000] {dag.py:3036} INFO - Sync 1 DAGs
[2025-03-17T11:11:39.030+0000] {logging_mixin.py:188} INFO - [2025-03-17T11:11:39.030+0000] {dag.py:3823} INFO - Setting next_dagrun for 6_2_plagin to 2025-03-16 00:00:00+00:00, run_after=2025-03-17 00:00:00+00:00
[2025-03-17T11:11:39.052+0000] {processor.py:183} INFO - Processing /opt/airflow/dags/6_2_plagin.py took 0.075 seconds
[2025-03-17T11:12:11.508+0000] {processor.py:161} INFO - Started process (PID=1783) to work on /opt/airflow/dags/6_2_plagin.py
[2025-03-17T11:12:11.510+0000] {processor.py:830} INFO - Processing file /opt/airflow/dags/6_2_plagin.py for tasks to queue
[2025-03-17T11:12:11.511+0000] {logging_mixin.py:188} INFO - [2025-03-17T11:12:11.511+0000] {dagbag.py:538} INFO - Filling up the DagBag from /opt/airflow/dags/6_2_plagin.py
[2025-03-17T11:12:11.529+0000] {processor.py:840} INFO - DAG(s) '6_2_plagin' retrieved from /opt/airflow/dags/6_2_plagin.py
[2025-03-17T11:12:11.549+0000] {logging_mixin.py:188} INFO - [2025-03-17T11:12:11.549+0000] {dag.py:3036} INFO - Sync 1 DAGs
[2025-03-17T11:12:11.574+0000] {logging_mixin.py:188} INFO - [2025-03-17T11:12:11.574+0000] {dag.py:3823} INFO - Setting next_dagrun for 6_2_plagin to 2025-03-16 00:00:00+00:00, run_after=2025-03-17 00:00:00+00:00
[2025-03-17T11:12:11.606+0000] {processor.py:183} INFO - Processing /opt/airflow/dags/6_2_plagin.py took 0.103 seconds
