[2025-03-17T10:47:42.693+0000] {processor.py:161} INFO - Started process (PID=49) to work on /opt/airflow/dags/6_2_2_plagin.py
[2025-03-17T10:47:42.696+0000] {processor.py:830} INFO - Processing file /opt/airflow/dags/6_2_2_plagin.py for tasks to queue
[2025-03-17T10:47:42.699+0000] {logging_mixin.py:188} INFO - [2025-03-17T10:47:42.698+0000] {dagbag.py:538} INFO - Filling up the DagBag from /opt/airflow/dags/6_2_2_plagin.py
[2025-03-17T10:47:43.271+0000] {processor.py:840} INFO - DAG(s) '6_2_2_plagin' retrieved from /opt/airflow/dags/6_2_2_plagin.py
[2025-03-17T10:47:43.278+0000] {logging_mixin.py:188} INFO - [2025-03-17T10:47:43.278+0000] {dag.py:3036} INFO - Sync 1 DAGs
[2025-03-17T10:47:43.295+0000] {logging_mixin.py:188} INFO - [2025-03-17T10:47:43.295+0000] {dag.py:3823} INFO - Setting next_dagrun for 6_2_2_plagin to None, run_after=None
[2025-03-17T10:47:43.324+0000] {processor.py:183} INFO - Processing /opt/airflow/dags/6_2_2_plagin.py took 0.641 seconds
[2025-03-17T10:48:15.218+0000] {processor.py:161} INFO - Started process (PID=181) to work on /opt/airflow/dags/6_2_2_plagin.py
[2025-03-17T10:48:15.219+0000] {processor.py:830} INFO - Processing file /opt/airflow/dags/6_2_2_plagin.py for tasks to queue
[2025-03-17T10:48:15.221+0000] {logging_mixin.py:188} INFO - [2025-03-17T10:48:15.221+0000] {dagbag.py:538} INFO - Filling up the DagBag from /opt/airflow/dags/6_2_2_plagin.py
[2025-03-17T10:48:16.797+0000] {processor.py:840} INFO - DAG(s) '6_2_2_plagin' retrieved from /opt/airflow/dags/6_2_2_plagin.py
[2025-03-17T10:48:16.891+0000] {logging_mixin.py:188} INFO - [2025-03-17T10:48:16.891+0000] {dag.py:3036} INFO - Sync 1 DAGs
[2025-03-17T10:48:16.902+0000] {logging_mixin.py:188} INFO - [2025-03-17T10:48:16.901+0000] {dag.py:3823} INFO - Setting next_dagrun for 6_2_2_plagin to None, run_after=None
[2025-03-17T10:48:16.932+0000] {processor.py:183} INFO - Processing /opt/airflow/dags/6_2_2_plagin.py took 1.719 seconds
[2025-03-17T10:48:47.985+0000] {processor.py:161} INFO - Started process (PID=205) to work on /opt/airflow/dags/6_2_2_plagin.py
[2025-03-17T10:48:47.986+0000] {processor.py:830} INFO - Processing file /opt/airflow/dags/6_2_2_plagin.py for tasks to queue
[2025-03-17T10:48:47.987+0000] {logging_mixin.py:188} INFO - [2025-03-17T10:48:47.987+0000] {dagbag.py:538} INFO - Filling up the DagBag from /opt/airflow/dags/6_2_2_plagin.py
[2025-03-17T10:48:48.514+0000] {processor.py:840} INFO - DAG(s) '6_2_2_plagin' retrieved from /opt/airflow/dags/6_2_2_plagin.py
[2025-03-17T10:48:48.528+0000] {logging_mixin.py:188} INFO - [2025-03-17T10:48:48.528+0000] {dag.py:3036} INFO - Sync 1 DAGs
[2025-03-17T10:48:48.541+0000] {logging_mixin.py:188} INFO - [2025-03-17T10:48:48.540+0000] {dag.py:3823} INFO - Setting next_dagrun for 6_2_2_plagin to None, run_after=None
[2025-03-17T10:48:48.580+0000] {processor.py:183} INFO - Processing /opt/airflow/dags/6_2_2_plagin.py took 0.597 seconds
[2025-03-17T10:49:19.602+0000] {processor.py:161} INFO - Started process (PID=229) to work on /opt/airflow/dags/6_2_2_plagin.py
[2025-03-17T10:49:19.603+0000] {processor.py:830} INFO - Processing file /opt/airflow/dags/6_2_2_plagin.py for tasks to queue
[2025-03-17T10:49:19.604+0000] {logging_mixin.py:188} INFO - [2025-03-17T10:49:19.604+0000] {dagbag.py:538} INFO - Filling up the DagBag from /opt/airflow/dags/6_2_2_plagin.py
[2025-03-17T10:49:20.152+0000] {processor.py:840} INFO - DAG(s) '6_2_2_plagin' retrieved from /opt/airflow/dags/6_2_2_plagin.py
[2025-03-17T10:49:20.165+0000] {logging_mixin.py:188} INFO - [2025-03-17T10:49:20.164+0000] {dag.py:3036} INFO - Sync 1 DAGs
[2025-03-17T10:49:20.174+0000] {logging_mixin.py:188} INFO - [2025-03-17T10:49:20.174+0000] {dag.py:3823} INFO - Setting next_dagrun for 6_2_2_plagin to None, run_after=None
[2025-03-17T10:49:20.212+0000] {processor.py:183} INFO - Processing /opt/airflow/dags/6_2_2_plagin.py took 0.613 seconds
[2025-03-17T10:49:50.997+0000] {processor.py:161} INFO - Started process (PID=253) to work on /opt/airflow/dags/6_2_2_plagin.py
[2025-03-17T10:49:50.998+0000] {processor.py:830} INFO - Processing file /opt/airflow/dags/6_2_2_plagin.py for tasks to queue
[2025-03-17T10:49:51.000+0000] {logging_mixin.py:188} INFO - [2025-03-17T10:49:50.999+0000] {dagbag.py:538} INFO - Filling up the DagBag from /opt/airflow/dags/6_2_2_plagin.py
[2025-03-17T10:49:51.631+0000] {processor.py:840} INFO - DAG(s) '6_2_2_plagin' retrieved from /opt/airflow/dags/6_2_2_plagin.py
[2025-03-17T10:49:51.642+0000] {logging_mixin.py:188} INFO - [2025-03-17T10:49:51.642+0000] {dag.py:3036} INFO - Sync 1 DAGs
[2025-03-17T10:49:51.650+0000] {logging_mixin.py:188} INFO - [2025-03-17T10:49:51.650+0000] {dag.py:3823} INFO - Setting next_dagrun for 6_2_2_plagin to None, run_after=None
[2025-03-17T10:49:51.675+0000] {processor.py:183} INFO - Processing /opt/airflow/dags/6_2_2_plagin.py took 0.681 seconds
[2025-03-17T10:50:21.964+0000] {processor.py:161} INFO - Started process (PID=277) to work on /opt/airflow/dags/6_2_2_plagin.py
[2025-03-17T10:50:21.966+0000] {processor.py:830} INFO - Processing file /opt/airflow/dags/6_2_2_plagin.py for tasks to queue
[2025-03-17T10:50:21.967+0000] {logging_mixin.py:188} INFO - [2025-03-17T10:50:21.967+0000] {dagbag.py:538} INFO - Filling up the DagBag from /opt/airflow/dags/6_2_2_plagin.py
[2025-03-17T10:50:22.532+0000] {processor.py:840} INFO - DAG(s) '6_2_2_plagin' retrieved from /opt/airflow/dags/6_2_2_plagin.py
[2025-03-17T10:50:22.543+0000] {logging_mixin.py:188} INFO - [2025-03-17T10:50:22.543+0000] {dag.py:3036} INFO - Sync 1 DAGs
[2025-03-17T10:50:22.550+0000] {logging_mixin.py:188} INFO - [2025-03-17T10:50:22.550+0000] {dag.py:3823} INFO - Setting next_dagrun for 6_2_2_plagin to None, run_after=None
[2025-03-17T10:50:22.575+0000] {processor.py:183} INFO - Processing /opt/airflow/dags/6_2_2_plagin.py took 0.614 seconds
[2025-03-17T10:50:52.991+0000] {processor.py:161} INFO - Started process (PID=301) to work on /opt/airflow/dags/6_2_2_plagin.py
[2025-03-17T10:50:52.992+0000] {processor.py:830} INFO - Processing file /opt/airflow/dags/6_2_2_plagin.py for tasks to queue
[2025-03-17T10:50:52.993+0000] {logging_mixin.py:188} INFO - [2025-03-17T10:50:52.992+0000] {dagbag.py:538} INFO - Filling up the DagBag from /opt/airflow/dags/6_2_2_plagin.py
[2025-03-17T10:50:53.456+0000] {processor.py:840} INFO - DAG(s) '6_2_2_plagin' retrieved from /opt/airflow/dags/6_2_2_plagin.py
[2025-03-17T10:50:53.467+0000] {logging_mixin.py:188} INFO - [2025-03-17T10:50:53.467+0000] {dag.py:3036} INFO - Sync 1 DAGs
[2025-03-17T10:50:53.483+0000] {logging_mixin.py:188} INFO - [2025-03-17T10:50:53.482+0000] {dag.py:3823} INFO - Setting next_dagrun for 6_2_2_plagin to None, run_after=None
[2025-03-17T10:50:53.513+0000] {processor.py:183} INFO - Processing /opt/airflow/dags/6_2_2_plagin.py took 0.525 seconds
[2025-03-17T10:51:24.123+0000] {processor.py:161} INFO - Started process (PID=325) to work on /opt/airflow/dags/6_2_2_plagin.py
[2025-03-17T10:51:24.124+0000] {processor.py:830} INFO - Processing file /opt/airflow/dags/6_2_2_plagin.py for tasks to queue
[2025-03-17T10:51:24.125+0000] {logging_mixin.py:188} INFO - [2025-03-17T10:51:24.125+0000] {dagbag.py:538} INFO - Filling up the DagBag from /opt/airflow/dags/6_2_2_plagin.py
[2025-03-17T10:51:24.670+0000] {processor.py:840} INFO - DAG(s) '6_2_2_plagin' retrieved from /opt/airflow/dags/6_2_2_plagin.py
[2025-03-17T10:51:24.687+0000] {logging_mixin.py:188} INFO - [2025-03-17T10:51:24.687+0000] {dag.py:3036} INFO - Sync 1 DAGs
[2025-03-17T10:51:24.697+0000] {logging_mixin.py:188} INFO - [2025-03-17T10:51:24.697+0000] {dag.py:3823} INFO - Setting next_dagrun for 6_2_2_plagin to None, run_after=None
[2025-03-17T10:51:24.724+0000] {processor.py:183} INFO - Processing /opt/airflow/dags/6_2_2_plagin.py took 0.603 seconds
[2025-03-17T10:51:55.115+0000] {processor.py:161} INFO - Started process (PID=349) to work on /opt/airflow/dags/6_2_2_plagin.py
[2025-03-17T10:51:55.116+0000] {processor.py:830} INFO - Processing file /opt/airflow/dags/6_2_2_plagin.py for tasks to queue
[2025-03-17T10:51:55.117+0000] {logging_mixin.py:188} INFO - [2025-03-17T10:51:55.117+0000] {dagbag.py:538} INFO - Filling up the DagBag from /opt/airflow/dags/6_2_2_plagin.py
[2025-03-17T10:51:55.615+0000] {processor.py:840} INFO - DAG(s) '6_2_2_plagin' retrieved from /opt/airflow/dags/6_2_2_plagin.py
[2025-03-17T10:51:55.625+0000] {logging_mixin.py:188} INFO - [2025-03-17T10:51:55.625+0000] {dag.py:3036} INFO - Sync 1 DAGs
[2025-03-17T10:51:55.632+0000] {logging_mixin.py:188} INFO - [2025-03-17T10:51:55.632+0000] {dag.py:3823} INFO - Setting next_dagrun for 6_2_2_plagin to None, run_after=None
[2025-03-17T10:51:55.651+0000] {processor.py:183} INFO - Processing /opt/airflow/dags/6_2_2_plagin.py took 0.538 seconds
[2025-03-17T10:52:26.199+0000] {processor.py:161} INFO - Started process (PID=373) to work on /opt/airflow/dags/6_2_2_plagin.py
[2025-03-17T10:52:26.200+0000] {processor.py:830} INFO - Processing file /opt/airflow/dags/6_2_2_plagin.py for tasks to queue
[2025-03-17T10:52:26.201+0000] {logging_mixin.py:188} INFO - [2025-03-17T10:52:26.201+0000] {dagbag.py:538} INFO - Filling up the DagBag from /opt/airflow/dags/6_2_2_plagin.py
[2025-03-17T10:52:26.684+0000] {processor.py:840} INFO - DAG(s) '6_2_2_plagin' retrieved from /opt/airflow/dags/6_2_2_plagin.py
[2025-03-17T10:52:26.696+0000] {logging_mixin.py:188} INFO - [2025-03-17T10:52:26.696+0000] {dag.py:3036} INFO - Sync 1 DAGs
[2025-03-17T10:52:26.704+0000] {logging_mixin.py:188} INFO - [2025-03-17T10:52:26.703+0000] {dag.py:3823} INFO - Setting next_dagrun for 6_2_2_plagin to None, run_after=None
[2025-03-17T10:52:26.723+0000] {processor.py:183} INFO - Processing /opt/airflow/dags/6_2_2_plagin.py took 0.526 seconds
[2025-03-17T10:52:57.070+0000] {processor.py:161} INFO - Started process (PID=397) to work on /opt/airflow/dags/6_2_2_plagin.py
[2025-03-17T10:52:57.072+0000] {processor.py:830} INFO - Processing file /opt/airflow/dags/6_2_2_plagin.py for tasks to queue
[2025-03-17T10:52:57.073+0000] {logging_mixin.py:188} INFO - [2025-03-17T10:52:57.072+0000] {dagbag.py:538} INFO - Filling up the DagBag from /opt/airflow/dags/6_2_2_plagin.py
[2025-03-17T10:52:57.799+0000] {processor.py:840} INFO - DAG(s) '6_2_2_plagin' retrieved from /opt/airflow/dags/6_2_2_plagin.py
[2025-03-17T10:52:57.814+0000] {logging_mixin.py:188} INFO - [2025-03-17T10:52:57.813+0000] {dag.py:3036} INFO - Sync 1 DAGs
[2025-03-17T10:52:57.824+0000] {logging_mixin.py:188} INFO - [2025-03-17T10:52:57.824+0000] {dag.py:3823} INFO - Setting next_dagrun for 6_2_2_plagin to None, run_after=None
[2025-03-17T10:52:57.852+0000] {processor.py:183} INFO - Processing /opt/airflow/dags/6_2_2_plagin.py took 0.785 seconds
[2025-03-17T10:53:28.469+0000] {processor.py:161} INFO - Started process (PID=423) to work on /opt/airflow/dags/6_2_2_plagin.py
[2025-03-17T10:53:28.471+0000] {processor.py:830} INFO - Processing file /opt/airflow/dags/6_2_2_plagin.py for tasks to queue
[2025-03-17T10:53:28.472+0000] {logging_mixin.py:188} INFO - [2025-03-17T10:53:28.472+0000] {dagbag.py:538} INFO - Filling up the DagBag from /opt/airflow/dags/6_2_2_plagin.py
[2025-03-17T10:53:30.062+0000] {processor.py:840} INFO - DAG(s) '6_2_2_plagin' retrieved from /opt/airflow/dags/6_2_2_plagin.py
[2025-03-17T10:53:30.115+0000] {logging_mixin.py:188} INFO - [2025-03-17T10:53:30.114+0000] {dag.py:3036} INFO - Sync 1 DAGs
[2025-03-17T10:53:30.163+0000] {logging_mixin.py:188} INFO - [2025-03-17T10:53:30.162+0000] {dag.py:3823} INFO - Setting next_dagrun for 6_2_2_plagin to None, run_after=None
[2025-03-17T10:53:30.247+0000] {processor.py:183} INFO - Processing /opt/airflow/dags/6_2_2_plagin.py took 1.782 seconds
[2025-03-17T10:54:01.140+0000] {processor.py:161} INFO - Started process (PID=448) to work on /opt/airflow/dags/6_2_2_plagin.py
[2025-03-17T10:54:01.141+0000] {processor.py:830} INFO - Processing file /opt/airflow/dags/6_2_2_plagin.py for tasks to queue
[2025-03-17T10:54:01.142+0000] {logging_mixin.py:188} INFO - [2025-03-17T10:54:01.141+0000] {dagbag.py:538} INFO - Filling up the DagBag from /opt/airflow/dags/6_2_2_plagin.py
[2025-03-17T10:54:01.702+0000] {processor.py:840} INFO - DAG(s) '6_2_2_plagin' retrieved from /opt/airflow/dags/6_2_2_plagin.py
[2025-03-17T10:54:01.714+0000] {logging_mixin.py:188} INFO - [2025-03-17T10:54:01.714+0000] {dag.py:3036} INFO - Sync 1 DAGs
[2025-03-17T10:54:01.725+0000] {logging_mixin.py:188} INFO - [2025-03-17T10:54:01.724+0000] {dag.py:3823} INFO - Setting next_dagrun for 6_2_2_plagin to None, run_after=None
[2025-03-17T10:54:01.753+0000] {processor.py:183} INFO - Processing /opt/airflow/dags/6_2_2_plagin.py took 0.616 seconds
[2025-03-17T10:54:32.600+0000] {processor.py:161} INFO - Started process (PID=473) to work on /opt/airflow/dags/6_2_2_plagin.py
[2025-03-17T10:54:32.601+0000] {processor.py:830} INFO - Processing file /opt/airflow/dags/6_2_2_plagin.py for tasks to queue
[2025-03-17T10:54:32.604+0000] {logging_mixin.py:188} INFO - [2025-03-17T10:54:32.603+0000] {dagbag.py:538} INFO - Filling up the DagBag from /opt/airflow/dags/6_2_2_plagin.py
[2025-03-17T10:54:33.197+0000] {processor.py:840} INFO - DAG(s) '6_2_2_plagin' retrieved from /opt/airflow/dags/6_2_2_plagin.py
[2025-03-17T10:54:33.211+0000] {logging_mixin.py:188} INFO - [2025-03-17T10:54:33.210+0000] {dag.py:3036} INFO - Sync 1 DAGs
[2025-03-17T10:54:33.220+0000] {logging_mixin.py:188} INFO - [2025-03-17T10:54:33.220+0000] {dag.py:3823} INFO - Setting next_dagrun for 6_2_2_plagin to None, run_after=None
[2025-03-17T10:54:33.246+0000] {processor.py:183} INFO - Processing /opt/airflow/dags/6_2_2_plagin.py took 0.655 seconds
[2025-03-17T10:55:03.495+0000] {processor.py:161} INFO - Started process (PID=498) to work on /opt/airflow/dags/6_2_2_plagin.py
[2025-03-17T10:55:03.496+0000] {processor.py:830} INFO - Processing file /opt/airflow/dags/6_2_2_plagin.py for tasks to queue
[2025-03-17T10:55:03.497+0000] {logging_mixin.py:188} INFO - [2025-03-17T10:55:03.497+0000] {dagbag.py:538} INFO - Filling up the DagBag from /opt/airflow/dags/6_2_2_plagin.py
[2025-03-17T10:55:04.026+0000] {processor.py:840} INFO - DAG(s) '6_2_2_plagin' retrieved from /opt/airflow/dags/6_2_2_plagin.py
[2025-03-17T10:55:04.038+0000] {logging_mixin.py:188} INFO - [2025-03-17T10:55:04.038+0000] {dag.py:3036} INFO - Sync 1 DAGs
[2025-03-17T10:55:04.047+0000] {logging_mixin.py:188} INFO - [2025-03-17T10:55:04.047+0000] {dag.py:3823} INFO - Setting next_dagrun for 6_2_2_plagin to None, run_after=None
[2025-03-17T10:55:04.067+0000] {processor.py:183} INFO - Processing /opt/airflow/dags/6_2_2_plagin.py took 0.574 seconds
[2025-03-17T10:55:34.289+0000] {processor.py:161} INFO - Started process (PID=523) to work on /opt/airflow/dags/6_2_2_plagin.py
[2025-03-17T10:55:34.290+0000] {processor.py:830} INFO - Processing file /opt/airflow/dags/6_2_2_plagin.py for tasks to queue
[2025-03-17T10:55:34.291+0000] {logging_mixin.py:188} INFO - [2025-03-17T10:55:34.291+0000] {dagbag.py:538} INFO - Filling up the DagBag from /opt/airflow/dags/6_2_2_plagin.py
[2025-03-17T10:55:34.764+0000] {processor.py:840} INFO - DAG(s) '6_2_2_plagin' retrieved from /opt/airflow/dags/6_2_2_plagin.py
[2025-03-17T10:55:34.778+0000] {logging_mixin.py:188} INFO - [2025-03-17T10:55:34.777+0000] {dag.py:3036} INFO - Sync 1 DAGs
[2025-03-17T10:55:34.785+0000] {logging_mixin.py:188} INFO - [2025-03-17T10:55:34.785+0000] {dag.py:3823} INFO - Setting next_dagrun for 6_2_2_plagin to None, run_after=None
[2025-03-17T10:55:34.803+0000] {processor.py:183} INFO - Processing /opt/airflow/dags/6_2_2_plagin.py took 0.516 seconds
[2025-03-17T10:56:05.258+0000] {processor.py:161} INFO - Started process (PID=548) to work on /opt/airflow/dags/6_2_2_plagin.py
[2025-03-17T10:56:05.259+0000] {processor.py:830} INFO - Processing file /opt/airflow/dags/6_2_2_plagin.py for tasks to queue
[2025-03-17T10:56:05.260+0000] {logging_mixin.py:188} INFO - [2025-03-17T10:56:05.260+0000] {dagbag.py:538} INFO - Filling up the DagBag from /opt/airflow/dags/6_2_2_plagin.py
[2025-03-17T10:56:05.864+0000] {processor.py:840} INFO - DAG(s) '6_2_2_plagin' retrieved from /opt/airflow/dags/6_2_2_plagin.py
[2025-03-17T10:56:05.882+0000] {logging_mixin.py:188} INFO - [2025-03-17T10:56:05.881+0000] {dag.py:3036} INFO - Sync 1 DAGs
[2025-03-17T10:56:05.893+0000] {logging_mixin.py:188} INFO - [2025-03-17T10:56:05.892+0000] {dag.py:3823} INFO - Setting next_dagrun for 6_2_2_plagin to None, run_after=None
[2025-03-17T10:56:05.924+0000] {processor.py:183} INFO - Processing /opt/airflow/dags/6_2_2_plagin.py took 0.669 seconds
[2025-03-17T10:56:36.418+0000] {processor.py:161} INFO - Started process (PID=573) to work on /opt/airflow/dags/6_2_2_plagin.py
[2025-03-17T10:56:36.419+0000] {processor.py:830} INFO - Processing file /opt/airflow/dags/6_2_2_plagin.py for tasks to queue
[2025-03-17T10:56:36.420+0000] {logging_mixin.py:188} INFO - [2025-03-17T10:56:36.419+0000] {dagbag.py:538} INFO - Filling up the DagBag from /opt/airflow/dags/6_2_2_plagin.py
[2025-03-17T10:56:36.916+0000] {processor.py:840} INFO - DAG(s) '6_2_2_plagin' retrieved from /opt/airflow/dags/6_2_2_plagin.py
[2025-03-17T10:56:36.931+0000] {logging_mixin.py:188} INFO - [2025-03-17T10:56:36.931+0000] {dag.py:3036} INFO - Sync 1 DAGs
[2025-03-17T10:56:36.942+0000] {logging_mixin.py:188} INFO - [2025-03-17T10:56:36.942+0000] {dag.py:3823} INFO - Setting next_dagrun for 6_2_2_plagin to None, run_after=None
[2025-03-17T10:56:36.962+0000] {processor.py:183} INFO - Processing /opt/airflow/dags/6_2_2_plagin.py took 0.547 seconds
[2025-03-17T10:57:07.409+0000] {processor.py:161} INFO - Started process (PID=598) to work on /opt/airflow/dags/6_2_2_plagin.py
[2025-03-17T10:57:07.410+0000] {processor.py:830} INFO - Processing file /opt/airflow/dags/6_2_2_plagin.py for tasks to queue
[2025-03-17T10:57:07.411+0000] {logging_mixin.py:188} INFO - [2025-03-17T10:57:07.411+0000] {dagbag.py:538} INFO - Filling up the DagBag from /opt/airflow/dags/6_2_2_plagin.py
[2025-03-17T10:57:07.944+0000] {processor.py:840} INFO - DAG(s) '6_2_2_plagin' retrieved from /opt/airflow/dags/6_2_2_plagin.py
[2025-03-17T10:57:07.963+0000] {logging_mixin.py:188} INFO - [2025-03-17T10:57:07.962+0000] {dag.py:3036} INFO - Sync 1 DAGs
[2025-03-17T10:57:07.989+0000] {logging_mixin.py:188} INFO - [2025-03-17T10:57:07.988+0000] {dag.py:3823} INFO - Setting next_dagrun for 6_2_2_plagin to None, run_after=None
[2025-03-17T10:57:08.040+0000] {processor.py:183} INFO - Processing /opt/airflow/dags/6_2_2_plagin.py took 0.633 seconds
[2025-03-17T10:57:38.583+0000] {processor.py:161} INFO - Started process (PID=623) to work on /opt/airflow/dags/6_2_2_plagin.py
[2025-03-17T10:57:38.584+0000] {processor.py:830} INFO - Processing file /opt/airflow/dags/6_2_2_plagin.py for tasks to queue
[2025-03-17T10:57:38.586+0000] {logging_mixin.py:188} INFO - [2025-03-17T10:57:38.585+0000] {dagbag.py:538} INFO - Filling up the DagBag from /opt/airflow/dags/6_2_2_plagin.py
[2025-03-17T10:57:39.139+0000] {processor.py:840} INFO - DAG(s) '6_2_2_plagin' retrieved from /opt/airflow/dags/6_2_2_plagin.py
[2025-03-17T10:57:39.153+0000] {logging_mixin.py:188} INFO - [2025-03-17T10:57:39.152+0000] {dag.py:3036} INFO - Sync 1 DAGs
[2025-03-17T10:57:39.162+0000] {logging_mixin.py:188} INFO - [2025-03-17T10:57:39.161+0000] {dag.py:3823} INFO - Setting next_dagrun for 6_2_2_plagin to None, run_after=None
[2025-03-17T10:57:39.185+0000] {processor.py:183} INFO - Processing /opt/airflow/dags/6_2_2_plagin.py took 0.605 seconds
[2025-03-17T10:58:09.333+0000] {processor.py:161} INFO - Started process (PID=648) to work on /opt/airflow/dags/6_2_2_plagin.py
[2025-03-17T10:58:09.334+0000] {processor.py:830} INFO - Processing file /opt/airflow/dags/6_2_2_plagin.py for tasks to queue
[2025-03-17T10:58:09.335+0000] {logging_mixin.py:188} INFO - [2025-03-17T10:58:09.335+0000] {dagbag.py:538} INFO - Filling up the DagBag from /opt/airflow/dags/6_2_2_plagin.py
[2025-03-17T10:58:09.839+0000] {processor.py:840} INFO - DAG(s) '6_2_2_plagin' retrieved from /opt/airflow/dags/6_2_2_plagin.py
[2025-03-17T10:58:09.851+0000] {logging_mixin.py:188} INFO - [2025-03-17T10:58:09.850+0000] {dag.py:3036} INFO - Sync 1 DAGs
[2025-03-17T10:58:09.859+0000] {logging_mixin.py:188} INFO - [2025-03-17T10:58:09.859+0000] {dag.py:3823} INFO - Setting next_dagrun for 6_2_2_plagin to None, run_after=None
[2025-03-17T10:58:09.884+0000] {processor.py:183} INFO - Processing /opt/airflow/dags/6_2_2_plagin.py took 0.553 seconds
[2025-03-17T10:58:40.539+0000] {processor.py:161} INFO - Started process (PID=673) to work on /opt/airflow/dags/6_2_2_plagin.py
[2025-03-17T10:58:40.540+0000] {processor.py:830} INFO - Processing file /opt/airflow/dags/6_2_2_plagin.py for tasks to queue
[2025-03-17T10:58:40.541+0000] {logging_mixin.py:188} INFO - [2025-03-17T10:58:40.541+0000] {dagbag.py:538} INFO - Filling up the DagBag from /opt/airflow/dags/6_2_2_plagin.py
[2025-03-17T10:58:41.047+0000] {processor.py:840} INFO - DAG(s) '6_2_2_plagin' retrieved from /opt/airflow/dags/6_2_2_plagin.py
[2025-03-17T10:58:41.058+0000] {logging_mixin.py:188} INFO - [2025-03-17T10:58:41.058+0000] {dag.py:3036} INFO - Sync 1 DAGs
[2025-03-17T10:58:41.066+0000] {logging_mixin.py:188} INFO - [2025-03-17T10:58:41.066+0000] {dag.py:3823} INFO - Setting next_dagrun for 6_2_2_plagin to None, run_after=None
[2025-03-17T10:58:41.088+0000] {processor.py:183} INFO - Processing /opt/airflow/dags/6_2_2_plagin.py took 0.551 seconds
[2025-03-17T10:59:11.998+0000] {processor.py:161} INFO - Started process (PID=698) to work on /opt/airflow/dags/6_2_2_plagin.py
[2025-03-17T10:59:11.999+0000] {processor.py:830} INFO - Processing file /opt/airflow/dags/6_2_2_plagin.py for tasks to queue
[2025-03-17T10:59:12.000+0000] {logging_mixin.py:188} INFO - [2025-03-17T10:59:12.000+0000] {dagbag.py:538} INFO - Filling up the DagBag from /opt/airflow/dags/6_2_2_plagin.py
[2025-03-17T10:59:12.565+0000] {processor.py:840} INFO - DAG(s) '6_2_2_plagin' retrieved from /opt/airflow/dags/6_2_2_plagin.py
[2025-03-17T10:59:12.581+0000] {logging_mixin.py:188} INFO - [2025-03-17T10:59:12.581+0000] {dag.py:3036} INFO - Sync 1 DAGs
[2025-03-17T10:59:12.590+0000] {logging_mixin.py:188} INFO - [2025-03-17T10:59:12.589+0000] {dag.py:3823} INFO - Setting next_dagrun for 6_2_2_plagin to None, run_after=None
[2025-03-17T10:59:12.615+0000] {processor.py:183} INFO - Processing /opt/airflow/dags/6_2_2_plagin.py took 0.619 seconds
[2025-03-17T10:59:42.780+0000] {processor.py:161} INFO - Started process (PID=723) to work on /opt/airflow/dags/6_2_2_plagin.py
[2025-03-17T10:59:42.781+0000] {processor.py:830} INFO - Processing file /opt/airflow/dags/6_2_2_plagin.py for tasks to queue
[2025-03-17T10:59:42.782+0000] {logging_mixin.py:188} INFO - [2025-03-17T10:59:42.782+0000] {dagbag.py:538} INFO - Filling up the DagBag from /opt/airflow/dags/6_2_2_plagin.py
[2025-03-17T10:59:43.610+0000] {processor.py:840} INFO - DAG(s) '6_2_2_plagin' retrieved from /opt/airflow/dags/6_2_2_plagin.py
[2025-03-17T10:59:43.634+0000] {logging_mixin.py:188} INFO - [2025-03-17T10:59:43.633+0000] {dag.py:3036} INFO - Sync 1 DAGs
[2025-03-17T10:59:43.651+0000] {logging_mixin.py:188} INFO - [2025-03-17T10:59:43.650+0000] {dag.py:3823} INFO - Setting next_dagrun for 6_2_2_plagin to None, run_after=None
[2025-03-17T10:59:43.703+0000] {processor.py:183} INFO - Processing /opt/airflow/dags/6_2_2_plagin.py took 0.926 seconds
[2025-03-17T11:00:14.366+0000] {processor.py:161} INFO - Started process (PID=748) to work on /opt/airflow/dags/6_2_2_plagin.py
[2025-03-17T11:00:14.367+0000] {processor.py:830} INFO - Processing file /opt/airflow/dags/6_2_2_plagin.py for tasks to queue
[2025-03-17T11:00:14.368+0000] {logging_mixin.py:188} INFO - [2025-03-17T11:00:14.367+0000] {dagbag.py:538} INFO - Filling up the DagBag from /opt/airflow/dags/6_2_2_plagin.py
[2025-03-17T11:00:14.970+0000] {processor.py:840} INFO - DAG(s) '6_2_2_plagin' retrieved from /opt/airflow/dags/6_2_2_plagin.py
[2025-03-17T11:00:14.982+0000] {logging_mixin.py:188} INFO - [2025-03-17T11:00:14.982+0000] {dag.py:3036} INFO - Sync 1 DAGs
[2025-03-17T11:00:14.992+0000] {logging_mixin.py:188} INFO - [2025-03-17T11:00:14.992+0000] {dag.py:3823} INFO - Setting next_dagrun for 6_2_2_plagin to None, run_after=None
[2025-03-17T11:00:15.016+0000] {processor.py:183} INFO - Processing /opt/airflow/dags/6_2_2_plagin.py took 0.653 seconds
[2025-03-17T11:00:46.052+0000] {processor.py:161} INFO - Started process (PID=775) to work on /opt/airflow/dags/6_2_2_plagin.py
[2025-03-17T11:00:46.054+0000] {processor.py:830} INFO - Processing file /opt/airflow/dags/6_2_2_plagin.py for tasks to queue
[2025-03-17T11:00:46.055+0000] {logging_mixin.py:188} INFO - [2025-03-17T11:00:46.054+0000] {dagbag.py:538} INFO - Filling up the DagBag from /opt/airflow/dags/6_2_2_plagin.py
[2025-03-17T11:00:46.644+0000] {processor.py:840} INFO - DAG(s) '6_2_2_plagin' retrieved from /opt/airflow/dags/6_2_2_plagin.py
[2025-03-17T11:00:46.658+0000] {logging_mixin.py:188} INFO - [2025-03-17T11:00:46.657+0000] {dag.py:3036} INFO - Sync 1 DAGs
[2025-03-17T11:00:46.666+0000] {logging_mixin.py:188} INFO - [2025-03-17T11:00:46.666+0000] {dag.py:3823} INFO - Setting next_dagrun for 6_2_2_plagin to None, run_after=None
[2025-03-17T11:00:46.689+0000] {processor.py:183} INFO - Processing /opt/airflow/dags/6_2_2_plagin.py took 0.641 seconds
[2025-03-17T11:01:17.092+0000] {processor.py:161} INFO - Started process (PID=802) to work on /opt/airflow/dags/6_2_2_plagin.py
[2025-03-17T11:01:17.093+0000] {processor.py:830} INFO - Processing file /opt/airflow/dags/6_2_2_plagin.py for tasks to queue
[2025-03-17T11:01:17.094+0000] {logging_mixin.py:188} INFO - [2025-03-17T11:01:17.094+0000] {dagbag.py:538} INFO - Filling up the DagBag from /opt/airflow/dags/6_2_2_plagin.py
[2025-03-17T11:01:17.624+0000] {processor.py:840} INFO - DAG(s) '6_2_2_plagin' retrieved from /opt/airflow/dags/6_2_2_plagin.py
[2025-03-17T11:01:17.636+0000] {logging_mixin.py:188} INFO - [2025-03-17T11:01:17.636+0000] {dag.py:3036} INFO - Sync 1 DAGs
[2025-03-17T11:01:17.645+0000] {logging_mixin.py:188} INFO - [2025-03-17T11:01:17.645+0000] {dag.py:3823} INFO - Setting next_dagrun for 6_2_2_plagin to None, run_after=None
[2025-03-17T11:01:17.668+0000] {processor.py:183} INFO - Processing /opt/airflow/dags/6_2_2_plagin.py took 0.578 seconds
[2025-03-17T11:01:48.598+0000] {processor.py:161} INFO - Started process (PID=827) to work on /opt/airflow/dags/6_2_2_plagin.py
[2025-03-17T11:01:48.600+0000] {processor.py:830} INFO - Processing file /opt/airflow/dags/6_2_2_plagin.py for tasks to queue
[2025-03-17T11:01:48.601+0000] {logging_mixin.py:188} INFO - [2025-03-17T11:01:48.600+0000] {dagbag.py:538} INFO - Filling up the DagBag from /opt/airflow/dags/6_2_2_plagin.py
[2025-03-17T11:01:49.191+0000] {processor.py:840} INFO - DAG(s) '6_2_2_plagin' retrieved from /opt/airflow/dags/6_2_2_plagin.py
[2025-03-17T11:01:49.201+0000] {logging_mixin.py:188} INFO - [2025-03-17T11:01:49.201+0000] {dag.py:3036} INFO - Sync 1 DAGs
[2025-03-17T11:01:49.210+0000] {logging_mixin.py:188} INFO - [2025-03-17T11:01:49.210+0000] {dag.py:3823} INFO - Setting next_dagrun for 6_2_2_plagin to None, run_after=None
[2025-03-17T11:01:49.237+0000] {processor.py:183} INFO - Processing /opt/airflow/dags/6_2_2_plagin.py took 0.641 seconds
[2025-03-17T11:02:19.342+0000] {processor.py:161} INFO - Started process (PID=856) to work on /opt/airflow/dags/6_2_2_plagin.py
[2025-03-17T11:02:19.343+0000] {processor.py:830} INFO - Processing file /opt/airflow/dags/6_2_2_plagin.py for tasks to queue
[2025-03-17T11:02:19.344+0000] {logging_mixin.py:188} INFO - [2025-03-17T11:02:19.343+0000] {dagbag.py:538} INFO - Filling up the DagBag from /opt/airflow/dags/6_2_2_plagin.py
[2025-03-17T11:02:19.869+0000] {processor.py:840} INFO - DAG(s) '6_2_2_plagin' retrieved from /opt/airflow/dags/6_2_2_plagin.py
[2025-03-17T11:02:19.881+0000] {logging_mixin.py:188} INFO - [2025-03-17T11:02:19.880+0000] {dag.py:3036} INFO - Sync 1 DAGs
[2025-03-17T11:02:19.889+0000] {logging_mixin.py:188} INFO - [2025-03-17T11:02:19.889+0000] {dag.py:3823} INFO - Setting next_dagrun for 6_2_2_plagin to None, run_after=None
[2025-03-17T11:02:19.913+0000] {processor.py:183} INFO - Processing /opt/airflow/dags/6_2_2_plagin.py took 0.574 seconds
[2025-03-17T11:02:50.644+0000] {processor.py:161} INFO - Started process (PID=881) to work on /opt/airflow/dags/6_2_2_plagin.py
[2025-03-17T11:02:50.645+0000] {processor.py:830} INFO - Processing file /opt/airflow/dags/6_2_2_plagin.py for tasks to queue
[2025-03-17T11:02:50.645+0000] {logging_mixin.py:188} INFO - [2025-03-17T11:02:50.645+0000] {dagbag.py:538} INFO - Filling up the DagBag from /opt/airflow/dags/6_2_2_plagin.py
[2025-03-17T11:02:51.137+0000] {processor.py:840} INFO - DAG(s) '6_2_2_plagin' retrieved from /opt/airflow/dags/6_2_2_plagin.py
[2025-03-17T11:02:51.150+0000] {logging_mixin.py:188} INFO - [2025-03-17T11:02:51.149+0000] {dag.py:3036} INFO - Sync 1 DAGs
[2025-03-17T11:02:51.161+0000] {logging_mixin.py:188} INFO - [2025-03-17T11:02:51.161+0000] {dag.py:3823} INFO - Setting next_dagrun for 6_2_2_plagin to None, run_after=None
[2025-03-17T11:02:51.185+0000] {processor.py:183} INFO - Processing /opt/airflow/dags/6_2_2_plagin.py took 0.543 seconds
[2025-03-17T11:03:21.822+0000] {processor.py:161} INFO - Started process (PID=906) to work on /opt/airflow/dags/6_2_2_plagin.py
[2025-03-17T11:03:21.823+0000] {processor.py:830} INFO - Processing file /opt/airflow/dags/6_2_2_plagin.py for tasks to queue
[2025-03-17T11:03:21.824+0000] {logging_mixin.py:188} INFO - [2025-03-17T11:03:21.824+0000] {dagbag.py:538} INFO - Filling up the DagBag from /opt/airflow/dags/6_2_2_plagin.py
[2025-03-17T11:03:22.539+0000] {processor.py:840} INFO - DAG(s) '6_2_2_plagin' retrieved from /opt/airflow/dags/6_2_2_plagin.py
[2025-03-17T11:03:22.551+0000] {logging_mixin.py:188} INFO - [2025-03-17T11:03:22.551+0000] {dag.py:3036} INFO - Sync 1 DAGs
[2025-03-17T11:03:22.564+0000] {logging_mixin.py:188} INFO - [2025-03-17T11:03:22.563+0000] {dag.py:3823} INFO - Setting next_dagrun for 6_2_2_plagin to None, run_after=None
[2025-03-17T11:03:22.596+0000] {processor.py:183} INFO - Processing /opt/airflow/dags/6_2_2_plagin.py took 0.776 seconds
[2025-03-17T11:03:52.745+0000] {processor.py:161} INFO - Started process (PID=931) to work on /opt/airflow/dags/6_2_2_plagin.py
[2025-03-17T11:03:52.746+0000] {processor.py:830} INFO - Processing file /opt/airflow/dags/6_2_2_plagin.py for tasks to queue
[2025-03-17T11:03:52.747+0000] {logging_mixin.py:188} INFO - [2025-03-17T11:03:52.746+0000] {dagbag.py:538} INFO - Filling up the DagBag from /opt/airflow/dags/6_2_2_plagin.py
[2025-03-17T11:03:53.307+0000] {processor.py:840} INFO - DAG(s) '6_2_2_plagin' retrieved from /opt/airflow/dags/6_2_2_plagin.py
[2025-03-17T11:03:53.319+0000] {logging_mixin.py:188} INFO - [2025-03-17T11:03:53.319+0000] {dag.py:3036} INFO - Sync 1 DAGs
[2025-03-17T11:03:53.328+0000] {logging_mixin.py:188} INFO - [2025-03-17T11:03:53.328+0000] {dag.py:3823} INFO - Setting next_dagrun for 6_2_2_plagin to None, run_after=None
[2025-03-17T11:03:53.345+0000] {processor.py:183} INFO - Processing /opt/airflow/dags/6_2_2_plagin.py took 0.603 seconds
[2025-03-17T11:04:24.326+0000] {processor.py:161} INFO - Started process (PID=956) to work on /opt/airflow/dags/6_2_2_plagin.py
[2025-03-17T11:04:24.327+0000] {processor.py:830} INFO - Processing file /opt/airflow/dags/6_2_2_plagin.py for tasks to queue
[2025-03-17T11:04:24.328+0000] {logging_mixin.py:188} INFO - [2025-03-17T11:04:24.327+0000] {dagbag.py:538} INFO - Filling up the DagBag from /opt/airflow/dags/6_2_2_plagin.py
[2025-03-17T11:04:24.803+0000] {processor.py:840} INFO - DAG(s) '6_2_2_plagin' retrieved from /opt/airflow/dags/6_2_2_plagin.py
[2025-03-17T11:04:24.814+0000] {logging_mixin.py:188} INFO - [2025-03-17T11:04:24.813+0000] {dag.py:3036} INFO - Sync 1 DAGs
[2025-03-17T11:04:24.821+0000] {logging_mixin.py:188} INFO - [2025-03-17T11:04:24.820+0000] {dag.py:3823} INFO - Setting next_dagrun for 6_2_2_plagin to None, run_after=None
[2025-03-17T11:04:24.839+0000] {processor.py:183} INFO - Processing /opt/airflow/dags/6_2_2_plagin.py took 0.516 seconds
[2025-03-17T11:04:55.825+0000] {processor.py:161} INFO - Started process (PID=983) to work on /opt/airflow/dags/6_2_2_plagin.py
[2025-03-17T11:04:55.826+0000] {processor.py:830} INFO - Processing file /opt/airflow/dags/6_2_2_plagin.py for tasks to queue
[2025-03-17T11:04:55.827+0000] {logging_mixin.py:188} INFO - [2025-03-17T11:04:55.827+0000] {dagbag.py:538} INFO - Filling up the DagBag from /opt/airflow/dags/6_2_2_plagin.py
[2025-03-17T11:04:56.380+0000] {processor.py:840} INFO - DAG(s) '6_2_2_plagin' retrieved from /opt/airflow/dags/6_2_2_plagin.py
[2025-03-17T11:04:56.397+0000] {logging_mixin.py:188} INFO - [2025-03-17T11:04:56.396+0000] {dag.py:3036} INFO - Sync 1 DAGs
[2025-03-17T11:04:56.409+0000] {logging_mixin.py:188} INFO - [2025-03-17T11:04:56.409+0000] {dag.py:3823} INFO - Setting next_dagrun for 6_2_2_plagin to None, run_after=None
[2025-03-17T11:04:56.444+0000] {processor.py:183} INFO - Processing /opt/airflow/dags/6_2_2_plagin.py took 0.622 seconds
[2025-03-17T11:05:29.306+0000] {processor.py:161} INFO - Started process (PID=1010) to work on /opt/airflow/dags/6_2_2_plagin.py
[2025-03-17T11:05:29.307+0000] {processor.py:830} INFO - Processing file /opt/airflow/dags/6_2_2_plagin.py for tasks to queue
[2025-03-17T11:05:29.308+0000] {logging_mixin.py:188} INFO - [2025-03-17T11:05:29.308+0000] {dagbag.py:538} INFO - Filling up the DagBag from /opt/airflow/dags/6_2_2_plagin.py
[2025-03-17T11:05:29.927+0000] {processor.py:840} INFO - DAG(s) '6_2_2_plagin' retrieved from /opt/airflow/dags/6_2_2_plagin.py
[2025-03-17T11:05:29.944+0000] {logging_mixin.py:188} INFO - [2025-03-17T11:05:29.943+0000] {dag.py:3036} INFO - Sync 1 DAGs
[2025-03-17T11:05:29.957+0000] {logging_mixin.py:188} INFO - [2025-03-17T11:05:29.957+0000] {dag.py:3823} INFO - Setting next_dagrun for 6_2_2_plagin to None, run_after=None
[2025-03-17T11:05:29.987+0000] {processor.py:183} INFO - Processing /opt/airflow/dags/6_2_2_plagin.py took 0.684 seconds
[2025-03-17T11:06:00.184+0000] {processor.py:161} INFO - Started process (PID=1035) to work on /opt/airflow/dags/6_2_2_plagin.py
[2025-03-17T11:06:00.186+0000] {processor.py:830} INFO - Processing file /opt/airflow/dags/6_2_2_plagin.py for tasks to queue
[2025-03-17T11:06:00.188+0000] {logging_mixin.py:188} INFO - [2025-03-17T11:06:00.187+0000] {dagbag.py:538} INFO - Filling up the DagBag from /opt/airflow/dags/6_2_2_plagin.py
[2025-03-17T11:06:00.921+0000] {processor.py:840} INFO - DAG(s) '6_2_2_plagin' retrieved from /opt/airflow/dags/6_2_2_plagin.py
[2025-03-17T11:06:00.939+0000] {logging_mixin.py:188} INFO - [2025-03-17T11:06:00.939+0000] {dag.py:3036} INFO - Sync 1 DAGs
[2025-03-17T11:06:00.960+0000] {logging_mixin.py:188} INFO - [2025-03-17T11:06:00.960+0000] {dag.py:3823} INFO - Setting next_dagrun for 6_2_2_plagin to None, run_after=None
[2025-03-17T11:06:01.004+0000] {processor.py:183} INFO - Processing /opt/airflow/dags/6_2_2_plagin.py took 0.825 seconds
[2025-03-17T11:06:31.572+0000] {processor.py:161} INFO - Started process (PID=1060) to work on /opt/airflow/dags/6_2_2_plagin.py
[2025-03-17T11:06:31.573+0000] {processor.py:830} INFO - Processing file /opt/airflow/dags/6_2_2_plagin.py for tasks to queue
[2025-03-17T11:06:31.575+0000] {logging_mixin.py:188} INFO - [2025-03-17T11:06:31.574+0000] {dagbag.py:538} INFO - Filling up the DagBag from /opt/airflow/dags/6_2_2_plagin.py
[2025-03-17T11:06:32.162+0000] {processor.py:840} INFO - DAG(s) '6_2_2_plagin' retrieved from /opt/airflow/dags/6_2_2_plagin.py
[2025-03-17T11:06:32.173+0000] {logging_mixin.py:188} INFO - [2025-03-17T11:06:32.173+0000] {dag.py:3036} INFO - Sync 1 DAGs
[2025-03-17T11:06:32.182+0000] {logging_mixin.py:188} INFO - [2025-03-17T11:06:32.182+0000] {dag.py:3823} INFO - Setting next_dagrun for 6_2_2_plagin to None, run_after=None
[2025-03-17T11:06:32.202+0000] {processor.py:183} INFO - Processing /opt/airflow/dags/6_2_2_plagin.py took 0.635 seconds
[2025-03-17T11:07:05.570+0000] {processor.py:161} INFO - Started process (PID=1089) to work on /opt/airflow/dags/6_2_2_plagin.py
[2025-03-17T11:07:05.572+0000] {processor.py:830} INFO - Processing file /opt/airflow/dags/6_2_2_plagin.py for tasks to queue
[2025-03-17T11:07:05.573+0000] {logging_mixin.py:188} INFO - [2025-03-17T11:07:05.573+0000] {dagbag.py:538} INFO - Filling up the DagBag from /opt/airflow/dags/6_2_2_plagin.py
[2025-03-17T11:07:06.289+0000] {processor.py:840} INFO - DAG(s) '6_2_2_plagin' retrieved from /opt/airflow/dags/6_2_2_plagin.py
[2025-03-17T11:07:06.322+0000] {logging_mixin.py:188} INFO - [2025-03-17T11:07:06.321+0000] {dag.py:3036} INFO - Sync 1 DAGs
[2025-03-17T11:07:06.348+0000] {logging_mixin.py:188} INFO - [2025-03-17T11:07:06.347+0000] {dag.py:3823} INFO - Setting next_dagrun for 6_2_2_plagin to None, run_after=None
[2025-03-17T11:07:06.442+0000] {processor.py:183} INFO - Processing /opt/airflow/dags/6_2_2_plagin.py took 0.875 seconds
[2025-03-17T11:07:42.969+0000] {processor.py:161} INFO - Started process (PID=1215) to work on /opt/airflow/dags/6_2_2_plagin.py
[2025-03-17T11:07:42.970+0000] {processor.py:830} INFO - Processing file /opt/airflow/dags/6_2_2_plagin.py for tasks to queue
[2025-03-17T11:07:42.971+0000] {logging_mixin.py:188} INFO - [2025-03-17T11:07:42.971+0000] {dagbag.py:538} INFO - Filling up the DagBag from /opt/airflow/dags/6_2_2_plagin.py
[2025-03-17T11:07:43.771+0000] {processor.py:840} INFO - DAG(s) '6_2_2_plagin' retrieved from /opt/airflow/dags/6_2_2_plagin.py
[2025-03-17T11:07:43.790+0000] {logging_mixin.py:188} INFO - [2025-03-17T11:07:43.789+0000] {dag.py:3036} INFO - Sync 1 DAGs
[2025-03-17T11:07:43.803+0000] {logging_mixin.py:188} INFO - [2025-03-17T11:07:43.802+0000] {dag.py:3823} INFO - Setting next_dagrun for 6_2_2_plagin to None, run_after=None
[2025-03-17T11:07:43.839+0000] {processor.py:183} INFO - Processing /opt/airflow/dags/6_2_2_plagin.py took 0.874 seconds
[2025-03-17T11:08:18.695+0000] {processor.py:161} INFO - Started process (PID=1276) to work on /opt/airflow/dags/6_2_2_plagin.py
[2025-03-17T11:08:18.696+0000] {processor.py:830} INFO - Processing file /opt/airflow/dags/6_2_2_plagin.py for tasks to queue
[2025-03-17T11:08:18.697+0000] {logging_mixin.py:188} INFO - [2025-03-17T11:08:18.697+0000] {dagbag.py:538} INFO - Filling up the DagBag from /opt/airflow/dags/6_2_2_plagin.py
[2025-03-17T11:08:19.213+0000] {processor.py:840} INFO - DAG(s) '6_2_2_plagin' retrieved from /opt/airflow/dags/6_2_2_plagin.py
[2025-03-17T11:08:19.224+0000] {logging_mixin.py:188} INFO - [2025-03-17T11:08:19.224+0000] {dag.py:3036} INFO - Sync 1 DAGs
[2025-03-17T11:08:19.233+0000] {logging_mixin.py:188} INFO - [2025-03-17T11:08:19.233+0000] {dag.py:3823} INFO - Setting next_dagrun for 6_2_2_plagin to None, run_after=None
[2025-03-17T11:08:19.255+0000] {processor.py:183} INFO - Processing /opt/airflow/dags/6_2_2_plagin.py took 0.562 seconds
[2025-03-17T11:09:25.529+0000] {processor.py:161} INFO - Started process (PID=1568) to work on /opt/airflow/dags/6_2_2_plagin.py
[2025-03-17T11:09:25.530+0000] {processor.py:830} INFO - Processing file /opt/airflow/dags/6_2_2_plagin.py for tasks to queue
[2025-03-17T11:09:25.531+0000] {logging_mixin.py:188} INFO - [2025-03-17T11:09:25.531+0000] {dagbag.py:538} INFO - Filling up the DagBag from /opt/airflow/dags/6_2_2_plagin.py
[2025-03-17T11:09:26.075+0000] {processor.py:840} INFO - DAG(s) '6_2_2_plagin' retrieved from /opt/airflow/dags/6_2_2_plagin.py
[2025-03-17T11:09:26.089+0000] {logging_mixin.py:188} INFO - [2025-03-17T11:09:26.089+0000] {dag.py:3036} INFO - Sync 1 DAGs
[2025-03-17T11:09:26.098+0000] {logging_mixin.py:188} INFO - [2025-03-17T11:09:26.098+0000] {dag.py:3823} INFO - Setting next_dagrun for 6_2_2_plagin to None, run_after=None
[2025-03-17T11:09:26.122+0000] {processor.py:183} INFO - Processing /opt/airflow/dags/6_2_2_plagin.py took 0.595 seconds
[2025-03-17T11:10:00.319+0000] {processor.py:161} INFO - Started process (PID=1681) to work on /opt/airflow/dags/6_2_2_plagin.py
[2025-03-17T11:10:00.319+0000] {processor.py:830} INFO - Processing file /opt/airflow/dags/6_2_2_plagin.py for tasks to queue
[2025-03-17T11:10:00.320+0000] {logging_mixin.py:188} INFO - [2025-03-17T11:10:00.320+0000] {dagbag.py:538} INFO - Filling up the DagBag from /opt/airflow/dags/6_2_2_plagin.py
[2025-03-17T11:10:00.821+0000] {processor.py:840} INFO - DAG(s) '6_2_2_plagin' retrieved from /opt/airflow/dags/6_2_2_plagin.py
[2025-03-17T11:10:00.833+0000] {logging_mixin.py:188} INFO - [2025-03-17T11:10:00.832+0000] {dag.py:3036} INFO - Sync 1 DAGs
[2025-03-17T11:10:00.841+0000] {logging_mixin.py:188} INFO - [2025-03-17T11:10:00.841+0000] {dag.py:3823} INFO - Setting next_dagrun for 6_2_2_plagin to None, run_after=None
[2025-03-17T11:10:00.868+0000] {processor.py:183} INFO - Processing /opt/airflow/dags/6_2_2_plagin.py took 0.552 seconds
[2025-03-17T11:10:32.935+0000] {processor.py:161} INFO - Started process (PID=1704) to work on /opt/airflow/dags/6_2_2_plagin.py
[2025-03-17T11:10:32.935+0000] {processor.py:830} INFO - Processing file /opt/airflow/dags/6_2_2_plagin.py for tasks to queue
[2025-03-17T11:10:32.936+0000] {logging_mixin.py:188} INFO - [2025-03-17T11:10:32.936+0000] {dagbag.py:538} INFO - Filling up the DagBag from /opt/airflow/dags/6_2_2_plagin.py
[2025-03-17T11:10:33.513+0000] {processor.py:840} INFO - DAG(s) '6_2_2_plagin' retrieved from /opt/airflow/dags/6_2_2_plagin.py
[2025-03-17T11:10:33.528+0000] {logging_mixin.py:188} INFO - [2025-03-17T11:10:33.527+0000] {dag.py:3036} INFO - Sync 1 DAGs
[2025-03-17T11:10:33.537+0000] {logging_mixin.py:188} INFO - [2025-03-17T11:10:33.537+0000] {dag.py:3823} INFO - Setting next_dagrun for 6_2_2_plagin to None, run_after=None
[2025-03-17T11:10:33.557+0000] {processor.py:183} INFO - Processing /opt/airflow/dags/6_2_2_plagin.py took 0.625 seconds
[2025-03-17T11:11:03.943+0000] {processor.py:161} INFO - Started process (PID=1729) to work on /opt/airflow/dags/6_2_2_plagin.py
[2025-03-17T11:11:03.944+0000] {processor.py:830} INFO - Processing file /opt/airflow/dags/6_2_2_plagin.py for tasks to queue
[2025-03-17T11:11:03.945+0000] {logging_mixin.py:188} INFO - [2025-03-17T11:11:03.944+0000] {dagbag.py:538} INFO - Filling up the DagBag from /opt/airflow/dags/6_2_2_plagin.py
[2025-03-17T11:11:04.494+0000] {processor.py:840} INFO - DAG(s) '6_2_2_plagin' retrieved from /opt/airflow/dags/6_2_2_plagin.py
[2025-03-17T11:11:04.504+0000] {logging_mixin.py:188} INFO - [2025-03-17T11:11:04.504+0000] {dag.py:3036} INFO - Sync 1 DAGs
[2025-03-17T11:11:04.512+0000] {logging_mixin.py:188} INFO - [2025-03-17T11:11:04.512+0000] {dag.py:3823} INFO - Setting next_dagrun for 6_2_2_plagin to None, run_after=None
[2025-03-17T11:11:04.532+0000] {processor.py:183} INFO - Processing /opt/airflow/dags/6_2_2_plagin.py took 0.591 seconds
[2025-03-17T11:11:35.470+0000] {processor.py:161} INFO - Started process (PID=1754) to work on /opt/airflow/dags/6_2_2_plagin.py
[2025-03-17T11:11:35.471+0000] {processor.py:830} INFO - Processing file /opt/airflow/dags/6_2_2_plagin.py for tasks to queue
[2025-03-17T11:11:35.472+0000] {logging_mixin.py:188} INFO - [2025-03-17T11:11:35.472+0000] {dagbag.py:538} INFO - Filling up the DagBag from /opt/airflow/dags/6_2_2_plagin.py
[2025-03-17T11:11:36.032+0000] {processor.py:840} INFO - DAG(s) '6_2_2_plagin' retrieved from /opt/airflow/dags/6_2_2_plagin.py
[2025-03-17T11:11:36.049+0000] {logging_mixin.py:188} INFO - [2025-03-17T11:11:36.048+0000] {dag.py:3036} INFO - Sync 1 DAGs
[2025-03-17T11:11:36.062+0000] {logging_mixin.py:188} INFO - [2025-03-17T11:11:36.062+0000] {dag.py:3823} INFO - Setting next_dagrun for 6_2_2_plagin to None, run_after=None
[2025-03-17T11:11:36.094+0000] {processor.py:183} INFO - Processing /opt/airflow/dags/6_2_2_plagin.py took 0.626 seconds
[2025-03-17T11:12:08.727+0000] {processor.py:161} INFO - Started process (PID=1779) to work on /opt/airflow/dags/6_2_2_plagin.py
[2025-03-17T11:12:08.728+0000] {processor.py:830} INFO - Processing file /opt/airflow/dags/6_2_2_plagin.py for tasks to queue
[2025-03-17T11:12:08.729+0000] {logging_mixin.py:188} INFO - [2025-03-17T11:12:08.728+0000] {dagbag.py:538} INFO - Filling up the DagBag from /opt/airflow/dags/6_2_2_plagin.py
[2025-03-17T11:12:09.321+0000] {processor.py:840} INFO - DAG(s) '6_2_2_plagin' retrieved from /opt/airflow/dags/6_2_2_plagin.py
[2025-03-17T11:12:09.332+0000] {logging_mixin.py:188} INFO - [2025-03-17T11:12:09.332+0000] {dag.py:3036} INFO - Sync 1 DAGs
[2025-03-17T11:12:09.344+0000] {logging_mixin.py:188} INFO - [2025-03-17T11:12:09.344+0000] {dag.py:3823} INFO - Setting next_dagrun for 6_2_2_plagin to None, run_after=None
[2025-03-17T11:12:09.366+0000] {processor.py:183} INFO - Processing /opt/airflow/dags/6_2_2_plagin.py took 0.643 seconds
