[2025-03-17T10:47:40.448+0000] {processor.py:161} INFO - Started process (PID=47) to work on /opt/airflow/dags/6_house_assignment.py
[2025-03-17T10:47:40.449+0000] {processor.py:830} INFO - Processing file /opt/airflow/dags/6_house_assignment.py for tasks to queue
[2025-03-17T10:47:40.451+0000] {logging_mixin.py:188} INFO - [2025-03-17T10:47:40.450+0000] {dagbag.py:538} INFO - Filling up the DagBag from /opt/airflow/dags/6_house_assignment.py
[2025-03-17T10:47:41.369+0000] {processor.py:840} INFO - DAG(s) '6_house_assignment' retrieved from /opt/airflow/dags/6_house_assignment.py
[2025-03-17T10:47:41.376+0000] {logging_mixin.py:188} INFO - [2025-03-17T10:47:41.375+0000] {dag.py:3036} INFO - Sync 1 DAGs
[2025-03-17T10:47:41.438+0000] {logging_mixin.py:188} INFO - [2025-03-17T10:47:41.438+0000] {dag.py:3823} INFO - Setting next_dagrun for 6_house_assignment to None, run_after=None
[2025-03-17T10:47:41.484+0000] {processor.py:183} INFO - Processing /opt/airflow/dags/6_house_assignment.py took 1.041 seconds
[2025-03-17T10:48:11.649+0000] {processor.py:161} INFO - Started process (PID=175) to work on /opt/airflow/dags/6_house_assignment.py
[2025-03-17T10:48:11.651+0000] {processor.py:830} INFO - Processing file /opt/airflow/dags/6_house_assignment.py for tasks to queue
[2025-03-17T10:48:11.654+0000] {logging_mixin.py:188} INFO - [2025-03-17T10:48:11.653+0000] {dagbag.py:538} INFO - Filling up the DagBag from /opt/airflow/dags/6_house_assignment.py
[2025-03-17T10:48:13.928+0000] {processor.py:840} INFO - DAG(s) '6_house_assignment' retrieved from /opt/airflow/dags/6_house_assignment.py
[2025-03-17T10:48:14.013+0000] {logging_mixin.py:188} INFO - [2025-03-17T10:48:14.013+0000] {dag.py:3036} INFO - Sync 1 DAGs
[2025-03-17T10:48:14.029+0000] {logging_mixin.py:188} INFO - [2025-03-17T10:48:14.029+0000] {dag.py:3823} INFO - Setting next_dagrun for 6_house_assignment to None, run_after=None
[2025-03-17T10:48:14.073+0000] {processor.py:183} INFO - Processing /opt/airflow/dags/6_house_assignment.py took 2.429 seconds
[2025-03-17T10:48:45.104+0000] {processor.py:161} INFO - Started process (PID=203) to work on /opt/airflow/dags/6_house_assignment.py
[2025-03-17T10:48:45.105+0000] {processor.py:830} INFO - Processing file /opt/airflow/dags/6_house_assignment.py for tasks to queue
[2025-03-17T10:48:45.106+0000] {logging_mixin.py:188} INFO - [2025-03-17T10:48:45.106+0000] {dagbag.py:538} INFO - Filling up the DagBag from /opt/airflow/dags/6_house_assignment.py
[2025-03-17T10:48:45.765+0000] {processor.py:840} INFO - DAG(s) '6_house_assignment' retrieved from /opt/airflow/dags/6_house_assignment.py
[2025-03-17T10:48:45.779+0000] {logging_mixin.py:188} INFO - [2025-03-17T10:48:45.778+0000] {dag.py:3036} INFO - Sync 1 DAGs
[2025-03-17T10:48:45.800+0000] {logging_mixin.py:188} INFO - [2025-03-17T10:48:45.800+0000] {dag.py:3823} INFO - Setting next_dagrun for 6_house_assignment to None, run_after=None
[2025-03-17T10:48:45.838+0000] {processor.py:183} INFO - Processing /opt/airflow/dags/6_house_assignment.py took 0.739 seconds
[2025-03-17T10:49:16.911+0000] {processor.py:161} INFO - Started process (PID=227) to work on /opt/airflow/dags/6_house_assignment.py
[2025-03-17T10:49:16.912+0000] {processor.py:830} INFO - Processing file /opt/airflow/dags/6_house_assignment.py for tasks to queue
[2025-03-17T10:49:16.912+0000] {logging_mixin.py:188} INFO - [2025-03-17T10:49:16.912+0000] {dagbag.py:538} INFO - Filling up the DagBag from /opt/airflow/dags/6_house_assignment.py
[2025-03-17T10:49:17.389+0000] {processor.py:840} INFO - DAG(s) '6_house_assignment' retrieved from /opt/airflow/dags/6_house_assignment.py
[2025-03-17T10:49:17.399+0000] {logging_mixin.py:188} INFO - [2025-03-17T10:49:17.399+0000] {dag.py:3036} INFO - Sync 1 DAGs
[2025-03-17T10:49:17.414+0000] {logging_mixin.py:188} INFO - [2025-03-17T10:49:17.414+0000] {dag.py:3823} INFO - Setting next_dagrun for 6_house_assignment to None, run_after=None
[2025-03-17T10:49:17.443+0000] {processor.py:183} INFO - Processing /opt/airflow/dags/6_house_assignment.py took 0.534 seconds
[2025-03-17T10:49:48.310+0000] {processor.py:161} INFO - Started process (PID=251) to work on /opt/airflow/dags/6_house_assignment.py
[2025-03-17T10:49:48.311+0000] {processor.py:830} INFO - Processing file /opt/airflow/dags/6_house_assignment.py for tasks to queue
[2025-03-17T10:49:48.312+0000] {logging_mixin.py:188} INFO - [2025-03-17T10:49:48.311+0000] {dagbag.py:538} INFO - Filling up the DagBag from /opt/airflow/dags/6_house_assignment.py
[2025-03-17T10:49:48.823+0000] {processor.py:840} INFO - DAG(s) '6_house_assignment' retrieved from /opt/airflow/dags/6_house_assignment.py
[2025-03-17T10:49:48.835+0000] {logging_mixin.py:188} INFO - [2025-03-17T10:49:48.835+0000] {dag.py:3036} INFO - Sync 1 DAGs
[2025-03-17T10:49:48.850+0000] {logging_mixin.py:188} INFO - [2025-03-17T10:49:48.850+0000] {dag.py:3823} INFO - Setting next_dagrun for 6_house_assignment to None, run_after=None
[2025-03-17T10:49:48.881+0000] {processor.py:183} INFO - Processing /opt/airflow/dags/6_house_assignment.py took 0.573 seconds
[2025-03-17T10:50:19.179+0000] {processor.py:161} INFO - Started process (PID=275) to work on /opt/airflow/dags/6_house_assignment.py
[2025-03-17T10:50:19.180+0000] {processor.py:830} INFO - Processing file /opt/airflow/dags/6_house_assignment.py for tasks to queue
[2025-03-17T10:50:19.181+0000] {logging_mixin.py:188} INFO - [2025-03-17T10:50:19.181+0000] {dagbag.py:538} INFO - Filling up the DagBag from /opt/airflow/dags/6_house_assignment.py
[2025-03-17T10:50:19.768+0000] {processor.py:840} INFO - DAG(s) '6_house_assignment' retrieved from /opt/airflow/dags/6_house_assignment.py
[2025-03-17T10:50:19.781+0000] {logging_mixin.py:188} INFO - [2025-03-17T10:50:19.780+0000] {dag.py:3036} INFO - Sync 1 DAGs
[2025-03-17T10:50:19.800+0000] {logging_mixin.py:188} INFO - [2025-03-17T10:50:19.800+0000] {dag.py:3823} INFO - Setting next_dagrun for 6_house_assignment to None, run_after=None
[2025-03-17T10:50:19.838+0000] {processor.py:183} INFO - Processing /opt/airflow/dags/6_house_assignment.py took 0.661 seconds
[2025-03-17T10:50:50.310+0000] {processor.py:161} INFO - Started process (PID=299) to work on /opt/airflow/dags/6_house_assignment.py
[2025-03-17T10:50:50.311+0000] {processor.py:830} INFO - Processing file /opt/airflow/dags/6_house_assignment.py for tasks to queue
[2025-03-17T10:50:50.312+0000] {logging_mixin.py:188} INFO - [2025-03-17T10:50:50.312+0000] {dagbag.py:538} INFO - Filling up the DagBag from /opt/airflow/dags/6_house_assignment.py
[2025-03-17T10:50:50.804+0000] {processor.py:840} INFO - DAG(s) '6_house_assignment' retrieved from /opt/airflow/dags/6_house_assignment.py
[2025-03-17T10:50:50.820+0000] {logging_mixin.py:188} INFO - [2025-03-17T10:50:50.819+0000] {dag.py:3036} INFO - Sync 1 DAGs
[2025-03-17T10:50:50.843+0000] {logging_mixin.py:188} INFO - [2025-03-17T10:50:50.843+0000] {dag.py:3823} INFO - Setting next_dagrun for 6_house_assignment to None, run_after=None
[2025-03-17T10:50:50.876+0000] {processor.py:183} INFO - Processing /opt/airflow/dags/6_house_assignment.py took 0.568 seconds
[2025-03-17T10:51:21.340+0000] {processor.py:161} INFO - Started process (PID=323) to work on /opt/airflow/dags/6_house_assignment.py
[2025-03-17T10:51:21.342+0000] {processor.py:830} INFO - Processing file /opt/airflow/dags/6_house_assignment.py for tasks to queue
[2025-03-17T10:51:21.342+0000] {logging_mixin.py:188} INFO - [2025-03-17T10:51:21.342+0000] {dagbag.py:538} INFO - Filling up the DagBag from /opt/airflow/dags/6_house_assignment.py
[2025-03-17T10:51:21.929+0000] {processor.py:840} INFO - DAG(s) '6_house_assignment' retrieved from /opt/airflow/dags/6_house_assignment.py
[2025-03-17T10:51:21.939+0000] {logging_mixin.py:188} INFO - [2025-03-17T10:51:21.938+0000] {dag.py:3036} INFO - Sync 1 DAGs
[2025-03-17T10:51:21.952+0000] {logging_mixin.py:188} INFO - [2025-03-17T10:51:21.952+0000] {dag.py:3823} INFO - Setting next_dagrun for 6_house_assignment to None, run_after=None
[2025-03-17T10:51:21.970+0000] {processor.py:183} INFO - Processing /opt/airflow/dags/6_house_assignment.py took 0.632 seconds
[2025-03-17T10:51:52.340+0000] {processor.py:161} INFO - Started process (PID=347) to work on /opt/airflow/dags/6_house_assignment.py
[2025-03-17T10:51:52.341+0000] {processor.py:830} INFO - Processing file /opt/airflow/dags/6_house_assignment.py for tasks to queue
[2025-03-17T10:51:52.342+0000] {logging_mixin.py:188} INFO - [2025-03-17T10:51:52.342+0000] {dagbag.py:538} INFO - Filling up the DagBag from /opt/airflow/dags/6_house_assignment.py
[2025-03-17T10:51:52.944+0000] {processor.py:840} INFO - DAG(s) '6_house_assignment' retrieved from /opt/airflow/dags/6_house_assignment.py
[2025-03-17T10:51:52.954+0000] {logging_mixin.py:188} INFO - [2025-03-17T10:51:52.954+0000] {dag.py:3036} INFO - Sync 1 DAGs
[2025-03-17T10:51:52.970+0000] {logging_mixin.py:188} INFO - [2025-03-17T10:51:52.970+0000] {dag.py:3823} INFO - Setting next_dagrun for 6_house_assignment to None, run_after=None
[2025-03-17T10:51:52.991+0000] {processor.py:183} INFO - Processing /opt/airflow/dags/6_house_assignment.py took 0.654 seconds
[2025-03-17T10:52:23.383+0000] {processor.py:161} INFO - Started process (PID=371) to work on /opt/airflow/dags/6_house_assignment.py
[2025-03-17T10:52:23.385+0000] {processor.py:830} INFO - Processing file /opt/airflow/dags/6_house_assignment.py for tasks to queue
[2025-03-17T10:52:23.387+0000] {logging_mixin.py:188} INFO - [2025-03-17T10:52:23.386+0000] {dagbag.py:538} INFO - Filling up the DagBag from /opt/airflow/dags/6_house_assignment.py
[2025-03-17T10:52:23.994+0000] {processor.py:840} INFO - DAG(s) '6_house_assignment' retrieved from /opt/airflow/dags/6_house_assignment.py
[2025-03-17T10:52:24.006+0000] {logging_mixin.py:188} INFO - [2025-03-17T10:52:24.006+0000] {dag.py:3036} INFO - Sync 1 DAGs
[2025-03-17T10:52:24.020+0000] {logging_mixin.py:188} INFO - [2025-03-17T10:52:24.020+0000] {dag.py:3823} INFO - Setting next_dagrun for 6_house_assignment to None, run_after=None
[2025-03-17T10:52:24.037+0000] {processor.py:183} INFO - Processing /opt/airflow/dags/6_house_assignment.py took 0.658 seconds
[2025-03-17T10:52:54.338+0000] {processor.py:161} INFO - Started process (PID=395) to work on /opt/airflow/dags/6_house_assignment.py
[2025-03-17T10:52:54.339+0000] {processor.py:830} INFO - Processing file /opt/airflow/dags/6_house_assignment.py for tasks to queue
[2025-03-17T10:52:54.340+0000] {logging_mixin.py:188} INFO - [2025-03-17T10:52:54.340+0000] {dagbag.py:538} INFO - Filling up the DagBag from /opt/airflow/dags/6_house_assignment.py
[2025-03-17T10:52:54.845+0000] {processor.py:840} INFO - DAG(s) '6_house_assignment' retrieved from /opt/airflow/dags/6_house_assignment.py
[2025-03-17T10:52:54.854+0000] {logging_mixin.py:188} INFO - [2025-03-17T10:52:54.854+0000] {dag.py:3036} INFO - Sync 1 DAGs
[2025-03-17T10:52:54.868+0000] {logging_mixin.py:188} INFO - [2025-03-17T10:52:54.868+0000] {dag.py:3823} INFO - Setting next_dagrun for 6_house_assignment to None, run_after=None
[2025-03-17T10:52:54.888+0000] {processor.py:183} INFO - Processing /opt/airflow/dags/6_house_assignment.py took 0.552 seconds
[2025-03-17T10:53:25.519+0000] {processor.py:161} INFO - Started process (PID=421) to work on /opt/airflow/dags/6_house_assignment.py
[2025-03-17T10:53:25.521+0000] {processor.py:830} INFO - Processing file /opt/airflow/dags/6_house_assignment.py for tasks to queue
[2025-03-17T10:53:25.523+0000] {logging_mixin.py:188} INFO - [2025-03-17T10:53:25.522+0000] {dagbag.py:538} INFO - Filling up the DagBag from /opt/airflow/dags/6_house_assignment.py
[2025-03-17T10:53:26.285+0000] {processor.py:840} INFO - DAG(s) '6_house_assignment' retrieved from /opt/airflow/dags/6_house_assignment.py
[2025-03-17T10:53:26.288+0000] {logging_mixin.py:188} INFO - [2025-03-17T10:53:26.288+0000] {dag.py:3036} INFO - Sync 1 DAGs
[2025-03-17T10:53:26.305+0000] {logging_mixin.py:188} INFO - [2025-03-17T10:53:26.305+0000] {dag.py:3823} INFO - Setting next_dagrun for 6_house_assignment to None, run_after=None
[2025-03-17T10:53:26.328+0000] {processor.py:183} INFO - Processing /opt/airflow/dags/6_house_assignment.py took 0.760 seconds
[2025-03-17T10:53:57.158+0000] {processor.py:161} INFO - Started process (PID=446) to work on /opt/airflow/dags/6_house_assignment.py
[2025-03-17T10:53:57.160+0000] {processor.py:830} INFO - Processing file /opt/airflow/dags/6_house_assignment.py for tasks to queue
[2025-03-17T10:53:57.161+0000] {logging_mixin.py:188} INFO - [2025-03-17T10:53:57.161+0000] {dagbag.py:538} INFO - Filling up the DagBag from /opt/airflow/dags/6_house_assignment.py
[2025-03-17T10:53:57.810+0000] {processor.py:840} INFO - DAG(s) '6_house_assignment' retrieved from /opt/airflow/dags/6_house_assignment.py
[2025-03-17T10:53:57.881+0000] {logging_mixin.py:188} INFO - [2025-03-17T10:53:57.881+0000] {dag.py:3036} INFO - Sync 1 DAGs
[2025-03-17T10:53:57.894+0000] {logging_mixin.py:188} INFO - [2025-03-17T10:53:57.893+0000] {dag.py:3823} INFO - Setting next_dagrun for 6_house_assignment to None, run_after=None
[2025-03-17T10:53:57.915+0000] {processor.py:183} INFO - Processing /opt/airflow/dags/6_house_assignment.py took 0.762 seconds
[2025-03-17T10:54:28.584+0000] {processor.py:161} INFO - Started process (PID=471) to work on /opt/airflow/dags/6_house_assignment.py
[2025-03-17T10:54:28.585+0000] {processor.py:830} INFO - Processing file /opt/airflow/dags/6_house_assignment.py for tasks to queue
[2025-03-17T10:54:28.586+0000] {logging_mixin.py:188} INFO - [2025-03-17T10:54:28.586+0000] {dagbag.py:538} INFO - Filling up the DagBag from /opt/airflow/dags/6_house_assignment.py
[2025-03-17T10:54:29.280+0000] {processor.py:840} INFO - DAG(s) '6_house_assignment' retrieved from /opt/airflow/dags/6_house_assignment.py
[2025-03-17T10:54:29.292+0000] {logging_mixin.py:188} INFO - [2025-03-17T10:54:29.292+0000] {dag.py:3036} INFO - Sync 1 DAGs
[2025-03-17T10:54:29.317+0000] {logging_mixin.py:188} INFO - [2025-03-17T10:54:29.317+0000] {dag.py:3823} INFO - Setting next_dagrun for 6_house_assignment to None, run_after=None
[2025-03-17T10:54:29.350+0000] {processor.py:183} INFO - Processing /opt/airflow/dags/6_house_assignment.py took 0.769 seconds
[2025-03-17T10:54:59.479+0000] {processor.py:161} INFO - Started process (PID=496) to work on /opt/airflow/dags/6_house_assignment.py
[2025-03-17T10:54:59.480+0000] {processor.py:830} INFO - Processing file /opt/airflow/dags/6_house_assignment.py for tasks to queue
[2025-03-17T10:54:59.481+0000] {logging_mixin.py:188} INFO - [2025-03-17T10:54:59.480+0000] {dagbag.py:538} INFO - Filling up the DagBag from /opt/airflow/dags/6_house_assignment.py
[2025-03-17T10:55:00.029+0000] {processor.py:840} INFO - DAG(s) '6_house_assignment' retrieved from /opt/airflow/dags/6_house_assignment.py
[2025-03-17T10:55:00.031+0000] {logging_mixin.py:188} INFO - [2025-03-17T10:55:00.031+0000] {dag.py:3036} INFO - Sync 1 DAGs
[2025-03-17T10:55:00.045+0000] {logging_mixin.py:188} INFO - [2025-03-17T10:55:00.045+0000] {dag.py:3823} INFO - Setting next_dagrun for 6_house_assignment to None, run_after=None
[2025-03-17T10:55:00.067+0000] {processor.py:183} INFO - Processing /opt/airflow/dags/6_house_assignment.py took 0.591 seconds
[2025-03-17T10:55:30.282+0000] {processor.py:161} INFO - Started process (PID=521) to work on /opt/airflow/dags/6_house_assignment.py
[2025-03-17T10:55:30.282+0000] {processor.py:830} INFO - Processing file /opt/airflow/dags/6_house_assignment.py for tasks to queue
[2025-03-17T10:55:30.283+0000] {logging_mixin.py:188} INFO - [2025-03-17T10:55:30.283+0000] {dagbag.py:538} INFO - Filling up the DagBag from /opt/airflow/dags/6_house_assignment.py
[2025-03-17T10:55:30.814+0000] {processor.py:840} INFO - DAG(s) '6_house_assignment' retrieved from /opt/airflow/dags/6_house_assignment.py
[2025-03-17T10:55:30.883+0000] {logging_mixin.py:188} INFO - [2025-03-17T10:55:30.882+0000] {dag.py:3036} INFO - Sync 1 DAGs
[2025-03-17T10:55:30.897+0000] {logging_mixin.py:188} INFO - [2025-03-17T10:55:30.896+0000] {dag.py:3823} INFO - Setting next_dagrun for 6_house_assignment to None, run_after=None
[2025-03-17T10:55:30.921+0000] {processor.py:183} INFO - Processing /opt/airflow/dags/6_house_assignment.py took 0.642 seconds
[2025-03-17T10:56:01.250+0000] {processor.py:161} INFO - Started process (PID=546) to work on /opt/airflow/dags/6_house_assignment.py
[2025-03-17T10:56:01.251+0000] {processor.py:830} INFO - Processing file /opt/airflow/dags/6_house_assignment.py for tasks to queue
[2025-03-17T10:56:01.252+0000] {logging_mixin.py:188} INFO - [2025-03-17T10:56:01.252+0000] {dagbag.py:538} INFO - Filling up the DagBag from /opt/airflow/dags/6_house_assignment.py
[2025-03-17T10:56:01.786+0000] {processor.py:840} INFO - DAG(s) '6_house_assignment' retrieved from /opt/airflow/dags/6_house_assignment.py
[2025-03-17T10:56:01.797+0000] {logging_mixin.py:188} INFO - [2025-03-17T10:56:01.797+0000] {dag.py:3036} INFO - Sync 1 DAGs
[2025-03-17T10:56:01.813+0000] {logging_mixin.py:188} INFO - [2025-03-17T10:56:01.813+0000] {dag.py:3823} INFO - Setting next_dagrun for 6_house_assignment to None, run_after=None
[2025-03-17T10:56:01.834+0000] {processor.py:183} INFO - Processing /opt/airflow/dags/6_house_assignment.py took 0.587 seconds
[2025-03-17T10:56:32.432+0000] {processor.py:161} INFO - Started process (PID=571) to work on /opt/airflow/dags/6_house_assignment.py
[2025-03-17T10:56:32.433+0000] {processor.py:830} INFO - Processing file /opt/airflow/dags/6_house_assignment.py for tasks to queue
[2025-03-17T10:56:32.434+0000] {logging_mixin.py:188} INFO - [2025-03-17T10:56:32.433+0000] {dagbag.py:538} INFO - Filling up the DagBag from /opt/airflow/dags/6_house_assignment.py
[2025-03-17T10:56:32.977+0000] {processor.py:840} INFO - DAG(s) '6_house_assignment' retrieved from /opt/airflow/dags/6_house_assignment.py
[2025-03-17T10:56:32.981+0000] {logging_mixin.py:188} INFO - [2025-03-17T10:56:32.981+0000] {dag.py:3036} INFO - Sync 1 DAGs
[2025-03-17T10:56:33.000+0000] {logging_mixin.py:188} INFO - [2025-03-17T10:56:32.999+0000] {dag.py:3823} INFO - Setting next_dagrun for 6_house_assignment to None, run_after=None
[2025-03-17T10:56:33.026+0000] {processor.py:183} INFO - Processing /opt/airflow/dags/6_house_assignment.py took 0.597 seconds
[2025-03-17T10:57:03.399+0000] {processor.py:161} INFO - Started process (PID=596) to work on /opt/airflow/dags/6_house_assignment.py
[2025-03-17T10:57:03.400+0000] {processor.py:830} INFO - Processing file /opt/airflow/dags/6_house_assignment.py for tasks to queue
[2025-03-17T10:57:03.401+0000] {logging_mixin.py:188} INFO - [2025-03-17T10:57:03.400+0000] {dagbag.py:538} INFO - Filling up the DagBag from /opt/airflow/dags/6_house_assignment.py
[2025-03-17T10:57:03.914+0000] {processor.py:840} INFO - DAG(s) '6_house_assignment' retrieved from /opt/airflow/dags/6_house_assignment.py
[2025-03-17T10:57:03.980+0000] {logging_mixin.py:188} INFO - [2025-03-17T10:57:03.980+0000] {dag.py:3036} INFO - Sync 1 DAGs
[2025-03-17T10:57:03.994+0000] {logging_mixin.py:188} INFO - [2025-03-17T10:57:03.994+0000] {dag.py:3823} INFO - Setting next_dagrun for 6_house_assignment to None, run_after=None
[2025-03-17T10:57:04.021+0000] {processor.py:183} INFO - Processing /opt/airflow/dags/6_house_assignment.py took 0.625 seconds
[2025-03-17T10:57:34.530+0000] {processor.py:161} INFO - Started process (PID=621) to work on /opt/airflow/dags/6_house_assignment.py
[2025-03-17T10:57:34.532+0000] {processor.py:830} INFO - Processing file /opt/airflow/dags/6_house_assignment.py for tasks to queue
[2025-03-17T10:57:34.533+0000] {logging_mixin.py:188} INFO - [2025-03-17T10:57:34.533+0000] {dagbag.py:538} INFO - Filling up the DagBag from /opt/airflow/dags/6_house_assignment.py
[2025-03-17T10:57:35.283+0000] {processor.py:840} INFO - DAG(s) '6_house_assignment' retrieved from /opt/airflow/dags/6_house_assignment.py
[2025-03-17T10:57:35.297+0000] {logging_mixin.py:188} INFO - [2025-03-17T10:57:35.297+0000] {dag.py:3036} INFO - Sync 1 DAGs
[2025-03-17T10:57:35.321+0000] {logging_mixin.py:188} INFO - [2025-03-17T10:57:35.320+0000] {dag.py:3823} INFO - Setting next_dagrun for 6_house_assignment to None, run_after=None
[2025-03-17T10:57:35.346+0000] {processor.py:183} INFO - Processing /opt/airflow/dags/6_house_assignment.py took 0.820 seconds
[2025-03-17T10:58:06.418+0000] {processor.py:161} INFO - Started process (PID=646) to work on /opt/airflow/dags/6_house_assignment.py
[2025-03-17T10:58:06.419+0000] {processor.py:830} INFO - Processing file /opt/airflow/dags/6_house_assignment.py for tasks to queue
[2025-03-17T10:58:06.420+0000] {logging_mixin.py:188} INFO - [2025-03-17T10:58:06.420+0000] {dagbag.py:538} INFO - Filling up the DagBag from /opt/airflow/dags/6_house_assignment.py
[2025-03-17T10:58:07.068+0000] {processor.py:840} INFO - DAG(s) '6_house_assignment' retrieved from /opt/airflow/dags/6_house_assignment.py
[2025-03-17T10:58:07.076+0000] {logging_mixin.py:188} INFO - [2025-03-17T10:58:07.075+0000] {dag.py:3036} INFO - Sync 1 DAGs
[2025-03-17T10:58:07.101+0000] {logging_mixin.py:188} INFO - [2025-03-17T10:58:07.101+0000] {dag.py:3823} INFO - Setting next_dagrun for 6_house_assignment to None, run_after=None
[2025-03-17T10:58:07.142+0000] {processor.py:183} INFO - Processing /opt/airflow/dags/6_house_assignment.py took 0.726 seconds
[2025-03-17T10:58:37.610+0000] {processor.py:161} INFO - Started process (PID=671) to work on /opt/airflow/dags/6_house_assignment.py
[2025-03-17T10:58:37.611+0000] {processor.py:830} INFO - Processing file /opt/airflow/dags/6_house_assignment.py for tasks to queue
[2025-03-17T10:58:37.613+0000] {logging_mixin.py:188} INFO - [2025-03-17T10:58:37.612+0000] {dagbag.py:538} INFO - Filling up the DagBag from /opt/airflow/dags/6_house_assignment.py
[2025-03-17T10:58:38.170+0000] {processor.py:840} INFO - DAG(s) '6_house_assignment' retrieved from /opt/airflow/dags/6_house_assignment.py
[2025-03-17T10:58:38.234+0000] {logging_mixin.py:188} INFO - [2025-03-17T10:58:38.234+0000] {dag.py:3036} INFO - Sync 1 DAGs
[2025-03-17T10:58:38.248+0000] {logging_mixin.py:188} INFO - [2025-03-17T10:58:38.248+0000] {dag.py:3823} INFO - Setting next_dagrun for 6_house_assignment to None, run_after=None
[2025-03-17T10:58:38.270+0000] {processor.py:183} INFO - Processing /opt/airflow/dags/6_house_assignment.py took 0.664 seconds
[2025-03-17T10:59:09.028+0000] {processor.py:161} INFO - Started process (PID=696) to work on /opt/airflow/dags/6_house_assignment.py
[2025-03-17T10:59:09.029+0000] {processor.py:830} INFO - Processing file /opt/airflow/dags/6_house_assignment.py for tasks to queue
[2025-03-17T10:59:09.030+0000] {logging_mixin.py:188} INFO - [2025-03-17T10:59:09.030+0000] {dagbag.py:538} INFO - Filling up the DagBag from /opt/airflow/dags/6_house_assignment.py
[2025-03-17T10:59:09.529+0000] {processor.py:840} INFO - DAG(s) '6_house_assignment' retrieved from /opt/airflow/dags/6_house_assignment.py
[2025-03-17T10:59:09.539+0000] {logging_mixin.py:188} INFO - [2025-03-17T10:59:09.538+0000] {dag.py:3036} INFO - Sync 1 DAGs
[2025-03-17T10:59:09.557+0000] {logging_mixin.py:188} INFO - [2025-03-17T10:59:09.556+0000] {dag.py:3823} INFO - Setting next_dagrun for 6_house_assignment to None, run_after=None
[2025-03-17T10:59:09.579+0000] {processor.py:183} INFO - Processing /opt/airflow/dags/6_house_assignment.py took 0.554 seconds
[2025-03-17T10:59:39.798+0000] {processor.py:161} INFO - Started process (PID=721) to work on /opt/airflow/dags/6_house_assignment.py
[2025-03-17T10:59:39.799+0000] {processor.py:830} INFO - Processing file /opt/airflow/dags/6_house_assignment.py for tasks to queue
[2025-03-17T10:59:39.800+0000] {logging_mixin.py:188} INFO - [2025-03-17T10:59:39.800+0000] {dagbag.py:538} INFO - Filling up the DagBag from /opt/airflow/dags/6_house_assignment.py
[2025-03-17T10:59:40.362+0000] {processor.py:840} INFO - DAG(s) '6_house_assignment' retrieved from /opt/airflow/dags/6_house_assignment.py
[2025-03-17T10:59:40.366+0000] {logging_mixin.py:188} INFO - [2025-03-17T10:59:40.365+0000] {dag.py:3036} INFO - Sync 1 DAGs
[2025-03-17T10:59:40.382+0000] {logging_mixin.py:188} INFO - [2025-03-17T10:59:40.382+0000] {dag.py:3823} INFO - Setting next_dagrun for 6_house_assignment to None, run_after=None
[2025-03-17T10:59:40.402+0000] {processor.py:183} INFO - Processing /opt/airflow/dags/6_house_assignment.py took 0.607 seconds
[2025-03-17T11:00:11.403+0000] {processor.py:161} INFO - Started process (PID=746) to work on /opt/airflow/dags/6_house_assignment.py
[2025-03-17T11:00:11.405+0000] {processor.py:830} INFO - Processing file /opt/airflow/dags/6_house_assignment.py for tasks to queue
[2025-03-17T11:00:11.408+0000] {logging_mixin.py:188} INFO - [2025-03-17T11:00:11.407+0000] {dagbag.py:538} INFO - Filling up the DagBag from /opt/airflow/dags/6_house_assignment.py
[2025-03-17T11:00:12.175+0000] {processor.py:840} INFO - DAG(s) '6_house_assignment' retrieved from /opt/airflow/dags/6_house_assignment.py
[2025-03-17T11:00:12.288+0000] {logging_mixin.py:188} INFO - [2025-03-17T11:00:12.288+0000] {dag.py:3036} INFO - Sync 1 DAGs
[2025-03-17T11:00:12.319+0000] {logging_mixin.py:188} INFO - [2025-03-17T11:00:12.319+0000] {dag.py:3823} INFO - Setting next_dagrun for 6_house_assignment to None, run_after=None
[2025-03-17T11:00:12.356+0000] {processor.py:183} INFO - Processing /opt/airflow/dags/6_house_assignment.py took 0.958 seconds
[2025-03-17T11:00:43.068+0000] {processor.py:161} INFO - Started process (PID=773) to work on /opt/airflow/dags/6_house_assignment.py
[2025-03-17T11:00:43.069+0000] {processor.py:830} INFO - Processing file /opt/airflow/dags/6_house_assignment.py for tasks to queue
[2025-03-17T11:00:43.070+0000] {logging_mixin.py:188} INFO - [2025-03-17T11:00:43.070+0000] {dagbag.py:538} INFO - Filling up the DagBag from /opt/airflow/dags/6_house_assignment.py
[2025-03-17T11:00:43.653+0000] {processor.py:840} INFO - DAG(s) '6_house_assignment' retrieved from /opt/airflow/dags/6_house_assignment.py
[2025-03-17T11:00:43.665+0000] {logging_mixin.py:188} INFO - [2025-03-17T11:00:43.664+0000] {dag.py:3036} INFO - Sync 1 DAGs
[2025-03-17T11:00:43.682+0000] {logging_mixin.py:188} INFO - [2025-03-17T11:00:43.681+0000] {dag.py:3823} INFO - Setting next_dagrun for 6_house_assignment to None, run_after=None
[2025-03-17T11:00:43.705+0000] {processor.py:183} INFO - Processing /opt/airflow/dags/6_house_assignment.py took 0.639 seconds
[2025-03-17T11:01:14.314+0000] {processor.py:161} INFO - Started process (PID=800) to work on /opt/airflow/dags/6_house_assignment.py
[2025-03-17T11:01:14.315+0000] {processor.py:830} INFO - Processing file /opt/airflow/dags/6_house_assignment.py for tasks to queue
[2025-03-17T11:01:14.316+0000] {logging_mixin.py:188} INFO - [2025-03-17T11:01:14.316+0000] {dagbag.py:538} INFO - Filling up the DagBag from /opt/airflow/dags/6_house_assignment.py
[2025-03-17T11:01:14.857+0000] {processor.py:840} INFO - DAG(s) '6_house_assignment' retrieved from /opt/airflow/dags/6_house_assignment.py
[2025-03-17T11:01:14.868+0000] {logging_mixin.py:188} INFO - [2025-03-17T11:01:14.867+0000] {dag.py:3036} INFO - Sync 1 DAGs
[2025-03-17T11:01:14.883+0000] {logging_mixin.py:188} INFO - [2025-03-17T11:01:14.883+0000] {dag.py:3823} INFO - Setting next_dagrun for 6_house_assignment to None, run_after=None
[2025-03-17T11:01:14.905+0000] {processor.py:183} INFO - Processing /opt/airflow/dags/6_house_assignment.py took 0.594 seconds
[2025-03-17T11:01:45.726+0000] {processor.py:161} INFO - Started process (PID=825) to work on /opt/airflow/dags/6_house_assignment.py
[2025-03-17T11:01:45.727+0000] {processor.py:830} INFO - Processing file /opt/airflow/dags/6_house_assignment.py for tasks to queue
[2025-03-17T11:01:45.728+0000] {logging_mixin.py:188} INFO - [2025-03-17T11:01:45.727+0000] {dagbag.py:538} INFO - Filling up the DagBag from /opt/airflow/dags/6_house_assignment.py
[2025-03-17T11:01:46.318+0000] {processor.py:840} INFO - DAG(s) '6_house_assignment' retrieved from /opt/airflow/dags/6_house_assignment.py
[2025-03-17T11:01:46.333+0000] {logging_mixin.py:188} INFO - [2025-03-17T11:01:46.333+0000] {dag.py:3036} INFO - Sync 1 DAGs
[2025-03-17T11:01:46.350+0000] {logging_mixin.py:188} INFO - [2025-03-17T11:01:46.350+0000] {dag.py:3823} INFO - Setting next_dagrun for 6_house_assignment to None, run_after=None
[2025-03-17T11:01:46.380+0000] {processor.py:183} INFO - Processing /opt/airflow/dags/6_house_assignment.py took 0.657 seconds
[2025-03-17T11:02:17.503+0000] {processor.py:161} INFO - Started process (PID=854) to work on /opt/airflow/dags/6_house_assignment.py
[2025-03-17T11:02:17.505+0000] {processor.py:830} INFO - Processing file /opt/airflow/dags/6_house_assignment.py for tasks to queue
[2025-03-17T11:02:17.506+0000] {logging_mixin.py:188} INFO - [2025-03-17T11:02:17.505+0000] {dagbag.py:538} INFO - Filling up the DagBag from /opt/airflow/dags/6_house_assignment.py
[2025-03-17T11:02:18.195+0000] {processor.py:840} INFO - DAG(s) '6_house_assignment' retrieved from /opt/airflow/dags/6_house_assignment.py
[2025-03-17T11:02:18.205+0000] {logging_mixin.py:188} INFO - [2025-03-17T11:02:18.205+0000] {dag.py:3036} INFO - Sync 1 DAGs
[2025-03-17T11:02:18.219+0000] {logging_mixin.py:188} INFO - [2025-03-17T11:02:18.219+0000] {dag.py:3823} INFO - Setting next_dagrun for 6_house_assignment to None, run_after=None
[2025-03-17T11:02:18.239+0000] {processor.py:183} INFO - Processing /opt/airflow/dags/6_house_assignment.py took 0.739 seconds
[2025-03-17T11:02:48.882+0000] {processor.py:161} INFO - Started process (PID=879) to work on /opt/airflow/dags/6_house_assignment.py
[2025-03-17T11:02:48.883+0000] {processor.py:830} INFO - Processing file /opt/airflow/dags/6_house_assignment.py for tasks to queue
[2025-03-17T11:02:48.884+0000] {logging_mixin.py:188} INFO - [2025-03-17T11:02:48.884+0000] {dagbag.py:538} INFO - Filling up the DagBag from /opt/airflow/dags/6_house_assignment.py
[2025-03-17T11:02:49.517+0000] {processor.py:840} INFO - DAG(s) '6_house_assignment' retrieved from /opt/airflow/dags/6_house_assignment.py
[2025-03-17T11:02:49.531+0000] {logging_mixin.py:188} INFO - [2025-03-17T11:02:49.531+0000] {dag.py:3036} INFO - Sync 1 DAGs
[2025-03-17T11:02:49.551+0000] {logging_mixin.py:188} INFO - [2025-03-17T11:02:49.550+0000] {dag.py:3823} INFO - Setting next_dagrun for 6_house_assignment to None, run_after=None
[2025-03-17T11:02:49.570+0000] {processor.py:183} INFO - Processing /opt/airflow/dags/6_house_assignment.py took 0.692 seconds
[2025-03-17T11:03:19.854+0000] {processor.py:161} INFO - Started process (PID=904) to work on /opt/airflow/dags/6_house_assignment.py
[2025-03-17T11:03:19.855+0000] {processor.py:830} INFO - Processing file /opt/airflow/dags/6_house_assignment.py for tasks to queue
[2025-03-17T11:03:19.856+0000] {logging_mixin.py:188} INFO - [2025-03-17T11:03:19.856+0000] {dagbag.py:538} INFO - Filling up the DagBag from /opt/airflow/dags/6_house_assignment.py
[2025-03-17T11:03:20.641+0000] {processor.py:840} INFO - DAG(s) '6_house_assignment' retrieved from /opt/airflow/dags/6_house_assignment.py
[2025-03-17T11:03:20.657+0000] {logging_mixin.py:188} INFO - [2025-03-17T11:03:20.656+0000] {dag.py:3036} INFO - Sync 1 DAGs
[2025-03-17T11:03:20.674+0000] {logging_mixin.py:188} INFO - [2025-03-17T11:03:20.674+0000] {dag.py:3823} INFO - Setting next_dagrun for 6_house_assignment to None, run_after=None
[2025-03-17T11:03:20.696+0000] {processor.py:183} INFO - Processing /opt/airflow/dags/6_house_assignment.py took 0.844 seconds
[2025-03-17T11:03:50.903+0000] {processor.py:161} INFO - Started process (PID=929) to work on /opt/airflow/dags/6_house_assignment.py
[2025-03-17T11:03:50.904+0000] {processor.py:830} INFO - Processing file /opt/airflow/dags/6_house_assignment.py for tasks to queue
[2025-03-17T11:03:50.905+0000] {logging_mixin.py:188} INFO - [2025-03-17T11:03:50.904+0000] {dagbag.py:538} INFO - Filling up the DagBag from /opt/airflow/dags/6_house_assignment.py
[2025-03-17T11:03:51.544+0000] {processor.py:840} INFO - DAG(s) '6_house_assignment' retrieved from /opt/airflow/dags/6_house_assignment.py
[2025-03-17T11:03:51.558+0000] {logging_mixin.py:188} INFO - [2025-03-17T11:03:51.557+0000] {dag.py:3036} INFO - Sync 1 DAGs
[2025-03-17T11:03:51.583+0000] {logging_mixin.py:188} INFO - [2025-03-17T11:03:51.583+0000] {dag.py:3823} INFO - Setting next_dagrun for 6_house_assignment to None, run_after=None
[2025-03-17T11:03:51.609+0000] {processor.py:183} INFO - Processing /opt/airflow/dags/6_house_assignment.py took 0.712 seconds
[2025-03-17T11:04:22.580+0000] {processor.py:161} INFO - Started process (PID=954) to work on /opt/airflow/dags/6_house_assignment.py
[2025-03-17T11:04:22.581+0000] {processor.py:830} INFO - Processing file /opt/airflow/dags/6_house_assignment.py for tasks to queue
[2025-03-17T11:04:22.582+0000] {logging_mixin.py:188} INFO - [2025-03-17T11:04:22.582+0000] {dagbag.py:538} INFO - Filling up the DagBag from /opt/airflow/dags/6_house_assignment.py
[2025-03-17T11:04:23.139+0000] {processor.py:840} INFO - DAG(s) '6_house_assignment' retrieved from /opt/airflow/dags/6_house_assignment.py
[2025-03-17T11:04:23.151+0000] {logging_mixin.py:188} INFO - [2025-03-17T11:04:23.150+0000] {dag.py:3036} INFO - Sync 1 DAGs
[2025-03-17T11:04:23.169+0000] {logging_mixin.py:188} INFO - [2025-03-17T11:04:23.169+0000] {dag.py:3823} INFO - Setting next_dagrun for 6_house_assignment to None, run_after=None
[2025-03-17T11:04:23.204+0000] {processor.py:183} INFO - Processing /opt/airflow/dags/6_house_assignment.py took 0.627 seconds
[2025-03-17T11:04:53.466+0000] {processor.py:161} INFO - Started process (PID=981) to work on /opt/airflow/dags/6_house_assignment.py
[2025-03-17T11:04:53.468+0000] {processor.py:830} INFO - Processing file /opt/airflow/dags/6_house_assignment.py for tasks to queue
[2025-03-17T11:04:53.470+0000] {logging_mixin.py:188} INFO - [2025-03-17T11:04:53.469+0000] {dagbag.py:538} INFO - Filling up the DagBag from /opt/airflow/dags/6_house_assignment.py
[2025-03-17T11:04:54.619+0000] {processor.py:840} INFO - DAG(s) '6_house_assignment' retrieved from /opt/airflow/dags/6_house_assignment.py
[2025-03-17T11:04:54.643+0000] {logging_mixin.py:188} INFO - [2025-03-17T11:04:54.642+0000] {dag.py:3036} INFO - Sync 1 DAGs
[2025-03-17T11:04:54.682+0000] {logging_mixin.py:188} INFO - [2025-03-17T11:04:54.681+0000] {dag.py:3823} INFO - Setting next_dagrun for 6_house_assignment to None, run_after=None
[2025-03-17T11:04:54.721+0000] {processor.py:183} INFO - Processing /opt/airflow/dags/6_house_assignment.py took 1.259 seconds
[2025-03-17T11:05:25.807+0000] {processor.py:161} INFO - Started process (PID=1006) to work on /opt/airflow/dags/6_house_assignment.py
[2025-03-17T11:05:25.809+0000] {processor.py:830} INFO - Processing file /opt/airflow/dags/6_house_assignment.py for tasks to queue
[2025-03-17T11:05:25.811+0000] {logging_mixin.py:188} INFO - [2025-03-17T11:05:25.810+0000] {dagbag.py:538} INFO - Filling up the DagBag from /opt/airflow/dags/6_house_assignment.py
[2025-03-17T11:05:26.398+0000] {processor.py:840} INFO - DAG(s) '6_house_assignment' retrieved from /opt/airflow/dags/6_house_assignment.py
[2025-03-17T11:05:26.412+0000] {logging_mixin.py:188} INFO - [2025-03-17T11:05:26.411+0000] {dag.py:3036} INFO - Sync 1 DAGs
[2025-03-17T11:05:26.429+0000] {logging_mixin.py:188} INFO - [2025-03-17T11:05:26.429+0000] {dag.py:3823} INFO - Setting next_dagrun for 6_house_assignment to None, run_after=None
[2025-03-17T11:05:26.449+0000] {processor.py:183} INFO - Processing /opt/airflow/dags/6_house_assignment.py took 0.647 seconds
[2025-03-17T11:05:57.284+0000] {processor.py:161} INFO - Started process (PID=1033) to work on /opt/airflow/dags/6_house_assignment.py
[2025-03-17T11:05:57.285+0000] {processor.py:830} INFO - Processing file /opt/airflow/dags/6_house_assignment.py for tasks to queue
[2025-03-17T11:05:57.286+0000] {logging_mixin.py:188} INFO - [2025-03-17T11:05:57.286+0000] {dagbag.py:538} INFO - Filling up the DagBag from /opt/airflow/dags/6_house_assignment.py
[2025-03-17T11:05:57.971+0000] {processor.py:840} INFO - DAG(s) '6_house_assignment' retrieved from /opt/airflow/dags/6_house_assignment.py
[2025-03-17T11:05:57.986+0000] {logging_mixin.py:188} INFO - [2025-03-17T11:05:57.986+0000] {dag.py:3036} INFO - Sync 1 DAGs
[2025-03-17T11:05:58.009+0000] {logging_mixin.py:188} INFO - [2025-03-17T11:05:58.009+0000] {dag.py:3823} INFO - Setting next_dagrun for 6_house_assignment to None, run_after=None
[2025-03-17T11:05:58.041+0000] {processor.py:183} INFO - Processing /opt/airflow/dags/6_house_assignment.py took 0.683 seconds
[2025-03-17T11:06:28.778+0000] {processor.py:161} INFO - Started process (PID=1058) to work on /opt/airflow/dags/6_house_assignment.py
[2025-03-17T11:06:28.779+0000] {processor.py:830} INFO - Processing file /opt/airflow/dags/6_house_assignment.py for tasks to queue
[2025-03-17T11:06:28.780+0000] {logging_mixin.py:188} INFO - [2025-03-17T11:06:28.779+0000] {dagbag.py:538} INFO - Filling up the DagBag from /opt/airflow/dags/6_house_assignment.py
[2025-03-17T11:06:29.352+0000] {processor.py:840} INFO - DAG(s) '6_house_assignment' retrieved from /opt/airflow/dags/6_house_assignment.py
[2025-03-17T11:06:29.362+0000] {logging_mixin.py:188} INFO - [2025-03-17T11:06:29.362+0000] {dag.py:3036} INFO - Sync 1 DAGs
[2025-03-17T11:06:29.377+0000] {logging_mixin.py:188} INFO - [2025-03-17T11:06:29.377+0000] {dag.py:3823} INFO - Setting next_dagrun for 6_house_assignment to None, run_after=None
[2025-03-17T11:06:29.397+0000] {processor.py:183} INFO - Processing /opt/airflow/dags/6_house_assignment.py took 0.623 seconds
[2025-03-17T11:07:01.613+0000] {processor.py:161} INFO - Started process (PID=1085) to work on /opt/airflow/dags/6_house_assignment.py
[2025-03-17T11:07:01.615+0000] {processor.py:830} INFO - Processing file /opt/airflow/dags/6_house_assignment.py for tasks to queue
[2025-03-17T11:07:01.617+0000] {logging_mixin.py:188} INFO - [2025-03-17T11:07:01.616+0000] {dagbag.py:538} INFO - Filling up the DagBag from /opt/airflow/dags/6_house_assignment.py
[2025-03-17T11:07:02.265+0000] {processor.py:840} INFO - DAG(s) '6_house_assignment' retrieved from /opt/airflow/dags/6_house_assignment.py
[2025-03-17T11:07:02.278+0000] {logging_mixin.py:188} INFO - [2025-03-17T11:07:02.278+0000] {dag.py:3036} INFO - Sync 1 DAGs
[2025-03-17T11:07:02.302+0000] {logging_mixin.py:188} INFO - [2025-03-17T11:07:02.302+0000] {dag.py:3823} INFO - Setting next_dagrun for 6_house_assignment to None, run_after=None
[2025-03-17T11:07:02.334+0000] {processor.py:183} INFO - Processing /opt/airflow/dags/6_house_assignment.py took 0.724 seconds
[2025-03-17T11:07:41.211+0000] {processor.py:161} INFO - Started process (PID=1213) to work on /opt/airflow/dags/6_house_assignment.py
[2025-03-17T11:07:41.212+0000] {processor.py:830} INFO - Processing file /opt/airflow/dags/6_house_assignment.py for tasks to queue
[2025-03-17T11:07:41.213+0000] {logging_mixin.py:188} INFO - [2025-03-17T11:07:41.213+0000] {dagbag.py:538} INFO - Filling up the DagBag from /opt/airflow/dags/6_house_assignment.py
[2025-03-17T11:07:41.810+0000] {processor.py:840} INFO - DAG(s) '6_house_assignment' retrieved from /opt/airflow/dags/6_house_assignment.py
[2025-03-17T11:07:41.821+0000] {logging_mixin.py:188} INFO - [2025-03-17T11:07:41.821+0000] {dag.py:3036} INFO - Sync 1 DAGs
[2025-03-17T11:07:41.837+0000] {logging_mixin.py:188} INFO - [2025-03-17T11:07:41.837+0000] {dag.py:3823} INFO - Setting next_dagrun for 6_house_assignment to None, run_after=None
[2025-03-17T11:07:41.857+0000] {processor.py:183} INFO - Processing /opt/airflow/dags/6_house_assignment.py took 0.649 seconds
[2025-03-17T11:08:14.724+0000] {processor.py:161} INFO - Started process (PID=1256) to work on /opt/airflow/dags/6_house_assignment.py
[2025-03-17T11:08:14.724+0000] {processor.py:830} INFO - Processing file /opt/airflow/dags/6_house_assignment.py for tasks to queue
[2025-03-17T11:08:14.725+0000] {logging_mixin.py:188} INFO - [2025-03-17T11:08:14.725+0000] {dagbag.py:538} INFO - Filling up the DagBag from /opt/airflow/dags/6_house_assignment.py
[2025-03-17T11:08:15.282+0000] {processor.py:840} INFO - DAG(s) '6_house_assignment' retrieved from /opt/airflow/dags/6_house_assignment.py
[2025-03-17T11:08:15.299+0000] {logging_mixin.py:188} INFO - [2025-03-17T11:08:15.298+0000] {dag.py:3036} INFO - Sync 1 DAGs
[2025-03-17T11:08:15.317+0000] {logging_mixin.py:188} INFO - [2025-03-17T11:08:15.317+0000] {dag.py:3823} INFO - Setting next_dagrun for 6_house_assignment to None, run_after=None
[2025-03-17T11:08:15.347+0000] {processor.py:183} INFO - Processing /opt/airflow/dags/6_house_assignment.py took 0.626 seconds
[2025-03-17T11:09:21.227+0000] {processor.py:161} INFO - Started process (PID=1548) to work on /opt/airflow/dags/6_house_assignment.py
[2025-03-17T11:09:21.228+0000] {processor.py:830} INFO - Processing file /opt/airflow/dags/6_house_assignment.py for tasks to queue
[2025-03-17T11:09:21.229+0000] {logging_mixin.py:188} INFO - [2025-03-17T11:09:21.228+0000] {dagbag.py:538} INFO - Filling up the DagBag from /opt/airflow/dags/6_house_assignment.py
[2025-03-17T11:09:21.796+0000] {processor.py:840} INFO - DAG(s) '6_house_assignment' retrieved from /opt/airflow/dags/6_house_assignment.py
[2025-03-17T11:09:21.810+0000] {logging_mixin.py:188} INFO - [2025-03-17T11:09:21.810+0000] {dag.py:3036} INFO - Sync 1 DAGs
[2025-03-17T11:09:21.826+0000] {logging_mixin.py:188} INFO - [2025-03-17T11:09:21.826+0000] {dag.py:3823} INFO - Setting next_dagrun for 6_house_assignment to None, run_after=None
[2025-03-17T11:09:21.844+0000] {processor.py:183} INFO - Processing /opt/airflow/dags/6_house_assignment.py took 0.620 seconds
[2025-03-17T11:09:58.672+0000] {processor.py:161} INFO - Started process (PID=1679) to work on /opt/airflow/dags/6_house_assignment.py
[2025-03-17T11:09:58.673+0000] {processor.py:830} INFO - Processing file /opt/airflow/dags/6_house_assignment.py for tasks to queue
[2025-03-17T11:09:58.674+0000] {logging_mixin.py:188} INFO - [2025-03-17T11:09:58.674+0000] {dagbag.py:538} INFO - Filling up the DagBag from /opt/airflow/dags/6_house_assignment.py
[2025-03-17T11:09:59.198+0000] {processor.py:840} INFO - DAG(s) '6_house_assignment' retrieved from /opt/airflow/dags/6_house_assignment.py
[2025-03-17T11:09:59.207+0000] {logging_mixin.py:188} INFO - [2025-03-17T11:09:59.207+0000] {dag.py:3036} INFO - Sync 1 DAGs
[2025-03-17T11:09:59.222+0000] {logging_mixin.py:188} INFO - [2025-03-17T11:09:59.222+0000] {dag.py:3823} INFO - Setting next_dagrun for 6_house_assignment to None, run_after=None
[2025-03-17T11:09:59.242+0000] {processor.py:183} INFO - Processing /opt/airflow/dags/6_house_assignment.py took 0.572 seconds
[2025-03-17T11:10:31.100+0000] {processor.py:161} INFO - Started process (PID=1702) to work on /opt/airflow/dags/6_house_assignment.py
[2025-03-17T11:10:31.101+0000] {processor.py:830} INFO - Processing file /opt/airflow/dags/6_house_assignment.py for tasks to queue
[2025-03-17T11:10:31.103+0000] {logging_mixin.py:188} INFO - [2025-03-17T11:10:31.102+0000] {dagbag.py:538} INFO - Filling up the DagBag from /opt/airflow/dags/6_house_assignment.py
[2025-03-17T11:10:31.785+0000] {processor.py:840} INFO - DAG(s) '6_house_assignment' retrieved from /opt/airflow/dags/6_house_assignment.py
[2025-03-17T11:10:31.800+0000] {logging_mixin.py:188} INFO - [2025-03-17T11:10:31.799+0000] {dag.py:3036} INFO - Sync 1 DAGs
[2025-03-17T11:10:31.819+0000] {logging_mixin.py:188} INFO - [2025-03-17T11:10:31.819+0000] {dag.py:3823} INFO - Setting next_dagrun for 6_house_assignment to None, run_after=None
[2025-03-17T11:10:31.844+0000] {processor.py:183} INFO - Processing /opt/airflow/dags/6_house_assignment.py took 0.748 seconds
[2025-03-17T11:11:02.296+0000] {processor.py:161} INFO - Started process (PID=1727) to work on /opt/airflow/dags/6_house_assignment.py
[2025-03-17T11:11:02.297+0000] {processor.py:830} INFO - Processing file /opt/airflow/dags/6_house_assignment.py for tasks to queue
[2025-03-17T11:11:02.298+0000] {logging_mixin.py:188} INFO - [2025-03-17T11:11:02.297+0000] {dagbag.py:538} INFO - Filling up the DagBag from /opt/airflow/dags/6_house_assignment.py
[2025-03-17T11:11:02.783+0000] {processor.py:840} INFO - DAG(s) '6_house_assignment' retrieved from /opt/airflow/dags/6_house_assignment.py
[2025-03-17T11:11:02.793+0000] {logging_mixin.py:188} INFO - [2025-03-17T11:11:02.792+0000] {dag.py:3036} INFO - Sync 1 DAGs
[2025-03-17T11:11:02.808+0000] {logging_mixin.py:188} INFO - [2025-03-17T11:11:02.808+0000] {dag.py:3823} INFO - Setting next_dagrun for 6_house_assignment to None, run_after=None
[2025-03-17T11:11:02.827+0000] {processor.py:183} INFO - Processing /opt/airflow/dags/6_house_assignment.py took 0.534 seconds
[2025-03-17T11:11:33.724+0000] {processor.py:161} INFO - Started process (PID=1752) to work on /opt/airflow/dags/6_house_assignment.py
[2025-03-17T11:11:33.725+0000] {processor.py:830} INFO - Processing file /opt/airflow/dags/6_house_assignment.py for tasks to queue
[2025-03-17T11:11:33.726+0000] {logging_mixin.py:188} INFO - [2025-03-17T11:11:33.726+0000] {dagbag.py:538} INFO - Filling up the DagBag from /opt/airflow/dags/6_house_assignment.py
[2025-03-17T11:11:34.265+0000] {processor.py:840} INFO - DAG(s) '6_house_assignment' retrieved from /opt/airflow/dags/6_house_assignment.py
[2025-03-17T11:11:34.277+0000] {logging_mixin.py:188} INFO - [2025-03-17T11:11:34.277+0000] {dag.py:3036} INFO - Sync 1 DAGs
[2025-03-17T11:11:34.295+0000] {logging_mixin.py:188} INFO - [2025-03-17T11:11:34.295+0000] {dag.py:3823} INFO - Setting next_dagrun for 6_house_assignment to None, run_after=None
[2025-03-17T11:11:34.319+0000] {processor.py:183} INFO - Processing /opt/airflow/dags/6_house_assignment.py took 0.598 seconds
[2025-03-17T11:12:05.716+0000] {processor.py:161} INFO - Started process (PID=1776) to work on /opt/airflow/dags/6_house_assignment.py
[2025-03-17T11:12:05.717+0000] {processor.py:830} INFO - Processing file /opt/airflow/dags/6_house_assignment.py for tasks to queue
[2025-03-17T11:12:05.718+0000] {logging_mixin.py:188} INFO - [2025-03-17T11:12:05.718+0000] {dagbag.py:538} INFO - Filling up the DagBag from /opt/airflow/dags/6_house_assignment.py
[2025-03-17T11:12:06.257+0000] {processor.py:840} INFO - DAG(s) '6_house_assignment' retrieved from /opt/airflow/dags/6_house_assignment.py
[2025-03-17T11:12:06.275+0000] {logging_mixin.py:188} INFO - [2025-03-17T11:12:06.274+0000] {dag.py:3036} INFO - Sync 1 DAGs
[2025-03-17T11:12:06.296+0000] {logging_mixin.py:188} INFO - [2025-03-17T11:12:06.296+0000] {dag.py:3823} INFO - Setting next_dagrun for 6_house_assignment to None, run_after=None
[2025-03-17T11:12:06.325+0000] {processor.py:183} INFO - Processing /opt/airflow/dags/6_house_assignment.py took 0.612 seconds
