[2025-03-17T10:48:01.515+0000] {processor.py:161} INFO - Started process (PID=153) to work on /opt/airflow/dags/default_pool.py
[2025-03-17T10:48:01.517+0000] {processor.py:830} INFO - Processing file /opt/airflow/dags/default_pool.py for tasks to queue
[2025-03-17T10:48:01.519+0000] {logging_mixin.py:188} INFO - [2025-03-17T10:48:01.518+0000] {dagbag.py:538} INFO - Filling up the DagBag from /opt/airflow/dags/default_pool.py
[2025-03-17T10:48:01.590+0000] {processor.py:840} INFO - DAG(s) 'parallel_tasks_example' retrieved from /opt/airflow/dags/default_pool.py
[2025-03-17T10:48:01.604+0000] {logging_mixin.py:188} INFO - [2025-03-17T10:48:01.603+0000] {dag.py:3036} INFO - Sync 1 DAGs
[2025-03-17T10:48:01.631+0000] {logging_mixin.py:188} INFO - [2025-03-17T10:48:01.630+0000] {dag.py:3823} INFO - Setting next_dagrun for parallel_tasks_example to None, run_after=None
[2025-03-17T10:48:01.868+0000] {processor.py:183} INFO - Processing /opt/airflow/dags/default_pool.py took 0.357 seconds
[2025-03-17T10:48:34.960+0000] {processor.py:161} INFO - Started process (PID=199) to work on /opt/airflow/dags/default_pool.py
[2025-03-17T10:48:34.961+0000] {processor.py:830} INFO - Processing file /opt/airflow/dags/default_pool.py for tasks to queue
[2025-03-17T10:48:34.963+0000] {logging_mixin.py:188} INFO - [2025-03-17T10:48:34.962+0000] {dagbag.py:538} INFO - Filling up the DagBag from /opt/airflow/dags/default_pool.py
[2025-03-17T10:48:35.000+0000] {processor.py:840} INFO - DAG(s) 'parallel_tasks_example' retrieved from /opt/airflow/dags/default_pool.py
[2025-03-17T10:48:35.156+0000] {logging_mixin.py:188} INFO - [2025-03-17T10:48:35.155+0000] {dag.py:3036} INFO - Sync 1 DAGs
[2025-03-17T10:48:35.170+0000] {logging_mixin.py:188} INFO - [2025-03-17T10:48:35.169+0000] {dag.py:3823} INFO - Setting next_dagrun for parallel_tasks_example to None, run_after=None
[2025-03-17T10:48:35.224+0000] {processor.py:183} INFO - Processing /opt/airflow/dags/default_pool.py took 0.268 seconds
[2025-03-17T10:49:06.759+0000] {processor.py:161} INFO - Started process (PID=223) to work on /opt/airflow/dags/default_pool.py
[2025-03-17T10:49:06.760+0000] {processor.py:830} INFO - Processing file /opt/airflow/dags/default_pool.py for tasks to queue
[2025-03-17T10:49:06.760+0000] {logging_mixin.py:188} INFO - [2025-03-17T10:49:06.760+0000] {dagbag.py:538} INFO - Filling up the DagBag from /opt/airflow/dags/default_pool.py
[2025-03-17T10:49:06.774+0000] {processor.py:840} INFO - DAG(s) 'parallel_tasks_example' retrieved from /opt/airflow/dags/default_pool.py
[2025-03-17T10:49:06.790+0000] {logging_mixin.py:188} INFO - [2025-03-17T10:49:06.790+0000] {dag.py:3036} INFO - Sync 1 DAGs
[2025-03-17T10:49:06.799+0000] {logging_mixin.py:188} INFO - [2025-03-17T10:49:06.799+0000] {dag.py:3823} INFO - Setting next_dagrun for parallel_tasks_example to None, run_after=None
[2025-03-17T10:49:06.828+0000] {processor.py:183} INFO - Processing /opt/airflow/dags/default_pool.py took 0.071 seconds
[2025-03-17T10:49:37.044+0000] {processor.py:161} INFO - Started process (PID=247) to work on /opt/airflow/dags/default_pool.py
[2025-03-17T10:49:37.045+0000] {processor.py:830} INFO - Processing file /opt/airflow/dags/default_pool.py for tasks to queue
[2025-03-17T10:49:37.046+0000] {logging_mixin.py:188} INFO - [2025-03-17T10:49:37.046+0000] {dagbag.py:538} INFO - Filling up the DagBag from /opt/airflow/dags/default_pool.py
[2025-03-17T10:49:37.063+0000] {processor.py:840} INFO - DAG(s) 'parallel_tasks_example' retrieved from /opt/airflow/dags/default_pool.py
[2025-03-17T10:49:37.085+0000] {logging_mixin.py:188} INFO - [2025-03-17T10:49:37.084+0000] {dag.py:3036} INFO - Sync 1 DAGs
[2025-03-17T10:49:37.096+0000] {logging_mixin.py:188} INFO - [2025-03-17T10:49:37.095+0000] {dag.py:3823} INFO - Setting next_dagrun for parallel_tasks_example to None, run_after=None
[2025-03-17T10:49:37.127+0000] {processor.py:183} INFO - Processing /opt/airflow/dags/default_pool.py took 0.086 seconds
[2025-03-17T10:50:09.079+0000] {processor.py:161} INFO - Started process (PID=271) to work on /opt/airflow/dags/default_pool.py
[2025-03-17T10:50:09.080+0000] {processor.py:830} INFO - Processing file /opt/airflow/dags/default_pool.py for tasks to queue
[2025-03-17T10:50:09.081+0000] {logging_mixin.py:188} INFO - [2025-03-17T10:50:09.080+0000] {dagbag.py:538} INFO - Filling up the DagBag from /opt/airflow/dags/default_pool.py
[2025-03-17T10:50:09.102+0000] {processor.py:840} INFO - DAG(s) 'parallel_tasks_example' retrieved from /opt/airflow/dags/default_pool.py
[2025-03-17T10:50:09.122+0000] {logging_mixin.py:188} INFO - [2025-03-17T10:50:09.122+0000] {dag.py:3036} INFO - Sync 1 DAGs
[2025-03-17T10:50:09.133+0000] {logging_mixin.py:188} INFO - [2025-03-17T10:50:09.132+0000] {dag.py:3823} INFO - Setting next_dagrun for parallel_tasks_example to None, run_after=None
[2025-03-17T10:50:09.167+0000] {processor.py:183} INFO - Processing /opt/airflow/dags/default_pool.py took 0.092 seconds
[2025-03-17T10:50:39.976+0000] {processor.py:161} INFO - Started process (PID=295) to work on /opt/airflow/dags/default_pool.py
[2025-03-17T10:50:39.976+0000] {processor.py:830} INFO - Processing file /opt/airflow/dags/default_pool.py for tasks to queue
[2025-03-17T10:50:39.977+0000] {logging_mixin.py:188} INFO - [2025-03-17T10:50:39.977+0000] {dagbag.py:538} INFO - Filling up the DagBag from /opt/airflow/dags/default_pool.py
[2025-03-17T10:50:39.993+0000] {processor.py:840} INFO - DAG(s) 'parallel_tasks_example' retrieved from /opt/airflow/dags/default_pool.py
[2025-03-17T10:50:40.011+0000] {logging_mixin.py:188} INFO - [2025-03-17T10:50:40.011+0000] {dag.py:3036} INFO - Sync 1 DAGs
[2025-03-17T10:50:40.022+0000] {logging_mixin.py:188} INFO - [2025-03-17T10:50:40.022+0000] {dag.py:3823} INFO - Setting next_dagrun for parallel_tasks_example to None, run_after=None
[2025-03-17T10:50:40.053+0000] {processor.py:183} INFO - Processing /opt/airflow/dags/default_pool.py took 0.080 seconds
[2025-03-17T10:51:10.096+0000] {processor.py:161} INFO - Started process (PID=319) to work on /opt/airflow/dags/default_pool.py
[2025-03-17T10:51:10.097+0000] {processor.py:830} INFO - Processing file /opt/airflow/dags/default_pool.py for tasks to queue
[2025-03-17T10:51:10.098+0000] {logging_mixin.py:188} INFO - [2025-03-17T10:51:10.097+0000] {dagbag.py:538} INFO - Filling up the DagBag from /opt/airflow/dags/default_pool.py
[2025-03-17T10:51:10.113+0000] {processor.py:840} INFO - DAG(s) 'parallel_tasks_example' retrieved from /opt/airflow/dags/default_pool.py
[2025-03-17T10:51:10.131+0000] {logging_mixin.py:188} INFO - [2025-03-17T10:51:10.131+0000] {dag.py:3036} INFO - Sync 1 DAGs
[2025-03-17T10:51:10.142+0000] {logging_mixin.py:188} INFO - [2025-03-17T10:51:10.141+0000] {dag.py:3823} INFO - Setting next_dagrun for parallel_tasks_example to None, run_after=None
[2025-03-17T10:51:10.178+0000] {processor.py:183} INFO - Processing /opt/airflow/dags/default_pool.py took 0.085 seconds
[2025-03-17T10:51:41.082+0000] {processor.py:161} INFO - Started process (PID=343) to work on /opt/airflow/dags/default_pool.py
[2025-03-17T10:51:41.082+0000] {processor.py:830} INFO - Processing file /opt/airflow/dags/default_pool.py for tasks to queue
[2025-03-17T10:51:41.083+0000] {logging_mixin.py:188} INFO - [2025-03-17T10:51:41.083+0000] {dagbag.py:538} INFO - Filling up the DagBag from /opt/airflow/dags/default_pool.py
[2025-03-17T10:51:41.097+0000] {processor.py:840} INFO - DAG(s) 'parallel_tasks_example' retrieved from /opt/airflow/dags/default_pool.py
[2025-03-17T10:51:41.113+0000] {logging_mixin.py:188} INFO - [2025-03-17T10:51:41.113+0000] {dag.py:3036} INFO - Sync 1 DAGs
[2025-03-17T10:51:41.122+0000] {logging_mixin.py:188} INFO - [2025-03-17T10:51:41.122+0000] {dag.py:3823} INFO - Setting next_dagrun for parallel_tasks_example to None, run_after=None
[2025-03-17T10:51:41.148+0000] {processor.py:183} INFO - Processing /opt/airflow/dags/default_pool.py took 0.069 seconds
[2025-03-17T10:52:12.130+0000] {processor.py:161} INFO - Started process (PID=367) to work on /opt/airflow/dags/default_pool.py
[2025-03-17T10:52:12.131+0000] {processor.py:830} INFO - Processing file /opt/airflow/dags/default_pool.py for tasks to queue
[2025-03-17T10:52:12.132+0000] {logging_mixin.py:188} INFO - [2025-03-17T10:52:12.132+0000] {dagbag.py:538} INFO - Filling up the DagBag from /opt/airflow/dags/default_pool.py
[2025-03-17T10:52:12.147+0000] {processor.py:840} INFO - DAG(s) 'parallel_tasks_example' retrieved from /opt/airflow/dags/default_pool.py
[2025-03-17T10:52:12.166+0000] {logging_mixin.py:188} INFO - [2025-03-17T10:52:12.166+0000] {dag.py:3036} INFO - Sync 1 DAGs
[2025-03-17T10:52:12.176+0000] {logging_mixin.py:188} INFO - [2025-03-17T10:52:12.176+0000] {dag.py:3823} INFO - Setting next_dagrun for parallel_tasks_example to None, run_after=None
[2025-03-17T10:52:12.202+0000] {processor.py:183} INFO - Processing /opt/airflow/dags/default_pool.py took 0.074 seconds
[2025-03-17T10:52:43.078+0000] {processor.py:161} INFO - Started process (PID=391) to work on /opt/airflow/dags/default_pool.py
[2025-03-17T10:52:43.079+0000] {processor.py:830} INFO - Processing file /opt/airflow/dags/default_pool.py for tasks to queue
[2025-03-17T10:52:43.081+0000] {logging_mixin.py:188} INFO - [2025-03-17T10:52:43.080+0000] {dagbag.py:538} INFO - Filling up the DagBag from /opt/airflow/dags/default_pool.py
[2025-03-17T10:52:43.099+0000] {processor.py:840} INFO - DAG(s) 'parallel_tasks_example' retrieved from /opt/airflow/dags/default_pool.py
[2025-03-17T10:52:43.122+0000] {logging_mixin.py:188} INFO - [2025-03-17T10:52:43.122+0000] {dag.py:3036} INFO - Sync 1 DAGs
[2025-03-17T10:52:43.133+0000] {logging_mixin.py:188} INFO - [2025-03-17T10:52:43.133+0000] {dag.py:3823} INFO - Setting next_dagrun for parallel_tasks_example to None, run_after=None
[2025-03-17T10:52:43.157+0000] {processor.py:183} INFO - Processing /opt/airflow/dags/default_pool.py took 0.083 seconds
[2025-03-17T10:53:14.229+0000] {processor.py:161} INFO - Started process (PID=415) to work on /opt/airflow/dags/default_pool.py
[2025-03-17T10:53:14.231+0000] {processor.py:830} INFO - Processing file /opt/airflow/dags/default_pool.py for tasks to queue
[2025-03-17T10:53:14.232+0000] {logging_mixin.py:188} INFO - [2025-03-17T10:53:14.231+0000] {dagbag.py:538} INFO - Filling up the DagBag from /opt/airflow/dags/default_pool.py
[2025-03-17T10:53:14.250+0000] {processor.py:840} INFO - DAG(s) 'parallel_tasks_example' retrieved from /opt/airflow/dags/default_pool.py
[2025-03-17T10:53:14.268+0000] {logging_mixin.py:188} INFO - [2025-03-17T10:53:14.268+0000] {dag.py:3036} INFO - Sync 1 DAGs
[2025-03-17T10:53:14.283+0000] {logging_mixin.py:188} INFO - [2025-03-17T10:53:14.282+0000] {dag.py:3823} INFO - Setting next_dagrun for parallel_tasks_example to None, run_after=None
[2025-03-17T10:53:14.305+0000] {processor.py:183} INFO - Processing /opt/airflow/dags/default_pool.py took 0.079 seconds
[2025-03-17T10:53:48.485+0000] {processor.py:161} INFO - Started process (PID=441) to work on /opt/airflow/dags/default_pool.py
[2025-03-17T10:53:48.487+0000] {processor.py:830} INFO - Processing file /opt/airflow/dags/default_pool.py for tasks to queue
[2025-03-17T10:53:48.489+0000] {logging_mixin.py:188} INFO - [2025-03-17T10:53:48.488+0000] {dagbag.py:538} INFO - Filling up the DagBag from /opt/airflow/dags/default_pool.py
[2025-03-17T10:53:48.509+0000] {processor.py:840} INFO - DAG(s) 'parallel_tasks_example' retrieved from /opt/airflow/dags/default_pool.py
[2025-03-17T10:53:48.542+0000] {logging_mixin.py:188} INFO - [2025-03-17T10:53:48.542+0000] {dag.py:3036} INFO - Sync 1 DAGs
[2025-03-17T10:53:48.556+0000] {logging_mixin.py:188} INFO - [2025-03-17T10:53:48.555+0000] {dag.py:3823} INFO - Setting next_dagrun for parallel_tasks_example to None, run_after=None
[2025-03-17T10:53:48.588+0000] {processor.py:183} INFO - Processing /opt/airflow/dags/default_pool.py took 0.107 seconds
[2025-03-17T10:54:19.197+0000] {processor.py:161} INFO - Started process (PID=466) to work on /opt/airflow/dags/default_pool.py
[2025-03-17T10:54:19.198+0000] {processor.py:830} INFO - Processing file /opt/airflow/dags/default_pool.py for tasks to queue
[2025-03-17T10:54:19.199+0000] {logging_mixin.py:188} INFO - [2025-03-17T10:54:19.198+0000] {dagbag.py:538} INFO - Filling up the DagBag from /opt/airflow/dags/default_pool.py
[2025-03-17T10:54:19.214+0000] {processor.py:840} INFO - DAG(s) 'parallel_tasks_example' retrieved from /opt/airflow/dags/default_pool.py
[2025-03-17T10:54:19.231+0000] {logging_mixin.py:188} INFO - [2025-03-17T10:54:19.231+0000] {dag.py:3036} INFO - Sync 1 DAGs
[2025-03-17T10:54:19.242+0000] {logging_mixin.py:188} INFO - [2025-03-17T10:54:19.241+0000] {dag.py:3823} INFO - Setting next_dagrun for parallel_tasks_example to None, run_after=None
[2025-03-17T10:54:19.268+0000] {processor.py:183} INFO - Processing /opt/airflow/dags/default_pool.py took 0.074 seconds
[2025-03-17T10:54:51.174+0000] {processor.py:161} INFO - Started process (PID=491) to work on /opt/airflow/dags/default_pool.py
[2025-03-17T10:54:51.175+0000] {processor.py:830} INFO - Processing file /opt/airflow/dags/default_pool.py for tasks to queue
[2025-03-17T10:54:51.176+0000] {logging_mixin.py:188} INFO - [2025-03-17T10:54:51.175+0000] {dagbag.py:538} INFO - Filling up the DagBag from /opt/airflow/dags/default_pool.py
[2025-03-17T10:54:51.190+0000] {processor.py:840} INFO - DAG(s) 'parallel_tasks_example' retrieved from /opt/airflow/dags/default_pool.py
[2025-03-17T10:54:51.206+0000] {logging_mixin.py:188} INFO - [2025-03-17T10:54:51.206+0000] {dag.py:3036} INFO - Sync 1 DAGs
[2025-03-17T10:54:51.215+0000] {logging_mixin.py:188} INFO - [2025-03-17T10:54:51.215+0000] {dag.py:3823} INFO - Setting next_dagrun for parallel_tasks_example to None, run_after=None
[2025-03-17T10:54:51.235+0000] {processor.py:183} INFO - Processing /opt/airflow/dags/default_pool.py took 0.064 seconds
[2025-03-17T10:55:21.896+0000] {processor.py:161} INFO - Started process (PID=516) to work on /opt/airflow/dags/default_pool.py
[2025-03-17T10:55:21.897+0000] {processor.py:830} INFO - Processing file /opt/airflow/dags/default_pool.py for tasks to queue
[2025-03-17T10:55:21.897+0000] {logging_mixin.py:188} INFO - [2025-03-17T10:55:21.897+0000] {dagbag.py:538} INFO - Filling up the DagBag from /opt/airflow/dags/default_pool.py
[2025-03-17T10:55:21.911+0000] {processor.py:840} INFO - DAG(s) 'parallel_tasks_example' retrieved from /opt/airflow/dags/default_pool.py
[2025-03-17T10:55:21.927+0000] {logging_mixin.py:188} INFO - [2025-03-17T10:55:21.926+0000] {dag.py:3036} INFO - Sync 1 DAGs
[2025-03-17T10:55:21.935+0000] {logging_mixin.py:188} INFO - [2025-03-17T10:55:21.935+0000] {dag.py:3823} INFO - Setting next_dagrun for parallel_tasks_example to None, run_after=None
[2025-03-17T10:55:21.956+0000] {processor.py:183} INFO - Processing /opt/airflow/dags/default_pool.py took 0.063 seconds
[2025-03-17T10:55:52.875+0000] {processor.py:161} INFO - Started process (PID=541) to work on /opt/airflow/dags/default_pool.py
[2025-03-17T10:55:52.876+0000] {processor.py:830} INFO - Processing file /opt/airflow/dags/default_pool.py for tasks to queue
[2025-03-17T10:55:52.877+0000] {logging_mixin.py:188} INFO - [2025-03-17T10:55:52.876+0000] {dagbag.py:538} INFO - Filling up the DagBag from /opt/airflow/dags/default_pool.py
[2025-03-17T10:55:52.892+0000] {processor.py:840} INFO - DAG(s) 'parallel_tasks_example' retrieved from /opt/airflow/dags/default_pool.py
[2025-03-17T10:55:52.909+0000] {logging_mixin.py:188} INFO - [2025-03-17T10:55:52.909+0000] {dag.py:3036} INFO - Sync 1 DAGs
[2025-03-17T10:55:52.920+0000] {logging_mixin.py:188} INFO - [2025-03-17T10:55:52.920+0000] {dag.py:3823} INFO - Setting next_dagrun for parallel_tasks_example to None, run_after=None
[2025-03-17T10:55:52.943+0000] {processor.py:183} INFO - Processing /opt/airflow/dags/default_pool.py took 0.071 seconds
[2025-03-17T10:56:24.079+0000] {processor.py:161} INFO - Started process (PID=566) to work on /opt/airflow/dags/default_pool.py
[2025-03-17T10:56:24.080+0000] {processor.py:830} INFO - Processing file /opt/airflow/dags/default_pool.py for tasks to queue
[2025-03-17T10:56:24.081+0000] {logging_mixin.py:188} INFO - [2025-03-17T10:56:24.081+0000] {dagbag.py:538} INFO - Filling up the DagBag from /opt/airflow/dags/default_pool.py
[2025-03-17T10:56:24.097+0000] {processor.py:840} INFO - DAG(s) 'parallel_tasks_example' retrieved from /opt/airflow/dags/default_pool.py
[2025-03-17T10:56:24.118+0000] {logging_mixin.py:188} INFO - [2025-03-17T10:56:24.118+0000] {dag.py:3036} INFO - Sync 1 DAGs
[2025-03-17T10:56:24.129+0000] {logging_mixin.py:188} INFO - [2025-03-17T10:56:24.129+0000] {dag.py:3823} INFO - Setting next_dagrun for parallel_tasks_example to None, run_after=None
[2025-03-17T10:56:24.154+0000] {processor.py:183} INFO - Processing /opt/airflow/dags/default_pool.py took 0.078 seconds
[2025-03-17T10:56:55.108+0000] {processor.py:161} INFO - Started process (PID=591) to work on /opt/airflow/dags/default_pool.py
[2025-03-17T10:56:55.109+0000] {processor.py:830} INFO - Processing file /opt/airflow/dags/default_pool.py for tasks to queue
[2025-03-17T10:56:55.110+0000] {logging_mixin.py:188} INFO - [2025-03-17T10:56:55.109+0000] {dagbag.py:538} INFO - Filling up the DagBag from /opt/airflow/dags/default_pool.py
[2025-03-17T10:56:55.127+0000] {processor.py:840} INFO - DAG(s) 'parallel_tasks_example' retrieved from /opt/airflow/dags/default_pool.py
[2025-03-17T10:56:55.144+0000] {logging_mixin.py:188} INFO - [2025-03-17T10:56:55.144+0000] {dag.py:3036} INFO - Sync 1 DAGs
[2025-03-17T10:56:55.153+0000] {logging_mixin.py:188} INFO - [2025-03-17T10:56:55.153+0000] {dag.py:3823} INFO - Setting next_dagrun for parallel_tasks_example to None, run_after=None
[2025-03-17T10:56:55.176+0000] {processor.py:183} INFO - Processing /opt/airflow/dags/default_pool.py took 0.076 seconds
[2025-03-17T10:57:26.091+0000] {processor.py:161} INFO - Started process (PID=616) to work on /opt/airflow/dags/default_pool.py
[2025-03-17T10:57:26.094+0000] {processor.py:830} INFO - Processing file /opt/airflow/dags/default_pool.py for tasks to queue
[2025-03-17T10:57:26.096+0000] {logging_mixin.py:188} INFO - [2025-03-17T10:57:26.095+0000] {dagbag.py:538} INFO - Filling up the DagBag from /opt/airflow/dags/default_pool.py
[2025-03-17T10:57:26.133+0000] {processor.py:840} INFO - DAG(s) 'parallel_tasks_example' retrieved from /opt/airflow/dags/default_pool.py
[2025-03-17T10:57:26.166+0000] {logging_mixin.py:188} INFO - [2025-03-17T10:57:26.165+0000] {dag.py:3036} INFO - Sync 1 DAGs
[2025-03-17T10:57:26.187+0000] {logging_mixin.py:188} INFO - [2025-03-17T10:57:26.186+0000] {dag.py:3823} INFO - Setting next_dagrun for parallel_tasks_example to None, run_after=None
[2025-03-17T10:57:26.227+0000] {processor.py:183} INFO - Processing /opt/airflow/dags/default_pool.py took 0.148 seconds
[2025-03-17T10:57:57.103+0000] {processor.py:161} INFO - Started process (PID=641) to work on /opt/airflow/dags/default_pool.py
[2025-03-17T10:57:57.104+0000] {processor.py:830} INFO - Processing file /opt/airflow/dags/default_pool.py for tasks to queue
[2025-03-17T10:57:57.105+0000] {logging_mixin.py:188} INFO - [2025-03-17T10:57:57.105+0000] {dagbag.py:538} INFO - Filling up the DagBag from /opt/airflow/dags/default_pool.py
[2025-03-17T10:57:57.121+0000] {processor.py:840} INFO - DAG(s) 'parallel_tasks_example' retrieved from /opt/airflow/dags/default_pool.py
[2025-03-17T10:57:57.143+0000] {logging_mixin.py:188} INFO - [2025-03-17T10:57:57.142+0000] {dag.py:3036} INFO - Sync 1 DAGs
[2025-03-17T10:57:57.156+0000] {logging_mixin.py:188} INFO - [2025-03-17T10:57:57.155+0000] {dag.py:3823} INFO - Setting next_dagrun for parallel_tasks_example to None, run_after=None
[2025-03-17T10:57:57.191+0000] {processor.py:183} INFO - Processing /opt/airflow/dags/default_pool.py took 0.091 seconds
[2025-03-17T10:58:29.387+0000] {processor.py:161} INFO - Started process (PID=666) to work on /opt/airflow/dags/default_pool.py
[2025-03-17T10:58:29.388+0000] {processor.py:830} INFO - Processing file /opt/airflow/dags/default_pool.py for tasks to queue
[2025-03-17T10:58:29.389+0000] {logging_mixin.py:188} INFO - [2025-03-17T10:58:29.389+0000] {dagbag.py:538} INFO - Filling up the DagBag from /opt/airflow/dags/default_pool.py
[2025-03-17T10:58:29.403+0000] {processor.py:840} INFO - DAG(s) 'parallel_tasks_example' retrieved from /opt/airflow/dags/default_pool.py
[2025-03-17T10:58:29.419+0000] {logging_mixin.py:188} INFO - [2025-03-17T10:58:29.419+0000] {dag.py:3036} INFO - Sync 1 DAGs
[2025-03-17T10:58:29.428+0000] {logging_mixin.py:188} INFO - [2025-03-17T10:58:29.428+0000] {dag.py:3823} INFO - Setting next_dagrun for parallel_tasks_example to None, run_after=None
[2025-03-17T10:58:29.450+0000] {processor.py:183} INFO - Processing /opt/airflow/dags/default_pool.py took 0.065 seconds
[2025-03-17T10:59:00.867+0000] {processor.py:161} INFO - Started process (PID=691) to work on /opt/airflow/dags/default_pool.py
[2025-03-17T10:59:00.868+0000] {processor.py:830} INFO - Processing file /opt/airflow/dags/default_pool.py for tasks to queue
[2025-03-17T10:59:00.869+0000] {logging_mixin.py:188} INFO - [2025-03-17T10:59:00.869+0000] {dagbag.py:538} INFO - Filling up the DagBag from /opt/airflow/dags/default_pool.py
[2025-03-17T10:59:00.884+0000] {processor.py:840} INFO - DAG(s) 'parallel_tasks_example' retrieved from /opt/airflow/dags/default_pool.py
[2025-03-17T10:59:00.902+0000] {logging_mixin.py:188} INFO - [2025-03-17T10:59:00.902+0000] {dag.py:3036} INFO - Sync 1 DAGs
[2025-03-17T10:59:00.913+0000] {logging_mixin.py:188} INFO - [2025-03-17T10:59:00.912+0000] {dag.py:3823} INFO - Setting next_dagrun for parallel_tasks_example to None, run_after=None
[2025-03-17T10:59:00.938+0000] {processor.py:183} INFO - Processing /opt/airflow/dags/default_pool.py took 0.073 seconds
[2025-03-17T10:59:32.689+0000] {processor.py:161} INFO - Started process (PID=716) to work on /opt/airflow/dags/default_pool.py
[2025-03-17T10:59:32.691+0000] {processor.py:830} INFO - Processing file /opt/airflow/dags/default_pool.py for tasks to queue
[2025-03-17T10:59:32.692+0000] {logging_mixin.py:188} INFO - [2025-03-17T10:59:32.692+0000] {dagbag.py:538} INFO - Filling up the DagBag from /opt/airflow/dags/default_pool.py
[2025-03-17T10:59:32.709+0000] {processor.py:840} INFO - DAG(s) 'parallel_tasks_example' retrieved from /opt/airflow/dags/default_pool.py
[2025-03-17T10:59:32.735+0000] {logging_mixin.py:188} INFO - [2025-03-17T10:59:32.735+0000] {dag.py:3036} INFO - Sync 1 DAGs
[2025-03-17T10:59:32.751+0000] {logging_mixin.py:188} INFO - [2025-03-17T10:59:32.750+0000] {dag.py:3823} INFO - Setting next_dagrun for parallel_tasks_example to None, run_after=None
[2025-03-17T10:59:32.791+0000] {processor.py:183} INFO - Processing /opt/airflow/dags/default_pool.py took 0.106 seconds
[2025-03-17T11:00:04.263+0000] {processor.py:161} INFO - Started process (PID=741) to work on /opt/airflow/dags/default_pool.py
[2025-03-17T11:00:04.264+0000] {processor.py:830} INFO - Processing file /opt/airflow/dags/default_pool.py for tasks to queue
[2025-03-17T11:00:04.265+0000] {logging_mixin.py:188} INFO - [2025-03-17T11:00:04.265+0000] {dagbag.py:538} INFO - Filling up the DagBag from /opt/airflow/dags/default_pool.py
[2025-03-17T11:00:04.282+0000] {processor.py:840} INFO - DAG(s) 'parallel_tasks_example' retrieved from /opt/airflow/dags/default_pool.py
[2025-03-17T11:00:04.301+0000] {logging_mixin.py:188} INFO - [2025-03-17T11:00:04.301+0000] {dag.py:3036} INFO - Sync 1 DAGs
[2025-03-17T11:00:04.314+0000] {logging_mixin.py:188} INFO - [2025-03-17T11:00:04.313+0000] {dag.py:3823} INFO - Setting next_dagrun for parallel_tasks_example to None, run_after=None
[2025-03-17T11:00:04.350+0000] {processor.py:183} INFO - Processing /opt/airflow/dags/default_pool.py took 0.091 seconds
[2025-03-17T11:00:37.794+0000] {processor.py:161} INFO - Started process (PID=770) to work on /opt/airflow/dags/default_pool.py
[2025-03-17T11:00:37.795+0000] {processor.py:830} INFO - Processing file /opt/airflow/dags/default_pool.py for tasks to queue
[2025-03-17T11:00:37.796+0000] {logging_mixin.py:188} INFO - [2025-03-17T11:00:37.796+0000] {dagbag.py:538} INFO - Filling up the DagBag from /opt/airflow/dags/default_pool.py
[2025-03-17T11:00:37.813+0000] {processor.py:840} INFO - DAG(s) 'parallel_tasks_example' retrieved from /opt/airflow/dags/default_pool.py
[2025-03-17T11:00:37.835+0000] {logging_mixin.py:188} INFO - [2025-03-17T11:00:37.835+0000] {dag.py:3036} INFO - Sync 1 DAGs
[2025-03-17T11:00:37.847+0000] {logging_mixin.py:188} INFO - [2025-03-17T11:00:37.847+0000] {dag.py:3823} INFO - Setting next_dagrun for parallel_tasks_example to None, run_after=None
[2025-03-17T11:00:37.873+0000] {processor.py:183} INFO - Processing /opt/airflow/dags/default_pool.py took 0.082 seconds
[2025-03-17T11:01:09.464+0000] {processor.py:161} INFO - Started process (PID=795) to work on /opt/airflow/dags/default_pool.py
[2025-03-17T11:01:09.465+0000] {processor.py:830} INFO - Processing file /opt/airflow/dags/default_pool.py for tasks to queue
[2025-03-17T11:01:09.466+0000] {logging_mixin.py:188} INFO - [2025-03-17T11:01:09.466+0000] {dagbag.py:538} INFO - Filling up the DagBag from /opt/airflow/dags/default_pool.py
[2025-03-17T11:01:09.481+0000] {processor.py:840} INFO - DAG(s) 'parallel_tasks_example' retrieved from /opt/airflow/dags/default_pool.py
[2025-03-17T11:01:09.497+0000] {logging_mixin.py:188} INFO - [2025-03-17T11:01:09.497+0000] {dag.py:3036} INFO - Sync 1 DAGs
[2025-03-17T11:01:09.508+0000] {logging_mixin.py:188} INFO - [2025-03-17T11:01:09.507+0000] {dag.py:3823} INFO - Setting next_dagrun for parallel_tasks_example to None, run_after=None
[2025-03-17T11:01:09.530+0000] {processor.py:183} INFO - Processing /opt/airflow/dags/default_pool.py took 0.068 seconds
[2025-03-17T11:01:40.455+0000] {processor.py:161} INFO - Started process (PID=822) to work on /opt/airflow/dags/default_pool.py
[2025-03-17T11:01:40.456+0000] {processor.py:830} INFO - Processing file /opt/airflow/dags/default_pool.py for tasks to queue
[2025-03-17T11:01:40.458+0000] {logging_mixin.py:188} INFO - [2025-03-17T11:01:40.457+0000] {dagbag.py:538} INFO - Filling up the DagBag from /opt/airflow/dags/default_pool.py
[2025-03-17T11:01:40.475+0000] {processor.py:840} INFO - DAG(s) 'parallel_tasks_example' retrieved from /opt/airflow/dags/default_pool.py
[2025-03-17T11:01:40.493+0000] {logging_mixin.py:188} INFO - [2025-03-17T11:01:40.493+0000] {dag.py:3036} INFO - Sync 1 DAGs
[2025-03-17T11:01:40.503+0000] {logging_mixin.py:188} INFO - [2025-03-17T11:01:40.503+0000] {dag.py:3823} INFO - Setting next_dagrun for parallel_tasks_example to None, run_after=None
[2025-03-17T11:01:40.529+0000] {processor.py:183} INFO - Processing /opt/airflow/dags/default_pool.py took 0.077 seconds
[2025-03-17T11:02:12.010+0000] {processor.py:161} INFO - Started process (PID=851) to work on /opt/airflow/dags/default_pool.py
[2025-03-17T11:02:12.011+0000] {processor.py:830} INFO - Processing file /opt/airflow/dags/default_pool.py for tasks to queue
[2025-03-17T11:02:12.012+0000] {logging_mixin.py:188} INFO - [2025-03-17T11:02:12.011+0000] {dagbag.py:538} INFO - Filling up the DagBag from /opt/airflow/dags/default_pool.py
[2025-03-17T11:02:12.028+0000] {processor.py:840} INFO - DAG(s) 'parallel_tasks_example' retrieved from /opt/airflow/dags/default_pool.py
[2025-03-17T11:02:12.049+0000] {logging_mixin.py:188} INFO - [2025-03-17T11:02:12.049+0000] {dag.py:3036} INFO - Sync 1 DAGs
[2025-03-17T11:02:12.061+0000] {logging_mixin.py:188} INFO - [2025-03-17T11:02:12.060+0000] {dag.py:3823} INFO - Setting next_dagrun for parallel_tasks_example to None, run_after=None
[2025-03-17T11:02:12.083+0000] {processor.py:183} INFO - Processing /opt/airflow/dags/default_pool.py took 0.076 seconds
[2025-03-17T11:02:44.530+0000] {processor.py:161} INFO - Started process (PID=876) to work on /opt/airflow/dags/default_pool.py
[2025-03-17T11:02:44.534+0000] {processor.py:830} INFO - Processing file /opt/airflow/dags/default_pool.py for tasks to queue
[2025-03-17T11:02:44.536+0000] {logging_mixin.py:188} INFO - [2025-03-17T11:02:44.535+0000] {dagbag.py:538} INFO - Filling up the DagBag from /opt/airflow/dags/default_pool.py
[2025-03-17T11:02:44.567+0000] {processor.py:840} INFO - DAG(s) 'parallel_tasks_example' retrieved from /opt/airflow/dags/default_pool.py
[2025-03-17T11:02:44.601+0000] {logging_mixin.py:188} INFO - [2025-03-17T11:02:44.601+0000] {dag.py:3036} INFO - Sync 1 DAGs
[2025-03-17T11:02:44.615+0000] {logging_mixin.py:188} INFO - [2025-03-17T11:02:44.614+0000] {dag.py:3823} INFO - Setting next_dagrun for parallel_tasks_example to None, run_after=None
[2025-03-17T11:02:44.650+0000] {processor.py:183} INFO - Processing /opt/airflow/dags/default_pool.py took 0.126 seconds
[2025-03-17T11:03:15.574+0000] {processor.py:161} INFO - Started process (PID=901) to work on /opt/airflow/dags/default_pool.py
[2025-03-17T11:03:15.575+0000] {processor.py:830} INFO - Processing file /opt/airflow/dags/default_pool.py for tasks to queue
[2025-03-17T11:03:15.576+0000] {logging_mixin.py:188} INFO - [2025-03-17T11:03:15.575+0000] {dagbag.py:538} INFO - Filling up the DagBag from /opt/airflow/dags/default_pool.py
[2025-03-17T11:03:15.592+0000] {processor.py:840} INFO - DAG(s) 'parallel_tasks_example' retrieved from /opt/airflow/dags/default_pool.py
[2025-03-17T11:03:15.611+0000] {logging_mixin.py:188} INFO - [2025-03-17T11:03:15.611+0000] {dag.py:3036} INFO - Sync 1 DAGs
[2025-03-17T11:03:15.623+0000] {logging_mixin.py:188} INFO - [2025-03-17T11:03:15.622+0000] {dag.py:3823} INFO - Setting next_dagrun for parallel_tasks_example to None, run_after=None
[2025-03-17T11:03:15.656+0000] {processor.py:183} INFO - Processing /opt/airflow/dags/default_pool.py took 0.085 seconds
[2025-03-17T11:03:45.905+0000] {processor.py:161} INFO - Started process (PID=926) to work on /opt/airflow/dags/default_pool.py
[2025-03-17T11:03:45.906+0000] {processor.py:830} INFO - Processing file /opt/airflow/dags/default_pool.py for tasks to queue
[2025-03-17T11:03:45.907+0000] {logging_mixin.py:188} INFO - [2025-03-17T11:03:45.907+0000] {dagbag.py:538} INFO - Filling up the DagBag from /opt/airflow/dags/default_pool.py
[2025-03-17T11:03:45.921+0000] {processor.py:840} INFO - DAG(s) 'parallel_tasks_example' retrieved from /opt/airflow/dags/default_pool.py
[2025-03-17T11:03:45.937+0000] {logging_mixin.py:188} INFO - [2025-03-17T11:03:45.937+0000] {dag.py:3036} INFO - Sync 1 DAGs
[2025-03-17T11:03:45.946+0000] {logging_mixin.py:188} INFO - [2025-03-17T11:03:45.945+0000] {dag.py:3823} INFO - Setting next_dagrun for parallel_tasks_example to None, run_after=None
[2025-03-17T11:03:45.965+0000] {processor.py:183} INFO - Processing /opt/airflow/dags/default_pool.py took 0.063 seconds
[2025-03-17T11:04:17.646+0000] {processor.py:161} INFO - Started process (PID=951) to work on /opt/airflow/dags/default_pool.py
[2025-03-17T11:04:17.647+0000] {processor.py:830} INFO - Processing file /opt/airflow/dags/default_pool.py for tasks to queue
[2025-03-17T11:04:17.648+0000] {logging_mixin.py:188} INFO - [2025-03-17T11:04:17.647+0000] {dagbag.py:538} INFO - Filling up the DagBag from /opt/airflow/dags/default_pool.py
[2025-03-17T11:04:17.665+0000] {processor.py:840} INFO - DAG(s) 'parallel_tasks_example' retrieved from /opt/airflow/dags/default_pool.py
[2025-03-17T11:04:17.683+0000] {logging_mixin.py:188} INFO - [2025-03-17T11:04:17.683+0000] {dag.py:3036} INFO - Sync 1 DAGs
[2025-03-17T11:04:17.694+0000] {logging_mixin.py:188} INFO - [2025-03-17T11:04:17.694+0000] {dag.py:3823} INFO - Setting next_dagrun for parallel_tasks_example to None, run_after=None
[2025-03-17T11:04:17.722+0000] {processor.py:183} INFO - Processing /opt/airflow/dags/default_pool.py took 0.080 seconds
[2025-03-17T11:04:50.940+0000] {processor.py:161} INFO - Started process (PID=978) to work on /opt/airflow/dags/default_pool.py
[2025-03-17T11:04:50.941+0000] {processor.py:830} INFO - Processing file /opt/airflow/dags/default_pool.py for tasks to queue
[2025-03-17T11:04:50.942+0000] {logging_mixin.py:188} INFO - [2025-03-17T11:04:50.942+0000] {dagbag.py:538} INFO - Filling up the DagBag from /opt/airflow/dags/default_pool.py
[2025-03-17T11:04:50.957+0000] {processor.py:840} INFO - DAG(s) 'parallel_tasks_example' retrieved from /opt/airflow/dags/default_pool.py
[2025-03-17T11:04:50.974+0000] {logging_mixin.py:188} INFO - [2025-03-17T11:04:50.973+0000] {dag.py:3036} INFO - Sync 1 DAGs
[2025-03-17T11:04:50.983+0000] {logging_mixin.py:188} INFO - [2025-03-17T11:04:50.983+0000] {dag.py:3823} INFO - Setting next_dagrun for parallel_tasks_example to None, run_after=None
[2025-03-17T11:04:51.004+0000] {processor.py:183} INFO - Processing /opt/airflow/dags/default_pool.py took 0.067 seconds
[2025-03-17T11:05:22.703+0000] {processor.py:161} INFO - Started process (PID=1003) to work on /opt/airflow/dags/default_pool.py
[2025-03-17T11:05:22.704+0000] {processor.py:830} INFO - Processing file /opt/airflow/dags/default_pool.py for tasks to queue
[2025-03-17T11:05:22.705+0000] {logging_mixin.py:188} INFO - [2025-03-17T11:05:22.705+0000] {dagbag.py:538} INFO - Filling up the DagBag from /opt/airflow/dags/default_pool.py
[2025-03-17T11:05:22.722+0000] {processor.py:840} INFO - DAG(s) 'parallel_tasks_example' retrieved from /opt/airflow/dags/default_pool.py
[2025-03-17T11:05:22.748+0000] {logging_mixin.py:188} INFO - [2025-03-17T11:05:22.747+0000] {dag.py:3036} INFO - Sync 1 DAGs
[2025-03-17T11:05:22.765+0000] {logging_mixin.py:188} INFO - [2025-03-17T11:05:22.764+0000] {dag.py:3823} INFO - Setting next_dagrun for parallel_tasks_example to None, run_after=None
[2025-03-17T11:05:22.792+0000] {processor.py:183} INFO - Processing /opt/airflow/dags/default_pool.py took 0.093 seconds
[2025-03-17T11:05:54.284+0000] {processor.py:161} INFO - Started process (PID=1030) to work on /opt/airflow/dags/default_pool.py
[2025-03-17T11:05:54.284+0000] {processor.py:830} INFO - Processing file /opt/airflow/dags/default_pool.py for tasks to queue
[2025-03-17T11:05:54.285+0000] {logging_mixin.py:188} INFO - [2025-03-17T11:05:54.285+0000] {dagbag.py:538} INFO - Filling up the DagBag from /opt/airflow/dags/default_pool.py
[2025-03-17T11:05:54.301+0000] {processor.py:840} INFO - DAG(s) 'parallel_tasks_example' retrieved from /opt/airflow/dags/default_pool.py
[2025-03-17T11:05:54.317+0000] {logging_mixin.py:188} INFO - [2025-03-17T11:05:54.317+0000] {dag.py:3036} INFO - Sync 1 DAGs
[2025-03-17T11:05:54.326+0000] {logging_mixin.py:188} INFO - [2025-03-17T11:05:54.326+0000] {dag.py:3823} INFO - Setting next_dagrun for parallel_tasks_example to None, run_after=None
[2025-03-17T11:05:54.346+0000] {processor.py:183} INFO - Processing /opt/airflow/dags/default_pool.py took 0.065 seconds
[2025-03-17T11:06:25.492+0000] {processor.py:161} INFO - Started process (PID=1055) to work on /opt/airflow/dags/default_pool.py
[2025-03-17T11:06:25.493+0000] {processor.py:830} INFO - Processing file /opt/airflow/dags/default_pool.py for tasks to queue
[2025-03-17T11:06:25.494+0000] {logging_mixin.py:188} INFO - [2025-03-17T11:06:25.494+0000] {dagbag.py:538} INFO - Filling up the DagBag from /opt/airflow/dags/default_pool.py
[2025-03-17T11:06:25.510+0000] {processor.py:840} INFO - DAG(s) 'parallel_tasks_example' retrieved from /opt/airflow/dags/default_pool.py
[2025-03-17T11:06:25.528+0000] {logging_mixin.py:188} INFO - [2025-03-17T11:06:25.528+0000] {dag.py:3036} INFO - Sync 1 DAGs
[2025-03-17T11:06:25.538+0000] {logging_mixin.py:188} INFO - [2025-03-17T11:06:25.538+0000] {dag.py:3823} INFO - Setting next_dagrun for parallel_tasks_example to None, run_after=None
[2025-03-17T11:06:25.560+0000] {processor.py:183} INFO - Processing /opt/airflow/dags/default_pool.py took 0.070 seconds
[2025-03-17T11:06:56.370+0000] {processor.py:161} INFO - Started process (PID=1080) to work on /opt/airflow/dags/default_pool.py
[2025-03-17T11:06:56.371+0000] {processor.py:830} INFO - Processing file /opt/airflow/dags/default_pool.py for tasks to queue
[2025-03-17T11:06:56.372+0000] {logging_mixin.py:188} INFO - [2025-03-17T11:06:56.371+0000] {dagbag.py:538} INFO - Filling up the DagBag from /opt/airflow/dags/default_pool.py
[2025-03-17T11:06:56.388+0000] {processor.py:840} INFO - DAG(s) 'parallel_tasks_example' retrieved from /opt/airflow/dags/default_pool.py
[2025-03-17T11:06:56.405+0000] {logging_mixin.py:188} INFO - [2025-03-17T11:06:56.405+0000] {dag.py:3036} INFO - Sync 1 DAGs
[2025-03-17T11:06:56.415+0000] {logging_mixin.py:188} INFO - [2025-03-17T11:06:56.415+0000] {dag.py:3823} INFO - Setting next_dagrun for parallel_tasks_example to None, run_after=None
[2025-03-17T11:06:56.439+0000] {processor.py:183} INFO - Processing /opt/airflow/dags/default_pool.py took 0.072 seconds
[2025-03-17T11:07:49.511+0000] {processor.py:161} INFO - Started process (PID=1223) to work on /opt/airflow/dags/default_pool.py
[2025-03-17T11:07:49.512+0000] {processor.py:830} INFO - Processing file /opt/airflow/dags/default_pool.py for tasks to queue
[2025-03-17T11:07:49.513+0000] {logging_mixin.py:188} INFO - [2025-03-17T11:07:49.513+0000] {dagbag.py:538} INFO - Filling up the DagBag from /opt/airflow/dags/default_pool.py
[2025-03-17T11:07:49.533+0000] {processor.py:840} INFO - DAG(s) 'parallel_tasks_example' retrieved from /opt/airflow/dags/default_pool.py
[2025-03-17T11:07:49.553+0000] {logging_mixin.py:188} INFO - [2025-03-17T11:07:49.552+0000] {dag.py:3036} INFO - Sync 1 DAGs
[2025-03-17T11:07:49.563+0000] {logging_mixin.py:188} INFO - [2025-03-17T11:07:49.562+0000] {dag.py:3823} INFO - Setting next_dagrun for parallel_tasks_example to None, run_after=None
[2025-03-17T11:07:49.591+0000] {processor.py:183} INFO - Processing /opt/airflow/dags/default_pool.py took 0.083 seconds
[2025-03-17T11:09:04.787+0000] {processor.py:161} INFO - Started process (PID=1471) to work on /opt/airflow/dags/default_pool.py
[2025-03-17T11:09:04.789+0000] {processor.py:830} INFO - Processing file /opt/airflow/dags/default_pool.py for tasks to queue
[2025-03-17T11:09:04.790+0000] {logging_mixin.py:188} INFO - [2025-03-17T11:09:04.789+0000] {dagbag.py:538} INFO - Filling up the DagBag from /opt/airflow/dags/default_pool.py
[2025-03-17T11:09:04.807+0000] {processor.py:840} INFO - DAG(s) 'parallel_tasks_example' retrieved from /opt/airflow/dags/default_pool.py
[2025-03-17T11:09:04.826+0000] {logging_mixin.py:188} INFO - [2025-03-17T11:09:04.825+0000] {dag.py:3036} INFO - Sync 1 DAGs
[2025-03-17T11:09:04.836+0000] {logging_mixin.py:188} INFO - [2025-03-17T11:09:04.835+0000] {dag.py:3823} INFO - Setting next_dagrun for parallel_tasks_example to None, run_after=None
[2025-03-17T11:09:04.859+0000] {processor.py:183} INFO - Processing /opt/airflow/dags/default_pool.py took 0.075 seconds
[2025-03-17T11:09:56.229+0000] {processor.py:161} INFO - Started process (PID=1676) to work on /opt/airflow/dags/default_pool.py
[2025-03-17T11:09:56.229+0000] {processor.py:830} INFO - Processing file /opt/airflow/dags/default_pool.py for tasks to queue
[2025-03-17T11:09:56.230+0000] {logging_mixin.py:188} INFO - [2025-03-17T11:09:56.230+0000] {dagbag.py:538} INFO - Filling up the DagBag from /opt/airflow/dags/default_pool.py
[2025-03-17T11:09:56.245+0000] {processor.py:840} INFO - DAG(s) 'parallel_tasks_example' retrieved from /opt/airflow/dags/default_pool.py
[2025-03-17T11:09:56.262+0000] {logging_mixin.py:188} INFO - [2025-03-17T11:09:56.262+0000] {dag.py:3036} INFO - Sync 1 DAGs
[2025-03-17T11:09:56.271+0000] {logging_mixin.py:188} INFO - [2025-03-17T11:09:56.271+0000] {dag.py:3823} INFO - Setting next_dagrun for parallel_tasks_example to None, run_after=None
[2025-03-17T11:09:56.292+0000] {processor.py:183} INFO - Processing /opt/airflow/dags/default_pool.py took 0.066 seconds
[2025-03-17T11:10:29.844+0000] {processor.py:161} INFO - Started process (PID=1701) to work on /opt/airflow/dags/default_pool.py
[2025-03-17T11:10:29.846+0000] {processor.py:830} INFO - Processing file /opt/airflow/dags/default_pool.py for tasks to queue
[2025-03-17T11:10:29.847+0000] {logging_mixin.py:188} INFO - [2025-03-17T11:10:29.847+0000] {dagbag.py:538} INFO - Filling up the DagBag from /opt/airflow/dags/default_pool.py
[2025-03-17T11:10:29.872+0000] {processor.py:840} INFO - DAG(s) 'parallel_tasks_example' retrieved from /opt/airflow/dags/default_pool.py
[2025-03-17T11:10:29.898+0000] {logging_mixin.py:188} INFO - [2025-03-17T11:10:29.898+0000] {dag.py:3036} INFO - Sync 1 DAGs
[2025-03-17T11:10:29.913+0000] {logging_mixin.py:188} INFO - [2025-03-17T11:10:29.912+0000] {dag.py:3823} INFO - Setting next_dagrun for parallel_tasks_example to None, run_after=None
[2025-03-17T11:10:29.946+0000] {processor.py:183} INFO - Processing /opt/airflow/dags/default_pool.py took 0.105 seconds
[2025-03-17T11:11:00.915+0000] {processor.py:161} INFO - Started process (PID=1726) to work on /opt/airflow/dags/default_pool.py
[2025-03-17T11:11:00.916+0000] {processor.py:830} INFO - Processing file /opt/airflow/dags/default_pool.py for tasks to queue
[2025-03-17T11:11:00.917+0000] {logging_mixin.py:188} INFO - [2025-03-17T11:11:00.917+0000] {dagbag.py:538} INFO - Filling up the DagBag from /opt/airflow/dags/default_pool.py
[2025-03-17T11:11:00.935+0000] {processor.py:840} INFO - DAG(s) 'parallel_tasks_example' retrieved from /opt/airflow/dags/default_pool.py
[2025-03-17T11:11:00.956+0000] {logging_mixin.py:188} INFO - [2025-03-17T11:11:00.956+0000] {dag.py:3036} INFO - Sync 1 DAGs
[2025-03-17T11:11:00.971+0000] {logging_mixin.py:188} INFO - [2025-03-17T11:11:00.970+0000] {dag.py:3823} INFO - Setting next_dagrun for parallel_tasks_example to None, run_after=None
[2025-03-17T11:11:00.995+0000] {processor.py:183} INFO - Processing /opt/airflow/dags/default_pool.py took 0.084 seconds
[2025-03-17T11:11:32.460+0000] {processor.py:161} INFO - Started process (PID=1751) to work on /opt/airflow/dags/default_pool.py
[2025-03-17T11:11:32.461+0000] {processor.py:830} INFO - Processing file /opt/airflow/dags/default_pool.py for tasks to queue
[2025-03-17T11:11:32.462+0000] {logging_mixin.py:188} INFO - [2025-03-17T11:11:32.462+0000] {dagbag.py:538} INFO - Filling up the DagBag from /opt/airflow/dags/default_pool.py
[2025-03-17T11:11:32.481+0000] {processor.py:840} INFO - DAG(s) 'parallel_tasks_example' retrieved from /opt/airflow/dags/default_pool.py
[2025-03-17T11:11:32.503+0000] {logging_mixin.py:188} INFO - [2025-03-17T11:11:32.502+0000] {dag.py:3036} INFO - Sync 1 DAGs
[2025-03-17T11:11:32.516+0000] {logging_mixin.py:188} INFO - [2025-03-17T11:11:32.516+0000] {dag.py:3823} INFO - Setting next_dagrun for parallel_tasks_example to None, run_after=None
[2025-03-17T11:11:32.552+0000] {processor.py:183} INFO - Processing /opt/airflow/dags/default_pool.py took 0.096 seconds
[2025-03-17T11:12:07.487+0000] {processor.py:161} INFO - Started process (PID=1778) to work on /opt/airflow/dags/default_pool.py
[2025-03-17T11:12:07.489+0000] {processor.py:830} INFO - Processing file /opt/airflow/dags/default_pool.py for tasks to queue
[2025-03-17T11:12:07.491+0000] {logging_mixin.py:188} INFO - [2025-03-17T11:12:07.490+0000] {dagbag.py:538} INFO - Filling up the DagBag from /opt/airflow/dags/default_pool.py
[2025-03-17T11:12:07.516+0000] {processor.py:840} INFO - DAG(s) 'parallel_tasks_example' retrieved from /opt/airflow/dags/default_pool.py
[2025-03-17T11:12:07.545+0000] {logging_mixin.py:188} INFO - [2025-03-17T11:12:07.544+0000] {dag.py:3036} INFO - Sync 1 DAGs
[2025-03-17T11:12:07.571+0000] {logging_mixin.py:188} INFO - [2025-03-17T11:12:07.570+0000] {dag.py:3823} INFO - Setting next_dagrun for parallel_tasks_example to None, run_after=None
[2025-03-17T11:12:07.622+0000] {processor.py:183} INFO - Processing /opt/airflow/dags/default_pool.py took 0.140 seconds
