[2025-03-17T10:48:03.008+0000] {processor.py:161} INFO - Started process (PID=154) to work on /opt/airflow/dags/exchangerate_api_work.py
[2025-03-17T10:48:03.009+0000] {processor.py:830} INFO - Processing file /opt/airflow/dags/exchangerate_api_work.py for tasks to queue
[2025-03-17T10:48:03.011+0000] {logging_mixin.py:188} INFO - [2025-03-17T10:48:03.011+0000] {dagbag.py:538} INFO - Filling up the DagBag from /opt/airflow/dags/exchangerate_api_work.py
[2025-03-17T10:48:04.138+0000] {processor.py:840} INFO - DAG(s) '0_Examples_3_4_1_ETL_2' retrieved from /opt/airflow/dags/exchangerate_api_work.py
[2025-03-17T10:48:04.147+0000] {logging_mixin.py:188} INFO - [2025-03-17T10:48:04.146+0000] {dag.py:3036} INFO - Sync 1 DAGs
[2025-03-17T10:48:04.175+0000] {logging_mixin.py:188} INFO - [2025-03-17T10:48:04.175+0000] {dag.py:3823} INFO - Setting next_dagrun for 0_Examples_3_4_1_ETL_2 to 2024-01-01 00:00:00+00:00, run_after=2024-01-02 00:00:00+00:00
[2025-03-17T10:48:04.227+0000] {processor.py:183} INFO - Processing /opt/airflow/dags/exchangerate_api_work.py took 1.226 seconds
[2025-03-17T10:48:36.343+0000] {processor.py:161} INFO - Started process (PID=200) to work on /opt/airflow/dags/exchangerate_api_work.py
[2025-03-17T10:48:36.346+0000] {processor.py:830} INFO - Processing file /opt/airflow/dags/exchangerate_api_work.py for tasks to queue
[2025-03-17T10:48:36.347+0000] {logging_mixin.py:188} INFO - [2025-03-17T10:48:36.347+0000] {dagbag.py:538} INFO - Filling up the DagBag from /opt/airflow/dags/exchangerate_api_work.py
[2025-03-17T10:48:37.250+0000] {processor.py:840} INFO - DAG(s) '0_Examples_3_4_1_ETL_2' retrieved from /opt/airflow/dags/exchangerate_api_work.py
[2025-03-17T10:48:37.375+0000] {logging_mixin.py:188} INFO - [2025-03-17T10:48:37.374+0000] {dag.py:3036} INFO - Sync 1 DAGs
[2025-03-17T10:48:37.395+0000] {logging_mixin.py:188} INFO - [2025-03-17T10:48:37.395+0000] {dag.py:3823} INFO - Setting next_dagrun for 0_Examples_3_4_1_ETL_2 to 2024-01-01 00:00:00+00:00, run_after=2024-01-02 00:00:00+00:00
[2025-03-17T10:48:37.446+0000] {processor.py:183} INFO - Processing /opt/airflow/dags/exchangerate_api_work.py took 1.107 seconds
[2025-03-17T10:49:07.905+0000] {processor.py:161} INFO - Started process (PID=224) to work on /opt/airflow/dags/exchangerate_api_work.py
[2025-03-17T10:49:07.906+0000] {processor.py:830} INFO - Processing file /opt/airflow/dags/exchangerate_api_work.py for tasks to queue
[2025-03-17T10:49:07.907+0000] {logging_mixin.py:188} INFO - [2025-03-17T10:49:07.907+0000] {dagbag.py:538} INFO - Filling up the DagBag from /opt/airflow/dags/exchangerate_api_work.py
[2025-03-17T10:49:08.424+0000] {processor.py:840} INFO - DAG(s) '0_Examples_3_4_1_ETL_2' retrieved from /opt/airflow/dags/exchangerate_api_work.py
[2025-03-17T10:49:08.491+0000] {logging_mixin.py:188} INFO - [2025-03-17T10:49:08.491+0000] {dag.py:3036} INFO - Sync 1 DAGs
[2025-03-17T10:49:08.505+0000] {logging_mixin.py:188} INFO - [2025-03-17T10:49:08.505+0000] {dag.py:3823} INFO - Setting next_dagrun for 0_Examples_3_4_1_ETL_2 to 2024-01-01 00:00:00+00:00, run_after=2024-01-02 00:00:00+00:00
[2025-03-17T10:49:08.540+0000] {processor.py:183} INFO - Processing /opt/airflow/dags/exchangerate_api_work.py took 0.638 seconds
[2025-03-17T10:49:39.143+0000] {processor.py:161} INFO - Started process (PID=248) to work on /opt/airflow/dags/exchangerate_api_work.py
[2025-03-17T10:49:39.144+0000] {processor.py:830} INFO - Processing file /opt/airflow/dags/exchangerate_api_work.py for tasks to queue
[2025-03-17T10:49:39.145+0000] {logging_mixin.py:188} INFO - [2025-03-17T10:49:39.145+0000] {dagbag.py:538} INFO - Filling up the DagBag from /opt/airflow/dags/exchangerate_api_work.py
[2025-03-17T10:49:39.672+0000] {processor.py:840} INFO - DAG(s) '0_Examples_3_4_1_ETL_2' retrieved from /opt/airflow/dags/exchangerate_api_work.py
[2025-03-17T10:49:39.739+0000] {logging_mixin.py:188} INFO - [2025-03-17T10:49:39.738+0000] {dag.py:3036} INFO - Sync 1 DAGs
[2025-03-17T10:49:39.753+0000] {logging_mixin.py:188} INFO - [2025-03-17T10:49:39.752+0000] {dag.py:3823} INFO - Setting next_dagrun for 0_Examples_3_4_1_ETL_2 to 2024-01-01 00:00:00+00:00, run_after=2024-01-02 00:00:00+00:00
[2025-03-17T10:49:39.780+0000] {processor.py:183} INFO - Processing /opt/airflow/dags/exchangerate_api_work.py took 0.641 seconds
[2025-03-17T10:50:10.329+0000] {processor.py:161} INFO - Started process (PID=272) to work on /opt/airflow/dags/exchangerate_api_work.py
[2025-03-17T10:50:10.330+0000] {processor.py:830} INFO - Processing file /opt/airflow/dags/exchangerate_api_work.py for tasks to queue
[2025-03-17T10:50:10.332+0000] {logging_mixin.py:188} INFO - [2025-03-17T10:50:10.331+0000] {dagbag.py:538} INFO - Filling up the DagBag from /opt/airflow/dags/exchangerate_api_work.py
[2025-03-17T10:50:11.054+0000] {processor.py:840} INFO - DAG(s) '0_Examples_3_4_1_ETL_2' retrieved from /opt/airflow/dags/exchangerate_api_work.py
[2025-03-17T10:50:11.122+0000] {logging_mixin.py:188} INFO - [2025-03-17T10:50:11.122+0000] {dag.py:3036} INFO - Sync 1 DAGs
[2025-03-17T10:50:11.139+0000] {logging_mixin.py:188} INFO - [2025-03-17T10:50:11.139+0000] {dag.py:3823} INFO - Setting next_dagrun for 0_Examples_3_4_1_ETL_2 to 2024-01-01 00:00:00+00:00, run_after=2024-01-02 00:00:00+00:00
[2025-03-17T10:50:11.207+0000] {processor.py:183} INFO - Processing /opt/airflow/dags/exchangerate_api_work.py took 0.881 seconds
[2025-03-17T10:50:42.156+0000] {processor.py:161} INFO - Started process (PID=296) to work on /opt/airflow/dags/exchangerate_api_work.py
[2025-03-17T10:50:42.157+0000] {processor.py:830} INFO - Processing file /opt/airflow/dags/exchangerate_api_work.py for tasks to queue
[2025-03-17T10:50:42.158+0000] {logging_mixin.py:188} INFO - [2025-03-17T10:50:42.158+0000] {dagbag.py:538} INFO - Filling up the DagBag from /opt/airflow/dags/exchangerate_api_work.py
[2025-03-17T10:50:42.682+0000] {processor.py:840} INFO - DAG(s) '0_Examples_3_4_1_ETL_2' retrieved from /opt/airflow/dags/exchangerate_api_work.py
[2025-03-17T10:50:42.750+0000] {logging_mixin.py:188} INFO - [2025-03-17T10:50:42.750+0000] {dag.py:3036} INFO - Sync 1 DAGs
[2025-03-17T10:50:42.765+0000] {logging_mixin.py:188} INFO - [2025-03-17T10:50:42.765+0000] {dag.py:3823} INFO - Setting next_dagrun for 0_Examples_3_4_1_ETL_2 to 2024-01-01 00:00:00+00:00, run_after=2024-01-02 00:00:00+00:00
[2025-03-17T10:50:42.801+0000] {processor.py:183} INFO - Processing /opt/airflow/dags/exchangerate_api_work.py took 0.648 seconds
[2025-03-17T10:51:13.331+0000] {processor.py:161} INFO - Started process (PID=320) to work on /opt/airflow/dags/exchangerate_api_work.py
[2025-03-17T10:51:13.332+0000] {processor.py:830} INFO - Processing file /opt/airflow/dags/exchangerate_api_work.py for tasks to queue
[2025-03-17T10:51:13.333+0000] {logging_mixin.py:188} INFO - [2025-03-17T10:51:13.333+0000] {dagbag.py:538} INFO - Filling up the DagBag from /opt/airflow/dags/exchangerate_api_work.py
[2025-03-17T10:51:13.902+0000] {processor.py:840} INFO - DAG(s) '0_Examples_3_4_1_ETL_2' retrieved from /opt/airflow/dags/exchangerate_api_work.py
[2025-03-17T10:51:13.970+0000] {logging_mixin.py:188} INFO - [2025-03-17T10:51:13.970+0000] {dag.py:3036} INFO - Sync 1 DAGs
[2025-03-17T10:51:13.984+0000] {logging_mixin.py:188} INFO - [2025-03-17T10:51:13.984+0000] {dag.py:3823} INFO - Setting next_dagrun for 0_Examples_3_4_1_ETL_2 to 2024-01-01 00:00:00+00:00, run_after=2024-01-02 00:00:00+00:00
[2025-03-17T10:51:14.012+0000] {processor.py:183} INFO - Processing /opt/airflow/dags/exchangerate_api_work.py took 0.684 seconds
[2025-03-17T10:51:44.303+0000] {processor.py:161} INFO - Started process (PID=344) to work on /opt/airflow/dags/exchangerate_api_work.py
[2025-03-17T10:51:44.304+0000] {processor.py:830} INFO - Processing file /opt/airflow/dags/exchangerate_api_work.py for tasks to queue
[2025-03-17T10:51:44.305+0000] {logging_mixin.py:188} INFO - [2025-03-17T10:51:44.304+0000] {dagbag.py:538} INFO - Filling up the DagBag from /opt/airflow/dags/exchangerate_api_work.py
[2025-03-17T10:51:44.813+0000] {processor.py:840} INFO - DAG(s) '0_Examples_3_4_1_ETL_2' retrieved from /opt/airflow/dags/exchangerate_api_work.py
[2025-03-17T10:51:44.875+0000] {logging_mixin.py:188} INFO - [2025-03-17T10:51:44.875+0000] {dag.py:3036} INFO - Sync 1 DAGs
[2025-03-17T10:51:44.889+0000] {logging_mixin.py:188} INFO - [2025-03-17T10:51:44.889+0000] {dag.py:3823} INFO - Setting next_dagrun for 0_Examples_3_4_1_ETL_2 to 2024-01-01 00:00:00+00:00, run_after=2024-01-02 00:00:00+00:00
[2025-03-17T10:51:44.907+0000] {processor.py:183} INFO - Processing /opt/airflow/dags/exchangerate_api_work.py took 0.606 seconds
[2025-03-17T10:52:15.381+0000] {processor.py:161} INFO - Started process (PID=368) to work on /opt/airflow/dags/exchangerate_api_work.py
[2025-03-17T10:52:15.383+0000] {processor.py:830} INFO - Processing file /opt/airflow/dags/exchangerate_api_work.py for tasks to queue
[2025-03-17T10:52:15.384+0000] {logging_mixin.py:188} INFO - [2025-03-17T10:52:15.384+0000] {dagbag.py:538} INFO - Filling up the DagBag from /opt/airflow/dags/exchangerate_api_work.py
[2025-03-17T10:52:15.923+0000] {processor.py:840} INFO - DAG(s) '0_Examples_3_4_1_ETL_2' retrieved from /opt/airflow/dags/exchangerate_api_work.py
[2025-03-17T10:52:15.991+0000] {logging_mixin.py:188} INFO - [2025-03-17T10:52:15.990+0000] {dag.py:3036} INFO - Sync 1 DAGs
[2025-03-17T10:52:16.005+0000] {logging_mixin.py:188} INFO - [2025-03-17T10:52:16.005+0000] {dag.py:3823} INFO - Setting next_dagrun for 0_Examples_3_4_1_ETL_2 to 2024-01-01 00:00:00+00:00, run_after=2024-01-02 00:00:00+00:00
[2025-03-17T10:52:16.028+0000] {processor.py:183} INFO - Processing /opt/airflow/dags/exchangerate_api_work.py took 0.653 seconds
[2025-03-17T10:52:46.305+0000] {processor.py:161} INFO - Started process (PID=392) to work on /opt/airflow/dags/exchangerate_api_work.py
[2025-03-17T10:52:46.306+0000] {processor.py:830} INFO - Processing file /opt/airflow/dags/exchangerate_api_work.py for tasks to queue
[2025-03-17T10:52:46.307+0000] {logging_mixin.py:188} INFO - [2025-03-17T10:52:46.306+0000] {dagbag.py:538} INFO - Filling up the DagBag from /opt/airflow/dags/exchangerate_api_work.py
[2025-03-17T10:52:46.850+0000] {processor.py:840} INFO - DAG(s) '0_Examples_3_4_1_ETL_2' retrieved from /opt/airflow/dags/exchangerate_api_work.py
[2025-03-17T10:52:46.915+0000] {logging_mixin.py:188} INFO - [2025-03-17T10:52:46.914+0000] {dag.py:3036} INFO - Sync 1 DAGs
[2025-03-17T10:52:46.930+0000] {logging_mixin.py:188} INFO - [2025-03-17T10:52:46.929+0000] {dag.py:3823} INFO - Setting next_dagrun for 0_Examples_3_4_1_ETL_2 to 2024-01-01 00:00:00+00:00, run_after=2024-01-02 00:00:00+00:00
[2025-03-17T10:52:46.962+0000] {processor.py:183} INFO - Processing /opt/airflow/dags/exchangerate_api_work.py took 0.660 seconds
[2025-03-17T10:53:17.495+0000] {processor.py:161} INFO - Started process (PID=416) to work on /opt/airflow/dags/exchangerate_api_work.py
[2025-03-17T10:53:17.496+0000] {processor.py:830} INFO - Processing file /opt/airflow/dags/exchangerate_api_work.py for tasks to queue
[2025-03-17T10:53:17.498+0000] {logging_mixin.py:188} INFO - [2025-03-17T10:53:17.497+0000] {dagbag.py:538} INFO - Filling up the DagBag from /opt/airflow/dags/exchangerate_api_work.py
[2025-03-17T10:53:18.130+0000] {processor.py:840} INFO - DAG(s) '0_Examples_3_4_1_ETL_2' retrieved from /opt/airflow/dags/exchangerate_api_work.py
[2025-03-17T10:53:18.249+0000] {logging_mixin.py:188} INFO - [2025-03-17T10:53:18.248+0000] {dag.py:3036} INFO - Sync 1 DAGs
[2025-03-17T10:53:18.273+0000] {logging_mixin.py:188} INFO - [2025-03-17T10:53:18.272+0000] {dag.py:3823} INFO - Setting next_dagrun for 0_Examples_3_4_1_ETL_2 to 2024-01-01 00:00:00+00:00, run_after=2024-01-02 00:00:00+00:00
[2025-03-17T10:53:18.313+0000] {processor.py:183} INFO - Processing /opt/airflow/dags/exchangerate_api_work.py took 0.821 seconds
[2025-03-17T10:53:49.733+0000] {processor.py:161} INFO - Started process (PID=442) to work on /opt/airflow/dags/exchangerate_api_work.py
[2025-03-17T10:53:49.734+0000] {processor.py:830} INFO - Processing file /opt/airflow/dags/exchangerate_api_work.py for tasks to queue
[2025-03-17T10:53:49.735+0000] {logging_mixin.py:188} INFO - [2025-03-17T10:53:49.735+0000] {dagbag.py:538} INFO - Filling up the DagBag from /opt/airflow/dags/exchangerate_api_work.py
[2025-03-17T10:53:50.399+0000] {processor.py:840} INFO - DAG(s) '0_Examples_3_4_1_ETL_2' retrieved from /opt/airflow/dags/exchangerate_api_work.py
[2025-03-17T10:53:50.475+0000] {logging_mixin.py:188} INFO - [2025-03-17T10:53:50.474+0000] {dag.py:3036} INFO - Sync 1 DAGs
[2025-03-17T10:53:50.495+0000] {logging_mixin.py:188} INFO - [2025-03-17T10:53:50.495+0000] {dag.py:3823} INFO - Setting next_dagrun for 0_Examples_3_4_1_ETL_2 to 2024-01-01 00:00:00+00:00, run_after=2024-01-02 00:00:00+00:00
[2025-03-17T10:53:50.536+0000] {processor.py:183} INFO - Processing /opt/airflow/dags/exchangerate_api_work.py took 0.805 seconds
[2025-03-17T10:54:21.325+0000] {processor.py:161} INFO - Started process (PID=467) to work on /opt/airflow/dags/exchangerate_api_work.py
[2025-03-17T10:54:21.326+0000] {processor.py:830} INFO - Processing file /opt/airflow/dags/exchangerate_api_work.py for tasks to queue
[2025-03-17T10:54:21.327+0000] {logging_mixin.py:188} INFO - [2025-03-17T10:54:21.327+0000] {dagbag.py:538} INFO - Filling up the DagBag from /opt/airflow/dags/exchangerate_api_work.py
[2025-03-17T10:54:21.955+0000] {processor.py:840} INFO - DAG(s) '0_Examples_3_4_1_ETL_2' retrieved from /opt/airflow/dags/exchangerate_api_work.py
[2025-03-17T10:54:22.035+0000] {logging_mixin.py:188} INFO - [2025-03-17T10:54:22.035+0000] {dag.py:3036} INFO - Sync 1 DAGs
[2025-03-17T10:54:22.052+0000] {logging_mixin.py:188} INFO - [2025-03-17T10:54:22.051+0000] {dag.py:3823} INFO - Setting next_dagrun for 0_Examples_3_4_1_ETL_2 to 2024-01-01 00:00:00+00:00, run_after=2024-01-02 00:00:00+00:00
[2025-03-17T10:54:22.074+0000] {processor.py:183} INFO - Processing /opt/airflow/dags/exchangerate_api_work.py took 0.752 seconds
[2025-03-17T10:54:52.322+0000] {processor.py:161} INFO - Started process (PID=492) to work on /opt/airflow/dags/exchangerate_api_work.py
[2025-03-17T10:54:52.323+0000] {processor.py:830} INFO - Processing file /opt/airflow/dags/exchangerate_api_work.py for tasks to queue
[2025-03-17T10:54:52.324+0000] {logging_mixin.py:188} INFO - [2025-03-17T10:54:52.324+0000] {dagbag.py:538} INFO - Filling up the DagBag from /opt/airflow/dags/exchangerate_api_work.py
[2025-03-17T10:54:52.802+0000] {processor.py:840} INFO - DAG(s) '0_Examples_3_4_1_ETL_2' retrieved from /opt/airflow/dags/exchangerate_api_work.py
[2025-03-17T10:54:52.883+0000] {logging_mixin.py:188} INFO - [2025-03-17T10:54:52.882+0000] {dag.py:3036} INFO - Sync 1 DAGs
[2025-03-17T10:54:52.898+0000] {logging_mixin.py:188} INFO - [2025-03-17T10:54:52.898+0000] {dag.py:3823} INFO - Setting next_dagrun for 0_Examples_3_4_1_ETL_2 to 2024-01-01 00:00:00+00:00, run_after=2024-01-02 00:00:00+00:00
[2025-03-17T10:54:52.927+0000] {processor.py:183} INFO - Processing /opt/airflow/dags/exchangerate_api_work.py took 0.608 seconds
[2025-03-17T10:55:23.123+0000] {processor.py:161} INFO - Started process (PID=517) to work on /opt/airflow/dags/exchangerate_api_work.py
[2025-03-17T10:55:23.124+0000] {processor.py:830} INFO - Processing file /opt/airflow/dags/exchangerate_api_work.py for tasks to queue
[2025-03-17T10:55:23.125+0000] {logging_mixin.py:188} INFO - [2025-03-17T10:55:23.125+0000] {dagbag.py:538} INFO - Filling up the DagBag from /opt/airflow/dags/exchangerate_api_work.py
[2025-03-17T10:55:23.678+0000] {processor.py:840} INFO - DAG(s) '0_Examples_3_4_1_ETL_2' retrieved from /opt/airflow/dags/exchangerate_api_work.py
[2025-03-17T10:55:23.747+0000] {logging_mixin.py:188} INFO - [2025-03-17T10:55:23.747+0000] {dag.py:3036} INFO - Sync 1 DAGs
[2025-03-17T10:55:23.760+0000] {logging_mixin.py:188} INFO - [2025-03-17T10:55:23.760+0000] {dag.py:3823} INFO - Setting next_dagrun for 0_Examples_3_4_1_ETL_2 to 2024-01-01 00:00:00+00:00, run_after=2024-01-02 00:00:00+00:00
[2025-03-17T10:55:23.780+0000] {processor.py:183} INFO - Processing /opt/airflow/dags/exchangerate_api_work.py took 0.659 seconds
[2025-03-17T10:55:54.092+0000] {processor.py:161} INFO - Started process (PID=542) to work on /opt/airflow/dags/exchangerate_api_work.py
[2025-03-17T10:55:54.092+0000] {processor.py:830} INFO - Processing file /opt/airflow/dags/exchangerate_api_work.py for tasks to queue
[2025-03-17T10:55:54.093+0000] {logging_mixin.py:188} INFO - [2025-03-17T10:55:54.093+0000] {dagbag.py:538} INFO - Filling up the DagBag from /opt/airflow/dags/exchangerate_api_work.py
[2025-03-17T10:55:54.591+0000] {processor.py:840} INFO - DAG(s) '0_Examples_3_4_1_ETL_2' retrieved from /opt/airflow/dags/exchangerate_api_work.py
[2025-03-17T10:55:54.655+0000] {logging_mixin.py:188} INFO - [2025-03-17T10:55:54.654+0000] {dag.py:3036} INFO - Sync 1 DAGs
[2025-03-17T10:55:54.668+0000] {logging_mixin.py:188} INFO - [2025-03-17T10:55:54.668+0000] {dag.py:3823} INFO - Setting next_dagrun for 0_Examples_3_4_1_ETL_2 to 2024-01-01 00:00:00+00:00, run_after=2024-01-02 00:00:00+00:00
[2025-03-17T10:55:54.686+0000] {processor.py:183} INFO - Processing /opt/airflow/dags/exchangerate_api_work.py took 0.597 seconds
[2025-03-17T10:56:25.230+0000] {processor.py:161} INFO - Started process (PID=567) to work on /opt/airflow/dags/exchangerate_api_work.py
[2025-03-17T10:56:25.231+0000] {processor.py:830} INFO - Processing file /opt/airflow/dags/exchangerate_api_work.py for tasks to queue
[2025-03-17T10:56:25.232+0000] {logging_mixin.py:188} INFO - [2025-03-17T10:56:25.232+0000] {dagbag.py:538} INFO - Filling up the DagBag from /opt/airflow/dags/exchangerate_api_work.py
[2025-03-17T10:56:25.746+0000] {processor.py:840} INFO - DAG(s) '0_Examples_3_4_1_ETL_2' retrieved from /opt/airflow/dags/exchangerate_api_work.py
[2025-03-17T10:56:25.814+0000] {logging_mixin.py:188} INFO - [2025-03-17T10:56:25.813+0000] {dag.py:3036} INFO - Sync 1 DAGs
[2025-03-17T10:56:25.827+0000] {logging_mixin.py:188} INFO - [2025-03-17T10:56:25.827+0000] {dag.py:3823} INFO - Setting next_dagrun for 0_Examples_3_4_1_ETL_2 to 2024-01-01 00:00:00+00:00, run_after=2024-01-02 00:00:00+00:00
[2025-03-17T10:56:25.846+0000] {processor.py:183} INFO - Processing /opt/airflow/dags/exchangerate_api_work.py took 0.618 seconds
[2025-03-17T10:56:56.251+0000] {processor.py:161} INFO - Started process (PID=592) to work on /opt/airflow/dags/exchangerate_api_work.py
[2025-03-17T10:56:56.252+0000] {processor.py:830} INFO - Processing file /opt/airflow/dags/exchangerate_api_work.py for tasks to queue
[2025-03-17T10:56:56.253+0000] {logging_mixin.py:188} INFO - [2025-03-17T10:56:56.253+0000] {dagbag.py:538} INFO - Filling up the DagBag from /opt/airflow/dags/exchangerate_api_work.py
[2025-03-17T10:56:56.804+0000] {processor.py:840} INFO - DAG(s) '0_Examples_3_4_1_ETL_2' retrieved from /opt/airflow/dags/exchangerate_api_work.py
[2025-03-17T10:56:56.890+0000] {logging_mixin.py:188} INFO - [2025-03-17T10:56:56.889+0000] {dag.py:3036} INFO - Sync 1 DAGs
[2025-03-17T10:56:56.902+0000] {logging_mixin.py:188} INFO - [2025-03-17T10:56:56.902+0000] {dag.py:3823} INFO - Setting next_dagrun for 0_Examples_3_4_1_ETL_2 to 2024-01-01 00:00:00+00:00, run_after=2024-01-02 00:00:00+00:00
[2025-03-17T10:56:56.926+0000] {processor.py:183} INFO - Processing /opt/airflow/dags/exchangerate_api_work.py took 0.643 seconds
[2025-03-17T10:57:27.409+0000] {processor.py:161} INFO - Started process (PID=617) to work on /opt/airflow/dags/exchangerate_api_work.py
[2025-03-17T10:57:27.410+0000] {processor.py:830} INFO - Processing file /opt/airflow/dags/exchangerate_api_work.py for tasks to queue
[2025-03-17T10:57:27.411+0000] {logging_mixin.py:188} INFO - [2025-03-17T10:57:27.411+0000] {dagbag.py:538} INFO - Filling up the DagBag from /opt/airflow/dags/exchangerate_api_work.py
[2025-03-17T10:57:28.011+0000] {processor.py:840} INFO - DAG(s) '0_Examples_3_4_1_ETL_2' retrieved from /opt/airflow/dags/exchangerate_api_work.py
[2025-03-17T10:57:28.089+0000] {logging_mixin.py:188} INFO - [2025-03-17T10:57:28.089+0000] {dag.py:3036} INFO - Sync 1 DAGs
[2025-03-17T10:57:28.109+0000] {logging_mixin.py:188} INFO - [2025-03-17T10:57:28.108+0000] {dag.py:3823} INFO - Setting next_dagrun for 0_Examples_3_4_1_ETL_2 to 2024-01-01 00:00:00+00:00, run_after=2024-01-02 00:00:00+00:00
[2025-03-17T10:57:28.132+0000] {processor.py:183} INFO - Processing /opt/airflow/dags/exchangerate_api_work.py took 0.725 seconds
[2025-03-17T10:57:58.293+0000] {processor.py:161} INFO - Started process (PID=642) to work on /opt/airflow/dags/exchangerate_api_work.py
[2025-03-17T10:57:58.295+0000] {processor.py:830} INFO - Processing file /opt/airflow/dags/exchangerate_api_work.py for tasks to queue
[2025-03-17T10:57:58.297+0000] {logging_mixin.py:188} INFO - [2025-03-17T10:57:58.297+0000] {dagbag.py:538} INFO - Filling up the DagBag from /opt/airflow/dags/exchangerate_api_work.py
[2025-03-17T10:57:59.033+0000] {processor.py:840} INFO - DAG(s) '0_Examples_3_4_1_ETL_2' retrieved from /opt/airflow/dags/exchangerate_api_work.py
[2025-03-17T10:57:59.119+0000] {logging_mixin.py:188} INFO - [2025-03-17T10:57:59.118+0000] {dag.py:3036} INFO - Sync 1 DAGs
[2025-03-17T10:57:59.134+0000] {logging_mixin.py:188} INFO - [2025-03-17T10:57:59.133+0000] {dag.py:3823} INFO - Setting next_dagrun for 0_Examples_3_4_1_ETL_2 to 2024-01-01 00:00:00+00:00, run_after=2024-01-02 00:00:00+00:00
[2025-03-17T10:57:59.161+0000] {processor.py:183} INFO - Processing /opt/airflow/dags/exchangerate_api_work.py took 0.875 seconds
[2025-03-17T10:58:30.046+0000] {processor.py:161} INFO - Started process (PID=667) to work on /opt/airflow/dags/exchangerate_api_work.py
[2025-03-17T10:58:30.046+0000] {processor.py:830} INFO - Processing file /opt/airflow/dags/exchangerate_api_work.py for tasks to queue
[2025-03-17T10:58:30.047+0000] {logging_mixin.py:188} INFO - [2025-03-17T10:58:30.047+0000] {dagbag.py:538} INFO - Filling up the DagBag from /opt/airflow/dags/exchangerate_api_work.py
[2025-03-17T10:58:30.565+0000] {processor.py:840} INFO - DAG(s) '0_Examples_3_4_1_ETL_2' retrieved from /opt/airflow/dags/exchangerate_api_work.py
[2025-03-17T10:58:30.631+0000] {logging_mixin.py:188} INFO - [2025-03-17T10:58:30.631+0000] {dag.py:3036} INFO - Sync 1 DAGs
[2025-03-17T10:58:30.644+0000] {logging_mixin.py:188} INFO - [2025-03-17T10:58:30.644+0000] {dag.py:3823} INFO - Setting next_dagrun for 0_Examples_3_4_1_ETL_2 to 2024-01-01 00:00:00+00:00, run_after=2024-01-02 00:00:00+00:00
[2025-03-17T10:58:30.664+0000] {processor.py:183} INFO - Processing /opt/airflow/dags/exchangerate_api_work.py took 0.621 seconds
[2025-03-17T10:59:01.600+0000] {processor.py:161} INFO - Started process (PID=692) to work on /opt/airflow/dags/exchangerate_api_work.py
[2025-03-17T10:59:01.601+0000] {processor.py:830} INFO - Processing file /opt/airflow/dags/exchangerate_api_work.py for tasks to queue
[2025-03-17T10:59:01.602+0000] {logging_mixin.py:188} INFO - [2025-03-17T10:59:01.601+0000] {dagbag.py:538} INFO - Filling up the DagBag from /opt/airflow/dags/exchangerate_api_work.py
[2025-03-17T10:59:02.146+0000] {processor.py:840} INFO - DAG(s) '0_Examples_3_4_1_ETL_2' retrieved from /opt/airflow/dags/exchangerate_api_work.py
[2025-03-17T10:59:02.212+0000] {logging_mixin.py:188} INFO - [2025-03-17T10:59:02.212+0000] {dag.py:3036} INFO - Sync 1 DAGs
[2025-03-17T10:59:02.224+0000] {logging_mixin.py:188} INFO - [2025-03-17T10:59:02.224+0000] {dag.py:3823} INFO - Setting next_dagrun for 0_Examples_3_4_1_ETL_2 to 2024-01-01 00:00:00+00:00, run_after=2024-01-02 00:00:00+00:00
[2025-03-17T10:59:02.245+0000] {processor.py:183} INFO - Processing /opt/airflow/dags/exchangerate_api_work.py took 0.648 seconds
[2025-03-17T10:59:32.967+0000] {processor.py:161} INFO - Started process (PID=717) to work on /opt/airflow/dags/exchangerate_api_work.py
[2025-03-17T10:59:32.969+0000] {processor.py:830} INFO - Processing file /opt/airflow/dags/exchangerate_api_work.py for tasks to queue
[2025-03-17T10:59:32.971+0000] {logging_mixin.py:188} INFO - [2025-03-17T10:59:32.970+0000] {dagbag.py:538} INFO - Filling up the DagBag from /opt/airflow/dags/exchangerate_api_work.py
[2025-03-17T10:59:33.520+0000] {processor.py:840} INFO - DAG(s) '0_Examples_3_4_1_ETL_2' retrieved from /opt/airflow/dags/exchangerate_api_work.py
[2025-03-17T10:59:33.589+0000] {logging_mixin.py:188} INFO - [2025-03-17T10:59:33.588+0000] {dag.py:3036} INFO - Sync 1 DAGs
[2025-03-17T10:59:33.607+0000] {logging_mixin.py:188} INFO - [2025-03-17T10:59:33.606+0000] {dag.py:3823} INFO - Setting next_dagrun for 0_Examples_3_4_1_ETL_2 to 2024-01-01 00:00:00+00:00, run_after=2024-01-02 00:00:00+00:00
[2025-03-17T10:59:33.631+0000] {processor.py:183} INFO - Processing /opt/airflow/dags/exchangerate_api_work.py took 0.669 seconds
[2025-03-17T11:00:04.839+0000] {processor.py:161} INFO - Started process (PID=742) to work on /opt/airflow/dags/exchangerate_api_work.py
[2025-03-17T11:00:04.840+0000] {processor.py:830} INFO - Processing file /opt/airflow/dags/exchangerate_api_work.py for tasks to queue
[2025-03-17T11:00:04.841+0000] {logging_mixin.py:188} INFO - [2025-03-17T11:00:04.841+0000] {dagbag.py:538} INFO - Filling up the DagBag from /opt/airflow/dags/exchangerate_api_work.py
[2025-03-17T11:00:05.318+0000] {processor.py:840} INFO - DAG(s) '0_Examples_3_4_1_ETL_2' retrieved from /opt/airflow/dags/exchangerate_api_work.py
[2025-03-17T11:00:05.381+0000] {logging_mixin.py:188} INFO - [2025-03-17T11:00:05.380+0000] {dag.py:3036} INFO - Sync 1 DAGs
[2025-03-17T11:00:05.394+0000] {logging_mixin.py:188} INFO - [2025-03-17T11:00:05.394+0000] {dag.py:3823} INFO - Setting next_dagrun for 0_Examples_3_4_1_ETL_2 to 2024-01-01 00:00:00+00:00, run_after=2024-01-02 00:00:00+00:00
[2025-03-17T11:00:05.414+0000] {processor.py:183} INFO - Processing /opt/airflow/dags/exchangerate_api_work.py took 0.577 seconds
[2025-03-17T11:00:38.034+0000] {processor.py:161} INFO - Started process (PID=771) to work on /opt/airflow/dags/exchangerate_api_work.py
[2025-03-17T11:00:38.035+0000] {processor.py:830} INFO - Processing file /opt/airflow/dags/exchangerate_api_work.py for tasks to queue
[2025-03-17T11:00:38.036+0000] {logging_mixin.py:188} INFO - [2025-03-17T11:00:38.036+0000] {dagbag.py:538} INFO - Filling up the DagBag from /opt/airflow/dags/exchangerate_api_work.py
[2025-03-17T11:00:38.569+0000] {processor.py:840} INFO - DAG(s) '0_Examples_3_4_1_ETL_2' retrieved from /opt/airflow/dags/exchangerate_api_work.py
[2025-03-17T11:00:38.644+0000] {logging_mixin.py:188} INFO - [2025-03-17T11:00:38.643+0000] {dag.py:3036} INFO - Sync 1 DAGs
[2025-03-17T11:00:38.659+0000] {logging_mixin.py:188} INFO - [2025-03-17T11:00:38.658+0000] {dag.py:3823} INFO - Setting next_dagrun for 0_Examples_3_4_1_ETL_2 to 2024-01-01 00:00:00+00:00, run_after=2024-01-02 00:00:00+00:00
[2025-03-17T11:00:38.684+0000] {processor.py:183} INFO - Processing /opt/airflow/dags/exchangerate_api_work.py took 0.654 seconds
[2025-03-17T11:01:10.605+0000] {processor.py:161} INFO - Started process (PID=796) to work on /opt/airflow/dags/exchangerate_api_work.py
[2025-03-17T11:01:10.606+0000] {processor.py:830} INFO - Processing file /opt/airflow/dags/exchangerate_api_work.py for tasks to queue
[2025-03-17T11:01:10.607+0000] {logging_mixin.py:188} INFO - [2025-03-17T11:01:10.607+0000] {dagbag.py:538} INFO - Filling up the DagBag from /opt/airflow/dags/exchangerate_api_work.py
[2025-03-17T11:01:11.174+0000] {processor.py:840} INFO - DAG(s) '0_Examples_3_4_1_ETL_2' retrieved from /opt/airflow/dags/exchangerate_api_work.py
[2025-03-17T11:01:11.240+0000] {logging_mixin.py:188} INFO - [2025-03-17T11:01:11.240+0000] {dag.py:3036} INFO - Sync 1 DAGs
[2025-03-17T11:01:11.256+0000] {logging_mixin.py:188} INFO - [2025-03-17T11:01:11.255+0000] {dag.py:3823} INFO - Setting next_dagrun for 0_Examples_3_4_1_ETL_2 to 2024-01-01 00:00:00+00:00, run_after=2024-01-02 00:00:00+00:00
[2025-03-17T11:01:11.277+0000] {processor.py:183} INFO - Processing /opt/airflow/dags/exchangerate_api_work.py took 0.675 seconds
[2025-03-17T11:01:41.658+0000] {processor.py:161} INFO - Started process (PID=823) to work on /opt/airflow/dags/exchangerate_api_work.py
[2025-03-17T11:01:41.659+0000] {processor.py:830} INFO - Processing file /opt/airflow/dags/exchangerate_api_work.py for tasks to queue
[2025-03-17T11:01:41.660+0000] {logging_mixin.py:188} INFO - [2025-03-17T11:01:41.660+0000] {dagbag.py:538} INFO - Filling up the DagBag from /opt/airflow/dags/exchangerate_api_work.py
[2025-03-17T11:01:42.401+0000] {processor.py:840} INFO - DAG(s) '0_Examples_3_4_1_ETL_2' retrieved from /opt/airflow/dags/exchangerate_api_work.py
[2025-03-17T11:01:42.475+0000] {logging_mixin.py:188} INFO - [2025-03-17T11:01:42.474+0000] {dag.py:3036} INFO - Sync 1 DAGs
[2025-03-17T11:01:42.488+0000] {logging_mixin.py:188} INFO - [2025-03-17T11:01:42.488+0000] {dag.py:3823} INFO - Setting next_dagrun for 0_Examples_3_4_1_ETL_2 to 2024-01-01 00:00:00+00:00, run_after=2024-01-02 00:00:00+00:00
[2025-03-17T11:01:42.512+0000] {processor.py:183} INFO - Processing /opt/airflow/dags/exchangerate_api_work.py took 0.856 seconds
[2025-03-17T11:02:13.157+0000] {processor.py:161} INFO - Started process (PID=852) to work on /opt/airflow/dags/exchangerate_api_work.py
[2025-03-17T11:02:13.158+0000] {processor.py:830} INFO - Processing file /opt/airflow/dags/exchangerate_api_work.py for tasks to queue
[2025-03-17T11:02:13.159+0000] {logging_mixin.py:188} INFO - [2025-03-17T11:02:13.159+0000] {dagbag.py:538} INFO - Filling up the DagBag from /opt/airflow/dags/exchangerate_api_work.py
[2025-03-17T11:02:13.737+0000] {processor.py:840} INFO - DAG(s) '0_Examples_3_4_1_ETL_2' retrieved from /opt/airflow/dags/exchangerate_api_work.py
[2025-03-17T11:02:13.839+0000] {logging_mixin.py:188} INFO - [2025-03-17T11:02:13.838+0000] {dag.py:3036} INFO - Sync 1 DAGs
[2025-03-17T11:02:13.858+0000] {logging_mixin.py:188} INFO - [2025-03-17T11:02:13.858+0000] {dag.py:3823} INFO - Setting next_dagrun for 0_Examples_3_4_1_ETL_2 to 2024-01-01 00:00:00+00:00, run_after=2024-01-02 00:00:00+00:00
[2025-03-17T11:02:13.893+0000] {processor.py:183} INFO - Processing /opt/airflow/dags/exchangerate_api_work.py took 0.738 seconds
[2025-03-17T11:02:44.875+0000] {processor.py:161} INFO - Started process (PID=877) to work on /opt/airflow/dags/exchangerate_api_work.py
[2025-03-17T11:02:44.876+0000] {processor.py:830} INFO - Processing file /opt/airflow/dags/exchangerate_api_work.py for tasks to queue
[2025-03-17T11:02:44.878+0000] {logging_mixin.py:188} INFO - [2025-03-17T11:02:44.877+0000] {dagbag.py:538} INFO - Filling up the DagBag from /opt/airflow/dags/exchangerate_api_work.py
[2025-03-17T11:02:45.524+0000] {processor.py:840} INFO - DAG(s) '0_Examples_3_4_1_ETL_2' retrieved from /opt/airflow/dags/exchangerate_api_work.py
[2025-03-17T11:02:45.608+0000] {logging_mixin.py:188} INFO - [2025-03-17T11:02:45.607+0000] {dag.py:3036} INFO - Sync 1 DAGs
[2025-03-17T11:02:45.628+0000] {logging_mixin.py:188} INFO - [2025-03-17T11:02:45.628+0000] {dag.py:3823} INFO - Setting next_dagrun for 0_Examples_3_4_1_ETL_2 to 2024-01-01 00:00:00+00:00, run_after=2024-01-02 00:00:00+00:00
[2025-03-17T11:02:45.653+0000] {processor.py:183} INFO - Processing /opt/airflow/dags/exchangerate_api_work.py took 0.782 seconds
[2025-03-17T11:03:16.746+0000] {processor.py:161} INFO - Started process (PID=902) to work on /opt/airflow/dags/exchangerate_api_work.py
[2025-03-17T11:03:16.749+0000] {processor.py:830} INFO - Processing file /opt/airflow/dags/exchangerate_api_work.py for tasks to queue
[2025-03-17T11:03:16.751+0000] {logging_mixin.py:188} INFO - [2025-03-17T11:03:16.751+0000] {dagbag.py:538} INFO - Filling up the DagBag from /opt/airflow/dags/exchangerate_api_work.py
[2025-03-17T11:03:17.477+0000] {processor.py:840} INFO - DAG(s) '0_Examples_3_4_1_ETL_2' retrieved from /opt/airflow/dags/exchangerate_api_work.py
[2025-03-17T11:03:17.608+0000] {logging_mixin.py:188} INFO - [2025-03-17T11:03:17.606+0000] {dag.py:3036} INFO - Sync 1 DAGs
[2025-03-17T11:03:17.635+0000] {logging_mixin.py:188} INFO - [2025-03-17T11:03:17.635+0000] {dag.py:3823} INFO - Setting next_dagrun for 0_Examples_3_4_1_ETL_2 to 2024-01-01 00:00:00+00:00, run_after=2024-01-02 00:00:00+00:00
[2025-03-17T11:03:17.680+0000] {processor.py:183} INFO - Processing /opt/airflow/dags/exchangerate_api_work.py took 0.940 seconds
[2025-03-17T11:03:48.093+0000] {processor.py:161} INFO - Started process (PID=927) to work on /opt/airflow/dags/exchangerate_api_work.py
[2025-03-17T11:03:48.094+0000] {processor.py:830} INFO - Processing file /opt/airflow/dags/exchangerate_api_work.py for tasks to queue
[2025-03-17T11:03:48.095+0000] {logging_mixin.py:188} INFO - [2025-03-17T11:03:48.095+0000] {dagbag.py:538} INFO - Filling up the DagBag from /opt/airflow/dags/exchangerate_api_work.py
[2025-03-17T11:03:48.608+0000] {processor.py:840} INFO - DAG(s) '0_Examples_3_4_1_ETL_2' retrieved from /opt/airflow/dags/exchangerate_api_work.py
[2025-03-17T11:03:48.677+0000] {logging_mixin.py:188} INFO - [2025-03-17T11:03:48.677+0000] {dag.py:3036} INFO - Sync 1 DAGs
[2025-03-17T11:03:48.689+0000] {logging_mixin.py:188} INFO - [2025-03-17T11:03:48.689+0000] {dag.py:3823} INFO - Setting next_dagrun for 0_Examples_3_4_1_ETL_2 to 2024-01-01 00:00:00+00:00, run_after=2024-01-02 00:00:00+00:00
[2025-03-17T11:03:48.708+0000] {processor.py:183} INFO - Processing /opt/airflow/dags/exchangerate_api_work.py took 0.617 seconds
[2025-03-17T11:04:19.789+0000] {processor.py:161} INFO - Started process (PID=952) to work on /opt/airflow/dags/exchangerate_api_work.py
[2025-03-17T11:04:19.790+0000] {processor.py:830} INFO - Processing file /opt/airflow/dags/exchangerate_api_work.py for tasks to queue
[2025-03-17T11:04:19.791+0000] {logging_mixin.py:188} INFO - [2025-03-17T11:04:19.791+0000] {dagbag.py:538} INFO - Filling up the DagBag from /opt/airflow/dags/exchangerate_api_work.py
[2025-03-17T11:04:20.315+0000] {processor.py:840} INFO - DAG(s) '0_Examples_3_4_1_ETL_2' retrieved from /opt/airflow/dags/exchangerate_api_work.py
[2025-03-17T11:04:20.378+0000] {logging_mixin.py:188} INFO - [2025-03-17T11:04:20.378+0000] {dag.py:3036} INFO - Sync 1 DAGs
[2025-03-17T11:04:20.390+0000] {logging_mixin.py:188} INFO - [2025-03-17T11:04:20.390+0000] {dag.py:3823} INFO - Setting next_dagrun for 0_Examples_3_4_1_ETL_2 to 2024-01-01 00:00:00+00:00, run_after=2024-01-02 00:00:00+00:00
[2025-03-17T11:04:20.409+0000] {processor.py:183} INFO - Processing /opt/airflow/dags/exchangerate_api_work.py took 0.623 seconds
[2025-03-17T11:04:51.261+0000] {processor.py:161} INFO - Started process (PID=979) to work on /opt/airflow/dags/exchangerate_api_work.py
[2025-03-17T11:04:51.265+0000] {processor.py:830} INFO - Processing file /opt/airflow/dags/exchangerate_api_work.py for tasks to queue
[2025-03-17T11:04:51.267+0000] {logging_mixin.py:188} INFO - [2025-03-17T11:04:51.266+0000] {dagbag.py:538} INFO - Filling up the DagBag from /opt/airflow/dags/exchangerate_api_work.py
[2025-03-17T11:04:52.036+0000] {processor.py:840} INFO - DAG(s) '0_Examples_3_4_1_ETL_2' retrieved from /opt/airflow/dags/exchangerate_api_work.py
[2025-03-17T11:04:52.203+0000] {logging_mixin.py:188} INFO - [2025-03-17T11:04:52.201+0000] {dag.py:3036} INFO - Sync 1 DAGs
[2025-03-17T11:04:52.244+0000] {logging_mixin.py:188} INFO - [2025-03-17T11:04:52.243+0000] {dag.py:3823} INFO - Setting next_dagrun for 0_Examples_3_4_1_ETL_2 to 2024-01-01 00:00:00+00:00, run_after=2024-01-02 00:00:00+00:00
[2025-03-17T11:04:52.315+0000] {processor.py:183} INFO - Processing /opt/airflow/dags/exchangerate_api_work.py took 1.061 seconds
[2025-03-17T11:05:23.943+0000] {processor.py:161} INFO - Started process (PID=1004) to work on /opt/airflow/dags/exchangerate_api_work.py
[2025-03-17T11:05:23.944+0000] {processor.py:830} INFO - Processing file /opt/airflow/dags/exchangerate_api_work.py for tasks to queue
[2025-03-17T11:05:23.945+0000] {logging_mixin.py:188} INFO - [2025-03-17T11:05:23.945+0000] {dagbag.py:538} INFO - Filling up the DagBag from /opt/airflow/dags/exchangerate_api_work.py
[2025-03-17T11:05:24.546+0000] {processor.py:840} INFO - DAG(s) '0_Examples_3_4_1_ETL_2' retrieved from /opt/airflow/dags/exchangerate_api_work.py
[2025-03-17T11:05:24.618+0000] {logging_mixin.py:188} INFO - [2025-03-17T11:05:24.618+0000] {dag.py:3036} INFO - Sync 1 DAGs
[2025-03-17T11:05:24.632+0000] {logging_mixin.py:188} INFO - [2025-03-17T11:05:24.632+0000] {dag.py:3823} INFO - Setting next_dagrun for 0_Examples_3_4_1_ETL_2 to 2024-01-01 00:00:00+00:00, run_after=2024-01-02 00:00:00+00:00
[2025-03-17T11:05:24.652+0000] {processor.py:183} INFO - Processing /opt/airflow/dags/exchangerate_api_work.py took 0.713 seconds
[2025-03-17T11:05:55.426+0000] {processor.py:161} INFO - Started process (PID=1031) to work on /opt/airflow/dags/exchangerate_api_work.py
[2025-03-17T11:05:55.427+0000] {processor.py:830} INFO - Processing file /opt/airflow/dags/exchangerate_api_work.py for tasks to queue
[2025-03-17T11:05:55.428+0000] {logging_mixin.py:188} INFO - [2025-03-17T11:05:55.427+0000] {dagbag.py:538} INFO - Filling up the DagBag from /opt/airflow/dags/exchangerate_api_work.py
[2025-03-17T11:05:56.036+0000] {processor.py:840} INFO - DAG(s) '0_Examples_3_4_1_ETL_2' retrieved from /opt/airflow/dags/exchangerate_api_work.py
[2025-03-17T11:05:56.106+0000] {logging_mixin.py:188} INFO - [2025-03-17T11:05:56.106+0000] {dag.py:3036} INFO - Sync 1 DAGs
[2025-03-17T11:05:56.122+0000] {logging_mixin.py:188} INFO - [2025-03-17T11:05:56.122+0000] {dag.py:3823} INFO - Setting next_dagrun for 0_Examples_3_4_1_ETL_2 to 2024-01-01 00:00:00+00:00, run_after=2024-01-02 00:00:00+00:00
[2025-03-17T11:05:56.146+0000] {processor.py:183} INFO - Processing /opt/airflow/dags/exchangerate_api_work.py took 0.722 seconds
[2025-03-17T11:06:26.641+0000] {processor.py:161} INFO - Started process (PID=1056) to work on /opt/airflow/dags/exchangerate_api_work.py
[2025-03-17T11:06:26.642+0000] {processor.py:830} INFO - Processing file /opt/airflow/dags/exchangerate_api_work.py for tasks to queue
[2025-03-17T11:06:26.643+0000] {logging_mixin.py:188} INFO - [2025-03-17T11:06:26.643+0000] {dagbag.py:538} INFO - Filling up the DagBag from /opt/airflow/dags/exchangerate_api_work.py
[2025-03-17T11:06:27.252+0000] {processor.py:840} INFO - DAG(s) '0_Examples_3_4_1_ETL_2' retrieved from /opt/airflow/dags/exchangerate_api_work.py
[2025-03-17T11:06:27.329+0000] {logging_mixin.py:188} INFO - [2025-03-17T11:06:27.329+0000] {dag.py:3036} INFO - Sync 1 DAGs
[2025-03-17T11:06:27.342+0000] {logging_mixin.py:188} INFO - [2025-03-17T11:06:27.342+0000] {dag.py:3823} INFO - Setting next_dagrun for 0_Examples_3_4_1_ETL_2 to 2024-01-01 00:00:00+00:00, run_after=2024-01-02 00:00:00+00:00
[2025-03-17T11:06:27.366+0000] {processor.py:183} INFO - Processing /opt/airflow/dags/exchangerate_api_work.py took 0.728 seconds
[2025-03-17T11:06:57.519+0000] {processor.py:161} INFO - Started process (PID=1081) to work on /opt/airflow/dags/exchangerate_api_work.py
[2025-03-17T11:06:57.520+0000] {processor.py:830} INFO - Processing file /opt/airflow/dags/exchangerate_api_work.py for tasks to queue
[2025-03-17T11:06:57.521+0000] {logging_mixin.py:188} INFO - [2025-03-17T11:06:57.521+0000] {dagbag.py:538} INFO - Filling up the DagBag from /opt/airflow/dags/exchangerate_api_work.py
[2025-03-17T11:06:58.338+0000] {processor.py:840} INFO - DAG(s) '0_Examples_3_4_1_ETL_2' retrieved from /opt/airflow/dags/exchangerate_api_work.py
[2025-03-17T11:06:58.424+0000] {logging_mixin.py:188} INFO - [2025-03-17T11:06:58.424+0000] {dag.py:3036} INFO - Sync 1 DAGs
[2025-03-17T11:06:58.442+0000] {logging_mixin.py:188} INFO - [2025-03-17T11:06:58.442+0000] {dag.py:3823} INFO - Setting next_dagrun for 0_Examples_3_4_1_ETL_2 to 2024-01-01 00:00:00+00:00, run_after=2024-01-02 00:00:00+00:00
[2025-03-17T11:06:58.471+0000] {processor.py:183} INFO - Processing /opt/airflow/dags/exchangerate_api_work.py took 0.871 seconds
[2025-03-17T11:07:50.657+0000] {processor.py:161} INFO - Started process (PID=1224) to work on /opt/airflow/dags/exchangerate_api_work.py
[2025-03-17T11:07:50.658+0000] {processor.py:830} INFO - Processing file /opt/airflow/dags/exchangerate_api_work.py for tasks to queue
[2025-03-17T11:07:50.659+0000] {logging_mixin.py:188} INFO - [2025-03-17T11:07:50.659+0000] {dagbag.py:538} INFO - Filling up the DagBag from /opt/airflow/dags/exchangerate_api_work.py
[2025-03-17T11:07:51.256+0000] {processor.py:840} INFO - DAG(s) '0_Examples_3_4_1_ETL_2' retrieved from /opt/airflow/dags/exchangerate_api_work.py
[2025-03-17T11:07:51.346+0000] {logging_mixin.py:188} INFO - [2025-03-17T11:07:51.345+0000] {dag.py:3036} INFO - Sync 1 DAGs
[2025-03-17T11:07:51.378+0000] {logging_mixin.py:188} INFO - [2025-03-17T11:07:51.378+0000] {dag.py:3823} INFO - Setting next_dagrun for 0_Examples_3_4_1_ETL_2 to 2024-01-01 00:00:00+00:00, run_after=2024-01-02 00:00:00+00:00
[2025-03-17T11:07:51.430+0000] {processor.py:183} INFO - Processing /opt/airflow/dags/exchangerate_api_work.py took 0.776 seconds
[2025-03-17T11:09:08.903+0000] {processor.py:161} INFO - Started process (PID=1490) to work on /opt/airflow/dags/exchangerate_api_work.py
[2025-03-17T11:09:08.904+0000] {processor.py:830} INFO - Processing file /opt/airflow/dags/exchangerate_api_work.py for tasks to queue
[2025-03-17T11:09:08.905+0000] {logging_mixin.py:188} INFO - [2025-03-17T11:09:08.905+0000] {dagbag.py:538} INFO - Filling up the DagBag from /opt/airflow/dags/exchangerate_api_work.py
[2025-03-17T11:09:09.435+0000] {processor.py:840} INFO - DAG(s) '0_Examples_3_4_1_ETL_2' retrieved from /opt/airflow/dags/exchangerate_api_work.py
[2025-03-17T11:09:09.513+0000] {logging_mixin.py:188} INFO - [2025-03-17T11:09:09.512+0000] {dag.py:3036} INFO - Sync 1 DAGs
[2025-03-17T11:09:09.527+0000] {logging_mixin.py:188} INFO - [2025-03-17T11:09:09.527+0000] {dag.py:3823} INFO - Setting next_dagrun for 0_Examples_3_4_1_ETL_2 to 2024-01-01 00:00:00+00:00, run_after=2024-01-02 00:00:00+00:00
[2025-03-17T11:09:09.549+0000] {processor.py:183} INFO - Processing /opt/airflow/dags/exchangerate_api_work.py took 0.649 seconds
[2025-03-17T11:09:56.918+0000] {processor.py:161} INFO - Started process (PID=1677) to work on /opt/airflow/dags/exchangerate_api_work.py
[2025-03-17T11:09:56.919+0000] {processor.py:830} INFO - Processing file /opt/airflow/dags/exchangerate_api_work.py for tasks to queue
[2025-03-17T11:09:56.920+0000] {logging_mixin.py:188} INFO - [2025-03-17T11:09:56.920+0000] {dagbag.py:538} INFO - Filling up the DagBag from /opt/airflow/dags/exchangerate_api_work.py
[2025-03-17T11:09:57.482+0000] {processor.py:840} INFO - DAG(s) '0_Examples_3_4_1_ETL_2' retrieved from /opt/airflow/dags/exchangerate_api_work.py
[2025-03-17T11:09:57.560+0000] {logging_mixin.py:188} INFO - [2025-03-17T11:09:57.559+0000] {dag.py:3036} INFO - Sync 1 DAGs
[2025-03-17T11:09:57.577+0000] {logging_mixin.py:188} INFO - [2025-03-17T11:09:57.576+0000] {dag.py:3823} INFO - Setting next_dagrun for 0_Examples_3_4_1_ETL_2 to 2024-01-01 00:00:00+00:00, run_after=2024-01-02 00:00:00+00:00
[2025-03-17T11:09:57.599+0000] {processor.py:183} INFO - Processing /opt/airflow/dags/exchangerate_api_work.py took 0.684 seconds
[2025-03-17T11:10:33.836+0000] {processor.py:161} INFO - Started process (PID=1706) to work on /opt/airflow/dags/exchangerate_api_work.py
[2025-03-17T11:10:33.837+0000] {processor.py:830} INFO - Processing file /opt/airflow/dags/exchangerate_api_work.py for tasks to queue
[2025-03-17T11:10:33.838+0000] {logging_mixin.py:188} INFO - [2025-03-17T11:10:33.838+0000] {dagbag.py:538} INFO - Filling up the DagBag from /opt/airflow/dags/exchangerate_api_work.py
[2025-03-17T11:10:34.537+0000] {processor.py:840} INFO - DAG(s) '0_Examples_3_4_1_ETL_2' retrieved from /opt/airflow/dags/exchangerate_api_work.py
[2025-03-17T11:10:34.615+0000] {logging_mixin.py:188} INFO - [2025-03-17T11:10:34.614+0000] {dag.py:3036} INFO - Sync 1 DAGs
[2025-03-17T11:10:34.629+0000] {logging_mixin.py:188} INFO - [2025-03-17T11:10:34.629+0000] {dag.py:3823} INFO - Setting next_dagrun for 0_Examples_3_4_1_ETL_2 to 2024-01-01 00:00:00+00:00, run_after=2024-01-02 00:00:00+00:00
[2025-03-17T11:10:34.658+0000] {processor.py:183} INFO - Processing /opt/airflow/dags/exchangerate_api_work.py took 0.825 seconds
[2025-03-17T11:11:05.604+0000] {processor.py:161} INFO - Started process (PID=1731) to work on /opt/airflow/dags/exchangerate_api_work.py
[2025-03-17T11:11:05.605+0000] {processor.py:830} INFO - Processing file /opt/airflow/dags/exchangerate_api_work.py for tasks to queue
[2025-03-17T11:11:05.606+0000] {logging_mixin.py:188} INFO - [2025-03-17T11:11:05.605+0000] {dagbag.py:538} INFO - Filling up the DagBag from /opt/airflow/dags/exchangerate_api_work.py
[2025-03-17T11:11:06.203+0000] {processor.py:840} INFO - DAG(s) '0_Examples_3_4_1_ETL_2' retrieved from /opt/airflow/dags/exchangerate_api_work.py
[2025-03-17T11:11:06.273+0000] {logging_mixin.py:188} INFO - [2025-03-17T11:11:06.273+0000] {dag.py:3036} INFO - Sync 1 DAGs
[2025-03-17T11:11:06.288+0000] {logging_mixin.py:188} INFO - [2025-03-17T11:11:06.287+0000] {dag.py:3823} INFO - Setting next_dagrun for 0_Examples_3_4_1_ETL_2 to 2024-01-01 00:00:00+00:00, run_after=2024-01-02 00:00:00+00:00
[2025-03-17T11:11:06.315+0000] {processor.py:183} INFO - Processing /opt/airflow/dags/exchangerate_api_work.py took 0.714 seconds
[2025-03-17T11:11:37.225+0000] {processor.py:161} INFO - Started process (PID=1756) to work on /opt/airflow/dags/exchangerate_api_work.py
[2025-03-17T11:11:37.227+0000] {processor.py:830} INFO - Processing file /opt/airflow/dags/exchangerate_api_work.py for tasks to queue
[2025-03-17T11:11:37.228+0000] {logging_mixin.py:188} INFO - [2025-03-17T11:11:37.228+0000] {dagbag.py:538} INFO - Filling up the DagBag from /opt/airflow/dags/exchangerate_api_work.py
[2025-03-17T11:11:37.764+0000] {processor.py:840} INFO - DAG(s) '0_Examples_3_4_1_ETL_2' retrieved from /opt/airflow/dags/exchangerate_api_work.py
[2025-03-17T11:11:37.842+0000] {logging_mixin.py:188} INFO - [2025-03-17T11:11:37.842+0000] {dag.py:3036} INFO - Sync 1 DAGs
[2025-03-17T11:11:37.858+0000] {logging_mixin.py:188} INFO - [2025-03-17T11:11:37.858+0000] {dag.py:3823} INFO - Setting next_dagrun for 0_Examples_3_4_1_ETL_2 to 2024-01-01 00:00:00+00:00, run_after=2024-01-02 00:00:00+00:00
[2025-03-17T11:11:37.886+0000] {processor.py:183} INFO - Processing /opt/airflow/dags/exchangerate_api_work.py took 0.664 seconds
[2025-03-17T11:12:09.707+0000] {processor.py:161} INFO - Started process (PID=1781) to work on /opt/airflow/dags/exchangerate_api_work.py
[2025-03-17T11:12:09.708+0000] {processor.py:830} INFO - Processing file /opt/airflow/dags/exchangerate_api_work.py for tasks to queue
[2025-03-17T11:12:09.709+0000] {logging_mixin.py:188} INFO - [2025-03-17T11:12:09.709+0000] {dagbag.py:538} INFO - Filling up the DagBag from /opt/airflow/dags/exchangerate_api_work.py
[2025-03-17T11:12:10.250+0000] {processor.py:840} INFO - DAG(s) '0_Examples_3_4_1_ETL_2' retrieved from /opt/airflow/dags/exchangerate_api_work.py
[2025-03-17T11:12:10.328+0000] {logging_mixin.py:188} INFO - [2025-03-17T11:12:10.328+0000] {dag.py:3036} INFO - Sync 1 DAGs
[2025-03-17T11:12:10.344+0000] {logging_mixin.py:188} INFO - [2025-03-17T11:12:10.344+0000] {dag.py:3823} INFO - Setting next_dagrun for 0_Examples_3_4_1_ETL_2 to 2024-01-01 00:00:00+00:00, run_after=2024-01-02 00:00:00+00:00
[2025-03-17T11:12:10.378+0000] {processor.py:183} INFO - Processing /opt/airflow/dags/exchangerate_api_work.py took 0.673 seconds
