[2025-02-27T09:33:31.303+0000] {taskinstance.py:1956} INFO - Dependencies all met for dep_context=non-requeueable deps ti=<TaskInstance: 3_4_2_homework_assignment.extract_task scheduled__2024-01-08T00:00:00+00:00 [queued]>
[2025-02-27T09:33:31.308+0000] {taskinstance.py:1956} INFO - Dependencies all met for dep_context=requeueable deps ti=<TaskInstance: 3_4_2_homework_assignment.extract_task scheduled__2024-01-08T00:00:00+00:00 [queued]>
[2025-02-27T09:33:31.308+0000] {taskinstance.py:2170} INFO - Starting attempt 1 of 1
[2025-02-27T09:33:31.319+0000] {taskinstance.py:2191} INFO - Executing <Task(PythonOperator): extract_task> on 2024-01-08 00:00:00+00:00
[2025-02-27T09:33:31.323+0000] {standard_task_runner.py:60} INFO - Started process 408 to run task
[2025-02-27T09:33:31.325+0000] {standard_task_runner.py:87} INFO - Running: ['airflow', 'tasks', 'run', '3_4_2_homework_assignment', 'extract_task', 'scheduled__2024-01-08T00:00:00+00:00', '--job-id', '16', '--raw', '--subdir', 'DAGS_FOLDER/3_4_2_homework_assignment.py', '--cfg-path', '/tmp/tmpic73cpc8']
[2025-02-27T09:33:31.327+0000] {standard_task_runner.py:88} INFO - Job 16: Subtask extract_task
[2025-02-27T09:33:31.352+0000] {task_command.py:423} INFO - Running <TaskInstance: 3_4_2_homework_assignment.extract_task scheduled__2024-01-08T00:00:00+00:00 [running]> on host ea5964584459
[2025-02-27T09:33:31.392+0000] {taskinstance.py:2480} INFO - Exporting env vars: AIRFLOW_CTX_DAG_OWNER='airflow' AIRFLOW_CTX_DAG_ID='3_4_2_homework_assignment' AIRFLOW_CTX_TASK_ID='extract_task' AIRFLOW_CTX_EXECUTION_DATE='2024-01-08T00:00:00+00:00' AIRFLOW_CTX_TRY_NUMBER='1' AIRFLOW_CTX_DAG_RUN_ID='scheduled__2024-01-08T00:00:00+00:00'
[2025-02-27T09:33:32.044+0000] {python.py:201} INFO - Done. Returned value was: None
[2025-02-27T09:33:32.048+0000] {taskinstance.py:1138} INFO - Marking task as SUCCESS. dag_id=3_4_2_homework_assignment, task_id=extract_task, execution_date=20240108T000000, start_date=20250227T093331, end_date=20250227T093332
[2025-02-27T09:33:32.100+0000] {local_task_job_runner.py:234} INFO - Task exited with return code 0
[2025-02-27T09:35:43.810+0000] {taskinstance.py:1956} INFO - Dependencies all met for dep_context=non-requeueable deps ti=<TaskInstance: 3_4_2_homework_assignment.extract_task scheduled__2024-01-08T00:00:00+00:00 [queued]>
[2025-02-27T09:35:43.815+0000] {taskinstance.py:1956} INFO - Dependencies all met for dep_context=requeueable deps ti=<TaskInstance: 3_4_2_homework_assignment.extract_task scheduled__2024-01-08T00:00:00+00:00 [queued]>
[2025-02-27T09:35:43.815+0000] {taskinstance.py:2170} INFO - Starting attempt 1 of 1
[2025-02-27T09:35:43.829+0000] {taskinstance.py:2191} INFO - Executing <Task(PythonOperator): extract_task> on 2024-01-08 00:00:00+00:00
[2025-02-27T09:35:43.835+0000] {standard_task_runner.py:60} INFO - Started process 767 to run task
[2025-02-27T09:35:43.837+0000] {standard_task_runner.py:87} INFO - Running: ['airflow', 'tasks', 'run', '3_4_2_homework_assignment', 'extract_task', 'scheduled__2024-01-08T00:00:00+00:00', '--job-id', '16', '--raw', '--subdir', 'DAGS_FOLDER/3_4_2_homework_assignment.py', '--cfg-path', '/tmp/tmpmpde5xcy']
[2025-02-27T09:35:43.839+0000] {standard_task_runner.py:88} INFO - Job 16: Subtask extract_task
[2025-02-27T09:35:43.868+0000] {task_command.py:423} INFO - Running <TaskInstance: 3_4_2_homework_assignment.extract_task scheduled__2024-01-08T00:00:00+00:00 [running]> on host ea5964584459
[2025-02-27T09:35:43.926+0000] {taskinstance.py:2480} INFO - Exporting env vars: AIRFLOW_CTX_DAG_OWNER='airflow' AIRFLOW_CTX_DAG_ID='3_4_2_homework_assignment' AIRFLOW_CTX_TASK_ID='extract_task' AIRFLOW_CTX_EXECUTION_DATE='2024-01-08T00:00:00+00:00' AIRFLOW_CTX_TRY_NUMBER='1' AIRFLOW_CTX_DAG_RUN_ID='scheduled__2024-01-08T00:00:00+00:00'
[2025-02-27T09:35:44.609+0000] {python.py:201} INFO - Done. Returned value was: None
[2025-02-27T09:35:44.614+0000] {taskinstance.py:1138} INFO - Marking task as SUCCESS. dag_id=3_4_2_homework_assignment, task_id=extract_task, execution_date=20240108T000000, start_date=20250227T093543, end_date=20250227T093544
[2025-02-27T09:35:44.666+0000] {local_task_job_runner.py:234} INFO - Task exited with return code 0
[2025-02-27T09:40:40.217+0000] {taskinstance.py:1956} INFO - Dependencies all met for dep_context=non-requeueable deps ti=<TaskInstance: 3_4_2_homework_assignment.extract_task scheduled__2024-01-08T00:00:00+00:00 [queued]>
[2025-02-27T09:40:40.222+0000] {taskinstance.py:1956} INFO - Dependencies all met for dep_context=requeueable deps ti=<TaskInstance: 3_4_2_homework_assignment.extract_task scheduled__2024-01-08T00:00:00+00:00 [queued]>
[2025-02-27T09:40:40.222+0000] {taskinstance.py:2170} INFO - Starting attempt 1 of 1
[2025-02-27T09:40:40.232+0000] {taskinstance.py:2191} INFO - Executing <Task(PythonOperator): extract_task> on 2024-01-08 00:00:00+00:00
[2025-02-27T09:40:40.237+0000] {standard_task_runner.py:60} INFO - Started process 1170 to run task
[2025-02-27T09:40:40.239+0000] {standard_task_runner.py:87} INFO - Running: ['airflow', 'tasks', 'run', '3_4_2_homework_assignment', 'extract_task', 'scheduled__2024-01-08T00:00:00+00:00', '--job-id', '16', '--raw', '--subdir', 'DAGS_FOLDER/3_4_2_homework_assignment.py', '--cfg-path', '/tmp/tmpffr4ixp5']
[2025-02-27T09:40:40.240+0000] {standard_task_runner.py:88} INFO - Job 16: Subtask extract_task
[2025-02-27T09:40:40.265+0000] {task_command.py:423} INFO - Running <TaskInstance: 3_4_2_homework_assignment.extract_task scheduled__2024-01-08T00:00:00+00:00 [running]> on host ea5964584459
[2025-02-27T09:40:40.307+0000] {taskinstance.py:2480} INFO - Exporting env vars: AIRFLOW_CTX_DAG_OWNER='airflow' AIRFLOW_CTX_DAG_ID='3_4_2_homework_assignment' AIRFLOW_CTX_TASK_ID='extract_task' AIRFLOW_CTX_EXECUTION_DATE='2024-01-08T00:00:00+00:00' AIRFLOW_CTX_TRY_NUMBER='1' AIRFLOW_CTX_DAG_RUN_ID='scheduled__2024-01-08T00:00:00+00:00'
[2025-02-27T09:40:40.947+0000] {python.py:201} INFO - Done. Returned value was: None
[2025-02-27T09:40:40.951+0000] {taskinstance.py:1138} INFO - Marking task as SUCCESS. dag_id=3_4_2_homework_assignment, task_id=extract_task, execution_date=20240108T000000, start_date=20250227T094040, end_date=20250227T094040
[2025-02-27T09:40:40.986+0000] {local_task_job_runner.py:234} INFO - Task exited with return code 0
[2025-02-27T09:51:00.246+0000] {taskinstance.py:1956} INFO - Dependencies all met for dep_context=non-requeueable deps ti=<TaskInstance: 3_4_2_homework_assignment.extract_task scheduled__2024-01-08T00:00:00+00:00 [queued]>
[2025-02-27T09:51:00.251+0000] {taskinstance.py:1956} INFO - Dependencies all met for dep_context=requeueable deps ti=<TaskInstance: 3_4_2_homework_assignment.extract_task scheduled__2024-01-08T00:00:00+00:00 [queued]>
[2025-02-27T09:51:00.251+0000] {taskinstance.py:2170} INFO - Starting attempt 1 of 1
[2025-02-27T09:51:00.261+0000] {taskinstance.py:2191} INFO - Executing <Task(PythonOperator): extract_task> on 2024-01-08 00:00:00+00:00
[2025-02-27T09:51:00.266+0000] {standard_task_runner.py:60} INFO - Started process 2449 to run task
[2025-02-27T09:51:00.268+0000] {standard_task_runner.py:87} INFO - Running: ['airflow', 'tasks', 'run', '3_4_2_homework_assignment', 'extract_task', 'scheduled__2024-01-08T00:00:00+00:00', '--job-id', '23', '--raw', '--subdir', 'DAGS_FOLDER/3_4_2_homework_assignment.py', '--cfg-path', '/tmp/tmpb4z3_5fl']
[2025-02-27T09:51:00.269+0000] {standard_task_runner.py:88} INFO - Job 23: Subtask extract_task
[2025-02-27T09:51:00.292+0000] {task_command.py:423} INFO - Running <TaskInstance: 3_4_2_homework_assignment.extract_task scheduled__2024-01-08T00:00:00+00:00 [running]> on host ea5964584459
[2025-02-27T09:51:00.331+0000] {taskinstance.py:2480} INFO - Exporting env vars: AIRFLOW_CTX_DAG_OWNER='airflow' AIRFLOW_CTX_DAG_ID='3_4_2_homework_assignment' AIRFLOW_CTX_TASK_ID='extract_task' AIRFLOW_CTX_EXECUTION_DATE='2024-01-08T00:00:00+00:00' AIRFLOW_CTX_TRY_NUMBER='1' AIRFLOW_CTX_DAG_RUN_ID='scheduled__2024-01-08T00:00:00+00:00'
[2025-02-27T09:51:00.332+0000] {logging_mixin.py:188} INFO - https://api.exchangerate.host/timeframe?access_key=None&source=USD&start_date={{ds}}&end_date={{ds}}
[2025-02-27T09:51:01.095+0000] {logging_mixin.py:188} INFO - Ответ API: {
  "success": false,
  "error": {
    "code": 101,
    "type": "invalid_access_key",
    "info": "You have not supplied a valid API Access Key. [Technical Support: support@apilayer.com]"
  }
}
[2025-02-27T09:51:01.097+0000] {python.py:201} INFO - Done. Returned value was: None
[2025-02-27T09:51:01.100+0000] {taskinstance.py:1138} INFO - Marking task as SUCCESS. dag_id=3_4_2_homework_assignment, task_id=extract_task, execution_date=20240108T000000, start_date=20250227T095100, end_date=20250227T095101
[2025-02-27T09:51:01.126+0000] {local_task_job_runner.py:234} INFO - Task exited with return code 0
[2025-02-27T09:51:01.136+0000] {taskinstance.py:3280} INFO - 0 downstream tasks scheduled from follow-on schedule check
[2025-02-27T09:55:19.768+0000] {taskinstance.py:1956} INFO - Dependencies all met for dep_context=non-requeueable deps ti=<TaskInstance: 3_4_2_homework_assignment.extract_task scheduled__2024-01-08T00:00:00+00:00 [queued]>
[2025-02-27T09:55:19.773+0000] {taskinstance.py:1956} INFO - Dependencies all met for dep_context=requeueable deps ti=<TaskInstance: 3_4_2_homework_assignment.extract_task scheduled__2024-01-08T00:00:00+00:00 [queued]>
[2025-02-27T09:55:19.773+0000] {taskinstance.py:2170} INFO - Starting attempt 1 of 1
[2025-02-27T09:55:19.783+0000] {taskinstance.py:2191} INFO - Executing <Task(PythonOperator): extract_task> on 2024-01-08 00:00:00+00:00
[2025-02-27T09:55:19.788+0000] {standard_task_runner.py:60} INFO - Started process 3029 to run task
[2025-02-27T09:55:19.790+0000] {standard_task_runner.py:87} INFO - Running: ['airflow', 'tasks', 'run', '3_4_2_homework_assignment', 'extract_task', 'scheduled__2024-01-08T00:00:00+00:00', '--job-id', '23', '--raw', '--subdir', 'DAGS_FOLDER/3_4_2_homework_assignment.py', '--cfg-path', '/tmp/tmpiufbnq9u']
[2025-02-27T09:55:19.791+0000] {standard_task_runner.py:88} INFO - Job 23: Subtask extract_task
[2025-02-27T09:55:19.821+0000] {task_command.py:423} INFO - Running <TaskInstance: 3_4_2_homework_assignment.extract_task scheduled__2024-01-08T00:00:00+00:00 [running]> on host ea5964584459
[2025-02-27T09:55:19.870+0000] {taskinstance.py:2480} INFO - Exporting env vars: AIRFLOW_CTX_DAG_OWNER='airflow' AIRFLOW_CTX_DAG_ID='3_4_2_homework_assignment' AIRFLOW_CTX_TASK_ID='extract_task' AIRFLOW_CTX_EXECUTION_DATE='2024-01-08T00:00:00+00:00' AIRFLOW_CTX_TRY_NUMBER='1' AIRFLOW_CTX_DAG_RUN_ID='scheduled__2024-01-08T00:00:00+00:00'
[2025-02-27T09:55:19.871+0000] {3_4_2_homework_assignment.py:41} INFO - https://api.exchangerate.host/timeframe?access_key=None&source=USD&start_date={{ds}}&end_date={{ds}}
[2025-02-27T09:55:20.469+0000] {logging_mixin.py:188} INFO - Ответ API: {
  "success": false,
  "error": {
    "code": 101,
    "type": "invalid_access_key",
    "info": "You have not supplied a valid API Access Key. [Technical Support: support@apilayer.com]"
  }
}
[2025-02-27T09:55:20.470+0000] {python.py:201} INFO - Done. Returned value was: None
[2025-02-27T09:55:20.475+0000] {taskinstance.py:1138} INFO - Marking task as SUCCESS. dag_id=3_4_2_homework_assignment, task_id=extract_task, execution_date=20240108T000000, start_date=20250227T095519, end_date=20250227T095520
[2025-02-27T09:55:20.529+0000] {local_task_job_runner.py:234} INFO - Task exited with return code 0
[2025-02-27T09:55:20.537+0000] {taskinstance.py:3280} INFO - 0 downstream tasks scheduled from follow-on schedule check
[2025-02-27T10:07:11.404+0000] {taskinstance.py:1956} INFO - Dependencies all met for dep_context=non-requeueable deps ti=<TaskInstance: 3_4_2_homework_assignment.extract_task scheduled__2024-01-08T00:00:00+00:00 [queued]>
[2025-02-27T10:07:11.408+0000] {taskinstance.py:1956} INFO - Dependencies all met for dep_context=requeueable deps ti=<TaskInstance: 3_4_2_homework_assignment.extract_task scheduled__2024-01-08T00:00:00+00:00 [queued]>
[2025-02-27T10:07:11.409+0000] {taskinstance.py:2170} INFO - Starting attempt 1 of 1
[2025-02-27T10:07:11.420+0000] {taskinstance.py:2191} INFO - Executing <Task(PythonOperator): extract_task> on 2024-01-08 00:00:00+00:00
[2025-02-27T10:07:11.425+0000] {standard_task_runner.py:60} INFO - Started process 3671 to run task
[2025-02-27T10:07:11.427+0000] {standard_task_runner.py:87} INFO - Running: ['airflow', 'tasks', 'run', '3_4_2_homework_assignment', 'extract_task', 'scheduled__2024-01-08T00:00:00+00:00', '--job-id', '23', '--raw', '--subdir', 'DAGS_FOLDER/3_4_2_homework_assignment.py', '--cfg-path', '/tmp/tmpowzukfmx']
[2025-02-27T10:07:11.428+0000] {standard_task_runner.py:88} INFO - Job 23: Subtask extract_task
[2025-02-27T10:07:11.454+0000] {task_command.py:423} INFO - Running <TaskInstance: 3_4_2_homework_assignment.extract_task scheduled__2024-01-08T00:00:00+00:00 [running]> on host ea5964584459
[2025-02-27T10:07:11.503+0000] {taskinstance.py:2480} INFO - Exporting env vars: AIRFLOW_CTX_DAG_OWNER='airflow' AIRFLOW_CTX_DAG_ID='3_4_2_homework_assignment' AIRFLOW_CTX_TASK_ID='extract_task' AIRFLOW_CTX_EXECUTION_DATE='2024-01-08T00:00:00+00:00' AIRFLOW_CTX_TRY_NUMBER='1' AIRFLOW_CTX_DAG_RUN_ID='scheduled__2024-01-08T00:00:00+00:00'
[2025-02-27T10:07:12.138+0000] {logging_mixin.py:188} INFO - Ответ API: {
  "success": false,
  "error": {
    "code": 101,
    "type": "invalid_access_key",
    "info": "You have not supplied a valid API Access Key. [Technical Support: support@apilayer.com]"
  }
}
[2025-02-27T10:07:12.140+0000] {python.py:201} INFO - Done. Returned value was: None
[2025-02-27T10:07:12.144+0000] {taskinstance.py:1138} INFO - Marking task as SUCCESS. dag_id=3_4_2_homework_assignment, task_id=extract_task, execution_date=20240108T000000, start_date=20250227T100711, end_date=20250227T100712
[2025-02-27T10:07:12.163+0000] {local_task_job_runner.py:234} INFO - Task exited with return code 0
[2025-02-27T10:07:12.172+0000] {taskinstance.py:3280} INFO - 0 downstream tasks scheduled from follow-on schedule check
[2025-02-27T10:14:49.184+0000] {taskinstance.py:1956} INFO - Dependencies all met for dep_context=non-requeueable deps ti=<TaskInstance: 3_4_2_homework_assignment.extract_task scheduled__2024-01-08T00:00:00+00:00 [queued]>
[2025-02-27T10:14:49.189+0000] {taskinstance.py:1956} INFO - Dependencies all met for dep_context=requeueable deps ti=<TaskInstance: 3_4_2_homework_assignment.extract_task scheduled__2024-01-08T00:00:00+00:00 [queued]>
[2025-02-27T10:14:49.189+0000] {taskinstance.py:2170} INFO - Starting attempt 1 of 1
[2025-02-27T10:14:49.199+0000] {taskinstance.py:2191} INFO - Executing <Task(PythonOperator): extract_task> on 2024-01-08 00:00:00+00:00
[2025-02-27T10:14:49.204+0000] {standard_task_runner.py:60} INFO - Started process 4566 to run task
[2025-02-27T10:14:49.206+0000] {standard_task_runner.py:87} INFO - Running: ['airflow', 'tasks', 'run', '3_4_2_homework_assignment', 'extract_task', 'scheduled__2024-01-08T00:00:00+00:00', '--job-id', '23', '--raw', '--subdir', 'DAGS_FOLDER/3_4_2_homework_assignment.py', '--cfg-path', '/tmp/tmpx31c3ph8']
[2025-02-27T10:14:49.207+0000] {standard_task_runner.py:88} INFO - Job 23: Subtask extract_task
[2025-02-27T10:14:49.231+0000] {task_command.py:423} INFO - Running <TaskInstance: 3_4_2_homework_assignment.extract_task scheduled__2024-01-08T00:00:00+00:00 [running]> on host ea5964584459
[2025-02-27T10:14:49.270+0000] {taskinstance.py:2480} INFO - Exporting env vars: AIRFLOW_CTX_DAG_OWNER='airflow' AIRFLOW_CTX_DAG_ID='3_4_2_homework_assignment' AIRFLOW_CTX_TASK_ID='extract_task' AIRFLOW_CTX_EXECUTION_DATE='2024-01-08T00:00:00+00:00' AIRFLOW_CTX_TRY_NUMBER='1' AIRFLOW_CTX_DAG_RUN_ID='scheduled__2024-01-08T00:00:00+00:00'
[2025-02-27T10:14:49.271+0000] {3_4_2_homework_assignment.py:41} INFO - https://api.exchangerate.host/timeframe?access_key=422bab0c9e08a5476912061877017b8d&source=USD&start_date=2024-01-08&end_date=2024-01-08
[2025-02-27T10:14:49.944+0000] {logging_mixin.py:188} INFO - Ответ API: {"success":true,"terms":"https:\/\/currencylayer.com\/terms","privacy":"https:\/\/currencylayer.com\/privacy","timeframe":true,"start_date":"2024-01-08","end_date":"2024-01-08","source":"USD","quotes":{"2024-01-08":{"USDAED":3.672898,"USDAFN":70.499723,"USDALL":95.364983,"USDAMD":404.250848,"USDANG":1.80131,"USDAOA":830.499117,"USDARS":813.861187,"USDAUD":1.488538,"USDAWG":1.8025,"USDAZN":1.696433,"USDBAM":1.787147,"USDBBD":2.018056,"USDBDT":109.688679,"USDBGN":1.786197,"USDBHD":0.376974,"USDBIF":2859,"USDBMD":1,"USDBND":1.330537,"USDBOB":6.906257,"USDBRL":4.870501,"USDBSD":0.999479,"USDBTC":2.1289252e-5,"USDBTN":83.102059,"USDBWP":13.542952,"USDBYN":3.300895,"USDBYR":19600,"USDBZD":2.014675,"USDCAD":1.33515,"USDCDF":2685.000073,"USDCHF":0.848101,"USDCLF":0.032762,"USDCLP":903.999743,"USDCNY":7.095756,"USDCOP":3884.5,"USDCRC":519.385583,"USDCUC":1,"USDCUP":26.5,"USDCVE":100.99988,"USDCZK":22.4012,"USDDJF":177.719695,"USDDKK":6.8111,"USDDOP":58.65008,"USDDZD":134.499292,"USDEGP":30.900108,"USDERN":15,"USDETB":56.375054,"USDEUR":0.913202,"USDFJD":2.235197,"USDFKP":0.786193,"USDGBP":0.784715,"USDGEL":2.685011,"USDGGP":0.786193,"USDGHS":11.950333,"USDGIP":0.786193,"USDGMD":67.275028,"USDGNF":8549.999723,"USDGTQ":7.818197,"USDGYD":209.106609,"USDHKD":7.806598,"USDHNL":24.740158,"USDHRK":6.98177,"USDHTG":131.701344,"USDHUF":344.969815,"USDIDR":15507,"USDILS":3.70825,"USDIMP":0.786193,"USDINR":83.05095,"USDIQD":1310,"USDIRR":42037.501917,"USDISK":137.629908,"USDJEP":0.786193,"USDJMD":154.326233,"USDJOD":0.709402,"USDJPY":144.234501,"USDKES":157.750036,"USDKGS":89.071501,"USDKHR":4100.000351,"USDKMF":449.50572,"USDKPW":900,"USDKRW":1312.195022,"USDKWD":0.307403,"USDKYD":0.832899,"USDKZT":453.566892,"USDLAK":20630.00014,"USDLBP":15007.989773,"USDLKR":322.496048,"USDLRD":188.824961,"USDLSL":18.596327,"USDLTL":2.95274,"USDLVL":0.60489,"USDLYD":4.796617,"USDMAD":9.931497,"USDMDL":17.481291,"USDMGA":4604.99993,"USDMKD":56.178339,"USDMMK":2098.924495,"USDMNT":3412.040713,"USDMOP":8.03741,"USDMRU":39.649527,"USDMUR":44.951824,"USDMVR":15.410094,"USDMWK":1683.000044,"USDMXN":16.836198,"USDMYR":4.651505,"USDMZN":63.24995,"USDNAD":18.594895,"USDNGN":884.806502,"USDNIO":36.750401,"USDNOK":10.36499,"USDNPR":132.963257,"USDNZD":1.59968,"USDOMR":0.384942,"USDPAB":0.999479,"USDPEN":3.715943,"USDPGK":3.73155,"USDPHP":55.74973,"USDPKR":281.350167,"USDPLN":3.957498,"USDPYG":7250.747005,"USDQAR":3.641498,"USDRON":4.5406,"USDRSD":107.06197,"USDRUB":90.901592,"USDRWF":1267.5,"USDSAR":3.750105,"USDSBD":8.453689,"USDSCR":13.449376,"USDSDG":601.00022,"USDSEK":10.227435,"USDSGD":1.32871,"USDSHP":1.275398,"USDSLE":22.699975,"USDSLL":19750.000184,"USDSOS":571.000256,"USDSRD":36.617999,"USDSTD":20697.981008,"USDSYP":13001.855695,"USDSZL":18.598512,"USDTHB":34.950058,"USDTJS":10.949313,"USDTMT":3.51,"USDTND":3.094021,"USDTOP":2.34485,"USDTRY":29.918894,"USDTTD":6.783812,"USDTWD":30.729939,"USDTZS":2515.000258,"USDUAH":38.230215,"USDUGX":3807.670166,"USDUYU":39.218911,"USDUZS":12394.999947,"USDVEF":3593614.700107,"USDVES":35.893617,"USDVND":24345,"USDVUV":117.980112,"USDWST":2.682403,"USDXAF":599.392344,"USDXAG":0.04324,"USDXAU":0.000492,"USDXCD":2.70255,"USDXDR":0.748924,"USDXOF":598.496053,"USDXPF":109.397792,"USDYER":250.350502,"USDZAR":18.579197,"USDZMK":9001.197406,"USDZMW":25.941866,"USDZWL":321.999592}}}
[2025-02-27T10:14:49.945+0000] {python.py:201} INFO - Done. Returned value was: None
[2025-02-27T10:14:49.949+0000] {taskinstance.py:1138} INFO - Marking task as SUCCESS. dag_id=3_4_2_homework_assignment, task_id=extract_task, execution_date=20240108T000000, start_date=20250227T101449, end_date=20250227T101449
[2025-02-27T10:14:50.000+0000] {local_task_job_runner.py:234} INFO - Task exited with return code 0
[2025-02-27T10:14:50.008+0000] {taskinstance.py:3280} INFO - 0 downstream tasks scheduled from follow-on schedule check
[2025-02-27T10:20:06.303+0000] {taskinstance.py:1956} INFO - Dependencies all met for dep_context=non-requeueable deps ti=<TaskInstance: 3_4_2_homework_assignment.extract_task scheduled__2024-01-08T00:00:00+00:00 [queued]>
[2025-02-27T10:20:06.308+0000] {taskinstance.py:1956} INFO - Dependencies all met for dep_context=requeueable deps ti=<TaskInstance: 3_4_2_homework_assignment.extract_task scheduled__2024-01-08T00:00:00+00:00 [queued]>
[2025-02-27T10:20:06.309+0000] {taskinstance.py:2170} INFO - Starting attempt 1 of 1
[2025-02-27T10:20:06.323+0000] {taskinstance.py:2191} INFO - Executing <Task(PythonOperator): extract_task> on 2024-01-08 00:00:00+00:00
[2025-02-27T10:20:06.329+0000] {standard_task_runner.py:60} INFO - Started process 5159 to run task
[2025-02-27T10:20:06.332+0000] {standard_task_runner.py:87} INFO - Running: ['airflow', 'tasks', 'run', '3_4_2_homework_assignment', 'extract_task', 'scheduled__2024-01-08T00:00:00+00:00', '--job-id', '23', '--raw', '--subdir', 'DAGS_FOLDER/3_4_2_homework_assignment.py', '--cfg-path', '/tmp/tmpq60ec0e7']
[2025-02-27T10:20:06.333+0000] {standard_task_runner.py:88} INFO - Job 23: Subtask extract_task
[2025-02-27T10:20:06.364+0000] {task_command.py:423} INFO - Running <TaskInstance: 3_4_2_homework_assignment.extract_task scheduled__2024-01-08T00:00:00+00:00 [running]> on host ea5964584459
[2025-02-27T10:20:06.414+0000] {taskinstance.py:2480} INFO - Exporting env vars: AIRFLOW_CTX_DAG_OWNER='airflow' AIRFLOW_CTX_DAG_ID='3_4_2_homework_assignment' AIRFLOW_CTX_TASK_ID='extract_task' AIRFLOW_CTX_EXECUTION_DATE='2024-01-08T00:00:00+00:00' AIRFLOW_CTX_TRY_NUMBER='1' AIRFLOW_CTX_DAG_RUN_ID='scheduled__2024-01-08T00:00:00+00:00'
[2025-02-27T10:20:06.415+0000] {3_4_2_homework_assignment.py:40} INFO - https://api.exchangerate.host/timeframe?access_key=422bab0c9e08a5476912061877017b8d&source=USD&start_date=2024-01-08&end_date=2024-01-08
[2025-02-27T10:20:07.033+0000] {logging_mixin.py:188} INFO - Ответ API: {"success":true,"terms":"https:\/\/currencylayer.com\/terms","privacy":"https:\/\/currencylayer.com\/privacy","timeframe":true,"start_date":"2024-01-08","end_date":"2024-01-08","source":"USD","quotes":{"2024-01-08":{"USDAED":3.672898,"USDAFN":70.499723,"USDALL":95.364983,"USDAMD":404.250848,"USDANG":1.80131,"USDAOA":830.499117,"USDARS":813.861187,"USDAUD":1.488538,"USDAWG":1.8025,"USDAZN":1.696433,"USDBAM":1.787147,"USDBBD":2.018056,"USDBDT":109.688679,"USDBGN":1.786197,"USDBHD":0.376974,"USDBIF":2859,"USDBMD":1,"USDBND":1.330537,"USDBOB":6.906257,"USDBRL":4.870501,"USDBSD":0.999479,"USDBTC":2.1289252e-5,"USDBTN":83.102059,"USDBWP":13.542952,"USDBYN":3.300895,"USDBYR":19600,"USDBZD":2.014675,"USDCAD":1.33515,"USDCDF":2685.000073,"USDCHF":0.848101,"USDCLF":0.032762,"USDCLP":903.999743,"USDCNY":7.095756,"USDCOP":3884.5,"USDCRC":519.385583,"USDCUC":1,"USDCUP":26.5,"USDCVE":100.99988,"USDCZK":22.4012,"USDDJF":177.719695,"USDDKK":6.8111,"USDDOP":58.65008,"USDDZD":134.499292,"USDEGP":30.900108,"USDERN":15,"USDETB":56.375054,"USDEUR":0.913202,"USDFJD":2.235197,"USDFKP":0.786193,"USDGBP":0.784715,"USDGEL":2.685011,"USDGGP":0.786193,"USDGHS":11.950333,"USDGIP":0.786193,"USDGMD":67.275028,"USDGNF":8549.999723,"USDGTQ":7.818197,"USDGYD":209.106609,"USDHKD":7.806598,"USDHNL":24.740158,"USDHRK":6.98177,"USDHTG":131.701344,"USDHUF":344.969815,"USDIDR":15507,"USDILS":3.70825,"USDIMP":0.786193,"USDINR":83.05095,"USDIQD":1310,"USDIRR":42037.501917,"USDISK":137.629908,"USDJEP":0.786193,"USDJMD":154.326233,"USDJOD":0.709402,"USDJPY":144.234501,"USDKES":157.750036,"USDKGS":89.071501,"USDKHR":4100.000351,"USDKMF":449.50572,"USDKPW":900,"USDKRW":1312.195022,"USDKWD":0.307403,"USDKYD":0.832899,"USDKZT":453.566892,"USDLAK":20630.00014,"USDLBP":15007.989773,"USDLKR":322.496048,"USDLRD":188.824961,"USDLSL":18.596327,"USDLTL":2.95274,"USDLVL":0.60489,"USDLYD":4.796617,"USDMAD":9.931497,"USDMDL":17.481291,"USDMGA":4604.99993,"USDMKD":56.178339,"USDMMK":2098.924495,"USDMNT":3412.040713,"USDMOP":8.03741,"USDMRU":39.649527,"USDMUR":44.951824,"USDMVR":15.410094,"USDMWK":1683.000044,"USDMXN":16.836198,"USDMYR":4.651505,"USDMZN":63.24995,"USDNAD":18.594895,"USDNGN":884.806502,"USDNIO":36.750401,"USDNOK":10.36499,"USDNPR":132.963257,"USDNZD":1.59968,"USDOMR":0.384942,"USDPAB":0.999479,"USDPEN":3.715943,"USDPGK":3.73155,"USDPHP":55.74973,"USDPKR":281.350167,"USDPLN":3.957498,"USDPYG":7250.747005,"USDQAR":3.641498,"USDRON":4.5406,"USDRSD":107.06197,"USDRUB":90.901592,"USDRWF":1267.5,"USDSAR":3.750105,"USDSBD":8.453689,"USDSCR":13.449376,"USDSDG":601.00022,"USDSEK":10.227435,"USDSGD":1.32871,"USDSHP":1.275398,"USDSLE":22.699975,"USDSLL":19750.000184,"USDSOS":571.000256,"USDSRD":36.617999,"USDSTD":20697.981008,"USDSYP":13001.855695,"USDSZL":18.598512,"USDTHB":34.950058,"USDTJS":10.949313,"USDTMT":3.51,"USDTND":3.094021,"USDTOP":2.34485,"USDTRY":29.918894,"USDTTD":6.783812,"USDTWD":30.729939,"USDTZS":2515.000258,"USDUAH":38.230215,"USDUGX":3807.670166,"USDUYU":39.218911,"USDUZS":12394.999947,"USDVEF":3593614.700107,"USDVES":35.893617,"USDVND":24345,"USDVUV":117.980112,"USDWST":2.682403,"USDXAF":599.392344,"USDXAG":0.04324,"USDXAU":0.000492,"USDXCD":2.70255,"USDXDR":0.748924,"USDXOF":598.496053,"USDXPF":109.397792,"USDYER":250.350502,"USDZAR":18.579197,"USDZMK":9001.197406,"USDZMW":25.941866,"USDZWL":321.999592}}}
[2025-02-27T10:20:07.035+0000] {python.py:201} INFO - Done. Returned value was: None
[2025-02-27T10:20:07.040+0000] {taskinstance.py:1138} INFO - Marking task as SUCCESS. dag_id=3_4_2_homework_assignment, task_id=extract_task, execution_date=20240108T000000, start_date=20250227T102006, end_date=20250227T102007
[2025-02-27T10:20:07.069+0000] {local_task_job_runner.py:234} INFO - Task exited with return code 0
[2025-02-27T10:27:29.565+0000] {taskinstance.py:1956} INFO - Dependencies all met for dep_context=non-requeueable deps ti=<TaskInstance: 3_4_2_homework_assignment.extract_task scheduled__2024-01-08T00:00:00+00:00 [queued]>
[2025-02-27T10:27:29.570+0000] {taskinstance.py:1956} INFO - Dependencies all met for dep_context=requeueable deps ti=<TaskInstance: 3_4_2_homework_assignment.extract_task scheduled__2024-01-08T00:00:00+00:00 [queued]>
[2025-02-27T10:27:29.570+0000] {taskinstance.py:2170} INFO - Starting attempt 1 of 1
[2025-02-27T10:27:29.581+0000] {taskinstance.py:2191} INFO - Executing <Task(PythonOperator): extract_task> on 2024-01-08 00:00:00+00:00
[2025-02-27T10:27:29.586+0000] {standard_task_runner.py:60} INFO - Started process 5901 to run task
[2025-02-27T10:27:29.588+0000] {standard_task_runner.py:87} INFO - Running: ['airflow', 'tasks', 'run', '3_4_2_homework_assignment', 'extract_task', 'scheduled__2024-01-08T00:00:00+00:00', '--job-id', '23', '--raw', '--subdir', 'DAGS_FOLDER/3_4_2_homework_assignment.py', '--cfg-path', '/tmp/tmpge9__w3j']
[2025-02-27T10:27:29.589+0000] {standard_task_runner.py:88} INFO - Job 23: Subtask extract_task
[2025-02-27T10:27:29.614+0000] {task_command.py:423} INFO - Running <TaskInstance: 3_4_2_homework_assignment.extract_task scheduled__2024-01-08T00:00:00+00:00 [running]> on host ea5964584459
[2025-02-27T10:27:29.653+0000] {taskinstance.py:2480} INFO - Exporting env vars: AIRFLOW_CTX_DAG_OWNER='airflow' AIRFLOW_CTX_DAG_ID='3_4_2_homework_assignment' AIRFLOW_CTX_TASK_ID='extract_task' AIRFLOW_CTX_EXECUTION_DATE='2024-01-08T00:00:00+00:00' AIRFLOW_CTX_TRY_NUMBER='1' AIRFLOW_CTX_DAG_RUN_ID='scheduled__2024-01-08T00:00:00+00:00'
[2025-02-27T10:27:29.653+0000] {3_4_2_homework_assignment.py:40} INFO - https://api.exchangerate.host/timeframe?access_key=422bab0c9e08a5476912061877017b8d&source=USD&start_date=2024-01-08&end_date=2024-01-08
[2025-02-27T10:27:30.292+0000] {logging_mixin.py:188} INFO - Ответ API: {"success":true,"terms":"https:\/\/currencylayer.com\/terms","privacy":"https:\/\/currencylayer.com\/privacy","timeframe":true,"start_date":"2024-01-08","end_date":"2024-01-08","source":"USD","quotes":{"2024-01-08":{"USDAED":3.672898,"USDAFN":70.499723,"USDALL":95.364983,"USDAMD":404.250848,"USDANG":1.80131,"USDAOA":830.499117,"USDARS":813.861187,"USDAUD":1.488538,"USDAWG":1.8025,"USDAZN":1.696433,"USDBAM":1.787147,"USDBBD":2.018056,"USDBDT":109.688679,"USDBGN":1.786197,"USDBHD":0.376974,"USDBIF":2859,"USDBMD":1,"USDBND":1.330537,"USDBOB":6.906257,"USDBRL":4.870501,"USDBSD":0.999479,"USDBTC":2.1289252e-5,"USDBTN":83.102059,"USDBWP":13.542952,"USDBYN":3.300895,"USDBYR":19600,"USDBZD":2.014675,"USDCAD":1.33515,"USDCDF":2685.000073,"USDCHF":0.848101,"USDCLF":0.032762,"USDCLP":903.999743,"USDCNY":7.095756,"USDCOP":3884.5,"USDCRC":519.385583,"USDCUC":1,"USDCUP":26.5,"USDCVE":100.99988,"USDCZK":22.4012,"USDDJF":177.719695,"USDDKK":6.8111,"USDDOP":58.65008,"USDDZD":134.499292,"USDEGP":30.900108,"USDERN":15,"USDETB":56.375054,"USDEUR":0.913202,"USDFJD":2.235197,"USDFKP":0.786193,"USDGBP":0.784715,"USDGEL":2.685011,"USDGGP":0.786193,"USDGHS":11.950333,"USDGIP":0.786193,"USDGMD":67.275028,"USDGNF":8549.999723,"USDGTQ":7.818197,"USDGYD":209.106609,"USDHKD":7.806598,"USDHNL":24.740158,"USDHRK":6.98177,"USDHTG":131.701344,"USDHUF":344.969815,"USDIDR":15507,"USDILS":3.70825,"USDIMP":0.786193,"USDINR":83.05095,"USDIQD":1310,"USDIRR":42037.501917,"USDISK":137.629908,"USDJEP":0.786193,"USDJMD":154.326233,"USDJOD":0.709402,"USDJPY":144.234501,"USDKES":157.750036,"USDKGS":89.071501,"USDKHR":4100.000351,"USDKMF":449.50572,"USDKPW":900,"USDKRW":1312.195022,"USDKWD":0.307403,"USDKYD":0.832899,"USDKZT":453.566892,"USDLAK":20630.00014,"USDLBP":15007.989773,"USDLKR":322.496048,"USDLRD":188.824961,"USDLSL":18.596327,"USDLTL":2.95274,"USDLVL":0.60489,"USDLYD":4.796617,"USDMAD":9.931497,"USDMDL":17.481291,"USDMGA":4604.99993,"USDMKD":56.178339,"USDMMK":2098.924495,"USDMNT":3412.040713,"USDMOP":8.03741,"USDMRU":39.649527,"USDMUR":44.951824,"USDMVR":15.410094,"USDMWK":1683.000044,"USDMXN":16.836198,"USDMYR":4.651505,"USDMZN":63.24995,"USDNAD":18.594895,"USDNGN":884.806502,"USDNIO":36.750401,"USDNOK":10.36499,"USDNPR":132.963257,"USDNZD":1.59968,"USDOMR":0.384942,"USDPAB":0.999479,"USDPEN":3.715943,"USDPGK":3.73155,"USDPHP":55.74973,"USDPKR":281.350167,"USDPLN":3.957498,"USDPYG":7250.747005,"USDQAR":3.641498,"USDRON":4.5406,"USDRSD":107.06197,"USDRUB":90.901592,"USDRWF":1267.5,"USDSAR":3.750105,"USDSBD":8.453689,"USDSCR":13.449376,"USDSDG":601.00022,"USDSEK":10.227435,"USDSGD":1.32871,"USDSHP":1.275398,"USDSLE":22.699975,"USDSLL":19750.000184,"USDSOS":571.000256,"USDSRD":36.617999,"USDSTD":20697.981008,"USDSYP":13001.855695,"USDSZL":18.598512,"USDTHB":34.950058,"USDTJS":10.949313,"USDTMT":3.51,"USDTND":3.094021,"USDTOP":2.34485,"USDTRY":29.918894,"USDTTD":6.783812,"USDTWD":30.729939,"USDTZS":2515.000258,"USDUAH":38.230215,"USDUGX":3807.670166,"USDUYU":39.218911,"USDUZS":12394.999947,"USDVEF":3593614.700107,"USDVES":35.893617,"USDVND":24345,"USDVUV":117.980112,"USDWST":2.682403,"USDXAF":599.392344,"USDXAG":0.04324,"USDXAU":0.000492,"USDXCD":2.70255,"USDXDR":0.748924,"USDXOF":598.496053,"USDXPF":109.397792,"USDYER":250.350502,"USDZAR":18.579197,"USDZMK":9001.197406,"USDZMW":25.941866,"USDZWL":321.999592}}}
[2025-02-27T10:27:30.294+0000] {python.py:201} INFO - Done. Returned value was: None
[2025-02-27T10:27:30.299+0000] {taskinstance.py:1138} INFO - Marking task as SUCCESS. dag_id=3_4_2_homework_assignment, task_id=extract_task, execution_date=20240108T000000, start_date=20250227T102729, end_date=20250227T102730
[2025-02-27T10:27:30.326+0000] {local_task_job_runner.py:234} INFO - Task exited with return code 0
[2025-02-27T10:35:51.641+0000] {taskinstance.py:1956} INFO - Dependencies all met for dep_context=non-requeueable deps ti=<TaskInstance: 3_4_2_homework_assignment.extract_task scheduled__2024-01-08T00:00:00+00:00 [queued]>
[2025-02-27T10:35:51.645+0000] {taskinstance.py:1956} INFO - Dependencies all met for dep_context=requeueable deps ti=<TaskInstance: 3_4_2_homework_assignment.extract_task scheduled__2024-01-08T00:00:00+00:00 [queued]>
[2025-02-27T10:35:51.646+0000] {taskinstance.py:2170} INFO - Starting attempt 1 of 1
[2025-02-27T10:35:51.657+0000] {taskinstance.py:2191} INFO - Executing <Task(PythonOperator): extract_task> on 2024-01-08 00:00:00+00:00
[2025-02-27T10:35:51.662+0000] {standard_task_runner.py:60} INFO - Started process 6561 to run task
[2025-02-27T10:35:51.664+0000] {standard_task_runner.py:87} INFO - Running: ['airflow', 'tasks', 'run', '3_4_2_homework_assignment', 'extract_task', 'scheduled__2024-01-08T00:00:00+00:00', '--job-id', '23', '--raw', '--subdir', 'DAGS_FOLDER/3_4_2_homework_assignment.py', '--cfg-path', '/tmp/tmpqo_t_pka']
[2025-02-27T10:35:51.665+0000] {standard_task_runner.py:88} INFO - Job 23: Subtask extract_task
[2025-02-27T10:35:51.690+0000] {task_command.py:423} INFO - Running <TaskInstance: 3_4_2_homework_assignment.extract_task scheduled__2024-01-08T00:00:00+00:00 [running]> on host ea5964584459
[2025-02-27T10:35:51.729+0000] {taskinstance.py:2480} INFO - Exporting env vars: AIRFLOW_CTX_DAG_OWNER='airflow' AIRFLOW_CTX_DAG_ID='3_4_2_homework_assignment' AIRFLOW_CTX_TASK_ID='extract_task' AIRFLOW_CTX_EXECUTION_DATE='2024-01-08T00:00:00+00:00' AIRFLOW_CTX_TRY_NUMBER='1' AIRFLOW_CTX_DAG_RUN_ID='scheduled__2024-01-08T00:00:00+00:00'
[2025-02-27T10:35:51.729+0000] {3_4_2_homework_assignment.py:40} INFO - https://api.exchangerate.host/timeframe?access_key=422bab0c9e08a5476912061877017b8d&source=USD&start_date=2024-01-08&end_date=2024-01-08
[2025-02-27T10:35:52.359+0000] {logging_mixin.py:188} INFO - Ответ API: {"success":true,"terms":"https:\/\/currencylayer.com\/terms","privacy":"https:\/\/currencylayer.com\/privacy","timeframe":true,"start_date":"2024-01-08","end_date":"2024-01-08","source":"USD","quotes":{"2024-01-08":{"USDAED":3.672898,"USDAFN":70.499723,"USDALL":95.364983,"USDAMD":404.250848,"USDANG":1.80131,"USDAOA":830.499117,"USDARS":813.861187,"USDAUD":1.488538,"USDAWG":1.8025,"USDAZN":1.696433,"USDBAM":1.787147,"USDBBD":2.018056,"USDBDT":109.688679,"USDBGN":1.786197,"USDBHD":0.376974,"USDBIF":2859,"USDBMD":1,"USDBND":1.330537,"USDBOB":6.906257,"USDBRL":4.870501,"USDBSD":0.999479,"USDBTC":2.1289252e-5,"USDBTN":83.102059,"USDBWP":13.542952,"USDBYN":3.300895,"USDBYR":19600,"USDBZD":2.014675,"USDCAD":1.33515,"USDCDF":2685.000073,"USDCHF":0.848101,"USDCLF":0.032762,"USDCLP":903.999743,"USDCNY":7.095756,"USDCOP":3884.5,"USDCRC":519.385583,"USDCUC":1,"USDCUP":26.5,"USDCVE":100.99988,"USDCZK":22.4012,"USDDJF":177.719695,"USDDKK":6.8111,"USDDOP":58.65008,"USDDZD":134.499292,"USDEGP":30.900108,"USDERN":15,"USDETB":56.375054,"USDEUR":0.913202,"USDFJD":2.235197,"USDFKP":0.786193,"USDGBP":0.784715,"USDGEL":2.685011,"USDGGP":0.786193,"USDGHS":11.950333,"USDGIP":0.786193,"USDGMD":67.275028,"USDGNF":8549.999723,"USDGTQ":7.818197,"USDGYD":209.106609,"USDHKD":7.806598,"USDHNL":24.740158,"USDHRK":6.98177,"USDHTG":131.701344,"USDHUF":344.969815,"USDIDR":15507,"USDILS":3.70825,"USDIMP":0.786193,"USDINR":83.05095,"USDIQD":1310,"USDIRR":42037.501917,"USDISK":137.629908,"USDJEP":0.786193,"USDJMD":154.326233,"USDJOD":0.709402,"USDJPY":144.234501,"USDKES":157.750036,"USDKGS":89.071501,"USDKHR":4100.000351,"USDKMF":449.50572,"USDKPW":900,"USDKRW":1312.195022,"USDKWD":0.307403,"USDKYD":0.832899,"USDKZT":453.566892,"USDLAK":20630.00014,"USDLBP":15007.989773,"USDLKR":322.496048,"USDLRD":188.824961,"USDLSL":18.596327,"USDLTL":2.95274,"USDLVL":0.60489,"USDLYD":4.796617,"USDMAD":9.931497,"USDMDL":17.481291,"USDMGA":4604.99993,"USDMKD":56.178339,"USDMMK":2098.924495,"USDMNT":3412.040713,"USDMOP":8.03741,"USDMRU":39.649527,"USDMUR":44.951824,"USDMVR":15.410094,"USDMWK":1683.000044,"USDMXN":16.836198,"USDMYR":4.651505,"USDMZN":63.24995,"USDNAD":18.594895,"USDNGN":884.806502,"USDNIO":36.750401,"USDNOK":10.36499,"USDNPR":132.963257,"USDNZD":1.59968,"USDOMR":0.384942,"USDPAB":0.999479,"USDPEN":3.715943,"USDPGK":3.73155,"USDPHP":55.74973,"USDPKR":281.350167,"USDPLN":3.957498,"USDPYG":7250.747005,"USDQAR":3.641498,"USDRON":4.5406,"USDRSD":107.06197,"USDRUB":90.901592,"USDRWF":1267.5,"USDSAR":3.750105,"USDSBD":8.453689,"USDSCR":13.449376,"USDSDG":601.00022,"USDSEK":10.227435,"USDSGD":1.32871,"USDSHP":1.275398,"USDSLE":22.699975,"USDSLL":19750.000184,"USDSOS":571.000256,"USDSRD":36.617999,"USDSTD":20697.981008,"USDSYP":13001.855695,"USDSZL":18.598512,"USDTHB":34.950058,"USDTJS":10.949313,"USDTMT":3.51,"USDTND":3.094021,"USDTOP":2.34485,"USDTRY":29.918894,"USDTTD":6.783812,"USDTWD":30.729939,"USDTZS":2515.000258,"USDUAH":38.230215,"USDUGX":3807.670166,"USDUYU":39.218911,"USDUZS":12394.999947,"USDVEF":3593614.700107,"USDVES":35.893617,"USDVND":24345,"USDVUV":117.980112,"USDWST":2.682403,"USDXAF":599.392344,"USDXAG":0.04324,"USDXAU":0.000492,"USDXCD":2.70255,"USDXDR":0.748924,"USDXOF":598.496053,"USDXPF":109.397792,"USDYER":250.350502,"USDZAR":18.579197,"USDZMK":9001.197406,"USDZMW":25.941866,"USDZWL":321.999592}}}
[2025-02-27T10:35:52.361+0000] {python.py:201} INFO - Done. Returned value was: None
[2025-02-27T10:35:52.366+0000] {taskinstance.py:1138} INFO - Marking task as SUCCESS. dag_id=3_4_2_homework_assignment, task_id=extract_task, execution_date=20240108T000000, start_date=20250227T103551, end_date=20250227T103552
[2025-02-27T10:35:52.418+0000] {local_task_job_runner.py:234} INFO - Task exited with return code 0
[2025-02-27T10:45:43.199+0000] {taskinstance.py:1956} INFO - Dependencies all met for dep_context=non-requeueable deps ti=<TaskInstance: 3_4_2_homework_assignment.extract_task scheduled__2024-01-08T00:00:00+00:00 [queued]>
[2025-02-27T10:45:43.204+0000] {taskinstance.py:1956} INFO - Dependencies all met for dep_context=requeueable deps ti=<TaskInstance: 3_4_2_homework_assignment.extract_task scheduled__2024-01-08T00:00:00+00:00 [queued]>
[2025-02-27T10:45:43.204+0000] {taskinstance.py:2170} INFO - Starting attempt 1 of 1
[2025-02-27T10:45:43.214+0000] {taskinstance.py:2191} INFO - Executing <Task(PythonOperator): extract_task> on 2024-01-08 00:00:00+00:00
[2025-02-27T10:45:43.219+0000] {standard_task_runner.py:60} INFO - Started process 7246 to run task
[2025-02-27T10:45:43.221+0000] {standard_task_runner.py:87} INFO - Running: ['airflow', 'tasks', 'run', '3_4_2_homework_assignment', 'extract_task', 'scheduled__2024-01-08T00:00:00+00:00', '--job-id', '23', '--raw', '--subdir', 'DAGS_FOLDER/3_4_2_homework_assignment.py', '--cfg-path', '/tmp/tmpwj4wc1uc']
[2025-02-27T10:45:43.222+0000] {standard_task_runner.py:88} INFO - Job 23: Subtask extract_task
[2025-02-27T10:45:43.246+0000] {task_command.py:423} INFO - Running <TaskInstance: 3_4_2_homework_assignment.extract_task scheduled__2024-01-08T00:00:00+00:00 [running]> on host ea5964584459
[2025-02-27T10:45:43.288+0000] {taskinstance.py:2480} INFO - Exporting env vars: AIRFLOW_CTX_DAG_OWNER='airflow' AIRFLOW_CTX_DAG_ID='3_4_2_homework_assignment' AIRFLOW_CTX_TASK_ID='extract_task' AIRFLOW_CTX_EXECUTION_DATE='2024-01-08T00:00:00+00:00' AIRFLOW_CTX_TRY_NUMBER='1' AIRFLOW_CTX_DAG_RUN_ID='scheduled__2024-01-08T00:00:00+00:00'
[2025-02-27T10:45:43.289+0000] {3_4_2_homework_assignment.py:40} INFO - https://api.exchangerate.host/timeframe?access_key=422bab0c9e08a5476912061877017b8d&source=USD&start_date=2024-01-08&end_date=2024-01-08
[2025-02-27T10:45:43.905+0000] {logging_mixin.py:188} INFO - Ответ API: {"success":true,"terms":"https:\/\/currencylayer.com\/terms","privacy":"https:\/\/currencylayer.com\/privacy","timeframe":true,"start_date":"2024-01-08","end_date":"2024-01-08","source":"USD","quotes":{"2024-01-08":{"USDAED":3.672898,"USDAFN":70.499723,"USDALL":95.364983,"USDAMD":404.250848,"USDANG":1.80131,"USDAOA":830.499117,"USDARS":813.861187,"USDAUD":1.488538,"USDAWG":1.8025,"USDAZN":1.696433,"USDBAM":1.787147,"USDBBD":2.018056,"USDBDT":109.688679,"USDBGN":1.786197,"USDBHD":0.376974,"USDBIF":2859,"USDBMD":1,"USDBND":1.330537,"USDBOB":6.906257,"USDBRL":4.870501,"USDBSD":0.999479,"USDBTC":2.1289252e-5,"USDBTN":83.102059,"USDBWP":13.542952,"USDBYN":3.300895,"USDBYR":19600,"USDBZD":2.014675,"USDCAD":1.33515,"USDCDF":2685.000073,"USDCHF":0.848101,"USDCLF":0.032762,"USDCLP":903.999743,"USDCNY":7.095756,"USDCOP":3884.5,"USDCRC":519.385583,"USDCUC":1,"USDCUP":26.5,"USDCVE":100.99988,"USDCZK":22.4012,"USDDJF":177.719695,"USDDKK":6.8111,"USDDOP":58.65008,"USDDZD":134.499292,"USDEGP":30.900108,"USDERN":15,"USDETB":56.375054,"USDEUR":0.913202,"USDFJD":2.235197,"USDFKP":0.786193,"USDGBP":0.784715,"USDGEL":2.685011,"USDGGP":0.786193,"USDGHS":11.950333,"USDGIP":0.786193,"USDGMD":67.275028,"USDGNF":8549.999723,"USDGTQ":7.818197,"USDGYD":209.106609,"USDHKD":7.806598,"USDHNL":24.740158,"USDHRK":6.98177,"USDHTG":131.701344,"USDHUF":344.969815,"USDIDR":15507,"USDILS":3.70825,"USDIMP":0.786193,"USDINR":83.05095,"USDIQD":1310,"USDIRR":42037.501917,"USDISK":137.629908,"USDJEP":0.786193,"USDJMD":154.326233,"USDJOD":0.709402,"USDJPY":144.234501,"USDKES":157.750036,"USDKGS":89.071501,"USDKHR":4100.000351,"USDKMF":449.50572,"USDKPW":900,"USDKRW":1312.195022,"USDKWD":0.307403,"USDKYD":0.832899,"USDKZT":453.566892,"USDLAK":20630.00014,"USDLBP":15007.989773,"USDLKR":322.496048,"USDLRD":188.824961,"USDLSL":18.596327,"USDLTL":2.95274,"USDLVL":0.60489,"USDLYD":4.796617,"USDMAD":9.931497,"USDMDL":17.481291,"USDMGA":4604.99993,"USDMKD":56.178339,"USDMMK":2098.924495,"USDMNT":3412.040713,"USDMOP":8.03741,"USDMRU":39.649527,"USDMUR":44.951824,"USDMVR":15.410094,"USDMWK":1683.000044,"USDMXN":16.836198,"USDMYR":4.651505,"USDMZN":63.24995,"USDNAD":18.594895,"USDNGN":884.806502,"USDNIO":36.750401,"USDNOK":10.36499,"USDNPR":132.963257,"USDNZD":1.59968,"USDOMR":0.384942,"USDPAB":0.999479,"USDPEN":3.715943,"USDPGK":3.73155,"USDPHP":55.74973,"USDPKR":281.350167,"USDPLN":3.957498,"USDPYG":7250.747005,"USDQAR":3.641498,"USDRON":4.5406,"USDRSD":107.06197,"USDRUB":90.901592,"USDRWF":1267.5,"USDSAR":3.750105,"USDSBD":8.453689,"USDSCR":13.449376,"USDSDG":601.00022,"USDSEK":10.227435,"USDSGD":1.32871,"USDSHP":1.275398,"USDSLE":22.699975,"USDSLL":19750.000184,"USDSOS":571.000256,"USDSRD":36.617999,"USDSTD":20697.981008,"USDSYP":13001.855695,"USDSZL":18.598512,"USDTHB":34.950058,"USDTJS":10.949313,"USDTMT":3.51,"USDTND":3.094021,"USDTOP":2.34485,"USDTRY":29.918894,"USDTTD":6.783812,"USDTWD":30.729939,"USDTZS":2515.000258,"USDUAH":38.230215,"USDUGX":3807.670166,"USDUYU":39.218911,"USDUZS":12394.999947,"USDVEF":3593614.700107,"USDVES":35.893617,"USDVND":24345,"USDVUV":117.980112,"USDWST":2.682403,"USDXAF":599.392344,"USDXAG":0.04324,"USDXAU":0.000492,"USDXCD":2.70255,"USDXDR":0.748924,"USDXOF":598.496053,"USDXPF":109.397792,"USDYER":250.350502,"USDZAR":18.579197,"USDZMK":9001.197406,"USDZMW":25.941866,"USDZWL":321.999592}}}
[2025-02-27T10:45:43.906+0000] {python.py:201} INFO - Done. Returned value was: None
[2025-02-27T10:45:43.910+0000] {taskinstance.py:1138} INFO - Marking task as SUCCESS. dag_id=3_4_2_homework_assignment, task_id=extract_task, execution_date=20240108T000000, start_date=20250227T104543, end_date=20250227T104543
[2025-02-27T10:45:43.930+0000] {local_task_job_runner.py:234} INFO - Task exited with return code 0
