[2025-02-26T09:57:59.719+0000] {taskinstance.py:1956} INFO - Dependencies all met for dep_context=non-requeueable deps ti=<TaskInstance: 0_Examples_3_4_1_ETL_2.transform_data scheduled__2024-01-05T00:00:00+00:00 [queued]>
[2025-02-26T09:57:59.724+0000] {taskinstance.py:1956} INFO - Dependencies all met for dep_context=requeueable deps ti=<TaskInstance: 0_Examples_3_4_1_ETL_2.transform_data scheduled__2024-01-05T00:00:00+00:00 [queued]>
[2025-02-26T09:57:59.725+0000] {taskinstance.py:2170} INFO - Starting attempt 1 of 1
[2025-02-26T09:57:59.741+0000] {taskinstance.py:2191} INFO - Executing <Task(PythonOperator): transform_data> on 2024-01-05 00:00:00+00:00
[2025-02-26T09:57:59.747+0000] {standard_task_runner.py:60} INFO - Started process 591 to run task
[2025-02-26T09:57:59.750+0000] {standard_task_runner.py:87} INFO - Running: ['airflow', 'tasks', 'run', '0_Examples_3_4_1_ETL_2', 'transform_data', 'scheduled__2024-01-05T00:00:00+00:00', '--job-id', '27', '--raw', '--subdir', 'DAGS_FOLDER/exchangerate_api_work.py', '--cfg-path', '/tmp/tmp_i7wc1mz']
[2025-02-26T09:57:59.752+0000] {standard_task_runner.py:88} INFO - Job 27: Subtask transform_data
[2025-02-26T09:57:59.784+0000] {task_command.py:423} INFO - Running <TaskInstance: 0_Examples_3_4_1_ETL_2.transform_data scheduled__2024-01-05T00:00:00+00:00 [running]> on host 8b59c4dac072
[2025-02-26T09:57:59.834+0000] {taskinstance.py:2480} INFO - Exporting env vars: AIRFLOW_CTX_DAG_OWNER='airflow' AIRFLOW_CTX_DAG_ID='0_Examples_3_4_1_ETL_2' AIRFLOW_CTX_TASK_ID='transform_data' AIRFLOW_CTX_EXECUTION_DATE='2024-01-05T00:00:00+00:00' AIRFLOW_CTX_TRY_NUMBER='1' AIRFLOW_CTX_DAG_RUN_ID='scheduled__2024-01-05T00:00:00+00:00'
[2025-02-26T09:57:59.841+0000] {python.py:201} INFO - Done. Returned value was: None
[2025-02-26T09:57:59.846+0000] {taskinstance.py:1138} INFO - Marking task as SUCCESS. dag_id=0_Examples_3_4_1_ETL_2, task_id=transform_data, execution_date=20240105T000000, start_date=20250226T095759, end_date=20250226T095759
[2025-02-26T09:57:59.883+0000] {local_task_job_runner.py:234} INFO - Task exited with return code 0
[2025-02-26T10:05:21.573+0000] {taskinstance.py:1956} INFO - Dependencies all met for dep_context=non-requeueable deps ti=<TaskInstance: 0_Examples_3_4_1_ETL_2.transform_data scheduled__2024-01-05T00:00:00+00:00 [queued]>
[2025-02-26T10:05:21.579+0000] {taskinstance.py:1956} INFO - Dependencies all met for dep_context=requeueable deps ti=<TaskInstance: 0_Examples_3_4_1_ETL_2.transform_data scheduled__2024-01-05T00:00:00+00:00 [queued]>
[2025-02-26T10:05:21.579+0000] {taskinstance.py:2170} INFO - Starting attempt 1 of 1
[2025-02-26T10:05:21.591+0000] {taskinstance.py:2191} INFO - Executing <Task(PythonOperator): transform_data> on 2024-01-05 00:00:00+00:00
[2025-02-26T10:05:21.596+0000] {standard_task_runner.py:60} INFO - Started process 461 to run task
[2025-02-26T10:05:21.599+0000] {standard_task_runner.py:87} INFO - Running: ['airflow', 'tasks', 'run', '0_Examples_3_4_1_ETL_2', 'transform_data', 'scheduled__2024-01-05T00:00:00+00:00', '--job-id', '15', '--raw', '--subdir', 'DAGS_FOLDER/exchangerate_api_work.py', '--cfg-path', '/tmp/tmpsrd_q92c']
[2025-02-26T10:05:21.600+0000] {standard_task_runner.py:88} INFO - Job 15: Subtask transform_data
[2025-02-26T10:05:21.627+0000] {task_command.py:423} INFO - Running <TaskInstance: 0_Examples_3_4_1_ETL_2.transform_data scheduled__2024-01-05T00:00:00+00:00 [running]> on host a57e69d73574
[2025-02-26T10:05:21.670+0000] {taskinstance.py:2480} INFO - Exporting env vars: AIRFLOW_CTX_DAG_OWNER='airflow' AIRFLOW_CTX_DAG_ID='0_Examples_3_4_1_ETL_2' AIRFLOW_CTX_TASK_ID='transform_data' AIRFLOW_CTX_EXECUTION_DATE='2024-01-05T00:00:00+00:00' AIRFLOW_CTX_TRY_NUMBER='1' AIRFLOW_CTX_DAG_RUN_ID='scheduled__2024-01-05T00:00:00+00:00'
[2025-02-26T10:05:21.676+0000] {python.py:201} INFO - Done. Returned value was: None
[2025-02-26T10:05:21.681+0000] {taskinstance.py:1138} INFO - Marking task as SUCCESS. dag_id=0_Examples_3_4_1_ETL_2, task_id=transform_data, execution_date=20240105T000000, start_date=20250226T100521, end_date=20250226T100521
[2025-02-26T10:05:21.732+0000] {local_task_job_runner.py:234} INFO - Task exited with return code 0
[2025-02-26T10:09:10.199+0000] {taskinstance.py:1956} INFO - Dependencies all met for dep_context=non-requeueable deps ti=<TaskInstance: 0_Examples_3_4_1_ETL_2.transform_data scheduled__2024-01-05T00:00:00+00:00 [queued]>
[2025-02-26T10:09:10.204+0000] {taskinstance.py:1956} INFO - Dependencies all met for dep_context=requeueable deps ti=<TaskInstance: 0_Examples_3_4_1_ETL_2.transform_data scheduled__2024-01-05T00:00:00+00:00 [queued]>
[2025-02-26T10:09:10.204+0000] {taskinstance.py:2170} INFO - Starting attempt 1 of 1
[2025-02-26T10:09:10.217+0000] {taskinstance.py:2191} INFO - Executing <Task(PythonOperator): transform_data> on 2024-01-05 00:00:00+00:00
[2025-02-26T10:09:10.223+0000] {standard_task_runner.py:60} INFO - Started process 749 to run task
[2025-02-26T10:09:10.225+0000] {standard_task_runner.py:87} INFO - Running: ['airflow', 'tasks', 'run', '0_Examples_3_4_1_ETL_2', 'transform_data', 'scheduled__2024-01-05T00:00:00+00:00', '--job-id', '15', '--raw', '--subdir', 'DAGS_FOLDER/exchangerate_api_work.py', '--cfg-path', '/tmp/tmpw5lcsi2g']
[2025-02-26T10:09:10.226+0000] {standard_task_runner.py:88} INFO - Job 15: Subtask transform_data
[2025-02-26T10:09:10.255+0000] {task_command.py:423} INFO - Running <TaskInstance: 0_Examples_3_4_1_ETL_2.transform_data scheduled__2024-01-05T00:00:00+00:00 [running]> on host a57e69d73574
[2025-02-26T10:09:10.307+0000] {taskinstance.py:2480} INFO - Exporting env vars: AIRFLOW_CTX_DAG_OWNER='airflow' AIRFLOW_CTX_DAG_ID='0_Examples_3_4_1_ETL_2' AIRFLOW_CTX_TASK_ID='transform_data' AIRFLOW_CTX_EXECUTION_DATE='2024-01-05T00:00:00+00:00' AIRFLOW_CTX_TRY_NUMBER='1' AIRFLOW_CTX_DAG_RUN_ID='scheduled__2024-01-05T00:00:00+00:00'
[2025-02-26T10:09:10.315+0000] {python.py:201} INFO - Done. Returned value was: None
[2025-02-26T10:09:10.318+0000] {taskinstance.py:1138} INFO - Marking task as SUCCESS. dag_id=0_Examples_3_4_1_ETL_2, task_id=transform_data, execution_date=20240105T000000, start_date=20250226T100910, end_date=20250226T100910
[2025-02-26T10:09:10.358+0000] {local_task_job_runner.py:234} INFO - Task exited with return code 0
