[2025-02-27T09:33:47.017+0000] {taskinstance.py:1956} INFO - Dependencies all met for dep_context=non-requeueable deps ti=<TaskInstance: 3_4_2_homework_assignment.extract_task scheduled__2024-01-10T00:00:00+00:00 [queued]>
[2025-02-27T09:33:47.022+0000] {taskinstance.py:1956} INFO - Dependencies all met for dep_context=requeueable deps ti=<TaskInstance: 3_4_2_homework_assignment.extract_task scheduled__2024-01-10T00:00:00+00:00 [queued]>
[2025-02-27T09:33:47.022+0000] {taskinstance.py:2170} INFO - Starting attempt 1 of 1
[2025-02-27T09:33:47.033+0000] {taskinstance.py:2191} INFO - Executing <Task(PythonOperator): extract_task> on 2024-01-10 00:00:00+00:00
[2025-02-27T09:33:47.039+0000] {standard_task_runner.py:60} INFO - Started process 465 to run task
[2025-02-27T09:33:47.041+0000] {standard_task_runner.py:87} INFO - Running: ['airflow', 'tasks', 'run', '3_4_2_homework_assignment', 'extract_task', 'scheduled__2024-01-10T00:00:00+00:00', '--job-id', '18', '--raw', '--subdir', 'DAGS_FOLDER/3_4_2_homework_assignment.py', '--cfg-path', '/tmp/tmpw2a0cw4z']
[2025-02-27T09:33:47.042+0000] {standard_task_runner.py:88} INFO - Job 18: Subtask extract_task
[2025-02-27T09:33:47.068+0000] {task_command.py:423} INFO - Running <TaskInstance: 3_4_2_homework_assignment.extract_task scheduled__2024-01-10T00:00:00+00:00 [running]> on host ea5964584459
[2025-02-27T09:33:47.121+0000] {taskinstance.py:2480} INFO - Exporting env vars: AIRFLOW_CTX_DAG_OWNER='airflow' AIRFLOW_CTX_DAG_ID='3_4_2_homework_assignment' AIRFLOW_CTX_TASK_ID='extract_task' AIRFLOW_CTX_EXECUTION_DATE='2024-01-10T00:00:00+00:00' AIRFLOW_CTX_TRY_NUMBER='1' AIRFLOW_CTX_DAG_RUN_ID='scheduled__2024-01-10T00:00:00+00:00'
[2025-02-27T09:33:47.770+0000] {python.py:201} INFO - Done. Returned value was: None
[2025-02-27T09:33:47.775+0000] {taskinstance.py:1138} INFO - Marking task as SUCCESS. dag_id=3_4_2_homework_assignment, task_id=extract_task, execution_date=20240110T000000, start_date=20250227T093347, end_date=20250227T093347
[2025-02-27T09:33:47.820+0000] {local_task_job_runner.py:234} INFO - Task exited with return code 0
[2025-02-27T09:36:03.506+0000] {taskinstance.py:1956} INFO - Dependencies all met for dep_context=non-requeueable deps ti=<TaskInstance: 3_4_2_homework_assignment.extract_task scheduled__2024-01-10T00:00:00+00:00 [queued]>
[2025-02-27T09:36:03.510+0000] {taskinstance.py:1956} INFO - Dependencies all met for dep_context=requeueable deps ti=<TaskInstance: 3_4_2_homework_assignment.extract_task scheduled__2024-01-10T00:00:00+00:00 [queued]>
[2025-02-27T09:36:03.510+0000] {taskinstance.py:2170} INFO - Starting attempt 1 of 1
[2025-02-27T09:36:03.520+0000] {taskinstance.py:2191} INFO - Executing <Task(PythonOperator): extract_task> on 2024-01-10 00:00:00+00:00
[2025-02-27T09:36:03.524+0000] {standard_task_runner.py:60} INFO - Started process 843 to run task
[2025-02-27T09:36:03.526+0000] {standard_task_runner.py:87} INFO - Running: ['airflow', 'tasks', 'run', '3_4_2_homework_assignment', 'extract_task', 'scheduled__2024-01-10T00:00:00+00:00', '--job-id', '20', '--raw', '--subdir', 'DAGS_FOLDER/3_4_2_homework_assignment.py', '--cfg-path', '/tmp/tmpit946fsy']
[2025-02-27T09:36:03.527+0000] {standard_task_runner.py:88} INFO - Job 20: Subtask extract_task
[2025-02-27T09:36:03.553+0000] {task_command.py:423} INFO - Running <TaskInstance: 3_4_2_homework_assignment.extract_task scheduled__2024-01-10T00:00:00+00:00 [running]> on host ea5964584459
[2025-02-27T09:36:03.593+0000] {taskinstance.py:2480} INFO - Exporting env vars: AIRFLOW_CTX_DAG_OWNER='airflow' AIRFLOW_CTX_DAG_ID='3_4_2_homework_assignment' AIRFLOW_CTX_TASK_ID='extract_task' AIRFLOW_CTX_EXECUTION_DATE='2024-01-10T00:00:00+00:00' AIRFLOW_CTX_TRY_NUMBER='1' AIRFLOW_CTX_DAG_RUN_ID='scheduled__2024-01-10T00:00:00+00:00'
[2025-02-27T09:36:04.226+0000] {python.py:201} INFO - Done. Returned value was: None
[2025-02-27T09:36:04.231+0000] {taskinstance.py:1138} INFO - Marking task as SUCCESS. dag_id=3_4_2_homework_assignment, task_id=extract_task, execution_date=20240110T000000, start_date=20250227T093603, end_date=20250227T093604
[2025-02-27T09:36:04.263+0000] {local_task_job_runner.py:234} INFO - Task exited with return code 0
[2025-02-27T09:40:56.092+0000] {taskinstance.py:1956} INFO - Dependencies all met for dep_context=non-requeueable deps ti=<TaskInstance: 3_4_2_homework_assignment.extract_task scheduled__2024-01-10T00:00:00+00:00 [queued]>
[2025-02-27T09:40:56.096+0000] {taskinstance.py:1956} INFO - Dependencies all met for dep_context=requeueable deps ti=<TaskInstance: 3_4_2_homework_assignment.extract_task scheduled__2024-01-10T00:00:00+00:00 [queued]>
[2025-02-27T09:40:56.096+0000] {taskinstance.py:2170} INFO - Starting attempt 1 of 1
[2025-02-27T09:40:56.107+0000] {taskinstance.py:2191} INFO - Executing <Task(PythonOperator): extract_task> on 2024-01-10 00:00:00+00:00
[2025-02-27T09:40:56.113+0000] {standard_task_runner.py:60} INFO - Started process 1246 to run task
[2025-02-27T09:40:56.115+0000] {standard_task_runner.py:87} INFO - Running: ['airflow', 'tasks', 'run', '3_4_2_homework_assignment', 'extract_task', 'scheduled__2024-01-10T00:00:00+00:00', '--job-id', '20', '--raw', '--subdir', 'DAGS_FOLDER/3_4_2_homework_assignment.py', '--cfg-path', '/tmp/tmpmryduqzh']
[2025-02-27T09:40:56.117+0000] {standard_task_runner.py:88} INFO - Job 20: Subtask extract_task
[2025-02-27T09:40:56.143+0000] {task_command.py:423} INFO - Running <TaskInstance: 3_4_2_homework_assignment.extract_task scheduled__2024-01-10T00:00:00+00:00 [running]> on host ea5964584459
[2025-02-27T09:40:56.188+0000] {taskinstance.py:2480} INFO - Exporting env vars: AIRFLOW_CTX_DAG_OWNER='airflow' AIRFLOW_CTX_DAG_ID='3_4_2_homework_assignment' AIRFLOW_CTX_TASK_ID='extract_task' AIRFLOW_CTX_EXECUTION_DATE='2024-01-10T00:00:00+00:00' AIRFLOW_CTX_TRY_NUMBER='1' AIRFLOW_CTX_DAG_RUN_ID='scheduled__2024-01-10T00:00:00+00:00'
[2025-02-27T09:40:56.793+0000] {python.py:201} INFO - Done. Returned value was: None
[2025-02-27T09:40:56.798+0000] {taskinstance.py:1138} INFO - Marking task as SUCCESS. dag_id=3_4_2_homework_assignment, task_id=extract_task, execution_date=20240110T000000, start_date=20250227T094056, end_date=20250227T094056
[2025-02-27T09:40:56.819+0000] {local_task_job_runner.py:234} INFO - Task exited with return code 0
[2025-02-27T09:51:21.161+0000] {taskinstance.py:1956} INFO - Dependencies all met for dep_context=non-requeueable deps ti=<TaskInstance: 3_4_2_homework_assignment.extract_task scheduled__2024-01-10T00:00:00+00:00 [queued]>
[2025-02-27T09:51:21.165+0000] {taskinstance.py:1956} INFO - Dependencies all met for dep_context=requeueable deps ti=<TaskInstance: 3_4_2_homework_assignment.extract_task scheduled__2024-01-10T00:00:00+00:00 [queued]>
[2025-02-27T09:51:21.166+0000] {taskinstance.py:2170} INFO - Starting attempt 1 of 1
[2025-02-27T09:51:21.176+0000] {taskinstance.py:2191} INFO - Executing <Task(PythonOperator): extract_task> on 2024-01-10 00:00:00+00:00
[2025-02-27T09:51:21.181+0000] {standard_task_runner.py:60} INFO - Started process 2559 to run task
[2025-02-27T09:51:21.183+0000] {standard_task_runner.py:87} INFO - Running: ['airflow', 'tasks', 'run', '3_4_2_homework_assignment', 'extract_task', 'scheduled__2024-01-10T00:00:00+00:00', '--job-id', '29', '--raw', '--subdir', 'DAGS_FOLDER/3_4_2_homework_assignment.py', '--cfg-path', '/tmp/tmpvq6doj5s']
[2025-02-27T09:51:21.185+0000] {standard_task_runner.py:88} INFO - Job 29: Subtask extract_task
[2025-02-27T09:51:21.210+0000] {task_command.py:423} INFO - Running <TaskInstance: 3_4_2_homework_assignment.extract_task scheduled__2024-01-10T00:00:00+00:00 [running]> on host ea5964584459
[2025-02-27T09:51:21.251+0000] {taskinstance.py:2480} INFO - Exporting env vars: AIRFLOW_CTX_DAG_OWNER='airflow' AIRFLOW_CTX_DAG_ID='3_4_2_homework_assignment' AIRFLOW_CTX_TASK_ID='extract_task' AIRFLOW_CTX_EXECUTION_DATE='2024-01-10T00:00:00+00:00' AIRFLOW_CTX_TRY_NUMBER='1' AIRFLOW_CTX_DAG_RUN_ID='scheduled__2024-01-10T00:00:00+00:00'
[2025-02-27T09:51:21.252+0000] {logging_mixin.py:188} INFO - https://api.exchangerate.host/timeframe?access_key=None&source=USD&start_date={{ds}}&end_date={{ds}}
[2025-02-27T09:51:21.895+0000] {logging_mixin.py:188} INFO - Ответ API: {
  "success": false,
  "error": {
    "code": 101,
    "type": "invalid_access_key",
    "info": "You have not supplied a valid API Access Key. [Technical Support: support@apilayer.com]"
  }
}
[2025-02-27T09:51:21.897+0000] {python.py:201} INFO - Done. Returned value was: None
[2025-02-27T09:51:21.901+0000] {taskinstance.py:1138} INFO - Marking task as SUCCESS. dag_id=3_4_2_homework_assignment, task_id=extract_task, execution_date=20240110T000000, start_date=20250227T095121, end_date=20250227T095121
[2025-02-27T09:51:21.928+0000] {local_task_job_runner.py:234} INFO - Task exited with return code 0
[2025-02-27T09:51:21.938+0000] {taskinstance.py:3280} INFO - 0 downstream tasks scheduled from follow-on schedule check
[2025-02-27T09:55:41.402+0000] {taskinstance.py:1956} INFO - Dependencies all met for dep_context=non-requeueable deps ti=<TaskInstance: 3_4_2_homework_assignment.extract_task scheduled__2024-01-10T00:00:00+00:00 [queued]>
[2025-02-27T09:55:41.406+0000] {taskinstance.py:1956} INFO - Dependencies all met for dep_context=requeueable deps ti=<TaskInstance: 3_4_2_homework_assignment.extract_task scheduled__2024-01-10T00:00:00+00:00 [queued]>
[2025-02-27T09:55:41.407+0000] {taskinstance.py:2170} INFO - Starting attempt 1 of 1
[2025-02-27T09:55:41.416+0000] {taskinstance.py:2191} INFO - Executing <Task(PythonOperator): extract_task> on 2024-01-10 00:00:00+00:00
[2025-02-27T09:55:41.421+0000] {standard_task_runner.py:60} INFO - Started process 3139 to run task
[2025-02-27T09:55:41.423+0000] {standard_task_runner.py:87} INFO - Running: ['airflow', 'tasks', 'run', '3_4_2_homework_assignment', 'extract_task', 'scheduled__2024-01-10T00:00:00+00:00', '--job-id', '29', '--raw', '--subdir', 'DAGS_FOLDER/3_4_2_homework_assignment.py', '--cfg-path', '/tmp/tmppnky3oy9']
[2025-02-27T09:55:41.424+0000] {standard_task_runner.py:88} INFO - Job 29: Subtask extract_task
[2025-02-27T09:55:41.452+0000] {task_command.py:423} INFO - Running <TaskInstance: 3_4_2_homework_assignment.extract_task scheduled__2024-01-10T00:00:00+00:00 [running]> on host ea5964584459
[2025-02-27T09:55:41.491+0000] {taskinstance.py:2480} INFO - Exporting env vars: AIRFLOW_CTX_DAG_OWNER='airflow' AIRFLOW_CTX_DAG_ID='3_4_2_homework_assignment' AIRFLOW_CTX_TASK_ID='extract_task' AIRFLOW_CTX_EXECUTION_DATE='2024-01-10T00:00:00+00:00' AIRFLOW_CTX_TRY_NUMBER='1' AIRFLOW_CTX_DAG_RUN_ID='scheduled__2024-01-10T00:00:00+00:00'
[2025-02-27T09:55:41.492+0000] {3_4_2_homework_assignment.py:41} INFO - https://api.exchangerate.host/timeframe?access_key=None&source=USD&start_date={{ds}}&end_date={{ds}}
[2025-02-27T09:55:42.144+0000] {logging_mixin.py:188} INFO - Ответ API: {
  "success": false,
  "error": {
    "code": 101,
    "type": "invalid_access_key",
    "info": "You have not supplied a valid API Access Key. [Technical Support: support@apilayer.com]"
  }
}
[2025-02-27T09:55:42.146+0000] {python.py:201} INFO - Done. Returned value was: None
[2025-02-27T09:55:42.151+0000] {taskinstance.py:1138} INFO - Marking task as SUCCESS. dag_id=3_4_2_homework_assignment, task_id=extract_task, execution_date=20240110T000000, start_date=20250227T095541, end_date=20250227T095542
[2025-02-27T09:55:42.201+0000] {local_task_job_runner.py:234} INFO - Task exited with return code 0
[2025-02-27T09:55:42.210+0000] {taskinstance.py:3280} INFO - 0 downstream tasks scheduled from follow-on schedule check
[2025-02-27T10:07:34.268+0000] {taskinstance.py:1956} INFO - Dependencies all met for dep_context=non-requeueable deps ti=<TaskInstance: 3_4_2_homework_assignment.extract_task scheduled__2024-01-10T00:00:00+00:00 [queued]>
[2025-02-27T10:07:34.279+0000] {taskinstance.py:1956} INFO - Dependencies all met for dep_context=requeueable deps ti=<TaskInstance: 3_4_2_homework_assignment.extract_task scheduled__2024-01-10T00:00:00+00:00 [queued]>
[2025-02-27T10:07:34.280+0000] {taskinstance.py:2170} INFO - Starting attempt 1 of 1
[2025-02-27T10:07:34.308+0000] {taskinstance.py:2191} INFO - Executing <Task(PythonOperator): extract_task> on 2024-01-10 00:00:00+00:00
[2025-02-27T10:07:34.315+0000] {standard_task_runner.py:60} INFO - Started process 3781 to run task
[2025-02-27T10:07:34.319+0000] {standard_task_runner.py:87} INFO - Running: ['airflow', 'tasks', 'run', '3_4_2_homework_assignment', 'extract_task', 'scheduled__2024-01-10T00:00:00+00:00', '--job-id', '29', '--raw', '--subdir', 'DAGS_FOLDER/3_4_2_homework_assignment.py', '--cfg-path', '/tmp/tmpaz92q_b1']
[2025-02-27T10:07:34.321+0000] {standard_task_runner.py:88} INFO - Job 29: Subtask extract_task
[2025-02-27T10:07:34.362+0000] {task_command.py:423} INFO - Running <TaskInstance: 3_4_2_homework_assignment.extract_task scheduled__2024-01-10T00:00:00+00:00 [running]> on host ea5964584459
[2025-02-27T10:07:34.430+0000] {taskinstance.py:2480} INFO - Exporting env vars: AIRFLOW_CTX_DAG_OWNER='airflow' AIRFLOW_CTX_DAG_ID='3_4_2_homework_assignment' AIRFLOW_CTX_TASK_ID='extract_task' AIRFLOW_CTX_EXECUTION_DATE='2024-01-10T00:00:00+00:00' AIRFLOW_CTX_TRY_NUMBER='1' AIRFLOW_CTX_DAG_RUN_ID='scheduled__2024-01-10T00:00:00+00:00'
[2025-02-27T10:07:35.063+0000] {logging_mixin.py:188} INFO - Ответ API: {
  "success": false,
  "error": {
    "code": 101,
    "type": "invalid_access_key",
    "info": "You have not supplied a valid API Access Key. [Technical Support: support@apilayer.com]"
  }
}
[2025-02-27T10:07:35.067+0000] {python.py:201} INFO - Done. Returned value was: None
[2025-02-27T10:07:35.074+0000] {taskinstance.py:1138} INFO - Marking task as SUCCESS. dag_id=3_4_2_homework_assignment, task_id=extract_task, execution_date=20240110T000000, start_date=20250227T100734, end_date=20250227T100735
[2025-02-27T10:07:35.110+0000] {local_task_job_runner.py:234} INFO - Task exited with return code 0
[2025-02-27T10:07:35.121+0000] {taskinstance.py:3280} INFO - 0 downstream tasks scheduled from follow-on schedule check
[2025-02-27T10:15:09.309+0000] {taskinstance.py:1956} INFO - Dependencies all met for dep_context=non-requeueable deps ti=<TaskInstance: 3_4_2_homework_assignment.extract_task scheduled__2024-01-10T00:00:00+00:00 [queued]>
[2025-02-27T10:15:09.314+0000] {taskinstance.py:1956} INFO - Dependencies all met for dep_context=requeueable deps ti=<TaskInstance: 3_4_2_homework_assignment.extract_task scheduled__2024-01-10T00:00:00+00:00 [queued]>
[2025-02-27T10:15:09.314+0000] {taskinstance.py:2170} INFO - Starting attempt 1 of 1
[2025-02-27T10:15:09.324+0000] {taskinstance.py:2191} INFO - Executing <Task(PythonOperator): extract_task> on 2024-01-10 00:00:00+00:00
[2025-02-27T10:15:09.329+0000] {standard_task_runner.py:60} INFO - Started process 4676 to run task
[2025-02-27T10:15:09.331+0000] {standard_task_runner.py:87} INFO - Running: ['airflow', 'tasks', 'run', '3_4_2_homework_assignment', 'extract_task', 'scheduled__2024-01-10T00:00:00+00:00', '--job-id', '29', '--raw', '--subdir', 'DAGS_FOLDER/3_4_2_homework_assignment.py', '--cfg-path', '/tmp/tmphbjjawq0']
[2025-02-27T10:15:09.332+0000] {standard_task_runner.py:88} INFO - Job 29: Subtask extract_task
[2025-02-27T10:15:09.359+0000] {task_command.py:423} INFO - Running <TaskInstance: 3_4_2_homework_assignment.extract_task scheduled__2024-01-10T00:00:00+00:00 [running]> on host ea5964584459
[2025-02-27T10:15:09.401+0000] {taskinstance.py:2480} INFO - Exporting env vars: AIRFLOW_CTX_DAG_OWNER='airflow' AIRFLOW_CTX_DAG_ID='3_4_2_homework_assignment' AIRFLOW_CTX_TASK_ID='extract_task' AIRFLOW_CTX_EXECUTION_DATE='2024-01-10T00:00:00+00:00' AIRFLOW_CTX_TRY_NUMBER='1' AIRFLOW_CTX_DAG_RUN_ID='scheduled__2024-01-10T00:00:00+00:00'
[2025-02-27T10:15:09.402+0000] {3_4_2_homework_assignment.py:41} INFO - https://api.exchangerate.host/timeframe?access_key=422bab0c9e08a5476912061877017b8d&source=USD&start_date=2024-01-10&end_date=2024-01-10
[2025-02-27T10:15:10.048+0000] {logging_mixin.py:188} INFO - Ответ API: {"success":true,"terms":"https:\/\/currencylayer.com\/terms","privacy":"https:\/\/currencylayer.com\/privacy","timeframe":true,"start_date":"2024-01-10","end_date":"2024-01-10","source":"USD","quotes":{"2024-01-10":{"USDAED":3.672902,"USDAFN":70.550298,"USDALL":95.161099,"USDAMD":405.479983,"USDANG":1.802096,"USDAOA":828.724012,"USDARS":814.957447,"USDAUD":1.492092,"USDAWG":1.8025,"USDAZN":1.699925,"USDBAM":1.786641,"USDBBD":2.018946,"USDBDT":109.739833,"USDBGN":1.782645,"USDBHD":0.376922,"USDBIF":2857,"USDBMD":1,"USDBND":1.330983,"USDBOB":6.909845,"USDBRL":4.892901,"USDBSD":0.999927,"USDBTC":2.1412194e-5,"USDBTN":83.008487,"USDBWP":13.512686,"USDBYN":3.271824,"USDBYR":19600,"USDBZD":2.015566,"USDCAD":1.337935,"USDCDF":2684.999535,"USDCHF":0.850698,"USDCLF":0.033222,"USDCLP":916.690099,"USDCNY":7.171404,"USDCOP":3936.5,"USDCRC":521.070277,"USDCUC":1,"USDCUP":26.5,"USDCVE":100.87501,"USDCZK":22.391967,"USDDJF":177.720051,"USDDKK":6.795525,"USDDOP":58.599323,"USDDZD":134.533177,"USDEGP":30.894301,"USDERN":15,"USDETB":56.545169,"USDEUR":0.911195,"USDFJD":2.24075,"USDFKP":0.786323,"USDGBP":0.784655,"USDGEL":2.684956,"USDGGP":0.786323,"USDGHS":11.950133,"USDGIP":0.786323,"USDGMD":67.274998,"USDGNF":8555.000259,"USDGTQ":7.814191,"USDGYD":209.369034,"USDHKD":7.81995,"USDHNL":24.659261,"USDHRK":6.98177,"USDHTG":131.645778,"USDHUF":344.72014,"USDIDR":15562,"USDILS":3.73905,"USDIMP":0.786323,"USDINR":83.02585,"USDIQD":1310,"USDIRR":42037.499662,"USDISK":136.580151,"USDJEP":0.786323,"USDJMD":154.813779,"USDJOD":0.709403,"USDJPY":145.741005,"USDKES":159.000247,"USDKGS":89.316902,"USDKHR":4098.498708,"USDKMF":448.925021,"USDKPW":899.99274,"USDKRW":1318.496767,"USDKWD":0.30751,"USDKYD":0.833307,"USDKZT":454.317491,"USDLAK":20634.999859,"USDLBP":15064.999862,"USDLKR":322.990842,"USDLRD":188.950158,"USDLSL":18.680223,"USDLTL":2.95274,"USDLVL":0.60489,"USDLYD":4.79495,"USDMAD":9.948501,"USDMDL":17.748728,"USDMGA":4578.548786,"USDMKD":56.057009,"USDMMK":2099.892662,"USDMNT":3420.987757,"USDMOP":8.055213,"USDMRU":39.620003,"USDMUR":44.190315,"USDMVR":15.426725,"USDMWK":1683.000143,"USDMXN":16.984304,"USDMYR":4.643503,"USDMZN":63.24995,"USDNAD":18.679847,"USDNGN":951.490157,"USDNIO":36.61344,"USDNOK":10.348915,"USDNPR":132.813542,"USDNZD":1.60541,"USDOMR":0.38494,"USDPAB":0.999927,"USDPEN":3.707501,"USDPGK":3.786529,"USDPHP":56.163046,"USDPKR":281.375045,"USDPLN":3.951834,"USDPYG":7285.267317,"USDQAR":3.640958,"USDRON":4.530801,"USDRSD":106.825897,"USDRUB":89.900189,"USDRWF":1268,"USDSAR":3.749852,"USDSBD":8.453689,"USDSCR":13.08981,"USDSDG":601.000054,"USDSEK":10.2205,"USDSGD":1.3313,"USDSHP":1.26975,"USDSLE":22.334973,"USDSLL":19749.999964,"USDSOS":570.999771,"USDSRD":36.848024,"USDSTD":20697.981008,"USDSYP":13001.808667,"USDSZL":18.680294,"USDTHB":35.040501,"USDTJS":10.949277,"USDTMT":3.5,"USDTND":3.097499,"USDTOP":2.34815,"USDTRY":29.859198,"USDTTD":6.784693,"USDTWD":31.132799,"USDTZS":2515.000071,"USDUAH":38.196908,"USDUGX":3799.283809,"USDUYU":39.353966,"USDUZS":12344.246721,"USDVEF":3588914.254599,"USDVES":35.872231,"USDVND":24420,"USDVUV":118.333811,"USDWST":2.709661,"USDXAF":599.222604,"USDXAG":0.043639,"USDXAU":0.000493,"USDXCD":2.70255,"USDXDR":0.74926,"USDXOF":599.222604,"USDXPF":109.59797,"USDYER":250.350224,"USDZAR":18.659011,"USDZMK":9001.200441,"USDZMW":26.023368,"USDZWL":321.999592}}}
[2025-02-27T10:15:10.049+0000] {python.py:201} INFO - Done. Returned value was: None
[2025-02-27T10:15:10.053+0000] {taskinstance.py:1138} INFO - Marking task as SUCCESS. dag_id=3_4_2_homework_assignment, task_id=extract_task, execution_date=20240110T000000, start_date=20250227T101509, end_date=20250227T101510
[2025-02-27T10:15:10.110+0000] {local_task_job_runner.py:234} INFO - Task exited with return code 0
[2025-02-27T10:15:10.118+0000] {taskinstance.py:3280} INFO - 0 downstream tasks scheduled from follow-on schedule check
[2025-02-27T10:27:50.261+0000] {taskinstance.py:1956} INFO - Dependencies all met for dep_context=non-requeueable deps ti=<TaskInstance: 3_4_2_homework_assignment.extract_task scheduled__2024-01-10T00:00:00+00:00 [queued]>
[2025-02-27T10:27:50.265+0000] {taskinstance.py:1956} INFO - Dependencies all met for dep_context=requeueable deps ti=<TaskInstance: 3_4_2_homework_assignment.extract_task scheduled__2024-01-10T00:00:00+00:00 [queued]>
[2025-02-27T10:27:50.265+0000] {taskinstance.py:2170} INFO - Starting attempt 1 of 1
[2025-02-27T10:27:50.276+0000] {taskinstance.py:2191} INFO - Executing <Task(PythonOperator): extract_task> on 2024-01-10 00:00:00+00:00
[2025-02-27T10:27:50.281+0000] {standard_task_runner.py:60} INFO - Started process 6011 to run task
[2025-02-27T10:27:50.283+0000] {standard_task_runner.py:87} INFO - Running: ['airflow', 'tasks', 'run', '3_4_2_homework_assignment', 'extract_task', 'scheduled__2024-01-10T00:00:00+00:00', '--job-id', '29', '--raw', '--subdir', 'DAGS_FOLDER/3_4_2_homework_assignment.py', '--cfg-path', '/tmp/tmptcd837nt']
[2025-02-27T10:27:50.284+0000] {standard_task_runner.py:88} INFO - Job 29: Subtask extract_task
[2025-02-27T10:27:50.308+0000] {task_command.py:423} INFO - Running <TaskInstance: 3_4_2_homework_assignment.extract_task scheduled__2024-01-10T00:00:00+00:00 [running]> on host ea5964584459
[2025-02-27T10:27:50.361+0000] {taskinstance.py:2480} INFO - Exporting env vars: AIRFLOW_CTX_DAG_OWNER='airflow' AIRFLOW_CTX_DAG_ID='3_4_2_homework_assignment' AIRFLOW_CTX_TASK_ID='extract_task' AIRFLOW_CTX_EXECUTION_DATE='2024-01-10T00:00:00+00:00' AIRFLOW_CTX_TRY_NUMBER='1' AIRFLOW_CTX_DAG_RUN_ID='scheduled__2024-01-10T00:00:00+00:00'
[2025-02-27T10:27:50.363+0000] {3_4_2_homework_assignment.py:40} INFO - https://api.exchangerate.host/timeframe?access_key=422bab0c9e08a5476912061877017b8d&source=USD&start_date=2024-01-10&end_date=2024-01-10
[2025-02-27T10:27:50.977+0000] {logging_mixin.py:188} INFO - Ответ API: {"success":true,"terms":"https:\/\/currencylayer.com\/terms","privacy":"https:\/\/currencylayer.com\/privacy","timeframe":true,"start_date":"2024-01-10","end_date":"2024-01-10","source":"USD","quotes":{"2024-01-10":{"USDAED":3.672902,"USDAFN":70.550298,"USDALL":95.161099,"USDAMD":405.479983,"USDANG":1.802096,"USDAOA":828.724012,"USDARS":814.957447,"USDAUD":1.492092,"USDAWG":1.8025,"USDAZN":1.699925,"USDBAM":1.786641,"USDBBD":2.018946,"USDBDT":109.739833,"USDBGN":1.782645,"USDBHD":0.376922,"USDBIF":2857,"USDBMD":1,"USDBND":1.330983,"USDBOB":6.909845,"USDBRL":4.892901,"USDBSD":0.999927,"USDBTC":2.1412194e-5,"USDBTN":83.008487,"USDBWP":13.512686,"USDBYN":3.271824,"USDBYR":19600,"USDBZD":2.015566,"USDCAD":1.337935,"USDCDF":2684.999535,"USDCHF":0.850698,"USDCLF":0.033222,"USDCLP":916.690099,"USDCNY":7.171404,"USDCOP":3936.5,"USDCRC":521.070277,"USDCUC":1,"USDCUP":26.5,"USDCVE":100.87501,"USDCZK":22.391967,"USDDJF":177.720051,"USDDKK":6.795525,"USDDOP":58.599323,"USDDZD":134.533177,"USDEGP":30.894301,"USDERN":15,"USDETB":56.545169,"USDEUR":0.911195,"USDFJD":2.24075,"USDFKP":0.786323,"USDGBP":0.784655,"USDGEL":2.684956,"USDGGP":0.786323,"USDGHS":11.950133,"USDGIP":0.786323,"USDGMD":67.274998,"USDGNF":8555.000259,"USDGTQ":7.814191,"USDGYD":209.369034,"USDHKD":7.81995,"USDHNL":24.659261,"USDHRK":6.98177,"USDHTG":131.645778,"USDHUF":344.72014,"USDIDR":15562,"USDILS":3.73905,"USDIMP":0.786323,"USDINR":83.02585,"USDIQD":1310,"USDIRR":42037.499662,"USDISK":136.580151,"USDJEP":0.786323,"USDJMD":154.813779,"USDJOD":0.709403,"USDJPY":145.741005,"USDKES":159.000247,"USDKGS":89.316902,"USDKHR":4098.498708,"USDKMF":448.925021,"USDKPW":899.99274,"USDKRW":1318.496767,"USDKWD":0.30751,"USDKYD":0.833307,"USDKZT":454.317491,"USDLAK":20634.999859,"USDLBP":15064.999862,"USDLKR":322.990842,"USDLRD":188.950158,"USDLSL":18.680223,"USDLTL":2.95274,"USDLVL":0.60489,"USDLYD":4.79495,"USDMAD":9.948501,"USDMDL":17.748728,"USDMGA":4578.548786,"USDMKD":56.057009,"USDMMK":2099.892662,"USDMNT":3420.987757,"USDMOP":8.055213,"USDMRU":39.620003,"USDMUR":44.190315,"USDMVR":15.426725,"USDMWK":1683.000143,"USDMXN":16.984304,"USDMYR":4.643503,"USDMZN":63.24995,"USDNAD":18.679847,"USDNGN":951.490157,"USDNIO":36.61344,"USDNOK":10.348915,"USDNPR":132.813542,"USDNZD":1.60541,"USDOMR":0.38494,"USDPAB":0.999927,"USDPEN":3.707501,"USDPGK":3.786529,"USDPHP":56.163046,"USDPKR":281.375045,"USDPLN":3.951834,"USDPYG":7285.267317,"USDQAR":3.640958,"USDRON":4.530801,"USDRSD":106.825897,"USDRUB":89.900189,"USDRWF":1268,"USDSAR":3.749852,"USDSBD":8.453689,"USDSCR":13.08981,"USDSDG":601.000054,"USDSEK":10.2205,"USDSGD":1.3313,"USDSHP":1.26975,"USDSLE":22.334973,"USDSLL":19749.999964,"USDSOS":570.999771,"USDSRD":36.848024,"USDSTD":20697.981008,"USDSYP":13001.808667,"USDSZL":18.680294,"USDTHB":35.040501,"USDTJS":10.949277,"USDTMT":3.5,"USDTND":3.097499,"USDTOP":2.34815,"USDTRY":29.859198,"USDTTD":6.784693,"USDTWD":31.132799,"USDTZS":2515.000071,"USDUAH":38.196908,"USDUGX":3799.283809,"USDUYU":39.353966,"USDUZS":12344.246721,"USDVEF":3588914.254599,"USDVES":35.872231,"USDVND":24420,"USDVUV":118.333811,"USDWST":2.709661,"USDXAF":599.222604,"USDXAG":0.043639,"USDXAU":0.000493,"USDXCD":2.70255,"USDXDR":0.74926,"USDXOF":599.222604,"USDXPF":109.59797,"USDYER":250.350224,"USDZAR":18.659011,"USDZMK":9001.200441,"USDZMW":26.023368,"USDZWL":321.999592}}}
[2025-02-27T10:27:50.979+0000] {python.py:201} INFO - Done. Returned value was: None
[2025-02-27T10:27:50.983+0000] {taskinstance.py:1138} INFO - Marking task as SUCCESS. dag_id=3_4_2_homework_assignment, task_id=extract_task, execution_date=20240110T000000, start_date=20250227T102750, end_date=20250227T102750
[2025-02-27T10:27:51.020+0000] {local_task_job_runner.py:234} INFO - Task exited with return code 0
[2025-02-27T10:36:12.306+0000] {taskinstance.py:1956} INFO - Dependencies all met for dep_context=non-requeueable deps ti=<TaskInstance: 3_4_2_homework_assignment.extract_task scheduled__2024-01-10T00:00:00+00:00 [queued]>
[2025-02-27T10:36:12.310+0000] {taskinstance.py:1956} INFO - Dependencies all met for dep_context=requeueable deps ti=<TaskInstance: 3_4_2_homework_assignment.extract_task scheduled__2024-01-10T00:00:00+00:00 [queued]>
[2025-02-27T10:36:12.310+0000] {taskinstance.py:2170} INFO - Starting attempt 1 of 1
[2025-02-27T10:36:12.321+0000] {taskinstance.py:2191} INFO - Executing <Task(PythonOperator): extract_task> on 2024-01-10 00:00:00+00:00
[2025-02-27T10:36:12.326+0000] {standard_task_runner.py:60} INFO - Started process 6671 to run task
[2025-02-27T10:36:12.328+0000] {standard_task_runner.py:87} INFO - Running: ['airflow', 'tasks', 'run', '3_4_2_homework_assignment', 'extract_task', 'scheduled__2024-01-10T00:00:00+00:00', '--job-id', '29', '--raw', '--subdir', 'DAGS_FOLDER/3_4_2_homework_assignment.py', '--cfg-path', '/tmp/tmp86obra94']
[2025-02-27T10:36:12.330+0000] {standard_task_runner.py:88} INFO - Job 29: Subtask extract_task
[2025-02-27T10:36:12.354+0000] {task_command.py:423} INFO - Running <TaskInstance: 3_4_2_homework_assignment.extract_task scheduled__2024-01-10T00:00:00+00:00 [running]> on host ea5964584459
[2025-02-27T10:36:12.394+0000] {taskinstance.py:2480} INFO - Exporting env vars: AIRFLOW_CTX_DAG_OWNER='airflow' AIRFLOW_CTX_DAG_ID='3_4_2_homework_assignment' AIRFLOW_CTX_TASK_ID='extract_task' AIRFLOW_CTX_EXECUTION_DATE='2024-01-10T00:00:00+00:00' AIRFLOW_CTX_TRY_NUMBER='1' AIRFLOW_CTX_DAG_RUN_ID='scheduled__2024-01-10T00:00:00+00:00'
[2025-02-27T10:36:12.394+0000] {3_4_2_homework_assignment.py:40} INFO - https://api.exchangerate.host/timeframe?access_key=422bab0c9e08a5476912061877017b8d&source=USD&start_date=2024-01-10&end_date=2024-01-10
[2025-02-27T10:36:13.050+0000] {logging_mixin.py:188} INFO - Ответ API: {"success":true,"terms":"https:\/\/currencylayer.com\/terms","privacy":"https:\/\/currencylayer.com\/privacy","timeframe":true,"start_date":"2024-01-10","end_date":"2024-01-10","source":"USD","quotes":{"2024-01-10":{"USDAED":3.672902,"USDAFN":70.550298,"USDALL":95.161099,"USDAMD":405.479983,"USDANG":1.802096,"USDAOA":828.724012,"USDARS":814.957447,"USDAUD":1.492092,"USDAWG":1.8025,"USDAZN":1.699925,"USDBAM":1.786641,"USDBBD":2.018946,"USDBDT":109.739833,"USDBGN":1.782645,"USDBHD":0.376922,"USDBIF":2857,"USDBMD":1,"USDBND":1.330983,"USDBOB":6.909845,"USDBRL":4.892901,"USDBSD":0.999927,"USDBTC":2.1412194e-5,"USDBTN":83.008487,"USDBWP":13.512686,"USDBYN":3.271824,"USDBYR":19600,"USDBZD":2.015566,"USDCAD":1.337935,"USDCDF":2684.999535,"USDCHF":0.850698,"USDCLF":0.033222,"USDCLP":916.690099,"USDCNY":7.171404,"USDCOP":3936.5,"USDCRC":521.070277,"USDCUC":1,"USDCUP":26.5,"USDCVE":100.87501,"USDCZK":22.391967,"USDDJF":177.720051,"USDDKK":6.795525,"USDDOP":58.599323,"USDDZD":134.533177,"USDEGP":30.894301,"USDERN":15,"USDETB":56.545169,"USDEUR":0.911195,"USDFJD":2.24075,"USDFKP":0.786323,"USDGBP":0.784655,"USDGEL":2.684956,"USDGGP":0.786323,"USDGHS":11.950133,"USDGIP":0.786323,"USDGMD":67.274998,"USDGNF":8555.000259,"USDGTQ":7.814191,"USDGYD":209.369034,"USDHKD":7.81995,"USDHNL":24.659261,"USDHRK":6.98177,"USDHTG":131.645778,"USDHUF":344.72014,"USDIDR":15562,"USDILS":3.73905,"USDIMP":0.786323,"USDINR":83.02585,"USDIQD":1310,"USDIRR":42037.499662,"USDISK":136.580151,"USDJEP":0.786323,"USDJMD":154.813779,"USDJOD":0.709403,"USDJPY":145.741005,"USDKES":159.000247,"USDKGS":89.316902,"USDKHR":4098.498708,"USDKMF":448.925021,"USDKPW":899.99274,"USDKRW":1318.496767,"USDKWD":0.30751,"USDKYD":0.833307,"USDKZT":454.317491,"USDLAK":20634.999859,"USDLBP":15064.999862,"USDLKR":322.990842,"USDLRD":188.950158,"USDLSL":18.680223,"USDLTL":2.95274,"USDLVL":0.60489,"USDLYD":4.79495,"USDMAD":9.948501,"USDMDL":17.748728,"USDMGA":4578.548786,"USDMKD":56.057009,"USDMMK":2099.892662,"USDMNT":3420.987757,"USDMOP":8.055213,"USDMRU":39.620003,"USDMUR":44.190315,"USDMVR":15.426725,"USDMWK":1683.000143,"USDMXN":16.984304,"USDMYR":4.643503,"USDMZN":63.24995,"USDNAD":18.679847,"USDNGN":951.490157,"USDNIO":36.61344,"USDNOK":10.348915,"USDNPR":132.813542,"USDNZD":1.60541,"USDOMR":0.38494,"USDPAB":0.999927,"USDPEN":3.707501,"USDPGK":3.786529,"USDPHP":56.163046,"USDPKR":281.375045,"USDPLN":3.951834,"USDPYG":7285.267317,"USDQAR":3.640958,"USDRON":4.530801,"USDRSD":106.825897,"USDRUB":89.900189,"USDRWF":1268,"USDSAR":3.749852,"USDSBD":8.453689,"USDSCR":13.08981,"USDSDG":601.000054,"USDSEK":10.2205,"USDSGD":1.3313,"USDSHP":1.26975,"USDSLE":22.334973,"USDSLL":19749.999964,"USDSOS":570.999771,"USDSRD":36.848024,"USDSTD":20697.981008,"USDSYP":13001.808667,"USDSZL":18.680294,"USDTHB":35.040501,"USDTJS":10.949277,"USDTMT":3.5,"USDTND":3.097499,"USDTOP":2.34815,"USDTRY":29.859198,"USDTTD":6.784693,"USDTWD":31.132799,"USDTZS":2515.000071,"USDUAH":38.196908,"USDUGX":3799.283809,"USDUYU":39.353966,"USDUZS":12344.246721,"USDVEF":3588914.254599,"USDVES":35.872231,"USDVND":24420,"USDVUV":118.333811,"USDWST":2.709661,"USDXAF":599.222604,"USDXAG":0.043639,"USDXAU":0.000493,"USDXCD":2.70255,"USDXDR":0.74926,"USDXOF":599.222604,"USDXPF":109.59797,"USDYER":250.350224,"USDZAR":18.659011,"USDZMK":9001.200441,"USDZMW":26.023368,"USDZWL":321.999592}}}
[2025-02-27T10:36:13.052+0000] {python.py:201} INFO - Done. Returned value was: None
[2025-02-27T10:36:13.056+0000] {taskinstance.py:1138} INFO - Marking task as SUCCESS. dag_id=3_4_2_homework_assignment, task_id=extract_task, execution_date=20240110T000000, start_date=20250227T103612, end_date=20250227T103613
[2025-02-27T10:36:13.107+0000] {local_task_job_runner.py:234} INFO - Task exited with return code 0
[2025-02-27T10:46:04.502+0000] {taskinstance.py:1956} INFO - Dependencies all met for dep_context=non-requeueable deps ti=<TaskInstance: 3_4_2_homework_assignment.extract_task scheduled__2024-01-10T00:00:00+00:00 [queued]>
[2025-02-27T10:46:04.508+0000] {taskinstance.py:1956} INFO - Dependencies all met for dep_context=requeueable deps ti=<TaskInstance: 3_4_2_homework_assignment.extract_task scheduled__2024-01-10T00:00:00+00:00 [queued]>
[2025-02-27T10:46:04.508+0000] {taskinstance.py:2170} INFO - Starting attempt 1 of 1
[2025-02-27T10:46:04.528+0000] {taskinstance.py:2191} INFO - Executing <Task(PythonOperator): extract_task> on 2024-01-10 00:00:00+00:00
[2025-02-27T10:46:04.533+0000] {standard_task_runner.py:60} INFO - Started process 7356 to run task
[2025-02-27T10:46:04.536+0000] {standard_task_runner.py:87} INFO - Running: ['airflow', 'tasks', 'run', '3_4_2_homework_assignment', 'extract_task', 'scheduled__2024-01-10T00:00:00+00:00', '--job-id', '29', '--raw', '--subdir', 'DAGS_FOLDER/3_4_2_homework_assignment.py', '--cfg-path', '/tmp/tmpnpiamxbu']
[2025-02-27T10:46:04.537+0000] {standard_task_runner.py:88} INFO - Job 29: Subtask extract_task
[2025-02-27T10:46:04.570+0000] {task_command.py:423} INFO - Running <TaskInstance: 3_4_2_homework_assignment.extract_task scheduled__2024-01-10T00:00:00+00:00 [running]> on host ea5964584459
[2025-02-27T10:46:04.631+0000] {taskinstance.py:2480} INFO - Exporting env vars: AIRFLOW_CTX_DAG_OWNER='airflow' AIRFLOW_CTX_DAG_ID='3_4_2_homework_assignment' AIRFLOW_CTX_TASK_ID='extract_task' AIRFLOW_CTX_EXECUTION_DATE='2024-01-10T00:00:00+00:00' AIRFLOW_CTX_TRY_NUMBER='1' AIRFLOW_CTX_DAG_RUN_ID='scheduled__2024-01-10T00:00:00+00:00'
[2025-02-27T10:46:04.632+0000] {3_4_2_homework_assignment.py:40} INFO - https://api.exchangerate.host/timeframe?access_key=422bab0c9e08a5476912061877017b8d&source=USD&start_date=2024-01-10&end_date=2024-01-10
[2025-02-27T10:46:05.303+0000] {logging_mixin.py:188} INFO - Ответ API: {"success":true,"terms":"https:\/\/currencylayer.com\/terms","privacy":"https:\/\/currencylayer.com\/privacy","timeframe":true,"start_date":"2024-01-10","end_date":"2024-01-10","source":"USD","quotes":{"2024-01-10":{"USDAED":3.672902,"USDAFN":70.550298,"USDALL":95.161099,"USDAMD":405.479983,"USDANG":1.802096,"USDAOA":828.724012,"USDARS":814.957447,"USDAUD":1.492092,"USDAWG":1.8025,"USDAZN":1.699925,"USDBAM":1.786641,"USDBBD":2.018946,"USDBDT":109.739833,"USDBGN":1.782645,"USDBHD":0.376922,"USDBIF":2857,"USDBMD":1,"USDBND":1.330983,"USDBOB":6.909845,"USDBRL":4.892901,"USDBSD":0.999927,"USDBTC":2.1412194e-5,"USDBTN":83.008487,"USDBWP":13.512686,"USDBYN":3.271824,"USDBYR":19600,"USDBZD":2.015566,"USDCAD":1.337935,"USDCDF":2684.999535,"USDCHF":0.850698,"USDCLF":0.033222,"USDCLP":916.690099,"USDCNY":7.171404,"USDCOP":3936.5,"USDCRC":521.070277,"USDCUC":1,"USDCUP":26.5,"USDCVE":100.87501,"USDCZK":22.391967,"USDDJF":177.720051,"USDDKK":6.795525,"USDDOP":58.599323,"USDDZD":134.533177,"USDEGP":30.894301,"USDERN":15,"USDETB":56.545169,"USDEUR":0.911195,"USDFJD":2.24075,"USDFKP":0.786323,"USDGBP":0.784655,"USDGEL":2.684956,"USDGGP":0.786323,"USDGHS":11.950133,"USDGIP":0.786323,"USDGMD":67.274998,"USDGNF":8555.000259,"USDGTQ":7.814191,"USDGYD":209.369034,"USDHKD":7.81995,"USDHNL":24.659261,"USDHRK":6.98177,"USDHTG":131.645778,"USDHUF":344.72014,"USDIDR":15562,"USDILS":3.73905,"USDIMP":0.786323,"USDINR":83.02585,"USDIQD":1310,"USDIRR":42037.499662,"USDISK":136.580151,"USDJEP":0.786323,"USDJMD":154.813779,"USDJOD":0.709403,"USDJPY":145.741005,"USDKES":159.000247,"USDKGS":89.316902,"USDKHR":4098.498708,"USDKMF":448.925021,"USDKPW":899.99274,"USDKRW":1318.496767,"USDKWD":0.30751,"USDKYD":0.833307,"USDKZT":454.317491,"USDLAK":20634.999859,"USDLBP":15064.999862,"USDLKR":322.990842,"USDLRD":188.950158,"USDLSL":18.680223,"USDLTL":2.95274,"USDLVL":0.60489,"USDLYD":4.79495,"USDMAD":9.948501,"USDMDL":17.748728,"USDMGA":4578.548786,"USDMKD":56.057009,"USDMMK":2099.892662,"USDMNT":3420.987757,"USDMOP":8.055213,"USDMRU":39.620003,"USDMUR":44.190315,"USDMVR":15.426725,"USDMWK":1683.000143,"USDMXN":16.984304,"USDMYR":4.643503,"USDMZN":63.24995,"USDNAD":18.679847,"USDNGN":951.490157,"USDNIO":36.61344,"USDNOK":10.348915,"USDNPR":132.813542,"USDNZD":1.60541,"USDOMR":0.38494,"USDPAB":0.999927,"USDPEN":3.707501,"USDPGK":3.786529,"USDPHP":56.163046,"USDPKR":281.375045,"USDPLN":3.951834,"USDPYG":7285.267317,"USDQAR":3.640958,"USDRON":4.530801,"USDRSD":106.825897,"USDRUB":89.900189,"USDRWF":1268,"USDSAR":3.749852,"USDSBD":8.453689,"USDSCR":13.08981,"USDSDG":601.000054,"USDSEK":10.2205,"USDSGD":1.3313,"USDSHP":1.26975,"USDSLE":22.334973,"USDSLL":19749.999964,"USDSOS":570.999771,"USDSRD":36.848024,"USDSTD":20697.981008,"USDSYP":13001.808667,"USDSZL":18.680294,"USDTHB":35.040501,"USDTJS":10.949277,"USDTMT":3.5,"USDTND":3.097499,"USDTOP":2.34815,"USDTRY":29.859198,"USDTTD":6.784693,"USDTWD":31.132799,"USDTZS":2515.000071,"USDUAH":38.196908,"USDUGX":3799.283809,"USDUYU":39.353966,"USDUZS":12344.246721,"USDVEF":3588914.254599,"USDVES":35.872231,"USDVND":24420,"USDVUV":118.333811,"USDWST":2.709661,"USDXAF":599.222604,"USDXAG":0.043639,"USDXAU":0.000493,"USDXCD":2.70255,"USDXDR":0.74926,"USDXOF":599.222604,"USDXPF":109.59797,"USDYER":250.350224,"USDZAR":18.659011,"USDZMK":9001.200441,"USDZMW":26.023368,"USDZWL":321.999592}}}
[2025-02-27T10:46:05.305+0000] {python.py:201} INFO - Done. Returned value was: None
[2025-02-27T10:46:05.311+0000] {taskinstance.py:1138} INFO - Marking task as SUCCESS. dag_id=3_4_2_homework_assignment, task_id=extract_task, execution_date=20240110T000000, start_date=20250227T104604, end_date=20250227T104605
[2025-02-27T10:46:05.354+0000] {local_task_job_runner.py:234} INFO - Task exited with return code 0
