[2025-02-27T09:33:08.844+0000] {taskinstance.py:1956} INFO - Dependencies all met for dep_context=non-requeueable deps ti=<TaskInstance: 3_4_2_homework_assignment.transform_data_task scheduled__2024-01-05T00:00:00+00:00 [queued]>
[2025-02-27T09:33:08.848+0000] {taskinstance.py:1956} INFO - Dependencies all met for dep_context=requeueable deps ti=<TaskInstance: 3_4_2_homework_assignment.transform_data_task scheduled__2024-01-05T00:00:00+00:00 [queued]>
[2025-02-27T09:33:08.849+0000] {taskinstance.py:2170} INFO - Starting attempt 1 of 1
[2025-02-27T09:33:08.860+0000] {taskinstance.py:2191} INFO - Executing <Task(PythonOperator): transform_data_task> on 2024-01-05 00:00:00+00:00
[2025-02-27T09:33:08.865+0000] {standard_task_runner.py:60} INFO - Started process 314 to run task
[2025-02-27T09:33:08.867+0000] {standard_task_runner.py:87} INFO - Running: ['airflow', 'tasks', 'run', '3_4_2_homework_assignment', 'transform_data_task', 'scheduled__2024-01-05T00:00:00+00:00', '--job-id', '11', '--raw', '--subdir', 'DAGS_FOLDER/3_4_2_homework_assignment.py', '--cfg-path', '/tmp/tmpd3kepkix']
[2025-02-27T09:33:08.868+0000] {standard_task_runner.py:88} INFO - Job 11: Subtask transform_data_task
[2025-02-27T09:33:08.896+0000] {task_command.py:423} INFO - Running <TaskInstance: 3_4_2_homework_assignment.transform_data_task scheduled__2024-01-05T00:00:00+00:00 [running]> on host ea5964584459
[2025-02-27T09:33:08.938+0000] {taskinstance.py:2480} INFO - Exporting env vars: AIRFLOW_CTX_DAG_OWNER='airflow' AIRFLOW_CTX_DAG_ID='3_4_2_homework_assignment' AIRFLOW_CTX_TASK_ID='transform_data_task' AIRFLOW_CTX_EXECUTION_DATE='2024-01-05T00:00:00+00:00' AIRFLOW_CTX_TRY_NUMBER='1' AIRFLOW_CTX_DAG_RUN_ID='scheduled__2024-01-05T00:00:00+00:00'
[2025-02-27T09:33:08.939+0000] {taskinstance.py:2698} ERROR - Task failed with exception
Traceback (most recent call last):
  File "/home/airflow/.local/lib/python3.9/site-packages/airflow/models/taskinstance.py", line 433, in _execute_task
    result = execute_callable(context=context, **execute_callable_kwargs)
  File "/home/airflow/.local/lib/python3.9/site-packages/airflow/operators/python.py", line 199, in execute
    return_value = self.execute_callable()
  File "/home/airflow/.local/lib/python3.9/site-packages/airflow/operators/python.py", line 216, in execute_callable
    return self.python_callable(*self.op_args, **self.op_kwargs)
  File "/opt/airflow/dags/3_4_2_homework_assignment.py", line 56, in transform_data
    current = request_json["source"]
KeyError: 'source'
[2025-02-27T09:33:08.943+0000] {taskinstance.py:1138} INFO - Marking task as FAILED. dag_id=3_4_2_homework_assignment, task_id=transform_data_task, execution_date=20240105T000000, start_date=20250227T093308, end_date=20250227T093308
[2025-02-27T09:33:08.951+0000] {standard_task_runner.py:107} ERROR - Failed to execute job 11 for task transform_data_task ('source'; 314)
[2025-02-27T09:33:08.960+0000] {local_task_job_runner.py:234} INFO - Task exited with return code 1
[2025-02-27T09:35:22.319+0000] {taskinstance.py:1956} INFO - Dependencies all met for dep_context=non-requeueable deps ti=<TaskInstance: 3_4_2_homework_assignment.transform_data_task scheduled__2024-01-05T00:00:00+00:00 [queued]>
[2025-02-27T09:35:22.324+0000] {taskinstance.py:1956} INFO - Dependencies all met for dep_context=requeueable deps ti=<TaskInstance: 3_4_2_homework_assignment.transform_data_task scheduled__2024-01-05T00:00:00+00:00 [queued]>
[2025-02-27T09:35:22.325+0000] {taskinstance.py:2170} INFO - Starting attempt 1 of 1
[2025-02-27T09:35:22.335+0000] {taskinstance.py:2191} INFO - Executing <Task(PythonOperator): transform_data_task> on 2024-01-05 00:00:00+00:00
[2025-02-27T09:35:22.339+0000] {standard_task_runner.py:60} INFO - Started process 675 to run task
[2025-02-27T09:35:22.341+0000] {standard_task_runner.py:87} INFO - Running: ['airflow', 'tasks', 'run', '3_4_2_homework_assignment', 'transform_data_task', 'scheduled__2024-01-05T00:00:00+00:00', '--job-id', '11', '--raw', '--subdir', 'DAGS_FOLDER/3_4_2_homework_assignment.py', '--cfg-path', '/tmp/tmpplsij47g']
[2025-02-27T09:35:22.342+0000] {standard_task_runner.py:88} INFO - Job 11: Subtask transform_data_task
[2025-02-27T09:35:22.366+0000] {task_command.py:423} INFO - Running <TaskInstance: 3_4_2_homework_assignment.transform_data_task scheduled__2024-01-05T00:00:00+00:00 [running]> on host ea5964584459
[2025-02-27T09:35:22.413+0000] {taskinstance.py:2480} INFO - Exporting env vars: AIRFLOW_CTX_DAG_OWNER='airflow' AIRFLOW_CTX_DAG_ID='3_4_2_homework_assignment' AIRFLOW_CTX_TASK_ID='transform_data_task' AIRFLOW_CTX_EXECUTION_DATE='2024-01-05T00:00:00+00:00' AIRFLOW_CTX_TRY_NUMBER='1' AIRFLOW_CTX_DAG_RUN_ID='scheduled__2024-01-05T00:00:00+00:00'
[2025-02-27T09:35:22.415+0000] {taskinstance.py:2698} ERROR - Task failed with exception
Traceback (most recent call last):
  File "/home/airflow/.local/lib/python3.9/site-packages/airflow/models/taskinstance.py", line 433, in _execute_task
    result = execute_callable(context=context, **execute_callable_kwargs)
  File "/home/airflow/.local/lib/python3.9/site-packages/airflow/operators/python.py", line 199, in execute
    return_value = self.execute_callable()
  File "/home/airflow/.local/lib/python3.9/site-packages/airflow/operators/python.py", line 216, in execute_callable
    return self.python_callable(*self.op_args, **self.op_kwargs)
  File "/opt/airflow/dags/3_4_2_homework_assignment.py", line 56, in transform_data
    current = request_json["source"]
KeyError: 'source'
[2025-02-27T09:35:22.422+0000] {taskinstance.py:1138} INFO - Marking task as FAILED. dag_id=3_4_2_homework_assignment, task_id=transform_data_task, execution_date=20240105T000000, start_date=20250227T093522, end_date=20250227T093522
[2025-02-27T09:35:22.432+0000] {standard_task_runner.py:107} ERROR - Failed to execute job 11 for task transform_data_task ('source'; 675)
[2025-02-27T09:35:22.474+0000] {local_task_job_runner.py:234} INFO - Task exited with return code 1
[2025-02-27T09:40:18.040+0000] {taskinstance.py:1956} INFO - Dependencies all met for dep_context=non-requeueable deps ti=<TaskInstance: 3_4_2_homework_assignment.transform_data_task scheduled__2024-01-05T00:00:00+00:00 [queued]>
[2025-02-27T09:40:18.045+0000] {taskinstance.py:1956} INFO - Dependencies all met for dep_context=requeueable deps ti=<TaskInstance: 3_4_2_homework_assignment.transform_data_task scheduled__2024-01-05T00:00:00+00:00 [queued]>
[2025-02-27T09:40:18.045+0000] {taskinstance.py:2170} INFO - Starting attempt 1 of 1
[2025-02-27T09:40:18.059+0000] {taskinstance.py:2191} INFO - Executing <Task(PythonOperator): transform_data_task> on 2024-01-05 00:00:00+00:00
[2025-02-27T09:40:18.064+0000] {standard_task_runner.py:60} INFO - Started process 1078 to run task
[2025-02-27T09:40:18.066+0000] {standard_task_runner.py:87} INFO - Running: ['airflow', 'tasks', 'run', '3_4_2_homework_assignment', 'transform_data_task', 'scheduled__2024-01-05T00:00:00+00:00', '--job-id', '11', '--raw', '--subdir', 'DAGS_FOLDER/3_4_2_homework_assignment.py', '--cfg-path', '/tmp/tmpysc7904r']
[2025-02-27T09:40:18.067+0000] {standard_task_runner.py:88} INFO - Job 11: Subtask transform_data_task
[2025-02-27T09:40:18.096+0000] {task_command.py:423} INFO - Running <TaskInstance: 3_4_2_homework_assignment.transform_data_task scheduled__2024-01-05T00:00:00+00:00 [running]> on host ea5964584459
[2025-02-27T09:40:18.139+0000] {taskinstance.py:2480} INFO - Exporting env vars: AIRFLOW_CTX_DAG_OWNER='airflow' AIRFLOW_CTX_DAG_ID='3_4_2_homework_assignment' AIRFLOW_CTX_TASK_ID='transform_data_task' AIRFLOW_CTX_EXECUTION_DATE='2024-01-05T00:00:00+00:00' AIRFLOW_CTX_TRY_NUMBER='1' AIRFLOW_CTX_DAG_RUN_ID='scheduled__2024-01-05T00:00:00+00:00'
[2025-02-27T09:40:18.140+0000] {taskinstance.py:2698} ERROR - Task failed with exception
Traceback (most recent call last):
  File "/home/airflow/.local/lib/python3.9/site-packages/airflow/models/taskinstance.py", line 433, in _execute_task
    result = execute_callable(context=context, **execute_callable_kwargs)
  File "/home/airflow/.local/lib/python3.9/site-packages/airflow/operators/python.py", line 199, in execute
    return_value = self.execute_callable()
  File "/home/airflow/.local/lib/python3.9/site-packages/airflow/operators/python.py", line 216, in execute_callable
    return self.python_callable(*self.op_args, **self.op_kwargs)
  File "/opt/airflow/dags/3_4_2_homework_assignment.py", line 56, in transform_data
    current = request_json["source"]
KeyError: 'source'
[2025-02-27T09:40:18.144+0000] {taskinstance.py:1138} INFO - Marking task as FAILED. dag_id=3_4_2_homework_assignment, task_id=transform_data_task, execution_date=20240105T000000, start_date=20250227T094018, end_date=20250227T094018
[2025-02-27T09:40:18.151+0000] {standard_task_runner.py:107} ERROR - Failed to execute job 11 for task transform_data_task ('source'; 1078)
[2025-02-27T09:40:18.159+0000] {local_task_job_runner.py:234} INFO - Task exited with return code 1
[2025-02-27T09:44:15.073+0000] {taskinstance.py:1956} INFO - Dependencies all met for dep_context=non-requeueable deps ti=<TaskInstance: 3_4_2_homework_assignment.transform_data_task scheduled__2024-01-05T00:00:00+00:00 [queued]>
[2025-02-27T09:44:15.078+0000] {taskinstance.py:1956} INFO - Dependencies all met for dep_context=requeueable deps ti=<TaskInstance: 3_4_2_homework_assignment.transform_data_task scheduled__2024-01-05T00:00:00+00:00 [queued]>
[2025-02-27T09:44:15.079+0000] {taskinstance.py:2170} INFO - Starting attempt 1 of 1
[2025-02-27T09:44:15.090+0000] {taskinstance.py:2191} INFO - Executing <Task(PythonOperator): transform_data_task> on 2024-01-05 00:00:00+00:00
[2025-02-27T09:44:15.095+0000] {standard_task_runner.py:60} INFO - Started process 1470 to run task
[2025-02-27T09:44:15.098+0000] {standard_task_runner.py:87} INFO - Running: ['airflow', 'tasks', 'run', '3_4_2_homework_assignment', 'transform_data_task', 'scheduled__2024-01-05T00:00:00+00:00', '--job-id', '11', '--raw', '--subdir', 'DAGS_FOLDER/3_4_2_homework_assignment.py', '--cfg-path', '/tmp/tmp_4468wfa']
[2025-02-27T09:44:15.099+0000] {standard_task_runner.py:88} INFO - Job 11: Subtask transform_data_task
[2025-02-27T09:44:15.127+0000] {task_command.py:423} INFO - Running <TaskInstance: 3_4_2_homework_assignment.transform_data_task scheduled__2024-01-05T00:00:00+00:00 [running]> on host ea5964584459
[2025-02-27T09:44:15.185+0000] {taskinstance.py:2480} INFO - Exporting env vars: AIRFLOW_CTX_DAG_OWNER='airflow' AIRFLOW_CTX_DAG_ID='3_4_2_homework_assignment' AIRFLOW_CTX_TASK_ID='transform_data_task' AIRFLOW_CTX_EXECUTION_DATE='2024-01-05T00:00:00+00:00' AIRFLOW_CTX_TRY_NUMBER='1' AIRFLOW_CTX_DAG_RUN_ID='scheduled__2024-01-05T00:00:00+00:00'
[2025-02-27T09:44:15.186+0000] {taskinstance.py:2698} ERROR - Task failed with exception
Traceback (most recent call last):
  File "/home/airflow/.local/lib/python3.9/site-packages/airflow/models/taskinstance.py", line 433, in _execute_task
    result = execute_callable(context=context, **execute_callable_kwargs)
  File "/home/airflow/.local/lib/python3.9/site-packages/airflow/operators/python.py", line 199, in execute
    return_value = self.execute_callable()
  File "/home/airflow/.local/lib/python3.9/site-packages/airflow/operators/python.py", line 216, in execute_callable
    return self.python_callable(*self.op_args, **self.op_kwargs)
  File "/opt/airflow/dags/3_4_2_homework_assignment.py", line 60, in transform_data
    raise KeyError(f"Ключ '{key}' отсутствует в JSON-файле: {s_file}")
KeyError: "Ключ 'source' отсутствует в JSON-файле: extracted_data.json"
[2025-02-27T09:44:15.191+0000] {taskinstance.py:1138} INFO - Marking task as FAILED. dag_id=3_4_2_homework_assignment, task_id=transform_data_task, execution_date=20240105T000000, start_date=20250227T094415, end_date=20250227T094415
[2025-02-27T09:44:15.200+0000] {standard_task_runner.py:107} ERROR - Failed to execute job 11 for task transform_data_task ("Ключ 'source' отсутствует в JSON-файле: extracted_data.json"; 1470)
[2025-02-27T09:44:15.231+0000] {local_task_job_runner.py:234} INFO - Task exited with return code 1
[2025-02-27T09:47:10.007+0000] {taskinstance.py:1956} INFO - Dependencies all met for dep_context=non-requeueable deps ti=<TaskInstance: 3_4_2_homework_assignment.transform_data_task scheduled__2024-01-05T00:00:00+00:00 [queued]>
[2025-02-27T09:47:10.012+0000] {taskinstance.py:1956} INFO - Dependencies all met for dep_context=requeueable deps ti=<TaskInstance: 3_4_2_homework_assignment.transform_data_task scheduled__2024-01-05T00:00:00+00:00 [queued]>
[2025-02-27T09:47:10.012+0000] {taskinstance.py:2170} INFO - Starting attempt 1 of 1
[2025-02-27T09:47:10.025+0000] {taskinstance.py:2191} INFO - Executing <Task(PythonOperator): transform_data_task> on 2024-01-05 00:00:00+00:00
[2025-02-27T09:47:10.029+0000] {standard_task_runner.py:60} INFO - Started process 1769 to run task
[2025-02-27T09:47:10.032+0000] {standard_task_runner.py:87} INFO - Running: ['airflow', 'tasks', 'run', '3_4_2_homework_assignment', 'transform_data_task', 'scheduled__2024-01-05T00:00:00+00:00', '--job-id', '7', '--raw', '--subdir', 'DAGS_FOLDER/3_4_2_homework_assignment.py', '--cfg-path', '/tmp/tmpgqxc0njk']
[2025-02-27T09:47:10.033+0000] {standard_task_runner.py:88} INFO - Job 7: Subtask transform_data_task
[2025-02-27T09:47:10.057+0000] {task_command.py:423} INFO - Running <TaskInstance: 3_4_2_homework_assignment.transform_data_task scheduled__2024-01-05T00:00:00+00:00 [running]> on host ea5964584459
[2025-02-27T09:47:10.105+0000] {taskinstance.py:2480} INFO - Exporting env vars: AIRFLOW_CTX_DAG_OWNER='airflow' AIRFLOW_CTX_DAG_ID='3_4_2_homework_assignment' AIRFLOW_CTX_TASK_ID='transform_data_task' AIRFLOW_CTX_EXECUTION_DATE='2024-01-05T00:00:00+00:00' AIRFLOW_CTX_TRY_NUMBER='1' AIRFLOW_CTX_DAG_RUN_ID='scheduled__2024-01-05T00:00:00+00:00'
[2025-02-27T09:47:10.107+0000] {taskinstance.py:2698} ERROR - Task failed with exception
Traceback (most recent call last):
  File "/home/airflow/.local/lib/python3.9/site-packages/airflow/models/taskinstance.py", line 433, in _execute_task
    result = execute_callable(context=context, **execute_callable_kwargs)
  File "/home/airflow/.local/lib/python3.9/site-packages/airflow/operators/python.py", line 199, in execute
    return_value = self.execute_callable()
  File "/home/airflow/.local/lib/python3.9/site-packages/airflow/operators/python.py", line 216, in execute_callable
    return self.python_callable(*self.op_args, **self.op_kwargs)
  File "/opt/airflow/dags/3_4_2_homework_assignment.py", line 60, in transform_data
    raise KeyError(f"Ключ '{key}' отсутствует в JSON-файле: {s_file}")
KeyError: "Ключ 'source' отсутствует в JSON-файле: extracted_data.json"
[2025-02-27T09:47:10.111+0000] {taskinstance.py:1138} INFO - Marking task as FAILED. dag_id=3_4_2_homework_assignment, task_id=transform_data_task, execution_date=20240105T000000, start_date=20250227T094710, end_date=20250227T094710
[2025-02-27T09:47:10.121+0000] {standard_task_runner.py:107} ERROR - Failed to execute job 7 for task transform_data_task ("Ключ 'source' отсутствует в JSON-файле: extracted_data.json"; 1769)
[2025-02-27T09:47:10.165+0000] {local_task_job_runner.py:234} INFO - Task exited with return code 1
[2025-02-27T09:47:10.175+0000] {taskinstance.py:3280} INFO - 0 downstream tasks scheduled from follow-on schedule check
[2025-02-27T09:50:31.772+0000] {taskinstance.py:1956} INFO - Dependencies all met for dep_context=non-requeueable deps ti=<TaskInstance: 3_4_2_homework_assignment.transform_data_task scheduled__2024-01-05T00:00:00+00:00 [queued]>
[2025-02-27T09:50:31.777+0000] {taskinstance.py:1956} INFO - Dependencies all met for dep_context=requeueable deps ti=<TaskInstance: 3_4_2_homework_assignment.transform_data_task scheduled__2024-01-05T00:00:00+00:00 [queued]>
[2025-02-27T09:50:31.778+0000] {taskinstance.py:2170} INFO - Starting attempt 1 of 1
[2025-02-27T09:50:31.791+0000] {taskinstance.py:2191} INFO - Executing <Task(PythonOperator): transform_data_task> on 2024-01-05 00:00:00+00:00
[2025-02-27T09:50:31.796+0000] {standard_task_runner.py:60} INFO - Started process 2301 to run task
[2025-02-27T09:50:31.799+0000] {standard_task_runner.py:87} INFO - Running: ['airflow', 'tasks', 'run', '3_4_2_homework_assignment', 'transform_data_task', 'scheduled__2024-01-05T00:00:00+00:00', '--job-id', '15', '--raw', '--subdir', 'DAGS_FOLDER/3_4_2_homework_assignment.py', '--cfg-path', '/tmp/tmpq1lpq3sz']
[2025-02-27T09:50:31.800+0000] {standard_task_runner.py:88} INFO - Job 15: Subtask transform_data_task
[2025-02-27T09:50:31.828+0000] {task_command.py:423} INFO - Running <TaskInstance: 3_4_2_homework_assignment.transform_data_task scheduled__2024-01-05T00:00:00+00:00 [running]> on host ea5964584459
[2025-02-27T09:50:31.872+0000] {taskinstance.py:2480} INFO - Exporting env vars: AIRFLOW_CTX_DAG_OWNER='airflow' AIRFLOW_CTX_DAG_ID='3_4_2_homework_assignment' AIRFLOW_CTX_TASK_ID='transform_data_task' AIRFLOW_CTX_EXECUTION_DATE='2024-01-05T00:00:00+00:00' AIRFLOW_CTX_TRY_NUMBER='1' AIRFLOW_CTX_DAG_RUN_ID='scheduled__2024-01-05T00:00:00+00:00'
[2025-02-27T09:50:31.873+0000] {taskinstance.py:2698} ERROR - Task failed with exception
Traceback (most recent call last):
  File "/home/airflow/.local/lib/python3.9/site-packages/airflow/models/taskinstance.py", line 433, in _execute_task
    result = execute_callable(context=context, **execute_callable_kwargs)
  File "/home/airflow/.local/lib/python3.9/site-packages/airflow/operators/python.py", line 199, in execute
    return_value = self.execute_callable()
  File "/home/airflow/.local/lib/python3.9/site-packages/airflow/operators/python.py", line 216, in execute_callable
    return self.python_callable(*self.op_args, **self.op_kwargs)
  File "/opt/airflow/dags/3_4_2_homework_assignment.py", line 66, in transform_data
    raise KeyError(f"Ключ '{key}' отсутствует в JSON-файле: {s_file}")
KeyError: "Ключ 'source' отсутствует в JSON-файле: extracted_data.json"
[2025-02-27T09:50:31.878+0000] {taskinstance.py:1138} INFO - Marking task as FAILED. dag_id=3_4_2_homework_assignment, task_id=transform_data_task, execution_date=20240105T000000, start_date=20250227T095031, end_date=20250227T095031
[2025-02-27T09:50:31.887+0000] {standard_task_runner.py:107} ERROR - Failed to execute job 15 for task transform_data_task ("Ключ 'source' отсутствует в JSON-файле: extracted_data.json"; 2301)
[2025-02-27T09:50:31.934+0000] {local_task_job_runner.py:234} INFO - Task exited with return code 1
[2025-02-27T09:50:31.943+0000] {taskinstance.py:3280} INFO - 0 downstream tasks scheduled from follow-on schedule check
[2025-02-27T09:54:50.935+0000] {taskinstance.py:1956} INFO - Dependencies all met for dep_context=non-requeueable deps ti=<TaskInstance: 3_4_2_homework_assignment.transform_data_task scheduled__2024-01-05T00:00:00+00:00 [queued]>
[2025-02-27T09:54:50.941+0000] {taskinstance.py:1956} INFO - Dependencies all met for dep_context=requeueable deps ti=<TaskInstance: 3_4_2_homework_assignment.transform_data_task scheduled__2024-01-05T00:00:00+00:00 [queued]>
[2025-02-27T09:54:50.941+0000] {taskinstance.py:2170} INFO - Starting attempt 1 of 1
[2025-02-27T09:54:50.956+0000] {taskinstance.py:2191} INFO - Executing <Task(PythonOperator): transform_data_task> on 2024-01-05 00:00:00+00:00
[2025-02-27T09:54:50.961+0000] {standard_task_runner.py:60} INFO - Started process 2881 to run task
[2025-02-27T09:54:50.964+0000] {standard_task_runner.py:87} INFO - Running: ['airflow', 'tasks', 'run', '3_4_2_homework_assignment', 'transform_data_task', 'scheduled__2024-01-05T00:00:00+00:00', '--job-id', '15', '--raw', '--subdir', 'DAGS_FOLDER/3_4_2_homework_assignment.py', '--cfg-path', '/tmp/tmpj3ho8o2b']
[2025-02-27T09:54:50.965+0000] {standard_task_runner.py:88} INFO - Job 15: Subtask transform_data_task
[2025-02-27T09:54:50.996+0000] {task_command.py:423} INFO - Running <TaskInstance: 3_4_2_homework_assignment.transform_data_task scheduled__2024-01-05T00:00:00+00:00 [running]> on host ea5964584459
[2025-02-27T09:54:51.049+0000] {taskinstance.py:2480} INFO - Exporting env vars: AIRFLOW_CTX_DAG_OWNER='airflow' AIRFLOW_CTX_DAG_ID='3_4_2_homework_assignment' AIRFLOW_CTX_TASK_ID='transform_data_task' AIRFLOW_CTX_EXECUTION_DATE='2024-01-05T00:00:00+00:00' AIRFLOW_CTX_TRY_NUMBER='1' AIRFLOW_CTX_DAG_RUN_ID='scheduled__2024-01-05T00:00:00+00:00'
[2025-02-27T09:54:51.050+0000] {taskinstance.py:2698} ERROR - Task failed with exception
Traceback (most recent call last):
  File "/home/airflow/.local/lib/python3.9/site-packages/airflow/models/taskinstance.py", line 433, in _execute_task
    result = execute_callable(context=context, **execute_callable_kwargs)
  File "/home/airflow/.local/lib/python3.9/site-packages/airflow/operators/python.py", line 199, in execute
    return_value = self.execute_callable()
  File "/home/airflow/.local/lib/python3.9/site-packages/airflow/operators/python.py", line 216, in execute_callable
    return self.python_callable(*self.op_args, **self.op_kwargs)
  File "/opt/airflow/dags/3_4_2_homework_assignment.py", line 67, in transform_data
    raise KeyError(f"Ключ '{key}' отсутствует в JSON-файле: {s_file}")
KeyError: "Ключ 'source' отсутствует в JSON-файле: extracted_data.json"
[2025-02-27T09:54:51.055+0000] {taskinstance.py:1138} INFO - Marking task as FAILED. dag_id=3_4_2_homework_assignment, task_id=transform_data_task, execution_date=20240105T000000, start_date=20250227T095450, end_date=20250227T095451
[2025-02-27T09:54:51.065+0000] {standard_task_runner.py:107} ERROR - Failed to execute job 15 for task transform_data_task ("Ключ 'source' отсутствует в JSON-файле: extracted_data.json"; 2881)
[2025-02-27T09:54:51.097+0000] {local_task_job_runner.py:234} INFO - Task exited with return code 1
[2025-02-27T09:54:51.107+0000] {taskinstance.py:3280} INFO - 0 downstream tasks scheduled from follow-on schedule check
[2025-02-27T10:06:42.937+0000] {taskinstance.py:1956} INFO - Dependencies all met for dep_context=non-requeueable deps ti=<TaskInstance: 3_4_2_homework_assignment.transform_data_task scheduled__2024-01-05T00:00:00+00:00 [queued]>
[2025-02-27T10:06:42.942+0000] {taskinstance.py:1956} INFO - Dependencies all met for dep_context=requeueable deps ti=<TaskInstance: 3_4_2_homework_assignment.transform_data_task scheduled__2024-01-05T00:00:00+00:00 [queued]>
[2025-02-27T10:06:42.942+0000] {taskinstance.py:2170} INFO - Starting attempt 1 of 1
[2025-02-27T10:06:42.952+0000] {taskinstance.py:2191} INFO - Executing <Task(PythonOperator): transform_data_task> on 2024-01-05 00:00:00+00:00
[2025-02-27T10:06:42.957+0000] {standard_task_runner.py:60} INFO - Started process 3523 to run task
[2025-02-27T10:06:42.959+0000] {standard_task_runner.py:87} INFO - Running: ['airflow', 'tasks', 'run', '3_4_2_homework_assignment', 'transform_data_task', 'scheduled__2024-01-05T00:00:00+00:00', '--job-id', '15', '--raw', '--subdir', 'DAGS_FOLDER/3_4_2_homework_assignment.py', '--cfg-path', '/tmp/tmp4o2q4rj8']
[2025-02-27T10:06:42.960+0000] {standard_task_runner.py:88} INFO - Job 15: Subtask transform_data_task
[2025-02-27T10:06:42.986+0000] {task_command.py:423} INFO - Running <TaskInstance: 3_4_2_homework_assignment.transform_data_task scheduled__2024-01-05T00:00:00+00:00 [running]> on host ea5964584459
[2025-02-27T10:06:43.024+0000] {taskinstance.py:2480} INFO - Exporting env vars: AIRFLOW_CTX_DAG_OWNER='airflow' AIRFLOW_CTX_DAG_ID='3_4_2_homework_assignment' AIRFLOW_CTX_TASK_ID='transform_data_task' AIRFLOW_CTX_EXECUTION_DATE='2024-01-05T00:00:00+00:00' AIRFLOW_CTX_TRY_NUMBER='1' AIRFLOW_CTX_DAG_RUN_ID='scheduled__2024-01-05T00:00:00+00:00'
[2025-02-27T10:06:43.025+0000] {taskinstance.py:2698} ERROR - Task failed with exception
Traceback (most recent call last):
  File "/home/airflow/.local/lib/python3.9/site-packages/airflow/models/taskinstance.py", line 433, in _execute_task
    result = execute_callable(context=context, **execute_callable_kwargs)
  File "/home/airflow/.local/lib/python3.9/site-packages/airflow/operators/python.py", line 199, in execute
    return_value = self.execute_callable()
  File "/home/airflow/.local/lib/python3.9/site-packages/airflow/operators/python.py", line 216, in execute_callable
    return self.python_callable(*self.op_args, **self.op_kwargs)
  File "/opt/airflow/dags/3_4_2_homework_assignment.py", line 61, in transform_data
    raise KeyError(f"Ключ '{key}' отсутствует в JSON-файле: {s_file}")
KeyError: "Ключ 'source' отсутствует в JSON-файле: extracted_data.json"
[2025-02-27T10:06:43.030+0000] {taskinstance.py:1138} INFO - Marking task as FAILED. dag_id=3_4_2_homework_assignment, task_id=transform_data_task, execution_date=20240105T000000, start_date=20250227T100642, end_date=20250227T100643
[2025-02-27T10:06:43.038+0000] {standard_task_runner.py:107} ERROR - Failed to execute job 15 for task transform_data_task ("Ключ 'source' отсутствует в JSON-файле: extracted_data.json"; 3523)
[2025-02-27T10:06:43.052+0000] {local_task_job_runner.py:234} INFO - Task exited with return code 1
[2025-02-27T10:06:43.060+0000] {taskinstance.py:3280} INFO - 0 downstream tasks scheduled from follow-on schedule check
[2025-02-27T10:14:20.832+0000] {taskinstance.py:1956} INFO - Dependencies all met for dep_context=non-requeueable deps ti=<TaskInstance: 3_4_2_homework_assignment.transform_data_task scheduled__2024-01-05T00:00:00+00:00 [queued]>
[2025-02-27T10:14:20.836+0000] {taskinstance.py:1956} INFO - Dependencies all met for dep_context=requeueable deps ti=<TaskInstance: 3_4_2_homework_assignment.transform_data_task scheduled__2024-01-05T00:00:00+00:00 [queued]>
[2025-02-27T10:14:20.836+0000] {taskinstance.py:2170} INFO - Starting attempt 1 of 1
[2025-02-27T10:14:20.849+0000] {taskinstance.py:2191} INFO - Executing <Task(PythonOperator): transform_data_task> on 2024-01-05 00:00:00+00:00
[2025-02-27T10:14:20.853+0000] {standard_task_runner.py:60} INFO - Started process 4418 to run task
[2025-02-27T10:14:20.855+0000] {standard_task_runner.py:87} INFO - Running: ['airflow', 'tasks', 'run', '3_4_2_homework_assignment', 'transform_data_task', 'scheduled__2024-01-05T00:00:00+00:00', '--job-id', '15', '--raw', '--subdir', 'DAGS_FOLDER/3_4_2_homework_assignment.py', '--cfg-path', '/tmp/tmpuwnlfd7l']
[2025-02-27T10:14:20.857+0000] {standard_task_runner.py:88} INFO - Job 15: Subtask transform_data_task
[2025-02-27T10:14:20.885+0000] {task_command.py:423} INFO - Running <TaskInstance: 3_4_2_homework_assignment.transform_data_task scheduled__2024-01-05T00:00:00+00:00 [running]> on host ea5964584459
[2025-02-27T10:14:20.931+0000] {taskinstance.py:2480} INFO - Exporting env vars: AIRFLOW_CTX_DAG_OWNER='airflow' AIRFLOW_CTX_DAG_ID='3_4_2_homework_assignment' AIRFLOW_CTX_TASK_ID='transform_data_task' AIRFLOW_CTX_EXECUTION_DATE='2024-01-05T00:00:00+00:00' AIRFLOW_CTX_TRY_NUMBER='1' AIRFLOW_CTX_DAG_RUN_ID='scheduled__2024-01-05T00:00:00+00:00'
[2025-02-27T10:14:20.933+0000] {python.py:201} INFO - Done. Returned value was: None
[2025-02-27T10:14:20.936+0000] {taskinstance.py:1138} INFO - Marking task as SUCCESS. dag_id=3_4_2_homework_assignment, task_id=transform_data_task, execution_date=20240105T000000, start_date=20250227T101420, end_date=20250227T101420
[2025-02-27T10:14:20.990+0000] {local_task_job_runner.py:234} INFO - Task exited with return code 0
[2025-02-27T10:14:20.998+0000] {taskinstance.py:3280} INFO - 0 downstream tasks scheduled from follow-on schedule check
[2025-02-27T10:19:34.739+0000] {taskinstance.py:1956} INFO - Dependencies all met for dep_context=non-requeueable deps ti=<TaskInstance: 3_4_2_homework_assignment.transform_data_task scheduled__2024-01-05T00:00:00+00:00 [queued]>
[2025-02-27T10:19:34.744+0000] {taskinstance.py:1956} INFO - Dependencies all met for dep_context=requeueable deps ti=<TaskInstance: 3_4_2_homework_assignment.transform_data_task scheduled__2024-01-05T00:00:00+00:00 [queued]>
[2025-02-27T10:19:34.744+0000] {taskinstance.py:2170} INFO - Starting attempt 1 of 1
[2025-02-27T10:19:34.758+0000] {taskinstance.py:2191} INFO - Executing <Task(PythonOperator): transform_data_task> on 2024-01-05 00:00:00+00:00
[2025-02-27T10:19:34.763+0000] {standard_task_runner.py:60} INFO - Started process 5011 to run task
[2025-02-27T10:19:34.766+0000] {standard_task_runner.py:87} INFO - Running: ['airflow', 'tasks', 'run', '3_4_2_homework_assignment', 'transform_data_task', 'scheduled__2024-01-05T00:00:00+00:00', '--job-id', '15', '--raw', '--subdir', 'DAGS_FOLDER/3_4_2_homework_assignment.py', '--cfg-path', '/tmp/tmpuxxl22ll']
[2025-02-27T10:19:34.767+0000] {standard_task_runner.py:88} INFO - Job 15: Subtask transform_data_task
[2025-02-27T10:19:34.799+0000] {task_command.py:423} INFO - Running <TaskInstance: 3_4_2_homework_assignment.transform_data_task scheduled__2024-01-05T00:00:00+00:00 [running]> on host ea5964584459
[2025-02-27T10:19:34.847+0000] {taskinstance.py:2480} INFO - Exporting env vars: AIRFLOW_CTX_DAG_OWNER='airflow' AIRFLOW_CTX_DAG_ID='3_4_2_homework_assignment' AIRFLOW_CTX_TASK_ID='transform_data_task' AIRFLOW_CTX_EXECUTION_DATE='2024-01-05T00:00:00+00:00' AIRFLOW_CTX_TRY_NUMBER='1' AIRFLOW_CTX_DAG_RUN_ID='scheduled__2024-01-05T00:00:00+00:00'
[2025-02-27T10:19:34.849+0000] {python.py:201} INFO - Done. Returned value was: None
[2025-02-27T10:19:34.853+0000] {taskinstance.py:1138} INFO - Marking task as SUCCESS. dag_id=3_4_2_homework_assignment, task_id=transform_data_task, execution_date=20240105T000000, start_date=20250227T101934, end_date=20250227T101934
[2025-02-27T10:19:34.899+0000] {local_task_job_runner.py:234} INFO - Task exited with return code 0
[2025-02-27T10:24:18.047+0000] {taskinstance.py:1956} INFO - Dependencies all met for dep_context=non-requeueable deps ti=<TaskInstance: 3_4_2_homework_assignment.transform_data_task scheduled__2024-01-05T00:00:00+00:00 [queued]>
[2025-02-27T10:24:18.051+0000] {taskinstance.py:1956} INFO - Dependencies all met for dep_context=requeueable deps ti=<TaskInstance: 3_4_2_homework_assignment.transform_data_task scheduled__2024-01-05T00:00:00+00:00 [queued]>
[2025-02-27T10:24:18.052+0000] {taskinstance.py:2170} INFO - Starting attempt 1 of 1
[2025-02-27T10:24:18.065+0000] {taskinstance.py:2191} INFO - Executing <Task(PythonOperator): transform_data_task> on 2024-01-05 00:00:00+00:00
[2025-02-27T10:24:18.070+0000] {standard_task_runner.py:60} INFO - Started process 5464 to run task
[2025-02-27T10:24:18.072+0000] {standard_task_runner.py:87} INFO - Running: ['airflow', 'tasks', 'run', '3_4_2_homework_assignment', 'transform_data_task', 'scheduled__2024-01-05T00:00:00+00:00', '--job-id', '15', '--raw', '--subdir', 'DAGS_FOLDER/3_4_2_homework_assignment.py', '--cfg-path', '/tmp/tmp92cs8ajj']
[2025-02-27T10:24:18.073+0000] {standard_task_runner.py:88} INFO - Job 15: Subtask transform_data_task
[2025-02-27T10:24:18.102+0000] {task_command.py:423} INFO - Running <TaskInstance: 3_4_2_homework_assignment.transform_data_task scheduled__2024-01-05T00:00:00+00:00 [running]> on host ea5964584459
[2025-02-27T10:24:18.149+0000] {taskinstance.py:2480} INFO - Exporting env vars: AIRFLOW_CTX_DAG_OWNER='airflow' AIRFLOW_CTX_DAG_ID='3_4_2_homework_assignment' AIRFLOW_CTX_TASK_ID='transform_data_task' AIRFLOW_CTX_EXECUTION_DATE='2024-01-05T00:00:00+00:00' AIRFLOW_CTX_TRY_NUMBER='1' AIRFLOW_CTX_DAG_RUN_ID='scheduled__2024-01-05T00:00:00+00:00'
[2025-02-27T10:24:18.151+0000] {python.py:201} INFO - Done. Returned value was: None
[2025-02-27T10:24:18.154+0000] {taskinstance.py:1138} INFO - Marking task as SUCCESS. dag_id=3_4_2_homework_assignment, task_id=transform_data_task, execution_date=20240105T000000, start_date=20250227T102418, end_date=20250227T102418
[2025-02-27T10:24:18.206+0000] {local_task_job_runner.py:234} INFO - Task exited with return code 0
[2025-02-27T10:27:01.755+0000] {taskinstance.py:1956} INFO - Dependencies all met for dep_context=non-requeueable deps ti=<TaskInstance: 3_4_2_homework_assignment.transform_data_task scheduled__2024-01-05T00:00:00+00:00 [queued]>
[2025-02-27T10:27:01.760+0000] {taskinstance.py:1956} INFO - Dependencies all met for dep_context=requeueable deps ti=<TaskInstance: 3_4_2_homework_assignment.transform_data_task scheduled__2024-01-05T00:00:00+00:00 [queued]>
[2025-02-27T10:27:01.760+0000] {taskinstance.py:2170} INFO - Starting attempt 1 of 1
[2025-02-27T10:27:01.771+0000] {taskinstance.py:2191} INFO - Executing <Task(PythonOperator): transform_data_task> on 2024-01-05 00:00:00+00:00
[2025-02-27T10:27:01.775+0000] {standard_task_runner.py:60} INFO - Started process 5753 to run task
[2025-02-27T10:27:01.777+0000] {standard_task_runner.py:87} INFO - Running: ['airflow', 'tasks', 'run', '3_4_2_homework_assignment', 'transform_data_task', 'scheduled__2024-01-05T00:00:00+00:00', '--job-id', '15', '--raw', '--subdir', 'DAGS_FOLDER/3_4_2_homework_assignment.py', '--cfg-path', '/tmp/tmpulxgf_4t']
[2025-02-27T10:27:01.778+0000] {standard_task_runner.py:88} INFO - Job 15: Subtask transform_data_task
[2025-02-27T10:27:01.804+0000] {task_command.py:423} INFO - Running <TaskInstance: 3_4_2_homework_assignment.transform_data_task scheduled__2024-01-05T00:00:00+00:00 [running]> on host ea5964584459
[2025-02-27T10:27:01.841+0000] {taskinstance.py:2480} INFO - Exporting env vars: AIRFLOW_CTX_DAG_OWNER='airflow' AIRFLOW_CTX_DAG_ID='3_4_2_homework_assignment' AIRFLOW_CTX_TASK_ID='transform_data_task' AIRFLOW_CTX_EXECUTION_DATE='2024-01-05T00:00:00+00:00' AIRFLOW_CTX_TRY_NUMBER='1' AIRFLOW_CTX_DAG_RUN_ID='scheduled__2024-01-05T00:00:00+00:00'
[2025-02-27T10:27:01.842+0000] {python.py:201} INFO - Done. Returned value was: None
[2025-02-27T10:27:01.845+0000] {taskinstance.py:1138} INFO - Marking task as SUCCESS. dag_id=3_4_2_homework_assignment, task_id=transform_data_task, execution_date=20240105T000000, start_date=20250227T102701, end_date=20250227T102701
[2025-02-27T10:27:01.871+0000] {local_task_job_runner.py:234} INFO - Task exited with return code 0
[2025-02-27T10:35:22.652+0000] {taskinstance.py:1956} INFO - Dependencies all met for dep_context=non-requeueable deps ti=<TaskInstance: 3_4_2_homework_assignment.transform_data_task scheduled__2024-01-05T00:00:00+00:00 [queued]>
[2025-02-27T10:35:22.656+0000] {taskinstance.py:1956} INFO - Dependencies all met for dep_context=requeueable deps ti=<TaskInstance: 3_4_2_homework_assignment.transform_data_task scheduled__2024-01-05T00:00:00+00:00 [queued]>
[2025-02-27T10:35:22.657+0000] {taskinstance.py:2170} INFO - Starting attempt 1 of 1
[2025-02-27T10:35:22.668+0000] {taskinstance.py:2191} INFO - Executing <Task(PythonOperator): transform_data_task> on 2024-01-05 00:00:00+00:00
[2025-02-27T10:35:22.673+0000] {standard_task_runner.py:60} INFO - Started process 6413 to run task
[2025-02-27T10:35:22.675+0000] {standard_task_runner.py:87} INFO - Running: ['airflow', 'tasks', 'run', '3_4_2_homework_assignment', 'transform_data_task', 'scheduled__2024-01-05T00:00:00+00:00', '--job-id', '15', '--raw', '--subdir', 'DAGS_FOLDER/3_4_2_homework_assignment.py', '--cfg-path', '/tmp/tmp0om5eh8h']
[2025-02-27T10:35:22.676+0000] {standard_task_runner.py:88} INFO - Job 15: Subtask transform_data_task
[2025-02-27T10:35:22.700+0000] {task_command.py:423} INFO - Running <TaskInstance: 3_4_2_homework_assignment.transform_data_task scheduled__2024-01-05T00:00:00+00:00 [running]> on host ea5964584459
[2025-02-27T10:35:22.738+0000] {taskinstance.py:2480} INFO - Exporting env vars: AIRFLOW_CTX_DAG_OWNER='airflow' AIRFLOW_CTX_DAG_ID='3_4_2_homework_assignment' AIRFLOW_CTX_TASK_ID='transform_data_task' AIRFLOW_CTX_EXECUTION_DATE='2024-01-05T00:00:00+00:00' AIRFLOW_CTX_TRY_NUMBER='1' AIRFLOW_CTX_DAG_RUN_ID='scheduled__2024-01-05T00:00:00+00:00'
[2025-02-27T10:35:22.740+0000] {3_4_2_homework_assignment.py:84} INFO - USD,AED,3.672504,2024-01-05

[2025-02-27T10:35:22.740+0000] {3_4_2_homework_assignment.py:84} INFO - USD,AFN,70.000368,2024-01-05

[2025-02-27T10:35:22.740+0000] {3_4_2_homework_assignment.py:84} INFO - USD,ALL,95.603989,2024-01-05

[2025-02-27T10:35:22.740+0000] {3_4_2_homework_assignment.py:84} INFO - USD,AMD,404.474412,2024-01-05

[2025-02-27T10:35:22.741+0000] {3_4_2_homework_assignment.py:84} INFO - USD,ANG,1.802058,2024-01-05

[2025-02-27T10:35:22.741+0000] {3_4_2_homework_assignment.py:84} INFO - USD,AOA,830.503981,2024-01-05

[2025-02-27T10:35:22.741+0000] {3_4_2_homework_assignment.py:84} INFO - USD,ARS,811.197518,2024-01-05

[2025-02-27T10:35:22.741+0000] {3_4_2_homework_assignment.py:84} INFO - USD,AUD,1.49145,2024-01-05

[2025-02-27T10:35:22.741+0000] {3_4_2_homework_assignment.py:84} INFO - USD,AWG,1.8,2024-01-05

[2025-02-27T10:35:22.741+0000] {3_4_2_homework_assignment.py:84} INFO - USD,AZN,1.70397,2024-01-05

[2025-02-27T10:35:22.742+0000] {3_4_2_homework_assignment.py:84} INFO - USD,BAM,1.791797,2024-01-05

[2025-02-27T10:35:22.742+0000] {3_4_2_homework_assignment.py:84} INFO - USD,BBD,2.018909,2024-01-05

[2025-02-27T10:35:22.742+0000] {3_4_2_homework_assignment.py:84} INFO - USD,BDT,109.735875,2024-01-05

[2025-02-27T10:35:22.742+0000] {3_4_2_homework_assignment.py:84} INFO - USD,BGN,1.78651,2024-01-05

[2025-02-27T10:35:22.742+0000] {3_4_2_homework_assignment.py:84} INFO - USD,BHD,0.376979,2024-01-05

[2025-02-27T10:35:22.743+0000] {3_4_2_homework_assignment.py:84} INFO - USD,BIF,2858.0,2024-01-05

[2025-02-27T10:35:22.743+0000] {3_4_2_homework_assignment.py:84} INFO - USD,BMD,1.0,2024-01-05

[2025-02-27T10:35:22.743+0000] {3_4_2_homework_assignment.py:84} INFO - USD,BND,1.331525,2024-01-05

[2025-02-27T10:35:22.743+0000] {3_4_2_homework_assignment.py:84} INFO - USD,BOB,6.909504,2024-01-05

[2025-02-27T10:35:22.743+0000] {3_4_2_homework_assignment.py:84} INFO - USD,BRL,4.875104,2024-01-05

[2025-02-27T10:35:22.744+0000] {3_4_2_homework_assignment.py:84} INFO - USD,BSD,0.999881,2024-01-05

[2025-02-27T10:35:22.744+0000] {3_4_2_homework_assignment.py:84} INFO - USD,BTC,2.2619426e-05,2024-01-05

[2025-02-27T10:35:22.744+0000] {3_4_2_homework_assignment.py:84} INFO - USD,BTN,83.14464,2024-01-05

[2025-02-27T10:35:22.744+0000] {3_4_2_homework_assignment.py:84} INFO - USD,BWP,13.576356,2024-01-05

[2025-02-27T10:35:22.744+0000] {3_4_2_homework_assignment.py:84} INFO - USD,BYN,3.302245,2024-01-05

[2025-02-27T10:35:22.745+0000] {3_4_2_homework_assignment.py:84} INFO - USD,BYR,19600.0,2024-01-05

[2025-02-27T10:35:22.745+0000] {3_4_2_homework_assignment.py:84} INFO - USD,BZD,2.01552,2024-01-05

[2025-02-27T10:35:22.745+0000] {3_4_2_homework_assignment.py:84} INFO - USD,CAD,1.33725,2024-01-05

[2025-02-27T10:35:22.745+0000] {3_4_2_homework_assignment.py:84} INFO - USD,CDF,2690.000362,2024-01-05

[2025-02-27T10:35:22.745+0000] {3_4_2_homework_assignment.py:84} INFO - USD,CHF,0.849704,2024-01-05

[2025-02-27T10:35:22.746+0000] {3_4_2_homework_assignment.py:84} INFO - USD,CLF,0.032253,2024-01-05

[2025-02-27T10:35:22.746+0000] {3_4_2_homework_assignment.py:84} INFO - USD,CLP,889.950396,2024-01-05

[2025-02-27T10:35:22.746+0000] {3_4_2_homework_assignment.py:84} INFO - USD,CNY,7.102504,2024-01-05

[2025-02-27T10:35:22.746+0000] {3_4_2_homework_assignment.py:84} INFO - USD,COP,3893.45,2024-01-05

[2025-02-27T10:35:22.746+0000] {3_4_2_homework_assignment.py:84} INFO - USD,CRC,519.174744,2024-01-05

[2025-02-27T10:35:22.747+0000] {3_4_2_homework_assignment.py:84} INFO - USD,CUC,1.0,2024-01-05

[2025-02-27T10:35:22.747+0000] {3_4_2_homework_assignment.py:84} INFO - USD,CUP,26.5,2024-01-05

[2025-02-27T10:35:22.747+0000] {3_4_2_homework_assignment.py:84} INFO - USD,CVE,101.450394,2024-01-05

[2025-02-27T10:35:22.747+0000] {3_4_2_homework_assignment.py:84} INFO - USD,CZK,22.509504,2024-01-05

[2025-02-27T10:35:22.747+0000] {3_4_2_homework_assignment.py:84} INFO - USD,DJF,177.720394,2024-01-05

[2025-02-27T10:35:22.747+0000] {3_4_2_homework_assignment.py:84} INFO - USD,DKK,6.815904,2024-01-05

[2025-02-27T10:35:22.748+0000] {3_4_2_homework_assignment.py:84} INFO - USD,DOP,58.403886,2024-01-05

[2025-02-27T10:35:22.748+0000] {3_4_2_homework_assignment.py:84} INFO - USD,DZD,134.40404,2024-01-05

[2025-02-27T10:35:22.748+0000] {3_4_2_homework_assignment.py:84} INFO - USD,EGP,30.756947,2024-01-05

[2025-02-27T10:35:22.748+0000] {3_4_2_homework_assignment.py:84} INFO - USD,ERN,15.0,2024-01-05

[2025-02-27T10:35:22.748+0000] {3_4_2_homework_assignment.py:84} INFO - USD,ETB,56.35504,2024-01-05

[2025-02-27T10:35:22.748+0000] {3_4_2_homework_assignment.py:84} INFO - USD,EUR,0.91285,2024-01-05

[2025-02-27T10:35:22.749+0000] {3_4_2_homework_assignment.py:84} INFO - USD,FJD,2.21295,2024-01-05

[2025-02-27T10:35:22.749+0000] {3_4_2_homework_assignment.py:84} INFO - USD,FKP,0.787988,2024-01-05

[2025-02-27T10:35:22.749+0000] {3_4_2_homework_assignment.py:84} INFO - USD,GBP,0.785769,2024-01-05

[2025-02-27T10:35:22.749+0000] {3_4_2_homework_assignment.py:84} INFO - USD,GEL,2.690391,2024-01-05

[2025-02-27T10:35:22.749+0000] {3_4_2_homework_assignment.py:84} INFO - USD,GGP,0.787988,2024-01-05

[2025-02-27T10:35:22.750+0000] {3_4_2_homework_assignment.py:84} INFO - USD,GHS,11.97039,2024-01-05

[2025-02-27T10:35:22.750+0000] {3_4_2_homework_assignment.py:84} INFO - USD,GIP,0.787988,2024-01-05

[2025-02-27T10:35:22.750+0000] {3_4_2_homework_assignment.py:84} INFO - USD,GMD,67.203853,2024-01-05

[2025-02-27T10:35:22.750+0000] {3_4_2_homework_assignment.py:84} INFO - USD,GNF,8550.000355,2024-01-05

[2025-02-27T10:35:22.750+0000] {3_4_2_homework_assignment.py:84} INFO - USD,GTQ,7.822048,2024-01-05

[2025-02-27T10:35:22.751+0000] {3_4_2_homework_assignment.py:84} INFO - USD,GYD,209.190685,2024-01-05

[2025-02-27T10:35:22.751+0000] {3_4_2_homework_assignment.py:84} INFO - USD,HKD,7.81245,2024-01-05

[2025-02-27T10:35:22.751+0000] {3_4_2_homework_assignment.py:84} INFO - USD,HNL,24.720389,2024-01-05

[2025-02-27T10:35:22.751+0000] {3_4_2_homework_assignment.py:84} INFO - USD,HRK,6.98177,2024-01-05

[2025-02-27T10:35:22.751+0000] {3_4_2_homework_assignment.py:84} INFO - USD,HTG,131.686715,2024-01-05

[2025-02-27T10:35:22.751+0000] {3_4_2_homework_assignment.py:84} INFO - USD,HUF,345.460388,2024-01-05

[2025-02-27T10:35:22.752+0000] {3_4_2_homework_assignment.py:84} INFO - USD,IDR,15503.35,2024-01-05

[2025-02-27T10:35:22.752+0000] {3_4_2_homework_assignment.py:84} INFO - USD,ILS,3.676575,2024-01-05

[2025-02-27T10:35:22.752+0000] {3_4_2_homework_assignment.py:84} INFO - USD,IMP,0.787988,2024-01-05

[2025-02-27T10:35:22.752+0000] {3_4_2_homework_assignment.py:84} INFO - USD,INR,83.19135,2024-01-05

[2025-02-27T10:35:22.752+0000] {3_4_2_homework_assignment.py:84} INFO - USD,IQD,1310.0,2024-01-05

[2025-02-27T10:35:22.752+0000] {3_4_2_homework_assignment.py:84} INFO - USD,IRR,42037.503818,2024-01-05

[2025-02-27T10:35:22.753+0000] {3_4_2_homework_assignment.py:84} INFO - USD,ISK,137.790386,2024-01-05

[2025-02-27T10:35:22.753+0000] {3_4_2_homework_assignment.py:84} INFO - USD,JEP,0.787988,2024-01-05

[2025-02-27T10:35:22.753+0000] {3_4_2_homework_assignment.py:84} INFO - USD,JMD,154.507893,2024-01-05

[2025-02-27T10:35:22.753+0000] {3_4_2_homework_assignment.py:84} INFO - USD,JOD,0.709404,2024-01-05

[2025-02-27T10:35:22.753+0000] {3_4_2_homework_assignment.py:84} INFO - USD,JPY,144.63504,2024-01-05

[2025-02-27T10:35:22.754+0000] {3_4_2_homework_assignment.py:84} INFO - USD,KES,157.750385,2024-01-05

[2025-02-27T10:35:22.754+0000] {3_4_2_homework_assignment.py:84} INFO - USD,KGS,89.085304,2024-01-05

[2025-02-27T10:35:22.754+0000] {3_4_2_homework_assignment.py:84} INFO - USD,KHR,4101.000351,2024-01-05

[2025-02-27T10:35:22.754+0000] {3_4_2_homework_assignment.py:84} INFO - USD,KMF,449.975039,2024-01-05

[2025-02-27T10:35:22.754+0000] {3_4_2_homework_assignment.py:84} INFO - USD,KPW,900.063739,2024-01-05

[2025-02-27T10:35:22.754+0000] {3_4_2_homework_assignment.py:84} INFO - USD,KRW,1314.745039,2024-01-05

[2025-02-27T10:35:22.755+0000] {3_4_2_homework_assignment.py:84} INFO - USD,KWD,0.30753,2024-01-05

[2025-02-27T10:35:22.755+0000] {3_4_2_homework_assignment.py:84} INFO - USD,KYD,0.833234,2024-01-05

[2025-02-27T10:35:22.755+0000] {3_4_2_homework_assignment.py:84} INFO - USD,KZT,453.556018,2024-01-05

[2025-02-27T10:35:22.755+0000] {3_4_2_homework_assignment.py:84} INFO - USD,LAK,20630.000349,2024-01-05

[2025-02-27T10:35:22.755+0000] {3_4_2_homework_assignment.py:84} INFO - USD,LBP,14998.403066,2024-01-05

[2025-02-27T10:35:22.756+0000] {3_4_2_homework_assignment.py:84} INFO - USD,LKR,323.884822,2024-01-05

[2025-02-27T10:35:22.756+0000] {3_4_2_homework_assignment.py:84} INFO - USD,LRD,188.650382,2024-01-05

[2025-02-27T10:35:22.756+0000] {3_4_2_homework_assignment.py:84} INFO - USD,LSL,18.690382,2024-01-05

[2025-02-27T10:35:22.756+0000] {3_4_2_homework_assignment.py:84} INFO - USD,LTL,2.95274,2024-01-05

[2025-02-27T10:35:22.756+0000] {3_4_2_homework_assignment.py:84} INFO - USD,LVL,0.60489,2024-01-05

[2025-02-27T10:35:22.756+0000] {3_4_2_homework_assignment.py:84} INFO - USD,LYD,4.795039,2024-01-05

[2025-02-27T10:35:22.757+0000] {3_4_2_homework_assignment.py:84} INFO - USD,MAD,9.94725,2024-01-05

[2025-02-27T10:35:22.757+0000] {3_4_2_homework_assignment.py:84} INFO - USD,MDL,17.697931,2024-01-05

[2025-02-27T10:35:22.757+0000] {3_4_2_homework_assignment.py:84} INFO - USD,MGA,4604.000347,2024-01-05

[2025-02-27T10:35:22.757+0000] {3_4_2_homework_assignment.py:84} INFO - USD,MKD,56.134507,2024-01-05

[2025-02-27T10:35:22.757+0000] {3_4_2_homework_assignment.py:84} INFO - USD,MMK,2099.804861,2024-01-05

[2025-02-27T10:35:22.758+0000] {3_4_2_homework_assignment.py:84} INFO - USD,MNT,3421.406195,2024-01-05

[2025-02-27T10:35:22.758+0000] {3_4_2_homework_assignment.py:84} INFO - USD,MOP,8.045056,2024-01-05

[2025-02-27T10:35:22.758+0000] {3_4_2_homework_assignment.py:84} INFO - USD,MRU,39.650379,2024-01-05

[2025-02-27T10:35:22.758+0000] {3_4_2_homework_assignment.py:84} INFO - USD,MUR,44.760379,2024-01-05

[2025-02-27T10:35:22.758+0000] {3_4_2_homework_assignment.py:84} INFO - USD,MVR,15.403741,2024-01-05

[2025-02-27T10:35:22.758+0000] {3_4_2_homework_assignment.py:84} INFO - USD,MWK,1682.000345,2024-01-05

[2025-02-27T10:35:22.759+0000] {3_4_2_homework_assignment.py:84} INFO - USD,MXN,16.880104,2024-01-05

[2025-02-27T10:35:22.759+0000] {3_4_2_homework_assignment.py:84} INFO - USD,MYR,4.654504,2024-01-05

[2025-02-27T10:35:22.759+0000] {3_4_2_homework_assignment.py:84} INFO - USD,MZN,63.24995,2024-01-05

[2025-02-27T10:35:22.759+0000] {3_4_2_homework_assignment.py:84} INFO - USD,NAD,18.690377,2024-01-05

[2025-02-27T10:35:22.759+0000] {3_4_2_homework_assignment.py:84} INFO - USD,NGN,914.470377,2024-01-05

[2025-02-27T10:35:22.760+0000] {3_4_2_homework_assignment.py:84} INFO - USD,NIO,36.720377,2024-01-05

[2025-02-27T10:35:22.760+0000] {3_4_2_homework_assignment.py:84} INFO - USD,NOK,10.30157,2024-01-05

[2025-02-27T10:35:22.760+0000] {3_4_2_homework_assignment.py:84} INFO - USD,NPR,133.031314,2024-01-05

[2025-02-27T10:35:22.760+0000] {3_4_2_homework_assignment.py:84} INFO - USD,NZD,1.602564,2024-01-05

[2025-02-27T10:35:22.760+0000] {3_4_2_homework_assignment.py:84} INFO - USD,OMR,0.384954,2024-01-05

[2025-02-27T10:35:22.761+0000] {3_4_2_homework_assignment.py:84} INFO - USD,PAB,0.999973,2024-01-05

[2025-02-27T10:35:22.761+0000] {3_4_2_homework_assignment.py:84} INFO - USD,PEN,3.718039,2024-01-05

[2025-02-27T10:35:22.761+0000] {3_4_2_homework_assignment.py:84} INFO - USD,PGK,3.73775,2024-01-05

[2025-02-27T10:35:22.761+0000] {3_4_2_homework_assignment.py:84} INFO - USD,PHP,55.508504,2024-01-05

[2025-02-27T10:35:22.761+0000] {3_4_2_homework_assignment.py:84} INFO - USD,PKR,281.503704,2024-01-05

[2025-02-27T10:35:22.761+0000] {3_4_2_homework_assignment.py:84} INFO - USD,PLN,3.977178,2024-01-05

[2025-02-27T10:35:22.762+0000] {3_4_2_homework_assignment.py:84} INFO - USD,PYG,7256.786346,2024-01-05

[2025-02-27T10:35:22.762+0000] {3_4_2_homework_assignment.py:84} INFO - USD,QAR,3.641038,2024-01-05

[2025-02-27T10:35:22.762+0000] {3_4_2_homework_assignment.py:84} INFO - USD,RON,4.544804,2024-01-05

[2025-02-27T10:35:22.762+0000] {3_4_2_homework_assignment.py:84} INFO - USD,RSD,106.971757,2024-01-05

[2025-02-27T10:35:22.762+0000] {3_4_2_homework_assignment.py:84} INFO - USD,RUB,90.930373,2024-01-05

[2025-02-27T10:35:22.762+0000] {3_4_2_homework_assignment.py:84} INFO - USD,RWF,1265.0,2024-01-05

[2025-02-27T10:35:22.763+0000] {3_4_2_homework_assignment.py:84} INFO - USD,SAR,3.750446,2024-01-05

[2025-02-27T10:35:22.763+0000] {3_4_2_homework_assignment.py:84} INFO - USD,SBD,8.43942,2024-01-05

[2025-02-27T10:35:22.763+0000] {3_4_2_homework_assignment.py:84} INFO - USD,SCR,14.120372,2024-01-05

[2025-02-27T10:35:22.763+0000] {3_4_2_homework_assignment.py:84} INFO - USD,SDG,601.00034,2024-01-05

[2025-02-27T10:35:22.763+0000] {3_4_2_homework_assignment.py:84} INFO - USD,SEK,10.253404,2024-01-05

[2025-02-27T10:35:22.764+0000] {3_4_2_homework_assignment.py:84} INFO - USD,SGD,1.330704,2024-01-05

[2025-02-27T10:35:22.764+0000] {3_4_2_homework_assignment.py:84} INFO - USD,SHP,1.27175,2024-01-05

[2025-02-27T10:35:22.764+0000] {3_4_2_homework_assignment.py:84} INFO - USD,SLE,22.70133,2024-01-05

[2025-02-27T10:35:22.764+0000] {3_4_2_homework_assignment.py:84} INFO - USD,SLL,19750.000338,2024-01-05

[2025-02-27T10:35:22.764+0000] {3_4_2_homework_assignment.py:84} INFO - USD,SOS,571.000338,2024-01-05

[2025-02-27T10:35:22.765+0000] {3_4_2_homework_assignment.py:84} INFO - USD,SRD,36.667038,2024-01-05

[2025-02-27T10:35:22.765+0000] {3_4_2_homework_assignment.py:84} INFO - USD,STD,20697.981008,2024-01-05

[2025-02-27T10:35:22.765+0000] {3_4_2_homework_assignment.py:84} INFO - USD,SYP,13002.627026,2024-01-05

[2025-02-27T10:35:22.765+0000] {3_4_2_homework_assignment.py:84} INFO - USD,SZL,18.67037,2024-01-05

[2025-02-27T10:35:22.765+0000] {3_4_2_homework_assignment.py:84} INFO - USD,THB,34.67037,2024-01-05

[2025-02-27T10:35:22.765+0000] {3_4_2_homework_assignment.py:84} INFO - USD,TJS,10.963968,2024-01-05

[2025-02-27T10:35:22.766+0000] {3_4_2_homework_assignment.py:84} INFO - USD,TMT,3.5,2024-01-05

[2025-02-27T10:35:22.766+0000] {3_4_2_homework_assignment.py:84} INFO - USD,TND,3.097038,2024-01-05

[2025-02-27T10:35:22.766+0000] {3_4_2_homework_assignment.py:84} INFO - USD,TOP,2.34815,2024-01-05

[2025-02-27T10:35:22.766+0000] {3_4_2_homework_assignment.py:84} INFO - USD,TRY,29.812304,2024-01-05

[2025-02-27T10:35:22.766+0000] {3_4_2_homework_assignment.py:84} INFO - USD,TTD,6.765671,2024-01-05

[2025-02-27T10:35:22.767+0000] {3_4_2_homework_assignment.py:84} INFO - USD,TWD,30.967038,2024-01-05

[2025-02-27T10:35:22.767+0000] {3_4_2_homework_assignment.py:84} INFO - USD,TZS,2515.000336,2024-01-05

[2025-02-27T10:35:22.767+0000] {3_4_2_homework_assignment.py:84} INFO - USD,UAH,38.08544,2024-01-05

[2025-02-27T10:35:22.767+0000] {3_4_2_homework_assignment.py:84} INFO - USD,UGX,3791.008951,2024-01-05

[2025-02-27T10:35:22.767+0000] {3_4_2_homework_assignment.py:84} INFO - USD,UYU,39.17437,2024-01-05

[2025-02-27T10:35:22.768+0000] {3_4_2_homework_assignment.py:84} INFO - USD,UZS,12365.000335,2024-01-05

[2025-02-27T10:35:22.768+0000] {3_4_2_homework_assignment.py:84} INFO - USD,VEF,3586456.203998,2024-01-05

[2025-02-27T10:35:22.768+0000] {3_4_2_homework_assignment.py:84} INFO - USD,VES,35.96152,2024-01-05

[2025-02-27T10:35:22.768+0000] {3_4_2_homework_assignment.py:84} INFO - USD,VND,24380.0,2024-01-05

[2025-02-27T10:35:22.768+0000] {3_4_2_homework_assignment.py:84} INFO - USD,VUV,118.359624,2024-01-05

[2025-02-27T10:35:22.769+0000] {3_4_2_homework_assignment.py:84} INFO - USD,WST,2.713625,2024-01-05

[2025-02-27T10:35:22.769+0000] {3_4_2_homework_assignment.py:84} INFO - USD,XAF,600.951875,2024-01-05

[2025-02-27T10:35:22.769+0000] {3_4_2_homework_assignment.py:84} INFO - USD,XAG,0.043122,2024-01-05

[2025-02-27T10:35:22.769+0000] {3_4_2_homework_assignment.py:84} INFO - USD,XAU,0.000489,2024-01-05

[2025-02-27T10:35:22.769+0000] {3_4_2_homework_assignment.py:84} INFO - USD,XCD,2.70255,2024-01-05

[2025-02-27T10:35:22.769+0000] {3_4_2_homework_assignment.py:84} INFO - USD,XDR,0.745284,2024-01-05

[2025-02-27T10:35:22.770+0000] {3_4_2_homework_assignment.py:84} INFO - USD,XOF,600.5036,2024-01-05

[2025-02-27T10:35:22.770+0000] {3_4_2_homework_assignment.py:84} INFO - USD,XPF,109.490364,2024-01-05

[2025-02-27T10:35:22.770+0000] {3_4_2_homework_assignment.py:84} INFO - USD,YER,250.403595,2024-01-05

[2025-02-27T10:35:22.770+0000] {3_4_2_homework_assignment.py:84} INFO - USD,ZAR,18.69012,2024-01-05

[2025-02-27T10:35:22.770+0000] {3_4_2_homework_assignment.py:84} INFO - USD,ZMK,9001.203591,2024-01-05

[2025-02-27T10:35:22.770+0000] {3_4_2_homework_assignment.py:84} INFO - USD,ZMW,25.797497,2024-01-05

[2025-02-27T10:35:22.771+0000] {3_4_2_homework_assignment.py:84} INFO - USD,ZWL,321.999592,2024-01-05

[2025-02-27T10:35:22.771+0000] {python.py:201} INFO - Done. Returned value was: None
[2025-02-27T10:35:22.774+0000] {taskinstance.py:1138} INFO - Marking task as SUCCESS. dag_id=3_4_2_homework_assignment, task_id=transform_data_task, execution_date=20240105T000000, start_date=20250227T103522, end_date=20250227T103522
[2025-02-27T10:35:22.810+0000] {local_task_job_runner.py:234} INFO - Task exited with return code 0
[2025-02-27T10:45:14.934+0000] {taskinstance.py:1956} INFO - Dependencies all met for dep_context=non-requeueable deps ti=<TaskInstance: 3_4_2_homework_assignment.transform_data_task scheduled__2024-01-05T00:00:00+00:00 [queued]>
[2025-02-27T10:45:14.941+0000] {taskinstance.py:1956} INFO - Dependencies all met for dep_context=requeueable deps ti=<TaskInstance: 3_4_2_homework_assignment.transform_data_task scheduled__2024-01-05T00:00:00+00:00 [queued]>
[2025-02-27T10:45:14.941+0000] {taskinstance.py:2170} INFO - Starting attempt 1 of 1
[2025-02-27T10:45:14.952+0000] {taskinstance.py:2191} INFO - Executing <Task(PythonOperator): transform_data_task> on 2024-01-05 00:00:00+00:00
[2025-02-27T10:45:14.957+0000] {standard_task_runner.py:60} INFO - Started process 7098 to run task
[2025-02-27T10:45:14.960+0000] {standard_task_runner.py:87} INFO - Running: ['airflow', 'tasks', 'run', '3_4_2_homework_assignment', 'transform_data_task', 'scheduled__2024-01-05T00:00:00+00:00', '--job-id', '15', '--raw', '--subdir', 'DAGS_FOLDER/3_4_2_homework_assignment.py', '--cfg-path', '/tmp/tmpbw6bjrqy']
[2025-02-27T10:45:14.961+0000] {standard_task_runner.py:88} INFO - Job 15: Subtask transform_data_task
[2025-02-27T10:45:14.986+0000] {task_command.py:423} INFO - Running <TaskInstance: 3_4_2_homework_assignment.transform_data_task scheduled__2024-01-05T00:00:00+00:00 [running]> on host ea5964584459
[2025-02-27T10:45:15.033+0000] {taskinstance.py:2480} INFO - Exporting env vars: AIRFLOW_CTX_DAG_OWNER='airflow' AIRFLOW_CTX_DAG_ID='3_4_2_homework_assignment' AIRFLOW_CTX_TASK_ID='transform_data_task' AIRFLOW_CTX_EXECUTION_DATE='2024-01-05T00:00:00+00:00' AIRFLOW_CTX_TRY_NUMBER='1' AIRFLOW_CTX_DAG_RUN_ID='scheduled__2024-01-05T00:00:00+00:00'
[2025-02-27T10:45:15.035+0000] {3_4_2_homework_assignment.py:84} INFO - USD,AED,3.672504,2024-01-05

[2025-02-27T10:45:15.035+0000] {3_4_2_homework_assignment.py:84} INFO - USD,AFN,70.000368,2024-01-05

[2025-02-27T10:45:15.036+0000] {3_4_2_homework_assignment.py:84} INFO - USD,ALL,95.603989,2024-01-05

[2025-02-27T10:45:15.036+0000] {3_4_2_homework_assignment.py:84} INFO - USD,AMD,404.474412,2024-01-05

[2025-02-27T10:45:15.036+0000] {3_4_2_homework_assignment.py:84} INFO - USD,ANG,1.802058,2024-01-05

[2025-02-27T10:45:15.036+0000] {3_4_2_homework_assignment.py:84} INFO - USD,AOA,830.503981,2024-01-05

[2025-02-27T10:45:15.037+0000] {3_4_2_homework_assignment.py:84} INFO - USD,ARS,811.197518,2024-01-05

[2025-02-27T10:45:15.037+0000] {3_4_2_homework_assignment.py:84} INFO - USD,AUD,1.49145,2024-01-05

[2025-02-27T10:45:15.037+0000] {3_4_2_homework_assignment.py:84} INFO - USD,AWG,1.8,2024-01-05

[2025-02-27T10:45:15.037+0000] {3_4_2_homework_assignment.py:84} INFO - USD,AZN,1.70397,2024-01-05

[2025-02-27T10:45:15.038+0000] {3_4_2_homework_assignment.py:84} INFO - USD,BAM,1.791797,2024-01-05

[2025-02-27T10:45:15.038+0000] {3_4_2_homework_assignment.py:84} INFO - USD,BBD,2.018909,2024-01-05

[2025-02-27T10:45:15.038+0000] {3_4_2_homework_assignment.py:84} INFO - USD,BDT,109.735875,2024-01-05

[2025-02-27T10:45:15.038+0000] {3_4_2_homework_assignment.py:84} INFO - USD,BGN,1.78651,2024-01-05

[2025-02-27T10:45:15.038+0000] {3_4_2_homework_assignment.py:84} INFO - USD,BHD,0.376979,2024-01-05

[2025-02-27T10:45:15.039+0000] {3_4_2_homework_assignment.py:84} INFO - USD,BIF,2858.0,2024-01-05

[2025-02-27T10:45:15.039+0000] {3_4_2_homework_assignment.py:84} INFO - USD,BMD,1.0,2024-01-05

[2025-02-27T10:45:15.039+0000] {3_4_2_homework_assignment.py:84} INFO - USD,BND,1.331525,2024-01-05

[2025-02-27T10:45:15.039+0000] {3_4_2_homework_assignment.py:84} INFO - USD,BOB,6.909504,2024-01-05

[2025-02-27T10:45:15.039+0000] {3_4_2_homework_assignment.py:84} INFO - USD,BRL,4.875104,2024-01-05

[2025-02-27T10:45:15.039+0000] {3_4_2_homework_assignment.py:84} INFO - USD,BSD,0.999881,2024-01-05

[2025-02-27T10:45:15.040+0000] {3_4_2_homework_assignment.py:84} INFO - USD,BTC,2.2619426e-05,2024-01-05

[2025-02-27T10:45:15.040+0000] {3_4_2_homework_assignment.py:84} INFO - USD,BTN,83.14464,2024-01-05

[2025-02-27T10:45:15.040+0000] {3_4_2_homework_assignment.py:84} INFO - USD,BWP,13.576356,2024-01-05

[2025-02-27T10:45:15.040+0000] {3_4_2_homework_assignment.py:84} INFO - USD,BYN,3.302245,2024-01-05

[2025-02-27T10:45:15.040+0000] {3_4_2_homework_assignment.py:84} INFO - USD,BYR,19600.0,2024-01-05

[2025-02-27T10:45:15.040+0000] {3_4_2_homework_assignment.py:84} INFO - USD,BZD,2.01552,2024-01-05

[2025-02-27T10:45:15.041+0000] {3_4_2_homework_assignment.py:84} INFO - USD,CAD,1.33725,2024-01-05

[2025-02-27T10:45:15.041+0000] {3_4_2_homework_assignment.py:84} INFO - USD,CDF,2690.000362,2024-01-05

[2025-02-27T10:45:15.041+0000] {3_4_2_homework_assignment.py:84} INFO - USD,CHF,0.849704,2024-01-05

[2025-02-27T10:45:15.041+0000] {3_4_2_homework_assignment.py:84} INFO - USD,CLF,0.032253,2024-01-05

[2025-02-27T10:45:15.041+0000] {3_4_2_homework_assignment.py:84} INFO - USD,CLP,889.950396,2024-01-05

[2025-02-27T10:45:15.042+0000] {3_4_2_homework_assignment.py:84} INFO - USD,CNY,7.102504,2024-01-05

[2025-02-27T10:45:15.042+0000] {3_4_2_homework_assignment.py:84} INFO - USD,COP,3893.45,2024-01-05

[2025-02-27T10:45:15.042+0000] {3_4_2_homework_assignment.py:84} INFO - USD,CRC,519.174744,2024-01-05

[2025-02-27T10:45:15.042+0000] {3_4_2_homework_assignment.py:84} INFO - USD,CUC,1.0,2024-01-05

[2025-02-27T10:45:15.042+0000] {3_4_2_homework_assignment.py:84} INFO - USD,CUP,26.5,2024-01-05

[2025-02-27T10:45:15.042+0000] {3_4_2_homework_assignment.py:84} INFO - USD,CVE,101.450394,2024-01-05

[2025-02-27T10:45:15.043+0000] {3_4_2_homework_assignment.py:84} INFO - USD,CZK,22.509504,2024-01-05

[2025-02-27T10:45:15.043+0000] {3_4_2_homework_assignment.py:84} INFO - USD,DJF,177.720394,2024-01-05

[2025-02-27T10:45:15.043+0000] {3_4_2_homework_assignment.py:84} INFO - USD,DKK,6.815904,2024-01-05

[2025-02-27T10:45:15.043+0000] {3_4_2_homework_assignment.py:84} INFO - USD,DOP,58.403886,2024-01-05

[2025-02-27T10:45:15.043+0000] {3_4_2_homework_assignment.py:84} INFO - USD,DZD,134.40404,2024-01-05

[2025-02-27T10:45:15.044+0000] {3_4_2_homework_assignment.py:84} INFO - USD,EGP,30.756947,2024-01-05

[2025-02-27T10:45:15.044+0000] {3_4_2_homework_assignment.py:84} INFO - USD,ERN,15.0,2024-01-05

[2025-02-27T10:45:15.044+0000] {3_4_2_homework_assignment.py:84} INFO - USD,ETB,56.35504,2024-01-05

[2025-02-27T10:45:15.044+0000] {3_4_2_homework_assignment.py:84} INFO - USD,EUR,0.91285,2024-01-05

[2025-02-27T10:45:15.044+0000] {3_4_2_homework_assignment.py:84} INFO - USD,FJD,2.21295,2024-01-05

[2025-02-27T10:45:15.045+0000] {3_4_2_homework_assignment.py:84} INFO - USD,FKP,0.787988,2024-01-05

[2025-02-27T10:45:15.045+0000] {3_4_2_homework_assignment.py:84} INFO - USD,GBP,0.785769,2024-01-05

[2025-02-27T10:45:15.045+0000] {3_4_2_homework_assignment.py:84} INFO - USD,GEL,2.690391,2024-01-05

[2025-02-27T10:45:15.045+0000] {3_4_2_homework_assignment.py:84} INFO - USD,GGP,0.787988,2024-01-05

[2025-02-27T10:45:15.045+0000] {3_4_2_homework_assignment.py:84} INFO - USD,GHS,11.97039,2024-01-05

[2025-02-27T10:45:15.046+0000] {3_4_2_homework_assignment.py:84} INFO - USD,GIP,0.787988,2024-01-05

[2025-02-27T10:45:15.046+0000] {3_4_2_homework_assignment.py:84} INFO - USD,GMD,67.203853,2024-01-05

[2025-02-27T10:45:15.046+0000] {3_4_2_homework_assignment.py:84} INFO - USD,GNF,8550.000355,2024-01-05

[2025-02-27T10:45:15.046+0000] {3_4_2_homework_assignment.py:84} INFO - USD,GTQ,7.822048,2024-01-05

[2025-02-27T10:45:15.046+0000] {3_4_2_homework_assignment.py:84} INFO - USD,GYD,209.190685,2024-01-05

[2025-02-27T10:45:15.046+0000] {3_4_2_homework_assignment.py:84} INFO - USD,HKD,7.81245,2024-01-05

[2025-02-27T10:45:15.047+0000] {3_4_2_homework_assignment.py:84} INFO - USD,HNL,24.720389,2024-01-05

[2025-02-27T10:45:15.047+0000] {3_4_2_homework_assignment.py:84} INFO - USD,HRK,6.98177,2024-01-05

[2025-02-27T10:45:15.047+0000] {3_4_2_homework_assignment.py:84} INFO - USD,HTG,131.686715,2024-01-05

[2025-02-27T10:45:15.047+0000] {3_4_2_homework_assignment.py:84} INFO - USD,HUF,345.460388,2024-01-05

[2025-02-27T10:45:15.047+0000] {3_4_2_homework_assignment.py:84} INFO - USD,IDR,15503.35,2024-01-05

[2025-02-27T10:45:15.048+0000] {3_4_2_homework_assignment.py:84} INFO - USD,ILS,3.676575,2024-01-05

[2025-02-27T10:45:15.048+0000] {3_4_2_homework_assignment.py:84} INFO - USD,IMP,0.787988,2024-01-05

[2025-02-27T10:45:15.048+0000] {3_4_2_homework_assignment.py:84} INFO - USD,INR,83.19135,2024-01-05

[2025-02-27T10:45:15.048+0000] {3_4_2_homework_assignment.py:84} INFO - USD,IQD,1310.0,2024-01-05

[2025-02-27T10:45:15.049+0000] {3_4_2_homework_assignment.py:84} INFO - USD,IRR,42037.503818,2024-01-05

[2025-02-27T10:45:15.049+0000] {3_4_2_homework_assignment.py:84} INFO - USD,ISK,137.790386,2024-01-05

[2025-02-27T10:45:15.049+0000] {3_4_2_homework_assignment.py:84} INFO - USD,JEP,0.787988,2024-01-05

[2025-02-27T10:45:15.049+0000] {3_4_2_homework_assignment.py:84} INFO - USD,JMD,154.507893,2024-01-05

[2025-02-27T10:45:15.049+0000] {3_4_2_homework_assignment.py:84} INFO - USD,JOD,0.709404,2024-01-05

[2025-02-27T10:45:15.050+0000] {3_4_2_homework_assignment.py:84} INFO - USD,JPY,144.63504,2024-01-05

[2025-02-27T10:45:15.050+0000] {3_4_2_homework_assignment.py:84} INFO - USD,KES,157.750385,2024-01-05

[2025-02-27T10:45:15.050+0000] {3_4_2_homework_assignment.py:84} INFO - USD,KGS,89.085304,2024-01-05

[2025-02-27T10:45:15.050+0000] {3_4_2_homework_assignment.py:84} INFO - USD,KHR,4101.000351,2024-01-05

[2025-02-27T10:45:15.050+0000] {3_4_2_homework_assignment.py:84} INFO - USD,KMF,449.975039,2024-01-05

[2025-02-27T10:45:15.051+0000] {3_4_2_homework_assignment.py:84} INFO - USD,KPW,900.063739,2024-01-05

[2025-02-27T10:45:15.051+0000] {3_4_2_homework_assignment.py:84} INFO - USD,KRW,1314.745039,2024-01-05

[2025-02-27T10:45:15.051+0000] {3_4_2_homework_assignment.py:84} INFO - USD,KWD,0.30753,2024-01-05

[2025-02-27T10:45:15.051+0000] {3_4_2_homework_assignment.py:84} INFO - USD,KYD,0.833234,2024-01-05

[2025-02-27T10:45:15.051+0000] {3_4_2_homework_assignment.py:84} INFO - USD,KZT,453.556018,2024-01-05

[2025-02-27T10:45:15.052+0000] {3_4_2_homework_assignment.py:84} INFO - USD,LAK,20630.000349,2024-01-05

[2025-02-27T10:45:15.052+0000] {3_4_2_homework_assignment.py:84} INFO - USD,LBP,14998.403066,2024-01-05

[2025-02-27T10:45:15.052+0000] {3_4_2_homework_assignment.py:84} INFO - USD,LKR,323.884822,2024-01-05

[2025-02-27T10:45:15.052+0000] {3_4_2_homework_assignment.py:84} INFO - USD,LRD,188.650382,2024-01-05

[2025-02-27T10:45:15.052+0000] {3_4_2_homework_assignment.py:84} INFO - USD,LSL,18.690382,2024-01-05

[2025-02-27T10:45:15.053+0000] {3_4_2_homework_assignment.py:84} INFO - USD,LTL,2.95274,2024-01-05

[2025-02-27T10:45:15.053+0000] {3_4_2_homework_assignment.py:84} INFO - USD,LVL,0.60489,2024-01-05

[2025-02-27T10:45:15.053+0000] {3_4_2_homework_assignment.py:84} INFO - USD,LYD,4.795039,2024-01-05

[2025-02-27T10:45:15.053+0000] {3_4_2_homework_assignment.py:84} INFO - USD,MAD,9.94725,2024-01-05

[2025-02-27T10:45:15.053+0000] {3_4_2_homework_assignment.py:84} INFO - USD,MDL,17.697931,2024-01-05

[2025-02-27T10:45:15.054+0000] {3_4_2_homework_assignment.py:84} INFO - USD,MGA,4604.000347,2024-01-05

[2025-02-27T10:45:15.054+0000] {3_4_2_homework_assignment.py:84} INFO - USD,MKD,56.134507,2024-01-05

[2025-02-27T10:45:15.054+0000] {3_4_2_homework_assignment.py:84} INFO - USD,MMK,2099.804861,2024-01-05

[2025-02-27T10:45:15.054+0000] {3_4_2_homework_assignment.py:84} INFO - USD,MNT,3421.406195,2024-01-05

[2025-02-27T10:45:15.054+0000] {3_4_2_homework_assignment.py:84} INFO - USD,MOP,8.045056,2024-01-05

[2025-02-27T10:45:15.055+0000] {3_4_2_homework_assignment.py:84} INFO - USD,MRU,39.650379,2024-01-05

[2025-02-27T10:45:15.055+0000] {3_4_2_homework_assignment.py:84} INFO - USD,MUR,44.760379,2024-01-05

[2025-02-27T10:45:15.055+0000] {3_4_2_homework_assignment.py:84} INFO - USD,MVR,15.403741,2024-01-05

[2025-02-27T10:45:15.055+0000] {3_4_2_homework_assignment.py:84} INFO - USD,MWK,1682.000345,2024-01-05

[2025-02-27T10:45:15.056+0000] {3_4_2_homework_assignment.py:84} INFO - USD,MXN,16.880104,2024-01-05

[2025-02-27T10:45:15.056+0000] {3_4_2_homework_assignment.py:84} INFO - USD,MYR,4.654504,2024-01-05

[2025-02-27T10:45:15.056+0000] {3_4_2_homework_assignment.py:84} INFO - USD,MZN,63.24995,2024-01-05

[2025-02-27T10:45:15.056+0000] {3_4_2_homework_assignment.py:84} INFO - USD,NAD,18.690377,2024-01-05

[2025-02-27T10:45:15.056+0000] {3_4_2_homework_assignment.py:84} INFO - USD,NGN,914.470377,2024-01-05

[2025-02-27T10:45:15.057+0000] {3_4_2_homework_assignment.py:84} INFO - USD,NIO,36.720377,2024-01-05

[2025-02-27T10:45:15.057+0000] {3_4_2_homework_assignment.py:84} INFO - USD,NOK,10.30157,2024-01-05

[2025-02-27T10:45:15.057+0000] {3_4_2_homework_assignment.py:84} INFO - USD,NPR,133.031314,2024-01-05

[2025-02-27T10:45:15.057+0000] {3_4_2_homework_assignment.py:84} INFO - USD,NZD,1.602564,2024-01-05

[2025-02-27T10:45:15.057+0000] {3_4_2_homework_assignment.py:84} INFO - USD,OMR,0.384954,2024-01-05

[2025-02-27T10:45:15.058+0000] {3_4_2_homework_assignment.py:84} INFO - USD,PAB,0.999973,2024-01-05

[2025-02-27T10:45:15.058+0000] {3_4_2_homework_assignment.py:84} INFO - USD,PEN,3.718039,2024-01-05

[2025-02-27T10:45:15.058+0000] {3_4_2_homework_assignment.py:84} INFO - USD,PGK,3.73775,2024-01-05

[2025-02-27T10:45:15.058+0000] {3_4_2_homework_assignment.py:84} INFO - USD,PHP,55.508504,2024-01-05

[2025-02-27T10:45:15.058+0000] {3_4_2_homework_assignment.py:84} INFO - USD,PKR,281.503704,2024-01-05

[2025-02-27T10:45:15.059+0000] {3_4_2_homework_assignment.py:84} INFO - USD,PLN,3.977178,2024-01-05

[2025-02-27T10:45:15.059+0000] {3_4_2_homework_assignment.py:84} INFO - USD,PYG,7256.786346,2024-01-05

[2025-02-27T10:45:15.059+0000] {3_4_2_homework_assignment.py:84} INFO - USD,QAR,3.641038,2024-01-05

[2025-02-27T10:45:15.059+0000] {3_4_2_homework_assignment.py:84} INFO - USD,RON,4.544804,2024-01-05

[2025-02-27T10:45:15.059+0000] {3_4_2_homework_assignment.py:84} INFO - USD,RSD,106.971757,2024-01-05

[2025-02-27T10:45:15.060+0000] {3_4_2_homework_assignment.py:84} INFO - USD,RUB,90.930373,2024-01-05

[2025-02-27T10:45:15.060+0000] {3_4_2_homework_assignment.py:84} INFO - USD,RWF,1265.0,2024-01-05

[2025-02-27T10:45:15.060+0000] {3_4_2_homework_assignment.py:84} INFO - USD,SAR,3.750446,2024-01-05

[2025-02-27T10:45:15.060+0000] {3_4_2_homework_assignment.py:84} INFO - USD,SBD,8.43942,2024-01-05

[2025-02-27T10:45:15.060+0000] {3_4_2_homework_assignment.py:84} INFO - USD,SCR,14.120372,2024-01-05

[2025-02-27T10:45:15.061+0000] {3_4_2_homework_assignment.py:84} INFO - USD,SDG,601.00034,2024-01-05

[2025-02-27T10:45:15.061+0000] {3_4_2_homework_assignment.py:84} INFO - USD,SEK,10.253404,2024-01-05

[2025-02-27T10:45:15.061+0000] {3_4_2_homework_assignment.py:84} INFO - USD,SGD,1.330704,2024-01-05

[2025-02-27T10:45:15.061+0000] {3_4_2_homework_assignment.py:84} INFO - USD,SHP,1.27175,2024-01-05

[2025-02-27T10:45:15.061+0000] {3_4_2_homework_assignment.py:84} INFO - USD,SLE,22.70133,2024-01-05

[2025-02-27T10:45:15.062+0000] {3_4_2_homework_assignment.py:84} INFO - USD,SLL,19750.000338,2024-01-05

[2025-02-27T10:45:15.062+0000] {3_4_2_homework_assignment.py:84} INFO - USD,SOS,571.000338,2024-01-05

[2025-02-27T10:45:15.062+0000] {3_4_2_homework_assignment.py:84} INFO - USD,SRD,36.667038,2024-01-05

[2025-02-27T10:45:15.062+0000] {3_4_2_homework_assignment.py:84} INFO - USD,STD,20697.981008,2024-01-05

[2025-02-27T10:45:15.062+0000] {3_4_2_homework_assignment.py:84} INFO - USD,SYP,13002.627026,2024-01-05

[2025-02-27T10:45:15.063+0000] {3_4_2_homework_assignment.py:84} INFO - USD,SZL,18.67037,2024-01-05

[2025-02-27T10:45:15.063+0000] {3_4_2_homework_assignment.py:84} INFO - USD,THB,34.67037,2024-01-05

[2025-02-27T10:45:15.063+0000] {3_4_2_homework_assignment.py:84} INFO - USD,TJS,10.963968,2024-01-05

[2025-02-27T10:45:15.063+0000] {3_4_2_homework_assignment.py:84} INFO - USD,TMT,3.5,2024-01-05

[2025-02-27T10:45:15.063+0000] {3_4_2_homework_assignment.py:84} INFO - USD,TND,3.097038,2024-01-05

[2025-02-27T10:45:15.064+0000] {3_4_2_homework_assignment.py:84} INFO - USD,TOP,2.34815,2024-01-05

[2025-02-27T10:45:15.064+0000] {3_4_2_homework_assignment.py:84} INFO - USD,TRY,29.812304,2024-01-05

[2025-02-27T10:45:15.064+0000] {3_4_2_homework_assignment.py:84} INFO - USD,TTD,6.765671,2024-01-05

[2025-02-27T10:45:15.064+0000] {3_4_2_homework_assignment.py:84} INFO - USD,TWD,30.967038,2024-01-05

[2025-02-27T10:45:15.064+0000] {3_4_2_homework_assignment.py:84} INFO - USD,TZS,2515.000336,2024-01-05

[2025-02-27T10:45:15.064+0000] {3_4_2_homework_assignment.py:84} INFO - USD,UAH,38.08544,2024-01-05

[2025-02-27T10:45:15.065+0000] {3_4_2_homework_assignment.py:84} INFO - USD,UGX,3791.008951,2024-01-05

[2025-02-27T10:45:15.065+0000] {3_4_2_homework_assignment.py:84} INFO - USD,UYU,39.17437,2024-01-05

[2025-02-27T10:45:15.065+0000] {3_4_2_homework_assignment.py:84} INFO - USD,UZS,12365.000335,2024-01-05

[2025-02-27T10:45:15.065+0000] {3_4_2_homework_assignment.py:84} INFO - USD,VEF,3586456.203998,2024-01-05

[2025-02-27T10:45:15.065+0000] {3_4_2_homework_assignment.py:84} INFO - USD,VES,35.96152,2024-01-05

[2025-02-27T10:45:15.066+0000] {3_4_2_homework_assignment.py:84} INFO - USD,VND,24380.0,2024-01-05

[2025-02-27T10:45:15.066+0000] {3_4_2_homework_assignment.py:84} INFO - USD,VUV,118.359624,2024-01-05

[2025-02-27T10:45:15.066+0000] {3_4_2_homework_assignment.py:84} INFO - USD,WST,2.713625,2024-01-05

[2025-02-27T10:45:15.066+0000] {3_4_2_homework_assignment.py:84} INFO - USD,XAF,600.951875,2024-01-05

[2025-02-27T10:45:15.066+0000] {3_4_2_homework_assignment.py:84} INFO - USD,XAG,0.043122,2024-01-05

[2025-02-27T10:45:15.066+0000] {3_4_2_homework_assignment.py:84} INFO - USD,XAU,0.000489,2024-01-05

[2025-02-27T10:45:15.067+0000] {3_4_2_homework_assignment.py:84} INFO - USD,XCD,2.70255,2024-01-05

[2025-02-27T10:45:15.067+0000] {3_4_2_homework_assignment.py:84} INFO - USD,XDR,0.745284,2024-01-05

[2025-02-27T10:45:15.067+0000] {3_4_2_homework_assignment.py:84} INFO - USD,XOF,600.5036,2024-01-05

[2025-02-27T10:45:15.067+0000] {3_4_2_homework_assignment.py:84} INFO - USD,XPF,109.490364,2024-01-05

[2025-02-27T10:45:15.067+0000] {3_4_2_homework_assignment.py:84} INFO - USD,YER,250.403595,2024-01-05

[2025-02-27T10:45:15.067+0000] {3_4_2_homework_assignment.py:84} INFO - USD,ZAR,18.69012,2024-01-05

[2025-02-27T10:45:15.068+0000] {3_4_2_homework_assignment.py:84} INFO - USD,ZMK,9001.203591,2024-01-05

[2025-02-27T10:45:15.068+0000] {3_4_2_homework_assignment.py:84} INFO - USD,ZMW,25.797497,2024-01-05

[2025-02-27T10:45:15.068+0000] {3_4_2_homework_assignment.py:84} INFO - USD,ZWL,321.999592,2024-01-05

[2025-02-27T10:45:15.068+0000] {python.py:201} INFO - Done. Returned value was: None
[2025-02-27T10:45:15.073+0000] {taskinstance.py:1138} INFO - Marking task as SUCCESS. dag_id=3_4_2_homework_assignment, task_id=transform_data_task, execution_date=20240105T000000, start_date=20250227T104514, end_date=20250227T104515
[2025-02-27T10:45:15.133+0000] {local_task_job_runner.py:234} INFO - Task exited with return code 0
