[2025-02-27T09:32:24.434+0000] {taskinstance.py:1956} INFO - Dependencies all met for dep_context=non-requeueable deps ti=<TaskInstance: 3_4_2_homework_assignment.extract_task scheduled__2024-01-01T00:00:00+00:00 [queued]>
[2025-02-27T09:32:24.442+0000] {taskinstance.py:1956} INFO - Dependencies all met for dep_context=requeueable deps ti=<TaskInstance: 3_4_2_homework_assignment.extract_task scheduled__2024-01-01T00:00:00+00:00 [queued]>
[2025-02-27T09:32:24.442+0000] {taskinstance.py:2170} INFO - Starting attempt 1 of 1
[2025-02-27T09:32:24.455+0000] {taskinstance.py:2191} INFO - Executing <Task(PythonOperator): extract_task> on 2024-01-01 00:00:00+00:00
[2025-02-27T09:32:24.462+0000] {standard_task_runner.py:60} INFO - Started process 148 to run task
[2025-02-27T09:32:24.464+0000] {standard_task_runner.py:87} INFO - Running: ['airflow', 'tasks', 'run', '3_4_2_homework_assignment', 'extract_task', 'scheduled__2024-01-01T00:00:00+00:00', '--job-id', '2', '--raw', '--subdir', 'DAGS_FOLDER/3_4_2_homework_assignment.py', '--cfg-path', '/tmp/tmpe8vn37h4']
[2025-02-27T09:32:24.466+0000] {standard_task_runner.py:88} INFO - Job 2: Subtask extract_task
[2025-02-27T09:32:24.498+0000] {task_command.py:423} INFO - Running <TaskInstance: 3_4_2_homework_assignment.extract_task scheduled__2024-01-01T00:00:00+00:00 [running]> on host ea5964584459
[2025-02-27T09:32:24.584+0000] {taskinstance.py:2480} INFO - Exporting env vars: AIRFLOW_CTX_DAG_OWNER='airflow' AIRFLOW_CTX_DAG_ID='3_4_2_homework_assignment' AIRFLOW_CTX_TASK_ID='extract_task' AIRFLOW_CTX_EXECUTION_DATE='2024-01-01T00:00:00+00:00' AIRFLOW_CTX_TRY_NUMBER='1' AIRFLOW_CTX_DAG_RUN_ID='scheduled__2024-01-01T00:00:00+00:00'
[2025-02-27T09:32:25.363+0000] {python.py:201} INFO - Done. Returned value was: None
[2025-02-27T09:32:25.366+0000] {taskinstance.py:1138} INFO - Marking task as SUCCESS. dag_id=3_4_2_homework_assignment, task_id=extract_task, execution_date=20240101T000000, start_date=20250227T093224, end_date=20250227T093225
[2025-02-27T09:32:25.399+0000] {local_task_job_runner.py:234} INFO - Task exited with return code 0
[2025-02-27T09:34:34.104+0000] {taskinstance.py:1956} INFO - Dependencies all met for dep_context=non-requeueable deps ti=<TaskInstance: 3_4_2_homework_assignment.extract_task scheduled__2024-01-01T00:00:00+00:00 [queued]>
[2025-02-27T09:34:34.108+0000] {taskinstance.py:1956} INFO - Dependencies all met for dep_context=requeueable deps ti=<TaskInstance: 3_4_2_homework_assignment.extract_task scheduled__2024-01-01T00:00:00+00:00 [queued]>
[2025-02-27T09:34:34.109+0000] {taskinstance.py:2170} INFO - Starting attempt 1 of 1
[2025-02-27T09:34:34.120+0000] {taskinstance.py:2191} INFO - Executing <Task(PythonOperator): extract_task> on 2024-01-01 00:00:00+00:00
[2025-02-27T09:34:34.124+0000] {standard_task_runner.py:60} INFO - Started process 507 to run task
[2025-02-27T09:34:34.126+0000] {standard_task_runner.py:87} INFO - Running: ['airflow', 'tasks', 'run', '3_4_2_homework_assignment', 'extract_task', 'scheduled__2024-01-01T00:00:00+00:00', '--job-id', '2', '--raw', '--subdir', 'DAGS_FOLDER/3_4_2_homework_assignment.py', '--cfg-path', '/tmp/tmpt1aljg7e']
[2025-02-27T09:34:34.127+0000] {standard_task_runner.py:88} INFO - Job 2: Subtask extract_task
[2025-02-27T09:34:34.154+0000] {task_command.py:423} INFO - Running <TaskInstance: 3_4_2_homework_assignment.extract_task scheduled__2024-01-01T00:00:00+00:00 [running]> on host ea5964584459
[2025-02-27T09:34:34.200+0000] {taskinstance.py:2480} INFO - Exporting env vars: AIRFLOW_CTX_DAG_OWNER='airflow' AIRFLOW_CTX_DAG_ID='3_4_2_homework_assignment' AIRFLOW_CTX_TASK_ID='extract_task' AIRFLOW_CTX_EXECUTION_DATE='2024-01-01T00:00:00+00:00' AIRFLOW_CTX_TRY_NUMBER='1' AIRFLOW_CTX_DAG_RUN_ID='scheduled__2024-01-01T00:00:00+00:00'
[2025-02-27T09:34:34.830+0000] {python.py:201} INFO - Done. Returned value was: None
[2025-02-27T09:34:34.834+0000] {taskinstance.py:1138} INFO - Marking task as SUCCESS. dag_id=3_4_2_homework_assignment, task_id=extract_task, execution_date=20240101T000000, start_date=20250227T093434, end_date=20250227T093434
[2025-02-27T09:34:34.862+0000] {local_task_job_runner.py:234} INFO - Task exited with return code 0
[2025-02-27T09:39:38.917+0000] {taskinstance.py:1956} INFO - Dependencies all met for dep_context=non-requeueable deps ti=<TaskInstance: 3_4_2_homework_assignment.extract_task scheduled__2024-01-01T00:00:00+00:00 [queued]>
[2025-02-27T09:39:38.922+0000] {taskinstance.py:1956} INFO - Dependencies all met for dep_context=requeueable deps ti=<TaskInstance: 3_4_2_homework_assignment.extract_task scheduled__2024-01-01T00:00:00+00:00 [queued]>
[2025-02-27T09:39:38.923+0000] {taskinstance.py:2170} INFO - Starting attempt 1 of 1
[2025-02-27T09:39:38.935+0000] {taskinstance.py:2191} INFO - Executing <Task(PythonOperator): extract_task> on 2024-01-01 00:00:00+00:00
[2025-02-27T09:39:38.941+0000] {standard_task_runner.py:60} INFO - Started process 910 to run task
[2025-02-27T09:39:38.943+0000] {standard_task_runner.py:87} INFO - Running: ['airflow', 'tasks', 'run', '3_4_2_homework_assignment', 'extract_task', 'scheduled__2024-01-01T00:00:00+00:00', '--job-id', '2', '--raw', '--subdir', 'DAGS_FOLDER/3_4_2_homework_assignment.py', '--cfg-path', '/tmp/tmp376l_fqw']
[2025-02-27T09:39:38.944+0000] {standard_task_runner.py:88} INFO - Job 2: Subtask extract_task
[2025-02-27T09:39:38.971+0000] {task_command.py:423} INFO - Running <TaskInstance: 3_4_2_homework_assignment.extract_task scheduled__2024-01-01T00:00:00+00:00 [running]> on host ea5964584459
[2025-02-27T09:39:39.012+0000] {taskinstance.py:2480} INFO - Exporting env vars: AIRFLOW_CTX_DAG_OWNER='airflow' AIRFLOW_CTX_DAG_ID='3_4_2_homework_assignment' AIRFLOW_CTX_TASK_ID='extract_task' AIRFLOW_CTX_EXECUTION_DATE='2024-01-01T00:00:00+00:00' AIRFLOW_CTX_TRY_NUMBER='1' AIRFLOW_CTX_DAG_RUN_ID='scheduled__2024-01-01T00:00:00+00:00'
[2025-02-27T09:39:39.821+0000] {python.py:201} INFO - Done. Returned value was: None
[2025-02-27T09:39:39.825+0000] {taskinstance.py:1138} INFO - Marking task as SUCCESS. dag_id=3_4_2_homework_assignment, task_id=extract_task, execution_date=20240101T000000, start_date=20250227T093938, end_date=20250227T093939
[2025-02-27T09:39:39.840+0000] {local_task_job_runner.py:234} INFO - Task exited with return code 0
[2025-02-27T09:43:23.398+0000] {taskinstance.py:1956} INFO - Dependencies all met for dep_context=non-requeueable deps ti=<TaskInstance: 3_4_2_homework_assignment.extract_task scheduled__2024-01-01T00:00:00+00:00 [queued]>
[2025-02-27T09:43:23.403+0000] {taskinstance.py:1956} INFO - Dependencies all met for dep_context=requeueable deps ti=<TaskInstance: 3_4_2_homework_assignment.extract_task scheduled__2024-01-01T00:00:00+00:00 [queued]>
[2025-02-27T09:43:23.403+0000] {taskinstance.py:2170} INFO - Starting attempt 1 of 1
[2025-02-27T09:43:23.413+0000] {taskinstance.py:2191} INFO - Executing <Task(PythonOperator): extract_task> on 2024-01-01 00:00:00+00:00
[2025-02-27T09:43:23.419+0000] {standard_task_runner.py:60} INFO - Started process 1302 to run task
[2025-02-27T09:43:23.421+0000] {standard_task_runner.py:87} INFO - Running: ['airflow', 'tasks', 'run', '3_4_2_homework_assignment', 'extract_task', 'scheduled__2024-01-01T00:00:00+00:00', '--job-id', '2', '--raw', '--subdir', 'DAGS_FOLDER/3_4_2_homework_assignment.py', '--cfg-path', '/tmp/tmpj8hzzf9z']
[2025-02-27T09:43:23.422+0000] {standard_task_runner.py:88} INFO - Job 2: Subtask extract_task
[2025-02-27T09:43:23.446+0000] {task_command.py:423} INFO - Running <TaskInstance: 3_4_2_homework_assignment.extract_task scheduled__2024-01-01T00:00:00+00:00 [running]> on host ea5964584459
[2025-02-27T09:43:23.486+0000] {taskinstance.py:2480} INFO - Exporting env vars: AIRFLOW_CTX_DAG_OWNER='airflow' AIRFLOW_CTX_DAG_ID='3_4_2_homework_assignment' AIRFLOW_CTX_TASK_ID='extract_task' AIRFLOW_CTX_EXECUTION_DATE='2024-01-01T00:00:00+00:00' AIRFLOW_CTX_TRY_NUMBER='1' AIRFLOW_CTX_DAG_RUN_ID='scheduled__2024-01-01T00:00:00+00:00'
[2025-02-27T09:43:24.312+0000] {logging_mixin.py:188} INFO - Ответ API: {
  "success": false,
  "error": {
    "code": 101,
    "type": "invalid_access_key",
    "info": "You have not supplied a valid API Access Key. [Technical Support: support@apilayer.com]"
  }
}
[2025-02-27T09:43:24.313+0000] {python.py:201} INFO - Done. Returned value was: None
[2025-02-27T09:43:24.318+0000] {taskinstance.py:1138} INFO - Marking task as SUCCESS. dag_id=3_4_2_homework_assignment, task_id=extract_task, execution_date=20240101T000000, start_date=20250227T094323, end_date=20250227T094324
[2025-02-27T09:43:24.334+0000] {local_task_job_runner.py:234} INFO - Task exited with return code 0
[2025-02-27T09:44:57.566+0000] {taskinstance.py:1956} INFO - Dependencies all met for dep_context=non-requeueable deps ti=<TaskInstance: 3_4_2_homework_assignment.extract_task scheduled__2024-01-01T00:00:00+00:00 [queued]>
[2025-02-27T09:44:57.571+0000] {taskinstance.py:1956} INFO - Dependencies all met for dep_context=requeueable deps ti=<TaskInstance: 3_4_2_homework_assignment.extract_task scheduled__2024-01-01T00:00:00+00:00 [queued]>
[2025-02-27T09:44:57.572+0000] {taskinstance.py:2170} INFO - Starting attempt 1 of 1
[2025-02-27T09:44:57.582+0000] {taskinstance.py:2191} INFO - Executing <Task(PythonOperator): extract_task> on 2024-01-01 00:00:00+00:00
[2025-02-27T09:44:57.587+0000] {standard_task_runner.py:60} INFO - Started process 1513 to run task
[2025-02-27T09:44:57.590+0000] {standard_task_runner.py:87} INFO - Running: ['airflow', 'tasks', 'run', '3_4_2_homework_assignment', 'extract_task', 'scheduled__2024-01-01T00:00:00+00:00', '--job-id', '2', '--raw', '--subdir', 'DAGS_FOLDER/3_4_2_homework_assignment.py', '--cfg-path', '/tmp/tmptt_aikwf']
[2025-02-27T09:44:57.591+0000] {standard_task_runner.py:88} INFO - Job 2: Subtask extract_task
[2025-02-27T09:44:57.616+0000] {task_command.py:423} INFO - Running <TaskInstance: 3_4_2_homework_assignment.extract_task scheduled__2024-01-01T00:00:00+00:00 [running]> on host ea5964584459
[2025-02-27T09:44:57.657+0000] {taskinstance.py:2480} INFO - Exporting env vars: AIRFLOW_CTX_DAG_OWNER='airflow' AIRFLOW_CTX_DAG_ID='3_4_2_homework_assignment' AIRFLOW_CTX_TASK_ID='extract_task' AIRFLOW_CTX_EXECUTION_DATE='2024-01-01T00:00:00+00:00' AIRFLOW_CTX_TRY_NUMBER='1' AIRFLOW_CTX_DAG_RUN_ID='scheduled__2024-01-01T00:00:00+00:00'
[2025-02-27T09:44:58.276+0000] {logging_mixin.py:188} INFO - Ответ API: {
  "success": false,
  "error": {
    "code": 101,
    "type": "invalid_access_key",
    "info": "You have not supplied a valid API Access Key. [Technical Support: support@apilayer.com]"
  }
}
[2025-02-27T09:44:58.277+0000] {python.py:201} INFO - Done. Returned value was: None
[2025-02-27T09:44:58.281+0000] {taskinstance.py:1138} INFO - Marking task as SUCCESS. dag_id=3_4_2_homework_assignment, task_id=extract_task, execution_date=20240101T000000, start_date=20250227T094457, end_date=20250227T094458
[2025-02-27T09:44:58.327+0000] {local_task_job_runner.py:234} INFO - Task exited with return code 0
[2025-02-27T09:46:21.897+0000] {taskinstance.py:1956} INFO - Dependencies all met for dep_context=non-requeueable deps ti=<TaskInstance: 3_4_2_homework_assignment.extract_task scheduled__2024-01-01T00:00:00+00:00 [queued]>
[2025-02-27T09:46:21.902+0000] {taskinstance.py:1956} INFO - Dependencies all met for dep_context=requeueable deps ti=<TaskInstance: 3_4_2_homework_assignment.extract_task scheduled__2024-01-01T00:00:00+00:00 [queued]>
[2025-02-27T09:46:21.903+0000] {taskinstance.py:2170} INFO - Starting attempt 1 of 1
[2025-02-27T09:46:21.913+0000] {taskinstance.py:2191} INFO - Executing <Task(PythonOperator): extract_task> on 2024-01-01 00:00:00+00:00
[2025-02-27T09:46:21.918+0000] {standard_task_runner.py:60} INFO - Started process 1671 to run task
[2025-02-27T09:46:21.921+0000] {standard_task_runner.py:87} INFO - Running: ['airflow', 'tasks', 'run', '3_4_2_homework_assignment', 'extract_task', 'scheduled__2024-01-01T00:00:00+00:00', '--job-id', '2', '--raw', '--subdir', 'DAGS_FOLDER/3_4_2_homework_assignment.py', '--cfg-path', '/tmp/tmp84vhvsy6']
[2025-02-27T09:46:21.922+0000] {standard_task_runner.py:88} INFO - Job 2: Subtask extract_task
[2025-02-27T09:46:21.950+0000] {task_command.py:423} INFO - Running <TaskInstance: 3_4_2_homework_assignment.extract_task scheduled__2024-01-01T00:00:00+00:00 [running]> on host ea5964584459
[2025-02-27T09:46:21.993+0000] {taskinstance.py:2480} INFO - Exporting env vars: AIRFLOW_CTX_DAG_OWNER='airflow' AIRFLOW_CTX_DAG_ID='3_4_2_homework_assignment' AIRFLOW_CTX_TASK_ID='extract_task' AIRFLOW_CTX_EXECUTION_DATE='2024-01-01T00:00:00+00:00' AIRFLOW_CTX_TRY_NUMBER='1' AIRFLOW_CTX_DAG_RUN_ID='scheduled__2024-01-01T00:00:00+00:00'
[2025-02-27T09:46:22.734+0000] {logging_mixin.py:188} INFO - Ответ API: {
  "success": false,
  "error": {
    "code": 101,
    "type": "invalid_access_key",
    "info": "You have not supplied a valid API Access Key. [Technical Support: support@apilayer.com]"
  }
}
[2025-02-27T09:46:22.736+0000] {python.py:201} INFO - Done. Returned value was: None
[2025-02-27T09:46:22.740+0000] {taskinstance.py:1138} INFO - Marking task as SUCCESS. dag_id=3_4_2_homework_assignment, task_id=extract_task, execution_date=20240101T000000, start_date=20250227T094621, end_date=20250227T094622
[2025-02-27T09:46:22.779+0000] {local_task_job_runner.py:234} INFO - Task exited with return code 0
[2025-02-27T09:46:22.786+0000] {taskinstance.py:3280} INFO - 0 downstream tasks scheduled from follow-on schedule check
[2025-02-27T09:47:42.153+0000] {taskinstance.py:1956} INFO - Dependencies all met for dep_context=non-requeueable deps ti=<TaskInstance: 3_4_2_homework_assignment.extract_task scheduled__2024-01-01T00:00:00+00:00 [queued]>
[2025-02-27T09:47:42.157+0000] {taskinstance.py:1956} INFO - Dependencies all met for dep_context=requeueable deps ti=<TaskInstance: 3_4_2_homework_assignment.extract_task scheduled__2024-01-01T00:00:00+00:00 [queued]>
[2025-02-27T09:47:42.158+0000] {taskinstance.py:2170} INFO - Starting attempt 1 of 1
[2025-02-27T09:47:42.168+0000] {taskinstance.py:2191} INFO - Executing <Task(PythonOperator): extract_task> on 2024-01-01 00:00:00+00:00
[2025-02-27T09:47:42.173+0000] {standard_task_runner.py:60} INFO - Started process 1861 to run task
[2025-02-27T09:47:42.175+0000] {standard_task_runner.py:87} INFO - Running: ['airflow', 'tasks', 'run', '3_4_2_homework_assignment', 'extract_task', 'scheduled__2024-01-01T00:00:00+00:00', '--job-id', '2', '--raw', '--subdir', 'DAGS_FOLDER/3_4_2_homework_assignment.py', '--cfg-path', '/tmp/tmpts29fomw']
[2025-02-27T09:47:42.176+0000] {standard_task_runner.py:88} INFO - Job 2: Subtask extract_task
[2025-02-27T09:47:42.202+0000] {task_command.py:423} INFO - Running <TaskInstance: 3_4_2_homework_assignment.extract_task scheduled__2024-01-01T00:00:00+00:00 [running]> on host ea5964584459
[2025-02-27T09:47:42.250+0000] {taskinstance.py:2480} INFO - Exporting env vars: AIRFLOW_CTX_DAG_OWNER='airflow' AIRFLOW_CTX_DAG_ID='3_4_2_homework_assignment' AIRFLOW_CTX_TASK_ID='extract_task' AIRFLOW_CTX_EXECUTION_DATE='2024-01-01T00:00:00+00:00' AIRFLOW_CTX_TRY_NUMBER='1' AIRFLOW_CTX_DAG_RUN_ID='scheduled__2024-01-01T00:00:00+00:00'
[2025-02-27T09:47:43.033+0000] {logging_mixin.py:188} INFO - Ответ API: {
  "success": false,
  "error": {
    "code": 101,
    "type": "invalid_access_key",
    "info": "You have not supplied a valid API Access Key. [Technical Support: support@apilayer.com]"
  }
}
[2025-02-27T09:47:43.034+0000] {python.py:201} INFO - Done. Returned value was: None
[2025-02-27T09:47:43.039+0000] {taskinstance.py:1138} INFO - Marking task as SUCCESS. dag_id=3_4_2_homework_assignment, task_id=extract_task, execution_date=20240101T000000, start_date=20250227T094742, end_date=20250227T094743
[2025-02-27T09:47:43.073+0000] {local_task_job_runner.py:234} INFO - Task exited with return code 0
[2025-02-27T09:47:43.081+0000] {taskinstance.py:3280} INFO - 0 downstream tasks scheduled from follow-on schedule check
[2025-02-27T09:49:40.414+0000] {taskinstance.py:1956} INFO - Dependencies all met for dep_context=non-requeueable deps ti=<TaskInstance: 3_4_2_homework_assignment.extract_task scheduled__2024-01-01T00:00:00+00:00 [queued]>
[2025-02-27T09:49:40.421+0000] {taskinstance.py:1956} INFO - Dependencies all met for dep_context=requeueable deps ti=<TaskInstance: 3_4_2_homework_assignment.extract_task scheduled__2024-01-01T00:00:00+00:00 [queued]>
[2025-02-27T09:49:40.422+0000] {taskinstance.py:2170} INFO - Starting attempt 1 of 1
[2025-02-27T09:49:40.436+0000] {taskinstance.py:2191} INFO - Executing <Task(PythonOperator): extract_task> on 2024-01-01 00:00:00+00:00
[2025-02-27T09:49:40.441+0000] {standard_task_runner.py:60} INFO - Started process 2061 to run task
[2025-02-27T09:49:40.444+0000] {standard_task_runner.py:87} INFO - Running: ['airflow', 'tasks', 'run', '3_4_2_homework_assignment', 'extract_task', 'scheduled__2024-01-01T00:00:00+00:00', '--job-id', '2', '--raw', '--subdir', 'DAGS_FOLDER/3_4_2_homework_assignment.py', '--cfg-path', '/tmp/tmp0gy3lnav']
[2025-02-27T09:49:40.445+0000] {standard_task_runner.py:88} INFO - Job 2: Subtask extract_task
[2025-02-27T09:49:40.480+0000] {task_command.py:423} INFO - Running <TaskInstance: 3_4_2_homework_assignment.extract_task scheduled__2024-01-01T00:00:00+00:00 [running]> on host ea5964584459
[2025-02-27T09:49:40.533+0000] {taskinstance.py:2480} INFO - Exporting env vars: AIRFLOW_CTX_DAG_OWNER='airflow' AIRFLOW_CTX_DAG_ID='3_4_2_homework_assignment' AIRFLOW_CTX_TASK_ID='extract_task' AIRFLOW_CTX_EXECUTION_DATE='2024-01-01T00:00:00+00:00' AIRFLOW_CTX_TRY_NUMBER='1' AIRFLOW_CTX_DAG_RUN_ID='scheduled__2024-01-01T00:00:00+00:00'
[2025-02-27T09:49:40.535+0000] {logging_mixin.py:188} INFO - https://api.exchangerate.host/timeframe?access_key=None&source=USD&start_date={{ds}}&end_date={{ds}}
[2025-02-27T09:49:41.319+0000] {logging_mixin.py:188} INFO - Ответ API: {
  "success": false,
  "error": {
    "code": 101,
    "type": "invalid_access_key",
    "info": "You have not supplied a valid API Access Key. [Technical Support: support@apilayer.com]"
  }
}
[2025-02-27T09:49:41.320+0000] {python.py:201} INFO - Done. Returned value was: None
[2025-02-27T09:49:41.324+0000] {taskinstance.py:1138} INFO - Marking task as SUCCESS. dag_id=3_4_2_homework_assignment, task_id=extract_task, execution_date=20240101T000000, start_date=20250227T094940, end_date=20250227T094941
[2025-02-27T09:49:41.381+0000] {local_task_job_runner.py:234} INFO - Task exited with return code 0
[2025-02-27T09:49:41.391+0000] {taskinstance.py:3280} INFO - 0 downstream tasks scheduled from follow-on schedule check
[2025-02-27T09:53:43.125+0000] {taskinstance.py:1956} INFO - Dependencies all met for dep_context=non-requeueable deps ti=<TaskInstance: 3_4_2_homework_assignment.extract_task scheduled__2024-01-01T00:00:00+00:00 [queued]>
[2025-02-27T09:53:43.130+0000] {taskinstance.py:1956} INFO - Dependencies all met for dep_context=requeueable deps ti=<TaskInstance: 3_4_2_homework_assignment.extract_task scheduled__2024-01-01T00:00:00+00:00 [queued]>
[2025-02-27T09:53:43.131+0000] {taskinstance.py:2170} INFO - Starting attempt 1 of 1
[2025-02-27T09:53:43.142+0000] {taskinstance.py:2191} INFO - Executing <Task(PythonOperator): extract_task> on 2024-01-01 00:00:00+00:00
[2025-02-27T09:53:43.148+0000] {standard_task_runner.py:60} INFO - Started process 2639 to run task
[2025-02-27T09:53:43.150+0000] {standard_task_runner.py:87} INFO - Running: ['airflow', 'tasks', 'run', '3_4_2_homework_assignment', 'extract_task', 'scheduled__2024-01-01T00:00:00+00:00', '--job-id', '2', '--raw', '--subdir', 'DAGS_FOLDER/3_4_2_homework_assignment.py', '--cfg-path', '/tmp/tmpa1dc1pt_']
[2025-02-27T09:53:43.152+0000] {standard_task_runner.py:88} INFO - Job 2: Subtask extract_task
[2025-02-27T09:53:43.179+0000] {task_command.py:423} INFO - Running <TaskInstance: 3_4_2_homework_assignment.extract_task scheduled__2024-01-01T00:00:00+00:00 [running]> on host ea5964584459
[2025-02-27T09:53:43.223+0000] {taskinstance.py:2480} INFO - Exporting env vars: AIRFLOW_CTX_DAG_OWNER='airflow' AIRFLOW_CTX_DAG_ID='3_4_2_homework_assignment' AIRFLOW_CTX_TASK_ID='extract_task' AIRFLOW_CTX_EXECUTION_DATE='2024-01-01T00:00:00+00:00' AIRFLOW_CTX_TRY_NUMBER='1' AIRFLOW_CTX_DAG_RUN_ID='scheduled__2024-01-01T00:00:00+00:00'
[2025-02-27T09:53:43.224+0000] {3_4_2_homework_assignment.py:41} INFO - https://api.exchangerate.host/timeframe?access_key=None&source=USD&start_date={{ds}}&end_date={{ds}}
[2025-02-27T09:53:44.026+0000] {logging_mixin.py:188} INFO - Ответ API: {
  "success": false,
  "error": {
    "code": 101,
    "type": "invalid_access_key",
    "info": "You have not supplied a valid API Access Key. [Technical Support: support@apilayer.com]"
  }
}
[2025-02-27T09:53:44.027+0000] {python.py:201} INFO - Done. Returned value was: None
[2025-02-27T09:53:44.031+0000] {taskinstance.py:1138} INFO - Marking task as SUCCESS. dag_id=3_4_2_homework_assignment, task_id=extract_task, execution_date=20240101T000000, start_date=20250227T095343, end_date=20250227T095344
[2025-02-27T09:53:44.048+0000] {local_task_job_runner.py:234} INFO - Task exited with return code 0
[2025-02-27T09:53:44.058+0000] {taskinstance.py:3280} INFO - 0 downstream tasks scheduled from follow-on schedule check
[2025-02-27T10:05:36.533+0000] {taskinstance.py:1956} INFO - Dependencies all met for dep_context=non-requeueable deps ti=<TaskInstance: 3_4_2_homework_assignment.extract_task scheduled__2024-01-01T00:00:00+00:00 [queued]>
[2025-02-27T10:05:36.538+0000] {taskinstance.py:1956} INFO - Dependencies all met for dep_context=requeueable deps ti=<TaskInstance: 3_4_2_homework_assignment.extract_task scheduled__2024-01-01T00:00:00+00:00 [queued]>
[2025-02-27T10:05:36.538+0000] {taskinstance.py:2170} INFO - Starting attempt 1 of 1
[2025-02-27T10:05:36.554+0000] {taskinstance.py:2191} INFO - Executing <Task(PythonOperator): extract_task> on 2024-01-01 00:00:00+00:00
[2025-02-27T10:05:36.558+0000] {standard_task_runner.py:60} INFO - Started process 3283 to run task
[2025-02-27T10:05:36.563+0000] {standard_task_runner.py:87} INFO - Running: ['airflow', 'tasks', 'run', '3_4_2_homework_assignment', 'extract_task', 'scheduled__2024-01-01T00:00:00+00:00', '--job-id', '2', '--raw', '--subdir', 'DAGS_FOLDER/3_4_2_homework_assignment.py', '--cfg-path', '/tmp/tmpp3gax0z1']
[2025-02-27T10:05:36.565+0000] {standard_task_runner.py:88} INFO - Job 2: Subtask extract_task
[2025-02-27T10:05:36.598+0000] {task_command.py:423} INFO - Running <TaskInstance: 3_4_2_homework_assignment.extract_task scheduled__2024-01-01T00:00:00+00:00 [running]> on host ea5964584459
[2025-02-27T10:05:36.643+0000] {taskinstance.py:2480} INFO - Exporting env vars: AIRFLOW_CTX_DAG_OWNER='airflow' AIRFLOW_CTX_DAG_ID='3_4_2_homework_assignment' AIRFLOW_CTX_TASK_ID='extract_task' AIRFLOW_CTX_EXECUTION_DATE='2024-01-01T00:00:00+00:00' AIRFLOW_CTX_TRY_NUMBER='1' AIRFLOW_CTX_DAG_RUN_ID='scheduled__2024-01-01T00:00:00+00:00'
[2025-02-27T10:05:37.488+0000] {logging_mixin.py:188} INFO - Ответ API: {
  "success": false,
  "error": {
    "code": 101,
    "type": "invalid_access_key",
    "info": "You have not supplied a valid API Access Key. [Technical Support: support@apilayer.com]"
  }
}
[2025-02-27T10:05:37.490+0000] {python.py:201} INFO - Done. Returned value was: None
[2025-02-27T10:05:37.494+0000] {taskinstance.py:1138} INFO - Marking task as SUCCESS. dag_id=3_4_2_homework_assignment, task_id=extract_task, execution_date=20240101T000000, start_date=20250227T100536, end_date=20250227T100537
[2025-02-27T10:05:37.548+0000] {local_task_job_runner.py:234} INFO - Task exited with return code 0
[2025-02-27T10:05:37.557+0000] {taskinstance.py:3280} INFO - 0 downstream tasks scheduled from follow-on schedule check
[2025-02-27T10:11:22.187+0000] {taskinstance.py:1956} INFO - Dependencies all met for dep_context=non-requeueable deps ti=<TaskInstance: 3_4_2_homework_assignment.extract_task scheduled__2024-01-01T00:00:00+00:00 [queued]>
[2025-02-27T10:11:22.192+0000] {taskinstance.py:1956} INFO - Dependencies all met for dep_context=requeueable deps ti=<TaskInstance: 3_4_2_homework_assignment.extract_task scheduled__2024-01-01T00:00:00+00:00 [queued]>
[2025-02-27T10:11:22.192+0000] {taskinstance.py:2170} INFO - Starting attempt 1 of 1
[2025-02-27T10:11:22.202+0000] {taskinstance.py:2191} INFO - Executing <Task(PythonOperator): extract_task> on 2024-01-01 00:00:00+00:00
[2025-02-27T10:11:22.207+0000] {standard_task_runner.py:60} INFO - Started process 3890 to run task
[2025-02-27T10:11:22.209+0000] {standard_task_runner.py:87} INFO - Running: ['airflow', 'tasks', 'run', '3_4_2_homework_assignment', 'extract_task', 'scheduled__2024-01-01T00:00:00+00:00', '--job-id', '2', '--raw', '--subdir', 'DAGS_FOLDER/3_4_2_homework_assignment.py', '--cfg-path', '/tmp/tmp5m46smkr']
[2025-02-27T10:11:22.210+0000] {standard_task_runner.py:88} INFO - Job 2: Subtask extract_task
[2025-02-27T10:11:22.236+0000] {task_command.py:423} INFO - Running <TaskInstance: 3_4_2_homework_assignment.extract_task scheduled__2024-01-01T00:00:00+00:00 [running]> on host ea5964584459
[2025-02-27T10:11:22.279+0000] {taskinstance.py:2480} INFO - Exporting env vars: AIRFLOW_CTX_DAG_OWNER='airflow' AIRFLOW_CTX_DAG_ID='3_4_2_homework_assignment' AIRFLOW_CTX_TASK_ID='extract_task' AIRFLOW_CTX_EXECUTION_DATE='2024-01-01T00:00:00+00:00' AIRFLOW_CTX_TRY_NUMBER='1' AIRFLOW_CTX_DAG_RUN_ID='scheduled__2024-01-01T00:00:00+00:00'
[2025-02-27T10:11:22.281+0000] {taskinstance.py:2698} ERROR - Task failed with exception
Traceback (most recent call last):
  File "/home/airflow/.local/lib/python3.9/site-packages/airflow/models/taskinstance.py", line 433, in _execute_task
    result = execute_callable(context=context, **execute_callable_kwargs)
  File "/home/airflow/.local/lib/python3.9/site-packages/airflow/operators/python.py", line 199, in execute
    return_value = self.execute_callable()
  File "/home/airflow/.local/lib/python3.9/site-packages/airflow/operators/python.py", line 216, in execute_callable
    return self.python_callable(*self.op_args, **self.op_kwargs)
TypeError: extract_data() missing 2 required positional arguments: 'start_date' and 'end_date'
[2025-02-27T10:11:22.284+0000] {taskinstance.py:1138} INFO - Marking task as FAILED. dag_id=3_4_2_homework_assignment, task_id=extract_task, execution_date=20240101T000000, start_date=20250227T101122, end_date=20250227T101122
[2025-02-27T10:11:22.292+0000] {standard_task_runner.py:107} ERROR - Failed to execute job 2 for task extract_task (extract_data() missing 2 required positional arguments: 'start_date' and 'end_date'; 3890)
[2025-02-27T10:11:22.303+0000] {local_task_job_runner.py:234} INFO - Task exited with return code 1
[2025-02-27T10:11:22.311+0000] {taskinstance.py:3280} INFO - 0 downstream tasks scheduled from follow-on schedule check
[2025-02-27T10:13:23.593+0000] {taskinstance.py:1956} INFO - Dependencies all met for dep_context=non-requeueable deps ti=<TaskInstance: 3_4_2_homework_assignment.extract_task scheduled__2024-01-01T00:00:00+00:00 [queued]>
[2025-02-27T10:13:23.598+0000] {taskinstance.py:1956} INFO - Dependencies all met for dep_context=requeueable deps ti=<TaskInstance: 3_4_2_homework_assignment.extract_task scheduled__2024-01-01T00:00:00+00:00 [queued]>
[2025-02-27T10:13:23.598+0000] {taskinstance.py:2170} INFO - Starting attempt 1 of 1
[2025-02-27T10:13:23.612+0000] {taskinstance.py:2191} INFO - Executing <Task(PythonOperator): extract_task> on 2024-01-01 00:00:00+00:00
[2025-02-27T10:13:23.616+0000] {standard_task_runner.py:60} INFO - Started process 4178 to run task
[2025-02-27T10:13:23.619+0000] {standard_task_runner.py:87} INFO - Running: ['airflow', 'tasks', 'run', '3_4_2_homework_assignment', 'extract_task', 'scheduled__2024-01-01T00:00:00+00:00', '--job-id', '2', '--raw', '--subdir', 'DAGS_FOLDER/3_4_2_homework_assignment.py', '--cfg-path', '/tmp/tmpydzerafx']
[2025-02-27T10:13:23.621+0000] {standard_task_runner.py:88} INFO - Job 2: Subtask extract_task
[2025-02-27T10:13:23.654+0000] {task_command.py:423} INFO - Running <TaskInstance: 3_4_2_homework_assignment.extract_task scheduled__2024-01-01T00:00:00+00:00 [running]> on host ea5964584459
[2025-02-27T10:13:23.705+0000] {taskinstance.py:2480} INFO - Exporting env vars: AIRFLOW_CTX_DAG_OWNER='airflow' AIRFLOW_CTX_DAG_ID='3_4_2_homework_assignment' AIRFLOW_CTX_TASK_ID='extract_task' AIRFLOW_CTX_EXECUTION_DATE='2024-01-01T00:00:00+00:00' AIRFLOW_CTX_TRY_NUMBER='1' AIRFLOW_CTX_DAG_RUN_ID='scheduled__2024-01-01T00:00:00+00:00'
[2025-02-27T10:13:23.706+0000] {3_4_2_homework_assignment.py:41} INFO - https://api.exchangerate.host/timeframe?access_key=422bab0c9e08a5476912061877017b8d&source=USD&start_date=2024-01-01&end_date=2024-01-01
[2025-02-27T10:13:24.384+0000] {logging_mixin.py:188} INFO - Ответ API: {"success":true,"terms":"https:\/\/currencylayer.com\/terms","privacy":"https:\/\/currencylayer.com\/privacy","timeframe":true,"start_date":"2024-01-01","end_date":"2024-01-01","source":"USD","quotes":{"2024-01-01":{"USDAED":3.672498,"USDAFN":70.645613,"USDALL":94.127364,"USDAMD":405.595039,"USDANG":1.807342,"USDAOA":828.798493,"USDARS":810.881324,"USDAUD":1.46843,"USDAWG":1.8,"USDAZN":1.69674,"USDBAM":1.770676,"USDBBD":2.024806,"USDBDT":110.053868,"USDBGN":1.771628,"USDBHD":0.377891,"USDBIF":2856.547915,"USDBMD":1,"USDBND":1.323073,"USDBOB":6.929519,"USDBRL":4.853903,"USDBSD":1.002852,"USDBTC":2.2645268e-5,"USDBTN":83.420397,"USDBWP":13.442578,"USDBYN":3.310851,"USDBYR":19600,"USDBZD":2.021366,"USDCAD":1.32445,"USDCDF":2675.999881,"USDCHF":0.84195,"USDCLF":0.032085,"USDCLP":885.328867,"USDCNY":7.078599,"USDCOP":3884.84,"USDCRC":521.026662,"USDCUC":1,"USDCUP":26.5,"USDCVE":99.827984,"USDCZK":22.3734,"USDDJF":177.720134,"USDDKK":6.75497,"USDDOP":58.159431,"USDDZD":134.326031,"USDEGP":31.0348,"USDERN":15,"USDETB":56.475488,"USDEUR":0.905987,"USDFJD":2.19495,"USDFKP":0.785392,"USDGBP":0.78568,"USDGEL":2.685034,"USDGGP":0.785392,"USDGHS":11.998551,"USDGIP":0.785392,"USDGMD":67.324993,"USDGNF":8622.515957,"USDGTQ":7.844824,"USDGYD":209.96786,"USDHKD":7.81039,"USDHNL":24.743108,"USDHRK":6.98177,"USDHTG":132.2439,"USDHUF":346.560359,"USDIDR":15390,"USDILS":3.602598,"USDIMP":0.785392,"USDINR":83.202849,"USDIQD":1312.661265,"USDIRR":42104.99983,"USDISK":136.000022,"USDJEP":0.785392,"USDJMD":154.931873,"USDJOD":0.709597,"USDJPY":141.130499,"USDKES":157.439937,"USDKGS":89.085296,"USDKHR":4096.69096,"USDKMF":445.14999,"USDKPW":900,"USDKRW":1437.293893,"USDKWD":0.30728,"USDKYD":0.835725,"USDKZT":458.222806,"USDLAK":20594.812367,"USDLBP":15072.201349,"USDLKR":324.801956,"USDLRD":188.474991,"USDLSL":18.529756,"USDLTL":2.95274,"USDLVL":0.60489,"USDLYD":4.778417,"USDMAD":9.925943,"USDMDL":17.348241,"USDMGA":4620.886334,"USDMKD":55.752613,"USDMMK":2105.92549,"USDMNT":3410.746534,"USDMOP":8.069168,"USDMRU":39.604253,"USDMUR":44.284438,"USDMVR":15.396253,"USDMWK":1688.108279,"USDMXN":16.96665,"USDMYR":4.594981,"USDMZN":63.24995,"USDNAD":18.530115,"USDNGN":899.099211,"USDNIO":36.70273,"USDNOK":10.173655,"USDNPR":133.472455,"USDNZD":1.583675,"USDOMR":0.38496,"USDPAB":1.002761,"USDPEN":3.703137,"USDPGK":3.791589,"USDPHP":55.397971,"USDPKR":278.980852,"USDPLN":5.378339,"USDPYG":7305.237427,"USDQAR":3.641009,"USDRON":4.504699,"USDRSD":106.080304,"USDRUB":89.250395,"USDRWF":1262.505093,"USDSAR":3.749888,"USDSBD":8.425772,"USDSCR":13.445985,"USDSDG":601.000185,"USDSEK":10.06788,"USDSGD":1.319798,"USDSHP":1.27265,"USDSLE":22.795095,"USDSLL":19750.000047,"USDSOS":571.000305,"USDSRD":36.745499,"USDSTD":20697.981008,"USDSYP":13001.982982,"USDSZL":18.508895,"USDTHB":34.349773,"USDTJS":10.975691,"USDTMT":3.51,"USDTND":3.06425,"USDTOP":2.3306,"USDTRY":29.550515,"USDTTD":6.806392,"USDTWD":30.6836,"USDTZS":2524.104839,"USDUAH":38.129012,"USDUGX":3790.683989,"USDUYU":39.147164,"USDUZS":12373.364719,"USDVEF":3584599.849886,"USDVES":35.845685,"USDVND":24270,"USDVUV":116.481518,"USDWST":2.683107,"USDXAF":593.868091,"USDXAG":0.042027,"USDXAU":0.000485,"USDXCD":2.70255,"USDXDR":0.747182,"USDXOF":593.868091,"USDXPF":108.324981,"USDYER":250.250137,"USDZAR":18.3154,"USDZMK":9001.202583,"USDZMW":25.80689,"USDZWL":321.999592}}}
[2025-02-27T10:13:24.386+0000] {python.py:201} INFO - Done. Returned value was: None
[2025-02-27T10:13:24.392+0000] {taskinstance.py:1138} INFO - Marking task as SUCCESS. dag_id=3_4_2_homework_assignment, task_id=extract_task, execution_date=20240101T000000, start_date=20250227T101323, end_date=20250227T101324
[2025-02-27T10:13:24.445+0000] {local_task_job_runner.py:234} INFO - Task exited with return code 0
[2025-02-27T10:13:24.455+0000] {taskinstance.py:3280} INFO - 0 downstream tasks scheduled from follow-on schedule check
[2025-02-27T10:18:35.295+0000] {taskinstance.py:1956} INFO - Dependencies all met for dep_context=non-requeueable deps ti=<TaskInstance: 3_4_2_homework_assignment.extract_task scheduled__2024-01-01T00:00:00+00:00 [queued]>
[2025-02-27T10:18:35.299+0000] {taskinstance.py:1956} INFO - Dependencies all met for dep_context=requeueable deps ti=<TaskInstance: 3_4_2_homework_assignment.extract_task scheduled__2024-01-01T00:00:00+00:00 [queued]>
[2025-02-27T10:18:35.300+0000] {taskinstance.py:2170} INFO - Starting attempt 1 of 1
[2025-02-27T10:18:35.313+0000] {taskinstance.py:2191} INFO - Executing <Task(PythonOperator): extract_task> on 2024-01-01 00:00:00+00:00
[2025-02-27T10:18:35.317+0000] {standard_task_runner.py:60} INFO - Started process 4769 to run task
[2025-02-27T10:18:35.320+0000] {standard_task_runner.py:87} INFO - Running: ['airflow', 'tasks', 'run', '3_4_2_homework_assignment', 'extract_task', 'scheduled__2024-01-01T00:00:00+00:00', '--job-id', '2', '--raw', '--subdir', 'DAGS_FOLDER/3_4_2_homework_assignment.py', '--cfg-path', '/tmp/tmpcbf0w6pu']
[2025-02-27T10:18:35.321+0000] {standard_task_runner.py:88} INFO - Job 2: Subtask extract_task
[2025-02-27T10:18:35.349+0000] {task_command.py:423} INFO - Running <TaskInstance: 3_4_2_homework_assignment.extract_task scheduled__2024-01-01T00:00:00+00:00 [running]> on host ea5964584459
[2025-02-27T10:18:35.399+0000] {taskinstance.py:2480} INFO - Exporting env vars: AIRFLOW_CTX_DAG_OWNER='airflow' AIRFLOW_CTX_DAG_ID='3_4_2_homework_assignment' AIRFLOW_CTX_TASK_ID='extract_task' AIRFLOW_CTX_EXECUTION_DATE='2024-01-01T00:00:00+00:00' AIRFLOW_CTX_TRY_NUMBER='1' AIRFLOW_CTX_DAG_RUN_ID='scheduled__2024-01-01T00:00:00+00:00'
[2025-02-27T10:18:35.400+0000] {3_4_2_homework_assignment.py:40} INFO - https://api.exchangerate.host/timeframe?access_key=422bab0c9e08a5476912061877017b8d&source=USD&start_date=2024-01-01&end_date=2024-01-01
[2025-02-27T10:18:36.358+0000] {logging_mixin.py:188} INFO - Ответ API: {"success":true,"terms":"https:\/\/currencylayer.com\/terms","privacy":"https:\/\/currencylayer.com\/privacy","timeframe":true,"start_date":"2024-01-01","end_date":"2024-01-01","source":"USD","quotes":{"2024-01-01":{"USDAED":3.672498,"USDAFN":70.645613,"USDALL":94.127364,"USDAMD":405.595039,"USDANG":1.807342,"USDAOA":828.798493,"USDARS":810.881324,"USDAUD":1.46843,"USDAWG":1.8,"USDAZN":1.69674,"USDBAM":1.770676,"USDBBD":2.024806,"USDBDT":110.053868,"USDBGN":1.771628,"USDBHD":0.377891,"USDBIF":2856.547915,"USDBMD":1,"USDBND":1.323073,"USDBOB":6.929519,"USDBRL":4.853903,"USDBSD":1.002852,"USDBTC":2.2645268e-5,"USDBTN":83.420397,"USDBWP":13.442578,"USDBYN":3.310851,"USDBYR":19600,"USDBZD":2.021366,"USDCAD":1.32445,"USDCDF":2675.999881,"USDCHF":0.84195,"USDCLF":0.032085,"USDCLP":885.328867,"USDCNY":7.078599,"USDCOP":3884.84,"USDCRC":521.026662,"USDCUC":1,"USDCUP":26.5,"USDCVE":99.827984,"USDCZK":22.3734,"USDDJF":177.720134,"USDDKK":6.75497,"USDDOP":58.159431,"USDDZD":134.326031,"USDEGP":31.0348,"USDERN":15,"USDETB":56.475488,"USDEUR":0.905987,"USDFJD":2.19495,"USDFKP":0.785392,"USDGBP":0.78568,"USDGEL":2.685034,"USDGGP":0.785392,"USDGHS":11.998551,"USDGIP":0.785392,"USDGMD":67.324993,"USDGNF":8622.515957,"USDGTQ":7.844824,"USDGYD":209.96786,"USDHKD":7.81039,"USDHNL":24.743108,"USDHRK":6.98177,"USDHTG":132.2439,"USDHUF":346.560359,"USDIDR":15390,"USDILS":3.602598,"USDIMP":0.785392,"USDINR":83.202849,"USDIQD":1312.661265,"USDIRR":42104.99983,"USDISK":136.000022,"USDJEP":0.785392,"USDJMD":154.931873,"USDJOD":0.709597,"USDJPY":141.130499,"USDKES":157.439937,"USDKGS":89.085296,"USDKHR":4096.69096,"USDKMF":445.14999,"USDKPW":900,"USDKRW":1437.293893,"USDKWD":0.30728,"USDKYD":0.835725,"USDKZT":458.222806,"USDLAK":20594.812367,"USDLBP":15072.201349,"USDLKR":324.801956,"USDLRD":188.474991,"USDLSL":18.529756,"USDLTL":2.95274,"USDLVL":0.60489,"USDLYD":4.778417,"USDMAD":9.925943,"USDMDL":17.348241,"USDMGA":4620.886334,"USDMKD":55.752613,"USDMMK":2105.92549,"USDMNT":3410.746534,"USDMOP":8.069168,"USDMRU":39.604253,"USDMUR":44.284438,"USDMVR":15.396253,"USDMWK":1688.108279,"USDMXN":16.96665,"USDMYR":4.594981,"USDMZN":63.24995,"USDNAD":18.530115,"USDNGN":899.099211,"USDNIO":36.70273,"USDNOK":10.173655,"USDNPR":133.472455,"USDNZD":1.583675,"USDOMR":0.38496,"USDPAB":1.002761,"USDPEN":3.703137,"USDPGK":3.791589,"USDPHP":55.397971,"USDPKR":278.980852,"USDPLN":5.378339,"USDPYG":7305.237427,"USDQAR":3.641009,"USDRON":4.504699,"USDRSD":106.080304,"USDRUB":89.250395,"USDRWF":1262.505093,"USDSAR":3.749888,"USDSBD":8.425772,"USDSCR":13.445985,"USDSDG":601.000185,"USDSEK":10.06788,"USDSGD":1.319798,"USDSHP":1.27265,"USDSLE":22.795095,"USDSLL":19750.000047,"USDSOS":571.000305,"USDSRD":36.745499,"USDSTD":20697.981008,"USDSYP":13001.982982,"USDSZL":18.508895,"USDTHB":34.349773,"USDTJS":10.975691,"USDTMT":3.51,"USDTND":3.06425,"USDTOP":2.3306,"USDTRY":29.550515,"USDTTD":6.806392,"USDTWD":30.6836,"USDTZS":2524.104839,"USDUAH":38.129012,"USDUGX":3790.683989,"USDUYU":39.147164,"USDUZS":12373.364719,"USDVEF":3584599.849886,"USDVES":35.845685,"USDVND":24270,"USDVUV":116.481518,"USDWST":2.683107,"USDXAF":593.868091,"USDXAG":0.042027,"USDXAU":0.000485,"USDXCD":2.70255,"USDXDR":0.747182,"USDXOF":593.868091,"USDXPF":108.324981,"USDYER":250.250137,"USDZAR":18.3154,"USDZMK":9001.202583,"USDZMW":25.80689,"USDZWL":321.999592}}}
[2025-02-27T10:18:36.361+0000] {python.py:201} INFO - Done. Returned value was: None
[2025-02-27T10:18:36.371+0000] {taskinstance.py:1138} INFO - Marking task as SUCCESS. dag_id=3_4_2_homework_assignment, task_id=extract_task, execution_date=20240101T000000, start_date=20250227T101835, end_date=20250227T101836
[2025-02-27T10:18:36.424+0000] {local_task_job_runner.py:234} INFO - Task exited with return code 0
[2025-02-27T10:23:14.197+0000] {taskinstance.py:1956} INFO - Dependencies all met for dep_context=non-requeueable deps ti=<TaskInstance: 3_4_2_homework_assignment.extract_task scheduled__2024-01-01T00:00:00+00:00 [queued]>
[2025-02-27T10:23:14.204+0000] {taskinstance.py:1956} INFO - Dependencies all met for dep_context=requeueable deps ti=<TaskInstance: 3_4_2_homework_assignment.extract_task scheduled__2024-01-01T00:00:00+00:00 [queued]>
[2025-02-27T10:23:14.204+0000] {taskinstance.py:2170} INFO - Starting attempt 1 of 1
[2025-02-27T10:23:14.222+0000] {taskinstance.py:2191} INFO - Executing <Task(PythonOperator): extract_task> on 2024-01-01 00:00:00+00:00
[2025-02-27T10:23:14.227+0000] {standard_task_runner.py:60} INFO - Started process 5220 to run task
[2025-02-27T10:23:14.231+0000] {standard_task_runner.py:87} INFO - Running: ['airflow', 'tasks', 'run', '3_4_2_homework_assignment', 'extract_task', 'scheduled__2024-01-01T00:00:00+00:00', '--job-id', '2', '--raw', '--subdir', 'DAGS_FOLDER/3_4_2_homework_assignment.py', '--cfg-path', '/tmp/tmp4e_ou1ms']
[2025-02-27T10:23:14.233+0000] {standard_task_runner.py:88} INFO - Job 2: Subtask extract_task
[2025-02-27T10:23:14.267+0000] {task_command.py:423} INFO - Running <TaskInstance: 3_4_2_homework_assignment.extract_task scheduled__2024-01-01T00:00:00+00:00 [running]> on host ea5964584459
[2025-02-27T10:23:13.847+0000] {taskinstance.py:2480} INFO - Exporting env vars: AIRFLOW_CTX_DAG_OWNER='airflow' AIRFLOW_CTX_DAG_ID='3_4_2_homework_assignment' AIRFLOW_CTX_TASK_ID='extract_task' AIRFLOW_CTX_EXECUTION_DATE='2024-01-01T00:00:00+00:00' AIRFLOW_CTX_TRY_NUMBER='1' AIRFLOW_CTX_DAG_RUN_ID='scheduled__2024-01-01T00:00:00+00:00'
[2025-02-27T10:23:13.848+0000] {3_4_2_homework_assignment.py:40} INFO - https://api.exchangerate.host/timeframe?access_key=422bab0c9e08a5476912061877017b8d&source=USD&start_date=2024-01-01&end_date=2024-01-01
[2025-02-27T10:23:14.700+0000] {logging_mixin.py:188} INFO - Ответ API: {"success":true,"terms":"https:\/\/currencylayer.com\/terms","privacy":"https:\/\/currencylayer.com\/privacy","timeframe":true,"start_date":"2024-01-01","end_date":"2024-01-01","source":"USD","quotes":{"2024-01-01":{"USDAED":3.672498,"USDAFN":70.645613,"USDALL":94.127364,"USDAMD":405.595039,"USDANG":1.807342,"USDAOA":828.798493,"USDARS":810.881324,"USDAUD":1.46843,"USDAWG":1.8,"USDAZN":1.69674,"USDBAM":1.770676,"USDBBD":2.024806,"USDBDT":110.053868,"USDBGN":1.771628,"USDBHD":0.377891,"USDBIF":2856.547915,"USDBMD":1,"USDBND":1.323073,"USDBOB":6.929519,"USDBRL":4.853903,"USDBSD":1.002852,"USDBTC":2.2645268e-5,"USDBTN":83.420397,"USDBWP":13.442578,"USDBYN":3.310851,"USDBYR":19600,"USDBZD":2.021366,"USDCAD":1.32445,"USDCDF":2675.999881,"USDCHF":0.84195,"USDCLF":0.032085,"USDCLP":885.328867,"USDCNY":7.078599,"USDCOP":3884.84,"USDCRC":521.026662,"USDCUC":1,"USDCUP":26.5,"USDCVE":99.827984,"USDCZK":22.3734,"USDDJF":177.720134,"USDDKK":6.75497,"USDDOP":58.159431,"USDDZD":134.326031,"USDEGP":31.0348,"USDERN":15,"USDETB":56.475488,"USDEUR":0.905987,"USDFJD":2.19495,"USDFKP":0.785392,"USDGBP":0.78568,"USDGEL":2.685034,"USDGGP":0.785392,"USDGHS":11.998551,"USDGIP":0.785392,"USDGMD":67.324993,"USDGNF":8622.515957,"USDGTQ":7.844824,"USDGYD":209.96786,"USDHKD":7.81039,"USDHNL":24.743108,"USDHRK":6.98177,"USDHTG":132.2439,"USDHUF":346.560359,"USDIDR":15390,"USDILS":3.602598,"USDIMP":0.785392,"USDINR":83.202849,"USDIQD":1312.661265,"USDIRR":42104.99983,"USDISK":136.000022,"USDJEP":0.785392,"USDJMD":154.931873,"USDJOD":0.709597,"USDJPY":141.130499,"USDKES":157.439937,"USDKGS":89.085296,"USDKHR":4096.69096,"USDKMF":445.14999,"USDKPW":900,"USDKRW":1437.293893,"USDKWD":0.30728,"USDKYD":0.835725,"USDKZT":458.222806,"USDLAK":20594.812367,"USDLBP":15072.201349,"USDLKR":324.801956,"USDLRD":188.474991,"USDLSL":18.529756,"USDLTL":2.95274,"USDLVL":0.60489,"USDLYD":4.778417,"USDMAD":9.925943,"USDMDL":17.348241,"USDMGA":4620.886334,"USDMKD":55.752613,"USDMMK":2105.92549,"USDMNT":3410.746534,"USDMOP":8.069168,"USDMRU":39.604253,"USDMUR":44.284438,"USDMVR":15.396253,"USDMWK":1688.108279,"USDMXN":16.96665,"USDMYR":4.594981,"USDMZN":63.24995,"USDNAD":18.530115,"USDNGN":899.099211,"USDNIO":36.70273,"USDNOK":10.173655,"USDNPR":133.472455,"USDNZD":1.583675,"USDOMR":0.38496,"USDPAB":1.002761,"USDPEN":3.703137,"USDPGK":3.791589,"USDPHP":55.397971,"USDPKR":278.980852,"USDPLN":5.378339,"USDPYG":7305.237427,"USDQAR":3.641009,"USDRON":4.504699,"USDRSD":106.080304,"USDRUB":89.250395,"USDRWF":1262.505093,"USDSAR":3.749888,"USDSBD":8.425772,"USDSCR":13.445985,"USDSDG":601.000185,"USDSEK":10.06788,"USDSGD":1.319798,"USDSHP":1.27265,"USDSLE":22.795095,"USDSLL":19750.000047,"USDSOS":571.000305,"USDSRD":36.745499,"USDSTD":20697.981008,"USDSYP":13001.982982,"USDSZL":18.508895,"USDTHB":34.349773,"USDTJS":10.975691,"USDTMT":3.51,"USDTND":3.06425,"USDTOP":2.3306,"USDTRY":29.550515,"USDTTD":6.806392,"USDTWD":30.6836,"USDTZS":2524.104839,"USDUAH":38.129012,"USDUGX":3790.683989,"USDUYU":39.147164,"USDUZS":12373.364719,"USDVEF":3584599.849886,"USDVES":35.845685,"USDVND":24270,"USDVUV":116.481518,"USDWST":2.683107,"USDXAF":593.868091,"USDXAG":0.042027,"USDXAU":0.000485,"USDXCD":2.70255,"USDXDR":0.747182,"USDXOF":593.868091,"USDXPF":108.324981,"USDYER":250.250137,"USDZAR":18.3154,"USDZMK":9001.202583,"USDZMW":25.80689,"USDZWL":321.999592}}}
[2025-02-27T10:23:14.702+0000] {python.py:201} INFO - Done. Returned value was: None
[2025-02-27T10:23:14.707+0000] {taskinstance.py:1138} INFO - Marking task as SUCCESS. dag_id=3_4_2_homework_assignment, task_id=extract_task, execution_date=20240101T000000, start_date=20250227T102314, end_date=20250227T102314
[2025-02-27T10:23:14.738+0000] {local_task_job_runner.py:234} INFO - Task exited with return code 0
[2025-02-27T10:25:47.847+0000] {taskinstance.py:1956} INFO - Dependencies all met for dep_context=non-requeueable deps ti=<TaskInstance: 3_4_2_homework_assignment.extract_task scheduled__2024-01-01T00:00:00+00:00 [queued]>
[2025-02-27T10:25:47.853+0000] {taskinstance.py:1956} INFO - Dependencies all met for dep_context=requeueable deps ti=<TaskInstance: 3_4_2_homework_assignment.extract_task scheduled__2024-01-01T00:00:00+00:00 [queued]>
[2025-02-27T10:25:47.853+0000] {taskinstance.py:2170} INFO - Starting attempt 1 of 1
[2025-02-27T10:25:47.872+0000] {taskinstance.py:2191} INFO - Executing <Task(PythonOperator): extract_task> on 2024-01-01 00:00:00+00:00
[2025-02-27T10:25:47.879+0000] {standard_task_runner.py:60} INFO - Started process 5509 to run task
[2025-02-27T10:25:47.881+0000] {standard_task_runner.py:87} INFO - Running: ['airflow', 'tasks', 'run', '3_4_2_homework_assignment', 'extract_task', 'scheduled__2024-01-01T00:00:00+00:00', '--job-id', '2', '--raw', '--subdir', 'DAGS_FOLDER/3_4_2_homework_assignment.py', '--cfg-path', '/tmp/tmpfgp6f6z2']
[2025-02-27T10:25:47.883+0000] {standard_task_runner.py:88} INFO - Job 2: Subtask extract_task
[2025-02-27T10:25:47.915+0000] {task_command.py:423} INFO - Running <TaskInstance: 3_4_2_homework_assignment.extract_task scheduled__2024-01-01T00:00:00+00:00 [running]> on host ea5964584459
[2025-02-27T10:25:47.965+0000] {taskinstance.py:2480} INFO - Exporting env vars: AIRFLOW_CTX_DAG_OWNER='airflow' AIRFLOW_CTX_DAG_ID='3_4_2_homework_assignment' AIRFLOW_CTX_TASK_ID='extract_task' AIRFLOW_CTX_EXECUTION_DATE='2024-01-01T00:00:00+00:00' AIRFLOW_CTX_TRY_NUMBER='1' AIRFLOW_CTX_DAG_RUN_ID='scheduled__2024-01-01T00:00:00+00:00'
[2025-02-27T10:25:47.966+0000] {3_4_2_homework_assignment.py:40} INFO - https://api.exchangerate.host/timeframe?access_key=422bab0c9e08a5476912061877017b8d&source=USD&start_date=2024-01-01&end_date=2024-01-01
[2025-02-27T10:25:48.688+0000] {logging_mixin.py:188} INFO - Ответ API: {"success":true,"terms":"https:\/\/currencylayer.com\/terms","privacy":"https:\/\/currencylayer.com\/privacy","timeframe":true,"start_date":"2024-01-01","end_date":"2024-01-01","source":"USD","quotes":{"2024-01-01":{"USDAED":3.672498,"USDAFN":70.645613,"USDALL":94.127364,"USDAMD":405.595039,"USDANG":1.807342,"USDAOA":828.798493,"USDARS":810.881324,"USDAUD":1.46843,"USDAWG":1.8,"USDAZN":1.69674,"USDBAM":1.770676,"USDBBD":2.024806,"USDBDT":110.053868,"USDBGN":1.771628,"USDBHD":0.377891,"USDBIF":2856.547915,"USDBMD":1,"USDBND":1.323073,"USDBOB":6.929519,"USDBRL":4.853903,"USDBSD":1.002852,"USDBTC":2.2645268e-5,"USDBTN":83.420397,"USDBWP":13.442578,"USDBYN":3.310851,"USDBYR":19600,"USDBZD":2.021366,"USDCAD":1.32445,"USDCDF":2675.999881,"USDCHF":0.84195,"USDCLF":0.032085,"USDCLP":885.328867,"USDCNY":7.078599,"USDCOP":3884.84,"USDCRC":521.026662,"USDCUC":1,"USDCUP":26.5,"USDCVE":99.827984,"USDCZK":22.3734,"USDDJF":177.720134,"USDDKK":6.75497,"USDDOP":58.159431,"USDDZD":134.326031,"USDEGP":31.0348,"USDERN":15,"USDETB":56.475488,"USDEUR":0.905987,"USDFJD":2.19495,"USDFKP":0.785392,"USDGBP":0.78568,"USDGEL":2.685034,"USDGGP":0.785392,"USDGHS":11.998551,"USDGIP":0.785392,"USDGMD":67.324993,"USDGNF":8622.515957,"USDGTQ":7.844824,"USDGYD":209.96786,"USDHKD":7.81039,"USDHNL":24.743108,"USDHRK":6.98177,"USDHTG":132.2439,"USDHUF":346.560359,"USDIDR":15390,"USDILS":3.602598,"USDIMP":0.785392,"USDINR":83.202849,"USDIQD":1312.661265,"USDIRR":42104.99983,"USDISK":136.000022,"USDJEP":0.785392,"USDJMD":154.931873,"USDJOD":0.709597,"USDJPY":141.130499,"USDKES":157.439937,"USDKGS":89.085296,"USDKHR":4096.69096,"USDKMF":445.14999,"USDKPW":900,"USDKRW":1437.293893,"USDKWD":0.30728,"USDKYD":0.835725,"USDKZT":458.222806,"USDLAK":20594.812367,"USDLBP":15072.201349,"USDLKR":324.801956,"USDLRD":188.474991,"USDLSL":18.529756,"USDLTL":2.95274,"USDLVL":0.60489,"USDLYD":4.778417,"USDMAD":9.925943,"USDMDL":17.348241,"USDMGA":4620.886334,"USDMKD":55.752613,"USDMMK":2105.92549,"USDMNT":3410.746534,"USDMOP":8.069168,"USDMRU":39.604253,"USDMUR":44.284438,"USDMVR":15.396253,"USDMWK":1688.108279,"USDMXN":16.96665,"USDMYR":4.594981,"USDMZN":63.24995,"USDNAD":18.530115,"USDNGN":899.099211,"USDNIO":36.70273,"USDNOK":10.173655,"USDNPR":133.472455,"USDNZD":1.583675,"USDOMR":0.38496,"USDPAB":1.002761,"USDPEN":3.703137,"USDPGK":3.791589,"USDPHP":55.397971,"USDPKR":278.980852,"USDPLN":5.378339,"USDPYG":7305.237427,"USDQAR":3.641009,"USDRON":4.504699,"USDRSD":106.080304,"USDRUB":89.250395,"USDRWF":1262.505093,"USDSAR":3.749888,"USDSBD":8.425772,"USDSCR":13.445985,"USDSDG":601.000185,"USDSEK":10.06788,"USDSGD":1.319798,"USDSHP":1.27265,"USDSLE":22.795095,"USDSLL":19750.000047,"USDSOS":571.000305,"USDSRD":36.745499,"USDSTD":20697.981008,"USDSYP":13001.982982,"USDSZL":18.508895,"USDTHB":34.349773,"USDTJS":10.975691,"USDTMT":3.51,"USDTND":3.06425,"USDTOP":2.3306,"USDTRY":29.550515,"USDTTD":6.806392,"USDTWD":30.6836,"USDTZS":2524.104839,"USDUAH":38.129012,"USDUGX":3790.683989,"USDUYU":39.147164,"USDUZS":12373.364719,"USDVEF":3584599.849886,"USDVES":35.845685,"USDVND":24270,"USDVUV":116.481518,"USDWST":2.683107,"USDXAF":593.868091,"USDXAG":0.042027,"USDXAU":0.000485,"USDXCD":2.70255,"USDXDR":0.747182,"USDXOF":593.868091,"USDXPF":108.324981,"USDYER":250.250137,"USDZAR":18.3154,"USDZMK":9001.202583,"USDZMW":25.80689,"USDZWL":321.999592}}}
[2025-02-27T10:25:48.690+0000] {python.py:201} INFO - Done. Returned value was: None
[2025-02-27T10:25:48.696+0000] {taskinstance.py:1138} INFO - Marking task as SUCCESS. dag_id=3_4_2_homework_assignment, task_id=extract_task, execution_date=20240101T000000, start_date=20250227T102547, end_date=20250227T102548
[2025-02-27T10:25:48.747+0000] {local_task_job_runner.py:234} INFO - Task exited with return code 0
[2025-02-27T10:34:03.219+0000] {taskinstance.py:1956} INFO - Dependencies all met for dep_context=non-requeueable deps ti=<TaskInstance: 3_4_2_homework_assignment.extract_task scheduled__2024-01-01T00:00:00+00:00 [queued]>
[2025-02-27T10:34:03.226+0000] {taskinstance.py:1956} INFO - Dependencies all met for dep_context=requeueable deps ti=<TaskInstance: 3_4_2_homework_assignment.extract_task scheduled__2024-01-01T00:00:00+00:00 [queued]>
[2025-02-27T10:34:03.226+0000] {taskinstance.py:2170} INFO - Starting attempt 1 of 1
[2025-02-27T10:34:03.242+0000] {taskinstance.py:2191} INFO - Executing <Task(PythonOperator): extract_task> on 2024-01-01 00:00:00+00:00
[2025-02-27T10:34:03.247+0000] {standard_task_runner.py:60} INFO - Started process 6169 to run task
[2025-02-27T10:34:03.249+0000] {standard_task_runner.py:87} INFO - Running: ['airflow', 'tasks', 'run', '3_4_2_homework_assignment', 'extract_task', 'scheduled__2024-01-01T00:00:00+00:00', '--job-id', '2', '--raw', '--subdir', 'DAGS_FOLDER/3_4_2_homework_assignment.py', '--cfg-path', '/tmp/tmp_mulw8fz']
[2025-02-27T10:34:03.251+0000] {standard_task_runner.py:88} INFO - Job 2: Subtask extract_task
[2025-02-27T10:34:03.279+0000] {task_command.py:423} INFO - Running <TaskInstance: 3_4_2_homework_assignment.extract_task scheduled__2024-01-01T00:00:00+00:00 [running]> on host ea5964584459
[2025-02-27T10:34:03.331+0000] {taskinstance.py:2480} INFO - Exporting env vars: AIRFLOW_CTX_DAG_OWNER='airflow' AIRFLOW_CTX_DAG_ID='3_4_2_homework_assignment' AIRFLOW_CTX_TASK_ID='extract_task' AIRFLOW_CTX_EXECUTION_DATE='2024-01-01T00:00:00+00:00' AIRFLOW_CTX_TRY_NUMBER='1' AIRFLOW_CTX_DAG_RUN_ID='scheduled__2024-01-01T00:00:00+00:00'
[2025-02-27T10:34:03.332+0000] {3_4_2_homework_assignment.py:40} INFO - https://api.exchangerate.host/timeframe?access_key=422bab0c9e08a5476912061877017b8d&source=USD&start_date=2024-01-01&end_date=2024-01-01
[2025-02-27T10:34:04.226+0000] {logging_mixin.py:188} INFO - Ответ API: {"success":true,"terms":"https:\/\/currencylayer.com\/terms","privacy":"https:\/\/currencylayer.com\/privacy","timeframe":true,"start_date":"2024-01-01","end_date":"2024-01-01","source":"USD","quotes":{"2024-01-01":{"USDAED":3.672498,"USDAFN":70.645613,"USDALL":94.127364,"USDAMD":405.595039,"USDANG":1.807342,"USDAOA":828.798493,"USDARS":810.881324,"USDAUD":1.46843,"USDAWG":1.8,"USDAZN":1.69674,"USDBAM":1.770676,"USDBBD":2.024806,"USDBDT":110.053868,"USDBGN":1.771628,"USDBHD":0.377891,"USDBIF":2856.547915,"USDBMD":1,"USDBND":1.323073,"USDBOB":6.929519,"USDBRL":4.853903,"USDBSD":1.002852,"USDBTC":2.2645268e-5,"USDBTN":83.420397,"USDBWP":13.442578,"USDBYN":3.310851,"USDBYR":19600,"USDBZD":2.021366,"USDCAD":1.32445,"USDCDF":2675.999881,"USDCHF":0.84195,"USDCLF":0.032085,"USDCLP":885.328867,"USDCNY":7.078599,"USDCOP":3884.84,"USDCRC":521.026662,"USDCUC":1,"USDCUP":26.5,"USDCVE":99.827984,"USDCZK":22.3734,"USDDJF":177.720134,"USDDKK":6.75497,"USDDOP":58.159431,"USDDZD":134.326031,"USDEGP":31.0348,"USDERN":15,"USDETB":56.475488,"USDEUR":0.905987,"USDFJD":2.19495,"USDFKP":0.785392,"USDGBP":0.78568,"USDGEL":2.685034,"USDGGP":0.785392,"USDGHS":11.998551,"USDGIP":0.785392,"USDGMD":67.324993,"USDGNF":8622.515957,"USDGTQ":7.844824,"USDGYD":209.96786,"USDHKD":7.81039,"USDHNL":24.743108,"USDHRK":6.98177,"USDHTG":132.2439,"USDHUF":346.560359,"USDIDR":15390,"USDILS":3.602598,"USDIMP":0.785392,"USDINR":83.202849,"USDIQD":1312.661265,"USDIRR":42104.99983,"USDISK":136.000022,"USDJEP":0.785392,"USDJMD":154.931873,"USDJOD":0.709597,"USDJPY":141.130499,"USDKES":157.439937,"USDKGS":89.085296,"USDKHR":4096.69096,"USDKMF":445.14999,"USDKPW":900,"USDKRW":1437.293893,"USDKWD":0.30728,"USDKYD":0.835725,"USDKZT":458.222806,"USDLAK":20594.812367,"USDLBP":15072.201349,"USDLKR":324.801956,"USDLRD":188.474991,"USDLSL":18.529756,"USDLTL":2.95274,"USDLVL":0.60489,"USDLYD":4.778417,"USDMAD":9.925943,"USDMDL":17.348241,"USDMGA":4620.886334,"USDMKD":55.752613,"USDMMK":2105.92549,"USDMNT":3410.746534,"USDMOP":8.069168,"USDMRU":39.604253,"USDMUR":44.284438,"USDMVR":15.396253,"USDMWK":1688.108279,"USDMXN":16.96665,"USDMYR":4.594981,"USDMZN":63.24995,"USDNAD":18.530115,"USDNGN":899.099211,"USDNIO":36.70273,"USDNOK":10.173655,"USDNPR":133.472455,"USDNZD":1.583675,"USDOMR":0.38496,"USDPAB":1.002761,"USDPEN":3.703137,"USDPGK":3.791589,"USDPHP":55.397971,"USDPKR":278.980852,"USDPLN":5.378339,"USDPYG":7305.237427,"USDQAR":3.641009,"USDRON":4.504699,"USDRSD":106.080304,"USDRUB":89.250395,"USDRWF":1262.505093,"USDSAR":3.749888,"USDSBD":8.425772,"USDSCR":13.445985,"USDSDG":601.000185,"USDSEK":10.06788,"USDSGD":1.319798,"USDSHP":1.27265,"USDSLE":22.795095,"USDSLL":19750.000047,"USDSOS":571.000305,"USDSRD":36.745499,"USDSTD":20697.981008,"USDSYP":13001.982982,"USDSZL":18.508895,"USDTHB":34.349773,"USDTJS":10.975691,"USDTMT":3.51,"USDTND":3.06425,"USDTOP":2.3306,"USDTRY":29.550515,"USDTTD":6.806392,"USDTWD":30.6836,"USDTZS":2524.104839,"USDUAH":38.129012,"USDUGX":3790.683989,"USDUYU":39.147164,"USDUZS":12373.364719,"USDVEF":3584599.849886,"USDVES":35.845685,"USDVND":24270,"USDVUV":116.481518,"USDWST":2.683107,"USDXAF":593.868091,"USDXAG":0.042027,"USDXAU":0.000485,"USDXCD":2.70255,"USDXDR":0.747182,"USDXOF":593.868091,"USDXPF":108.324981,"USDYER":250.250137,"USDZAR":18.3154,"USDZMK":9001.202583,"USDZMW":25.80689,"USDZWL":321.999592}}}
[2025-02-27T10:34:04.228+0000] {python.py:201} INFO - Done. Returned value was: None
[2025-02-27T10:34:04.234+0000] {taskinstance.py:1138} INFO - Marking task as SUCCESS. dag_id=3_4_2_homework_assignment, task_id=extract_task, execution_date=20240101T000000, start_date=20250227T103403, end_date=20250227T103404
[2025-02-27T10:34:04.285+0000] {local_task_job_runner.py:234} INFO - Task exited with return code 0
[2025-02-27T10:44:19.781+0000] {taskinstance.py:1956} INFO - Dependencies all met for dep_context=non-requeueable deps ti=<TaskInstance: 3_4_2_homework_assignment.extract_task scheduled__2024-01-01T00:00:00+00:00 [queued]>
[2025-02-27T10:44:19.787+0000] {taskinstance.py:1956} INFO - Dependencies all met for dep_context=requeueable deps ti=<TaskInstance: 3_4_2_homework_assignment.extract_task scheduled__2024-01-01T00:00:00+00:00 [queued]>
[2025-02-27T10:44:19.788+0000] {taskinstance.py:2170} INFO - Starting attempt 1 of 1
[2025-02-27T10:44:19.801+0000] {taskinstance.py:2191} INFO - Executing <Task(PythonOperator): extract_task> on 2024-01-01 00:00:00+00:00
[2025-02-27T10:44:19.807+0000] {standard_task_runner.py:60} INFO - Started process 6856 to run task
[2025-02-27T10:44:19.810+0000] {standard_task_runner.py:87} INFO - Running: ['airflow', 'tasks', 'run', '3_4_2_homework_assignment', 'extract_task', 'scheduled__2024-01-01T00:00:00+00:00', '--job-id', '2', '--raw', '--subdir', 'DAGS_FOLDER/3_4_2_homework_assignment.py', '--cfg-path', '/tmp/tmp7fjptsar']
[2025-02-27T10:44:19.811+0000] {standard_task_runner.py:88} INFO - Job 2: Subtask extract_task
[2025-02-27T10:44:19.840+0000] {task_command.py:423} INFO - Running <TaskInstance: 3_4_2_homework_assignment.extract_task scheduled__2024-01-01T00:00:00+00:00 [running]> on host ea5964584459
[2025-02-27T10:44:19.885+0000] {taskinstance.py:2480} INFO - Exporting env vars: AIRFLOW_CTX_DAG_OWNER='airflow' AIRFLOW_CTX_DAG_ID='3_4_2_homework_assignment' AIRFLOW_CTX_TASK_ID='extract_task' AIRFLOW_CTX_EXECUTION_DATE='2024-01-01T00:00:00+00:00' AIRFLOW_CTX_TRY_NUMBER='1' AIRFLOW_CTX_DAG_RUN_ID='scheduled__2024-01-01T00:00:00+00:00'
[2025-02-27T10:44:19.887+0000] {3_4_2_homework_assignment.py:40} INFO - https://api.exchangerate.host/timeframe?access_key=422bab0c9e08a5476912061877017b8d&source=USD&start_date=2024-01-01&end_date=2024-01-01
[2025-02-27T10:44:20.838+0000] {logging_mixin.py:188} INFO - Ответ API: {"success":true,"terms":"https:\/\/currencylayer.com\/terms","privacy":"https:\/\/currencylayer.com\/privacy","timeframe":true,"start_date":"2024-01-01","end_date":"2024-01-01","source":"USD","quotes":{"2024-01-01":{"USDAED":3.672498,"USDAFN":70.645613,"USDALL":94.127364,"USDAMD":405.595039,"USDANG":1.807342,"USDAOA":828.798493,"USDARS":810.881324,"USDAUD":1.46843,"USDAWG":1.8,"USDAZN":1.69674,"USDBAM":1.770676,"USDBBD":2.024806,"USDBDT":110.053868,"USDBGN":1.771628,"USDBHD":0.377891,"USDBIF":2856.547915,"USDBMD":1,"USDBND":1.323073,"USDBOB":6.929519,"USDBRL":4.853903,"USDBSD":1.002852,"USDBTC":2.2645268e-5,"USDBTN":83.420397,"USDBWP":13.442578,"USDBYN":3.310851,"USDBYR":19600,"USDBZD":2.021366,"USDCAD":1.32445,"USDCDF":2675.999881,"USDCHF":0.84195,"USDCLF":0.032085,"USDCLP":885.328867,"USDCNY":7.078599,"USDCOP":3884.84,"USDCRC":521.026662,"USDCUC":1,"USDCUP":26.5,"USDCVE":99.827984,"USDCZK":22.3734,"USDDJF":177.720134,"USDDKK":6.75497,"USDDOP":58.159431,"USDDZD":134.326031,"USDEGP":31.0348,"USDERN":15,"USDETB":56.475488,"USDEUR":0.905987,"USDFJD":2.19495,"USDFKP":0.785392,"USDGBP":0.78568,"USDGEL":2.685034,"USDGGP":0.785392,"USDGHS":11.998551,"USDGIP":0.785392,"USDGMD":67.324993,"USDGNF":8622.515957,"USDGTQ":7.844824,"USDGYD":209.96786,"USDHKD":7.81039,"USDHNL":24.743108,"USDHRK":6.98177,"USDHTG":132.2439,"USDHUF":346.560359,"USDIDR":15390,"USDILS":3.602598,"USDIMP":0.785392,"USDINR":83.202849,"USDIQD":1312.661265,"USDIRR":42104.99983,"USDISK":136.000022,"USDJEP":0.785392,"USDJMD":154.931873,"USDJOD":0.709597,"USDJPY":141.130499,"USDKES":157.439937,"USDKGS":89.085296,"USDKHR":4096.69096,"USDKMF":445.14999,"USDKPW":900,"USDKRW":1437.293893,"USDKWD":0.30728,"USDKYD":0.835725,"USDKZT":458.222806,"USDLAK":20594.812367,"USDLBP":15072.201349,"USDLKR":324.801956,"USDLRD":188.474991,"USDLSL":18.529756,"USDLTL":2.95274,"USDLVL":0.60489,"USDLYD":4.778417,"USDMAD":9.925943,"USDMDL":17.348241,"USDMGA":4620.886334,"USDMKD":55.752613,"USDMMK":2105.92549,"USDMNT":3410.746534,"USDMOP":8.069168,"USDMRU":39.604253,"USDMUR":44.284438,"USDMVR":15.396253,"USDMWK":1688.108279,"USDMXN":16.96665,"USDMYR":4.594981,"USDMZN":63.24995,"USDNAD":18.530115,"USDNGN":899.099211,"USDNIO":36.70273,"USDNOK":10.173655,"USDNPR":133.472455,"USDNZD":1.583675,"USDOMR":0.38496,"USDPAB":1.002761,"USDPEN":3.703137,"USDPGK":3.791589,"USDPHP":55.397971,"USDPKR":278.980852,"USDPLN":5.378339,"USDPYG":7305.237427,"USDQAR":3.641009,"USDRON":4.504699,"USDRSD":106.080304,"USDRUB":89.250395,"USDRWF":1262.505093,"USDSAR":3.749888,"USDSBD":8.425772,"USDSCR":13.445985,"USDSDG":601.000185,"USDSEK":10.06788,"USDSGD":1.319798,"USDSHP":1.27265,"USDSLE":22.795095,"USDSLL":19750.000047,"USDSOS":571.000305,"USDSRD":36.745499,"USDSTD":20697.981008,"USDSYP":13001.982982,"USDSZL":18.508895,"USDTHB":34.349773,"USDTJS":10.975691,"USDTMT":3.51,"USDTND":3.06425,"USDTOP":2.3306,"USDTRY":29.550515,"USDTTD":6.806392,"USDTWD":30.6836,"USDTZS":2524.104839,"USDUAH":38.129012,"USDUGX":3790.683989,"USDUYU":39.147164,"USDUZS":12373.364719,"USDVEF":3584599.849886,"USDVES":35.845685,"USDVND":24270,"USDVUV":116.481518,"USDWST":2.683107,"USDXAF":593.868091,"USDXAG":0.042027,"USDXAU":0.000485,"USDXCD":2.70255,"USDXDR":0.747182,"USDXOF":593.868091,"USDXPF":108.324981,"USDYER":250.250137,"USDZAR":18.3154,"USDZMK":9001.202583,"USDZMW":25.80689,"USDZWL":321.999592}}}
[2025-02-27T10:44:20.839+0000] {python.py:201} INFO - Done. Returned value was: None
[2025-02-27T10:44:20.846+0000] {taskinstance.py:1138} INFO - Marking task as SUCCESS. dag_id=3_4_2_homework_assignment, task_id=extract_task, execution_date=20240101T000000, start_date=20250227T104419, end_date=20250227T104420
[2025-02-27T10:44:20.870+0000] {local_task_job_runner.py:234} INFO - Task exited with return code 0
