[2025-03-03T14:15:12.930+0000] {taskinstance.py:1956} INFO - Dependencies all met for dep_context=non-requeueable deps ti=<TaskInstance: 4_4_house_assignment.extract_data scheduled__2024-01-03T00:00:00+00:00 [queued]>
[2025-03-03T14:15:12.935+0000] {taskinstance.py:1956} INFO - Dependencies all met for dep_context=requeueable deps ti=<TaskInstance: 4_4_house_assignment.extract_data scheduled__2024-01-03T00:00:00+00:00 [queued]>
[2025-03-03T14:15:12.936+0000] {taskinstance.py:2170} INFO - Starting attempt 1 of 1
[2025-03-03T14:15:12.945+0000] {taskinstance.py:2191} INFO - Executing <Task(PythonOperator): extract_data> on 2024-01-03 00:00:00+00:00
[2025-03-03T14:15:12.950+0000] {standard_task_runner.py:60} INFO - Started process 1669 to run task
[2025-03-03T14:15:12.952+0000] {standard_task_runner.py:87} INFO - Running: ['airflow', 'tasks', 'run', '4_4_house_assignment', 'extract_data', 'scheduled__2024-01-03T00:00:00+00:00', '--job-id', '8', '--raw', '--subdir', 'DAGS_FOLDER/4_4_house_assignment.py', '--cfg-path', '/tmp/tmppq1nmw1_']
[2025-03-03T14:15:12.953+0000] {standard_task_runner.py:88} INFO - Job 8: Subtask extract_data
[2025-03-03T14:15:12.979+0000] {task_command.py:423} INFO - Running <TaskInstance: 4_4_house_assignment.extract_data scheduled__2024-01-03T00:00:00+00:00 [running]> on host 9a2e4036dec3
[2025-03-03T14:15:13.021+0000] {taskinstance.py:2480} INFO - Exporting env vars: AIRFLOW_CTX_DAG_OWNER='airflow' AIRFLOW_CTX_DAG_ID='4_4_house_assignment' AIRFLOW_CTX_TASK_ID='extract_data' AIRFLOW_CTX_EXECUTION_DATE='2024-01-03T00:00:00+00:00' AIRFLOW_CTX_TRY_NUMBER='1' AIRFLOW_CTX_DAG_RUN_ID='scheduled__2024-01-03T00:00:00+00:00'
[2025-03-03T14:15:13.585+0000] {python.py:201} INFO - Done. Returned value was: None
[2025-03-03T14:15:13.590+0000] {taskinstance.py:1138} INFO - Marking task as SUCCESS. dag_id=4_4_house_assignment, task_id=extract_data, execution_date=20240103T000000, start_date=20250303T141512, end_date=20250303T141513
[2025-03-03T14:15:13.646+0000] {local_task_job_runner.py:234} INFO - Task exited with return code 0
[2025-03-03T14:17:58.082+0000] {taskinstance.py:1956} INFO - Dependencies all met for dep_context=non-requeueable deps ti=<TaskInstance: 4_4_house_assignment.extract_data scheduled__2024-01-03T00:00:00+00:00 [queued]>
[2025-03-03T14:17:58.087+0000] {taskinstance.py:1956} INFO - Dependencies all met for dep_context=requeueable deps ti=<TaskInstance: 4_4_house_assignment.extract_data scheduled__2024-01-03T00:00:00+00:00 [queued]>
[2025-03-03T14:17:58.088+0000] {taskinstance.py:2170} INFO - Starting attempt 1 of 1
[2025-03-03T14:17:58.097+0000] {taskinstance.py:2191} INFO - Executing <Task(PythonOperator): extract_data> on 2024-01-03 00:00:00+00:00
[2025-03-03T14:17:58.102+0000] {standard_task_runner.py:60} INFO - Started process 1886 to run task
[2025-03-03T14:17:58.104+0000] {standard_task_runner.py:87} INFO - Running: ['airflow', 'tasks', 'run', '4_4_house_assignment', 'extract_data', 'scheduled__2024-01-03T00:00:00+00:00', '--job-id', '8', '--raw', '--subdir', 'DAGS_FOLDER/4_4_house_assignment.py', '--cfg-path', '/tmp/tmpzjcws8n0']
[2025-03-03T14:17:58.106+0000] {standard_task_runner.py:88} INFO - Job 8: Subtask extract_data
[2025-03-03T14:17:58.131+0000] {task_command.py:423} INFO - Running <TaskInstance: 4_4_house_assignment.extract_data scheduled__2024-01-03T00:00:00+00:00 [running]> on host 9a2e4036dec3
[2025-03-03T14:17:58.172+0000] {taskinstance.py:2480} INFO - Exporting env vars: AIRFLOW_CTX_DAG_OWNER='airflow' AIRFLOW_CTX_DAG_ID='4_4_house_assignment' AIRFLOW_CTX_TASK_ID='extract_data' AIRFLOW_CTX_EXECUTION_DATE='2024-01-03T00:00:00+00:00' AIRFLOW_CTX_TRY_NUMBER='1' AIRFLOW_CTX_DAG_RUN_ID='scheduled__2024-01-03T00:00:00+00:00'
[2025-03-03T14:17:58.771+0000] {python.py:201} INFO - Done. Returned value was: None
[2025-03-03T14:17:58.775+0000] {taskinstance.py:1138} INFO - Marking task as SUCCESS. dag_id=4_4_house_assignment, task_id=extract_data, execution_date=20240103T000000, start_date=20250303T141758, end_date=20250303T141758
[2025-03-03T14:17:58.798+0000] {local_task_job_runner.py:234} INFO - Task exited with return code 0
[2025-03-03T14:24:45.938+0000] {taskinstance.py:1956} INFO - Dependencies all met for dep_context=non-requeueable deps ti=<TaskInstance: 4_4_house_assignment.extract_data scheduled__2024-01-03T00:00:00+00:00 [queued]>
[2025-03-03T14:24:45.944+0000] {taskinstance.py:1956} INFO - Dependencies all met for dep_context=requeueable deps ti=<TaskInstance: 4_4_house_assignment.extract_data scheduled__2024-01-03T00:00:00+00:00 [queued]>
[2025-03-03T14:24:45.944+0000] {taskinstance.py:2170} INFO - Starting attempt 1 of 1
[2025-03-03T14:24:45.956+0000] {taskinstance.py:2191} INFO - Executing <Task(PythonOperator): extract_data> on 2024-01-03 00:00:00+00:00
[2025-03-03T14:24:45.962+0000] {standard_task_runner.py:60} INFO - Started process 2193 to run task
[2025-03-03T14:24:45.965+0000] {standard_task_runner.py:87} INFO - Running: ['airflow', 'tasks', 'run', '4_4_house_assignment', 'extract_data', 'scheduled__2024-01-03T00:00:00+00:00', '--job-id', '10', '--raw', '--subdir', 'DAGS_FOLDER/4_4_house_assignment.py', '--cfg-path', '/tmp/tmpkmowz_vt']
[2025-03-03T14:24:45.967+0000] {standard_task_runner.py:88} INFO - Job 10: Subtask extract_data
[2025-03-03T14:24:45.994+0000] {task_command.py:423} INFO - Running <TaskInstance: 4_4_house_assignment.extract_data scheduled__2024-01-03T00:00:00+00:00 [running]> on host 9a2e4036dec3
[2025-03-03T14:24:46.035+0000] {taskinstance.py:2480} INFO - Exporting env vars: AIRFLOW_CTX_DAG_OWNER='airflow' AIRFLOW_CTX_DAG_ID='4_4_house_assignment' AIRFLOW_CTX_TASK_ID='extract_data' AIRFLOW_CTX_EXECUTION_DATE='2024-01-03T00:00:00+00:00' AIRFLOW_CTX_TRY_NUMBER='1' AIRFLOW_CTX_DAG_RUN_ID='scheduled__2024-01-03T00:00:00+00:00'
[2025-03-03T14:24:46.331+0000] {python.py:201} INFO - Done. Returned value was: None
[2025-03-03T14:24:46.335+0000] {taskinstance.py:1138} INFO - Marking task as SUCCESS. dag_id=4_4_house_assignment, task_id=extract_data, execution_date=20240103T000000, start_date=20250303T142445, end_date=20250303T142446
[2025-03-03T14:24:46.378+0000] {local_task_job_runner.py:234} INFO - Task exited with return code 0
[2025-03-03T14:27:33.897+0000] {taskinstance.py:1956} INFO - Dependencies all met for dep_context=non-requeueable deps ti=<TaskInstance: 4_4_house_assignment.extract_data scheduled__2024-01-03T00:00:00+00:00 [queued]>
[2025-03-03T14:27:33.901+0000] {taskinstance.py:1956} INFO - Dependencies all met for dep_context=requeueable deps ti=<TaskInstance: 4_4_house_assignment.extract_data scheduled__2024-01-03T00:00:00+00:00 [queued]>
[2025-03-03T14:27:33.902+0000] {taskinstance.py:2170} INFO - Starting attempt 1 of 1
[2025-03-03T14:27:33.911+0000] {taskinstance.py:2191} INFO - Executing <Task(PythonOperator): extract_data> on 2024-01-03 00:00:00+00:00
[2025-03-03T14:27:33.916+0000] {standard_task_runner.py:60} INFO - Started process 2499 to run task
[2025-03-03T14:27:33.918+0000] {standard_task_runner.py:87} INFO - Running: ['airflow', 'tasks', 'run', '4_4_house_assignment', 'extract_data', 'scheduled__2024-01-03T00:00:00+00:00', '--job-id', '10', '--raw', '--subdir', 'DAGS_FOLDER/4_4_house_assignment.py', '--cfg-path', '/tmp/tmpgsxoiby5']
[2025-03-03T14:27:33.919+0000] {standard_task_runner.py:88} INFO - Job 10: Subtask extract_data
[2025-03-03T14:27:33.944+0000] {task_command.py:423} INFO - Running <TaskInstance: 4_4_house_assignment.extract_data scheduled__2024-01-03T00:00:00+00:00 [running]> on host 9a2e4036dec3
[2025-03-03T14:27:33.995+0000] {taskinstance.py:2480} INFO - Exporting env vars: AIRFLOW_CTX_DAG_OWNER='airflow' AIRFLOW_CTX_DAG_ID='4_4_house_assignment' AIRFLOW_CTX_TASK_ID='extract_data' AIRFLOW_CTX_EXECUTION_DATE='2024-01-03T00:00:00+00:00' AIRFLOW_CTX_TRY_NUMBER='1' AIRFLOW_CTX_DAG_RUN_ID='scheduled__2024-01-03T00:00:00+00:00'
[2025-03-03T14:27:34.375+0000] {python.py:201} INFO - Done. Returned value was: None
[2025-03-03T14:27:34.378+0000] {taskinstance.py:1138} INFO - Marking task as SUCCESS. dag_id=4_4_house_assignment, task_id=extract_data, execution_date=20240103T000000, start_date=20250303T142733, end_date=20250303T142734
[2025-03-03T14:27:34.411+0000] {local_task_job_runner.py:234} INFO - Task exited with return code 0
[2025-03-10T09:48:37.171+0000] {taskinstance.py:1956} INFO - Dependencies all met for dep_context=non-requeueable deps ti=<TaskInstance: 4_4_house_assignment.extract_data scheduled__2024-01-03T00:00:00+00:00 [queued]>
[2025-03-10T09:48:37.177+0000] {taskinstance.py:1956} INFO - Dependencies all met for dep_context=requeueable deps ti=<TaskInstance: 4_4_house_assignment.extract_data scheduled__2024-01-03T00:00:00+00:00 [queued]>
[2025-03-10T09:48:37.178+0000] {taskinstance.py:2170} INFO - Starting attempt 1 of 1
[2025-03-10T09:48:37.195+0000] {taskinstance.py:2191} INFO - Executing <Task(PythonOperator): extract_data> on 2024-01-03 00:00:00+00:00
[2025-03-10T09:48:37.201+0000] {standard_task_runner.py:60} INFO - Started process 301 to run task
[2025-03-10T09:48:37.204+0000] {standard_task_runner.py:87} INFO - Running: ['airflow', 'tasks', 'run', '4_4_house_assignment', 'extract_data', 'scheduled__2024-01-03T00:00:00+00:00', '--job-id', '26', '--raw', '--subdir', 'DAGS_FOLDER/4_4_house_assignment.py', '--cfg-path', '/tmp/tmpitakkv4j']
[2025-03-10T09:48:37.208+0000] {standard_task_runner.py:88} INFO - Job 26: Subtask extract_data
[2025-03-10T09:48:37.240+0000] {task_command.py:423} INFO - Running <TaskInstance: 4_4_house_assignment.extract_data scheduled__2024-01-03T00:00:00+00:00 [running]> on host 9a2e4036dec3
[2025-03-10T09:48:37.300+0000] {taskinstance.py:2480} INFO - Exporting env vars: AIRFLOW_CTX_DAG_OWNER='airflow' AIRFLOW_CTX_DAG_ID='4_4_house_assignment' AIRFLOW_CTX_TASK_ID='extract_data' AIRFLOW_CTX_EXECUTION_DATE='2024-01-03T00:00:00+00:00' AIRFLOW_CTX_TRY_NUMBER='1' AIRFLOW_CTX_DAG_RUN_ID='scheduled__2024-01-03T00:00:00+00:00'
[2025-03-10T09:48:37.470+0000] {python.py:201} INFO - Done. Returned value was: None
[2025-03-10T09:48:37.476+0000] {taskinstance.py:1138} INFO - Marking task as SUCCESS. dag_id=4_4_house_assignment, task_id=extract_data, execution_date=20240103T000000, start_date=20250310T094837, end_date=20250310T094837
[2025-03-10T09:48:37.501+0000] {local_task_job_runner.py:234} INFO - Task exited with return code 0
[2025-03-12T14:46:06.754+0000] {taskinstance.py:1956} INFO - Dependencies all met for dep_context=non-requeueable deps ti=<TaskInstance: 4_4_house_assignment.extract_data scheduled__2024-01-03T00:00:00+00:00 [queued]>
[2025-03-12T14:46:06.760+0000] {taskinstance.py:1956} INFO - Dependencies all met for dep_context=requeueable deps ti=<TaskInstance: 4_4_house_assignment.extract_data scheduled__2024-01-03T00:00:00+00:00 [queued]>
[2025-03-12T14:46:06.760+0000] {taskinstance.py:2170} INFO - Starting attempt 1 of 1
[2025-03-12T14:46:06.775+0000] {taskinstance.py:2191} INFO - Executing <Task(PythonOperator): extract_data> on 2024-01-03 00:00:00+00:00
[2025-03-12T14:46:06.781+0000] {standard_task_runner.py:60} INFO - Started process 2116 to run task
[2025-03-12T14:46:06.783+0000] {standard_task_runner.py:87} INFO - Running: ['airflow', 'tasks', 'run', '4_4_house_assignment', 'extract_data', 'scheduled__2024-01-03T00:00:00+00:00', '--job-id', '19', '--raw', '--subdir', 'DAGS_FOLDER/4_4_house_assignment.py', '--cfg-path', '/tmp/tmpu580ar6x']
[2025-03-12T14:46:06.785+0000] {standard_task_runner.py:88} INFO - Job 19: Subtask extract_data
[2025-03-12T14:46:06.816+0000] {task_command.py:423} INFO - Running <TaskInstance: 4_4_house_assignment.extract_data scheduled__2024-01-03T00:00:00+00:00 [running]> on host 13d00b3af9e0
[2025-03-12T14:46:06.867+0000] {taskinstance.py:2480} INFO - Exporting env vars: AIRFLOW_CTX_DAG_OWNER='airflow' AIRFLOW_CTX_DAG_ID='4_4_house_assignment' AIRFLOW_CTX_TASK_ID='extract_data' AIRFLOW_CTX_EXECUTION_DATE='2024-01-03T00:00:00+00:00' AIRFLOW_CTX_TRY_NUMBER='1' AIRFLOW_CTX_DAG_RUN_ID='scheduled__2024-01-03T00:00:00+00:00'
[2025-03-12T14:46:08.262+0000] {python.py:201} INFO - Done. Returned value was: None
[2025-03-12T14:46:08.267+0000] {taskinstance.py:1138} INFO - Marking task as SUCCESS. dag_id=4_4_house_assignment, task_id=extract_data, execution_date=20240103T000000, start_date=20250312T144606, end_date=20250312T144608
[2025-03-12T14:46:08.322+0000] {local_task_job_runner.py:234} INFO - Task exited with return code 0
[2025-03-12T14:50:52.417+0000] {taskinstance.py:1956} INFO - Dependencies all met for dep_context=non-requeueable deps ti=<TaskInstance: 4_4_house_assignment.extract_data scheduled__2024-01-03T00:00:00+00:00 [queued]>
[2025-03-12T14:50:52.426+0000] {taskinstance.py:1956} INFO - Dependencies all met for dep_context=requeueable deps ti=<TaskInstance: 4_4_house_assignment.extract_data scheduled__2024-01-03T00:00:00+00:00 [queued]>
[2025-03-12T14:50:52.427+0000] {taskinstance.py:2170} INFO - Starting attempt 1 of 1
[2025-03-12T14:50:52.442+0000] {taskinstance.py:2191} INFO - Executing <Task(PythonOperator): extract_data> on 2024-01-03 00:00:00+00:00
[2025-03-12T14:50:52.450+0000] {standard_task_runner.py:60} INFO - Started process 2526 to run task
[2025-03-12T14:50:52.453+0000] {standard_task_runner.py:87} INFO - Running: ['airflow', 'tasks', 'run', '4_4_house_assignment', 'extract_data', 'scheduled__2024-01-03T00:00:00+00:00', '--job-id', '24', '--raw', '--subdir', 'DAGS_FOLDER/4_4_house_assignment.py', '--cfg-path', '/tmp/tmptpfy_4re']
[2025-03-12T14:50:52.455+0000] {standard_task_runner.py:88} INFO - Job 24: Subtask extract_data
[2025-03-12T14:50:52.488+0000] {task_command.py:423} INFO - Running <TaskInstance: 4_4_house_assignment.extract_data scheduled__2024-01-03T00:00:00+00:00 [running]> on host 13d00b3af9e0
[2025-03-12T14:50:52.554+0000] {taskinstance.py:2480} INFO - Exporting env vars: AIRFLOW_CTX_DAG_OWNER='airflow' AIRFLOW_CTX_DAG_ID='4_4_house_assignment' AIRFLOW_CTX_TASK_ID='extract_data' AIRFLOW_CTX_EXECUTION_DATE='2024-01-03T00:00:00+00:00' AIRFLOW_CTX_TRY_NUMBER='1' AIRFLOW_CTX_DAG_RUN_ID='scheduled__2024-01-03T00:00:00+00:00'
[2025-03-12T14:50:52.916+0000] {python.py:201} INFO - Done. Returned value was: None
[2025-03-12T14:50:52.920+0000] {taskinstance.py:1138} INFO - Marking task as SUCCESS. dag_id=4_4_house_assignment, task_id=extract_data, execution_date=20240103T000000, start_date=20250312T145052, end_date=20250312T145052
[2025-03-12T14:50:52.947+0000] {local_task_job_runner.py:234} INFO - Task exited with return code 0
