[2025-02-27T09:32:44.701+0000] {taskinstance.py:1956} INFO - Dependencies all met for dep_context=non-requeueable deps ti=<TaskInstance: 3_4_2_homework_assignment.transform_data_task scheduled__2024-01-02T00:00:00+00:00 [queued]>
[2025-02-27T09:32:44.706+0000] {taskinstance.py:1956} INFO - Dependencies all met for dep_context=requeueable deps ti=<TaskInstance: 3_4_2_homework_assignment.transform_data_task scheduled__2024-01-02T00:00:00+00:00 [queued]>
[2025-02-27T09:32:44.706+0000] {taskinstance.py:2170} INFO - Starting attempt 1 of 1
[2025-02-27T09:32:44.716+0000] {taskinstance.py:2191} INFO - Executing <Task(PythonOperator): transform_data_task> on 2024-01-02 00:00:00+00:00
[2025-02-27T09:32:44.721+0000] {standard_task_runner.py:60} INFO - Started process 206 to run task
[2025-02-27T09:32:44.723+0000] {standard_task_runner.py:87} INFO - Running: ['airflow', 'tasks', 'run', '3_4_2_homework_assignment', 'transform_data_task', 'scheduled__2024-01-02T00:00:00+00:00', '--job-id', '5', '--raw', '--subdir', 'DAGS_FOLDER/3_4_2_homework_assignment.py', '--cfg-path', '/tmp/tmpb4c9dm07']
[2025-02-27T09:32:44.724+0000] {standard_task_runner.py:88} INFO - Job 5: Subtask transform_data_task
[2025-02-27T09:32:44.747+0000] {task_command.py:423} INFO - Running <TaskInstance: 3_4_2_homework_assignment.transform_data_task scheduled__2024-01-02T00:00:00+00:00 [running]> on host ea5964584459
[2025-02-27T09:32:44.785+0000] {taskinstance.py:2480} INFO - Exporting env vars: AIRFLOW_CTX_DAG_OWNER='airflow' AIRFLOW_CTX_DAG_ID='3_4_2_homework_assignment' AIRFLOW_CTX_TASK_ID='transform_data_task' AIRFLOW_CTX_EXECUTION_DATE='2024-01-02T00:00:00+00:00' AIRFLOW_CTX_TRY_NUMBER='1' AIRFLOW_CTX_DAG_RUN_ID='scheduled__2024-01-02T00:00:00+00:00'
[2025-02-27T09:32:44.786+0000] {taskinstance.py:2698} ERROR - Task failed with exception
Traceback (most recent call last):
  File "/home/airflow/.local/lib/python3.9/site-packages/airflow/models/taskinstance.py", line 433, in _execute_task
    result = execute_callable(context=context, **execute_callable_kwargs)
  File "/home/airflow/.local/lib/python3.9/site-packages/airflow/operators/python.py", line 199, in execute
    return_value = self.execute_callable()
  File "/home/airflow/.local/lib/python3.9/site-packages/airflow/operators/python.py", line 216, in execute_callable
    return self.python_callable(*self.op_args, **self.op_kwargs)
  File "/opt/airflow/dags/3_4_2_homework_assignment.py", line 56, in transform_data
    current = request_json["source"]
KeyError: 'source'
[2025-02-27T09:32:44.790+0000] {taskinstance.py:1138} INFO - Marking task as FAILED. dag_id=3_4_2_homework_assignment, task_id=transform_data_task, execution_date=20240102T000000, start_date=20250227T093244, end_date=20250227T093244
[2025-02-27T09:32:44.798+0000] {standard_task_runner.py:107} ERROR - Failed to execute job 5 for task transform_data_task ('source'; 206)
[2025-02-27T09:32:44.815+0000] {local_task_job_runner.py:234} INFO - Task exited with return code 1
[2025-02-27T09:34:56.408+0000] {taskinstance.py:1956} INFO - Dependencies all met for dep_context=non-requeueable deps ti=<TaskInstance: 3_4_2_homework_assignment.transform_data_task scheduled__2024-01-02T00:00:00+00:00 [queued]>
[2025-02-27T09:34:56.412+0000] {taskinstance.py:1956} INFO - Dependencies all met for dep_context=requeueable deps ti=<TaskInstance: 3_4_2_homework_assignment.transform_data_task scheduled__2024-01-02T00:00:00+00:00 [queued]>
[2025-02-27T09:34:56.413+0000] {taskinstance.py:2170} INFO - Starting attempt 1 of 1
[2025-02-27T09:34:56.422+0000] {taskinstance.py:2191} INFO - Executing <Task(PythonOperator): transform_data_task> on 2024-01-02 00:00:00+00:00
[2025-02-27T09:34:56.427+0000] {standard_task_runner.py:60} INFO - Started process 565 to run task
[2025-02-27T09:34:56.429+0000] {standard_task_runner.py:87} INFO - Running: ['airflow', 'tasks', 'run', '3_4_2_homework_assignment', 'transform_data_task', 'scheduled__2024-01-02T00:00:00+00:00', '--job-id', '5', '--raw', '--subdir', 'DAGS_FOLDER/3_4_2_homework_assignment.py', '--cfg-path', '/tmp/tmplk7nwlpu']
[2025-02-27T09:34:56.430+0000] {standard_task_runner.py:88} INFO - Job 5: Subtask transform_data_task
[2025-02-27T09:34:56.453+0000] {task_command.py:423} INFO - Running <TaskInstance: 3_4_2_homework_assignment.transform_data_task scheduled__2024-01-02T00:00:00+00:00 [running]> on host ea5964584459
[2025-02-27T09:34:56.489+0000] {taskinstance.py:2480} INFO - Exporting env vars: AIRFLOW_CTX_DAG_OWNER='airflow' AIRFLOW_CTX_DAG_ID='3_4_2_homework_assignment' AIRFLOW_CTX_TASK_ID='transform_data_task' AIRFLOW_CTX_EXECUTION_DATE='2024-01-02T00:00:00+00:00' AIRFLOW_CTX_TRY_NUMBER='1' AIRFLOW_CTX_DAG_RUN_ID='scheduled__2024-01-02T00:00:00+00:00'
[2025-02-27T09:34:56.490+0000] {taskinstance.py:2698} ERROR - Task failed with exception
Traceback (most recent call last):
  File "/home/airflow/.local/lib/python3.9/site-packages/airflow/models/taskinstance.py", line 433, in _execute_task
    result = execute_callable(context=context, **execute_callable_kwargs)
  File "/home/airflow/.local/lib/python3.9/site-packages/airflow/operators/python.py", line 199, in execute
    return_value = self.execute_callable()
  File "/home/airflow/.local/lib/python3.9/site-packages/airflow/operators/python.py", line 216, in execute_callable
    return self.python_callable(*self.op_args, **self.op_kwargs)
  File "/opt/airflow/dags/3_4_2_homework_assignment.py", line 56, in transform_data
    current = request_json["source"]
KeyError: 'source'
[2025-02-27T09:34:56.494+0000] {taskinstance.py:1138} INFO - Marking task as FAILED. dag_id=3_4_2_homework_assignment, task_id=transform_data_task, execution_date=20240102T000000, start_date=20250227T093456, end_date=20250227T093456
[2025-02-27T09:34:56.501+0000] {standard_task_runner.py:107} ERROR - Failed to execute job 5 for task transform_data_task ('source'; 565)
[2025-02-27T09:34:56.521+0000] {local_task_job_runner.py:234} INFO - Task exited with return code 1
[2025-02-27T09:39:52.653+0000] {taskinstance.py:1956} INFO - Dependencies all met for dep_context=non-requeueable deps ti=<TaskInstance: 3_4_2_homework_assignment.transform_data_task scheduled__2024-01-02T00:00:00+00:00 [queued]>
[2025-02-27T09:39:52.658+0000] {taskinstance.py:1956} INFO - Dependencies all met for dep_context=requeueable deps ti=<TaskInstance: 3_4_2_homework_assignment.transform_data_task scheduled__2024-01-02T00:00:00+00:00 [queued]>
[2025-02-27T09:39:52.658+0000] {taskinstance.py:2170} INFO - Starting attempt 1 of 1
[2025-02-27T09:39:52.668+0000] {taskinstance.py:2191} INFO - Executing <Task(PythonOperator): transform_data_task> on 2024-01-02 00:00:00+00:00
[2025-02-27T09:39:52.673+0000] {standard_task_runner.py:60} INFO - Started process 968 to run task
[2025-02-27T09:39:52.675+0000] {standard_task_runner.py:87} INFO - Running: ['airflow', 'tasks', 'run', '3_4_2_homework_assignment', 'transform_data_task', 'scheduled__2024-01-02T00:00:00+00:00', '--job-id', '5', '--raw', '--subdir', 'DAGS_FOLDER/3_4_2_homework_assignment.py', '--cfg-path', '/tmp/tmpz04h6ib5']
[2025-02-27T09:39:52.676+0000] {standard_task_runner.py:88} INFO - Job 5: Subtask transform_data_task
[2025-02-27T09:39:52.700+0000] {task_command.py:423} INFO - Running <TaskInstance: 3_4_2_homework_assignment.transform_data_task scheduled__2024-01-02T00:00:00+00:00 [running]> on host ea5964584459
[2025-02-27T09:39:52.738+0000] {taskinstance.py:2480} INFO - Exporting env vars: AIRFLOW_CTX_DAG_OWNER='airflow' AIRFLOW_CTX_DAG_ID='3_4_2_homework_assignment' AIRFLOW_CTX_TASK_ID='transform_data_task' AIRFLOW_CTX_EXECUTION_DATE='2024-01-02T00:00:00+00:00' AIRFLOW_CTX_TRY_NUMBER='1' AIRFLOW_CTX_DAG_RUN_ID='scheduled__2024-01-02T00:00:00+00:00'
[2025-02-27T09:39:52.740+0000] {taskinstance.py:2698} ERROR - Task failed with exception
Traceback (most recent call last):
  File "/home/airflow/.local/lib/python3.9/site-packages/airflow/models/taskinstance.py", line 433, in _execute_task
    result = execute_callable(context=context, **execute_callable_kwargs)
  File "/home/airflow/.local/lib/python3.9/site-packages/airflow/operators/python.py", line 199, in execute
    return_value = self.execute_callable()
  File "/home/airflow/.local/lib/python3.9/site-packages/airflow/operators/python.py", line 216, in execute_callable
    return self.python_callable(*self.op_args, **self.op_kwargs)
  File "/opt/airflow/dags/3_4_2_homework_assignment.py", line 56, in transform_data
    current = request_json["source"]
KeyError: 'source'
[2025-02-27T09:39:52.744+0000] {taskinstance.py:1138} INFO - Marking task as FAILED. dag_id=3_4_2_homework_assignment, task_id=transform_data_task, execution_date=20240102T000000, start_date=20250227T093952, end_date=20250227T093952
[2025-02-27T09:39:52.751+0000] {standard_task_runner.py:107} ERROR - Failed to execute job 5 for task transform_data_task ('source'; 968)
[2025-02-27T09:39:52.768+0000] {local_task_job_runner.py:234} INFO - Task exited with return code 1
[2025-02-27T09:43:48.794+0000] {taskinstance.py:1956} INFO - Dependencies all met for dep_context=non-requeueable deps ti=<TaskInstance: 3_4_2_homework_assignment.transform_data_task scheduled__2024-01-02T00:00:00+00:00 [queued]>
[2025-02-27T09:43:48.799+0000] {taskinstance.py:1956} INFO - Dependencies all met for dep_context=requeueable deps ti=<TaskInstance: 3_4_2_homework_assignment.transform_data_task scheduled__2024-01-02T00:00:00+00:00 [queued]>
[2025-02-27T09:43:48.799+0000] {taskinstance.py:2170} INFO - Starting attempt 1 of 1
[2025-02-27T09:43:48.809+0000] {taskinstance.py:2191} INFO - Executing <Task(PythonOperator): transform_data_task> on 2024-01-02 00:00:00+00:00
[2025-02-27T09:43:48.814+0000] {standard_task_runner.py:60} INFO - Started process 1358 to run task
[2025-02-27T09:43:48.816+0000] {standard_task_runner.py:87} INFO - Running: ['airflow', 'tasks', 'run', '3_4_2_homework_assignment', 'transform_data_task', 'scheduled__2024-01-02T00:00:00+00:00', '--job-id', '5', '--raw', '--subdir', 'DAGS_FOLDER/3_4_2_homework_assignment.py', '--cfg-path', '/tmp/tmp7scf_cxi']
[2025-02-27T09:43:48.817+0000] {standard_task_runner.py:88} INFO - Job 5: Subtask transform_data_task
[2025-02-27T09:43:48.842+0000] {task_command.py:423} INFO - Running <TaskInstance: 3_4_2_homework_assignment.transform_data_task scheduled__2024-01-02T00:00:00+00:00 [running]> on host ea5964584459
[2025-02-27T09:43:48.879+0000] {taskinstance.py:2480} INFO - Exporting env vars: AIRFLOW_CTX_DAG_OWNER='airflow' AIRFLOW_CTX_DAG_ID='3_4_2_homework_assignment' AIRFLOW_CTX_TASK_ID='transform_data_task' AIRFLOW_CTX_EXECUTION_DATE='2024-01-02T00:00:00+00:00' AIRFLOW_CTX_TRY_NUMBER='1' AIRFLOW_CTX_DAG_RUN_ID='scheduled__2024-01-02T00:00:00+00:00'
[2025-02-27T09:43:48.880+0000] {taskinstance.py:2698} ERROR - Task failed with exception
Traceback (most recent call last):
  File "/home/airflow/.local/lib/python3.9/site-packages/airflow/models/taskinstance.py", line 433, in _execute_task
    result = execute_callable(context=context, **execute_callable_kwargs)
  File "/home/airflow/.local/lib/python3.9/site-packages/airflow/operators/python.py", line 199, in execute
    return_value = self.execute_callable()
  File "/home/airflow/.local/lib/python3.9/site-packages/airflow/operators/python.py", line 216, in execute_callable
    return self.python_callable(*self.op_args, **self.op_kwargs)
  File "/opt/airflow/dags/3_4_2_homework_assignment.py", line 60, in transform_data
    raise KeyError(f"Ключ '{key}' отсутствует в JSON-файле: {s_file}")
KeyError: "Ключ 'source' отсутствует в JSON-файле: extracted_data.json"
[2025-02-27T09:43:48.884+0000] {taskinstance.py:1138} INFO - Marking task as FAILED. dag_id=3_4_2_homework_assignment, task_id=transform_data_task, execution_date=20240102T000000, start_date=20250227T094348, end_date=20250227T094348
[2025-02-27T09:43:48.892+0000] {standard_task_runner.py:107} ERROR - Failed to execute job 5 for task transform_data_task ("Ключ 'source' отсутствует в JSON-файле: extracted_data.json"; 1358)
[2025-02-27T09:43:48.909+0000] {local_task_job_runner.py:234} INFO - Task exited with return code 1
[2025-02-27T09:45:25.430+0000] {taskinstance.py:1956} INFO - Dependencies all met for dep_context=non-requeueable deps ti=<TaskInstance: 3_4_2_homework_assignment.transform_data_task scheduled__2024-01-02T00:00:00+00:00 [queued]>
[2025-02-27T09:45:25.435+0000] {taskinstance.py:1956} INFO - Dependencies all met for dep_context=requeueable deps ti=<TaskInstance: 3_4_2_homework_assignment.transform_data_task scheduled__2024-01-02T00:00:00+00:00 [queued]>
[2025-02-27T09:45:25.435+0000] {taskinstance.py:2170} INFO - Starting attempt 1 of 1
[2025-02-27T09:45:25.446+0000] {taskinstance.py:2191} INFO - Executing <Task(PythonOperator): transform_data_task> on 2024-01-02 00:00:00+00:00
[2025-02-27T09:45:25.451+0000] {standard_task_runner.py:60} INFO - Started process 1569 to run task
[2025-02-27T09:45:25.453+0000] {standard_task_runner.py:87} INFO - Running: ['airflow', 'tasks', 'run', '3_4_2_homework_assignment', 'transform_data_task', 'scheduled__2024-01-02T00:00:00+00:00', '--job-id', '5', '--raw', '--subdir', 'DAGS_FOLDER/3_4_2_homework_assignment.py', '--cfg-path', '/tmp/tmp4_uil2ku']
[2025-02-27T09:45:25.454+0000] {standard_task_runner.py:88} INFO - Job 5: Subtask transform_data_task
[2025-02-27T09:45:25.480+0000] {task_command.py:423} INFO - Running <TaskInstance: 3_4_2_homework_assignment.transform_data_task scheduled__2024-01-02T00:00:00+00:00 [running]> on host ea5964584459
[2025-02-27T09:45:25.518+0000] {taskinstance.py:2480} INFO - Exporting env vars: AIRFLOW_CTX_DAG_OWNER='airflow' AIRFLOW_CTX_DAG_ID='3_4_2_homework_assignment' AIRFLOW_CTX_TASK_ID='transform_data_task' AIRFLOW_CTX_EXECUTION_DATE='2024-01-02T00:00:00+00:00' AIRFLOW_CTX_TRY_NUMBER='1' AIRFLOW_CTX_DAG_RUN_ID='scheduled__2024-01-02T00:00:00+00:00'
[2025-02-27T09:45:25.520+0000] {taskinstance.py:2698} ERROR - Task failed with exception
Traceback (most recent call last):
  File "/home/airflow/.local/lib/python3.9/site-packages/airflow/models/taskinstance.py", line 433, in _execute_task
    result = execute_callable(context=context, **execute_callable_kwargs)
  File "/home/airflow/.local/lib/python3.9/site-packages/airflow/operators/python.py", line 199, in execute
    return_value = self.execute_callable()
  File "/home/airflow/.local/lib/python3.9/site-packages/airflow/operators/python.py", line 216, in execute_callable
    return self.python_callable(*self.op_args, **self.op_kwargs)
  File "/opt/airflow/dags/3_4_2_homework_assignment.py", line 60, in transform_data
    raise KeyError(f"Ключ '{key}' отсутствует в JSON-файле: {s_file}")
KeyError: "Ключ 'source' отсутствует в JSON-файле: extracted_data.json"
[2025-02-27T09:45:25.525+0000] {taskinstance.py:1138} INFO - Marking task as FAILED. dag_id=3_4_2_homework_assignment, task_id=transform_data_task, execution_date=20240102T000000, start_date=20250227T094525, end_date=20250227T094525
[2025-02-27T09:45:25.534+0000] {standard_task_runner.py:107} ERROR - Failed to execute job 5 for task transform_data_task ("Ключ 'source' отсутствует в JSON-файле: extracted_data.json"; 1569)
[2025-02-27T09:45:25.547+0000] {local_task_job_runner.py:234} INFO - Task exited with return code 1
[2025-02-27T09:48:06.235+0000] {taskinstance.py:1956} INFO - Dependencies all met for dep_context=non-requeueable deps ti=<TaskInstance: 3_4_2_homework_assignment.transform_data_task scheduled__2024-01-02T00:00:00+00:00 [queued]>
[2025-02-27T09:48:06.240+0000] {taskinstance.py:1956} INFO - Dependencies all met for dep_context=requeueable deps ti=<TaskInstance: 3_4_2_homework_assignment.transform_data_task scheduled__2024-01-02T00:00:00+00:00 [queued]>
[2025-02-27T09:48:06.240+0000] {taskinstance.py:2170} INFO - Starting attempt 1 of 1
[2025-02-27T09:48:06.250+0000] {taskinstance.py:2191} INFO - Executing <Task(PythonOperator): transform_data_task> on 2024-01-02 00:00:00+00:00
[2025-02-27T09:48:06.255+0000] {standard_task_runner.py:60} INFO - Started process 1901 to run task
[2025-02-27T09:48:06.257+0000] {standard_task_runner.py:87} INFO - Running: ['airflow', 'tasks', 'run', '3_4_2_homework_assignment', 'transform_data_task', 'scheduled__2024-01-02T00:00:00+00:00', '--job-id', '4', '--raw', '--subdir', 'DAGS_FOLDER/3_4_2_homework_assignment.py', '--cfg-path', '/tmp/tmpaw8ubuq3']
[2025-02-27T09:48:06.258+0000] {standard_task_runner.py:88} INFO - Job 4: Subtask transform_data_task
[2025-02-27T09:48:06.285+0000] {task_command.py:423} INFO - Running <TaskInstance: 3_4_2_homework_assignment.transform_data_task scheduled__2024-01-02T00:00:00+00:00 [running]> on host ea5964584459
[2025-02-27T09:48:06.331+0000] {taskinstance.py:2480} INFO - Exporting env vars: AIRFLOW_CTX_DAG_OWNER='airflow' AIRFLOW_CTX_DAG_ID='3_4_2_homework_assignment' AIRFLOW_CTX_TASK_ID='transform_data_task' AIRFLOW_CTX_EXECUTION_DATE='2024-01-02T00:00:00+00:00' AIRFLOW_CTX_TRY_NUMBER='1' AIRFLOW_CTX_DAG_RUN_ID='scheduled__2024-01-02T00:00:00+00:00'
[2025-02-27T09:48:06.333+0000] {taskinstance.py:2698} ERROR - Task failed with exception
Traceback (most recent call last):
  File "/home/airflow/.local/lib/python3.9/site-packages/airflow/models/taskinstance.py", line 433, in _execute_task
    result = execute_callable(context=context, **execute_callable_kwargs)
  File "/home/airflow/.local/lib/python3.9/site-packages/airflow/operators/python.py", line 199, in execute
    return_value = self.execute_callable()
  File "/home/airflow/.local/lib/python3.9/site-packages/airflow/operators/python.py", line 216, in execute_callable
    return self.python_callable(*self.op_args, **self.op_kwargs)
  File "/opt/airflow/dags/3_4_2_homework_assignment.py", line 60, in transform_data
    raise KeyError(f"Ключ '{key}' отсутствует в JSON-файле: {s_file}")
KeyError: "Ключ 'source' отсутствует в JSON-файле: extracted_data.json"
[2025-02-27T09:48:06.337+0000] {taskinstance.py:1138} INFO - Marking task as FAILED. dag_id=3_4_2_homework_assignment, task_id=transform_data_task, execution_date=20240102T000000, start_date=20250227T094806, end_date=20250227T094806
[2025-02-27T09:48:06.346+0000] {standard_task_runner.py:107} ERROR - Failed to execute job 4 for task transform_data_task ("Ключ 'source' отсутствует в JSON-файле: extracted_data.json"; 1901)
[2025-02-27T09:48:06.392+0000] {local_task_job_runner.py:234} INFO - Task exited with return code 1
[2025-02-27T09:48:06.400+0000] {taskinstance.py:3280} INFO - 0 downstream tasks scheduled from follow-on schedule check
[2025-02-27T09:49:59.848+0000] {taskinstance.py:1956} INFO - Dependencies all met for dep_context=non-requeueable deps ti=<TaskInstance: 3_4_2_homework_assignment.transform_data_task scheduled__2024-01-02T00:00:00+00:00 [queued]>
[2025-02-27T09:49:59.853+0000] {taskinstance.py:1956} INFO - Dependencies all met for dep_context=requeueable deps ti=<TaskInstance: 3_4_2_homework_assignment.transform_data_task scheduled__2024-01-02T00:00:00+00:00 [queued]>
[2025-02-27T09:49:59.853+0000] {taskinstance.py:2170} INFO - Starting attempt 1 of 1
[2025-02-27T09:49:59.863+0000] {taskinstance.py:2191} INFO - Executing <Task(PythonOperator): transform_data_task> on 2024-01-02 00:00:00+00:00
[2025-02-27T09:49:59.868+0000] {standard_task_runner.py:60} INFO - Started process 2135 to run task
[2025-02-27T09:49:59.870+0000] {standard_task_runner.py:87} INFO - Running: ['airflow', 'tasks', 'run', '3_4_2_homework_assignment', 'transform_data_task', 'scheduled__2024-01-02T00:00:00+00:00', '--job-id', '6', '--raw', '--subdir', 'DAGS_FOLDER/3_4_2_homework_assignment.py', '--cfg-path', '/tmp/tmpx5i0j0sc']
[2025-02-27T09:49:59.871+0000] {standard_task_runner.py:88} INFO - Job 6: Subtask transform_data_task
[2025-02-27T09:49:59.897+0000] {task_command.py:423} INFO - Running <TaskInstance: 3_4_2_homework_assignment.transform_data_task scheduled__2024-01-02T00:00:00+00:00 [running]> on host ea5964584459
[2025-02-27T09:49:59.934+0000] {taskinstance.py:2480} INFO - Exporting env vars: AIRFLOW_CTX_DAG_OWNER='airflow' AIRFLOW_CTX_DAG_ID='3_4_2_homework_assignment' AIRFLOW_CTX_TASK_ID='transform_data_task' AIRFLOW_CTX_EXECUTION_DATE='2024-01-02T00:00:00+00:00' AIRFLOW_CTX_TRY_NUMBER='1' AIRFLOW_CTX_DAG_RUN_ID='scheduled__2024-01-02T00:00:00+00:00'
[2025-02-27T09:49:59.935+0000] {taskinstance.py:2698} ERROR - Task failed with exception
Traceback (most recent call last):
  File "/home/airflow/.local/lib/python3.9/site-packages/airflow/models/taskinstance.py", line 433, in _execute_task
    result = execute_callable(context=context, **execute_callable_kwargs)
  File "/home/airflow/.local/lib/python3.9/site-packages/airflow/operators/python.py", line 199, in execute
    return_value = self.execute_callable()
  File "/home/airflow/.local/lib/python3.9/site-packages/airflow/operators/python.py", line 216, in execute_callable
    return self.python_callable(*self.op_args, **self.op_kwargs)
  File "/opt/airflow/dags/3_4_2_homework_assignment.py", line 66, in transform_data
    raise KeyError(f"Ключ '{key}' отсутствует в JSON-файле: {s_file}")
KeyError: "Ключ 'source' отсутствует в JSON-файле: extracted_data.json"
[2025-02-27T09:49:59.940+0000] {taskinstance.py:1138} INFO - Marking task as FAILED. dag_id=3_4_2_homework_assignment, task_id=transform_data_task, execution_date=20240102T000000, start_date=20250227T094959, end_date=20250227T094959
[2025-02-27T09:49:59.947+0000] {standard_task_runner.py:107} ERROR - Failed to execute job 6 for task transform_data_task ("Ключ 'source' отсутствует в JSON-файле: extracted_data.json"; 2135)
[2025-02-27T09:49:59.964+0000] {local_task_job_runner.py:234} INFO - Task exited with return code 1
[2025-02-27T09:49:59.972+0000] {taskinstance.py:3280} INFO - 0 downstream tasks scheduled from follow-on schedule check
[2025-02-27T09:54:14.030+0000] {taskinstance.py:1956} INFO - Dependencies all met for dep_context=non-requeueable deps ti=<TaskInstance: 3_4_2_homework_assignment.transform_data_task scheduled__2024-01-02T00:00:00+00:00 [queued]>
[2025-02-27T09:54:14.040+0000] {taskinstance.py:1956} INFO - Dependencies all met for dep_context=requeueable deps ti=<TaskInstance: 3_4_2_homework_assignment.transform_data_task scheduled__2024-01-02T00:00:00+00:00 [queued]>
[2025-02-27T09:54:14.040+0000] {taskinstance.py:2170} INFO - Starting attempt 1 of 1
[2025-02-27T09:54:14.054+0000] {taskinstance.py:2191} INFO - Executing <Task(PythonOperator): transform_data_task> on 2024-01-02 00:00:00+00:00
[2025-02-27T09:54:14.064+0000] {standard_task_runner.py:60} INFO - Started process 2715 to run task
[2025-02-27T09:54:14.066+0000] {standard_task_runner.py:87} INFO - Running: ['airflow', 'tasks', 'run', '3_4_2_homework_assignment', 'transform_data_task', 'scheduled__2024-01-02T00:00:00+00:00', '--job-id', '6', '--raw', '--subdir', 'DAGS_FOLDER/3_4_2_homework_assignment.py', '--cfg-path', '/tmp/tmp134s4s8_']
[2025-02-27T09:54:14.070+0000] {standard_task_runner.py:88} INFO - Job 6: Subtask transform_data_task
[2025-02-27T09:54:14.108+0000] {task_command.py:423} INFO - Running <TaskInstance: 3_4_2_homework_assignment.transform_data_task scheduled__2024-01-02T00:00:00+00:00 [running]> on host ea5964584459
[2025-02-27T09:54:14.166+0000] {taskinstance.py:2480} INFO - Exporting env vars: AIRFLOW_CTX_DAG_OWNER='airflow' AIRFLOW_CTX_DAG_ID='3_4_2_homework_assignment' AIRFLOW_CTX_TASK_ID='transform_data_task' AIRFLOW_CTX_EXECUTION_DATE='2024-01-02T00:00:00+00:00' AIRFLOW_CTX_TRY_NUMBER='1' AIRFLOW_CTX_DAG_RUN_ID='scheduled__2024-01-02T00:00:00+00:00'
[2025-02-27T09:54:14.168+0000] {taskinstance.py:2698} ERROR - Task failed with exception
Traceback (most recent call last):
  File "/home/airflow/.local/lib/python3.9/site-packages/airflow/models/taskinstance.py", line 433, in _execute_task
    result = execute_callable(context=context, **execute_callable_kwargs)
  File "/home/airflow/.local/lib/python3.9/site-packages/airflow/operators/python.py", line 199, in execute
    return_value = self.execute_callable()
  File "/home/airflow/.local/lib/python3.9/site-packages/airflow/operators/python.py", line 216, in execute_callable
    return self.python_callable(*self.op_args, **self.op_kwargs)
  File "/opt/airflow/dags/3_4_2_homework_assignment.py", line 67, in transform_data
    raise KeyError(f"Ключ '{key}' отсутствует в JSON-файле: {s_file}")
KeyError: "Ключ 'source' отсутствует в JSON-файле: extracted_data.json"
[2025-02-27T09:54:14.173+0000] {taskinstance.py:1138} INFO - Marking task as FAILED. dag_id=3_4_2_homework_assignment, task_id=transform_data_task, execution_date=20240102T000000, start_date=20250227T095414, end_date=20250227T095414
[2025-02-27T09:54:14.185+0000] {standard_task_runner.py:107} ERROR - Failed to execute job 6 for task transform_data_task ("Ключ 'source' отсутствует в JSON-файле: extracted_data.json"; 2715)
[2025-02-27T09:54:14.202+0000] {local_task_job_runner.py:234} INFO - Task exited with return code 1
[2025-02-27T09:54:14.211+0000] {taskinstance.py:3280} INFO - 0 downstream tasks scheduled from follow-on schedule check
[2025-02-27T10:06:05.795+0000] {taskinstance.py:1956} INFO - Dependencies all met for dep_context=non-requeueable deps ti=<TaskInstance: 3_4_2_homework_assignment.transform_data_task scheduled__2024-01-02T00:00:00+00:00 [queued]>
[2025-02-27T10:06:05.799+0000] {taskinstance.py:1956} INFO - Dependencies all met for dep_context=requeueable deps ti=<TaskInstance: 3_4_2_homework_assignment.transform_data_task scheduled__2024-01-02T00:00:00+00:00 [queued]>
[2025-02-27T10:06:05.800+0000] {taskinstance.py:2170} INFO - Starting attempt 1 of 1
[2025-02-27T10:06:05.810+0000] {taskinstance.py:2191} INFO - Executing <Task(PythonOperator): transform_data_task> on 2024-01-02 00:00:00+00:00
[2025-02-27T10:06:05.814+0000] {standard_task_runner.py:60} INFO - Started process 3357 to run task
[2025-02-27T10:06:05.816+0000] {standard_task_runner.py:87} INFO - Running: ['airflow', 'tasks', 'run', '3_4_2_homework_assignment', 'transform_data_task', 'scheduled__2024-01-02T00:00:00+00:00', '--job-id', '6', '--raw', '--subdir', 'DAGS_FOLDER/3_4_2_homework_assignment.py', '--cfg-path', '/tmp/tmp7jwe8jcp']
[2025-02-27T10:06:05.817+0000] {standard_task_runner.py:88} INFO - Job 6: Subtask transform_data_task
[2025-02-27T10:06:05.842+0000] {task_command.py:423} INFO - Running <TaskInstance: 3_4_2_homework_assignment.transform_data_task scheduled__2024-01-02T00:00:00+00:00 [running]> on host ea5964584459
[2025-02-27T10:06:05.883+0000] {taskinstance.py:2480} INFO - Exporting env vars: AIRFLOW_CTX_DAG_OWNER='airflow' AIRFLOW_CTX_DAG_ID='3_4_2_homework_assignment' AIRFLOW_CTX_TASK_ID='transform_data_task' AIRFLOW_CTX_EXECUTION_DATE='2024-01-02T00:00:00+00:00' AIRFLOW_CTX_TRY_NUMBER='1' AIRFLOW_CTX_DAG_RUN_ID='scheduled__2024-01-02T00:00:00+00:00'
[2025-02-27T10:06:05.884+0000] {taskinstance.py:2698} ERROR - Task failed with exception
Traceback (most recent call last):
  File "/home/airflow/.local/lib/python3.9/site-packages/airflow/models/taskinstance.py", line 433, in _execute_task
    result = execute_callable(context=context, **execute_callable_kwargs)
  File "/home/airflow/.local/lib/python3.9/site-packages/airflow/operators/python.py", line 199, in execute
    return_value = self.execute_callable()
  File "/home/airflow/.local/lib/python3.9/site-packages/airflow/operators/python.py", line 216, in execute_callable
    return self.python_callable(*self.op_args, **self.op_kwargs)
  File "/opt/airflow/dags/3_4_2_homework_assignment.py", line 61, in transform_data
    raise KeyError(f"Ключ '{key}' отсутствует в JSON-файле: {s_file}")
KeyError: "Ключ 'source' отсутствует в JSON-файле: extracted_data.json"
[2025-02-27T10:06:05.888+0000] {taskinstance.py:1138} INFO - Marking task as FAILED. dag_id=3_4_2_homework_assignment, task_id=transform_data_task, execution_date=20240102T000000, start_date=20250227T100605, end_date=20250227T100605
[2025-02-27T10:06:05.895+0000] {standard_task_runner.py:107} ERROR - Failed to execute job 6 for task transform_data_task ("Ключ 'source' отсутствует в JSON-файле: extracted_data.json"; 3357)
[2025-02-27T10:06:05.909+0000] {local_task_job_runner.py:234} INFO - Task exited with return code 1
[2025-02-27T10:06:05.918+0000] {taskinstance.py:3280} INFO - 0 downstream tasks scheduled from follow-on schedule check
[2025-02-27T10:11:56.417+0000] {taskinstance.py:1956} INFO - Dependencies all met for dep_context=non-requeueable deps ti=<TaskInstance: 3_4_2_homework_assignment.transform_data_task scheduled__2024-01-02T00:00:00+00:00 [queued]>
[2025-02-27T10:11:56.425+0000] {taskinstance.py:1956} INFO - Dependencies all met for dep_context=requeueable deps ti=<TaskInstance: 3_4_2_homework_assignment.transform_data_task scheduled__2024-01-02T00:00:00+00:00 [queued]>
[2025-02-27T10:11:56.426+0000] {taskinstance.py:2170} INFO - Starting attempt 1 of 1
[2025-02-27T10:11:56.444+0000] {taskinstance.py:2191} INFO - Executing <Task(PythonOperator): transform_data_task> on 2024-01-02 00:00:00+00:00
[2025-02-27T10:11:56.451+0000] {standard_task_runner.py:60} INFO - Started process 3966 to run task
[2025-02-27T10:11:56.454+0000] {standard_task_runner.py:87} INFO - Running: ['airflow', 'tasks', 'run', '3_4_2_homework_assignment', 'transform_data_task', 'scheduled__2024-01-02T00:00:00+00:00', '--job-id', '5', '--raw', '--subdir', 'DAGS_FOLDER/3_4_2_homework_assignment.py', '--cfg-path', '/tmp/tmpk9wdcvua']
[2025-02-27T10:11:56.455+0000] {standard_task_runner.py:88} INFO - Job 5: Subtask transform_data_task
[2025-02-27T10:11:56.498+0000] {task_command.py:423} INFO - Running <TaskInstance: 3_4_2_homework_assignment.transform_data_task scheduled__2024-01-02T00:00:00+00:00 [running]> on host ea5964584459
[2025-02-27T10:11:56.583+0000] {taskinstance.py:2480} INFO - Exporting env vars: AIRFLOW_CTX_DAG_OWNER='airflow' AIRFLOW_CTX_DAG_ID='3_4_2_homework_assignment' AIRFLOW_CTX_TASK_ID='transform_data_task' AIRFLOW_CTX_EXECUTION_DATE='2024-01-02T00:00:00+00:00' AIRFLOW_CTX_TRY_NUMBER='1' AIRFLOW_CTX_DAG_RUN_ID='scheduled__2024-01-02T00:00:00+00:00'
[2025-02-27T10:11:56.586+0000] {taskinstance.py:2698} ERROR - Task failed with exception
Traceback (most recent call last):
  File "/home/airflow/.local/lib/python3.9/site-packages/airflow/models/taskinstance.py", line 433, in _execute_task
    result = execute_callable(context=context, **execute_callable_kwargs)
  File "/home/airflow/.local/lib/python3.9/site-packages/airflow/operators/python.py", line 199, in execute
    return_value = self.execute_callable()
  File "/home/airflow/.local/lib/python3.9/site-packages/airflow/operators/python.py", line 216, in execute_callable
    return self.python_callable(*self.op_args, **self.op_kwargs)
  File "/opt/airflow/dags/3_4_2_homework_assignment.py", line 62, in transform_data
    raise KeyError(f"Ключ '{key}' отсутствует в JSON-файле: {s_file}")
KeyError: "Ключ 'source' отсутствует в JSON-файле: extracted_data.json"
[2025-02-27T10:11:56.596+0000] {taskinstance.py:1138} INFO - Marking task as FAILED. dag_id=3_4_2_homework_assignment, task_id=transform_data_task, execution_date=20240102T000000, start_date=20250227T101156, end_date=20250227T101156
[2025-02-27T10:11:56.620+0000] {standard_task_runner.py:107} ERROR - Failed to execute job 5 for task transform_data_task ("Ключ 'source' отсутствует в JSON-файле: extracted_data.json"; 3966)
[2025-02-27T10:11:56.672+0000] {local_task_job_runner.py:234} INFO - Task exited with return code 1
[2025-02-27T10:11:56.686+0000] {taskinstance.py:3280} INFO - 0 downstream tasks scheduled from follow-on schedule check
[2025-02-27T10:13:48.814+0000] {taskinstance.py:1956} INFO - Dependencies all met for dep_context=non-requeueable deps ti=<TaskInstance: 3_4_2_homework_assignment.transform_data_task scheduled__2024-01-02T00:00:00+00:00 [queued]>
[2025-02-27T10:13:48.819+0000] {taskinstance.py:1956} INFO - Dependencies all met for dep_context=requeueable deps ti=<TaskInstance: 3_4_2_homework_assignment.transform_data_task scheduled__2024-01-02T00:00:00+00:00 [queued]>
[2025-02-27T10:13:48.819+0000] {taskinstance.py:2170} INFO - Starting attempt 1 of 1
[2025-02-27T10:13:48.830+0000] {taskinstance.py:2191} INFO - Executing <Task(PythonOperator): transform_data_task> on 2024-01-02 00:00:00+00:00
[2025-02-27T10:13:48.835+0000] {standard_task_runner.py:60} INFO - Started process 4252 to run task
[2025-02-27T10:13:48.837+0000] {standard_task_runner.py:87} INFO - Running: ['airflow', 'tasks', 'run', '3_4_2_homework_assignment', 'transform_data_task', 'scheduled__2024-01-02T00:00:00+00:00', '--job-id', '6', '--raw', '--subdir', 'DAGS_FOLDER/3_4_2_homework_assignment.py', '--cfg-path', '/tmp/tmpgsjb4q0z']
[2025-02-27T10:13:48.838+0000] {standard_task_runner.py:88} INFO - Job 6: Subtask transform_data_task
[2025-02-27T10:13:48.863+0000] {task_command.py:423} INFO - Running <TaskInstance: 3_4_2_homework_assignment.transform_data_task scheduled__2024-01-02T00:00:00+00:00 [running]> on host ea5964584459
[2025-02-27T10:13:48.902+0000] {taskinstance.py:2480} INFO - Exporting env vars: AIRFLOW_CTX_DAG_OWNER='airflow' AIRFLOW_CTX_DAG_ID='3_4_2_homework_assignment' AIRFLOW_CTX_TASK_ID='transform_data_task' AIRFLOW_CTX_EXECUTION_DATE='2024-01-02T00:00:00+00:00' AIRFLOW_CTX_TRY_NUMBER='1' AIRFLOW_CTX_DAG_RUN_ID='scheduled__2024-01-02T00:00:00+00:00'
[2025-02-27T10:13:48.904+0000] {python.py:201} INFO - Done. Returned value was: None
[2025-02-27T10:13:48.907+0000] {taskinstance.py:1138} INFO - Marking task as SUCCESS. dag_id=3_4_2_homework_assignment, task_id=transform_data_task, execution_date=20240102T000000, start_date=20250227T101348, end_date=20250227T101348
[2025-02-27T10:13:48.930+0000] {local_task_job_runner.py:234} INFO - Task exited with return code 0
[2025-02-27T10:13:48.939+0000] {taskinstance.py:3280} INFO - 0 downstream tasks scheduled from follow-on schedule check
[2025-02-27T10:19:01.438+0000] {taskinstance.py:1956} INFO - Dependencies all met for dep_context=non-requeueable deps ti=<TaskInstance: 3_4_2_homework_assignment.transform_data_task scheduled__2024-01-02T00:00:00+00:00 [queued]>
[2025-02-27T10:19:01.444+0000] {taskinstance.py:1956} INFO - Dependencies all met for dep_context=requeueable deps ti=<TaskInstance: 3_4_2_homework_assignment.transform_data_task scheduled__2024-01-02T00:00:00+00:00 [queued]>
[2025-02-27T10:19:01.444+0000] {taskinstance.py:2170} INFO - Starting attempt 1 of 1
[2025-02-27T10:19:01.459+0000] {taskinstance.py:2191} INFO - Executing <Task(PythonOperator): transform_data_task> on 2024-01-02 00:00:00+00:00
[2025-02-27T10:19:01.466+0000] {standard_task_runner.py:60} INFO - Started process 4845 to run task
[2025-02-27T10:19:01.469+0000] {standard_task_runner.py:87} INFO - Running: ['airflow', 'tasks', 'run', '3_4_2_homework_assignment', 'transform_data_task', 'scheduled__2024-01-02T00:00:00+00:00', '--job-id', '6', '--raw', '--subdir', 'DAGS_FOLDER/3_4_2_homework_assignment.py', '--cfg-path', '/tmp/tmp8a8c7j7k']
[2025-02-27T10:19:01.470+0000] {standard_task_runner.py:88} INFO - Job 6: Subtask transform_data_task
[2025-02-27T10:19:01.502+0000] {task_command.py:423} INFO - Running <TaskInstance: 3_4_2_homework_assignment.transform_data_task scheduled__2024-01-02T00:00:00+00:00 [running]> on host ea5964584459
[2025-02-27T10:19:01.562+0000] {taskinstance.py:2480} INFO - Exporting env vars: AIRFLOW_CTX_DAG_OWNER='airflow' AIRFLOW_CTX_DAG_ID='3_4_2_homework_assignment' AIRFLOW_CTX_TASK_ID='transform_data_task' AIRFLOW_CTX_EXECUTION_DATE='2024-01-02T00:00:00+00:00' AIRFLOW_CTX_TRY_NUMBER='1' AIRFLOW_CTX_DAG_RUN_ID='scheduled__2024-01-02T00:00:00+00:00'
[2025-02-27T10:19:01.564+0000] {python.py:201} INFO - Done. Returned value was: None
[2025-02-27T10:19:01.568+0000] {taskinstance.py:1138} INFO - Marking task as SUCCESS. dag_id=3_4_2_homework_assignment, task_id=transform_data_task, execution_date=20240102T000000, start_date=20250227T101901, end_date=20250227T101901
[2025-02-27T10:19:01.602+0000] {local_task_job_runner.py:234} INFO - Task exited with return code 0
[2025-02-27T10:23:39.383+0000] {taskinstance.py:1956} INFO - Dependencies all met for dep_context=non-requeueable deps ti=<TaskInstance: 3_4_2_homework_assignment.transform_data_task scheduled__2024-01-02T00:00:00+00:00 [queued]>
[2025-02-27T10:23:39.389+0000] {taskinstance.py:1956} INFO - Dependencies all met for dep_context=requeueable deps ti=<TaskInstance: 3_4_2_homework_assignment.transform_data_task scheduled__2024-01-02T00:00:00+00:00 [queued]>
[2025-02-27T10:23:39.389+0000] {taskinstance.py:2170} INFO - Starting attempt 1 of 1
[2025-02-27T10:23:39.402+0000] {taskinstance.py:2191} INFO - Executing <Task(PythonOperator): transform_data_task> on 2024-01-02 00:00:00+00:00
[2025-02-27T10:23:39.407+0000] {standard_task_runner.py:60} INFO - Started process 5296 to run task
[2025-02-27T10:23:39.410+0000] {standard_task_runner.py:87} INFO - Running: ['airflow', 'tasks', 'run', '3_4_2_homework_assignment', 'transform_data_task', 'scheduled__2024-01-02T00:00:00+00:00', '--job-id', '6', '--raw', '--subdir', 'DAGS_FOLDER/3_4_2_homework_assignment.py', '--cfg-path', '/tmp/tmp5aduneac']
[2025-02-27T10:23:39.411+0000] {standard_task_runner.py:88} INFO - Job 6: Subtask transform_data_task
[2025-02-27T10:23:39.447+0000] {task_command.py:423} INFO - Running <TaskInstance: 3_4_2_homework_assignment.transform_data_task scheduled__2024-01-02T00:00:00+00:00 [running]> on host ea5964584459
[2025-02-27T10:23:39.497+0000] {taskinstance.py:2480} INFO - Exporting env vars: AIRFLOW_CTX_DAG_OWNER='airflow' AIRFLOW_CTX_DAG_ID='3_4_2_homework_assignment' AIRFLOW_CTX_TASK_ID='transform_data_task' AIRFLOW_CTX_EXECUTION_DATE='2024-01-02T00:00:00+00:00' AIRFLOW_CTX_TRY_NUMBER='1' AIRFLOW_CTX_DAG_RUN_ID='scheduled__2024-01-02T00:00:00+00:00'
[2025-02-27T10:23:39.499+0000] {python.py:201} INFO - Done. Returned value was: None
[2025-02-27T10:23:39.502+0000] {taskinstance.py:1138} INFO - Marking task as SUCCESS. dag_id=3_4_2_homework_assignment, task_id=transform_data_task, execution_date=20240102T000000, start_date=20250227T102339, end_date=20250227T102339
[2025-02-27T10:23:39.544+0000] {local_task_job_runner.py:234} INFO - Task exited with return code 0
[2025-02-27T10:26:27.435+0000] {taskinstance.py:1956} INFO - Dependencies all met for dep_context=non-requeueable deps ti=<TaskInstance: 3_4_2_homework_assignment.transform_data_task scheduled__2024-01-02T00:00:00+00:00 [queued]>
[2025-02-27T10:26:27.440+0000] {taskinstance.py:1956} INFO - Dependencies all met for dep_context=requeueable deps ti=<TaskInstance: 3_4_2_homework_assignment.transform_data_task scheduled__2024-01-02T00:00:00+00:00 [queued]>
[2025-02-27T10:26:27.440+0000] {taskinstance.py:2170} INFO - Starting attempt 1 of 1
[2025-02-27T10:26:27.451+0000] {taskinstance.py:2191} INFO - Executing <Task(PythonOperator): transform_data_task> on 2024-01-02 00:00:00+00:00
[2025-02-27T10:26:27.456+0000] {standard_task_runner.py:60} INFO - Started process 5587 to run task
[2025-02-27T10:26:27.458+0000] {standard_task_runner.py:87} INFO - Running: ['airflow', 'tasks', 'run', '3_4_2_homework_assignment', 'transform_data_task', 'scheduled__2024-01-02T00:00:00+00:00', '--job-id', '6', '--raw', '--subdir', 'DAGS_FOLDER/3_4_2_homework_assignment.py', '--cfg-path', '/tmp/tmpjgrypqfk']
[2025-02-27T10:26:27.459+0000] {standard_task_runner.py:88} INFO - Job 6: Subtask transform_data_task
[2025-02-27T10:26:27.484+0000] {task_command.py:423} INFO - Running <TaskInstance: 3_4_2_homework_assignment.transform_data_task scheduled__2024-01-02T00:00:00+00:00 [running]> on host ea5964584459
[2025-02-27T10:26:27.519+0000] {taskinstance.py:2480} INFO - Exporting env vars: AIRFLOW_CTX_DAG_OWNER='airflow' AIRFLOW_CTX_DAG_ID='3_4_2_homework_assignment' AIRFLOW_CTX_TASK_ID='transform_data_task' AIRFLOW_CTX_EXECUTION_DATE='2024-01-02T00:00:00+00:00' AIRFLOW_CTX_TRY_NUMBER='1' AIRFLOW_CTX_DAG_RUN_ID='scheduled__2024-01-02T00:00:00+00:00'
[2025-02-27T10:26:27.521+0000] {python.py:201} INFO - Done. Returned value was: None
[2025-02-27T10:26:27.524+0000] {taskinstance.py:1138} INFO - Marking task as SUCCESS. dag_id=3_4_2_homework_assignment, task_id=transform_data_task, execution_date=20240102T000000, start_date=20250227T102627, end_date=20250227T102627
[2025-02-27T10:26:27.551+0000] {local_task_job_runner.py:234} INFO - Task exited with return code 0
[2025-02-27T10:34:50.920+0000] {taskinstance.py:1956} INFO - Dependencies all met for dep_context=non-requeueable deps ti=<TaskInstance: 3_4_2_homework_assignment.transform_data_task scheduled__2024-01-02T00:00:00+00:00 [queued]>
[2025-02-27T10:34:50.925+0000] {taskinstance.py:1956} INFO - Dependencies all met for dep_context=requeueable deps ti=<TaskInstance: 3_4_2_homework_assignment.transform_data_task scheduled__2024-01-02T00:00:00+00:00 [queued]>
[2025-02-27T10:34:50.926+0000] {taskinstance.py:2170} INFO - Starting attempt 1 of 1
[2025-02-27T10:34:50.938+0000] {taskinstance.py:2191} INFO - Executing <Task(PythonOperator): transform_data_task> on 2024-01-02 00:00:00+00:00
[2025-02-27T10:34:50.943+0000] {standard_task_runner.py:60} INFO - Started process 6247 to run task
[2025-02-27T10:34:50.945+0000] {standard_task_runner.py:87} INFO - Running: ['airflow', 'tasks', 'run', '3_4_2_homework_assignment', 'transform_data_task', 'scheduled__2024-01-02T00:00:00+00:00', '--job-id', '6', '--raw', '--subdir', 'DAGS_FOLDER/3_4_2_homework_assignment.py', '--cfg-path', '/tmp/tmp13h_iwgn']
[2025-02-27T10:34:50.946+0000] {standard_task_runner.py:88} INFO - Job 6: Subtask transform_data_task
[2025-02-27T10:34:50.973+0000] {task_command.py:423} INFO - Running <TaskInstance: 3_4_2_homework_assignment.transform_data_task scheduled__2024-01-02T00:00:00+00:00 [running]> on host ea5964584459
[2025-02-27T10:34:51.017+0000] {taskinstance.py:2480} INFO - Exporting env vars: AIRFLOW_CTX_DAG_OWNER='airflow' AIRFLOW_CTX_DAG_ID='3_4_2_homework_assignment' AIRFLOW_CTX_TASK_ID='transform_data_task' AIRFLOW_CTX_EXECUTION_DATE='2024-01-02T00:00:00+00:00' AIRFLOW_CTX_TRY_NUMBER='1' AIRFLOW_CTX_DAG_RUN_ID='scheduled__2024-01-02T00:00:00+00:00'
[2025-02-27T10:34:51.018+0000] {3_4_2_homework_assignment.py:84} INFO - USD,AED,3.672796,2024-01-02

[2025-02-27T10:34:51.018+0000] {3_4_2_homework_assignment.py:84} INFO - USD,AFN,69.999838,2024-01-02

[2025-02-27T10:34:51.019+0000] {3_4_2_homework_assignment.py:84} INFO - USD,ALL,94.18978,2024-01-02

[2025-02-27T10:34:51.019+0000] {3_4_2_homework_assignment.py:84} INFO - USD,AMD,404.880451,2024-01-02

[2025-02-27T10:34:51.019+0000] {3_4_2_homework_assignment.py:84} INFO - USD,ANG,1.802754,2024-01-02

[2025-02-27T10:34:51.019+0000] {3_4_2_homework_assignment.py:84} INFO - USD,AOA,832.497707,2024-01-02

[2025-02-27T10:34:51.019+0000] {3_4_2_homework_assignment.py:84} INFO - USD,ARS,810.561155,2024-01-02

[2025-02-27T10:34:51.020+0000] {3_4_2_homework_assignment.py:84} INFO - USD,AUD,1.478066,2024-01-02

[2025-02-27T10:34:51.020+0000] {3_4_2_homework_assignment.py:84} INFO - USD,AWG,1.8025,2024-01-02

[2025-02-27T10:34:51.020+0000] {3_4_2_homework_assignment.py:84} INFO - USD,AZN,1.696139,2024-01-02

[2025-02-27T10:34:51.020+0000] {3_4_2_homework_assignment.py:84} INFO - USD,BAM,1.783545,2024-01-02

[2025-02-27T10:34:51.020+0000] {3_4_2_homework_assignment.py:84} INFO - USD,BBD,2.019734,2024-01-02

[2025-02-27T10:34:51.021+0000] {3_4_2_homework_assignment.py:84} INFO - USD,BDT,109.786792,2024-01-02

[2025-02-27T10:34:51.021+0000] {3_4_2_homework_assignment.py:84} INFO - USD,BGN,1.787597,2024-01-02

[2025-02-27T10:34:51.021+0000] {3_4_2_homework_assignment.py:84} INFO - USD,BHD,0.376845,2024-01-02

[2025-02-27T10:34:51.021+0000] {3_4_2_homework_assignment.py:84} INFO - USD,BIF,2855.0,2024-01-02

[2025-02-27T10:34:51.021+0000] {3_4_2_homework_assignment.py:84} INFO - USD,BMD,1.0,2024-01-02

[2025-02-27T10:34:51.022+0000] {3_4_2_homework_assignment.py:84} INFO - USD,BND,1.325497,2024-01-02

[2025-02-27T10:34:51.022+0000] {3_4_2_homework_assignment.py:84} INFO - USD,BOB,6.912148,2024-01-02

[2025-02-27T10:34:51.022+0000] {3_4_2_homework_assignment.py:84} INFO - USD,BRL,4.923979,2024-01-02

[2025-02-27T10:34:51.022+0000] {3_4_2_homework_assignment.py:84} INFO - USD,BSD,1.000292,2024-01-02

[2025-02-27T10:34:51.022+0000] {3_4_2_homework_assignment.py:84} INFO - USD,BTC,2.2239327e-05,2024-01-02

[2025-02-27T10:34:51.023+0000] {3_4_2_homework_assignment.py:84} INFO - USD,BTN,84.025935,2024-01-02

[2025-02-27T10:34:51.023+0000] {3_4_2_homework_assignment.py:84} INFO - USD,BWP,13.364278,2024-01-02

[2025-02-27T10:34:51.023+0000] {3_4_2_homework_assignment.py:84} INFO - USD,BYN,3.303209,2024-01-02

[2025-02-27T10:34:51.023+0000] {3_4_2_homework_assignment.py:84} INFO - USD,BYR,19600.0,2024-01-02

[2025-02-27T10:34:51.024+0000] {3_4_2_homework_assignment.py:84} INFO - USD,BZD,2.016378,2024-01-02

[2025-02-27T10:34:51.024+0000] {3_4_2_homework_assignment.py:84} INFO - USD,CAD,1.332265,2024-01-02

[2025-02-27T10:34:51.024+0000] {3_4_2_homework_assignment.py:84} INFO - USD,CDF,2680.000256,2024-01-02

[2025-02-27T10:34:51.024+0000] {3_4_2_homework_assignment.py:84} INFO - USD,CHF,0.850195,2024-01-02

[2025-02-27T10:34:51.025+0000] {3_4_2_homework_assignment.py:84} INFO - USD,CLF,0.032049,2024-01-02

[2025-02-27T10:34:51.025+0000] {3_4_2_homework_assignment.py:84} INFO - USD,CLP,884.320491,2024-01-02

[2025-02-27T10:34:51.025+0000] {3_4_2_homework_assignment.py:84} INFO - USD,CNY,7.099602,2024-01-02

[2025-02-27T10:34:51.025+0000] {3_4_2_homework_assignment.py:84} INFO - USD,COP,3889.23,2024-01-02

[2025-02-27T10:34:51.025+0000] {3_4_2_homework_assignment.py:84} INFO - USD,CRC,519.788437,2024-01-02

[2025-02-27T10:34:51.026+0000] {3_4_2_homework_assignment.py:84} INFO - USD,CUC,1.0,2024-01-02

[2025-02-27T10:34:51.026+0000] {3_4_2_homework_assignment.py:84} INFO - USD,CUP,26.5,2024-01-02

[2025-02-27T10:34:51.026+0000] {3_4_2_homework_assignment.py:84} INFO - USD,CVE,100.149596,2024-01-02

[2025-02-27T10:34:51.026+0000] {3_4_2_homework_assignment.py:84} INFO - USD,CZK,22.543297,2024-01-02

[2025-02-27T10:34:51.026+0000] {3_4_2_homework_assignment.py:84} INFO - USD,DJF,177.719565,2024-01-02

[2025-02-27T10:34:51.027+0000] {3_4_2_homework_assignment.py:84} INFO - USD,DKK,6.81438,2024-01-02

[2025-02-27T10:34:51.027+0000] {3_4_2_homework_assignment.py:84} INFO - USD,DOP,57.919916,2024-01-02

[2025-02-27T10:34:51.027+0000] {3_4_2_homework_assignment.py:84} INFO - USD,DZD,134.679875,2024-01-02

[2025-02-27T10:34:51.027+0000] {3_4_2_homework_assignment.py:84} INFO - USD,EGP,30.925201,2024-01-02

[2025-02-27T10:34:51.027+0000] {3_4_2_homework_assignment.py:84} INFO - USD,ERN,15.0,2024-01-02

[2025-02-27T10:34:51.027+0000] {3_4_2_homework_assignment.py:84} INFO - USD,ETB,56.195264,2024-01-02

[2025-02-27T10:34:51.028+0000] {3_4_2_homework_assignment.py:84} INFO - USD,EUR,0.91396,2024-01-02

[2025-02-27T10:34:51.028+0000] {3_4_2_homework_assignment.py:84} INFO - USD,FJD,2.228702,2024-01-02

[2025-02-27T10:34:51.028+0000] {3_4_2_homework_assignment.py:84} INFO - USD,FKP,0.786705,2024-01-02

[2025-02-27T10:34:51.028+0000] {3_4_2_homework_assignment.py:84} INFO - USD,GBP,0.79224,2024-01-02

[2025-02-27T10:34:51.028+0000] {3_4_2_homework_assignment.py:84} INFO - USD,GEL,2.680173,2024-01-02

[2025-02-27T10:34:51.029+0000] {3_4_2_homework_assignment.py:84} INFO - USD,GGP,0.786705,2024-01-02

[2025-02-27T10:34:51.029+0000] {3_4_2_homework_assignment.py:84} INFO - USD,GHS,11.949598,2024-01-02

[2025-02-27T10:34:51.029+0000] {3_4_2_homework_assignment.py:84} INFO - USD,GIP,0.786705,2024-01-02

[2025-02-27T10:34:51.029+0000] {3_4_2_homework_assignment.py:84} INFO - USD,GMD,67.225002,2024-01-02

[2025-02-27T10:34:51.029+0000] {3_4_2_homework_assignment.py:84} INFO - USD,GNF,8600.000003,2024-01-02

[2025-02-27T10:34:51.030+0000] {3_4_2_homework_assignment.py:84} INFO - USD,GTQ,7.825096,2024-01-02

[2025-02-27T10:34:51.030+0000] {3_4_2_homework_assignment.py:84} INFO - USD,GYD,209.270303,2024-01-02

[2025-02-27T10:34:51.030+0000] {3_4_2_homework_assignment.py:84} INFO - USD,HKD,7.81532,2024-01-02

[2025-02-27T10:34:51.030+0000] {3_4_2_homework_assignment.py:84} INFO - USD,HNL,24.749457,2024-01-02

[2025-02-27T10:34:51.030+0000] {3_4_2_homework_assignment.py:84} INFO - USD,HRK,6.98177,2024-01-02

[2025-02-27T10:34:51.031+0000] {3_4_2_homework_assignment.py:84} INFO - USD,HTG,131.911323,2024-01-02

[2025-02-27T10:34:51.031+0000] {3_4_2_homework_assignment.py:84} INFO - USD,HUF,348.829813,2024-01-02

[2025-02-27T10:34:51.031+0000] {3_4_2_homework_assignment.py:84} INFO - USD,IDR,15505.0,2024-01-02

[2025-02-27T10:34:51.031+0000] {3_4_2_homework_assignment.py:84} INFO - USD,ILS,3.639696,2024-01-02

[2025-02-27T10:34:51.031+0000] {3_4_2_homework_assignment.py:84} INFO - USD,IMP,0.786705,2024-01-02

[2025-02-27T10:34:51.032+0000] {3_4_2_homework_assignment.py:84} INFO - USD,INR,83.25725,2024-01-02

[2025-02-27T10:34:51.032+0000] {3_4_2_homework_assignment.py:84} INFO - USD,IQD,1310.0,2024-01-02

[2025-02-27T10:34:51.032+0000] {3_4_2_homework_assignment.py:84} INFO - USD,IRR,42047.496316,2024-01-02

[2025-02-27T10:34:51.032+0000] {3_4_2_homework_assignment.py:84} INFO - USD,ISK,137.709983,2024-01-02

[2025-02-27T10:34:51.032+0000] {3_4_2_homework_assignment.py:84} INFO - USD,JEP,0.786705,2024-01-02

[2025-02-27T10:34:51.033+0000] {3_4_2_homework_assignment.py:84} INFO - USD,JMD,154.316147,2024-01-02

[2025-02-27T10:34:51.033+0000] {3_4_2_homework_assignment.py:84} INFO - USD,JOD,0.709602,2024-01-02

[2025-02-27T10:34:51.033+0000] {3_4_2_homework_assignment.py:84} INFO - USD,JPY,142.156502,2024-01-02

[2025-02-27T10:34:51.033+0000] {3_4_2_homework_assignment.py:84} INFO - USD,KES,157.349704,2024-01-02

[2025-02-27T10:34:51.033+0000] {3_4_2_homework_assignment.py:84} INFO - USD,KGS,89.085304,2024-01-02

[2025-02-27T10:34:51.033+0000] {3_4_2_homework_assignment.py:84} INFO - USD,KHR,4090.000036,2024-01-02

[2025-02-27T10:34:51.034+0000] {3_4_2_homework_assignment.py:84} INFO - USD,KMF,450.513757,2024-01-02

[2025-02-27T10:34:51.034+0000] {3_4_2_homework_assignment.py:84} INFO - USD,KPW,900.008743,2024-01-02

[2025-02-27T10:34:51.034+0000] {3_4_2_homework_assignment.py:84} INFO - USD,KRW,1308.849868,2024-01-02

[2025-02-27T10:34:51.034+0000] {3_4_2_homework_assignment.py:84} INFO - USD,KWD,0.30748,2024-01-02

[2025-02-27T10:34:51.034+0000] {3_4_2_homework_assignment.py:84} INFO - USD,KYD,0.833615,2024-01-02

[2025-02-27T10:34:51.035+0000] {3_4_2_homework_assignment.py:84} INFO - USD,KZT,455.620708,2024-01-02

[2025-02-27T10:34:51.035+0000] {3_4_2_homework_assignment.py:84} INFO - USD,LAK,20562.465494,2024-01-02

[2025-02-27T10:34:51.035+0000] {3_4_2_homework_assignment.py:84} INFO - USD,LBP,15062.499188,2024-01-02

[2025-02-27T10:34:51.035+0000] {3_4_2_homework_assignment.py:84} INFO - USD,LKR,322.110562,2024-01-02

[2025-02-27T10:34:51.035+0000] {3_4_2_homework_assignment.py:84} INFO - USD,LRD,188.494157,2024-01-02

[2025-02-27T10:34:51.035+0000] {3_4_2_homework_assignment.py:84} INFO - USD,LSL,18.570097,2024-01-02

[2025-02-27T10:34:51.036+0000] {3_4_2_homework_assignment.py:84} INFO - USD,LTL,2.95274,2024-01-02

[2025-02-27T10:34:51.036+0000] {3_4_2_homework_assignment.py:84} INFO - USD,LVL,0.60489,2024-01-02

[2025-02-27T10:34:51.036+0000] {3_4_2_homework_assignment.py:84} INFO - USD,LYD,4.775014,2024-01-02

[2025-02-27T10:34:51.036+0000] {3_4_2_homework_assignment.py:84} INFO - USD,MAD,9.929013,2024-01-02

[2025-02-27T10:34:51.036+0000] {3_4_2_homework_assignment.py:84} INFO - USD,MDL,17.464573,2024-01-02

[2025-02-27T10:34:51.036+0000] {3_4_2_homework_assignment.py:84} INFO - USD,MGA,4589.99995,2024-01-02

[2025-02-27T10:34:51.037+0000] {3_4_2_homework_assignment.py:84} INFO - USD,MKD,56.219156,2024-01-02

[2025-02-27T10:34:51.037+0000] {3_4_2_homework_assignment.py:84} INFO - USD,MMK,2100.602778,2024-01-02

[2025-02-27T10:34:51.037+0000] {3_4_2_homework_assignment.py:84} INFO - USD,MNT,3439.712623,2024-01-02

[2025-02-27T10:34:51.037+0000] {3_4_2_homework_assignment.py:84} INFO - USD,MOP,8.050829,2024-01-02

[2025-02-27T10:34:51.037+0000] {3_4_2_homework_assignment.py:84} INFO - USD,MRU,39.649989,2024-01-02

[2025-02-27T10:34:51.037+0000] {3_4_2_homework_assignment.py:84} INFO - USD,MUR,44.020085,2024-01-02

[2025-02-27T10:34:51.038+0000] {3_4_2_homework_assignment.py:84} INFO - USD,MVR,15.394981,2024-01-02

[2025-02-27T10:34:51.038+0000] {3_4_2_homework_assignment.py:84} INFO - USD,MWK,1682.000329,2024-01-02

[2025-02-27T10:34:51.038+0000] {3_4_2_homework_assignment.py:84} INFO - USD,MXN,17.034397,2024-01-02

[2025-02-27T10:34:51.038+0000] {3_4_2_homework_assignment.py:84} INFO - USD,MYR,4.603498,2024-01-02

[2025-02-27T10:34:51.038+0000] {3_4_2_homework_assignment.py:84} INFO - USD,MZN,63.24995,2024-01-02

[2025-02-27T10:34:51.039+0000] {3_4_2_homework_assignment.py:84} INFO - USD,NAD,18.569884,2024-01-02

[2025-02-27T10:34:51.039+0000] {3_4_2_homework_assignment.py:84} INFO - USD,NGN,884.818945,2024-01-02

[2025-02-27T10:34:51.039+0000] {3_4_2_homework_assignment.py:84} INFO - USD,NIO,36.720003,2024-01-02

[2025-02-27T10:34:51.039+0000] {3_4_2_homework_assignment.py:84} INFO - USD,NOK,10.349175,2024-01-02

[2025-02-27T10:34:51.039+0000] {3_4_2_homework_assignment.py:84} INFO - USD,NPR,134.441314,2024-01-02

[2025-02-27T10:34:51.040+0000] {3_4_2_homework_assignment.py:84} INFO - USD,NZD,1.60014,2024-01-02

[2025-02-27T10:34:51.040+0000] {3_4_2_homework_assignment.py:84} INFO - USD,OMR,0.384895,2024-01-02

[2025-02-27T10:34:51.040+0000] {3_4_2_homework_assignment.py:84} INFO - USD,PAB,1.000301,2024-01-02

[2025-02-27T10:34:51.040+0000] {3_4_2_homework_assignment.py:84} INFO - USD,PEN,3.713497,2024-01-02

[2025-02-27T10:34:51.040+0000] {3_4_2_homework_assignment.py:84} INFO - USD,PGK,3.70803,2024-01-02

[2025-02-27T10:34:51.041+0000] {3_4_2_homework_assignment.py:84} INFO - USD,PHP,55.580372,2024-01-02

[2025-02-27T10:34:51.041+0000] {3_4_2_homework_assignment.py:84} INFO - USD,PKR,281.950354,2024-01-02

[2025-02-27T10:34:51.041+0000] {3_4_2_homework_assignment.py:84} INFO - USD,PLN,3.991717,2024-01-02

[2025-02-27T10:34:51.041+0000] {3_4_2_homework_assignment.py:84} INFO - USD,PYG,7287.202028,2024-01-02

[2025-02-27T10:34:51.041+0000] {3_4_2_homework_assignment.py:84} INFO - USD,QAR,3.640497,2024-01-02

[2025-02-27T10:34:51.042+0000] {3_4_2_homework_assignment.py:84} INFO - USD,RON,4.542902,2024-01-02

[2025-02-27T10:34:51.042+0000] {3_4_2_homework_assignment.py:84} INFO - USD,RSD,107.091975,2024-01-02

[2025-02-27T10:34:51.042+0000] {3_4_2_homework_assignment.py:84} INFO - USD,RUB,90.430359,2024-01-02

[2025-02-27T10:34:51.042+0000] {3_4_2_homework_assignment.py:84} INFO - USD,RWF,1260.86,2024-01-02

[2025-02-27T10:34:51.042+0000] {3_4_2_homework_assignment.py:84} INFO - USD,SAR,3.750007,2024-01-02

[2025-02-27T10:34:51.043+0000] {3_4_2_homework_assignment.py:84} INFO - USD,SBD,8.404697,2024-01-02

[2025-02-27T10:34:51.043+0000] {3_4_2_homework_assignment.py:84} INFO - USD,SCR,14.197264,2024-01-02

[2025-02-27T10:34:51.043+0000] {3_4_2_homework_assignment.py:84} INFO - USD,SDG,601.000196,2024-01-02

[2025-02-27T10:34:51.043+0000] {3_4_2_homework_assignment.py:84} INFO - USD,SEK,10.20999,2024-01-02

[2025-02-27T10:34:51.043+0000] {3_4_2_homework_assignment.py:84} INFO - USD,SGD,1.326405,2024-01-02

[2025-02-27T10:34:51.044+0000] {3_4_2_homework_assignment.py:84} INFO - USD,SHP,1.262304,2024-01-02

[2025-02-27T10:34:51.044+0000] {3_4_2_homework_assignment.py:84} INFO - USD,SLE,22.795066,2024-01-02

[2025-02-27T10:34:51.044+0000] {3_4_2_homework_assignment.py:84} INFO - USD,SLL,19749.999899,2024-01-02

[2025-02-27T10:34:51.044+0000] {3_4_2_homework_assignment.py:84} INFO - USD,SOS,570.999787,2024-01-02

[2025-02-27T10:34:51.044+0000] {3_4_2_homework_assignment.py:84} INFO - USD,SRD,36.745499,2024-01-02

[2025-02-27T10:34:51.045+0000] {3_4_2_homework_assignment.py:84} INFO - USD,STD,20697.981008,2024-01-02

[2025-02-27T10:34:51.045+0000] {3_4_2_homework_assignment.py:84} INFO - USD,SYP,13001.797058,2024-01-02

[2025-02-27T10:34:51.045+0000] {3_4_2_homework_assignment.py:84} INFO - USD,SZL,18.570217,2024-01-02

[2025-02-27T10:34:51.045+0000] {3_4_2_homework_assignment.py:84} INFO - USD,THB,34.263001,2024-01-02

[2025-02-27T10:34:51.046+0000] {3_4_2_homework_assignment.py:84} INFO - USD,TJS,10.948303,2024-01-02

[2025-02-27T10:34:51.046+0000] {3_4_2_homework_assignment.py:84} INFO - USD,TMT,3.51,2024-01-02

[2025-02-27T10:34:51.046+0000] {3_4_2_homework_assignment.py:84} INFO - USD,TND,3.093498,2024-01-02

[2025-02-27T10:34:51.046+0000] {3_4_2_homework_assignment.py:84} INFO - USD,TOP,2.33115,2024-01-02

[2025-02-27T10:34:51.046+0000] {3_4_2_homework_assignment.py:84} INFO - USD,TRY,29.753575,2024-01-02

[2025-02-27T10:34:51.046+0000] {3_4_2_homework_assignment.py:84} INFO - USD,TTD,6.789167,2024-01-02

[2025-02-27T10:34:51.047+0000] {3_4_2_homework_assignment.py:84} INFO - USD,TWD,30.894018,2024-01-02

[2025-02-27T10:34:51.047+0000] {3_4_2_homework_assignment.py:84} INFO - USD,TZS,2514.999877,2024-01-02

[2025-02-27T10:34:51.047+0000] {3_4_2_homework_assignment.py:84} INFO - USD,UAH,38.150158,2024-01-02

[2025-02-27T10:34:51.047+0000] {3_4_2_homework_assignment.py:84} INFO - USD,UGX,3789.053238,2024-01-02

[2025-02-27T10:34:51.047+0000] {3_4_2_homework_assignment.py:84} INFO - USD,UYU,39.075858,2024-01-02

[2025-02-27T10:34:51.048+0000] {3_4_2_homework_assignment.py:84} INFO - USD,UZS,12349.999723,2024-01-02

[2025-02-27T10:34:51.048+0000] {3_4_2_homework_assignment.py:84} INFO - USD,VEF,3587972.932726,2024-01-02

[2025-02-27T10:34:51.048+0000] {3_4_2_homework_assignment.py:84} INFO - USD,VES,35.822194,2024-01-02

[2025-02-27T10:34:51.048+0000] {3_4_2_homework_assignment.py:84} INFO - USD,VND,24335.0,2024-01-02

[2025-02-27T10:34:51.048+0000] {3_4_2_homework_assignment.py:84} INFO - USD,VUV,117.373873,2024-01-02

[2025-02-27T10:34:51.049+0000] {3_4_2_homework_assignment.py:84} INFO - USD,WST,2.698297,2024-01-02

[2025-02-27T10:34:51.049+0000] {3_4_2_homework_assignment.py:84} INFO - USD,XAF,598.184355,2024-01-02

[2025-02-27T10:34:51.049+0000] {3_4_2_homework_assignment.py:84} INFO - USD,XAG,0.042301,2024-01-02

[2025-02-27T10:34:51.049+0000] {3_4_2_homework_assignment.py:84} INFO - USD,XAU,0.000486,2024-01-02

[2025-02-27T10:34:51.049+0000] {3_4_2_homework_assignment.py:84} INFO - USD,XCD,2.70255,2024-01-02

[2025-02-27T10:34:51.049+0000] {3_4_2_homework_assignment.py:84} INFO - USD,XDR,0.745598,2024-01-02

[2025-02-27T10:34:51.050+0000] {3_4_2_homework_assignment.py:84} INFO - USD,XOF,594.504833,2024-01-02

[2025-02-27T10:34:51.050+0000] {3_4_2_homework_assignment.py:84} INFO - USD,XPF,109.374992,2024-01-02

[2025-02-27T10:34:51.050+0000] {3_4_2_homework_assignment.py:84} INFO - USD,YER,250.250298,2024-01-02

[2025-02-27T10:34:51.050+0000] {3_4_2_homework_assignment.py:84} INFO - USD,ZAR,18.56645,2024-01-02

[2025-02-27T10:34:51.050+0000] {3_4_2_homework_assignment.py:84} INFO - USD,ZMK,9001.202091,2024-01-02

[2025-02-27T10:34:51.051+0000] {3_4_2_homework_assignment.py:84} INFO - USD,ZMW,25.731794,2024-01-02

[2025-02-27T10:34:51.051+0000] {3_4_2_homework_assignment.py:84} INFO - USD,ZWL,321.999592,2024-01-02

[2025-02-27T10:34:51.051+0000] {python.py:201} INFO - Done. Returned value was: None
[2025-02-27T10:34:51.055+0000] {taskinstance.py:1138} INFO - Marking task as SUCCESS. dag_id=3_4_2_homework_assignment, task_id=transform_data_task, execution_date=20240102T000000, start_date=20250227T103450, end_date=20250227T103451
[2025-02-27T10:34:51.079+0000] {local_task_job_runner.py:234} INFO - Task exited with return code 0
[2025-02-27T10:44:42.298+0000] {taskinstance.py:1956} INFO - Dependencies all met for dep_context=non-requeueable deps ti=<TaskInstance: 3_4_2_homework_assignment.transform_data_task scheduled__2024-01-02T00:00:00+00:00 [queued]>
[2025-02-27T10:44:42.303+0000] {taskinstance.py:1956} INFO - Dependencies all met for dep_context=requeueable deps ti=<TaskInstance: 3_4_2_homework_assignment.transform_data_task scheduled__2024-01-02T00:00:00+00:00 [queued]>
[2025-02-27T10:44:42.304+0000] {taskinstance.py:2170} INFO - Starting attempt 1 of 1
[2025-02-27T10:44:42.317+0000] {taskinstance.py:2191} INFO - Executing <Task(PythonOperator): transform_data_task> on 2024-01-02 00:00:00+00:00
[2025-02-27T10:44:42.321+0000] {standard_task_runner.py:60} INFO - Started process 6932 to run task
[2025-02-27T10:44:42.323+0000] {standard_task_runner.py:87} INFO - Running: ['airflow', 'tasks', 'run', '3_4_2_homework_assignment', 'transform_data_task', 'scheduled__2024-01-02T00:00:00+00:00', '--job-id', '6', '--raw', '--subdir', 'DAGS_FOLDER/3_4_2_homework_assignment.py', '--cfg-path', '/tmp/tmp294kxwz0']
[2025-02-27T10:44:42.325+0000] {standard_task_runner.py:88} INFO - Job 6: Subtask transform_data_task
[2025-02-27T10:44:42.351+0000] {task_command.py:423} INFO - Running <TaskInstance: 3_4_2_homework_assignment.transform_data_task scheduled__2024-01-02T00:00:00+00:00 [running]> on host ea5964584459
[2025-02-27T10:44:42.400+0000] {taskinstance.py:2480} INFO - Exporting env vars: AIRFLOW_CTX_DAG_OWNER='airflow' AIRFLOW_CTX_DAG_ID='3_4_2_homework_assignment' AIRFLOW_CTX_TASK_ID='transform_data_task' AIRFLOW_CTX_EXECUTION_DATE='2024-01-02T00:00:00+00:00' AIRFLOW_CTX_TRY_NUMBER='1' AIRFLOW_CTX_DAG_RUN_ID='scheduled__2024-01-02T00:00:00+00:00'
[2025-02-27T10:44:42.401+0000] {3_4_2_homework_assignment.py:84} INFO - USD,AED,3.672796,2024-01-02

[2025-02-27T10:44:42.402+0000] {3_4_2_homework_assignment.py:84} INFO - USD,AFN,69.999838,2024-01-02

[2025-02-27T10:44:42.402+0000] {3_4_2_homework_assignment.py:84} INFO - USD,ALL,94.18978,2024-01-02

[2025-02-27T10:44:42.402+0000] {3_4_2_homework_assignment.py:84} INFO - USD,AMD,404.880451,2024-01-02

[2025-02-27T10:44:42.402+0000] {3_4_2_homework_assignment.py:84} INFO - USD,ANG,1.802754,2024-01-02

[2025-02-27T10:44:42.403+0000] {3_4_2_homework_assignment.py:84} INFO - USD,AOA,832.497707,2024-01-02

[2025-02-27T10:44:42.403+0000] {3_4_2_homework_assignment.py:84} INFO - USD,ARS,810.561155,2024-01-02

[2025-02-27T10:44:42.403+0000] {3_4_2_homework_assignment.py:84} INFO - USD,AUD,1.478066,2024-01-02

[2025-02-27T10:44:42.403+0000] {3_4_2_homework_assignment.py:84} INFO - USD,AWG,1.8025,2024-01-02

[2025-02-27T10:44:42.403+0000] {3_4_2_homework_assignment.py:84} INFO - USD,AZN,1.696139,2024-01-02

[2025-02-27T10:44:42.404+0000] {3_4_2_homework_assignment.py:84} INFO - USD,BAM,1.783545,2024-01-02

[2025-02-27T10:44:42.404+0000] {3_4_2_homework_assignment.py:84} INFO - USD,BBD,2.019734,2024-01-02

[2025-02-27T10:44:42.404+0000] {3_4_2_homework_assignment.py:84} INFO - USD,BDT,109.786792,2024-01-02

[2025-02-27T10:44:42.404+0000] {3_4_2_homework_assignment.py:84} INFO - USD,BGN,1.787597,2024-01-02

[2025-02-27T10:44:42.404+0000] {3_4_2_homework_assignment.py:84} INFO - USD,BHD,0.376845,2024-01-02

[2025-02-27T10:44:42.405+0000] {3_4_2_homework_assignment.py:84} INFO - USD,BIF,2855.0,2024-01-02

[2025-02-27T10:44:42.405+0000] {3_4_2_homework_assignment.py:84} INFO - USD,BMD,1.0,2024-01-02

[2025-02-27T10:44:42.405+0000] {3_4_2_homework_assignment.py:84} INFO - USD,BND,1.325497,2024-01-02

[2025-02-27T10:44:42.405+0000] {3_4_2_homework_assignment.py:84} INFO - USD,BOB,6.912148,2024-01-02

[2025-02-27T10:44:42.405+0000] {3_4_2_homework_assignment.py:84} INFO - USD,BRL,4.923979,2024-01-02

[2025-02-27T10:44:42.406+0000] {3_4_2_homework_assignment.py:84} INFO - USD,BSD,1.000292,2024-01-02

[2025-02-27T10:44:42.406+0000] {3_4_2_homework_assignment.py:84} INFO - USD,BTC,2.2239327e-05,2024-01-02

[2025-02-27T10:44:42.406+0000] {3_4_2_homework_assignment.py:84} INFO - USD,BTN,84.025935,2024-01-02

[2025-02-27T10:44:42.406+0000] {3_4_2_homework_assignment.py:84} INFO - USD,BWP,13.364278,2024-01-02

[2025-02-27T10:44:42.406+0000] {3_4_2_homework_assignment.py:84} INFO - USD,BYN,3.303209,2024-01-02

[2025-02-27T10:44:42.407+0000] {3_4_2_homework_assignment.py:84} INFO - USD,BYR,19600.0,2024-01-02

[2025-02-27T10:44:42.407+0000] {3_4_2_homework_assignment.py:84} INFO - USD,BZD,2.016378,2024-01-02

[2025-02-27T10:44:42.407+0000] {3_4_2_homework_assignment.py:84} INFO - USD,CAD,1.332265,2024-01-02

[2025-02-27T10:44:42.407+0000] {3_4_2_homework_assignment.py:84} INFO - USD,CDF,2680.000256,2024-01-02

[2025-02-27T10:44:42.407+0000] {3_4_2_homework_assignment.py:84} INFO - USD,CHF,0.850195,2024-01-02

[2025-02-27T10:44:42.408+0000] {3_4_2_homework_assignment.py:84} INFO - USD,CLF,0.032049,2024-01-02

[2025-02-27T10:44:42.408+0000] {3_4_2_homework_assignment.py:84} INFO - USD,CLP,884.320491,2024-01-02

[2025-02-27T10:44:42.408+0000] {3_4_2_homework_assignment.py:84} INFO - USD,CNY,7.099602,2024-01-02

[2025-02-27T10:44:42.408+0000] {3_4_2_homework_assignment.py:84} INFO - USD,COP,3889.23,2024-01-02

[2025-02-27T10:44:42.408+0000] {3_4_2_homework_assignment.py:84} INFO - USD,CRC,519.788437,2024-01-02

[2025-02-27T10:44:42.408+0000] {3_4_2_homework_assignment.py:84} INFO - USD,CUC,1.0,2024-01-02

[2025-02-27T10:44:42.409+0000] {3_4_2_homework_assignment.py:84} INFO - USD,CUP,26.5,2024-01-02

[2025-02-27T10:44:42.409+0000] {3_4_2_homework_assignment.py:84} INFO - USD,CVE,100.149596,2024-01-02

[2025-02-27T10:44:42.409+0000] {3_4_2_homework_assignment.py:84} INFO - USD,CZK,22.543297,2024-01-02

[2025-02-27T10:44:42.409+0000] {3_4_2_homework_assignment.py:84} INFO - USD,DJF,177.719565,2024-01-02

[2025-02-27T10:44:42.410+0000] {3_4_2_homework_assignment.py:84} INFO - USD,DKK,6.81438,2024-01-02

[2025-02-27T10:44:42.410+0000] {3_4_2_homework_assignment.py:84} INFO - USD,DOP,57.919916,2024-01-02

[2025-02-27T10:44:42.410+0000] {3_4_2_homework_assignment.py:84} INFO - USD,DZD,134.679875,2024-01-02

[2025-02-27T10:44:42.410+0000] {3_4_2_homework_assignment.py:84} INFO - USD,EGP,30.925201,2024-01-02

[2025-02-27T10:44:42.410+0000] {3_4_2_homework_assignment.py:84} INFO - USD,ERN,15.0,2024-01-02

[2025-02-27T10:44:42.411+0000] {3_4_2_homework_assignment.py:84} INFO - USD,ETB,56.195264,2024-01-02

[2025-02-27T10:44:42.411+0000] {3_4_2_homework_assignment.py:84} INFO - USD,EUR,0.91396,2024-01-02

[2025-02-27T10:44:42.411+0000] {3_4_2_homework_assignment.py:84} INFO - USD,FJD,2.228702,2024-01-02

[2025-02-27T10:44:42.411+0000] {3_4_2_homework_assignment.py:84} INFO - USD,FKP,0.786705,2024-01-02

[2025-02-27T10:44:42.411+0000] {3_4_2_homework_assignment.py:84} INFO - USD,GBP,0.79224,2024-01-02

[2025-02-27T10:44:42.412+0000] {3_4_2_homework_assignment.py:84} INFO - USD,GEL,2.680173,2024-01-02

[2025-02-27T10:44:42.412+0000] {3_4_2_homework_assignment.py:84} INFO - USD,GGP,0.786705,2024-01-02

[2025-02-27T10:44:42.412+0000] {3_4_2_homework_assignment.py:84} INFO - USD,GHS,11.949598,2024-01-02

[2025-02-27T10:44:42.412+0000] {3_4_2_homework_assignment.py:84} INFO - USD,GIP,0.786705,2024-01-02

[2025-02-27T10:44:42.412+0000] {3_4_2_homework_assignment.py:84} INFO - USD,GMD,67.225002,2024-01-02

[2025-02-27T10:44:42.412+0000] {3_4_2_homework_assignment.py:84} INFO - USD,GNF,8600.000003,2024-01-02

[2025-02-27T10:44:42.413+0000] {3_4_2_homework_assignment.py:84} INFO - USD,GTQ,7.825096,2024-01-02

[2025-02-27T10:44:42.413+0000] {3_4_2_homework_assignment.py:84} INFO - USD,GYD,209.270303,2024-01-02

[2025-02-27T10:44:42.413+0000] {3_4_2_homework_assignment.py:84} INFO - USD,HKD,7.81532,2024-01-02

[2025-02-27T10:44:42.413+0000] {3_4_2_homework_assignment.py:84} INFO - USD,HNL,24.749457,2024-01-02

[2025-02-27T10:44:42.413+0000] {3_4_2_homework_assignment.py:84} INFO - USD,HRK,6.98177,2024-01-02

[2025-02-27T10:44:42.414+0000] {3_4_2_homework_assignment.py:84} INFO - USD,HTG,131.911323,2024-01-02

[2025-02-27T10:44:42.414+0000] {3_4_2_homework_assignment.py:84} INFO - USD,HUF,348.829813,2024-01-02

[2025-02-27T10:44:42.414+0000] {3_4_2_homework_assignment.py:84} INFO - USD,IDR,15505.0,2024-01-02

[2025-02-27T10:44:42.414+0000] {3_4_2_homework_assignment.py:84} INFO - USD,ILS,3.639696,2024-01-02

[2025-02-27T10:44:42.414+0000] {3_4_2_homework_assignment.py:84} INFO - USD,IMP,0.786705,2024-01-02

[2025-02-27T10:44:42.415+0000] {3_4_2_homework_assignment.py:84} INFO - USD,INR,83.25725,2024-01-02

[2025-02-27T10:44:42.415+0000] {3_4_2_homework_assignment.py:84} INFO - USD,IQD,1310.0,2024-01-02

[2025-02-27T10:44:42.415+0000] {3_4_2_homework_assignment.py:84} INFO - USD,IRR,42047.496316,2024-01-02

[2025-02-27T10:44:42.415+0000] {3_4_2_homework_assignment.py:84} INFO - USD,ISK,137.709983,2024-01-02

[2025-02-27T10:44:42.415+0000] {3_4_2_homework_assignment.py:84} INFO - USD,JEP,0.786705,2024-01-02

[2025-02-27T10:44:42.415+0000] {3_4_2_homework_assignment.py:84} INFO - USD,JMD,154.316147,2024-01-02

[2025-02-27T10:44:42.416+0000] {3_4_2_homework_assignment.py:84} INFO - USD,JOD,0.709602,2024-01-02

[2025-02-27T10:44:42.416+0000] {3_4_2_homework_assignment.py:84} INFO - USD,JPY,142.156502,2024-01-02

[2025-02-27T10:44:42.416+0000] {3_4_2_homework_assignment.py:84} INFO - USD,KES,157.349704,2024-01-02

[2025-02-27T10:44:42.416+0000] {3_4_2_homework_assignment.py:84} INFO - USD,KGS,89.085304,2024-01-02

[2025-02-27T10:44:42.417+0000] {3_4_2_homework_assignment.py:84} INFO - USD,KHR,4090.000036,2024-01-02

[2025-02-27T10:44:42.417+0000] {3_4_2_homework_assignment.py:84} INFO - USD,KMF,450.513757,2024-01-02

[2025-02-27T10:44:42.417+0000] {3_4_2_homework_assignment.py:84} INFO - USD,KPW,900.008743,2024-01-02

[2025-02-27T10:44:42.417+0000] {3_4_2_homework_assignment.py:84} INFO - USD,KRW,1308.849868,2024-01-02

[2025-02-27T10:44:42.417+0000] {3_4_2_homework_assignment.py:84} INFO - USD,KWD,0.30748,2024-01-02

[2025-02-27T10:44:42.418+0000] {3_4_2_homework_assignment.py:84} INFO - USD,KYD,0.833615,2024-01-02

[2025-02-27T10:44:42.418+0000] {3_4_2_homework_assignment.py:84} INFO - USD,KZT,455.620708,2024-01-02

[2025-02-27T10:44:42.418+0000] {3_4_2_homework_assignment.py:84} INFO - USD,LAK,20562.465494,2024-01-02

[2025-02-27T10:44:42.418+0000] {3_4_2_homework_assignment.py:84} INFO - USD,LBP,15062.499188,2024-01-02

[2025-02-27T10:44:42.418+0000] {3_4_2_homework_assignment.py:84} INFO - USD,LKR,322.110562,2024-01-02

[2025-02-27T10:44:42.418+0000] {3_4_2_homework_assignment.py:84} INFO - USD,LRD,188.494157,2024-01-02

[2025-02-27T10:44:42.419+0000] {3_4_2_homework_assignment.py:84} INFO - USD,LSL,18.570097,2024-01-02

[2025-02-27T10:44:42.419+0000] {3_4_2_homework_assignment.py:84} INFO - USD,LTL,2.95274,2024-01-02

[2025-02-27T10:44:42.419+0000] {3_4_2_homework_assignment.py:84} INFO - USD,LVL,0.60489,2024-01-02

[2025-02-27T10:44:42.419+0000] {3_4_2_homework_assignment.py:84} INFO - USD,LYD,4.775014,2024-01-02

[2025-02-27T10:44:42.419+0000] {3_4_2_homework_assignment.py:84} INFO - USD,MAD,9.929013,2024-01-02

[2025-02-27T10:44:42.420+0000] {3_4_2_homework_assignment.py:84} INFO - USD,MDL,17.464573,2024-01-02

[2025-02-27T10:44:42.420+0000] {3_4_2_homework_assignment.py:84} INFO - USD,MGA,4589.99995,2024-01-02

[2025-02-27T10:44:42.420+0000] {3_4_2_homework_assignment.py:84} INFO - USD,MKD,56.219156,2024-01-02

[2025-02-27T10:44:42.420+0000] {3_4_2_homework_assignment.py:84} INFO - USD,MMK,2100.602778,2024-01-02

[2025-02-27T10:44:42.420+0000] {3_4_2_homework_assignment.py:84} INFO - USD,MNT,3439.712623,2024-01-02

[2025-02-27T10:44:42.421+0000] {3_4_2_homework_assignment.py:84} INFO - USD,MOP,8.050829,2024-01-02

[2025-02-27T10:44:42.421+0000] {3_4_2_homework_assignment.py:84} INFO - USD,MRU,39.649989,2024-01-02

[2025-02-27T10:44:42.421+0000] {3_4_2_homework_assignment.py:84} INFO - USD,MUR,44.020085,2024-01-02

[2025-02-27T10:44:42.421+0000] {3_4_2_homework_assignment.py:84} INFO - USD,MVR,15.394981,2024-01-02

[2025-02-27T10:44:42.421+0000] {3_4_2_homework_assignment.py:84} INFO - USD,MWK,1682.000329,2024-01-02

[2025-02-27T10:44:42.422+0000] {3_4_2_homework_assignment.py:84} INFO - USD,MXN,17.034397,2024-01-02

[2025-02-27T10:44:42.422+0000] {3_4_2_homework_assignment.py:84} INFO - USD,MYR,4.603498,2024-01-02

[2025-02-27T10:44:42.422+0000] {3_4_2_homework_assignment.py:84} INFO - USD,MZN,63.24995,2024-01-02

[2025-02-27T10:44:42.422+0000] {3_4_2_homework_assignment.py:84} INFO - USD,NAD,18.569884,2024-01-02

[2025-02-27T10:44:42.422+0000] {3_4_2_homework_assignment.py:84} INFO - USD,NGN,884.818945,2024-01-02

[2025-02-27T10:44:42.422+0000] {3_4_2_homework_assignment.py:84} INFO - USD,NIO,36.720003,2024-01-02

[2025-02-27T10:44:42.423+0000] {3_4_2_homework_assignment.py:84} INFO - USD,NOK,10.349175,2024-01-02

[2025-02-27T10:44:42.423+0000] {3_4_2_homework_assignment.py:84} INFO - USD,NPR,134.441314,2024-01-02

[2025-02-27T10:44:42.423+0000] {3_4_2_homework_assignment.py:84} INFO - USD,NZD,1.60014,2024-01-02

[2025-02-27T10:44:42.423+0000] {3_4_2_homework_assignment.py:84} INFO - USD,OMR,0.384895,2024-01-02

[2025-02-27T10:44:42.423+0000] {3_4_2_homework_assignment.py:84} INFO - USD,PAB,1.000301,2024-01-02

[2025-02-27T10:44:42.424+0000] {3_4_2_homework_assignment.py:84} INFO - USD,PEN,3.713497,2024-01-02

[2025-02-27T10:44:42.424+0000] {3_4_2_homework_assignment.py:84} INFO - USD,PGK,3.70803,2024-01-02

[2025-02-27T10:44:42.424+0000] {3_4_2_homework_assignment.py:84} INFO - USD,PHP,55.580372,2024-01-02

[2025-02-27T10:44:42.424+0000] {3_4_2_homework_assignment.py:84} INFO - USD,PKR,281.950354,2024-01-02

[2025-02-27T10:44:42.424+0000] {3_4_2_homework_assignment.py:84} INFO - USD,PLN,3.991717,2024-01-02

[2025-02-27T10:44:42.425+0000] {3_4_2_homework_assignment.py:84} INFO - USD,PYG,7287.202028,2024-01-02

[2025-02-27T10:44:42.425+0000] {3_4_2_homework_assignment.py:84} INFO - USD,QAR,3.640497,2024-01-02

[2025-02-27T10:44:42.425+0000] {3_4_2_homework_assignment.py:84} INFO - USD,RON,4.542902,2024-01-02

[2025-02-27T10:44:42.425+0000] {3_4_2_homework_assignment.py:84} INFO - USD,RSD,107.091975,2024-01-02

[2025-02-27T10:44:42.425+0000] {3_4_2_homework_assignment.py:84} INFO - USD,RUB,90.430359,2024-01-02

[2025-02-27T10:44:42.426+0000] {3_4_2_homework_assignment.py:84} INFO - USD,RWF,1260.86,2024-01-02

[2025-02-27T10:44:42.426+0000] {3_4_2_homework_assignment.py:84} INFO - USD,SAR,3.750007,2024-01-02

[2025-02-27T10:44:42.426+0000] {3_4_2_homework_assignment.py:84} INFO - USD,SBD,8.404697,2024-01-02

[2025-02-27T10:44:42.426+0000] {3_4_2_homework_assignment.py:84} INFO - USD,SCR,14.197264,2024-01-02

[2025-02-27T10:44:42.426+0000] {3_4_2_homework_assignment.py:84} INFO - USD,SDG,601.000196,2024-01-02

[2025-02-27T10:44:42.427+0000] {3_4_2_homework_assignment.py:84} INFO - USD,SEK,10.20999,2024-01-02

[2025-02-27T10:44:42.427+0000] {3_4_2_homework_assignment.py:84} INFO - USD,SGD,1.326405,2024-01-02

[2025-02-27T10:44:42.427+0000] {3_4_2_homework_assignment.py:84} INFO - USD,SHP,1.262304,2024-01-02

[2025-02-27T10:44:42.427+0000] {3_4_2_homework_assignment.py:84} INFO - USD,SLE,22.795066,2024-01-02

[2025-02-27T10:44:42.427+0000] {3_4_2_homework_assignment.py:84} INFO - USD,SLL,19749.999899,2024-01-02

[2025-02-27T10:44:42.428+0000] {3_4_2_homework_assignment.py:84} INFO - USD,SOS,570.999787,2024-01-02

[2025-02-27T10:44:42.428+0000] {3_4_2_homework_assignment.py:84} INFO - USD,SRD,36.745499,2024-01-02

[2025-02-27T10:44:42.428+0000] {3_4_2_homework_assignment.py:84} INFO - USD,STD,20697.981008,2024-01-02

[2025-02-27T10:44:42.428+0000] {3_4_2_homework_assignment.py:84} INFO - USD,SYP,13001.797058,2024-01-02

[2025-02-27T10:44:42.428+0000] {3_4_2_homework_assignment.py:84} INFO - USD,SZL,18.570217,2024-01-02

[2025-02-27T10:44:42.429+0000] {3_4_2_homework_assignment.py:84} INFO - USD,THB,34.263001,2024-01-02

[2025-02-27T10:44:42.429+0000] {3_4_2_homework_assignment.py:84} INFO - USD,TJS,10.948303,2024-01-02

[2025-02-27T10:44:42.429+0000] {3_4_2_homework_assignment.py:84} INFO - USD,TMT,3.51,2024-01-02

[2025-02-27T10:44:42.429+0000] {3_4_2_homework_assignment.py:84} INFO - USD,TND,3.093498,2024-01-02

[2025-02-27T10:44:42.429+0000] {3_4_2_homework_assignment.py:84} INFO - USD,TOP,2.33115,2024-01-02

[2025-02-27T10:44:42.430+0000] {3_4_2_homework_assignment.py:84} INFO - USD,TRY,29.753575,2024-01-02

[2025-02-27T10:44:42.430+0000] {3_4_2_homework_assignment.py:84} INFO - USD,TTD,6.789167,2024-01-02

[2025-02-27T10:44:42.430+0000] {3_4_2_homework_assignment.py:84} INFO - USD,TWD,30.894018,2024-01-02

[2025-02-27T10:44:42.430+0000] {3_4_2_homework_assignment.py:84} INFO - USD,TZS,2514.999877,2024-01-02

[2025-02-27T10:44:42.430+0000] {3_4_2_homework_assignment.py:84} INFO - USD,UAH,38.150158,2024-01-02

[2025-02-27T10:44:42.431+0000] {3_4_2_homework_assignment.py:84} INFO - USD,UGX,3789.053238,2024-01-02

[2025-02-27T10:44:42.431+0000] {3_4_2_homework_assignment.py:84} INFO - USD,UYU,39.075858,2024-01-02

[2025-02-27T10:44:42.431+0000] {3_4_2_homework_assignment.py:84} INFO - USD,UZS,12349.999723,2024-01-02

[2025-02-27T10:44:42.431+0000] {3_4_2_homework_assignment.py:84} INFO - USD,VEF,3587972.932726,2024-01-02

[2025-02-27T10:44:42.431+0000] {3_4_2_homework_assignment.py:84} INFO - USD,VES,35.822194,2024-01-02

[2025-02-27T10:44:42.431+0000] {3_4_2_homework_assignment.py:84} INFO - USD,VND,24335.0,2024-01-02

[2025-02-27T10:44:42.432+0000] {3_4_2_homework_assignment.py:84} INFO - USD,VUV,117.373873,2024-01-02

[2025-02-27T10:44:42.432+0000] {3_4_2_homework_assignment.py:84} INFO - USD,WST,2.698297,2024-01-02

[2025-02-27T10:44:42.432+0000] {3_4_2_homework_assignment.py:84} INFO - USD,XAF,598.184355,2024-01-02

[2025-02-27T10:44:42.432+0000] {3_4_2_homework_assignment.py:84} INFO - USD,XAG,0.042301,2024-01-02

[2025-02-27T10:44:42.432+0000] {3_4_2_homework_assignment.py:84} INFO - USD,XAU,0.000486,2024-01-02

[2025-02-27T10:44:42.433+0000] {3_4_2_homework_assignment.py:84} INFO - USD,XCD,2.70255,2024-01-02

[2025-02-27T10:44:42.433+0000] {3_4_2_homework_assignment.py:84} INFO - USD,XDR,0.745598,2024-01-02

[2025-02-27T10:44:42.433+0000] {3_4_2_homework_assignment.py:84} INFO - USD,XOF,594.504833,2024-01-02

[2025-02-27T10:44:42.433+0000] {3_4_2_homework_assignment.py:84} INFO - USD,XPF,109.374992,2024-01-02

[2025-02-27T10:44:42.433+0000] {3_4_2_homework_assignment.py:84} INFO - USD,YER,250.250298,2024-01-02

[2025-02-27T10:44:42.434+0000] {3_4_2_homework_assignment.py:84} INFO - USD,ZAR,18.56645,2024-01-02

[2025-02-27T10:44:42.434+0000] {3_4_2_homework_assignment.py:84} INFO - USD,ZMK,9001.202091,2024-01-02

[2025-02-27T10:44:42.434+0000] {3_4_2_homework_assignment.py:84} INFO - USD,ZMW,25.731794,2024-01-02

[2025-02-27T10:44:42.434+0000] {3_4_2_homework_assignment.py:84} INFO - USD,ZWL,321.999592,2024-01-02

[2025-02-27T10:44:42.434+0000] {python.py:201} INFO - Done. Returned value was: None
[2025-02-27T10:44:42.438+0000] {taskinstance.py:1138} INFO - Marking task as SUCCESS. dag_id=3_4_2_homework_assignment, task_id=transform_data_task, execution_date=20240102T000000, start_date=20250227T104442, end_date=20250227T104442
[2025-02-27T10:44:42.457+0000] {local_task_job_runner.py:234} INFO - Task exited with return code 0
